
Showing logs for build [32mentando-k8s-entando-de-app-pr-2-skgvv-1[0m stage [32mfrom-build-pack[0m and container [32mcredential-initializer[0m
Unable to retrieve container logs for docker://f7d0f8ec29d50d65807dd730df27ca5d1492a7f83852cf5d9a57b4deacbcfc6f

Showing logs for build [32mentando-k8s-entando-de-app-pr-2-skgvv-1[0m stage [32mfrom-build-pack[0m and container [32mworking-dir-initializer[0m
Unable to retrieve container logs for docker://c362591d23580b7b5504a957db14fd53cc7ea2305fe8b316828b4001aae10324

Showing logs for build [32mentando-k8s-entando-de-app-pr-2-skgvv-1[0m stage [32mfrom-build-pack[0m and container [32mplace-tools[0m
Unable to retrieve container logs for docker://2f312230d718933243be6c273a33f77f738d7d79c0c4cb055271dd33eb5ef725

Showing logs for build [32mentando-k8s-entando-de-app-pr-2-skgvv-1[0m stage [32mfrom-build-pack[0m and container [32mstep-git-source-entando-k8s-entando-de-app-pr-2-skgvv-m9dsv[0m
Unable to retrieve container logs for docker://3ae397f74b332139dee022fc809f2f673d6a2e6ff3eb145c1c902b04495ba517

Showing logs for build [32mentando-k8s-entando-de-app-pr-2-skgvv-1[0m stage [32mfrom-build-pack[0m and container [32mstep-setup-builder-home[0m
Unable to retrieve container logs for docker://0928deef9add500324eaa3c826d82c79a15b24f2222afc3a101f0d26d8dce82f

Showing logs for build [32mentando-k8s-entando-de-app-pr-2-skgvv-1[0m stage [32mfrom-build-pack[0m and container [32mstep-git-merge[0m
Unable to retrieve container logs for docker://a9017cc68fde6a0ecc2dc9a215bc9258949ce956b24273135b65bf2175398169

Showing logs for build [32mentando-k8s-entando-de-app-pr-2-skgvv-1[0m stage [32mfrom-build-pack[0m and container [32mstep-build-set-version[0m
Unable to retrieve container logs for docker://e8a0fcabaa7c2c1bb11a9d4a62560a5c2f03bb173416950cf24da51dd090e574

Showing logs for build [32mentando-k8s-entando-de-app-pr-2-skgvv-1[0m stage [32mfrom-build-pack[0m and container [32mstep-build-mvn-verify[0m
Unable to retrieve container logs for docker://f672e118e667f7159187c83c859b613856043387158a6b62a5c6db4a29ef755c

Showing logs for build [32mentando-k8s-entando-de-app-pr-2-skgvv-1[0m stage [32mfrom-build-pack[0m and container [32mstep-build-container-build[0m
Unable to retrieve container logs for docker://5f773147621a4747617626d6b684c909413d3eb34997853aa44b68a6961c977d

Showing logs for build [32mentando-k8s-entando-de-app-pr-2-skgvv-1[0m stage [32mfrom-build-pack[0m and container [32mstep-postbuild-post-build[0m
Unable to retrieve container logs for docker://34567cecc1687e1bbafaf041f5b8713bb334fd8c667ebf6d8f8aa62455f1f805
