
Showing logs for build [32mentando-entando-spring-boot-par-gz7wl-4[0m stage [32mfrom-build-pack[0m and container [32mcredential-initializer[0m
{"level":"info","ts":1627899377.3473232,"caller":"creds-init/main.go:44","msg":"Credentials initialized."}

Showing logs for build [32mentando-entando-spring-boot-par-gz7wl-4[0m stage [32mfrom-build-pack[0m and container [32mworking-dir-initializer[0m

Showing logs for build [32mentando-entando-spring-boot-par-gz7wl-4[0m stage [32mfrom-build-pack[0m and container [32mplace-tools[0m

Showing logs for build [32mentando-entando-spring-boot-par-gz7wl-4[0m stage [32mfrom-build-pack[0m and container [32mstep-git-source-entando-entando-spring-boot-par-gz7wl-qnnqd[0m
{"level":"info","ts":1627899413.569772,"caller":"git/git.go:105","msg":"Successfully cloned https://github.com/entando/entando-spring-boot-parent.git @ v6.3.10 in path /workspace/source"}
{"level":"warn","ts":1627899413.5701728,"caller":"git/git.go:152","msg":"Unexpected error: creating symlink: symlink /tekton/home/.ssh /****/.ssh: file exists"}
{"level":"info","ts":1627899413.6494455,"caller":"git/git.go:133","msg":"Successfully initialized and updated submodules in path /workspace/source"}

Showing logs for build [32mentando-entando-spring-boot-par-gz7wl-4[0m stage [32mfrom-build-pack[0m and container [32mstep-setup-builder-home[0m

Showing logs for build [32mentando-entando-spring-boot-par-gz7wl-4[0m stage [32mfrom-build-pack[0m and container [32mstep-git-merge[0m
Using SHAs from PULL_REFS=master:8aab15502ed4ef9a03a51120235a11438d6611e5
WARNING: no SHAs to merge, falling back to initial cloned commit

Showing logs for build [32mentando-entando-spring-boot-par-gz7wl-4[0m stage [32mfrom-build-pack[0m and container [32mstep-setup-jx-git-credentials[0m
Generated Git credentials file /workspace/xdg_config/git/credentials

Showing logs for build [32mentando-entando-spring-boot-par-gz7wl-4[0m stage [32mfrom-build-pack[0m and container [32mstep-build-mvn-deploy[0m
Picked up _JAVA_OPTIONS: -XX:+UnlockExperimentalVMOptions -Dsun.zip.disableMemoryMapping=**** -XX:+UseParallelGC -XX:MinHeapFreeRatio=5 -XX:MaxHeapFreeRatio=10 -XX:GCTimeRatio=4 -XX:AdaptiveSizePolicyWeight=90 -Xms10m -Xmx192m
[INFO] Scanning for projects...
[INFO] 
[INFO] ---------------< org.entando:entando-spring-boot-parent >---------------
[INFO] Building Entando Spring Boot Parent 6.3.10
[INFO] --------------------------------[ pom ]---------------------------------
[INFO] 
[INFO] --- maven-clean-plugin:2.5:clean (default-clean) @ entando-spring-boot-parent ---
[INFO] 
[INFO] --- maven-surefire-report-plugin:3.0.0-M4:failsafe-report-only (integration-tests) @ entando-spring-boot-parent ---
[INFO] 
[INFO] --- maven-surefire-report-plugin:3.0.0-M4:report-only (unit-tests) @ entando-spring-boot-parent ---
[WARNING] Unable to locate Test Source XRef to link to - DISABLED
[INFO] 
[INFO] --- maven-install-plugin:2.4:install (default-install) @ entando-spring-boot-parent ---
[INFO] Installing /workspace/source/pom.xml to /home/jenkins/.mvnrepository/org/entando/entando-spring-boot-parent/6.3.10/entando-spring-boot-parent-6.3.10.pom
[INFO] 
[INFO] --- maven-deploy-plugin:2.8.2:deploy (default-deploy) @ entando-spring-boot-parent ---
[INFO] Using alternate deployment repository local-nexus::default::http://nexus/repository/maven-releases/
[INFO] ------------------------------------------------------------------------
[INFO] BUILD SUCCESS
[INFO] ------------------------------------------------------------------------
[INFO] Total time:  14.635 s
[INFO] Finished at: 2021-08-02T10:17:15Z
[INFO] ------------------------------------------------------------------------

Showing logs for build [32mentando-entando-spring-boot-par-gz7wl-4[0m stage [32mfrom-build-pack[0m and container [32mstep-promote-changelog[0m
Converted /workspace/source to an unshallow repository
Generating change log from git ref 11823ea0930fcc2edd7c1be93f4eb1bbe220a8e9 => dcd8a95959318fc410831a9a53297be7d697853c
Associating user ampie-0 in users.jenkins.io with email ampie.private@gmail.com to git GitProvider user with login ampie-barnard-1 as emails match
Adding label jenkins.io/git-github-userid=ampie-barnard-1 to user ampie-0 in users.jenkins.io
Associating user ampie-0 in users.jenkins.io with email ampie.private@gmail.com to git GitProvider user with login ampie-barnard-1 as emails match
Adding label jenkins.io/git-github-userid=ampie-barnard-1 to user ampie-0 in users.jenkins.io
Finding issues in commit messages using git format
WARNING: No release found for entando/entando-spring-boot-parent and tag v6.3.10 so creating a new release
Updated the release information at https://github.com/entando/entando-spring-boot-parent/releases/tag/v6.3.10
generated: /workspace/source/templates/release.yaml
Created Release entando-spring-boot-parent-6-3-10 resource in namespace **
Updating PipelineActivity entando-entando-spring-boot-parent-master-4 with version 6.3.10
Updated PipelineActivities entando-entando-spring-boot-parent-master-4 with release notes URL: https://github.com/entando/entando-spring-boot-parent/releases/tag/v6.3.10
