
Showing logs for build [32mentando-entando-spring-boot-par-7cjh7-5[0m stage [32mfrom-build-pack[0m and container [32mcredential-initializer[0m
{"level":"info","ts":1628003652.8749034,"caller":"creds-init/main.go:44","msg":"Credentials initialized."}

Showing logs for build [32mentando-entando-spring-boot-par-7cjh7-5[0m stage [32mfrom-build-pack[0m and container [32mworking-dir-initializer[0m

Showing logs for build [32mentando-entando-spring-boot-par-7cjh7-5[0m stage [32mfrom-build-pack[0m and container [32mplace-tools[0m

Showing logs for build [32mentando-entando-spring-boot-par-7cjh7-5[0m stage [32mfrom-build-pack[0m and container [32mstep-git-source-entando-entando-spring-boot-par-7cjh7-zd48h[0m
{"level":"info","ts":1628003746.9488766,"caller":"git/git.go:105","msg":"Successfully cloned https://github.com/entando/entando-spring-boot-parent.git @ v6.3.11 in path /workspace/source"}
{"level":"warn","ts":1628003746.9492664,"caller":"git/git.go:152","msg":"Unexpected error: creating symlink: symlink /tekton/home/.ssh /****/.ssh: file exists"}
{"level":"info","ts":1628003747.0320272,"caller":"git/git.go:133","msg":"Successfully initialized and updated submodules in path /workspace/source"}

Showing logs for build [32mentando-entando-spring-boot-par-7cjh7-5[0m stage [32mfrom-build-pack[0m and container [32mstep-setup-builder-home[0m

Showing logs for build [32mentando-entando-spring-boot-par-7cjh7-5[0m stage [32mfrom-build-pack[0m and container [32mstep-git-merge[0m
Using SHAs from PULL_REFS=master:f0bf440cfbe170930ab7310efbdb7def3bd9f9e4
WARNING: no SHAs to merge, falling back to initial cloned commit

Showing logs for build [32mentando-entando-spring-boot-par-7cjh7-5[0m stage [32mfrom-build-pack[0m and container [32mstep-setup-jx-git-credentials[0m
Generated Git credentials file /workspace/xdg_config/git/credentials

Showing logs for build [32mentando-entando-spring-boot-par-7cjh7-5[0m stage [32mfrom-build-pack[0m and container [32mstep-build-mvn-deploy[0m
Picked up _JAVA_OPTIONS: -XX:+UnlockExperimentalVMOptions -Dsun.zip.disableMemoryMapping=**** -XX:+UseParallelGC -XX:MinHeapFreeRatio=5 -XX:MaxHeapFreeRatio=10 -XX:GCTimeRatio=4 -XX:AdaptiveSizePolicyWeight=90 -Xms10m -Xmx192m
[INFO] Scanning for projects...
[INFO] 
[INFO] ---------------< org.entando:entando-spring-boot-parent >---------------
[INFO] Building Entando Spring Boot Parent 6.3.11
[INFO] --------------------------------[ pom ]---------------------------------
[INFO] 
[INFO] --- maven-clean-plugin:2.5:clean (default-clean) @ entando-spring-boot-parent ---
[INFO] 
[INFO] --- maven-surefire-report-plugin:3.0.0-M4:failsafe-report-only (integration-tests) @ entando-spring-boot-parent ---
[INFO] 
[INFO] --- maven-surefire-report-plugin:3.0.0-M4:report-only (unit-tests) @ entando-spring-boot-parent ---
[WARNING] Unable to locate Test Source XRef to link to - DISABLED
[INFO] 
[INFO] --- maven-install-plugin:2.4:install (default-install) @ entando-spring-boot-parent ---
[INFO] Installing /workspace/source/pom.xml to /home/jenkins/.mvnrepository/org/entando/entando-spring-boot-parent/6.3.11/entando-spring-boot-parent-6.3.11.pom
[INFO] 
[INFO] --- maven-deploy-plugin:2.8.2:deploy (default-deploy) @ entando-spring-boot-parent ---
[INFO] Using alternate deployment repository local-nexus::default::http://nexus/repository/maven-releases/
[INFO] ------------------------------------------------------------------------
[INFO] BUILD SUCCESS
[INFO] ------------------------------------------------------------------------
[INFO] Total time:  15.419 s
[INFO] Finished at: 2021-08-03T15:16:09Z
[INFO] ------------------------------------------------------------------------

Showing logs for build [32mentando-entando-spring-boot-par-7cjh7-5[0m stage [32mfrom-build-pack[0m and container [32mstep-promote-changelog[0m
Converted /workspace/source to an unshallow repository
Generating change log from git ref dcd8a95959318fc410831a9a53297be7d697853c => cc68aa76973ea0414537f39052162b526f0396d8
Associating user firegloves in users.jenkins.io with email lucorset@gmail.com to git GitProvider user with login firegloves-1 as emails match
Adding label jenkins.io/git-github-userid=firegloves-1 to user firegloves in users.jenkins.io
Associating user firegloves in users.jenkins.io with email lucorset@gmail.com to git GitProvider user with login firegloves-1 as emails match
Adding label jenkins.io/git-github-userid=firegloves-1 to user firegloves in users.jenkins.io
Finding issues in commit messages using git format
WARNING: No release found for entando/entando-spring-boot-parent and tag v6.3.11 so creating a new release
Updated the release information at https://github.com/entando/entando-spring-boot-parent/releases/tag/v6.3.11
generated: /workspace/source/templates/release.yaml
Created Release entando-spring-boot-parent-6-3-11 resource in namespace **
Updating PipelineActivity entando-entando-spring-boot-parent-master-5 with version 6.3.11
Updated PipelineActivities entando-entando-spring-boot-parent-master-5 with release notes URL: https://github.com/entando/entando-spring-boot-parent/releases/tag/v6.3.11
