
Showing logs for build [32mentando-app-builder-master-rele-kk8bh-50[0m stage [32mfrom-build-pack[0m and container [32mcredential-initializer[0m
Unable to retrieve container logs for docker://0209c3c2b2213f370cf20edd34d279056b5efacb3a840f099507746a67faec7b

Showing logs for build [32mentando-app-builder-master-rele-kk8bh-50[0m stage [32mfrom-build-pack[0m and container [32mworking-dir-initializer[0m
Unable to retrieve container logs for docker://a5b45a30a9fc0e2dac7b1108112f5f11a53e601fd426d5654a6c602ecc5f3d69

Showing logs for build [32mentando-app-builder-master-rele-kk8bh-50[0m stage [32mfrom-build-pack[0m and container [32mplace-tools[0m
Unable to retrieve container logs for docker://ad06e62718aae732ecc8e5c633b891519fee13e54098d436b62f65ad52138c33

Showing logs for build [32mentando-app-builder-master-rele-kk8bh-50[0m stage [32mfrom-build-pack[0m and container [32mstep-git-source-entando-app-builder-master-rele-kk8bh-hmdq5[0m
Unable to retrieve container logs for docker://f157c08169cad26c604a5e69b0928b42c56db287d9930145bbf7410e4d883f0a

Showing logs for build [32mentando-app-builder-master-rele-kk8bh-50[0m stage [32mfrom-build-pack[0m and container [32mstep-setup-builder-home[0m
Unable to retrieve container logs for docker://e6d13d945313d00cfb9982262494793973701b0af5d0be50217d85d56f550e52

Showing logs for build [32mentando-app-builder-master-rele-kk8bh-50[0m stage [32mfrom-build-pack[0m and container [32mstep-git-merge[0m
Unable to retrieve container logs for docker://6a12ffb9601be04e1dac6db28e7545fa892ce9c57d657c4ba0a26f13283b6bcc

Showing logs for build [32mentando-app-builder-master-rele-kk8bh-50[0m stage [32mfrom-build-pack[0m and container [32mstep-setup-jx-git-credentials[0m
Unable to retrieve container logs for docker://fd99dd76da50e2150a74f6ecdea71a01cedf26cadb081108a0c04216a738e609

Showing logs for build [32mentando-app-builder-master-rele-kk8bh-50[0m stage [32mfrom-build-pack[0m and container [32mstep-build-npm-install[0m
Unable to retrieve container logs for docker://4ea8a0c83a7c972eb86585d78dd0e3789bebc000194861713b85758c6edfcb34

Showing logs for build [32mentando-app-builder-master-rele-kk8bh-50[0m stage [32mfrom-build-pack[0m and container [32mstep-build-npm-test[0m
Unable to retrieve container logs for docker://66c5208588893913d21a54c9fa91a81e6f553856543d4f2f40e93f285c5eac2f

Showing logs for build [32mentando-app-builder-master-rele-kk8bh-50[0m stage [32mfrom-build-pack[0m and container [32mstep-build-npm-build[0m
Unable to retrieve container logs for docker://3e84f531600ecf5c103df52c995bd90b6170329279297947869f7efe3286e520

Showing logs for build [32mentando-app-builder-master-rele-kk8bh-50[0m stage [32mfrom-build-pack[0m and container [32mstep-build-container-build[0m
Unable to retrieve container logs for docker://c6d7d1ecd4ef6e03ba53a4c74b0a9e407cfa48acf27ca051390883c7c0d7ca44

Showing logs for build [32mentando-app-builder-master-rele-kk8bh-50[0m stage [32mfrom-build-pack[0m and container [32mstep-build-post-build[0m
Unable to retrieve container logs for docker://173bf6ad4353b115fce94b4f4d56fd774412bbb59aefdf41aad2f2428c309076

Showing logs for build [32mentando-app-builder-master-rele-kk8bh-50[0m stage [32mfrom-build-pack[0m and container [32mstep-promote-update-image-map[0m
Unable to retrieve container logs for docker://4eb2b067b98f850a8e2c617545baec7aeee43daea70e45099b5e4314b091514d
