
Showing logs for build [32mentando-app-builder-master-rele-w2xlx-51[0m stage [32mfrom-build-pack[0m and container [32mcredential-initializer[0m
Unable to retrieve container logs for docker://d8b600b54d735c1b21b418d664230e48d4e8f3cab1f65703759835bac3fc730c

Showing logs for build [32mentando-app-builder-master-rele-w2xlx-51[0m stage [32mfrom-build-pack[0m and container [32mworking-dir-initializer[0m
Unable to retrieve container logs for docker://e8511b724226ef7225942a51610cb14387ae75e005191c14ef7714780c110a40

Showing logs for build [32mentando-app-builder-master-rele-w2xlx-51[0m stage [32mfrom-build-pack[0m and container [32mplace-tools[0m
Unable to retrieve container logs for docker://d92a470b5a075808a2389a1e511ecd43bd0748b7e121ad2d97e200f596648e35

Showing logs for build [32mentando-app-builder-master-rele-w2xlx-51[0m stage [32mfrom-build-pack[0m and container [32mstep-git-source-entando-app-builder-master-rele-w2xlx-rnljk[0m
Unable to retrieve container logs for docker://4558358b0540b05641d81b1a0e875f529ffa31da96c1715725d7947c00616767

Showing logs for build [32mentando-app-builder-master-rele-w2xlx-51[0m stage [32mfrom-build-pack[0m and container [32mstep-setup-builder-home[0m
Unable to retrieve container logs for docker://a24698ebe8a69c2c43b94d2c7d30807a7757b86237503f2ee32517ce15ad2451

Showing logs for build [32mentando-app-builder-master-rele-w2xlx-51[0m stage [32mfrom-build-pack[0m and container [32mstep-git-merge[0m
Unable to retrieve container logs for docker://7afbf891f53ed56b0351374701854faa6a204c4eb4fb7b6eb12b7ee41fcd78d3

Showing logs for build [32mentando-app-builder-master-rele-w2xlx-51[0m stage [32mfrom-build-pack[0m and container [32mstep-setup-jx-git-credentials[0m
Unable to retrieve container logs for docker://3f844ebf73708171545a0a841bb6975fc9ebe3c6fb3b3613736d7c3c2fc7df20

Showing logs for build [32mentando-app-builder-master-rele-w2xlx-51[0m stage [32mfrom-build-pack[0m and container [32mstep-build-npm-install[0m
Unable to retrieve container logs for docker://dfb09064808f512c37f312191fef284656de255247b9b36ef510797bb4679d5f

Showing logs for build [32mentando-app-builder-master-rele-w2xlx-51[0m stage [32mfrom-build-pack[0m and container [32mstep-build-npm-test[0m
Unable to retrieve container logs for docker://e2cf4083e4eeda5a003502358fde116a05bfa3a533793a5243ef4b497e61751b

Showing logs for build [32mentando-app-builder-master-rele-w2xlx-51[0m stage [32mfrom-build-pack[0m and container [32mstep-build-npm-build[0m
Unable to retrieve container logs for docker://9d2426227263717ee00e5a77960b436fc7ce67f05f9a264959e6e722fb600625

Showing logs for build [32mentando-app-builder-master-rele-w2xlx-51[0m stage [32mfrom-build-pack[0m and container [32mstep-build-container-build[0m
Unable to retrieve container logs for docker://4ee66246760005304bb9ad3b51a4e62374b68685047bb108b353c38871502c68

Showing logs for build [32mentando-app-builder-master-rele-w2xlx-51[0m stage [32mfrom-build-pack[0m and container [32mstep-build-post-build[0m
Unable to retrieve container logs for docker://1e7513a2a145ef1dce63939c9d95307db0fae71ffa25a578aff553a099905b48

Showing logs for build [32mentando-app-builder-master-rele-w2xlx-51[0m stage [32mfrom-build-pack[0m and container [32mstep-promote-update-image-map[0m
Unable to retrieve container logs for docker://60abe481c79be54959ebb70e04a2fb4e0b5db81a75427e544e54e95729850637
