
Showing logs for build [32mentando-app-builder-master-rele-kdfjt-52[0m stage [32mfrom-build-pack[0m and container [32mcredential-initializer[0m
Unable to retrieve container logs for docker://f5c5a90c041b2271c65579a28726a0731074f724d9301628aea5f7de3c21f21b

Showing logs for build [32mentando-app-builder-master-rele-kdfjt-52[0m stage [32mfrom-build-pack[0m and container [32mworking-dir-initializer[0m
Unable to retrieve container logs for docker://facf1af11c5dfa1a3b8257025d18b53910794928d1635855270bb3a87eee5634

Showing logs for build [32mentando-app-builder-master-rele-kdfjt-52[0m stage [32mfrom-build-pack[0m and container [32mplace-tools[0m
Unable to retrieve container logs for docker://4888d1b6f4c69d77e82c0418b9d5b36d63a32105b8b1426de4ebff759afde913

Showing logs for build [32mentando-app-builder-master-rele-kdfjt-52[0m stage [32mfrom-build-pack[0m and container [32mstep-git-source-entando-app-builder-master-rele-kdfjt-7bqb5[0m
Unable to retrieve container logs for docker://2891debf46f0880bfa470635d4885a2b8b41ede42fd5be5995c8276e231ded65

Showing logs for build [32mentando-app-builder-master-rele-kdfjt-52[0m stage [32mfrom-build-pack[0m and container [32mstep-setup-builder-home[0m
Unable to retrieve container logs for docker://63f06e78714b661b5a34d8a08fec3742fa67064f028c2d5071dab5550b750a28

Showing logs for build [32mentando-app-builder-master-rele-kdfjt-52[0m stage [32mfrom-build-pack[0m and container [32mstep-git-merge[0m
Unable to retrieve container logs for docker://a7a4ac9be1007e4dce1a3c92ae8ee37953bedbc6de5aa005197ef4103cfd9061

Showing logs for build [32mentando-app-builder-master-rele-kdfjt-52[0m stage [32mfrom-build-pack[0m and container [32mstep-setup-jx-git-credentials[0m
Unable to retrieve container logs for docker://e3b6937a1b8f986ab09d84244a24746029ab12db7fed0b4a19f75f727e3e6a75

Showing logs for build [32mentando-app-builder-master-rele-kdfjt-52[0m stage [32mfrom-build-pack[0m and container [32mstep-build-npm-install[0m
Unable to retrieve container logs for docker://622e77511303bd4c8d9ec242b0ba8161d5679e809024426f3a00364875e6cd78

Showing logs for build [32mentando-app-builder-master-rele-kdfjt-52[0m stage [32mfrom-build-pack[0m and container [32mstep-build-npm-test[0m
Unable to retrieve container logs for docker://c75c1aabd5b6ba1598ce2bcdafa3b90cecf765973bf0252bbfd70c504b6c4b1b

Showing logs for build [32mentando-app-builder-master-rele-kdfjt-52[0m stage [32mfrom-build-pack[0m and container [32mstep-build-npm-build[0m
Unable to retrieve container logs for docker://9010bd2ded8fbc088ec30c48dc3b6512a85855e1cf7d086aa6338d04f398f90d

Showing logs for build [32mentando-app-builder-master-rele-kdfjt-52[0m stage [32mfrom-build-pack[0m and container [32mstep-build-container-build[0m
Unable to retrieve container logs for docker://06768be40719bc085bd4168868f91a7c0e28c6b79e729b5b50a3ef8212d05158

Showing logs for build [32mentando-app-builder-master-rele-kdfjt-52[0m stage [32mfrom-build-pack[0m and container [32mstep-build-post-build[0m
Unable to retrieve container logs for docker://8a4f3c3363a56822fef1e164385efe7665b23095bd4e5159429fc43f2ffe222b

Showing logs for build [32mentando-app-builder-master-rele-kdfjt-52[0m stage [32mfrom-build-pack[0m and container [32mstep-promote-update-image-map[0m
Unable to retrieve container logs for docker://eb93b3827040235c3aecafbae167534ddff39f6700ae57777221050502484c6a
