
Showing logs for build [32mentando-app-builder-master-rele-qr78w-53[0m stage [32mfrom-build-pack[0m and container [32mcredential-initializer[0m
Unable to retrieve container logs for docker://b0df3331f0a9465f765769c33daad24a0b24f0d7b96720779c17f9ee02c56341

Showing logs for build [32mentando-app-builder-master-rele-qr78w-53[0m stage [32mfrom-build-pack[0m and container [32mworking-dir-initializer[0m
Unable to retrieve container logs for docker://f2d90230b4e5b243e30fd69b7a8cdd622f5232e18e7dc34f4052460f2acefa6b

Showing logs for build [32mentando-app-builder-master-rele-qr78w-53[0m stage [32mfrom-build-pack[0m and container [32mplace-tools[0m
Unable to retrieve container logs for docker://ffe638bc00d03e3a2eb2c3bd8e034a0e21b0db9c35b2f54fbd903d6f21bf3918

Showing logs for build [32mentando-app-builder-master-rele-qr78w-53[0m stage [32mfrom-build-pack[0m and container [32mstep-git-source-entando-app-builder-master-rele-qr78w-7t5p6[0m
Unable to retrieve container logs for docker://b79e2e80915a593e6da7af08c09ccb33f295b54a9c889f08c598bdbce2923314

Showing logs for build [32mentando-app-builder-master-rele-qr78w-53[0m stage [32mfrom-build-pack[0m and container [32mstep-setup-builder-home[0m
Unable to retrieve container logs for docker://9ffc59056b362977eb3679b50085532aceb41a12d02eb7733a4551e69f309f3e

Showing logs for build [32mentando-app-builder-master-rele-qr78w-53[0m stage [32mfrom-build-pack[0m and container [32mstep-git-merge[0m
Unable to retrieve container logs for docker://97ee4028175203279873ee2f7632a12eabf9e58633cd317f195971e0c64e6a51

Showing logs for build [32mentando-app-builder-master-rele-qr78w-53[0m stage [32mfrom-build-pack[0m and container [32mstep-setup-jx-git-credentials[0m
Unable to retrieve container logs for docker://59f84fd25b6dec49bc13b3c2f4100e7d8dc32d6937216c5f9c6f2b1314b7c360

Showing logs for build [32mentando-app-builder-master-rele-qr78w-53[0m stage [32mfrom-build-pack[0m and container [32mstep-build-npm-install[0m
Unable to retrieve container logs for docker://1be1d9b432075967e545be05cac9ec0f20be5175cd1b498b6e938e078e030cbb

Showing logs for build [32mentando-app-builder-master-rele-qr78w-53[0m stage [32mfrom-build-pack[0m and container [32mstep-build-npm-test[0m
Unable to retrieve container logs for docker://b6978cceb7740b64db305142bfc85a5d75f6d6b1859d2b679b9beb297cce5e10

Showing logs for build [32mentando-app-builder-master-rele-qr78w-53[0m stage [32mfrom-build-pack[0m and container [32mstep-build-npm-build[0m
Unable to retrieve container logs for docker://73ec85b8c7ff8948a10c51d6df23bc3f90cc4bb8c72e0a1f0ba84d39f7492571

Showing logs for build [32mentando-app-builder-master-rele-qr78w-53[0m stage [32mfrom-build-pack[0m and container [32mstep-build-container-build[0m
Unable to retrieve container logs for docker://ff514a34e0413e459d38017cf4a84e09dc7e69a22f4b9a4524fcf3ddf9b4fd4b

Showing logs for build [32mentando-app-builder-master-rele-qr78w-53[0m stage [32mfrom-build-pack[0m and container [32mstep-build-post-build[0m
Unable to retrieve container logs for docker://179466e4985e400ec1f083a963f4e1442d47a4b9166284371d6a9bdad898694e

Showing logs for build [32mentando-app-builder-master-rele-qr78w-53[0m stage [32mfrom-build-pack[0m and container [32mstep-promote-update-image-map[0m
Unable to retrieve container logs for docker://f84dad6e73684c0d5b09227ae56f7a215404d3ed61ec8020e620904e3082030d
