
Showing logs for build [32mentando-app-builder-master-p97s4-54[0m stage [32mfrom-build-pack[0m and container [32mcredential-initializer[0m
Unable to retrieve container logs for docker://cc270418d8ee7e564147c88538f76b2f95f7f2d359385079aebfafac060bec4a

Showing logs for build [32mentando-app-builder-master-p97s4-54[0m stage [32mfrom-build-pack[0m and container [32mworking-dir-initializer[0m
Unable to retrieve container logs for docker://277d02a1d2dd4b729624243012a77a5e4bb31ac5e5b69a0354e685dd6de89268

Showing logs for build [32mentando-app-builder-master-p97s4-54[0m stage [32mfrom-build-pack[0m and container [32mplace-tools[0m
Unable to retrieve container logs for docker://a2d1bbbeb2613935a02c219e5b4e7620e31315def9c3626aac6d0e0cfad87b5e

Showing logs for build [32mentando-app-builder-master-p97s4-54[0m stage [32mfrom-build-pack[0m and container [32mstep-git-source-entando-app-builder-master-p97s4-dx9k6[0m
Unable to retrieve container logs for docker://8572c280891cd67715fd5fe115a7901077a8218***bfc772b831e9ab97241f09

Showing logs for build [32mentando-app-builder-master-p97s4-54[0m stage [32mfrom-build-pack[0m and container [32mstep-setup-builder-home[0m
Unable to retrieve container logs for docker://026d620ea7931842ad1f3ed3ca849409970b2e525f3129678548013490f07f73

Showing logs for build [32mentando-app-builder-master-p97s4-54[0m stage [32mfrom-build-pack[0m and container [32mstep-git-merge[0m
Unable to retrieve container logs for docker://4697332593ea2029030cc74d3345147346ca7573b391b22bc55d7d7f980a462e

Showing logs for build [32mentando-app-builder-master-p97s4-54[0m stage [32mfrom-build-pack[0m and container [32mstep-setup-jx-git-credentials[0m
Unable to retrieve container logs for docker://a647b0f2ab52bd03c70ede198dbd0c3d2b4f960956fd623e5da15821f2444b2b

Showing logs for build [32mentando-app-builder-master-p97s4-54[0m stage [32mfrom-build-pack[0m and container [32mstep-build-npm-install[0m
Unable to retrieve container logs for docker://82cc1ba6ba21187eef3a00042a9a1874d1ce4737b1029b182640a27380bffc04

Showing logs for build [32mentando-app-builder-master-p97s4-54[0m stage [32mfrom-build-pack[0m and container [32mstep-build-npm-test[0m
Unable to retrieve container logs for docker://60b3c5aa85f74b7693000010aab9413acfb593e45a59211bd0bf4eec9d16605d

Showing logs for build [32mentando-app-builder-master-p97s4-54[0m stage [32mfrom-build-pack[0m and container [32mstep-build-npm-build[0m
Unable to retrieve container logs for docker://b4bea181ba31107545b02dfc16690b6480cd98a96cc6256314af849d7632802e

Showing logs for build [32mentando-app-builder-master-p97s4-54[0m stage [32mfrom-build-pack[0m and container [32mstep-build-container-build[0m
Unable to retrieve container logs for docker://abc57ee93cc2671fd85ccded02f3a55e285220e7a89ad046186e1a4cdedd182f

Showing logs for build [32mentando-app-builder-master-p97s4-54[0m stage [32mfrom-build-pack[0m and container [32mstep-build-post-build[0m
Unable to retrieve container logs for docker://4f5c112db7cc30676291d4677e9c65696fd54a4e83d34e7889801f8d1d729a6e

Showing logs for build [32mentando-app-builder-master-p97s4-54[0m stage [32mfrom-build-pack[0m and container [32mstep-promote-update-image-map[0m
Unable to retrieve container logs for docker://ff5bc850ca6a561306700ae53f893a0e4717415abf5f4b3b730164bba243a026
