
Showing logs for build [32mentando-app-builder-master-rele-fd8fg-55[0m stage [32mfrom-build-pack[0m and container [32mcredential-initializer[0m
Unable to retrieve container logs for docker://d871cb9472ac1b2c280b46fe706a2c0440f506f4504f53578d1a2779d2e8e557

Showing logs for build [32mentando-app-builder-master-rele-fd8fg-55[0m stage [32mfrom-build-pack[0m and container [32mworking-dir-initializer[0m
Unable to retrieve container logs for docker://4cca6b67c2f2886be1208fb77b67497c508a5ff604d4c773e17ae5457ddc5a0a

Showing logs for build [32mentando-app-builder-master-rele-fd8fg-55[0m stage [32mfrom-build-pack[0m and container [32mplace-tools[0m
Unable to retrieve container logs for docker://dc74caa0544a274c17fda6d2c953156b3cf3413c659131664b4167d97de37112

Showing logs for build [32mentando-app-builder-master-rele-fd8fg-55[0m stage [32mfrom-build-pack[0m and container [32mstep-git-source-entando-app-builder-master-rele-fd8fg-774jz[0m
Unable to retrieve container logs for docker://2006c58704714317c426bc3d999f7e7892e6edbc56b52b623fc86753209801d4

Showing logs for build [32mentando-app-builder-master-rele-fd8fg-55[0m stage [32mfrom-build-pack[0m and container [32mstep-setup-builder-home[0m
Unable to retrieve container logs for docker://deeaba423a80625beb22cbfac3010b20123d0b5954c6640d081c003a8e9f5d29

Showing logs for build [32mentando-app-builder-master-rele-fd8fg-55[0m stage [32mfrom-build-pack[0m and container [32mstep-git-merge[0m
Unable to retrieve container logs for docker://1a09afc7d22ab977421f76797bd6727bd8b2d2d3ddd364648290c396549f8416

Showing logs for build [32mentando-app-builder-master-rele-fd8fg-55[0m stage [32mfrom-build-pack[0m and container [32mstep-setup-jx-git-credentials[0m
Unable to retrieve container logs for docker://fbc471f31b6a31420cd2f7c1af730460101de6c99caead3f08afcf0832b27c18

Showing logs for build [32mentando-app-builder-master-rele-fd8fg-55[0m stage [32mfrom-build-pack[0m and container [32mstep-build-npm-install[0m
Unable to retrieve container logs for docker://5e05c9ef184c887c8ccd42b643a81f3a7a37dc0bf928da566df258bec918953b

Showing logs for build [32mentando-app-builder-master-rele-fd8fg-55[0m stage [32mfrom-build-pack[0m and container [32mstep-build-npm-test[0m
Unable to retrieve container logs for docker://76f5f3d7fc91b73c691b318ea7c51818bef22323685cb15cc5d4341ee6ed425e

Showing logs for build [32mentando-app-builder-master-rele-fd8fg-55[0m stage [32mfrom-build-pack[0m and container [32mstep-build-npm-build[0m
Unable to retrieve container logs for docker://254149354e56180f2e801b07b416782ae4e20f3a67a5a95296fa33221237685b

Showing logs for build [32mentando-app-builder-master-rele-fd8fg-55[0m stage [32mfrom-build-pack[0m and container [32mstep-build-container-build[0m
Unable to retrieve container logs for docker://8f96439b44e3826fafbc93a9d10b2b47e54686008c0ac650fc766ef53a773e30

Showing logs for build [32mentando-app-builder-master-rele-fd8fg-55[0m stage [32mfrom-build-pack[0m and container [32mstep-build-post-build[0m
Unable to retrieve container logs for docker://bbbf5b5678a72f2a61be482339888f482d84745e8491500a4be213a41cf15b7b

Showing logs for build [32mentando-app-builder-master-rele-fd8fg-55[0m stage [32mfrom-build-pack[0m and container [32mstep-promote-update-image-map[0m
Unable to retrieve container logs for docker://0c8db7954f7b2907591e1909e77a840c133f8b21e6f6bc1190d6b3dd77c92722
