
Showing logs for build [32mentando-app-builder-master-rele-xxqk7-56[0m stage [32mfrom-build-pack[0m and container [32mcredential-initializer[0m
Unable to retrieve container logs for docker://903bfe56f037905795f06cae50ac5a066774c6017e1ff76a7a885919a2fe8949

Showing logs for build [32mentando-app-builder-master-rele-xxqk7-56[0m stage [32mfrom-build-pack[0m and container [32mworking-dir-initializer[0m
Unable to retrieve container logs for docker://0ff9f170f4c40f1a1dcbbac00feac664b72ebce9d3b2391cfe6923838e76840a

Showing logs for build [32mentando-app-builder-master-rele-xxqk7-56[0m stage [32mfrom-build-pack[0m and container [32mplace-tools[0m
Unable to retrieve container logs for docker://65eeed81208f6f28d8ba9ced5c8d4b404f8668a37b64e35493af9f219cb81a63

Showing logs for build [32mentando-app-builder-master-rele-xxqk7-56[0m stage [32mfrom-build-pack[0m and container [32mstep-git-source-entando-app-builder-master-rele-xxqk7-l6jjt[0m
Unable to retrieve container logs for docker://cba34e41e3a7291e877731d2995eac76cc0150b19d5b86277c4401b3b40b3019

Showing logs for build [32mentando-app-builder-master-rele-xxqk7-56[0m stage [32mfrom-build-pack[0m and container [32mstep-setup-builder-home[0m
Unable to retrieve container logs for docker://7f2c90d7c8d0d93f538953f3af9065636fe857a8b5602a31a5f4efdccc008778

Showing logs for build [32mentando-app-builder-master-rele-xxqk7-56[0m stage [32mfrom-build-pack[0m and container [32mstep-git-merge[0m
Unable to retrieve container logs for docker://023c9a737bae3717c545d748e17f85656aec873c2c2c0f1ac5bdea9311a41820

Showing logs for build [32mentando-app-builder-master-rele-xxqk7-56[0m stage [32mfrom-build-pack[0m and container [32mstep-setup-jx-git-credentials[0m
Unable to retrieve container logs for docker://9117a8a2c0de94594ef03ccfa476a8467b9a264e390947566903e8d51647f620

Showing logs for build [32mentando-app-builder-master-rele-xxqk7-56[0m stage [32mfrom-build-pack[0m and container [32mstep-build-npm-install[0m
Unable to retrieve container logs for docker://36f4dadea1963d55ad3130509deea979127a1dabab6a281ac28b9d8dd4e81e16

Showing logs for build [32mentando-app-builder-master-rele-xxqk7-56[0m stage [32mfrom-build-pack[0m and container [32mstep-build-npm-test[0m
Unable to retrieve container logs for docker://9cd31b6bb3c69f7f0d769c70bb9eee645b47643536b0a23319de30356d597926

Showing logs for build [32mentando-app-builder-master-rele-xxqk7-56[0m stage [32mfrom-build-pack[0m and container [32mstep-build-npm-build[0m
Unable to retrieve container logs for docker://8f11523ec70056e213fed35379d864a50c41770d95980a31eec5ad1bfae8602a

Showing logs for build [32mentando-app-builder-master-rele-xxqk7-56[0m stage [32mfrom-build-pack[0m and container [32mstep-build-container-build[0m
Unable to retrieve container logs for docker://6c45a42c797ef030fce5e8fe2404c938ac7a93db6163fa0849a4ed03b42e514c

Showing logs for build [32mentando-app-builder-master-rele-xxqk7-56[0m stage [32mfrom-build-pack[0m and container [32mstep-build-post-build[0m
Unable to retrieve container logs for docker://f6409972f4852645a2287b38ce199949f8192d36c9078e72b18958b36bd81b62

Showing logs for build [32mentando-app-builder-master-rele-xxqk7-56[0m stage [32mfrom-build-pack[0m and container [32mstep-promote-update-image-map[0m
Unable to retrieve container logs for docker://602c95425fee2a5ff4fd36f856b89777b81089d1f5d33e0b0d939759e7d47946
