
Showing logs for build [32mentando-app-builder-master-rele-lx98r-57[0m stage [32mfrom-build-pack[0m and container [32mcredential-initializer[0m
Unable to retrieve container logs for docker://a27d0fcfc8feb93185e3761d1edceb2dc1ecdc72480fb269b13a43ac05730fac

Showing logs for build [32mentando-app-builder-master-rele-lx98r-57[0m stage [32mfrom-build-pack[0m and container [32mworking-dir-initializer[0m
Unable to retrieve container logs for docker://a031f3435ad75736fcc4883e0bb6e3533e052ac011fa06237a04e5ded0d27e60

Showing logs for build [32mentando-app-builder-master-rele-lx98r-57[0m stage [32mfrom-build-pack[0m and container [32mplace-tools[0m
Unable to retrieve container logs for docker://7ef4abbb518dfa395c6fb0863c25e952130c2456ba0e1d739c27a664bdf7724c

Showing logs for build [32mentando-app-builder-master-rele-lx98r-57[0m stage [32mfrom-build-pack[0m and container [32mstep-git-source-entando-app-builder-master-rele-lx98r-fzlfx[0m
Unable to retrieve container logs for docker://5bbfe4a8b8bc274762d1038f5436b839defeb622e2e03c66be8827b6a4ac0926

Showing logs for build [32mentando-app-builder-master-rele-lx98r-57[0m stage [32mfrom-build-pack[0m and container [32mstep-setup-builder-home[0m
Unable to retrieve container logs for docker://90bc3c870667c660f868a63020efdc1b3fde0f2903dd7975948726e013ecc333

Showing logs for build [32mentando-app-builder-master-rele-lx98r-57[0m stage [32mfrom-build-pack[0m and container [32mstep-git-merge[0m
Unable to retrieve container logs for docker://012289b2a8ee884e6b3f8f13e4bd0230ded50a1466343868b43baa7871c1d576

Showing logs for build [32mentando-app-builder-master-rele-lx98r-57[0m stage [32mfrom-build-pack[0m and container [32mstep-setup-jx-git-credentials[0m
Unable to retrieve container logs for docker://e3f957889723f05dd26540e1d04cfe70719c84410981fa25ca86ca4a09c7a638

Showing logs for build [32mentando-app-builder-master-rele-lx98r-57[0m stage [32mfrom-build-pack[0m and container [32mstep-build-npm-install[0m
Unable to retrieve container logs for docker://9979962e1211cf618ef96febbdcfcf32bb5dc38bb291c479e33cc6f8806ea420

Showing logs for build [32mentando-app-builder-master-rele-lx98r-57[0m stage [32mfrom-build-pack[0m and container [32mstep-build-npm-test[0m
Unable to retrieve container logs for docker://6cd0c51a7b95e22aff7c3ec2a8f76c7a55f821707c63d8024f62873d5948d376

Showing logs for build [32mentando-app-builder-master-rele-lx98r-57[0m stage [32mfrom-build-pack[0m and container [32mstep-build-npm-build[0m
Unable to retrieve container logs for docker://98134482ffddb37e450f2f93cb58760ae0a8c2e649e6d4756330bb29c1249252

Showing logs for build [32mentando-app-builder-master-rele-lx98r-57[0m stage [32mfrom-build-pack[0m and container [32mstep-build-container-build[0m
Unable to retrieve container logs for docker://f806241f0358303aac9cd5326b1c5201f8e464a14702d76ba7cd884dad9be47f

Showing logs for build [32mentando-app-builder-master-rele-lx98r-57[0m stage [32mfrom-build-pack[0m and container [32mstep-build-post-build[0m
Unable to retrieve container logs for docker://1d4ff1e529c6b97727bfec60fb886218d7f450a04e3a3b192135dab038294b13

Showing logs for build [32mentando-app-builder-master-rele-lx98r-57[0m stage [32mfrom-build-pack[0m and container [32mstep-promote-update-image-map[0m
Unable to retrieve container logs for docker://b336d2eb5dcb7e05356392f93726b23b33f47ee364b7de19fbb2f19ddbfa9c1f
