
Showing logs for build [32mentando-app-builder-master-rele-vxkw6-63[0m stage [32mfrom-build-pack[0m and container [32mcredential-initializer[0m
Unable to retrieve container logs for docker://e164f5832db2c85b9b6b84cf52afb16083545ec6568a1775d876428924bd9e04

Showing logs for build [32mentando-app-builder-master-rele-vxkw6-63[0m stage [32mfrom-build-pack[0m and container [32mworking-dir-initializer[0m
Unable to retrieve container logs for docker://5b2490b31ddf327aa1edeb80d76bb0264da28ae25acc127f75e2d524150b8058

Showing logs for build [32mentando-app-builder-master-rele-vxkw6-63[0m stage [32mfrom-build-pack[0m and container [32mplace-tools[0m
Unable to retrieve container logs for docker://705c425d4fbe54505dce204ee673822d9a3bd3fb0a097f1cf712ef3f2d7f427a

Showing logs for build [32mentando-app-builder-master-rele-vxkw6-63[0m stage [32mfrom-build-pack[0m and container [32mstep-git-source-entando-app-builder-master-rele-vxkw6-776rx[0m
Unable to retrieve container logs for docker://b21ba84cc6048604628d871c977bc2***00fe1d14d530622f91a148136bdfe4c

Showing logs for build [32mentando-app-builder-master-rele-vxkw6-63[0m stage [32mfrom-build-pack[0m and container [32mstep-setup-builder-home[0m
Unable to retrieve container logs for docker://220f977bb93f2c03a17dca8bd97d7146b54ae33ba9942c7f0e4c19930008a604

Showing logs for build [32mentando-app-builder-master-rele-vxkw6-63[0m stage [32mfrom-build-pack[0m and container [32mstep-git-merge[0m
Unable to retrieve container logs for docker://d9a835bbe5d8926b781b07e78d49815dd8120c3541ceed245d04c0a6b18e6216

Showing logs for build [32mentando-app-builder-master-rele-vxkw6-63[0m stage [32mfrom-build-pack[0m and container [32mstep-setup-jx-git-credentials[0m
Unable to retrieve container logs for docker://9f9a52169eb4c338e807c4872e6d57445c5969365f862e35a266e1417683da1e

Showing logs for build [32mentando-app-builder-master-rele-vxkw6-63[0m stage [32mfrom-build-pack[0m and container [32mstep-build-npm-install[0m
Unable to retrieve container logs for docker://67028773d4704167b8d5fb0888b6d746ce9fc19e01618107b93fcb5a48724350

Showing logs for build [32mentando-app-builder-master-rele-vxkw6-63[0m stage [32mfrom-build-pack[0m and container [32mstep-build-npm-test[0m
Unable to retrieve container logs for docker://91927101cbfea702f45218c29b70521b08f26c71b82b226c0d19b597837f4961

Showing logs for build [32mentando-app-builder-master-rele-vxkw6-63[0m stage [32mfrom-build-pack[0m and container [32mstep-build-npm-build[0m
Unable to retrieve container logs for docker://85b37fdd4ebc76707b8cfb740bb1f628be81bb56f31f6b51f43043c1631e4910

Showing logs for build [32mentando-app-builder-master-rele-vxkw6-63[0m stage [32mfrom-build-pack[0m and container [32mstep-build-container-build[0m
Unable to retrieve container logs for docker://28e4c4f43d40f605888bee6d0cfc1d3b3528073655f4c64215ad453ba539fb20

Showing logs for build [32mentando-app-builder-master-rele-vxkw6-63[0m stage [32mfrom-build-pack[0m and container [32mstep-build-post-build[0m
Unable to retrieve container logs for docker://304eae94d5da7c1b9c42e53c1bfdff6ae73a1542e7b971694aa2dc2b988bae6c

Showing logs for build [32mentando-app-builder-master-rele-vxkw6-63[0m stage [32mfrom-build-pack[0m and container [32mstep-promote-update-image-map[0m
Unable to retrieve container logs for docker://3ca199e97044fd6aff9af865b9cc517b232d2eec68ef890e334d602b40d8ea4b
