
Showing logs for build [32mentando-app-builder-master-rele-gmvvt-64[0m stage [32mfrom-build-pack[0m and container [32mcredential-initializer[0m
Unable to retrieve container logs for docker://9df76c4070dd221285f851a002669656f095fcd1fd7f827c614194d2d6e18918

Showing logs for build [32mentando-app-builder-master-rele-gmvvt-64[0m stage [32mfrom-build-pack[0m and container [32mworking-dir-initializer[0m
Unable to retrieve container logs for docker://ed19fbb368c27132974ec188c347b03de08c09f56824a13915311f8d26023d75

Showing logs for build [32mentando-app-builder-master-rele-gmvvt-64[0m stage [32mfrom-build-pack[0m and container [32mplace-tools[0m
Unable to retrieve container logs for docker://96f23c79151fe45c23f204f6456e336b0f11901c739cab600304d4664a097f13

Showing logs for build [32mentando-app-builder-master-rele-gmvvt-64[0m stage [32mfrom-build-pack[0m and container [32mstep-git-source-entando-app-builder-master-rele-gmvvt-5p4zf[0m
Unable to retrieve container logs for docker://da336da59095fa3847f30a2bbf74cf7f29cc4614df2a306557217f60462d1f16

Showing logs for build [32mentando-app-builder-master-rele-gmvvt-64[0m stage [32mfrom-build-pack[0m and container [32mstep-setup-builder-home[0m
Unable to retrieve container logs for docker://f846f58b6e0ed814d0770f4b76fa5d32b6b64f0435f05b3537f182e62dc62d36

Showing logs for build [32mentando-app-builder-master-rele-gmvvt-64[0m stage [32mfrom-build-pack[0m and container [32mstep-git-merge[0m
Unable to retrieve container logs for docker://1d7b9d0942e94b5e62880cae14aa900e7fb7058ff7241b4709b21c8b8a42c852

Showing logs for build [32mentando-app-builder-master-rele-gmvvt-64[0m stage [32mfrom-build-pack[0m and container [32mstep-setup-jx-git-credentials[0m
Unable to retrieve container logs for docker://1ed2e4127d392a6addbe5d0477df2432e766ea3eb2078854864b06645d636227

Showing logs for build [32mentando-app-builder-master-rele-gmvvt-64[0m stage [32mfrom-build-pack[0m and container [32mstep-build-npm-install[0m
Unable to retrieve container logs for docker://328ba770c18cb838011e9f66b913b216d14c764f6e6ad06ae896e4e0ee0fe76a

Showing logs for build [32mentando-app-builder-master-rele-gmvvt-64[0m stage [32mfrom-build-pack[0m and container [32mstep-build-npm-test[0m
Unable to retrieve container logs for docker://b59ed9c5ab4f607ca7be34700217740622b1c5e0e55e665a97f7ed743307f65a

Showing logs for build [32mentando-app-builder-master-rele-gmvvt-64[0m stage [32mfrom-build-pack[0m and container [32mstep-build-npm-build[0m
Unable to retrieve container logs for docker://112a26d17c90f5198a6c923bcb054c5ce50504960da16620402455845d501f49

Showing logs for build [32mentando-app-builder-master-rele-gmvvt-64[0m stage [32mfrom-build-pack[0m and container [32mstep-build-container-build[0m
Unable to retrieve container logs for docker://d64f1b3735c6ff77bd1c6334d2bc53464c80aea5659de41b4bda63783eccc311

Showing logs for build [32mentando-app-builder-master-rele-gmvvt-64[0m stage [32mfrom-build-pack[0m and container [32mstep-build-post-build[0m
Unable to retrieve container logs for docker://21bf57147946623165e6d68fe3eed73fe42e40c6f959d47fecb90fa64c06cc76

Showing logs for build [32mentando-app-builder-master-rele-gmvvt-64[0m stage [32mfrom-build-pack[0m and container [32mstep-promote-update-image-map[0m
Unable to retrieve container logs for docker://3da6a537b74c6b2a82b14fd874f51c0c8becd04bd4c7b144fc5f1c83da94b166
