
Showing logs for build [32mentando-app-builder-master-rele-flhzl-65[0m stage [32mfrom-build-pack[0m and container [32mcredential-initializer[0m
Unable to retrieve container logs for docker://f5e2f64008545928e81db6da749a4f0b94c319e5daca4c79bef52fb1bba16344

Showing logs for build [32mentando-app-builder-master-rele-flhzl-65[0m stage [32mfrom-build-pack[0m and container [32mworking-dir-initializer[0m
Unable to retrieve container logs for docker://24f273041be8b507dd57b6aebd64892591ce3498fc7f176676a398d007ed9235

Showing logs for build [32mentando-app-builder-master-rele-flhzl-65[0m stage [32mfrom-build-pack[0m and container [32mplace-tools[0m
Unable to retrieve container logs for docker://73a8198aaa9b6f43a2c94f645194467b2373b8eabd57a5556e37be7f6e46a01c

Showing logs for build [32mentando-app-builder-master-rele-flhzl-65[0m stage [32mfrom-build-pack[0m and container [32mstep-git-source-entando-app-builder-master-rele-flhzl-hhwxw[0m
Unable to retrieve container logs for docker://26aeee972c0aa6170811d5bde0e881409d97a1753f740a4424ac95ccd8115338

Showing logs for build [32mentando-app-builder-master-rele-flhzl-65[0m stage [32mfrom-build-pack[0m and container [32mstep-setup-builder-home[0m
Unable to retrieve container logs for docker://85896ff5e334ea6304f419a363ae384f711366a473bbce4f1d6d22a3ed815438

Showing logs for build [32mentando-app-builder-master-rele-flhzl-65[0m stage [32mfrom-build-pack[0m and container [32mstep-git-merge[0m
Unable to retrieve container logs for docker://676df69e203b7c7471ca65e0583e965a7e18ec0095e468722c3f8335cf5a014e

Showing logs for build [32mentando-app-builder-master-rele-flhzl-65[0m stage [32mfrom-build-pack[0m and container [32mstep-setup-jx-git-credentials[0m
Unable to retrieve container logs for docker://8f1f3e74cf792d57290295f4e2336d3910e9e41537bdf10da1b04b1abf590229

Showing logs for build [32mentando-app-builder-master-rele-flhzl-65[0m stage [32mfrom-build-pack[0m and container [32mstep-build-npm-install[0m
Unable to retrieve container logs for docker://0940594fe12e832b054b7ca337dd52126360b2c46da9b86316944215b1febd2f

Showing logs for build [32mentando-app-builder-master-rele-flhzl-65[0m stage [32mfrom-build-pack[0m and container [32mstep-build-npm-test[0m
Unable to retrieve container logs for docker://f9c1c07bfd263f7f3166fb8e70e5836c11e1f62e66720e76f479df95c332d960

Showing logs for build [32mentando-app-builder-master-rele-flhzl-65[0m stage [32mfrom-build-pack[0m and container [32mstep-build-npm-build[0m
Unable to retrieve container logs for docker://5cb26daef2bfdc1dd3e5973b9d7b130697d8016d026c4c27af301157d6c8ab2f

Showing logs for build [32mentando-app-builder-master-rele-flhzl-65[0m stage [32mfrom-build-pack[0m and container [32mstep-build-container-build[0m
Unable to retrieve container logs for docker://3450e4b70713a235b80***11832f852be878e157958fca159b841004a93ceb64

Showing logs for build [32mentando-app-builder-master-rele-flhzl-65[0m stage [32mfrom-build-pack[0m and container [32mstep-build-post-build[0m
Unable to retrieve container logs for docker://3dfbae9e5561b9678d2f2038f6ae583a8bc9b0d3d6a7457bcdb056d66a20a903

Showing logs for build [32mentando-app-builder-master-rele-flhzl-65[0m stage [32mfrom-build-pack[0m and container [32mstep-promote-update-image-map[0m
Unable to retrieve container logs for docker://d68e3c8f5b352d01d762320efd060b29be6dac99ee7726400c534047aa8ac329
