
Showing logs for build [32mentando-app-builder-master-rele-phxc5-66[0m stage [32mfrom-build-pack[0m and container [32mcredential-initializer[0m
Unable to retrieve container logs for docker://ee9082a0bb29c9165474f2ee05a1a62cc069bde94a8630237331ac597bc30305

Showing logs for build [32mentando-app-builder-master-rele-phxc5-66[0m stage [32mfrom-build-pack[0m and container [32mworking-dir-initializer[0m
Unable to retrieve container logs for docker://9a2bbe7d0fb8161eb649bc0caeeadc3b69c5517db88e9a4bac9b7f6b6a670f1e

Showing logs for build [32mentando-app-builder-master-rele-phxc5-66[0m stage [32mfrom-build-pack[0m and container [32mplace-tools[0m
Unable to retrieve container logs for docker://2ef9a1a599f2401f12abbf515f738d77c1434b7e411c0e71707acd0187efc16e

Showing logs for build [32mentando-app-builder-master-rele-phxc5-66[0m stage [32mfrom-build-pack[0m and container [32mstep-git-source-entando-app-builder-master-rele-phxc5-62c94[0m
Unable to retrieve container logs for docker://4c92f2041d42e42a5587d6c0091d3b4e599aa9e5e87c9865163df410ab965640

Showing logs for build [32mentando-app-builder-master-rele-phxc5-66[0m stage [32mfrom-build-pack[0m and container [32mstep-setup-builder-home[0m
Unable to retrieve container logs for docker://38bcd90dcc1ac6392d2033f027d39b6ee9ea8665a6d3337e8c41429fa97ccd5d

Showing logs for build [32mentando-app-builder-master-rele-phxc5-66[0m stage [32mfrom-build-pack[0m and container [32mstep-git-merge[0m
Unable to retrieve container logs for docker://cadb22beacb9b04c69fe599ecdf9906228178f9bb9a813410445dac903d81c0b

Showing logs for build [32mentando-app-builder-master-rele-phxc5-66[0m stage [32mfrom-build-pack[0m and container [32mstep-setup-jx-git-credentials[0m
Unable to retrieve container logs for docker://f1867797802a122974dbcd08fd1535347bd79ffbe8306b5c6daa84630d4f5416

Showing logs for build [32mentando-app-builder-master-rele-phxc5-66[0m stage [32mfrom-build-pack[0m and container [32mstep-build-npm-install[0m
Unable to retrieve container logs for docker://ae6b325be9a819599835080e8f85b9464d41842e5cc5f0481e4b1c418a8b7402

Showing logs for build [32mentando-app-builder-master-rele-phxc5-66[0m stage [32mfrom-build-pack[0m and container [32mstep-build-npm-test[0m
Unable to retrieve container logs for docker://4dfeb7516115282c7db1ea82f3d8ec22a4165dac6c9bf9195f7601fd2726cf54

Showing logs for build [32mentando-app-builder-master-rele-phxc5-66[0m stage [32mfrom-build-pack[0m and container [32mstep-build-npm-build[0m
Unable to retrieve container logs for docker://2188070d73e83090d314b52238767d79efa5e8a8a71e0513c4d4f0850d0953c2

Showing logs for build [32mentando-app-builder-master-rele-phxc5-66[0m stage [32mfrom-build-pack[0m and container [32mstep-build-container-build[0m
Unable to retrieve container logs for docker://0f3cd3f58b0be60b6489a24fc6489f57e23ca7083514e20bde0fe3427c7ea245

Showing logs for build [32mentando-app-builder-master-rele-phxc5-66[0m stage [32mfrom-build-pack[0m and container [32mstep-build-post-build[0m
Unable to retrieve container logs for docker://1ac0204304fa12658f341cdddd6f111a689754569c977b098c37ed393c4ec935

Showing logs for build [32mentando-app-builder-master-rele-phxc5-66[0m stage [32mfrom-build-pack[0m and container [32mstep-promote-update-image-map[0m
Unable to retrieve container logs for docker://ce421ec12a3253367acbb5f22055b81d9b63e05f2e2ee052889de19dcd49c60f
