
Showing logs for build [32mentando-app-builder-master-rele-j7dzj-67[0m stage [32mfrom-build-pack[0m and container [32mcredential-initializer[0m
Unable to retrieve container logs for docker://dcf6c554209b331482f6ad8fe01ebb7301217c3d239f497b73211db10d0fb245

Showing logs for build [32mentando-app-builder-master-rele-j7dzj-67[0m stage [32mfrom-build-pack[0m and container [32mworking-dir-initializer[0m
Unable to retrieve container logs for docker://00314834ec935967694d6f72fede264c513ce59b16dd66309a11b038288fad3a

Showing logs for build [32mentando-app-builder-master-rele-j7dzj-67[0m stage [32mfrom-build-pack[0m and container [32mplace-tools[0m
Unable to retrieve container logs for docker://731dbf5375cddb5d72b0a9e9a0e6e01ea740648db70c60664283d8e787a44834

Showing logs for build [32mentando-app-builder-master-rele-j7dzj-67[0m stage [32mfrom-build-pack[0m and container [32mstep-git-source-entando-app-builder-master-rele-j7dzj-zn9j2[0m
Unable to retrieve container logs for docker://feb5e2f961a5eb780bec35ff1933f2104bcc9a303809591bdfa8c5fd2c873967

Showing logs for build [32mentando-app-builder-master-rele-j7dzj-67[0m stage [32mfrom-build-pack[0m and container [32mstep-setup-builder-home[0m
Unable to retrieve container logs for docker://86c14289a5d821298e04538468b5062ebd332415f8ccc23b333927c23d995b7f

Showing logs for build [32mentando-app-builder-master-rele-j7dzj-67[0m stage [32mfrom-build-pack[0m and container [32mstep-git-merge[0m
Unable to retrieve container logs for docker://5b7032353f11a4299f0372edde408b077438f8544e69030b20ab2c814058407a

Showing logs for build [32mentando-app-builder-master-rele-j7dzj-67[0m stage [32mfrom-build-pack[0m and container [32mstep-setup-jx-git-credentials[0m
Unable to retrieve container logs for docker://c2dfda15dd24f6753a2cbad2c6643133f14ffdf95a7e5f2532a4353294c8f121

Showing logs for build [32mentando-app-builder-master-rele-j7dzj-67[0m stage [32mfrom-build-pack[0m and container [32mstep-build-npm-install[0m
Unable to retrieve container logs for docker://dfc84069ba174f046b098c12059ae03b6b26e0440d9108388e41017167cc3c04

Showing logs for build [32mentando-app-builder-master-rele-j7dzj-67[0m stage [32mfrom-build-pack[0m and container [32mstep-build-npm-test[0m
Unable to retrieve container logs for docker://c159e2aab2149a683e372daefd3e9347436e38cab8dcb7021ada494280d42e72

Showing logs for build [32mentando-app-builder-master-rele-j7dzj-67[0m stage [32mfrom-build-pack[0m and container [32mstep-build-npm-build[0m
Unable to retrieve container logs for docker://4cb04509a1f0e157470e62f916e44529217e6e7ff9866a7dad93ccffb86e6f0e

Showing logs for build [32mentando-app-builder-master-rele-j7dzj-67[0m stage [32mfrom-build-pack[0m and container [32mstep-build-container-build[0m
Unable to retrieve container logs for docker://a099d76da55f6622bec43cac1a8aa22757de5fa820cb6926c8f85a0ae9737516

Showing logs for build [32mentando-app-builder-master-rele-j7dzj-67[0m stage [32mfrom-build-pack[0m and container [32mstep-build-post-build[0m
Unable to retrieve container logs for docker://e75f273b5cabf51a8c53107fb5f11a0a20715c54b5bf500c87ca3e68a243a725

Showing logs for build [32mentando-app-builder-master-rele-j7dzj-67[0m stage [32mfrom-build-pack[0m and container [32mstep-promote-update-image-map[0m
Unable to retrieve container logs for docker://3e4a9616a5f12e04ab91ae3cfb49d47522ab26a32fad8502bce80482e67d2264
