
Showing logs for build [32mentando-app-builder-master-rele-sq7mh-68[0m stage [32mfrom-build-pack[0m and container [32mcredential-initializer[0m
Unable to retrieve container logs for docker://cef1a5a6332db553c97b7b8327dcf22d702c8b74855ed56fed26e6e929cf666a

Showing logs for build [32mentando-app-builder-master-rele-sq7mh-68[0m stage [32mfrom-build-pack[0m and container [32mworking-dir-initializer[0m
Unable to retrieve container logs for docker://a3d2e516c3ff2a3faca2e922e03f380f21c141311867470cfa23e06804ee136d

Showing logs for build [32mentando-app-builder-master-rele-sq7mh-68[0m stage [32mfrom-build-pack[0m and container [32mplace-tools[0m
Unable to retrieve container logs for docker://de8ef294ff55c6441d7107888e2cf30219bc3171ae0df93f24ed7ec2a6c27e27

Showing logs for build [32mentando-app-builder-master-rele-sq7mh-68[0m stage [32mfrom-build-pack[0m and container [32mstep-git-source-entando-app-builder-master-rele-sq7mh-gg7kb[0m
Unable to retrieve container logs for docker://c29d80f0cce46a427a9c45c8fcf52b0d165cc053647bf814c0cc01a812eabc09

Showing logs for build [32mentando-app-builder-master-rele-sq7mh-68[0m stage [32mfrom-build-pack[0m and container [32mstep-setup-builder-home[0m
Unable to retrieve container logs for docker://ee4ea622b33e9243519479b6922ab07b4b9195f52c888424be4b654360afa769

Showing logs for build [32mentando-app-builder-master-rele-sq7mh-68[0m stage [32mfrom-build-pack[0m and container [32mstep-git-merge[0m
Unable to retrieve container logs for docker://5a4810e9d6286e26e44d1c8445bb5d4d23cc8472e869dd6dcc813bb850e9a53a

Showing logs for build [32mentando-app-builder-master-rele-sq7mh-68[0m stage [32mfrom-build-pack[0m and container [32mstep-setup-jx-git-credentials[0m
Unable to retrieve container logs for docker://eaaf3718f96bef3e82691052daa8ef52c121f90b30364929fe364e4d7eba8669

Showing logs for build [32mentando-app-builder-master-rele-sq7mh-68[0m stage [32mfrom-build-pack[0m and container [32mstep-build-npm-install[0m
Unable to retrieve container logs for docker://a72d8d9c37527562b7c74832bdaa41129dccaf2031ac8336fc5cd9fcf417cd73

Showing logs for build [32mentando-app-builder-master-rele-sq7mh-68[0m stage [32mfrom-build-pack[0m and container [32mstep-build-npm-test[0m
Unable to retrieve container logs for docker://c88fea345d89ec479a233e156ab146113cf830a8381c3a4ebad9a9ecc2e8a517

Showing logs for build [32mentando-app-builder-master-rele-sq7mh-68[0m stage [32mfrom-build-pack[0m and container [32mstep-build-npm-build[0m
Unable to retrieve container logs for docker://d3124e83d6607b36c579067d3ea44222cd9015d1300408698f6b7f0ddb6d456f

Showing logs for build [32mentando-app-builder-master-rele-sq7mh-68[0m stage [32mfrom-build-pack[0m and container [32mstep-build-container-build[0m
Unable to retrieve container logs for docker://fbfc2008b0c31115a29c6f5e711c5b7b1853720ee714c24c081a19d3e63c4d62

Showing logs for build [32mentando-app-builder-master-rele-sq7mh-68[0m stage [32mfrom-build-pack[0m and container [32mstep-build-post-build[0m
Unable to retrieve container logs for docker://a09270ab7318f5266e48d697f401437f6b6fa4f4e6d3e522dbccdffed3a3297d

Showing logs for build [32mentando-app-builder-master-rele-sq7mh-68[0m stage [32mfrom-build-pack[0m and container [32mstep-promote-update-image-map[0m
Unable to retrieve container logs for docker://e000022b3789324c5d216860d9e01e3aa5a250fda78559139833f2be6f413346
