
Showing logs for build [32mentando-app-builder-master-rele-8sqfx-69[0m stage [32mfrom-build-pack[0m and container [32mcredential-initializer[0m
Unable to retrieve container logs for docker://2e2637d21165ce48f624d363a859a7013a4bb0c3136ff43fe341ef41816b9509

Showing logs for build [32mentando-app-builder-master-rele-8sqfx-69[0m stage [32mfrom-build-pack[0m and container [32mworking-dir-initializer[0m
Unable to retrieve container logs for docker://a228ef41679b7f6e6894a3ac410bc14c33e06e3d85ee5a24fd56d69227e22571

Showing logs for build [32mentando-app-builder-master-rele-8sqfx-69[0m stage [32mfrom-build-pack[0m and container [32mplace-tools[0m
Unable to retrieve container logs for docker://75de94372f1d7f46d5154e0b7efb572d545d7eeb8f3107e9d5bc0ef263a60bc1

Showing logs for build [32mentando-app-builder-master-rele-8sqfx-69[0m stage [32mfrom-build-pack[0m and container [32mstep-git-source-entando-app-builder-master-rele-8sqfx-rjv7p[0m
Unable to retrieve container logs for docker://9a9b1c0e28bad85f24d03c66ad465c6d9ee72e93fb91a16b10066b80f44c732f

Showing logs for build [32mentando-app-builder-master-rele-8sqfx-69[0m stage [32mfrom-build-pack[0m and container [32mstep-setup-builder-home[0m
Unable to retrieve container logs for docker://c71bb9fa84dec925cf245924d78be820055ed910082eeb1817729799ca5d622f

Showing logs for build [32mentando-app-builder-master-rele-8sqfx-69[0m stage [32mfrom-build-pack[0m and container [32mstep-git-merge[0m
Unable to retrieve container logs for docker://48f5c9bafde46619d871dc6bf0dc4c4875ca3eaa3181fc6baef59bd1a3e29b21

Showing logs for build [32mentando-app-builder-master-rele-8sqfx-69[0m stage [32mfrom-build-pack[0m and container [32mstep-setup-jx-git-credentials[0m
Unable to retrieve container logs for docker://e9f9fe15d0484e462f61fc3549087a7f4bc713f348359b358e6dae701069f965

Showing logs for build [32mentando-app-builder-master-rele-8sqfx-69[0m stage [32mfrom-build-pack[0m and container [32mstep-build-npm-install[0m
Unable to retrieve container logs for docker://ca9d30d2b5c34c5153a6385e5b6ce70f6dee8c9cdc702776dbfa9c91d4920f30

Showing logs for build [32mentando-app-builder-master-rele-8sqfx-69[0m stage [32mfrom-build-pack[0m and container [32mstep-build-npm-test[0m
Unable to retrieve container logs for docker://5be60ce238768125c3a37e6fe989dc4e256f7ad93bb56f5491c9c57c16f72634

Showing logs for build [32mentando-app-builder-master-rele-8sqfx-69[0m stage [32mfrom-build-pack[0m and container [32mstep-build-npm-build[0m
Unable to retrieve container logs for docker://8bdb99438690765cbf9aa9e448d8373955b7aa0840d6d4705a16bdc62b4f7b5c

Showing logs for build [32mentando-app-builder-master-rele-8sqfx-69[0m stage [32mfrom-build-pack[0m and container [32mstep-build-container-build[0m
Unable to retrieve container logs for docker://5fd615e5248c855857e8d5fccc424d60a10da969446e9730d4e0d1084ee3cc7d

Showing logs for build [32mentando-app-builder-master-rele-8sqfx-69[0m stage [32mfrom-build-pack[0m and container [32mstep-build-post-build[0m
Unable to retrieve container logs for docker://3edec0f4697a9e1c09a0f21df0a82b1d2c43b81a7a6e891263570cc652f4d016

Showing logs for build [32mentando-app-builder-master-rele-8sqfx-69[0m stage [32mfrom-build-pack[0m and container [32mstep-promote-update-image-map[0m
Unable to retrieve container logs for docker://ced8c3035760dd1ba6db698429437c3441768dfd1173ae52de1148af1159e720
