
Showing logs for build [32mentando-app-builder-master-rele-bwbxr-70[0m stage [32mfrom-build-pack[0m and container [32mcredential-initializer[0m
Unable to retrieve container logs for docker://e409e4cfcb9d9f0688e1e47c99dedd073717086143e56e0b6224f352a2287b2a

Showing logs for build [32mentando-app-builder-master-rele-bwbxr-70[0m stage [32mfrom-build-pack[0m and container [32mworking-dir-initializer[0m
Unable to retrieve container logs for docker://029374d6173e3329f3c0a07906c04e27e29df15141ea0b0698f70cff58fcdd3a

Showing logs for build [32mentando-app-builder-master-rele-bwbxr-70[0m stage [32mfrom-build-pack[0m and container [32mplace-tools[0m
Unable to retrieve container logs for docker://42855689ee578f500ca65e6558bc5744fd9b956ae025c66057a56a1b91557052

Showing logs for build [32mentando-app-builder-master-rele-bwbxr-70[0m stage [32mfrom-build-pack[0m and container [32mstep-git-source-entando-app-builder-master-rele-bwbxr-z9ppk[0m
Unable to retrieve container logs for docker://a5afdd63a7a424097f94adb78e5d3723a445045c8f2a1f3dd90e3466aa1acb52

Showing logs for build [32mentando-app-builder-master-rele-bwbxr-70[0m stage [32mfrom-build-pack[0m and container [32mstep-setup-builder-home[0m
Unable to retrieve container logs for docker://a0acbb2778a2d65d68b64112469abe2e65601aca307e1270d58b71dcf715487e

Showing logs for build [32mentando-app-builder-master-rele-bwbxr-70[0m stage [32mfrom-build-pack[0m and container [32mstep-git-merge[0m
Unable to retrieve container logs for docker://37dfdba8cadf210384d4352d09915d6cb1fa53852c4c8e6b91d836ee1b107b15

Showing logs for build [32mentando-app-builder-master-rele-bwbxr-70[0m stage [32mfrom-build-pack[0m and container [32mstep-setup-jx-git-credentials[0m
Unable to retrieve container logs for docker://f895da7849f578127893f8e9b5adc8526391bcaf650353097d914d0b823e5312

Showing logs for build [32mentando-app-builder-master-rele-bwbxr-70[0m stage [32mfrom-build-pack[0m and container [32mstep-build-npm-install[0m
Unable to retrieve container logs for docker://90896e84f0fdcd4a91506dfc3dbc553dadab98786012da43e4405d8c900b586e

Showing logs for build [32mentando-app-builder-master-rele-bwbxr-70[0m stage [32mfrom-build-pack[0m and container [32mstep-build-npm-test[0m
Unable to retrieve container logs for docker://58422e57da181f3c0cc28092e350441bd533aa58c0920c3bac3bcb0bd1d78d42

Showing logs for build [32mentando-app-builder-master-rele-bwbxr-70[0m stage [32mfrom-build-pack[0m and container [32mstep-build-npm-build[0m
Unable to retrieve container logs for docker://8694e13959be1f1660f1d4bd06739373ff9b2eb4f98d62488f6bbf33c1413643

Showing logs for build [32mentando-app-builder-master-rele-bwbxr-70[0m stage [32mfrom-build-pack[0m and container [32mstep-build-container-build[0m
Unable to retrieve container logs for docker://16e20dc17789582308e7f5586bec9b238ebffd9d1c03d2118ab6956bda81e20c

Showing logs for build [32mentando-app-builder-master-rele-bwbxr-70[0m stage [32mfrom-build-pack[0m and container [32mstep-build-post-build[0m
Unable to retrieve container logs for docker://ad172fa1d007e95726814fd60388b163e42628e2c7414e6df562a2d6fe988d61

Showing logs for build [32mentando-app-builder-master-rele-bwbxr-70[0m stage [32mfrom-build-pack[0m and container [32mstep-promote-update-image-map[0m
Unable to retrieve container logs for docker://c10f11c869572c2d03ec5ee1b3fca66375d657308cd73949f8f02323821b7331
