
Showing logs for build [32mentando-app-builder-master-rele-hlqmz-71[0m stage [32mfrom-build-pack[0m and container [32mcredential-initializer[0m
Unable to retrieve container logs for docker://ed5185882630e21b032ebd89f312872098154eba875a40269cd166f10304fc34

Showing logs for build [32mentando-app-builder-master-rele-hlqmz-71[0m stage [32mfrom-build-pack[0m and container [32mworking-dir-initializer[0m
Unable to retrieve container logs for docker://321f26c57a568d6678f16d5273e47611df23b8eb6ac56f433d9c094d2538d10b

Showing logs for build [32mentando-app-builder-master-rele-hlqmz-71[0m stage [32mfrom-build-pack[0m and container [32mplace-tools[0m
Unable to retrieve container logs for docker://afe75d426ec60620c4e0adeed222016ce1c4e45f8c11371333da754847aa5f12

Showing logs for build [32mentando-app-builder-master-rele-hlqmz-71[0m stage [32mfrom-build-pack[0m and container [32mstep-git-source-entando-app-builder-master-rele-hlqmz-rgnng[0m
Unable to retrieve container logs for docker://0527628b550e885b60139a0df0763d06c7299af8e5b3e82760cfa06924f77126

Showing logs for build [32mentando-app-builder-master-rele-hlqmz-71[0m stage [32mfrom-build-pack[0m and container [32mstep-setup-builder-home[0m
Unable to retrieve container logs for docker://5a013dd575b27d2c15c8b8d1d9fa04218606c43e0fc78f75a3c052a8a0fac46a

Showing logs for build [32mentando-app-builder-master-rele-hlqmz-71[0m stage [32mfrom-build-pack[0m and container [32mstep-git-merge[0m
Unable to retrieve container logs for docker://d68707b566a254446f496e5e671ca03686b256da5d27f565a9b188494d28fc6f

Showing logs for build [32mentando-app-builder-master-rele-hlqmz-71[0m stage [32mfrom-build-pack[0m and container [32mstep-setup-jx-git-credentials[0m
Unable to retrieve container logs for docker://a04da1774fb638051cc68bad62ac8f39c3c747282cbfea39d135f16dba9d8c68

Showing logs for build [32mentando-app-builder-master-rele-hlqmz-71[0m stage [32mfrom-build-pack[0m and container [32mstep-build-npm-install[0m
Unable to retrieve container logs for docker://cedb2c614becc5237a2bc6146e58bb5da527a22a40b8b02ac960080fa5386a67

Showing logs for build [32mentando-app-builder-master-rele-hlqmz-71[0m stage [32mfrom-build-pack[0m and container [32mstep-build-npm-test[0m
Unable to retrieve container logs for docker://93982dc34369215873277880f078e218575e9d53eb5bdddafb1663b1b1d90ce7

Showing logs for build [32mentando-app-builder-master-rele-hlqmz-71[0m stage [32mfrom-build-pack[0m and container [32mstep-build-npm-build[0m
Unable to retrieve container logs for docker://046b48810dfd4a6c31afdcb67dfe5d1a5eeb0f7add04d501f58721c1efbc3d50

Showing logs for build [32mentando-app-builder-master-rele-hlqmz-71[0m stage [32mfrom-build-pack[0m and container [32mstep-build-container-build[0m
Unable to retrieve container logs for docker://2dc68432fffd0747fa314d6e0b070552e0db910c9018c031f541d92d2b5e9e67

Showing logs for build [32mentando-app-builder-master-rele-hlqmz-71[0m stage [32mfrom-build-pack[0m and container [32mstep-build-post-build[0m
Unable to retrieve container logs for docker://01003dadabde500804d1fbe103ce920f8d06f335ea93f05643f308f85ea56f40

Showing logs for build [32mentando-app-builder-master-rele-hlqmz-71[0m stage [32mfrom-build-pack[0m and container [32mstep-promote-update-image-map[0m
Unable to retrieve container logs for docker://7b1421e861d46a19e8bd4f0ec2ec1a7bad0e71239001fa735ceb57a3b7121b55
