
Showing logs for build [32mentando-app-builder-master-rele-7gqnb-72[0m stage [32mfrom-build-pack[0m and container [32mcredential-initializer[0m
Unable to retrieve container logs for docker://e4becd2464770535acd3338d67ed6518898f0c6ad4fc5811e9cdf4f1a09f1a1f

Showing logs for build [32mentando-app-builder-master-rele-7gqnb-72[0m stage [32mfrom-build-pack[0m and container [32mworking-dir-initializer[0m
Unable to retrieve container logs for docker://112e3abd962fca4e81f494d9d69bdc2a4e0096085e9c1627f9d0bb44a4856768

Showing logs for build [32mentando-app-builder-master-rele-7gqnb-72[0m stage [32mfrom-build-pack[0m and container [32mplace-tools[0m
Unable to retrieve container logs for docker://fbbe8c1915607a0354cdeea053212d54cbc0157536a0c24b68200b7f8e99582f

Showing logs for build [32mentando-app-builder-master-rele-7gqnb-72[0m stage [32mfrom-build-pack[0m and container [32mstep-git-source-entando-app-builder-master-rele-7gqnb-zqbj5[0m
Unable to retrieve container logs for docker://116a33955a28b8356d813ccb9a90b3744c9cde16be04b94c5212d507f7f23067

Showing logs for build [32mentando-app-builder-master-rele-7gqnb-72[0m stage [32mfrom-build-pack[0m and container [32mstep-setup-builder-home[0m
Unable to retrieve container logs for docker://00c47729c1dfae74d92b78809bf75015553906b9e33fc64811cdeba29ec3724d

Showing logs for build [32mentando-app-builder-master-rele-7gqnb-72[0m stage [32mfrom-build-pack[0m and container [32mstep-git-merge[0m
Unable to retrieve container logs for docker://63ca063feb9a1f7851d595fbb4e72f7780d79f17b82ab516fb4a3e84c934e713

Showing logs for build [32mentando-app-builder-master-rele-7gqnb-72[0m stage [32mfrom-build-pack[0m and container [32mstep-setup-jx-git-credentials[0m
Unable to retrieve container logs for docker://8ee2f65bc9ad554519970782c23b0d3eeaac04efb7a2a456ad239f2c44518f39

Showing logs for build [32mentando-app-builder-master-rele-7gqnb-72[0m stage [32mfrom-build-pack[0m and container [32mstep-build-npm-install[0m
Unable to retrieve container logs for docker://be460966dcc7785b825afe58df2d0766c1b591c31a0ec255132e4dc109addf67

Showing logs for build [32mentando-app-builder-master-rele-7gqnb-72[0m stage [32mfrom-build-pack[0m and container [32mstep-build-npm-test[0m
Unable to retrieve container logs for docker://cd11671a9202e232f71f79a30ee9851e0e4b570bd0de426b9566d583e326d439

Showing logs for build [32mentando-app-builder-master-rele-7gqnb-72[0m stage [32mfrom-build-pack[0m and container [32mstep-build-npm-build[0m
Unable to retrieve container logs for docker://cb9a5bdc21994f7ce9556a889b4d916a6b03490b500c7e6d6b906edf9a5a447a

Showing logs for build [32mentando-app-builder-master-rele-7gqnb-72[0m stage [32mfrom-build-pack[0m and container [32mstep-build-container-build[0m
Unable to retrieve container logs for docker://deb846ae8c5b1a0fb48b81fd273df80113f6fdc992f9b413f9568de5434dd54c

Showing logs for build [32mentando-app-builder-master-rele-7gqnb-72[0m stage [32mfrom-build-pack[0m and container [32mstep-build-post-build[0m
Unable to retrieve container logs for docker://8f3d5df7d4cd7e737af9ac43eb1004607f3e91426af38167ee5b6fbf1c6de450

Showing logs for build [32mentando-app-builder-master-rele-7gqnb-72[0m stage [32mfrom-build-pack[0m and container [32mstep-promote-update-image-map[0m
Unable to retrieve container logs for docker://e5faaf0dd2e0624df3a1f777d215bd75ccbac2fd137748767a55e50c8b8e4475
