
Showing logs for build [32mentando-app-builder-master-rele-7qjvt-73[0m stage [32mfrom-build-pack[0m and container [32mcredential-initializer[0m
Unable to retrieve container logs for docker://bba4f0a003d96861306d4a8b0439354e557037c66***2633f47981ad10c2eb2a

Showing logs for build [32mentando-app-builder-master-rele-7qjvt-73[0m stage [32mfrom-build-pack[0m and container [32mworking-dir-initializer[0m
Unable to retrieve container logs for docker://394f8c795aaa6c4a5b4ed07d30c7025dd0d9c878fd98467a896a4ddcab95e642

Showing logs for build [32mentando-app-builder-master-rele-7qjvt-73[0m stage [32mfrom-build-pack[0m and container [32mplace-tools[0m
Unable to retrieve container logs for docker://3b80eb85bcd0610c1e6207d42795250ed87396ab95da6f54d570c2d2762f3d8c

Showing logs for build [32mentando-app-builder-master-rele-7qjvt-73[0m stage [32mfrom-build-pack[0m and container [32mstep-git-source-entando-app-builder-master-rele-7qjvt-jl25h[0m
Unable to retrieve container logs for docker://c40f4dd78463624a182cc9246219ea57da6cb6f0d46f5f19c2e634d4a8d0711c

Showing logs for build [32mentando-app-builder-master-rele-7qjvt-73[0m stage [32mfrom-build-pack[0m and container [32mstep-setup-builder-home[0m
Unable to retrieve container logs for docker://4f8991cfa09a526687375d7ebdd99d5624894a85bf38231ff1bfc8d079df4b6e

Showing logs for build [32mentando-app-builder-master-rele-7qjvt-73[0m stage [32mfrom-build-pack[0m and container [32mstep-git-merge[0m
Unable to retrieve container logs for docker://28a2bb654d312b3ba575c528812872c03bf40b97ae25350edb9ade1f80d53224

Showing logs for build [32mentando-app-builder-master-rele-7qjvt-73[0m stage [32mfrom-build-pack[0m and container [32mstep-setup-jx-git-credentials[0m
Unable to retrieve container logs for docker://930c8e1bd576e916dfde340fc0d305255198feaade2f0d5e7bc1b1941dea536a

Showing logs for build [32mentando-app-builder-master-rele-7qjvt-73[0m stage [32mfrom-build-pack[0m and container [32mstep-build-npm-install[0m
Unable to retrieve container logs for docker://526ab0705c11bf20eefe62b6c0498e329070b7962b498324d4519296a66c6918

Showing logs for build [32mentando-app-builder-master-rele-7qjvt-73[0m stage [32mfrom-build-pack[0m and container [32mstep-build-npm-test[0m
Unable to retrieve container logs for docker://150496fef1893649570c044cc2c6722382ff42d4f7a0fb292544e467851a8c48

Showing logs for build [32mentando-app-builder-master-rele-7qjvt-73[0m stage [32mfrom-build-pack[0m and container [32mstep-build-npm-build[0m
Unable to retrieve container logs for docker://ce77ac346dd7302407839c739106dd6e1a96192aad0bb467ae0d2fa9d662c16e

Showing logs for build [32mentando-app-builder-master-rele-7qjvt-73[0m stage [32mfrom-build-pack[0m and container [32mstep-build-container-build[0m
Unable to retrieve container logs for docker://906ac97c697ff4404ae27dd35afd447fd1da2b4f75522b05c1b11501f652a368

Showing logs for build [32mentando-app-builder-master-rele-7qjvt-73[0m stage [32mfrom-build-pack[0m and container [32mstep-build-post-build[0m
Unable to retrieve container logs for docker://7266fd981f805e5ba6f8454060988476e780e2437d484717aaaee796f7e5af7b

Showing logs for build [32mentando-app-builder-master-rele-7qjvt-73[0m stage [32mfrom-build-pack[0m and container [32mstep-promote-update-image-map[0m
Unable to retrieve container logs for docker://65aedffbcb768f50fbec8cd73d95244cfd4cb61af20e0b7366c6aa6c70182114
