
Showing logs for build [32mentando-app-builder-master-rele-v9kv4-74[0m stage [32mfrom-build-pack[0m and container [32mcredential-initializer[0m
Unable to retrieve container logs for docker://a9902cdd60de9b7a8e5f33c30adcd3708c25e1a5b09c7939db8fb62e9fb61412

Showing logs for build [32mentando-app-builder-master-rele-v9kv4-74[0m stage [32mfrom-build-pack[0m and container [32mworking-dir-initializer[0m
Unable to retrieve container logs for docker://7a0c46d3af8bdd29bea568d0b16e5329775465781fdd2e39736c205e7253c83c

Showing logs for build [32mentando-app-builder-master-rele-v9kv4-74[0m stage [32mfrom-build-pack[0m and container [32mplace-tools[0m
Unable to retrieve container logs for docker://dd4d6fdb668690594ddab7161fa4ff5504410f20bf375d5db298b6c1875d9540

Showing logs for build [32mentando-app-builder-master-rele-v9kv4-74[0m stage [32mfrom-build-pack[0m and container [32mstep-git-source-entando-app-builder-master-rele-v9kv4-98jwj[0m
Unable to retrieve container logs for docker://494243be974f6e3f2cd9bc86653dc8325227c9cf229954119479e59dc0f58d5f

Showing logs for build [32mentando-app-builder-master-rele-v9kv4-74[0m stage [32mfrom-build-pack[0m and container [32mstep-setup-builder-home[0m
Unable to retrieve container logs for docker://08dc57e9abcc274841d577581e40396857a4c17ee54df320e720f87451870f3a

Showing logs for build [32mentando-app-builder-master-rele-v9kv4-74[0m stage [32mfrom-build-pack[0m and container [32mstep-git-merge[0m
Unable to retrieve container logs for docker://64e736d3cd5a465f5402f53192b6227b4828a045314fea66ef189f2b6500ae3d

Showing logs for build [32mentando-app-builder-master-rele-v9kv4-74[0m stage [32mfrom-build-pack[0m and container [32mstep-setup-jx-git-credentials[0m
Unable to retrieve container logs for docker://1b6c57ecb8d2392fbe9d776724a353100564c6aae3bc421186564ca57da9864b

Showing logs for build [32mentando-app-builder-master-rele-v9kv4-74[0m stage [32mfrom-build-pack[0m and container [32mstep-build-npm-install[0m
Unable to retrieve container logs for docker://92ff66c00efb587fcb8cf9689bb9780c09b31a385b99e46bb039939c21088344

Showing logs for build [32mentando-app-builder-master-rele-v9kv4-74[0m stage [32mfrom-build-pack[0m and container [32mstep-build-npm-test[0m
Unable to retrieve container logs for docker://3b090bfae73e7017981b30e5d49c7858f1244690f40e2d092d95ef7942e0d924

Showing logs for build [32mentando-app-builder-master-rele-v9kv4-74[0m stage [32mfrom-build-pack[0m and container [32mstep-build-npm-build[0m
Unable to retrieve container logs for docker://9d176655b6acf12f4c4804e090db6e35ab13161b677dbc2012cae2686e7bf556

Showing logs for build [32mentando-app-builder-master-rele-v9kv4-74[0m stage [32mfrom-build-pack[0m and container [32mstep-build-container-build[0m
Unable to retrieve container logs for docker://885f898ab16ce6309a4fd63561bf4f633196ae619b870e40efdcdeaf0caf9f69

Showing logs for build [32mentando-app-builder-master-rele-v9kv4-74[0m stage [32mfrom-build-pack[0m and container [32mstep-build-post-build[0m
Unable to retrieve container logs for docker://191f54b3684c951bda2a4a04520857604e3028267ef4126ea99c0d513e80472c

Showing logs for build [32mentando-app-builder-master-rele-v9kv4-74[0m stage [32mfrom-build-pack[0m and container [32mstep-promote-update-image-map[0m
Unable to retrieve container logs for docker://ac36f7cf2bdefc578ca89cddf44cf679a9ccc237e7206c08d5570ef6224de62b
