
Showing logs for build [32mentando-app-builder-master-rele-hwnhj-75[0m stage [32mfrom-build-pack[0m and container [32mcredential-initializer[0m
Unable to retrieve container logs for docker://55b8e89791727c240498a54a7cdbca306e8b0fb583e6c2619fe848a79ed97176

Showing logs for build [32mentando-app-builder-master-rele-hwnhj-75[0m stage [32mfrom-build-pack[0m and container [32mworking-dir-initializer[0m
Unable to retrieve container logs for docker://d67ce9b7c36a071794d20e916de32d6330bcae5a0762e303db832a0d6eb69271

Showing logs for build [32mentando-app-builder-master-rele-hwnhj-75[0m stage [32mfrom-build-pack[0m and container [32mplace-tools[0m
Unable to retrieve container logs for docker://7bd44aa6bd720e1e1f9b6a8567ccd3605fc4c259c0676626b5b50f7e69b3f303

Showing logs for build [32mentando-app-builder-master-rele-hwnhj-75[0m stage [32mfrom-build-pack[0m and container [32mstep-git-source-entando-app-builder-master-rele-hwnhj-zlh5l[0m
Unable to retrieve container logs for docker://8e0099501ededc230d7891a2c1ccd956cede744921a4531ba95ff0a03e08733c

Showing logs for build [32mentando-app-builder-master-rele-hwnhj-75[0m stage [32mfrom-build-pack[0m and container [32mstep-setup-builder-home[0m
Unable to retrieve container logs for docker://899636dfccd23f1dc9c46984c1e4e019e9e76f171feedc61954f0fc2b9d70277

Showing logs for build [32mentando-app-builder-master-rele-hwnhj-75[0m stage [32mfrom-build-pack[0m and container [32mstep-git-merge[0m
Unable to retrieve container logs for docker://8d8489bdc4e4a0547d322b4d08a9d64ce70065745d036a5fd32c0c7e78c0452b

Showing logs for build [32mentando-app-builder-master-rele-hwnhj-75[0m stage [32mfrom-build-pack[0m and container [32mstep-setup-jx-git-credentials[0m
Unable to retrieve container logs for docker://1eaad159c1ccf67b3e56d423a7bc611bd79df6cb608a0605cce8fd94722fac49

Showing logs for build [32mentando-app-builder-master-rele-hwnhj-75[0m stage [32mfrom-build-pack[0m and container [32mstep-build-npm-install[0m
Unable to retrieve container logs for docker://001d105d64ba3e1f87bb45705a7cb44c0331164d9127ef6e68fbfa0e85c9637c

Showing logs for build [32mentando-app-builder-master-rele-hwnhj-75[0m stage [32mfrom-build-pack[0m and container [32mstep-build-npm-test[0m
Unable to retrieve container logs for docker://5b32540bb7253d7ef946bd69220b237d870d9bc2fdd95f5c43f7eeb2b97f671c

Showing logs for build [32mentando-app-builder-master-rele-hwnhj-75[0m stage [32mfrom-build-pack[0m and container [32mstep-build-npm-build[0m
Unable to retrieve container logs for docker://3a979eee42790463fbf375a25773690889fd621a8a321621c0e262a98d2cd712

Showing logs for build [32mentando-app-builder-master-rele-hwnhj-75[0m stage [32mfrom-build-pack[0m and container [32mstep-build-container-build[0m
Unable to retrieve container logs for docker://d65b3da42bb10f53d817f7edc694574cc33b49472943be5735f3c080f1c4f432

Showing logs for build [32mentando-app-builder-master-rele-hwnhj-75[0m stage [32mfrom-build-pack[0m and container [32mstep-build-post-build[0m
Unable to retrieve container logs for docker://88f5b1540b29bc550b06b252d8298b5ca23afab477421640bd1d66fd6989e945

Showing logs for build [32mentando-app-builder-master-rele-hwnhj-75[0m stage [32mfrom-build-pack[0m and container [32mstep-promote-update-image-map[0m
Unable to retrieve container logs for docker://6c0705811dceb618f8a5b183605dbf7dda3642017a1c1007c1697e4c53a52a15
