
Showing logs for build [32mentando-k8s-entando-k8s-app-plu-t64bv-1[0m stage [32mfrom-build-pack[0m and container [32mcredential-initializer[0m
Unable to retrieve container logs for docker://630bf1dcbc534b2d26ffeb0e67fb4710fe8fd3592bac493cadd2c3567f41683e

Showing logs for build [32mentando-k8s-entando-k8s-app-plu-t64bv-1[0m stage [32mfrom-build-pack[0m and container [32mworking-dir-initializer[0m
Unable to retrieve container logs for docker://0ed6f3b3da8769316de967bc89a5a805ff0b6c410936e727ac720b481cf19c0c

Showing logs for build [32mentando-k8s-entando-k8s-app-plu-t64bv-1[0m stage [32mfrom-build-pack[0m and container [32mplace-tools[0m
Unable to retrieve container logs for docker://14a0cb586848676c27a6fadf65f20c2be6078326265c746c74f3a4d34ea3b779

Showing logs for build [32mentando-k8s-entando-k8s-app-plu-t64bv-1[0m stage [32mfrom-build-pack[0m and container [32mstep-git-source-entando-k8s-entando-k8s-app-plu-t64bv-tmtxc[0m
Unable to retrieve container logs for docker://8b74ccc1fad12b3c4df8e2c3301f335dd3fc871f83c0484e13d1e1768f8fb87d

Showing logs for build [32mentando-k8s-entando-k8s-app-plu-t64bv-1[0m stage [32mfrom-build-pack[0m and container [32mstep-setup-builder-home[0m
Unable to retrieve container logs for docker://b17fbd7ece1d5652db14066a9736ba2cf0e3e1858e9def21f988b19324329d6b

Showing logs for build [32mentando-k8s-entando-k8s-app-plu-t64bv-1[0m stage [32mfrom-build-pack[0m and container [32mstep-git-merge[0m
Unable to retrieve container logs for docker://ee51be4269357c5ca15b3d89356db0100ce524be6bbd1b11d6991cf1ace2630d

Showing logs for build [32mentando-k8s-entando-k8s-app-plu-t64bv-1[0m stage [32mfrom-build-pack[0m and container [32mstep-build-set-version[0m
Unable to retrieve container logs for docker://79da67e8b9ade65edcbbc0586c7ad3078223af5fb870c807e7bc818d717bbd22

Showing logs for build [32mentando-k8s-entando-k8s-app-plu-t64bv-1[0m stage [32mfrom-build-pack[0m and container [32mstep-build-fix-git-for-sonar[0m
Unable to retrieve container logs for docker://53ecd763ad00ef47d28fdf0a6cb47a18e83b5625d65b20655bdaa0fccfea9572

Showing logs for build [32mentando-k8s-entando-k8s-app-plu-t64bv-1[0m stage [32mfrom-build-pack[0m and container [32mstep-build-mvn-verify-pr[0m
Unable to retrieve container logs for docker://2cfbd2dfa24158258bf69e1c755b696d83fe4a993634802c0d9119581cd8a819
[31m
Pipeline failed on stage 'from-build-pack' : container 'step-build-mvn-verify-pr'. The execution of the pipeline has stopped.[0m
