
Showing logs for build [32mentando-k8s-entando-k8s-app-plu-cd267-2[0m stage [32mfrom-build-pack[0m and container [32mcredential-initializer[0m
Unable to retrieve container logs for docker://6eedfe5de1d1ef40c8c70fb00d63151be7b33eacdadcb816192ebd5ac1518475

Showing logs for build [32mentando-k8s-entando-k8s-app-plu-cd267-2[0m stage [32mfrom-build-pack[0m and container [32mworking-dir-initializer[0m
Unable to retrieve container logs for docker://ce430cba8203ee26cdd32e2e28524662baf5fb1b6b916f0b62ebff3475f95224

Showing logs for build [32mentando-k8s-entando-k8s-app-plu-cd267-2[0m stage [32mfrom-build-pack[0m and container [32mplace-tools[0m
Unable to retrieve container logs for docker://77c1c277b03bad5668dddbf75e75b04103d4bd1c9cf5a44d41a59ddaaa81fb0e

Showing logs for build [32mentando-k8s-entando-k8s-app-plu-cd267-2[0m stage [32mfrom-build-pack[0m and container [32mstep-git-source-entando-k8s-entando-k8s-app-plu-cd267-jbqdl[0m
Unable to retrieve container logs for docker://c1584c8a0293107d01b4a2833e9c000f9f8fdc9249698f24e76c37f53655f235

Showing logs for build [32mentando-k8s-entando-k8s-app-plu-cd267-2[0m stage [32mfrom-build-pack[0m and container [32mstep-setup-builder-home[0m
Unable to retrieve container logs for docker://8ffa494f45400b7828c4d27729cb8773ee2154f5845eda0ca66119f28af0ba1d

Showing logs for build [32mentando-k8s-entando-k8s-app-plu-cd267-2[0m stage [32mfrom-build-pack[0m and container [32mstep-git-merge[0m
Unable to retrieve container logs for docker://83c06db3b5a6db6a323c3e0193f5bc231c98415c8d22537427be8a7c26d15b06

Showing logs for build [32mentando-k8s-entando-k8s-app-plu-cd267-2[0m stage [32mfrom-build-pack[0m and container [32mstep-build-set-version[0m
Unable to retrieve container logs for docker://4573b96b92c7ae2c7429e2be998a50126e78854dd1ccd74330d9f981cc047a3d

Showing logs for build [32mentando-k8s-entando-k8s-app-plu-cd267-2[0m stage [32mfrom-build-pack[0m and container [32mstep-build-fix-git-for-sonar[0m
Unable to retrieve container logs for docker://9723e522423e005f9***84a864d3ff2b862ea792a3c71261b63d86355b3c622f

Showing logs for build [32mentando-k8s-entando-k8s-app-plu-cd267-2[0m stage [32mfrom-build-pack[0m and container [32mstep-build-mvn-verify-pr[0m
Unable to retrieve container logs for docker://fac860e46acbe50bbbd297688ad6d10e948c063f503eba5ba7045d30e5e5f56b

Showing logs for build [32mentando-k8s-entando-k8s-app-plu-cd267-2[0m stage [32mfrom-build-pack[0m and container [32mstep-build-container-build[0m
Unable to retrieve container logs for docker://19e670b3653c6e03c2de3b9eacbafc2ea01f8309308cdd13deb0a3627ecbef5c

Showing logs for build [32mentando-k8s-entando-k8s-app-plu-cd267-2[0m stage [32mfrom-build-pack[0m and container [32mstep-postbuild-post-build[0m
Unable to retrieve container logs for docker://6c85e6425bd9751c8d6bd7728facc135e64751d26fc4941e6d2a99eb7443a95e

Showing logs for build [32mentando-k8s-entando-k8s-app-plu-cd267-2[0m stage [32mfrom-build-pack[0m and container [32mstep-promote-make-preview[0m
Unable to retrieve container logs for docker://97f5d5f36acd7c0498552a94eeb8092ad61a9b05903d6f2062b06b333b959307
[31m
Pipeline failed on stage 'from-build-pack' : container 'step-promote-make-preview'. The execution of the pipeline has stopped.[0m
