
Showing logs for build [32mentando-k8s-entando-k8s-app-plu-vtbhh-3[0m stage [32mfrom-build-pack[0m and container [32mcredential-initializer[0m
Unable to retrieve container logs for docker://498088ff96e51a76570c2a76a38b9f762e77ccdb95e07c28d0f77e331442ab41

Showing logs for build [32mentando-k8s-entando-k8s-app-plu-vtbhh-3[0m stage [32mfrom-build-pack[0m and container [32mworking-dir-initializer[0m
Unable to retrieve container logs for docker://9360b326e150b7252db7326b7d46584e9ab731dfaee7d331a60d5f3e073e7a45

Showing logs for build [32mentando-k8s-entando-k8s-app-plu-vtbhh-3[0m stage [32mfrom-build-pack[0m and container [32mplace-tools[0m
Unable to retrieve container logs for docker://52b33373f3c2e441c954971b053b807770b55faa32c1256928118334c0d4646b

Showing logs for build [32mentando-k8s-entando-k8s-app-plu-vtbhh-3[0m stage [32mfrom-build-pack[0m and container [32mstep-git-source-entando-k8s-entando-k8s-app-plu-vtbhh-cwlkq[0m
Unable to retrieve container logs for docker://b18cccd9ab3cbc2d9e88ea9c2887ed0344fa5d6367986128b138725aca927841

Showing logs for build [32mentando-k8s-entando-k8s-app-plu-vtbhh-3[0m stage [32mfrom-build-pack[0m and container [32mstep-setup-builder-home[0m
Unable to retrieve container logs for docker://2e1145e0f048812c0ed02bfe9c73562798f822b6cffd0e1a203a39f26a189f47

Showing logs for build [32mentando-k8s-entando-k8s-app-plu-vtbhh-3[0m stage [32mfrom-build-pack[0m and container [32mstep-git-merge[0m
Unable to retrieve container logs for docker://9c472e1f147c6b28cfb2120b3eb02d45f0c9c087a2e1010ab3ac68ae1e22191f

Showing logs for build [32mentando-k8s-entando-k8s-app-plu-vtbhh-3[0m stage [32mfrom-build-pack[0m and container [32mstep-build-set-version[0m
Unable to retrieve container logs for docker://dfa8afea8213903727b7075f18282632f0a0bb2b55659c57ba8cc2d68693d978

Showing logs for build [32mentando-k8s-entando-k8s-app-plu-vtbhh-3[0m stage [32mfrom-build-pack[0m and container [32mstep-build-fix-git-for-sonar[0m
Unable to retrieve container logs for docker://f9500d0786d2e004c968bdcf2dc0247cb4379ec2ce9e283323b057d61e760206

Showing logs for build [32mentando-k8s-entando-k8s-app-plu-vtbhh-3[0m stage [32mfrom-build-pack[0m and container [32mstep-build-mvn-verify-pr[0m
Unable to retrieve container logs for docker://1d778c93a795387f6c281b80834b6a4e5d04e5df77e9656f556665a2db20cc62

Showing logs for build [32mentando-k8s-entando-k8s-app-plu-vtbhh-3[0m stage [32mfrom-build-pack[0m and container [32mstep-build-container-build[0m
Unable to retrieve container logs for docker://261270de7bae540f15ce9b683d5af2122a8db7437411c25e7cc071b913247b28

Showing logs for build [32mentando-k8s-entando-k8s-app-plu-vtbhh-3[0m stage [32mfrom-build-pack[0m and container [32mstep-postbuild-post-build[0m
Unable to retrieve container logs for docker://dd827408215f7d1b87b0809b3d791e5b873a31223ebd555e489c1d644128da14

Showing logs for build [32mentando-k8s-entando-k8s-app-plu-vtbhh-3[0m stage [32mfrom-build-pack[0m and container [32mstep-promote-make-preview[0m
Unable to retrieve container logs for docker://ea44027d9b28e55fc62f2c9637d90b6ce2b2cc17b3724c649c330ee8fd6ac67c
[31m
Pipeline failed on stage 'from-build-pack' : container 'step-promote-make-preview'. The execution of the pipeline has stopped.[0m
