
Showing logs for build [32mentando-k8s-entando-k8s-app-plu-76tgt-4[0m stage [32mfrom-build-pack[0m and container [32mcredential-initializer[0m
Unable to retrieve container logs for docker://fbd9bfd307fc7f5a2ac51987fe527e2f150cc5240f9a82583ced468f806ad90e

Showing logs for build [32mentando-k8s-entando-k8s-app-plu-76tgt-4[0m stage [32mfrom-build-pack[0m and container [32mworking-dir-initializer[0m
Unable to retrieve container logs for docker://743c2d2d2f57f249ed8cd0830c520a0b5adeaf9f7435822041fff73ea8d13c2c

Showing logs for build [32mentando-k8s-entando-k8s-app-plu-76tgt-4[0m stage [32mfrom-build-pack[0m and container [32mplace-tools[0m
Unable to retrieve container logs for docker://4b3e94f498bae141ce5ecd9dba28f171fd217c49ed3d9817a4533ac3970db55a

Showing logs for build [32mentando-k8s-entando-k8s-app-plu-76tgt-4[0m stage [32mfrom-build-pack[0m and container [32mstep-git-source-entando-k8s-entando-k8s-app-plu-76tgt-gx8vc[0m
Unable to retrieve container logs for docker://27eb22af70816962621ea946d181c33cf2ef489d848f887c51f3b0155fe6af37

Showing logs for build [32mentando-k8s-entando-k8s-app-plu-76tgt-4[0m stage [32mfrom-build-pack[0m and container [32mstep-setup-builder-home[0m
Unable to retrieve container logs for docker://af875dc67c3fb919f565db9900db626b4005b2c87575a542a903567cc3c5c161

Showing logs for build [32mentando-k8s-entando-k8s-app-plu-76tgt-4[0m stage [32mfrom-build-pack[0m and container [32mstep-git-merge[0m
Unable to retrieve container logs for docker://2a214bbe47eaa613d477716cf99eb9372b31137c5f136c6ba2389e84fdee1f4a

Showing logs for build [32mentando-k8s-entando-k8s-app-plu-76tgt-4[0m stage [32mfrom-build-pack[0m and container [32mstep-build-set-version[0m
Unable to retrieve container logs for docker://5d5af3f2d5faad20daeff66f141051037d29b7fcd690751d49b30f8520b0d54c

Showing logs for build [32mentando-k8s-entando-k8s-app-plu-76tgt-4[0m stage [32mfrom-build-pack[0m and container [32mstep-build-fix-git-for-sonar[0m
Unable to retrieve container logs for docker://0db2bd9b813c34512175d7f44a6b13459dcf9965f654b4665c5f1650f6b01611

Showing logs for build [32mentando-k8s-entando-k8s-app-plu-76tgt-4[0m stage [32mfrom-build-pack[0m and container [32mstep-build-mvn-verify-pr[0m
Unable to retrieve container logs for docker://ac1da8bde17ff256ae02830823ccd37337e64840e4a718660e70062c0d448a4d
[31m
Pipeline failed on stage 'from-build-pack' : container 'step-build-mvn-verify-pr'. The execution of the pipeline has stopped.[0m
