
Showing logs for build [32mentando-entando-plugin-jpredis-92x7w-1[0m stage [32mfrom-build-pack[0m and container [32mcredential-initializer[0m
{"level":"info","ts":1627508504.4353526,"caller":"creds-init/main.go:44","msg":"Credentials initialized."}

Showing logs for build [32mentando-entando-plugin-jpredis-92x7w-1[0m stage [32mfrom-build-pack[0m and container [32mworking-dir-initializer[0m

Showing logs for build [32mentando-entando-plugin-jpredis-92x7w-1[0m stage [32mfrom-build-pack[0m and container [32mplace-tools[0m

Showing logs for build [32mentando-entando-plugin-jpredis-92x7w-1[0m stage [32mfrom-build-pack[0m and container [32mstep-git-source-entando-entando-plugin-jpredis-92x7w-nnxvh[0m
{"level":"info","ts":1627508592.8027668,"caller":"git/git.go:105","msg":"Successfully cloned https://github.com/entando/entando-plugin-jpredis.git @ master in path /workspace/source"}
{"level":"warn","ts":1627508592.8030627,"caller":"git/git.go:152","msg":"Unexpected error: creating symlink: symlink /tekton/home/.ssh /****/.ssh: file exists"}
{"level":"info","ts":1627508592.875313,"caller":"git/git.go:133","msg":"Successfully initialized and updated submodules in path /workspace/source"}

Showing logs for build [32mentando-entando-plugin-jpredis-92x7w-1[0m stage [32mfrom-build-pack[0m and container [32mstep-setup-builder-home[0m

Showing logs for build [32mentando-entando-plugin-jpredis-92x7w-1[0m stage [32mfrom-build-pack[0m and container [32mstep-git-merge[0m
Using SHAs from PULL_REFS=develop:8c26d50b221a1a004a58b190fff5dc222bc5bbc7,12:3c93f5a89e92c1e8fdaa7b4fb2ae109e5b4fb4b0
DEBUG: LC_ALL=C JX_LOG_LEVEL=error git fetch origin --unshallow 3c93f5a89e92c1e8fdaa7b4fb2ae109e5b4fb4b0: 8c26d50b221a1a004a58b190fff5dc222bc5bbc7:
DEBUG: ran git fetch --unshallow origin 3c93f5a89e92c1e8fdaa7b4fb2ae109e5b4fb4b0: 8c26d50b221a1a004a58b190fff5dc222bc5bbc7: in 
DEBUG: JX_LOG_LEVEL=error LC_ALL=C git branch
DEBUG: LC_ALL=C JX_LOG_LEVEL=error git branch develop
DEBUG: LC_ALL=C JX_LOG_LEVEL=error git checkout develop
DEBUG: ran git checkout develop in 
DEBUG: LC_ALL=C JX_LOG_LEVEL=error git reset --hard 8c26d50b221a1a004a58b190fff5dc222bc5bbc7
DEBUG: ran git reset --hard 8c26d50b221a1a004a58b190fff5dc222bc5bbc7 in 
DEBUG: LC_ALL=C JX_LOG_LEVEL=error git clean -fd .
DEBUG: ran clean --force -d . in 
DEBUG: LC_ALL=C JX_LOG_LEVEL=error git merge 3c93f5a89e92c1e8fdaa7b4fb2ae109e5b4fb4b0
DEBUG: ran git merge 3c93f5a89e92c1e8fdaa7b4fb2ae109e5b4fb4b0 in 
DEBUG: LC_ALL=C JX_LOG_LEVEL=error git log --format=%H%x1f%an%x1f%ae%x1f%cn%x1f%ce%x1f%s%n%b%x1e 8c26d50b221a1a004a58b190fff5dc222bc5bbc7..HEAD
Merged SHA 3c93f5a89e92c1e8fdaa7b4fb2ae109e5b4fb4b0 with commit message 'ENG-2459 Updating entado-core-parent version to 6.4.22' into base branch develop

Showing logs for build [32mentando-entando-plugin-jpredis-92x7w-1[0m stage [32mfrom-build-pack[0m and container [32mstep-build-set-version[0m
Picked up _JAVA_OPTIONS: -XX:+UnlockExperimentalVMOptions -Dsun.zip.disableMemoryMapping=**** -XX:+UseParallelGC -XX:MinHeapFreeRatio=5 -XX:MaxHeapFreeRatio=10 -XX:GCTimeRatio=4 -XX:AdaptiveSizePolicyWeight=90 -Xms10m -Xmx8000m
[INFO] Scanning for projects...
[WARNING] 
[WARNING] Some problems were encountered while building the effective model for org.entando.entando.plugins:entando-plugin-jpredis:war:6.4.0-SNAPSHOT
[WARNING] 'dependencyManagement.dependencies.dependency.(groupId:artifactId:type:classifier)' must be unique: org.springframework:spring-tx:jar -> version (?) vs ${spring.version} @ org.entando:entando-core-parent:6.4.22, /home/jenkins/.mvnrepository/org/entando/entando-core-parent/6.4.22/entando-core-parent-6.4.22.pom, line 648, column 25
[WARNING] 
[WARNING] It is highly recommended to fix these problems because they threaten the stability of your build.
[WARNING] 
[WARNING] For this reason, future Maven versions might no longer support building such malformed projects.
[WARNING] 
[INFO] 
[INFO] ---------< org.entando.entando.plugins:entando-plugin-jpredis >---------
[INFO] Building Entando Plugin: Redis Connector 6.4.0-SNAPSHOT
[INFO] --------------------------------[ war ]---------------------------------
[INFO] 
[INFO] --- versions-maven-plugin:2.8.1:set (default-cli) @ entando-plugin-jpredis ---
[INFO] Local aggregation ****: /workspace/source
[INFO] Processing change of org.entando.entando.plugins:entando-plugin-jpredis:6.4.0-SNAPSHOT -> 0.0.0-SNAPSHOT-PR-12-1
[INFO] Processing org.entando.entando.plugins:entando-plugin-jpredis
[INFO]     Updating project org.entando.entando.plugins:entando-plugin-jpredis
[INFO]         from version 6.4.0-SNAPSHOT to 0.0.0-SNAPSHOT-PR-12-1
[INFO] 
[INFO] ------------------------------------------------------------------------
[INFO] BUILD SUCCESS
[INFO] ------------------------------------------------------------------------
[INFO] Total time:  8.438 s
[INFO] Finished at: 2021-07-28T21:43:25Z
[INFO] ------------------------------------------------------------------------

Showing logs for build [32mentando-entando-plugin-jpredis-92x7w-1[0m stage [32mfrom-build-pack[0m and container [32mstep-build-fix-git-for-sonar[0m
Switched to a new branch 'PR-12'
M	pom.xml
Deleted branch master (was 2bac1b2).
From https://github.com/entando/entando-plugin-jpredis
 * [new branch]      master     -> master
 * [new tag]         p6.4.0-ENG-2471-PR-8-SNAPSHOT -> p6.4.0-ENG-2471-PR-8-SNAPSHOT
 * [new tag]         p6.4.0-ENG-2554-PR-11-SNAPSHOT -> p6.4.0-ENG-2554-PR-11-SNAPSHOT

Showing logs for build [32mentando-entando-plugin-jpredis-92x7w-1[0m stage [32mfrom-build-pack[0m and container [32mstep-build-jx-preview[0m
Creating a preview
Created environment entando-plugin-jpredis-jredispr12
Namespace entando-plugin-jpredis-jredispr12 created 
expose:
  Annotations:
    helm.sh/hook: post-install,post-upgrade
    helm.sh/hook-delete-policy: hook-succeeded
  config:
    domain: *************
    exposer: Ingress
    http: "****"
preview:
  image:
    repository: *********/entando/entando-plugin-jpredis
    tag: 0.0.0-SNAPSHOT-PR-12-1

WARNING: Could not find the service URL in namespace entando-plugin-jpredis-jredispr12 for names : Timed out after 1m0s, last error: %!s(<nil>)
Updating PipelineActivities entando-entando-plugin-jpredis-pr-12-1 which has status Running
WARNING: Failed to find the service entando-plugin-jpredis : failed to find service entando-plugin-jpredis in namespace entando-plugin-jpredis-jredispr12: services "entando-plugin-jpredis" not found

Showing logs for build [32mentando-entando-plugin-jpredis-92x7w-1[0m stage [32mfrom-build-pack[0m and container [32mstep-build-join-networks[0m
netnamespace.network.openshift.io/entando-plugin-jpredis-jredispr12 patched

Showing logs for build [32mentando-entando-plugin-jpredis-92x7w-1[0m stage [32mfrom-build-pack[0m and container [32mstep-build-mvn-verify-pr[0m
Picked up _JAVA_OPTIONS: -XX:+UnlockExperimentalVMOptions -Dsun.zip.disableMemoryMapping=**** -XX:+UseParallelGC -XX:MinHeapFreeRatio=5 -XX:MaxHeapFreeRatio=10 -XX:GCTimeRatio=4 -XX:AdaptiveSizePolicyWeight=90 -Xms10m -Xmx8000m
[INFO] Scanning for projects...
[WARNING] 
[WARNING] Some problems were encountered while building the effective model for org.entando.entando.plugins:entando-plugin-jpredis:war:0.0.0-SNAPSHOT-PR-12-1
[WARNING] 'dependencyManagement.dependencies.dependency.(groupId:artifactId:type:classifier)' must be unique: org.springframework:spring-tx:jar -> version (?) vs ${spring.version} @ org.entando:entando-core-parent:6.4.22, /home/jenkins/.mvnrepository/org/entando/entando-core-parent/6.4.22/entando-core-parent-6.4.22.pom, line 648, column 25
[WARNING] 
[WARNING] It is highly recommended to fix these problems because they threaten the stability of your build.
[WARNING] 
[WARNING] For this reason, future Maven versions might no longer support building such malformed projects.
[WARNING] 
[INFO] 
[INFO] ---------< org.entando.entando.plugins:entando-plugin-jpredis >---------
[INFO] Building Entando Plugin: Redis Connector 0.0.0-SNAPSHOT-PR-12-1
[INFO] --------------------------------[ war ]---------------------------------
[INFO] 
[INFO] --- maven-checkstyle-plugin:3.1.1:check (validate) @ entando-plugin-jpredis ---
[INFO] 
[INFO] --- maven-checkstyle-plugin:3.1.1:checkstyle (validate) @ entando-plugin-jpredis ---
[INFO] 
[INFO] --- jacoco-maven-plugin:0.8.6:prepare-agent (prepare-agent) @ entando-plugin-jpredis ---
[INFO] argLine set to -javaagent:/home/jenkins/.mvnrepository/org/jacoco/org.jacoco.agent/0.8.6/org.jacoco.agent-0.8.6-runtime.jar=destfile=/workspace/source/target/jacoco.e**c
[INFO] 
[INFO] --- maven-resources-plugin:2.5:resources (default-resources) @ entando-plugin-jpredis ---
[debug] e**cute contextualize
[INFO] Using 'UTF-8' encoding to copy filtered resources.
[INFO] Copying 2 resources
[INFO] Copying 1 resource
[INFO] Copying 2 resources
[INFO] Copying 0 resource
[INFO] skip non existing resourceDirectory /workspace/source/src/main/tld
[INFO] 
[INFO] --- maven-compiler-plugin:3.8.1:compile (default-compile) @ entando-plugin-jpredis ---
[INFO] Changes detected - recompiling the module!
[INFO] Compiling 7 source files to /workspace/source/target/classes
[INFO] /workspace/source/src/main/java/org/entando/entando/plugins/jpredis/aps/******/redis/CacheConfig.java: /workspace/source/src/main/java/org/entando/entando/plugins/jpredis/aps/******/redis/CacheConfig.java uses or overrides a deprecated API.
[INFO] /workspace/source/src/main/java/org/entando/entando/plugins/jpredis/aps/******/redis/CacheConfig.java: Recompile with -Xlint:deprecation for details.
[INFO] 
[INFO] --- maven-resources-plugin:2.5:copy-resources (copy-resources-test) @ entando-plugin-jpredis ---
[debug] e**cute contextualize
[INFO] Using 'UTF-8' encoding to copy filtered resources.
[INFO] Copying 5 resources
[INFO] 
[INFO] --- maven-resources-plugin:2.5:copy-resources (copy-resources-file-test-) @ entando-plugin-jpredis ---
[debug] e**cute contextualize
[INFO] Using 'UTF-8' encoding to copy filtered resources.
[INFO] Copying 5 resources
[INFO] 
[INFO] --- maven-resources-plugin:2.5:testResources (default-testResources) @ entando-plugin-jpredis ---
[debug] e**cute contextualize
[INFO] Using 'UTF-8' encoding to copy filtered resources.
[INFO] Copying 1 resource
[INFO] 
[INFO] --- maven-compiler-plugin:3.8.1:testCompile (default-testCompile) @ entando-plugin-jpredis ---
[INFO] Changes detected - recompiling the module!
[INFO] Compiling 5 source files to /workspace/source/target/test-classes
[WARNING] /workspace/source/src/test/java/org/entando/entando/plugins/jpredis/aps/******/notify/RedisNotifyManagerTest.java:[34,80] unchecked conversion
  required: io.lettuce.core.pubsub.StatefulRedisPubSubConnection<java.lang.String,java.lang.String>
  found:    io.lettuce.core.pubsub.StatefulRedisPubSubConnection
[WARNING] /workspace/source/src/test/java/org/entando/entando/plugins/jpredis/aps/******/notify/RedisNotifyManagerTest.java:[37,52] unchecked method invocation: method thenReturn in interface org.mockito.stubbing.OngoingStubbing is applied to given types
  required: T
  found: io.lettuce.core.pubsub.api.async.RedisPubSubAsyncCommands
[WARNING] /workspace/source/src/test/java/org/entando/entando/plugins/jpredis/aps/******/notify/RedisNotifyManagerTest.java:[37,53] unchecked conversion
  required: T
  found:    io.lettuce.core.pubsub.api.async.RedisPubSubAsyncCommands
[WARNING] /workspace/source/src/test/java/org/entando/entando/plugins/jpredis/aps/******/notify/RedisNotifyManagerTest.java:[40,61] unchecked call to subscribe(K...) as a member of the raw type io.lettuce.core.pubsub.api.async.RedisPubSubAsyncCommands
[WARNING] /workspace/source/src/test/java/org/entando/entando/plugins/jpredis/aps/******/notify/RedisNotifyManagerTest.java:[41,59] unchecked call to publish(K,V) as a member of the raw type io.lettuce.core.api.async.BaseRedisAsyncCommands
[WARNING] /workspace/source/src/test/java/org/entando/entando/plugins/jpredis/aps/******/notify/RedisNotifyManagerTest.java:[56,80] unchecked conversion
  required: io.lettuce.core.pubsub.StatefulRedisPubSubConnection<java.lang.String,java.lang.String>
  found:    io.lettuce.core.pubsub.StatefulRedisPubSubConnection
[WARNING] /workspace/source/src/test/java/org/entando/entando/plugins/jpredis/aps/******/notify/RedisNotifyManagerTest.java:[59,52] unchecked method invocation: method thenReturn in interface org.mockito.stubbing.OngoingStubbing is applied to given types
  required: T
  found: io.lettuce.core.pubsub.api.async.RedisPubSubAsyncCommands
[WARNING] /workspace/source/src/test/java/org/entando/entando/plugins/jpredis/aps/******/notify/RedisNotifyManagerTest.java:[59,53] unchecked conversion
  required: T
  found:    io.lettuce.core.pubsub.api.async.RedisPubSubAsyncCommands
[WARNING] /workspace/source/src/test/java/org/entando/entando/plugins/jpredis/aps/******/notify/RedisNotifyManagerTest.java:[63,61] unchecked call to subscribe(K...) as a member of the raw type io.lettuce.core.pubsub.api.async.RedisPubSubAsyncCommands
[WARNING] /workspace/source/src/test/java/org/entando/entando/plugins/jpredis/aps/******/notify/RedisNotifyManagerTest.java:[64,59] unchecked call to publish(K,V) as a member of the raw type io.lettuce.core.api.async.BaseRedisAsyncCommands
[INFO] 
[INFO] --- e**c-maven-plugin:3.0.0:e**c (init-solr-container) @ entando-plugin-jpredis ---
bash: docker-compose: command not found
[ERROR] Command e**cution failed.
org.apache.commons.e**c.E**cuteException: Process exited with an error: 127 (Exit value: 127)
    at org.apache.commons.e**c.DefaultE**cutor.e**cuteInternal (DefaultE**cutor.java:404)
    at org.apache.commons.e**c.DefaultE**cutor.e**cute (DefaultE**cutor.java:166)
    at org.codehaus.mojo.e**c.E**cMojo.e**cuteCommandLine (E**cMojo.java:982)
    at org.codehaus.mojo.e**c.E**cMojo.e**cuteCommandLine (E**cMojo.java:929)
    at org.codehaus.mojo.e**c.E**cMojo.e**cute (E**cMojo.java:457)
    at org.apache.maven.plugin.DefaultBuildPluginManager.e**cuteMojo (DefaultBuildPluginManager.java:137)
    at org.apache.maven.lifecycle.internal.MojoE**cutor.e**cute (MojoE**cutor.java:210)
    at org.apache.maven.lifecycle.internal.MojoE**cutor.e**cute (MojoE**cutor.java:156)
    at org.apache.maven.lifecycle.internal.MojoE**cutor.e**cute (MojoE**cutor.java:148)
    at org.apache.maven.lifecycle.internal.LifecycleModuleBuilder.buildProject (LifecycleModuleBuilder.java:117)
    at org.apache.maven.lifecycle.internal.LifecycleModuleBuilder.buildProject (LifecycleModuleBuilder.java:81)
    at org.apache.maven.lifecycle.internal.builder.singlethreaded.SingleThreadedBuilder.build (SingleThreadedBuilder.java:56)
    at org.apache.maven.lifecycle.internal.LifecycleStarter.e**cute (LifecycleStarter.java:128)
    at org.apache.maven.DefaultMaven.doE**cute (DefaultMaven.java:305)
    at org.apache.maven.DefaultMaven.doE**cute (DefaultMaven.java:192)
    at org.apache.maven.DefaultMaven.e**cute (DefaultMaven.java:105)
    at org.apache.maven.cli.MavenCli.e**cute (MavenCli.java:957)
    at org.apache.maven.cli.MavenCli.doMain (MavenCli.java:289)
    at org.apache.maven.cli.MavenCli.main (MavenCli.java:193)
    at jdk.internal.reflect.NativeMethodAccessorImpl.invoke0 (Native Method)
    at jdk.internal.reflect.NativeMethodAccessorImpl.invoke (NativeMethodAccessorImpl.java:62)
    at jdk.internal.reflect.DelegatingMethodAccessorImpl.invoke (DelegatingMethodAccessorImpl.java:43)
    at java.lang.reflect.Method.invoke (Method.java:566)
    at org.codehaus.plexus.classworlds.launcher.Launcher.launchEnhanced (Launcher.java:282)
    at org.codehaus.plexus.classworlds.launcher.Launcher.launch (Launcher.java:225)
    at org.codehaus.plexus.classworlds.launcher.Launcher.mainWithExitCode (Launcher.java:406)
    at org.codehaus.plexus.classworlds.launcher.Launcher.main (Launcher.java:347)
[INFO] 
[INFO] ------------------------------------------------------------------------
[INFO] Skipping Entando Plugin: Redis Connector
[INFO] This project has been banned from the build due to previous failures.
[INFO] ------------------------------------------------------------------------
[INFO] ------------------------------------------------------------------------
[INFO] BUILD FAILURE
[INFO] ------------------------------------------------------------------------
[INFO] Total time:  33.683 s
[INFO] Finished at: 2021-07-28T21:45:17Z
[INFO] ------------------------------------------------------------------------
[ERROR] Failed to e**cute goal org.codehaus.mojo:e**c-maven-plugin:3.0.0:e**c (init-solr-container) on project entando-plugin-jpredis: Command e**cution failed.: Process exited with an error: 127 (Exit value: 127) -> [Help 1]
[ERROR] 
[ERROR] To see the full stack trace of the errors, re-run Maven with the -e switch.
[ERROR] Re-run Maven using the -X switch to enable full debug logging.
[ERROR] 
[ERROR] For more information about the errors and possible solutions, please read the following articles:
[ERROR] [Help 1] http://cwiki.apache.org/confluence/display/MAVEN/MojoE**cutionException
Picked up _JAVA_OPTIONS: -XX:+UnlockExperimentalVMOptions -Dsun.zip.disableMemoryMapping=**** -XX:+UseParallelGC -XX:MinHeapFreeRatio=5 -XX:MaxHeapFreeRatio=10 -XX:GCTimeRatio=4 -XX:AdaptiveSizePolicyWeight=90 -Xms10m -Xmx8000m
[INFO] Scanning for projects...
[WARNING] 
[WARNING] Some problems were encountered while building the effective model for org.entando.entando.plugins:entando-plugin-jpredis:war:0.0.0-SNAPSHOT-PR-12-1
[WARNING] 'dependencyManagement.dependencies.dependency.(groupId:artifactId:type:classifier)' must be unique: org.springframework:spring-tx:jar -> version (?) vs ${spring.version} @ org.entando:entando-core-parent:6.4.22, /home/jenkins/.mvnrepository/org/entando/entando-core-parent/6.4.22/entando-core-parent-6.4.22.pom, line 648, column 25
[WARNING] 
[WARNING] It is highly recommended to fix these problems because they threaten the stability of your build.
[WARNING] 
[WARNING] For this reason, future Maven versions might no longer support building such malformed projects.
[WARNING] 
[INFO] 
[INFO] ---------< org.entando.entando.plugins:entando-plugin-jpredis >---------
[INFO] Building Entando Plugin: Redis Connector 0.0.0-SNAPSHOT-PR-12-1
[INFO] --------------------------------[ war ]---------------------------------
[INFO] 
[INFO] --- maven-site-plugin:3.9.0:site (default-site) @ entando-plugin-jpredis ---
[INFO] configuring report plugin org.apache.maven.plugins:maven-project-info-reports-plugin:3.0.0
[INFO] 9 reports configured for maven-project-info-reports-plugin:3.0.0: dependency-info, distribution-management, index, ci-management, issue-management, licenses, plugins, scm, summary
[INFO] Rendering site with default locale English (en)
[WARNING] Unable to find a URL to the parent project. The parent menu will NOT be added.
[INFO] Relativizing decoration links with respect to localized project URL: http://www.entando.com/
[INFO] Rendering content with org.apache.maven.skins:maven-default-skin:jar:1.3 skin.
[INFO] Generating "Dependency Information" report --- maven-project-info-reports-plugin:3.0.0:dependency-info
[INFO] Generating "About" report         --- maven-project-info-reports-plugin:3.0.0:index
[INFO] Generating "Issue Management" report --- maven-project-info-reports-plugin:3.0.0:issue-management
[INFO] Generating "Licenses" report      --- maven-project-info-reports-plugin:3.0.0:licenses
[INFO] Generating "Plugins" report       --- maven-project-info-reports-plugin:3.0.0:plugins
[INFO] Generating "Source Code Management" report --- maven-project-info-reports-plugin:3.0.0:scm
[INFO] Generating "Summary" report       --- maven-project-info-reports-plugin:3.0.0:summary
[INFO] ------------------------------------------------------------------------
[INFO] BUILD SUCCESS
[INFO] ------------------------------------------------------------------------
[INFO] Total time:  21.071 s
[INFO] Finished at: 2021-07-28T21:45:40Z
[INFO] ------------------------------------------------------------------------
error: etcdserver: request is too large
No pre-deployment test results found for entando-plugin-jpredis-PR-12.
No OWASP dependency check found for entando-plugin-jpredis-PR-12.
The following checks failed for entando-plugin-jpredis-PR-12:
No pre-deployment test results produced by build
No OWASP dependency check results produced by build
[31m
Pipeline failed on stage 'from-build-pack' : container 'step-build-mvn-verify-pr'. The execution of the pipeline has stopped.[0m
