
Showing logs for build [32mentando-entando-process-driven-bf9d6-5[0m stage [32mfrom-build-pack[0m and container [32mcredential-initializer[0m
Unable to retrieve container logs for docker://12a6ae102721aa089c0acb0edaff3953bdba0b5ff2fbe31af45eab6ac00f8b74

Showing logs for build [32mentando-entando-process-driven-bf9d6-5[0m stage [32mfrom-build-pack[0m and container [32mworking-dir-initializer[0m
Unable to retrieve container logs for docker://800825d25f510d4a156ebb2a0226d92196fd25b6b62ece5873313957f31d0622

Showing logs for build [32mentando-entando-process-driven-bf9d6-5[0m stage [32mfrom-build-pack[0m and container [32mplace-tools[0m
Unable to retrieve container logs for docker://d97144a1bf888c51de279be3b852a3304e893f185ad7a758039cbf5ac84f4131

Showing logs for build [32mentando-entando-process-driven-bf9d6-5[0m stage [32mfrom-build-pack[0m and container [32mstep-git-source-entando-entando-process-driven-bf9d6-4m8zr[0m
Unable to retrieve container logs for docker://bdde7399076b3a1e2f60b5e994e72b7f2c6d70fc77e48427f6dbb839bbfb554d

Showing logs for build [32mentando-entando-process-driven-bf9d6-5[0m stage [32mfrom-build-pack[0m and container [32mstep-setup-builder-home[0m
Unable to retrieve container logs for docker://5aaa3d334b6ce84d2f027b8591ad823c502395115194df5ac67d25d51938687a

Showing logs for build [32mentando-entando-process-driven-bf9d6-5[0m stage [32mfrom-build-pack[0m and container [32mstep-git-merge[0m
Unable to retrieve container logs for docker://72cc1904d075db45a98913d6ea66f908d9469435b4206716c48331c1ea1b587e

Showing logs for build [32mentando-entando-process-driven-bf9d6-5[0m stage [32mfrom-build-pack[0m and container [32mstep-setup-jx-git-credentials[0m
Unable to retrieve container logs for docker://d31f96caed214b1143e4c2d4ab42ab23642b8a8f2375231f27a547bb0b2d9211

Showing logs for build [32mentando-entando-process-driven-bf9d6-5[0m stage [32mfrom-build-pack[0m and container [32mstep-build-fetch-history-for-sonar[0m
Unable to retrieve container logs for docker://d30e08ba5ad47450d166b62291a3b26806a7f6e38f51d93a14dca56c09fee504

Showing logs for build [32mentando-entando-process-driven-bf9d6-5[0m stage [32mfrom-build-pack[0m and container [32mstep-build-mvn-deploy-release[0m
Unable to retrieve container logs for docker://31a1e82905bbee4bfd7e23dbcb339c73cb09ef57c7aa8b480f1b5aa976bdba40

Showing logs for build [32mentando-entando-process-driven-bf9d6-5[0m stage [32mfrom-build-pack[0m and container [32mstep-build-container-build[0m
Unable to retrieve container logs for docker://b8c6e1cffce6256f034b4b93e696136154e6c9aec328393fd86fdddef9815e35

Showing logs for build [32mentando-entando-process-driven-bf9d6-5[0m stage [32mfrom-build-pack[0m and container [32mstep-build-post-build[0m
Unable to retrieve container logs for docker://84a8f2f1932c5e5ca9f8c447e336b004aaad7e37cf564c76d3df5c23182233e1

Showing logs for build [32mentando-entando-process-driven-bf9d6-5[0m stage [32mfrom-build-pack[0m and container [32mstep-promote-changelog[0m
Unable to retrieve container logs for docker://6ddca43dac9c264e1fef1e9cf29d381ce1141d00d36aab6c31ef87971f98737a

Showing logs for build [32mentando-entando-process-driven-bf9d6-5[0m stage [32mfrom-build-pack[0m and container [32mstep-promote-update-image-map[0m
Unable to retrieve container logs for docker://27ed8d4f4f2e825d0b2aa45eb23e1a0479b817f44269580968fb06e72edc8a57
[31m
Pipeline failed on stage 'from-build-pack' : container 'step-promote-update-image-map'. The execution of the pipeline has stopped.[0m
