
Showing logs for build [32mentando-k8s-entando-de-app-pr-2-d6t4z-1[0m stage [32mfrom-build-pack[0m and container [32mcredential-initializer[0m
Unable to retrieve container logs for docker://4cc17e26f633e64048d26f7565398a1946a42b3241726053d997d6550dcde028

Showing logs for build [32mentando-k8s-entando-de-app-pr-2-d6t4z-1[0m stage [32mfrom-build-pack[0m and container [32mworking-dir-initializer[0m
Unable to retrieve container logs for docker://41ab8d878bf7760c0922ad1d5208412706237d31270d56229f15f78a8c85f83e

Showing logs for build [32mentando-k8s-entando-de-app-pr-2-d6t4z-1[0m stage [32mfrom-build-pack[0m and container [32mplace-tools[0m
Unable to retrieve container logs for docker://657b0064e199b70cb2486235b77f1849097c69725711d821c767447051f92821

Showing logs for build [32mentando-k8s-entando-de-app-pr-2-d6t4z-1[0m stage [32mfrom-build-pack[0m and container [32mstep-git-source-entando-k8s-entando-de-app-pr-2-d6t4z-d9rh5[0m
Unable to retrieve container logs for docker://d79cffad05b26874a8bf86d0a97dc5354d4d6d4f10d1eb4210c2742bd918992e

Showing logs for build [32mentando-k8s-entando-de-app-pr-2-d6t4z-1[0m stage [32mfrom-build-pack[0m and container [32mstep-setup-builder-home[0m
Unable to retrieve container logs for docker://d34a8814fa53aa66a7e81cbd191b4467a6e2d781bedacc7998537377d6b8691b

Showing logs for build [32mentando-k8s-entando-de-app-pr-2-d6t4z-1[0m stage [32mfrom-build-pack[0m and container [32mstep-git-merge[0m
Unable to retrieve container logs for docker://94afdf8e582d7766a54d10b9ccbdbc73ce6d6a629d7506f66d2cf1b1187c25f2

Showing logs for build [32mentando-k8s-entando-de-app-pr-2-d6t4z-1[0m stage [32mfrom-build-pack[0m and container [32mstep-build-set-version[0m
Unable to retrieve container logs for docker://0974e7f34a7ef120addab3fa6cfe4122e53fadcc93c9cb5329398947502d902f

Showing logs for build [32mentando-k8s-entando-de-app-pr-2-d6t4z-1[0m stage [32mfrom-build-pack[0m and container [32mstep-build-mvn-verify[0m
Unable to retrieve container logs for docker://ce89998e7aeecd386863ac46e4f9b90bdb0f104b3371ab51ead99bfce39aa31c

Showing logs for build [32mentando-k8s-entando-de-app-pr-2-d6t4z-1[0m stage [32mfrom-build-pack[0m and container [32mstep-build-container-build[0m
Unable to retrieve container logs for docker://54c7b065de984247217ac27fd8f01527b1a325855879dc2e18fb7430d65ac851

Showing logs for build [32mentando-k8s-entando-de-app-pr-2-d6t4z-1[0m stage [32mfrom-build-pack[0m and container [32mstep-postbuild-post-build[0m
Unable to retrieve container logs for docker://be29a73869d652692111635489ef02174a86ba1cd6d0ce3b340120c9b6967224
