
Showing logs for build [32mentando-k8s-entando-k8s-custom-8w7pp-1[0m stage [32mfrom-build-pack[0m and container [32mcredential-initializer[0m
Unable to retrieve container logs for docker://a93075070d252e13c725a3f2591dcb648ca621337d5fac5a92efce8c96d6f747

Showing logs for build [32mentando-k8s-entando-k8s-custom-8w7pp-1[0m stage [32mfrom-build-pack[0m and container [32mworking-dir-initializer[0m
Unable to retrieve container logs for docker://220f005570523d4c147466e055fe5d5a07df54729ee4784ffa14f00f1048d217

Showing logs for build [32mentando-k8s-entando-k8s-custom-8w7pp-1[0m stage [32mfrom-build-pack[0m and container [32mplace-tools[0m
Unable to retrieve container logs for docker://605454e145df914b21c793f0bb92650797c3c23768b6557e2c1cedda9b76fd7d

Showing logs for build [32mentando-k8s-entando-k8s-custom-8w7pp-1[0m stage [32mfrom-build-pack[0m and container [32mstep-git-source-entando-k8s-entando-k8s-custom-8w7pp-5wq6g[0m
Unable to retrieve container logs for docker://5119cf7528d0a8779dbc3074b9a9d5322622fdbe0047ae6bb3f42626fc927f74

Showing logs for build [32mentando-k8s-entando-k8s-custom-8w7pp-1[0m stage [32mfrom-build-pack[0m and container [32mstep-setup-builder-home[0m
Unable to retrieve container logs for docker://43299016c4b27049f4bd95d71c388d231e28501841c90370318c2c079ee8190a

Showing logs for build [32mentando-k8s-entando-k8s-custom-8w7pp-1[0m stage [32mfrom-build-pack[0m and container [32mstep-git-merge[0m
Unable to retrieve container logs for docker://f469ffbcf93b66767b51ed47d651ab60e2f67c1d8fd5a841ef710181729ae43b

Showing logs for build [32mentando-k8s-entando-k8s-custom-8w7pp-1[0m stage [32mfrom-build-pack[0m and container [32mstep-build-set-version[0m
Unable to retrieve container logs for docker://5a27da799e783447b6af279f42c8222aeac4554d6b07aa1dcfedd6a36a5bdd3c

Showing logs for build [32mentando-k8s-entando-k8s-custom-8w7pp-1[0m stage [32mfrom-build-pack[0m and container [32mstep-build-fix-git-for-sonar[0m
Unable to retrieve container logs for docker://5e763121650cc465342275fc9a427c29ece7e31ef4eaa1387d4dab6dbdd70b43

Showing logs for build [32mentando-k8s-entando-k8s-custom-8w7pp-1[0m stage [32mfrom-build-pack[0m and container [32mstep-build-mvn-verify-pr[0m
Unable to retrieve container logs for docker://832c6a1ecb0e2b13fae5f3488685767013cb2abb91c4460117ce12e73e60753e
[31m
Pipeline failed on stage 'from-build-pack' : container 'step-build-mvn-verify-pr'. The execution of the pipeline has stopped.[0m
