
Showing logs for build [32mentando-k8s-entando-k8s-custom-v9ktn-2[0m stage [32mfrom-build-pack[0m and container [32mcredential-initializer[0m
Unable to retrieve container logs for docker://b3df3dd13ad0c230ca19e44b318ad418207761342e13005065f460c1703ca80e

Showing logs for build [32mentando-k8s-entando-k8s-custom-v9ktn-2[0m stage [32mfrom-build-pack[0m and container [32mworking-dir-initializer[0m
Unable to retrieve container logs for docker://3880e1a2a105712b3483179134429e5c610fda4a3a9d9721dbb4458757420b42

Showing logs for build [32mentando-k8s-entando-k8s-custom-v9ktn-2[0m stage [32mfrom-build-pack[0m and container [32mplace-tools[0m
Unable to retrieve container logs for docker://3a0cb9be73b29c03e14c2e5d1e5d64755912012a9a7dba0928632648f7fad12b

Showing logs for build [32mentando-k8s-entando-k8s-custom-v9ktn-2[0m stage [32mfrom-build-pack[0m and container [32mstep-git-source-entando-k8s-entando-k8s-custom-v9ktn-nq4sm[0m
Unable to retrieve container logs for docker://a17bd393a4a86e047a558740f160b53cb0ab14c48c5a800b452d874744806710

Showing logs for build [32mentando-k8s-entando-k8s-custom-v9ktn-2[0m stage [32mfrom-build-pack[0m and container [32mstep-setup-builder-home[0m
Unable to retrieve container logs for docker://a46e1f2263f4386f7dab33f913d60106fb21c509efefbf5fdc8537d37cc06638

Showing logs for build [32mentando-k8s-entando-k8s-custom-v9ktn-2[0m stage [32mfrom-build-pack[0m and container [32mstep-git-merge[0m
Unable to retrieve container logs for docker://c5a2b7e0c4293c6a1c21ce892c068925abd7619a9730195dce0dad601b5a5f32

Showing logs for build [32mentando-k8s-entando-k8s-custom-v9ktn-2[0m stage [32mfrom-build-pack[0m and container [32mstep-build-set-version[0m
Unable to retrieve container logs for docker://6049893bc810b17ec1344e890e478a76904bc987fb5cc93a01af16784ad4f51c

Showing logs for build [32mentando-k8s-entando-k8s-custom-v9ktn-2[0m stage [32mfrom-build-pack[0m and container [32mstep-build-fix-git-for-sonar[0m
Unable to retrieve container logs for docker://0cd010cad04d6e11e117d9cc00864062613a77eb18557124912851095cc90069

Showing logs for build [32mentando-k8s-entando-k8s-custom-v9ktn-2[0m stage [32mfrom-build-pack[0m and container [32mstep-build-mvn-verify-pr[0m
Unable to retrieve container logs for docker://15d7e07fa260fe561736fd15c2b4f25cb5c1a85bb727dd6939043e7c51a95002
[31m
Pipeline failed on stage 'from-build-pack' : container 'step-build-mvn-verify-pr'. The execution of the pipeline has stopped.[0m
