
Showing logs for build [32mentando-k8s-entando-k8s-custom-btjch-3[0m stage [32mfrom-build-pack[0m and container [32mcredential-initializer[0m
Unable to retrieve container logs for docker://69c2079b2253de2392e1c23ea6cb67286be456a74a9dbf6576e1e41ce32ca703

Showing logs for build [32mentando-k8s-entando-k8s-custom-btjch-3[0m stage [32mfrom-build-pack[0m and container [32mworking-dir-initializer[0m
Unable to retrieve container logs for docker://9b1e773c309e4b7596195d25f07539b4cca9102f963f421c02ca35d9d9b045a2

Showing logs for build [32mentando-k8s-entando-k8s-custom-btjch-3[0m stage [32mfrom-build-pack[0m and container [32mplace-tools[0m
Unable to retrieve container logs for docker://8ac2873ee9b15956d22dd7c56f335302480c39a82abcb86b1069fdd7449ef170

Showing logs for build [32mentando-k8s-entando-k8s-custom-btjch-3[0m stage [32mfrom-build-pack[0m and container [32mstep-git-source-entando-k8s-entando-k8s-custom-btjch-7ppc7[0m
Unable to retrieve container logs for docker://a1d501d8b18a55017109e067239c696326c1110363e9fc35747555cf42ed8f37

Showing logs for build [32mentando-k8s-entando-k8s-custom-btjch-3[0m stage [32mfrom-build-pack[0m and container [32mstep-setup-builder-home[0m
Unable to retrieve container logs for docker://ab445c3778881e437700951f45bf035d2626b8729c671e40c2048965dd6d356f

Showing logs for build [32mentando-k8s-entando-k8s-custom-btjch-3[0m stage [32mfrom-build-pack[0m and container [32mstep-git-merge[0m
Unable to retrieve container logs for docker://a7a8f6e6aa174e052ae73898c4d68110696cf7d2bb49b64d07494a8827fe505f

Showing logs for build [32mentando-k8s-entando-k8s-custom-btjch-3[0m stage [32mfrom-build-pack[0m and container [32mstep-build-set-version[0m
Unable to retrieve container logs for docker://e3b3df0b4c7f8525da9c85419825592799ec0cd67a9de41aea12e32b9f23a84e

Showing logs for build [32mentando-k8s-entando-k8s-custom-btjch-3[0m stage [32mfrom-build-pack[0m and container [32mstep-build-fix-git-for-sonar[0m
Unable to retrieve container logs for docker://c06fec2f9645787636ce434ad0bced063dc8283fb24cd25b5b6f6c40e9d25e3a

Showing logs for build [32mentando-k8s-entando-k8s-custom-btjch-3[0m stage [32mfrom-build-pack[0m and container [32mstep-build-mvn-verify-pr[0m
Unable to retrieve container logs for docker://4ad407b99f6abc49778f2af4e7930f355c70053deb5fa958b24bdb97bb69e528
[31m
Pipeline failed on stage 'from-build-pack' : container 'step-build-mvn-verify-pr'. The execution of the pipeline has stopped.[0m
