
Showing logs for build [32mentando-k8s-entando-k8s-custom-zzx8v-4[0m stage [32mfrom-build-pack[0m and container [32mcredential-initializer[0m
Unable to retrieve container logs for docker://1323134e67cc81405c7e2200db5dfe3e6e2782dbf1545e4fba5a29aa86cc8716

Showing logs for build [32mentando-k8s-entando-k8s-custom-zzx8v-4[0m stage [32mfrom-build-pack[0m and container [32mworking-dir-initializer[0m
Unable to retrieve container logs for docker://53cf0ea9117be43dc72b5edac1633954dfb35db0e316c6532dcf44ee8eb06060

Showing logs for build [32mentando-k8s-entando-k8s-custom-zzx8v-4[0m stage [32mfrom-build-pack[0m and container [32mplace-tools[0m
Unable to retrieve container logs for docker://e51f45a2908d01049adab5b7a67f3b5269cdf07569441d45c106eb4cdcc45a40

Showing logs for build [32mentando-k8s-entando-k8s-custom-zzx8v-4[0m stage [32mfrom-build-pack[0m and container [32mstep-git-source-entando-k8s-entando-k8s-custom-zzx8v-f7vkh[0m
Unable to retrieve container logs for docker://ce52b28d4ab30b457f1194dd9d3b5e24b05911383e25132e67ea27921be7c553

Showing logs for build [32mentando-k8s-entando-k8s-custom-zzx8v-4[0m stage [32mfrom-build-pack[0m and container [32mstep-setup-builder-home[0m
Unable to retrieve container logs for docker://0c4f48e4b49dd732cb5fe9545bdc526153b3fce3b737846d4cfe070e35d01e65

Showing logs for build [32mentando-k8s-entando-k8s-custom-zzx8v-4[0m stage [32mfrom-build-pack[0m and container [32mstep-git-merge[0m
Unable to retrieve container logs for docker://640f551757e9130ca15f291e33999a2ec6cd8e9c1b12b52b3612924e26335320

Showing logs for build [32mentando-k8s-entando-k8s-custom-zzx8v-4[0m stage [32mfrom-build-pack[0m and container [32mstep-build-set-version[0m
Unable to retrieve container logs for docker://3b9e16a5d6315d797212f1945fd7b37da415044f91467339c0c2649957716505

Showing logs for build [32mentando-k8s-entando-k8s-custom-zzx8v-4[0m stage [32mfrom-build-pack[0m and container [32mstep-build-fix-git-for-sonar[0m
Unable to retrieve container logs for docker://2d51e91206bc905447698060acef6a677a96aac08590b37abbf6ada4981f596e

Showing logs for build [32mentando-k8s-entando-k8s-custom-zzx8v-4[0m stage [32mfrom-build-pack[0m and container [32mstep-build-mvn-verify-pr[0m
Unable to retrieve container logs for docker://237bf54087173e01cc7995b5bc8aeb67ab8581cfbef79e21c61ebb45be80b40a
[31m
Pipeline failed on stage 'from-build-pack' : container 'step-build-mvn-verify-pr'. The execution of the pipeline has stopped.[0m
