
Showing logs for build [32mentando-k8s-entando-k8s-operato-drhzh-5[0m stage [32mfrom-build-pack[0m and container [32mcredential-initializer[0m
{"level":"info","ts":1636620835.4107504,"caller":"creds-init/main.go:44","msg":"Credentials initialized."}

Showing logs for build [32mentando-k8s-entando-k8s-operato-drhzh-5[0m stage [32mfrom-build-pack[0m and container [32mworking-dir-initializer[0m

Showing logs for build [32mentando-k8s-entando-k8s-operato-drhzh-5[0m stage [32mfrom-build-pack[0m and container [32mplace-tools[0m

Showing logs for build [32mentando-k8s-entando-k8s-operato-drhzh-5[0m stage [32mfrom-build-pack[0m and container [32mstep-git-source-entando-k8s-entando-k8s-operato-drhzh-vdnp8[0m
{"level":"info","ts":1636620897.1382945,"caller":"git/git.go:105","msg":"Successfully cloned https://github.com/entando-k8s/entando-k8s-operator-common.git @ master in path /workspace/source"}
{"level":"warn","ts":1636620897.1387782,"caller":"git/git.go:152","msg":"Unexpected error: creating symlink: symlink /tekton/home/.ssh /****/.ssh: file exists"}
{"level":"info","ts":1636620897.2077878,"caller":"git/git.go:133","msg":"Successfully initialized and updated submodules in path /workspace/source"}

Showing logs for build [32mentando-k8s-entando-k8s-operato-drhzh-5[0m stage [32mfrom-build-pack[0m and container [32mstep-setup-builder-home[0m

Showing logs for build [32mentando-k8s-entando-k8s-operato-drhzh-5[0m stage [32mfrom-build-pack[0m and container [32mstep-git-merge[0m
Using SHAs from PULL_REFS=master:bcc1461f46927a7d4a590608ee38d0cb90f55b96,67:952f8f32f7a48e1706b035042430f1bb7917f1d1
DEBUG: LC_ALL=C JX_LOG_LEVEL=error git fetch origin --unshallow 952f8f32f7a48e1706b035042430f1bb7917f1d1: bcc1461f46927a7d4a590608ee38d0cb90f55b96:
DEBUG: ran git fetch --unshallow origin 952f8f32f7a48e1706b035042430f1bb7917f1d1: bcc1461f46927a7d4a590608ee38d0cb90f55b96: in 
DEBUG: LC_ALL=C JX_LOG_LEVEL=error git branch
DEBUG: LC_ALL=C JX_LOG_LEVEL=error git checkout master
DEBUG: ran git checkout master in 
DEBUG: LC_ALL=C JX_LOG_LEVEL=error git reset --hard bcc1461f46927a7d4a590608ee38d0cb90f55b96
DEBUG: ran git reset --hard bcc1461f46927a7d4a590608ee38d0cb90f55b96 in 
DEBUG: LC_ALL=C JX_LOG_LEVEL=error git clean -fd .
DEBUG: ran clean --force -d . in 
DEBUG: LC_ALL=C JX_LOG_LEVEL=error git merge 952f8f32f7a48e1706b035042430f1bb7917f1d1
DEBUG: ran git merge 952f8f32f7a48e1706b035042430f1bb7917f1d1 in 
DEBUG: LC_ALL=C JX_LOG_LEVEL=error git log --format=%H%x1f%an%x1f%ae%x1f%cn%x1f%ce%x1f%s%n%b%x1e bcc1461f46927a7d4a590608ee38d0cb90f55b96..HEAD
Merged SHA 225e54ab3570b4c7c3445cf05e368e15891cc926 with commit message 'Merge commit '952f8f32f7a48e1706b035042430f1bb7917f1d1'' into base branch master
Merged SHA 952f8f32f7a48e1706b035042430f1bb7917f1d1 with commit message 'ENG-2597 ENTANDO_K8S_OPERATOR_IMPOSE_LIMITS default value set to false' into base branch master

Showing logs for build [32mentando-k8s-entando-k8s-operato-drhzh-5[0m stage [32mfrom-build-pack[0m and container [32mstep-build-set-version[0m
Picked up _JAVA_OPTIONS: -XX:+UnlockExperimentalVMOptions -Dsun.zip.disableMemoryMapping=**** -XX:+UseParallelGC -XX:MinHeapFreeRatio=5 -XX:MaxHeapFreeRatio=10 -XX:GCTimeRatio=4 -XX:AdaptiveSizePolicyWeight=90 -Xms10m -Xmx8000m
[INFO] Scanning for projects...
[WARNING] 
[WARNING] Some problems were encountered while building the effective model for org.entando:entando-k8s-operator-common:jar:6.4.7
[WARNING] 'dependencies.dependency.(groupId:artifactId:type:classifier)' must be unique: org.junit.jupiter:junit-jupiter-params:jar -> version ${junit.version} vs (?) @ line 174, column 21
[WARNING] 
[WARNING] It is highly recommended to fix these problems because they threaten the stability of your build.
[WARNING] 
[WARNING] For this reason, future Maven versions might no longer support building such malformed projects.
[WARNING] 
[INFO] 
[INFO] --------------< org.entando:entando-k8s-operator-common >---------------
[INFO] Building Entando K8S Operator Common Library 6.4.7
[INFO] --------------------------------[ jar ]---------------------------------
[INFO] 
[INFO] --- versions-maven-plugin:2.8.1:set (default-cli) @ entando-k8s-operator-common ---
[INFO] Local aggregation ****: /workspace/source
[INFO] Processing change of org.entando:entando-k8s-operator-common:6.4.7 -> 0.0.0-SNAPSHOT-PR-67-5
[INFO] Processing org.entando:entando-k8s-operator-common
[INFO]     Updating project org.entando:entando-k8s-operator-common
[INFO]         from version 6.4.7 to 0.0.0-SNAPSHOT-PR-67-5
[INFO] 
[INFO] ------------------------------------------------------------------------
[INFO] BUILD SUCCESS
[INFO] ------------------------------------------------------------------------
[INFO] Total time:  11.974 s
[INFO] Finished at: 2021-11-11T08:55:14Z
[INFO] ------------------------------------------------------------------------

Showing logs for build [32mentando-k8s-entando-k8s-operato-drhzh-5[0m stage [32mfrom-build-pack[0m and container [32mstep-build-fix-git-for-sonar[0m
error: Your local changes to the following files would be overwritten by checkout:
	pom.xml
Please commit your changes or stash them before you switch branches.
Aborting
error: Cannot delete branch 'master' checked out at '/workspace/source'
fatal: Refusing to fetch into current branch refs/heads/master of non-bare repository
[31m
Pipeline failed on stage 'from-build-pack' : container 'step-build-fix-git-for-sonar'. The execution of the pipeline has stopped.[0m
