
Showing logs for build [32mentando-k8s-entando-k8s-databas-t5prd-3[0m stage [32mfrom-build-pack[0m and container [32mcredential-initializer[0m
Unable to retrieve container logs for docker://9bf497e2489d3240be2e14b3c4b7f52d96f4b111c7aad645af73d095324f8a2e

Showing logs for build [32mentando-k8s-entando-k8s-databas-t5prd-3[0m stage [32mfrom-build-pack[0m and container [32mworking-dir-initializer[0m
Unable to retrieve container logs for docker://6f673637a46acd4f9e310617d872f0124f207e0be2fc201f6b2048b635b8d47a

Showing logs for build [32mentando-k8s-entando-k8s-databas-t5prd-3[0m stage [32mfrom-build-pack[0m and container [32mplace-tools[0m
Unable to retrieve container logs for docker://319570293e60c1015d3235032f0d8634c0681ba919ffec3c6433212e8262617f

Showing logs for build [32mentando-k8s-entando-k8s-databas-t5prd-3[0m stage [32mfrom-build-pack[0m and container [32mstep-git-source-entando-k8s-entando-k8s-databas-t5prd-lw7zn[0m
Unable to retrieve container logs for docker://b8e1038ab1b1657564545ea244268070e595ac81c620f9021a4a45f2bb715024

Showing logs for build [32mentando-k8s-entando-k8s-databas-t5prd-3[0m stage [32mfrom-build-pack[0m and container [32mstep-setup-builder-home[0m
Unable to retrieve container logs for docker://45aae83f3e471c02a2b3bdcf13388424f2a9aab95bdfa96c038a2f513b62a226

Showing logs for build [32mentando-k8s-entando-k8s-databas-t5prd-3[0m stage [32mfrom-build-pack[0m and container [32mstep-git-merge[0m
Unable to retrieve container logs for docker://59fd9d83ac5b185936a4ba7e0d4fb332acaca7d09de05c4517e9335ddfa05555

Showing logs for build [32mentando-k8s-entando-k8s-databas-t5prd-3[0m stage [32mfrom-build-pack[0m and container [32mstep-setup-jx-git-credentials[0m
Unable to retrieve container logs for docker://5072d7722369336df15388a9f909aa6ad2a3c658241e077966226955b15c767a

Showing logs for build [32mentando-k8s-entando-k8s-databas-t5prd-3[0m stage [32mfrom-build-pack[0m and container [32mstep-build-fetch-history-for-sonar[0m
Unable to retrieve container logs for docker://e226b55e8c7ef439611efdf64504a25467807a8ced9347460da1f581629b4852

Showing logs for build [32mentando-k8s-entando-k8s-databas-t5prd-3[0m stage [32mfrom-build-pack[0m and container [32mstep-build-mvn-deploy-release[0m
Unable to retrieve container logs for docker://47f6b4f1e2555168f97d549e9ff7aa7fb3a9ce1645dca7726fe89a779c41f268

Showing logs for build [32mentando-k8s-entando-k8s-databas-t5prd-3[0m stage [32mfrom-build-pack[0m and container [32mstep-build-container-build[0m
Unable to retrieve container logs for docker://082dcba97e8dce0a628be1b8e78ab324617bf8d67f2c7d57ec12a4b49244c329

Showing logs for build [32mentando-k8s-entando-k8s-databas-t5prd-3[0m stage [32mfrom-build-pack[0m and container [32mstep-postbuild-post-build[0m
Unable to retrieve container logs for docker://64ce5d7d6861ef0a8ef5333dd047bd063c1c4de49a22f20a622267531cc0136f

Showing logs for build [32mentando-k8s-entando-k8s-databas-t5prd-3[0m stage [32mfrom-build-pack[0m and container [32mstep-promote-changelog[0m
Unable to retrieve container logs for docker://1232371a7f210e3034dbfd5540482f251e177b1ba0ac2121383a0812adac096e

Showing logs for build [32mentando-k8s-entando-k8s-databas-t5prd-3[0m stage [32mfrom-build-pack[0m and container [32mstep-promote-update-image-map[0m
Unable to retrieve container logs for docker://cc0dac6b783c276cb30c737c8e16562e4b82c6e66a10251c802b5b974ed75339
