
Showing logs for build [32mentando-k8s-entando-de-app-pr-2-9wxhp-1[0m stage [32mfrom-build-pack[0m and container [32mcredential-initializer[0m
Unable to retrieve container logs for docker://f63dcb386575957009ec759c168e014327fad428a17c7f154aa4b338571cca5b

Showing logs for build [32mentando-k8s-entando-de-app-pr-2-9wxhp-1[0m stage [32mfrom-build-pack[0m and container [32mworking-dir-initializer[0m
Unable to retrieve container logs for docker://ceb545198e9061166083be4acd3d4a24c19f60690c7004101a1236317f4da86e

Showing logs for build [32mentando-k8s-entando-de-app-pr-2-9wxhp-1[0m stage [32mfrom-build-pack[0m and container [32mplace-tools[0m
Unable to retrieve container logs for docker://5dbf9ef47fd22f2c7544461fe10c5079387d3adad32a07168e29a19ecd5e8c2b

Showing logs for build [32mentando-k8s-entando-de-app-pr-2-9wxhp-1[0m stage [32mfrom-build-pack[0m and container [32mstep-git-source-entando-k8s-entando-de-app-pr-2-9wxhp-th9wk[0m
Unable to retrieve container logs for docker://f4f11b5c606ec86e77585ecce993227cef67e80b3e37ef3c2471b307badded69

Showing logs for build [32mentando-k8s-entando-de-app-pr-2-9wxhp-1[0m stage [32mfrom-build-pack[0m and container [32mstep-setup-builder-home[0m
Unable to retrieve container logs for docker://2393695c64e031526b3ca633be3d5653ef8f0f493eb2986566fb1bf29005677d

Showing logs for build [32mentando-k8s-entando-de-app-pr-2-9wxhp-1[0m stage [32mfrom-build-pack[0m and container [32mstep-git-merge[0m
Unable to retrieve container logs for docker://dabdbf989e4e18776c15b002b55f0f34845dc59bd8621e5a090d6b34fc98cc77

Showing logs for build [32mentando-k8s-entando-de-app-pr-2-9wxhp-1[0m stage [32mfrom-build-pack[0m and container [32mstep-build-set-version[0m
Unable to retrieve container logs for docker://e18e5d9939595027191c65bde5d8831668f23a241c51dc3d1fc90372c8375513

Showing logs for build [32mentando-k8s-entando-de-app-pr-2-9wxhp-1[0m stage [32mfrom-build-pack[0m and container [32mstep-build-mvn-verify[0m
Unable to retrieve container logs for docker://dfea91ea28b6232d5c92907b33ea3f400b6bbc5b8f1417666bd005925afe5171

Showing logs for build [32mentando-k8s-entando-de-app-pr-2-9wxhp-1[0m stage [32mfrom-build-pack[0m and container [32mstep-build-container-build[0m
Unable to retrieve container logs for docker://c23c3009c9a3fb0420e27a5bdf25840c21aa6cfcdd4bcf50be8696655d23d43c

Showing logs for build [32mentando-k8s-entando-de-app-pr-2-9wxhp-1[0m stage [32mfrom-build-pack[0m and container [32mstep-postbuild-post-build[0m
Unable to retrieve container logs for docker://d26ca95e7acc4455e5d500f3db452469ddcaae95c3467f50639c22b2c4c36828
