
Showing logs for build [32mentando-k8s-entando-jx-maven-ja-qqcst-4[0m stage [32mfrom-build-pack[0m and container [32mcredential-initializer[0m
{"level":"info","ts":1636723282.194535,"caller":"creds-init/main.go:44","msg":"Credentials initialized."}

Showing logs for build [32mentando-k8s-entando-jx-maven-ja-qqcst-4[0m stage [32mfrom-build-pack[0m and container [32mworking-dir-initializer[0m

Showing logs for build [32mentando-k8s-entando-jx-maven-ja-qqcst-4[0m stage [32mfrom-build-pack[0m and container [32mplace-tools[0m

Showing logs for build [32mentando-k8s-entando-jx-maven-ja-qqcst-4[0m stage [32mfrom-build-pack[0m and container [32mstep-git-source-entando-k8s-entando-jx-maven-ja-qqcst-dnr2w[0m
{"level":"info","ts":1636723356.1593146,"caller":"git/git.go:105","msg":"Successfully cloned https://github.com/entando-k8s/entando-**-maven-java11.git @ master in path /workspace/source"}
{"level":"warn","ts":1636723356.1594799,"caller":"git/git.go:152","msg":"Unexpected error: creating symlink: symlink /tekton/home/.ssh /****/.ssh: file exists"}
{"level":"info","ts":1636723356.2373831,"caller":"git/git.go:133","msg":"Successfully initialized and updated submodules in path /workspace/source"}

Showing logs for build [32mentando-k8s-entando-jx-maven-ja-qqcst-4[0m stage [32mfrom-build-pack[0m and container [32mstep-setup-builder-home[0m

Showing logs for build [32mentando-k8s-entando-jx-maven-ja-qqcst-4[0m stage [32mfrom-build-pack[0m and container [32mstep-git-merge[0m
Using SHAs from PULL_REFS=master:af1e801a38aee16b6d3056fa237539a63d83a4c4,3:fce8a190d59490c5019275e7850731748bf6dbf6
DEBUG: LC_ALL=C JX_LOG_LEVEL=error git fetch origin --unshallow fce8a190d59490c5019275e7850731748bf6dbf6: af1e801a38aee16b6d3056fa237539a63d83a4c4:
DEBUG: ran git fetch --unshallow origin fce8a190d59490c5019275e7850731748bf6dbf6: af1e801a38aee16b6d3056fa237539a63d83a4c4: in 
DEBUG: LC_ALL=C JX_LOG_LEVEL=error git branch
DEBUG: LC_ALL=C JX_LOG_LEVEL=error git checkout master
DEBUG: ran git checkout master in 
DEBUG: LC_ALL=C JX_LOG_LEVEL=error git reset --hard af1e801a38aee16b6d3056fa237539a63d83a4c4
DEBUG: ran git reset --hard af1e801a38aee16b6d3056fa237539a63d83a4c4 in 
DEBUG: LC_ALL=C JX_LOG_LEVEL=error git clean -fd .
DEBUG: ran clean --force -d . in 
DEBUG: LC_ALL=C JX_LOG_LEVEL=error git merge fce8a190d59490c5019275e7850731748bf6dbf6
DEBUG: ran git merge fce8a190d59490c5019275e7850731748bf6dbf6 in 
DEBUG: LC_ALL=C JX_LOG_LEVEL=error git log --format=%H%x1f%an%x1f%ae%x1f%cn%x1f%ce%x1f%s%n%b%x1e af1e801a38aee16b6d3056fa237539a63d83a4c4..HEAD
Merged SHA fce8a190d59490c5019275e7850731748bf6dbf6 with commit message 'test: change agen image' into base branch master
Merged SHA 89f40bf0afb8baa45e3dc157d7fb888b43780124 with commit message 'test: change agen image' into base branch master
Merged SHA 29e5774a6bd8707939fa6a699217d64710bdb483 with commit message 'chore: add required parameters' into base branch master
Merged SHA 1008253ea79d0e321332751dd8ce78a1c658a4eb with commit message 'chore: fix base image' into base branch master

Showing logs for build [32mentando-k8s-entando-jx-maven-ja-qqcst-4[0m stage [32mfrom-build-pack[0m and container [32mstep-build-skaffold-version[0m
v1.0.1

Showing logs for build [32mentando-k8s-entando-jx-maven-ja-qqcst-4[0m stage [32mfrom-build-pack[0m and container [32mstep-build-container-build[0m
[36mINFO[0m[0001] Retrieving image manifest entando/entando-**-maven-java11-base:0.0.1 
[36mINFO[0m[0002] Retrieving image manifest entando/entando-**-maven-java11-base:0.0.1 
[36mINFO[0m[0003] Built cross stage deps: map[]                
[36mINFO[0m[0003] Retrieving image manifest entando/**********-maven-java11-base:0.0.1 
[36mINFO[0m[0003] Retrieving image manifest entando/entando-**-maven-java11-base:0.0.1 
[36mINFO[0m[0004] E**cuting 0 build triggers                   
[36mINFO[0m[0004] Resolving srcs [bin/*]...                    
[36mINFO[0m[0004] Checking for cached layer *********/todo/cache:cda40d87fa7d816ffdfc90ff85aca5b8cd98345ae1e0e35051b0ce13da38b148... 
[36mINFO[0m[0005] No cached layer found for cmd COPY bin/* /usr/bin/ 
[36mINFO[0m[0005] Unpacking ****fs as cmd COPY bin/* /usr/bin/ requires it. 
[36mINFO[0m[0135] Resolving srcs [bin/*]...                    
[36mINFO[0m[0135] COPY bin/* /usr/bin/                         
[36mINFO[0m[0135] Resolving srcs [bin/*]...                    
[36mINFO[0m[0135] Resolving 13 paths                           
[36mINFO[0m[0135] Taking snapshot of files...                  
[36mINFO[0m[0135] Pushing layer *********/todo/cache:cda40d87fa7d816ffdfc90ff85aca5b8cd98345ae1e0e35051b0ce13da38b148 to cache now 
[33mWARN[0m[0136] error uploading layer to cache: failed to push to destination *********/todo/cache:cda40d87fa7d816ffdfc90ff85aca5b8cd98345ae1e0e35051b0ce13da38b148: HEAD https://index.*********/v2/todo/cache/blobs/sha256:de2e391f79c2e01dd130a390f1aaae1493a3b03e6df0cf8ccb868f7fedf60ffc: unsupported status code 401 
