
Showing logs for build [32mentando-k8s-entando-jx-maven-ja-tzjqr-9[0m stage [32mfrom-build-pack[0m and container [32mcredential-initializer[0m
{"level":"info","ts":1636804595.4883194,"caller":"creds-init/main.go:44","msg":"Credentials initialized."}

Showing logs for build [32mentando-k8s-entando-jx-maven-ja-tzjqr-9[0m stage [32mfrom-build-pack[0m and container [32mworking-dir-initializer[0m

Showing logs for build [32mentando-k8s-entando-jx-maven-ja-tzjqr-9[0m stage [32mfrom-build-pack[0m and container [32mplace-tools[0m

Showing logs for build [32mentando-k8s-entando-jx-maven-ja-tzjqr-9[0m stage [32mfrom-build-pack[0m and container [32mstep-git-source-entando-k8s-entando-jx-maven-ja-tzjqr-rrl9k[0m
{"level":"info","ts":1636804711.8467054,"caller":"git/git.go:105","msg":"Successfully cloned https://github.com/entando-k8s/**********-maven-java11.git @ master in path /workspace/source"}
{"level":"warn","ts":1636804711.8469393,"caller":"git/git.go:152","msg":"Unexpected error: creating symlink: symlink /tekton/home/.ssh /****/.ssh: file exists"}
{"level":"info","ts":1636804711.930117,"caller":"git/git.go:133","msg":"Successfully initialized and updated submodules in path /workspace/source"}

Showing logs for build [32mentando-k8s-entando-jx-maven-ja-tzjqr-9[0m stage [32mfrom-build-pack[0m and container [32mstep-setup-builder-home[0m

Showing logs for build [32mentando-k8s-entando-jx-maven-ja-tzjqr-9[0m stage [32mfrom-build-pack[0m and container [32mstep-git-merge[0m
Using SHAs from PULL_REFS=master:af1e801a38aee16b6d3056fa237539a63d83a4c4,3:6aaa130a2a94b5301b9eaf6f5f82c9967bfbc1b7
DEBUG: LC_ALL=C JX_LOG_LEVEL=error git fetch origin --unshallow 6aaa130a2a94b5301b9eaf6f5f82c9967bfbc1b7: af1e801a38aee16b6d3056fa237539a63d83a4c4:
DEBUG: ran git fetch --unshallow origin 6aaa130a2a94b5301b9eaf6f5f82c9967bfbc1b7: af1e801a38aee16b6d3056fa237539a63d83a4c4: in 
DEBUG: LC_ALL=C JX_LOG_LEVEL=error git branch
DEBUG: LC_ALL=C JX_LOG_LEVEL=error git checkout master
DEBUG: ran git checkout master in 
DEBUG: LC_ALL=C JX_LOG_LEVEL=error git reset --hard af1e801a38aee16b6d3056fa237539a63d83a4c4
DEBUG: ran git reset --hard af1e801a38aee16b6d3056fa237539a63d83a4c4 in 
DEBUG: LC_ALL=C JX_LOG_LEVEL=error git clean -fd .
DEBUG: ran clean --force -d . in 
DEBUG: LC_ALL=C JX_LOG_LEVEL=error git merge 6aaa130a2a94b5301b9eaf6f5f82c9967bfbc1b7
DEBUG: ran git merge 6aaa130a2a94b5301b9eaf6f5f82c9967bfbc1b7 in 
DEBUG: LC_ALL=C JX_LOG_LEVEL=error git log --format=%H%x1f%an%x1f%ae%x1f%cn%x1f%ce%x1f%s%n%b%x1e af1e801a38aee16b6d3056fa237539a63d83a4c4..HEAD
Merged SHA 6aaa130a2a94b5301b9eaf6f5f82c9967bfbc1b7 with commit message 'test: change agent image' into base branch master
Merged SHA 6ddea83b236052d7fa3c092063fc571b650b4ece with commit message 'test: change agent image' into base branch master
Merged SHA 3b34cbda9451afe265b14b0a26886e98669aaaa0 with commit message 'test: change agent image' into base branch master
Merged SHA f22e8c178a002d53f84e6cb52a6cba54adfca258 with commit message 'test: change agent image' into base branch master
Merged SHA fce8a190d59490c5019275e7850731748bf6dbf6 with commit message 'test: change agen image' into base branch master
Merged SHA 89f40bf0afb8baa45e3dc157d7fb888b43780124 with commit message 'test: change agen image' into base branch master
Merged SHA 29e5774a6bd8707939fa6a699217d64710bdb483 with commit message 'chore: add required parameters' into base branch master
Merged SHA 1008253ea79d0e321332751dd8ce78a1c658a4eb with commit message 'chore: fix base image' into base branch master

Showing logs for build [32mentando-k8s-entando-jx-maven-ja-tzjqr-9[0m stage [32mfrom-build-pack[0m and container [32mstep-build-skaffold-version[0m
v1.0.1

Showing logs for build [32mentando-k8s-entando-jx-maven-ja-tzjqr-9[0m stage [32mfrom-build-pack[0m and container [32mstep-build-container-build[0m
error checking push permissions -- make sure you entered the correct tag name, and that you are authenticated correctly, and try again: checking push permission for "registry.hub.docker.com/entando/**********-maven-java11:0.0.0-SNAPSHOT-PR-3-9": POST https://registry.hub.docker.com/v2/entando/**********-maven-java11/blobs/uploads/: UNAUTHORIZED: authentication required; [map[Action:pull Class: Name:entando/**********-maven-java11 Type:repository] map[Action:push Class: Name:entando/**********-maven-java11 Type:repository]]
[31m
Pipeline failed on stage 'from-build-pack' : container 'step-build-container-build'. The execution of the pipeline has stopped.[0m
