
Showing logs for build [32mentando-k8s-entando-de-app-mast-zlxdr-23[0m stage [32mfrom-build-pack[0m and container [32mcredential-initializer[0m
Unable to retrieve container logs for docker://71cdac7eebe07761f7e0ac26a4590f05339e848bb970d80f44ab9448feafd03a

Showing logs for build [32mentando-k8s-entando-de-app-mast-zlxdr-23[0m stage [32mfrom-build-pack[0m and container [32mworking-dir-initializer[0m
Unable to retrieve container logs for docker://b8156178dac3b219a81991d09fdc2a5cf99bbb4d24302d3b77f481d6dbe05907

Showing logs for build [32mentando-k8s-entando-de-app-mast-zlxdr-23[0m stage [32mfrom-build-pack[0m and container [32mplace-tools[0m
Unable to retrieve container logs for docker://a0261a981b661e5dcd62c61109b4e82c03f84c4517760452bfa5143d04116812

Showing logs for build [32mentando-k8s-entando-de-app-mast-zlxdr-23[0m stage [32mfrom-build-pack[0m and container [32mstep-git-source-entando-k8s-entando-de-app-mast-zlxdr-xp2d6[0m
Unable to retrieve container logs for docker://bf7a41d9d11f621d86ee26d33e4cd04073c39602a07b50399fff089a4783761e

Showing logs for build [32mentando-k8s-entando-de-app-mast-zlxdr-23[0m stage [32mfrom-build-pack[0m and container [32mstep-setup-builder-home[0m
Unable to retrieve container logs for docker://ff066e50111b036e4adc3ad0d4f06d43aaa22fc42ba4e259396f8a7a3d38bb74

Showing logs for build [32mentando-k8s-entando-de-app-mast-zlxdr-23[0m stage [32mfrom-build-pack[0m and container [32mstep-git-merge[0m
Unable to retrieve container logs for docker://3b1dff084a5f9d3c80c3859f86c1e703047619c99b789c4e446439356230b22c

Showing logs for build [32mentando-k8s-entando-de-app-mast-zlxdr-23[0m stage [32mfrom-build-pack[0m and container [32mstep-setup-jx-git-credentials[0m
Unable to retrieve container logs for docker://4137ae0168230b711def455d0f8c214423dcce60b7226d51e515a1d40663f368

Showing logs for build [32mentando-k8s-entando-de-app-mast-zlxdr-23[0m stage [32mfrom-build-pack[0m and container [32mstep-build-mvn-build[0m
Unable to retrieve container logs for docker://65b529d15d5c2e38cdad6ee4991ed8262e1d209a9a514958bf368f96373db43d

Showing logs for build [32mentando-k8s-entando-de-app-mast-zlxdr-23[0m stage [32mfrom-build-pack[0m and container [32mstep-container-build1[0m
Unable to retrieve container logs for docker://25eed5c03a2c3a22081803253456c55897ccc3c4bcd5263b3c38922aded85228

Showing logs for build [32mentando-k8s-entando-de-app-mast-zlxdr-23[0m stage [32mfrom-build-pack[0m and container [32mstep-post-build1[0m
Unable to retrieve container logs for docker://d353c097b103f349f66d2065449d13650f7404eb7fc30664fa2830e7eb029e29

Showing logs for build [32mentando-k8s-entando-de-app-mast-zlxdr-23[0m stage [32mfrom-build-pack[0m and container [32mstep-update-image-map1[0m
Unable to retrieve container logs for docker://a29fd3e71e5cfb0ec43dbc0470946617a1af306ed0e71f0fab790c902c26c952

Showing logs for build [32mentando-k8s-entando-de-app-mast-zlxdr-23[0m stage [32mfrom-build-pack[0m and container [32mstep-container-build2[0m
Unable to retrieve container logs for docker://08c6c94604dee545bf62beb4a32a7323b7e1ecc339d2fa40e46f6e83282e4d24

Showing logs for build [32mentando-k8s-entando-de-app-mast-zlxdr-23[0m stage [32mfrom-build-pack[0m and container [32mstep-post-build2[0m
Unable to retrieve container logs for docker://3c95be560d4e18189fdf57eecf70bf6c7befe6988f226e1ba2de75166587f61b

Showing logs for build [32mentando-k8s-entando-de-app-mast-zlxdr-23[0m stage [32mfrom-build-pack[0m and container [32mstep-update-image-map2[0m
Unable to retrieve container logs for docker://251286b829ea64246157d311d6d8720fb5d1e230c920e623c1fcd40ffadd260a
