
Showing logs for build [32mentando-k8s-entando-de-app-mast-ts5kd-24[0m stage [32mfrom-build-pack[0m and container [32mcredential-initializer[0m
Unable to retrieve container logs for docker://2fe4bb5b19888470455d2c77682fe3453c7c6***f852a90c6fd4d13b95ba356a

Showing logs for build [32mentando-k8s-entando-de-app-mast-ts5kd-24[0m stage [32mfrom-build-pack[0m and container [32mworking-dir-initializer[0m
Unable to retrieve container logs for docker://c7e7393e4e01352da194106d76147704391854a376b9ae6e7cb8912a33135f1f

Showing logs for build [32mentando-k8s-entando-de-app-mast-ts5kd-24[0m stage [32mfrom-build-pack[0m and container [32mplace-tools[0m
Unable to retrieve container logs for docker://02e8ddc896ccf31ab4f4106dde3fa309f0195c6cebc7435815bb92e0d963d645

Showing logs for build [32mentando-k8s-entando-de-app-mast-ts5kd-24[0m stage [32mfrom-build-pack[0m and container [32mstep-git-source-entando-k8s-entando-de-app-mast-ts5kd-d7hw8[0m
Unable to retrieve container logs for docker://98a3bcc3ab0b1a7ddf3c4da575934b72c4470261d23386e757d5023765a17726

Showing logs for build [32mentando-k8s-entando-de-app-mast-ts5kd-24[0m stage [32mfrom-build-pack[0m and container [32mstep-setup-builder-home[0m
Unable to retrieve container logs for docker://79994a290cde9454f21bda5589074240bc11e9dcbd0ba13425d7f66cc4170376

Showing logs for build [32mentando-k8s-entando-de-app-mast-ts5kd-24[0m stage [32mfrom-build-pack[0m and container [32mstep-git-merge[0m
Unable to retrieve container logs for docker://1c966c47bf1e1307872ba9870a9e6852499e7d28794f67544efd94e0dbcdc45c

Showing logs for build [32mentando-k8s-entando-de-app-mast-ts5kd-24[0m stage [32mfrom-build-pack[0m and container [32mstep-setup-jx-git-credentials[0m
Unable to retrieve container logs for docker://eeb9b3e5de7fbf5de1d0de69cd99b927a1cce5655df62a45eaf17af6faadd778

Showing logs for build [32mentando-k8s-entando-de-app-mast-ts5kd-24[0m stage [32mfrom-build-pack[0m and container [32mstep-build-mvn-build[0m
Unable to retrieve container logs for docker://255987da412929562bcad6649e03007b608606e7c4c23828e358040260f1113d

Showing logs for build [32mentando-k8s-entando-de-app-mast-ts5kd-24[0m stage [32mfrom-build-pack[0m and container [32mstep-container-build1[0m
Unable to retrieve container logs for docker://62c46346a6396962c8e9e2f8f9aea141ae56a5fcee5fbe79745b0155b61d3649

Showing logs for build [32mentando-k8s-entando-de-app-mast-ts5kd-24[0m stage [32mfrom-build-pack[0m and container [32mstep-post-build1[0m
Unable to retrieve container logs for docker://e0eb41fd098b2525477872b7c841ec03f69f86f57a11757dd4a72bea470c9b22

Showing logs for build [32mentando-k8s-entando-de-app-mast-ts5kd-24[0m stage [32mfrom-build-pack[0m and container [32mstep-update-image-map1[0m
Unable to retrieve container logs for docker://5edbcec11e36987956340359fc019423220e9badb737b2213a0cd92943099b1b

Showing logs for build [32mentando-k8s-entando-de-app-mast-ts5kd-24[0m stage [32mfrom-build-pack[0m and container [32mstep-container-build2[0m
Unable to retrieve container logs for docker://2ed302ed902c3733c9ee8bd4ed5d1d7499057a6e503e461f193fa7972b588a68

Showing logs for build [32mentando-k8s-entando-de-app-mast-ts5kd-24[0m stage [32mfrom-build-pack[0m and container [32mstep-post-build2[0m
Unable to retrieve container logs for docker://9774597dff3b7103d8cc937d78dca865c2b5cfb82d2e8d2b24a2f0182b00c377

Showing logs for build [32mentando-k8s-entando-de-app-mast-ts5kd-24[0m stage [32mfrom-build-pack[0m and container [32mstep-update-image-map2[0m
Unable to retrieve container logs for docker://98cefc2e73ebea078153ac4572164f5c778018f06b41d24bfa9c52156c437364
