
Showing logs for build [32mentando-k8s-entando-de-app-mast-pqds7-25[0m stage [32mfrom-build-pack[0m and container [32mcredential-initializer[0m
Unable to retrieve container logs for docker://99e2ac0450e3010a844e3db508efed5643f645f606054543be3f73b45b06e21b

Showing logs for build [32mentando-k8s-entando-de-app-mast-pqds7-25[0m stage [32mfrom-build-pack[0m and container [32mworking-dir-initializer[0m
Unable to retrieve container logs for docker://e8976cbe77d0e95d909161548a3c4a6414f21c861d5f2f6390c04b50aaa18d7a

Showing logs for build [32mentando-k8s-entando-de-app-mast-pqds7-25[0m stage [32mfrom-build-pack[0m and container [32mplace-tools[0m
Unable to retrieve container logs for docker://629b3ab00577bb0d5c146969898fc83c6b19f95661752b35874de1f8a4353b02

Showing logs for build [32mentando-k8s-entando-de-app-mast-pqds7-25[0m stage [32mfrom-build-pack[0m and container [32mstep-git-source-entando-k8s-entando-de-app-mast-pqds7-fclxf[0m
Unable to retrieve container logs for docker://1b4e7654bdc4036cee3c73f6490f2b6c595fa42322732767dc0df5517b70ed6b

Showing logs for build [32mentando-k8s-entando-de-app-mast-pqds7-25[0m stage [32mfrom-build-pack[0m and container [32mstep-setup-builder-home[0m
Unable to retrieve container logs for docker://78f3592285b94f2a8913870764c03a7b137a3f836ee4023fee3ccadb0dc9d744

Showing logs for build [32mentando-k8s-entando-de-app-mast-pqds7-25[0m stage [32mfrom-build-pack[0m and container [32mstep-git-merge[0m
Unable to retrieve container logs for docker://4c0e51166002ef548998c5d5a6a06229784a2f5fbc0cc21af7c88536bf042c23

Showing logs for build [32mentando-k8s-entando-de-app-mast-pqds7-25[0m stage [32mfrom-build-pack[0m and container [32mstep-setup-jx-git-credentials[0m
Unable to retrieve container logs for docker://e18a8446f440e46d7216b55fb46cf23a4ba226a44d9a9751a05e2e36f3cca570

Showing logs for build [32mentando-k8s-entando-de-app-mast-pqds7-25[0m stage [32mfrom-build-pack[0m and container [32mstep-build-mvn-build[0m
Unable to retrieve container logs for docker://3a1bc863689e2942f95af2c36f54b31ec92e251787e0516a9582665458783b5f

Showing logs for build [32mentando-k8s-entando-de-app-mast-pqds7-25[0m stage [32mfrom-build-pack[0m and container [32mstep-container-build1[0m
Unable to retrieve container logs for docker://32a45fb9a11be97f67270884985ab23529ca116b4808bd29f5b9869860616c76

Showing logs for build [32mentando-k8s-entando-de-app-mast-pqds7-25[0m stage [32mfrom-build-pack[0m and container [32mstep-post-build1[0m
Unable to retrieve container logs for docker://3e3b2b95c1e17342c16d1f9770421e52c74a591e88128f2cfbc7f9dceba71651

Showing logs for build [32mentando-k8s-entando-de-app-mast-pqds7-25[0m stage [32mfrom-build-pack[0m and container [32mstep-update-image-map1[0m
Unable to retrieve container logs for docker://e759d1c5ace7f402b9f71636f68e013da697b31457b2e41fcfd4fe3d4415350e

Showing logs for build [32mentando-k8s-entando-de-app-mast-pqds7-25[0m stage [32mfrom-build-pack[0m and container [32mstep-container-build2[0m
Unable to retrieve container logs for docker://126e92c313abaf3ee39468ac928d304cf8ed9213a5c10769ae110a8680da323c

Showing logs for build [32mentando-k8s-entando-de-app-mast-pqds7-25[0m stage [32mfrom-build-pack[0m and container [32mstep-post-build2[0m
Unable to retrieve container logs for docker://ff812c31ea65055e10d70b7b633b6c40c7010c393106ba08795dc17397d6367a

Showing logs for build [32mentando-k8s-entando-de-app-mast-pqds7-25[0m stage [32mfrom-build-pack[0m and container [32mstep-update-image-map2[0m
Unable to retrieve container logs for docker://d2ff89f6341ead10a050223cf70de3341fd24481ab6354218a516e76157ddd1d
