
Showing logs for build [32mentando-k8s-entando-de-app-mast-24kcr-26[0m stage [32mfrom-build-pack[0m and container [32mcredential-initializer[0m
Unable to retrieve container logs for docker://f990a05644b31d1884b005e0f53bff0ed63ecf5779627944edf459b42774e92e

Showing logs for build [32mentando-k8s-entando-de-app-mast-24kcr-26[0m stage [32mfrom-build-pack[0m and container [32mworking-dir-initializer[0m
Unable to retrieve container logs for docker://14963ff32b7f4558392f6059451762226bc992b45a93cf2481cb40099264755c

Showing logs for build [32mentando-k8s-entando-de-app-mast-24kcr-26[0m stage [32mfrom-build-pack[0m and container [32mplace-tools[0m
Unable to retrieve container logs for docker://9dc55450f60f8b78a3cedd1ddbf4887ef965d01193c93662859c3f18a8d25d1d

Showing logs for build [32mentando-k8s-entando-de-app-mast-24kcr-26[0m stage [32mfrom-build-pack[0m and container [32mstep-git-source-entando-k8s-entando-de-app-mast-24kcr-qzk6z[0m
Unable to retrieve container logs for docker://7afa9b125bcf4163bd424b32625d0501c63aba08c65185390759a6be15ef5d0e

Showing logs for build [32mentando-k8s-entando-de-app-mast-24kcr-26[0m stage [32mfrom-build-pack[0m and container [32mstep-setup-builder-home[0m
Unable to retrieve container logs for docker://dc3ffa76eb1e5910b1c467272b18a44996ede4bad1e0a64ab5c9c268ea020863

Showing logs for build [32mentando-k8s-entando-de-app-mast-24kcr-26[0m stage [32mfrom-build-pack[0m and container [32mstep-git-merge[0m
Unable to retrieve container logs for docker://6da161e9367e81294f02e1c94efa5348468e89721ee28a25da89908dad086368

Showing logs for build [32mentando-k8s-entando-de-app-mast-24kcr-26[0m stage [32mfrom-build-pack[0m and container [32mstep-setup-jx-git-credentials[0m
Unable to retrieve container logs for docker://6586992cd2afa44e2d876dcac1cf4c06319b81b60317c6042c8e9ad3f8069c0b

Showing logs for build [32mentando-k8s-entando-de-app-mast-24kcr-26[0m stage [32mfrom-build-pack[0m and container [32mstep-build-mvn-build[0m
Unable to retrieve container logs for docker://b6b522b233c0dd7b30c459f133dd6454342ad27847c8d7160227eab80896cc1a

Showing logs for build [32mentando-k8s-entando-de-app-mast-24kcr-26[0m stage [32mfrom-build-pack[0m and container [32mstep-container-build1[0m
Unable to retrieve container logs for docker://186ccfd5aad31e6301039024dc8f34555db76ce84562043d582121a259135942

Showing logs for build [32mentando-k8s-entando-de-app-mast-24kcr-26[0m stage [32mfrom-build-pack[0m and container [32mstep-post-build1[0m
Unable to retrieve container logs for docker://1303228ffbf8681db8a1048407f7a931390e6a233317c11103ddec003381b328

Showing logs for build [32mentando-k8s-entando-de-app-mast-24kcr-26[0m stage [32mfrom-build-pack[0m and container [32mstep-update-image-map1[0m
Unable to retrieve container logs for docker://f10b1b1b2bcf330bd42d4a4aaa0f0e146d81fcdaadc00450cff2638466052648

Showing logs for build [32mentando-k8s-entando-de-app-mast-24kcr-26[0m stage [32mfrom-build-pack[0m and container [32mstep-container-build2[0m
Unable to retrieve container logs for docker://f32b2fbf6c07eb13f19fc049a03a793d49143fe89e5b4a36cbe806ffa111624b

Showing logs for build [32mentando-k8s-entando-de-app-mast-24kcr-26[0m stage [32mfrom-build-pack[0m and container [32mstep-post-build2[0m
Unable to retrieve container logs for docker://425e42e7bb914c56e96f45744bbd007b0f06d79d35f4c65be9197f00c78d5535

Showing logs for build [32mentando-k8s-entando-de-app-mast-24kcr-26[0m stage [32mfrom-build-pack[0m and container [32mstep-update-image-map2[0m
Unable to retrieve container logs for docker://51b7127cee089f09147a0a1dbbf88116dd65f46494519e0336ce10c7a1375271
