
Showing logs for build [32mentando-k8s-entando-de-app-mast-t6b5d-29[0m stage [32mfrom-build-pack[0m and container [32mcredential-initializer[0m
Unable to retrieve container logs for docker://9251d958cfe0ae7600c6e7772a658d01b2de85bb8807206c6889ea05d573580c

Showing logs for build [32mentando-k8s-entando-de-app-mast-t6b5d-29[0m stage [32mfrom-build-pack[0m and container [32mworking-dir-initializer[0m
Unable to retrieve container logs for docker://ec0d72d2233fff47a2f13038dee36e342cf0bfdb37df396b3aaa9cfdd203ca48

Showing logs for build [32mentando-k8s-entando-de-app-mast-t6b5d-29[0m stage [32mfrom-build-pack[0m and container [32mplace-tools[0m
Unable to retrieve container logs for docker://a6c3ae90089f8f7a93efbd2a5f0d4c20017c8a7f00e4e17c01c337f607628923

Showing logs for build [32mentando-k8s-entando-de-app-mast-t6b5d-29[0m stage [32mfrom-build-pack[0m and container [32mstep-git-source-entando-k8s-entando-de-app-mast-t6b5d-bdxqf[0m
Unable to retrieve container logs for docker://e816624cc8a9b0750f92f90a02e162307563f63df9cf0f3e5165467ae5eb680c

Showing logs for build [32mentando-k8s-entando-de-app-mast-t6b5d-29[0m stage [32mfrom-build-pack[0m and container [32mstep-setup-builder-home[0m
Unable to retrieve container logs for docker://7f8ab78f6c036f2f972b45fffcfb62024f138261ee9c136de2471410a32bdc35

Showing logs for build [32mentando-k8s-entando-de-app-mast-t6b5d-29[0m stage [32mfrom-build-pack[0m and container [32mstep-git-merge[0m
Unable to retrieve container logs for docker://b3bce4cb8347790cdfb8cf9ae1a209233fe064dbf02aba100768b26f81fcb54e

Showing logs for build [32mentando-k8s-entando-de-app-mast-t6b5d-29[0m stage [32mfrom-build-pack[0m and container [32mstep-setup-jx-git-credentials[0m
Unable to retrieve container logs for docker://d62512354931120bfa34e83ee522f565007cc769c3b857220c1b680622a1e75e

Showing logs for build [32mentando-k8s-entando-de-app-mast-t6b5d-29[0m stage [32mfrom-build-pack[0m and container [32mstep-build-mvn-build[0m
Unable to retrieve container logs for docker://1387adeabbdf2b11d4d3fe32e585c64f99a42dca7a4c8b4e52512e15ce0a6d0a

Showing logs for build [32mentando-k8s-entando-de-app-mast-t6b5d-29[0m stage [32mfrom-build-pack[0m and container [32mstep-container-build1[0m
Unable to retrieve container logs for docker://89b6e19969ef437176615cd422c5131b4dec37f165b6381aca4ace76151e7052

Showing logs for build [32mentando-k8s-entando-de-app-mast-t6b5d-29[0m stage [32mfrom-build-pack[0m and container [32mstep-post-build1[0m
Unable to retrieve container logs for docker://1c9fc218f06e0a6a67f8cd246014732da62c939b4d339a533789c4d0e2e8eb05

Showing logs for build [32mentando-k8s-entando-de-app-mast-t6b5d-29[0m stage [32mfrom-build-pack[0m and container [32mstep-update-image-map1[0m
Unable to retrieve container logs for docker://b103345b8cd5901271b5330d76b7f1692ae932012991ad6b021738e90502bd7e

Showing logs for build [32mentando-k8s-entando-de-app-mast-t6b5d-29[0m stage [32mfrom-build-pack[0m and container [32mstep-container-build2[0m
Unable to retrieve container logs for docker://a7c2e37cfbd6420d7f4eed977475d90fda461328b8cdfc6b0bcdfca10d180537

Showing logs for build [32mentando-k8s-entando-de-app-mast-t6b5d-29[0m stage [32mfrom-build-pack[0m and container [32mstep-post-build2[0m
Unable to retrieve container logs for docker://bde82d3169e6757589d3ea967c3382153fe868a30769b921a09a764d65e1ff4f

Showing logs for build [32mentando-k8s-entando-de-app-mast-t6b5d-29[0m stage [32mfrom-build-pack[0m and container [32mstep-update-image-map2[0m
Unable to retrieve container logs for docker://2cab63457c95c96808129deae9b59219e9866fe8596b50521e0a29168c14e95a
