
Showing logs for build [32mentando-k8s-entando-de-app-mast-q9sts-30[0m stage [32mfrom-build-pack[0m and container [32mcredential-initializer[0m
Unable to retrieve container logs for docker://8e31f923f3c8f35321088ac38b28a705d97b32178077a82b85a95bf773b8da4c

Showing logs for build [32mentando-k8s-entando-de-app-mast-q9sts-30[0m stage [32mfrom-build-pack[0m and container [32mworking-dir-initializer[0m
Unable to retrieve container logs for docker://8c8707b27a4f4a5e68969fa61dc40313a0a61b79f30fe26d646f5de8e1e9354f

Showing logs for build [32mentando-k8s-entando-de-app-mast-q9sts-30[0m stage [32mfrom-build-pack[0m and container [32mplace-tools[0m
Unable to retrieve container logs for docker://a4a2f3f902f6a87002c7c45756796d7556244c63900c586a76062ff7085e4d9c

Showing logs for build [32mentando-k8s-entando-de-app-mast-q9sts-30[0m stage [32mfrom-build-pack[0m and container [32mstep-git-source-entando-k8s-entando-de-app-mast-q9sts-6xpp2[0m
Unable to retrieve container logs for docker://c24e199340ff2515462081ac0fa487369f3bc43a0f7ab2543edd3b0b55267d4a

Showing logs for build [32mentando-k8s-entando-de-app-mast-q9sts-30[0m stage [32mfrom-build-pack[0m and container [32mstep-setup-builder-home[0m
Unable to retrieve container logs for docker://adaa51719e9a0a336b4f8c574e87e646e00fcc14ef3ffd7ade9403810a65ec31

Showing logs for build [32mentando-k8s-entando-de-app-mast-q9sts-30[0m stage [32mfrom-build-pack[0m and container [32mstep-git-merge[0m
Unable to retrieve container logs for docker://500b5c383833b370aef582a67ad82329bfc444882ecf6c694552979e9f62d268

Showing logs for build [32mentando-k8s-entando-de-app-mast-q9sts-30[0m stage [32mfrom-build-pack[0m and container [32mstep-setup-jx-git-credentials[0m
Unable to retrieve container logs for docker://d41c1ceae269137e204c8c78153d2f0b8f831a6a68b0af3b15080210cab5b040

Showing logs for build [32mentando-k8s-entando-de-app-mast-q9sts-30[0m stage [32mfrom-build-pack[0m and container [32mstep-build-mvn-build[0m
Unable to retrieve container logs for docker://1f3cbdb9de859b10a6e8196f039ee3544d5ce8f8c1e6c690addbcf6d03f51cbd

Showing logs for build [32mentando-k8s-entando-de-app-mast-q9sts-30[0m stage [32mfrom-build-pack[0m and container [32mstep-container-build1[0m
Unable to retrieve container logs for docker://455d10dc676f577835cbe77b1f561c0cc7ed8f24946ebc26403c412b1c4ff909

Showing logs for build [32mentando-k8s-entando-de-app-mast-q9sts-30[0m stage [32mfrom-build-pack[0m and container [32mstep-post-build1[0m
Unable to retrieve container logs for docker://8b21f77879c51757563ca624fe0ed2025a90a402bf017d0a81cbc65f1f985b77

Showing logs for build [32mentando-k8s-entando-de-app-mast-q9sts-30[0m stage [32mfrom-build-pack[0m and container [32mstep-update-image-map1[0m
Unable to retrieve container logs for docker://8f2205593900b40abd0adf6c59e2a04dad2a78a08ce2bb76a265928f49e1ea73

Showing logs for build [32mentando-k8s-entando-de-app-mast-q9sts-30[0m stage [32mfrom-build-pack[0m and container [32mstep-container-build2[0m
Unable to retrieve container logs for docker://5b0a7087919ad6504a1878cde3b57e21e050cd9f04f8621208cbced42264231f

Showing logs for build [32mentando-k8s-entando-de-app-mast-q9sts-30[0m stage [32mfrom-build-pack[0m and container [32mstep-post-build2[0m
Unable to retrieve container logs for docker://b09b559f132d5e69f4f074559070303864ca7371f77077588fcd1e6329480a11

Showing logs for build [32mentando-k8s-entando-de-app-mast-q9sts-30[0m stage [32mfrom-build-pack[0m and container [32mstep-update-image-map2[0m
Unable to retrieve container logs for docker://70c3a5bed1bfab5c394deb8ef2fd690b133ab8b51d21ad77fbc78f944c71a40b
