
Showing logs for build [32mentando-k8s-entando-de-app-mast-669rh-31[0m stage [32mfrom-build-pack[0m and container [32mcredential-initializer[0m
Unable to retrieve container logs for docker://3cbe1f0bc9c79a58377f456a012b5c7e7e4b9e8d068fd458613a05c1594a297d

Showing logs for build [32mentando-k8s-entando-de-app-mast-669rh-31[0m stage [32mfrom-build-pack[0m and container [32mworking-dir-initializer[0m
Unable to retrieve container logs for docker://ba59b4414a18ef58a99e8cc9fff68370375c683d1434ed64c336d4fe52a51d5b

Showing logs for build [32mentando-k8s-entando-de-app-mast-669rh-31[0m stage [32mfrom-build-pack[0m and container [32mplace-tools[0m
Unable to retrieve container logs for docker://c360bf72c17e0d3ebc786928a7b9ba431cec6567574f2017154530960af1bc2e

Showing logs for build [32mentando-k8s-entando-de-app-mast-669rh-31[0m stage [32mfrom-build-pack[0m and container [32mstep-git-source-entando-k8s-entando-de-app-mast-669rh-l96g8[0m
Unable to retrieve container logs for docker://df4daafab29ecf1b83118beaf7d47c6fcb436f79c8186f1ae7344ec01346692e

Showing logs for build [32mentando-k8s-entando-de-app-mast-669rh-31[0m stage [32mfrom-build-pack[0m and container [32mstep-setup-builder-home[0m
Unable to retrieve container logs for docker://55556b7ea10ff67991efbd8ead24927ae5bd9307438ca460530d81c52e6aa727

Showing logs for build [32mentando-k8s-entando-de-app-mast-669rh-31[0m stage [32mfrom-build-pack[0m and container [32mstep-git-merge[0m
Unable to retrieve container logs for docker://812e0f98ca36a86048a938a61b32e621270a938ce7300502e602363a31046206

Showing logs for build [32mentando-k8s-entando-de-app-mast-669rh-31[0m stage [32mfrom-build-pack[0m and container [32mstep-setup-jx-git-credentials[0m
Unable to retrieve container logs for docker://038f101b338***672b4717c2653bb72cb3bd715e83d8ea71286a8e343279fa5c

Showing logs for build [32mentando-k8s-entando-de-app-mast-669rh-31[0m stage [32mfrom-build-pack[0m and container [32mstep-build-mvn-build[0m
Unable to retrieve container logs for docker://8d04db3b44bf7c31c3ad393de6439c1feb43394ad4a0d516c9d6ed3c6efafb7b

Showing logs for build [32mentando-k8s-entando-de-app-mast-669rh-31[0m stage [32mfrom-build-pack[0m and container [32mstep-container-build1[0m
Unable to retrieve container logs for docker://da8042637e6abd77bcd9b1d0d8f8052029e8b833be2d721f57db5bbcc7656916

Showing logs for build [32mentando-k8s-entando-de-app-mast-669rh-31[0m stage [32mfrom-build-pack[0m and container [32mstep-post-build1[0m
Unable to retrieve container logs for docker://c180aa7978aef1609737ac2862b5d2350d63b14301a0da62329fe7f786619e37

Showing logs for build [32mentando-k8s-entando-de-app-mast-669rh-31[0m stage [32mfrom-build-pack[0m and container [32mstep-update-image-map1[0m
Unable to retrieve container logs for docker://0fa32870a3f26427a5dd71ea8b980e2b997881683a6d227beaec68b428c1614e

Showing logs for build [32mentando-k8s-entando-de-app-mast-669rh-31[0m stage [32mfrom-build-pack[0m and container [32mstep-container-build2[0m
Unable to retrieve container logs for docker://fdb6ce0ae0ad1a36ff33ebd514afc87c4665b5007bb8b7473099d50fe6dc563a

Showing logs for build [32mentando-k8s-entando-de-app-mast-669rh-31[0m stage [32mfrom-build-pack[0m and container [32mstep-post-build2[0m
Unable to retrieve container logs for docker://dd082f3dfb396a5195da6d1fb0bad1043826c141b4ff55052c8bc3c103899622

Showing logs for build [32mentando-k8s-entando-de-app-mast-669rh-31[0m stage [32mfrom-build-pack[0m and container [32mstep-update-image-map2[0m
Unable to retrieve container logs for docker://da00e0cd1c474c20fa45d5459bae55632c375e30b62f1b69fac2d259a9861973
