
Showing logs for build [32mentando-k8s-entando-de-app-mast-xtqxn-32[0m stage [32mfrom-build-pack[0m and container [32mcredential-initializer[0m
Unable to retrieve container logs for docker://bbda200aaa1e5e03e4e8add20eefe051f89768cdea5b78641cb2d61630771711

Showing logs for build [32mentando-k8s-entando-de-app-mast-xtqxn-32[0m stage [32mfrom-build-pack[0m and container [32mworking-dir-initializer[0m
Unable to retrieve container logs for docker://79936e3a0363b46de73daf73b2e83b379b51cf0e471b8b4b8b2758ea54894f4c

Showing logs for build [32mentando-k8s-entando-de-app-mast-xtqxn-32[0m stage [32mfrom-build-pack[0m and container [32mplace-tools[0m
Unable to retrieve container logs for docker://945236a983a8b641683c531af0cc565a72a69f9603ef15341c107caef075537a

Showing logs for build [32mentando-k8s-entando-de-app-mast-xtqxn-32[0m stage [32mfrom-build-pack[0m and container [32mstep-git-source-entando-k8s-entando-de-app-mast-xtqxn-wn64r[0m
Unable to retrieve container logs for docker://b5e9b7f346876b6c6097ff56c2bba7111bb182e3cf54b927b340563c2bc1fe47

Showing logs for build [32mentando-k8s-entando-de-app-mast-xtqxn-32[0m stage [32mfrom-build-pack[0m and container [32mstep-setup-builder-home[0m
Unable to retrieve container logs for docker://3fcae2b10d01f6174b5ff4ca4a7c881c8b0745982ec2905a5460368028aa9311

Showing logs for build [32mentando-k8s-entando-de-app-mast-xtqxn-32[0m stage [32mfrom-build-pack[0m and container [32mstep-git-merge[0m
Unable to retrieve container logs for docker://2baacd2c8c904c6a3efd07d5c691ac2d6b032cc945efc84e2fea5ad2b8601f5c

Showing logs for build [32mentando-k8s-entando-de-app-mast-xtqxn-32[0m stage [32mfrom-build-pack[0m and container [32mstep-setup-jx-git-credentials[0m
Unable to retrieve container logs for docker://ebbee832192d935d761cdcf2b33a1d6cca6942987cbd5f0ff953f563fbb84422

Showing logs for build [32mentando-k8s-entando-de-app-mast-xtqxn-32[0m stage [32mfrom-build-pack[0m and container [32mstep-build-mvn-build[0m
Unable to retrieve container logs for docker://7c036ea940391442e767b600d2dc0055542121b7a2d7d7591d6d6d0184b6506e

Showing logs for build [32mentando-k8s-entando-de-app-mast-xtqxn-32[0m stage [32mfrom-build-pack[0m and container [32mstep-container-build1[0m
Unable to retrieve container logs for docker://ecf2a29a016559025ae2b326a6e4d46532a252e769cea76e7735b862fd23b94a

Showing logs for build [32mentando-k8s-entando-de-app-mast-xtqxn-32[0m stage [32mfrom-build-pack[0m and container [32mstep-post-build1[0m
Unable to retrieve container logs for docker://67124b626aef6e152eaeaeb88c943b05fdbd4f1637fe333dc6ea5b586cc90a78

Showing logs for build [32mentando-k8s-entando-de-app-mast-xtqxn-32[0m stage [32mfrom-build-pack[0m and container [32mstep-update-image-map1[0m
Unable to retrieve container logs for docker://19a11a1db0b839746ec496ee317c3e2b3e8dc83202ca7d1b7ce7376ea75c4452

Showing logs for build [32mentando-k8s-entando-de-app-mast-xtqxn-32[0m stage [32mfrom-build-pack[0m and container [32mstep-container-build2[0m
Unable to retrieve container logs for docker://08e47c0c3e290d30df8984e97bf20a6d051c43b6c432ee56ab2bd91ad035bd6d

Showing logs for build [32mentando-k8s-entando-de-app-mast-xtqxn-32[0m stage [32mfrom-build-pack[0m and container [32mstep-post-build2[0m
Unable to retrieve container logs for docker://07b0583d0be61e38015cde5ae5c0f80a0172799ec4529002fe6c56e2c382151e

Showing logs for build [32mentando-k8s-entando-de-app-mast-xtqxn-32[0m stage [32mfrom-build-pack[0m and container [32mstep-update-image-map2[0m
Unable to retrieve container logs for docker://5c92c4d17c63fe55eb308857fadc2d447d08779112f24640dbc5bd173038a377
