
Showing logs for build [32mentando-k8s-entando-de-app-mast-hd4sf-33[0m stage [32mfrom-build-pack[0m and container [32mcredential-initializer[0m
Unable to retrieve container logs for docker://b0b3a5c790ce5272ce9307d39b80b611292e9814fb25900c3e09c02a71442962

Showing logs for build [32mentando-k8s-entando-de-app-mast-hd4sf-33[0m stage [32mfrom-build-pack[0m and container [32mworking-dir-initializer[0m
Unable to retrieve container logs for docker://93d414ce87fb997f29cf45de0036392c3529ccd4987eed6c9009f82d16377a54

Showing logs for build [32mentando-k8s-entando-de-app-mast-hd4sf-33[0m stage [32mfrom-build-pack[0m and container [32mplace-tools[0m
Unable to retrieve container logs for docker://cbbb356e2a650a3edc28d1e44a433520b7fa7eed6ee8e54f46f9c9751a6d8379

Showing logs for build [32mentando-k8s-entando-de-app-mast-hd4sf-33[0m stage [32mfrom-build-pack[0m and container [32mstep-git-source-entando-k8s-entando-de-app-mast-hd4sf-5jd2g[0m
Unable to retrieve container logs for docker://0f77deb6fcc92c2c36ec6ec4b4486679951b480a48b0dd0abeed9895dc91cf1d

Showing logs for build [32mentando-k8s-entando-de-app-mast-hd4sf-33[0m stage [32mfrom-build-pack[0m and container [32mstep-setup-builder-home[0m
Unable to retrieve container logs for docker://5a2769153dcdbc384c85111966affb72b794771c4f944303ea76e52cab1df11f

Showing logs for build [32mentando-k8s-entando-de-app-mast-hd4sf-33[0m stage [32mfrom-build-pack[0m and container [32mstep-git-merge[0m
Unable to retrieve container logs for docker://87b0a5e4b0e0725756c925bfddec317be68d5a46e6c5ba0702d4e7583c434c0b

Showing logs for build [32mentando-k8s-entando-de-app-mast-hd4sf-33[0m stage [32mfrom-build-pack[0m and container [32mstep-setup-jx-git-credentials[0m
Unable to retrieve container logs for docker://a378b6323b545c760b3193b12838fb5c48339df4f30d394bc20dc37d255aa540

Showing logs for build [32mentando-k8s-entando-de-app-mast-hd4sf-33[0m stage [32mfrom-build-pack[0m and container [32mstep-build-mvn-build[0m
Unable to retrieve container logs for docker://f68bd966bfbae64213145de7475d0701cb7d907f13***541d966c9f347aa6b11

Showing logs for build [32mentando-k8s-entando-de-app-mast-hd4sf-33[0m stage [32mfrom-build-pack[0m and container [32mstep-container-build1[0m
Unable to retrieve container logs for docker://66a36466d3f3d10fc784ee4a23eaaf2cbc63f22ce593b345e96ab5055815690e

Showing logs for build [32mentando-k8s-entando-de-app-mast-hd4sf-33[0m stage [32mfrom-build-pack[0m and container [32mstep-post-build1[0m
Unable to retrieve container logs for docker://e93314b389a0862476766caee3578f48f75c9bfeae79fb0ac03ad66ef454b23b

Showing logs for build [32mentando-k8s-entando-de-app-mast-hd4sf-33[0m stage [32mfrom-build-pack[0m and container [32mstep-update-image-map1[0m
Unable to retrieve container logs for docker://2fb537eea6a***2f233673b225e9c45dc938ae17495aa149b2724b3182a5c952

Showing logs for build [32mentando-k8s-entando-de-app-mast-hd4sf-33[0m stage [32mfrom-build-pack[0m and container [32mstep-container-build2[0m
Unable to retrieve container logs for docker://e0cfe08db5b40248c1adfcdfcae2273417f7460d1acf363569781b6b3c0d3574

Showing logs for build [32mentando-k8s-entando-de-app-mast-hd4sf-33[0m stage [32mfrom-build-pack[0m and container [32mstep-post-build2[0m
Unable to retrieve container logs for docker://3904dfa72d2ea521fba0809c4aa6a26e3f768b6e772670781a9e5f7764cbc71a

Showing logs for build [32mentando-k8s-entando-de-app-mast-hd4sf-33[0m stage [32mfrom-build-pack[0m and container [32mstep-update-image-map2[0m
Unable to retrieve container logs for docker://300cf60796c20773f94831049c1fd32149cca76ccd216d2969835dcaf17f6660
