
Showing logs for build [32mentando-k8s-entando-de-app-mast-8hrk5-34[0m stage [32mfrom-build-pack[0m and container [32mcredential-initializer[0m
Unable to retrieve container logs for docker://9f23ed5800a8b945b50940e6d20031322c13d29f46d13d5b812b2fe0e49fde68

Showing logs for build [32mentando-k8s-entando-de-app-mast-8hrk5-34[0m stage [32mfrom-build-pack[0m and container [32mworking-dir-initializer[0m
Unable to retrieve container logs for docker://75600f8425cb5e08f5f2b0d8b0555d3671527970e5c8fd7b8ac816775590a276

Showing logs for build [32mentando-k8s-entando-de-app-mast-8hrk5-34[0m stage [32mfrom-build-pack[0m and container [32mplace-tools[0m
Unable to retrieve container logs for docker://2cc1b846248a6f3f2e5ff8201b391071b848c5e8d96fa653299ff8f02ce69d46

Showing logs for build [32mentando-k8s-entando-de-app-mast-8hrk5-34[0m stage [32mfrom-build-pack[0m and container [32mstep-git-source-entando-k8s-entando-de-app-mast-8hrk5-lx45k[0m
Unable to retrieve container logs for docker://af7eae9558150938868280b395e31b34797a7b6d5e4da441df1d5d7da532cd04

Showing logs for build [32mentando-k8s-entando-de-app-mast-8hrk5-34[0m stage [32mfrom-build-pack[0m and container [32mstep-setup-builder-home[0m
Unable to retrieve container logs for docker://3cdd2c34dfcd1124497f3690d6a6974280408a5f9f70b030947f413e8c07832b

Showing logs for build [32mentando-k8s-entando-de-app-mast-8hrk5-34[0m stage [32mfrom-build-pack[0m and container [32mstep-git-merge[0m
Unable to retrieve container logs for docker://c7523982af40016b8f874259a6116e685da7dc843a2b356af0919ad510dfe028

Showing logs for build [32mentando-k8s-entando-de-app-mast-8hrk5-34[0m stage [32mfrom-build-pack[0m and container [32mstep-setup-jx-git-credentials[0m
Unable to retrieve container logs for docker://3873db6456e14d199ccaae43ccbc40527866efd890f6673909af84c5c130831f

Showing logs for build [32mentando-k8s-entando-de-app-mast-8hrk5-34[0m stage [32mfrom-build-pack[0m and container [32mstep-build-mvn-build[0m
Unable to retrieve container logs for docker://aa83d38bc639f360d6a7c286993c827e72bf3eb70f3f493f70cc54163d898c17

Showing logs for build [32mentando-k8s-entando-de-app-mast-8hrk5-34[0m stage [32mfrom-build-pack[0m and container [32mstep-container-build1[0m
Unable to retrieve container logs for docker://cc***dabaf3b475faed0f1e51057e92f92803b78324b660713d520312ac35605

Showing logs for build [32mentando-k8s-entando-de-app-mast-8hrk5-34[0m stage [32mfrom-build-pack[0m and container [32mstep-post-build1[0m
Unable to retrieve container logs for docker://3883bcd3c3b98b72e0ea4fab35fc2e440a86addfee94925554d19d98f53a9c6f

Showing logs for build [32mentando-k8s-entando-de-app-mast-8hrk5-34[0m stage [32mfrom-build-pack[0m and container [32mstep-update-image-map1[0m
Unable to retrieve container logs for docker://16d1bf314f215c3ecdf5c1413f600024d4f1e9c8aa0c974f0d6a7a72cb8b7a18

Showing logs for build [32mentando-k8s-entando-de-app-mast-8hrk5-34[0m stage [32mfrom-build-pack[0m and container [32mstep-container-build2[0m
Unable to retrieve container logs for docker://f689cf4a8dd6ee3bab198b8a86a13e1b47ace23069a0ba4d58473ac830c5883b

Showing logs for build [32mentando-k8s-entando-de-app-mast-8hrk5-34[0m stage [32mfrom-build-pack[0m and container [32mstep-post-build2[0m
Unable to retrieve container logs for docker://e9ccaec914df435a32a220de18e1a1471bac247e7ac953407d5cc98b9c9de14b

Showing logs for build [32mentando-k8s-entando-de-app-mast-8hrk5-34[0m stage [32mfrom-build-pack[0m and container [32mstep-update-image-map2[0m
Unable to retrieve container logs for docker://57803e5338b84a09594d98214fc0c60ad0614e301ced346c2fd762f2fca88e52
