
Showing logs for build [32mmeta-entando-k8s-entando-de-app-vb8wb-40[0m stage [32mmeta-pipeline[0m and container [32mcredential-initializer[0m
Unable to retrieve container logs for docker://4018ec68aa6f0c1035ffb91dc6c60e0b7c361116dd70fa4459808f3ac855a75a

Showing logs for build [32mmeta-entando-k8s-entando-de-app-vb8wb-40[0m stage [32mmeta-pipeline[0m and container [32mworking-dir-initializer[0m
Unable to retrieve container logs for docker://be7e22884b27b259b35a67ccc3584222ee296c23101af67962f3501aba9a2730

Showing logs for build [32mmeta-entando-k8s-entando-de-app-vb8wb-40[0m stage [32mmeta-pipeline[0m and container [32mplace-tools[0m
Unable to retrieve container logs for docker://d749c2a268bef148cc0c3449557a107048250a10d75914624ec2d6c70992192d

Showing logs for build [32mmeta-entando-k8s-entando-de-app-vb8wb-40[0m stage [32mmeta-pipeline[0m and container [32mstep-git-source-meta-entando-k8s-entando-de-app-vb8wb-bnxnk[0m
Unable to retrieve container logs for docker://3fed0b0138db796de8b28d1a9814064e17bf9e137f784b2c8b656e19b6d8932d

Showing logs for build [32mmeta-entando-k8s-entando-de-app-vb8wb-40[0m stage [32mmeta-pipeline[0m and container [32mstep-setup-builder-home[0m
Unable to retrieve container logs for docker://2fb1eda00add427c751adee72e37c20e8e5f2c2c3482494ea35ea4e81dd93e23

Showing logs for build [32mmeta-entando-k8s-entando-de-app-vb8wb-40[0m stage [32mmeta-pipeline[0m and container [32mstep-git-merge[0m
Unable to retrieve container logs for docker://a1629e9e4ee5466ecebb18f7f3d3c42094ef687b3c62a0224a6a4294e043080f

Showing logs for build [32mmeta-entando-k8s-entando-de-app-vb8wb-40[0m stage [32mmeta-pipeline[0m and container [32mstep-merge-pull-refs[0m
Unable to retrieve container logs for docker://c83d67911cf8ea4ea073a426ac108c0b5615ae50d3b2e7072a387f8d9f615c36

Showing logs for build [32mmeta-entando-k8s-entando-de-app-vb8wb-40[0m stage [32mmeta-pipeline[0m and container [32mstep-create-effective-pipeline[0m
Unable to retrieve container logs for docker://9e49ce6ddc84717ac96710c013d83a5401e22c878e95215dba71ca0b23f8556b

Showing logs for build [32mmeta-entando-k8s-entando-de-app-vb8wb-40[0m stage [32mmeta-pipeline[0m and container [32mstep-create-tekton-crds[0m
Unable to retrieve container logs for docker://321b4d8d9e71a25413f0764a193b3a3f779f02733c46af7bc373970d0672a417
[31m
Pipeline failed on stage 'meta-pipeline' : container 'step-create-tekton-crds'. The execution of the pipeline has stopped.[0m
