
Showing logs for build [32mentando-k8s-entando-de-app-mast-d2mmq-41[0m stage [32mfrom-build-pack[0m and container [32mcredential-initializer[0m
Unable to retrieve container logs for docker://c28876491c3e6c393041e28c7be2331f743bd5e0b12a7a0d3ed9108d416db814

Showing logs for build [32mentando-k8s-entando-de-app-mast-d2mmq-41[0m stage [32mfrom-build-pack[0m and container [32mworking-dir-initializer[0m
Unable to retrieve container logs for docker://8b865a587bde6c69bcb802b25ac2953948cf642da888fa64fd6b2313f7326352

Showing logs for build [32mentando-k8s-entando-de-app-mast-d2mmq-41[0m stage [32mfrom-build-pack[0m and container [32mplace-tools[0m
Unable to retrieve container logs for docker://92dc17281faed32cb2ced39019e96539fb60119e35e7c86f038fdf32798c910d

Showing logs for build [32mentando-k8s-entando-de-app-mast-d2mmq-41[0m stage [32mfrom-build-pack[0m and container [32mstep-git-source-entando-k8s-entando-de-app-mast-d2mmq-8djqg[0m
Unable to retrieve container logs for docker://98dda6650029d87133e92428cf36a10ecfda2caef904a10fe33a46a676e89901

Showing logs for build [32mentando-k8s-entando-de-app-mast-d2mmq-41[0m stage [32mfrom-build-pack[0m and container [32mstep-setup-builder-home[0m
Unable to retrieve container logs for docker://013cee399a749242d29fec2e1139aa74175de2b583949613e1bec24d47216c28

Showing logs for build [32mentando-k8s-entando-de-app-mast-d2mmq-41[0m stage [32mfrom-build-pack[0m and container [32mstep-git-merge[0m
Unable to retrieve container logs for docker://50cb5d4e5dfac7302b8c6c2397b4530a0***fc4c78cbbd323376f6941ac39b4f

Showing logs for build [32mentando-k8s-entando-de-app-mast-d2mmq-41[0m stage [32mfrom-build-pack[0m and container [32mstep-setup-jx-git-credentials[0m
Unable to retrieve container logs for docker://93e49c0125ff551ce9de5124ac0cfc07577c93f40e14e01482dce198a494611d

Showing logs for build [32mentando-k8s-entando-de-app-mast-d2mmq-41[0m stage [32mfrom-build-pack[0m and container [32mstep-build-mvn-build[0m
Unable to retrieve container logs for docker://ecd7cf0fae46f038ab23fc1c16a5f71d5ca17f150c82ce5828bdfb4f60b5ac6c

Showing logs for build [32mentando-k8s-entando-de-app-mast-d2mmq-41[0m stage [32mfrom-build-pack[0m and container [32mstep-container-build1[0m
Unable to retrieve container logs for docker://3fd6df59b18b4865b33097d3fbec372148a941464715b1446a25600a13fa8d44

Showing logs for build [32mentando-k8s-entando-de-app-mast-d2mmq-41[0m stage [32mfrom-build-pack[0m and container [32mstep-post-build1[0m
Unable to retrieve container logs for docker://c619cd930645f92ffe92cac2cbd1f11db8b364580682d343040d60123da15518

Showing logs for build [32mentando-k8s-entando-de-app-mast-d2mmq-41[0m stage [32mfrom-build-pack[0m and container [32mstep-update-image-map1[0m
Unable to retrieve container logs for docker://c33fcaa852bdb1665d6441d3b728491f4911c53c18e51f536ce56d004f60e378

Showing logs for build [32mentando-k8s-entando-de-app-mast-d2mmq-41[0m stage [32mfrom-build-pack[0m and container [32mstep-container-build2[0m
Unable to retrieve container logs for docker://85e62ec46eb6364f7ac9e437a275782a9e228bb7efb4973affdc7ea3641aa818

Showing logs for build [32mentando-k8s-entando-de-app-mast-d2mmq-41[0m stage [32mfrom-build-pack[0m and container [32mstep-post-build2[0m
Unable to retrieve container logs for docker://54ac52d186f7914c5cdd675f3f4fad6cb8b51eaba4629e1078104449af45ea74

Showing logs for build [32mentando-k8s-entando-de-app-mast-d2mmq-41[0m stage [32mfrom-build-pack[0m and container [32mstep-update-image-map2[0m
Unable to retrieve container logs for docker://6f30f5128727f45cfbf7bff295998225dc722543ec0fd4198369bc151ca7bd58
