
Showing logs for build [32mentando-k8s-entando-de-app-mast-k496j-42[0m stage [32mfrom-build-pack[0m and container [32mcredential-initializer[0m
Unable to retrieve container logs for docker://54a575d8698a8542cdbb91a2682cf379b5ec8b83d80ef3217547d86c00780618

Showing logs for build [32mentando-k8s-entando-de-app-mast-k496j-42[0m stage [32mfrom-build-pack[0m and container [32mworking-dir-initializer[0m
Unable to retrieve container logs for docker://77f49c3eff7fa5194828eb48c6f87f0c179e9fdb2f10880a88ae880acbb4a674

Showing logs for build [32mentando-k8s-entando-de-app-mast-k496j-42[0m stage [32mfrom-build-pack[0m and container [32mplace-tools[0m
Unable to retrieve container logs for docker://8e3f433d3c93b6180a042f7227319540ada5ace770b4d47086eed59ef2645546

Showing logs for build [32mentando-k8s-entando-de-app-mast-k496j-42[0m stage [32mfrom-build-pack[0m and container [32mstep-git-source-entando-k8s-entando-de-app-mast-k496j-5scn2[0m
Unable to retrieve container logs for docker://c148e51d5d88977d89d8aca34147b70b20f05df9d4f94120a63a5165a2f8e319

Showing logs for build [32mentando-k8s-entando-de-app-mast-k496j-42[0m stage [32mfrom-build-pack[0m and container [32mstep-setup-builder-home[0m
Unable to retrieve container logs for docker://d0de22f42a9e6b320f030894dbd3646fc29b16a85d584b3946bc90e9dfe4c907

Showing logs for build [32mentando-k8s-entando-de-app-mast-k496j-42[0m stage [32mfrom-build-pack[0m and container [32mstep-git-merge[0m
Unable to retrieve container logs for docker://0f93afacba7f5677fd8eddf8d93dda6d9e529532bb0718394cb6c14c9713aa2b

Showing logs for build [32mentando-k8s-entando-de-app-mast-k496j-42[0m stage [32mfrom-build-pack[0m and container [32mstep-setup-jx-git-credentials[0m
Unable to retrieve container logs for docker://4d4ae6cbd8957576dd8f4b852e57581b639d7ae4a77785206fcb0c03d6e46402

Showing logs for build [32mentando-k8s-entando-de-app-mast-k496j-42[0m stage [32mfrom-build-pack[0m and container [32mstep-build-mvn-build[0m
Unable to retrieve container logs for docker://48c3e66b2dceba56f140e4fe08d6916a8953bb56127b365352f50060d6aa727b

Showing logs for build [32mentando-k8s-entando-de-app-mast-k496j-42[0m stage [32mfrom-build-pack[0m and container [32mstep-container-build1[0m
Unable to retrieve container logs for docker://22eebd6ff93f0355928767f5b4e2ed1fb80d3fdb096ceb48ed5f96ce2fd01c1d

Showing logs for build [32mentando-k8s-entando-de-app-mast-k496j-42[0m stage [32mfrom-build-pack[0m and container [32mstep-post-build1[0m
Unable to retrieve container logs for docker://749be8533a3f7c76d615049faa021f22c2747635e9344a7294e8595caafc4e56

Showing logs for build [32mentando-k8s-entando-de-app-mast-k496j-42[0m stage [32mfrom-build-pack[0m and container [32mstep-update-image-map1[0m
Unable to retrieve container logs for docker://fa227db6ad1caa48cf9ce332b9dba43483947973983698697e8e3b10351db447

Showing logs for build [32mentando-k8s-entando-de-app-mast-k496j-42[0m stage [32mfrom-build-pack[0m and container [32mstep-container-build2[0m
Unable to retrieve container logs for docker://34cfff1effa06072098abc0d98eea35691e851f4dfc3c674ec16fca7cb9a9601

Showing logs for build [32mentando-k8s-entando-de-app-mast-k496j-42[0m stage [32mfrom-build-pack[0m and container [32mstep-post-build2[0m
Unable to retrieve container logs for docker://dddb19c4ccc9176fff70b50c442b76031c15abcf92474d74e0b71d618912ed5d

Showing logs for build [32mentando-k8s-entando-de-app-mast-k496j-42[0m stage [32mfrom-build-pack[0m and container [32mstep-update-image-map2[0m
Unable to retrieve container logs for docker://28de557fbdabaf2ec2cd14870df9256091b86a3cde4a955c0924ff95928d9a02
