
Showing logs for build [32mentando-k8s-entando-de-app-mast-76q7n-43[0m stage [32mfrom-build-pack[0m and container [32mcredential-initializer[0m
Unable to retrieve container logs for docker://cf75739d4005337e25635f24a492c4776eac7b7d33d01f5cfdf8016bacd40643

Showing logs for build [32mentando-k8s-entando-de-app-mast-76q7n-43[0m stage [32mfrom-build-pack[0m and container [32mworking-dir-initializer[0m
Unable to retrieve container logs for docker://9669f***b186c3622aea9629a29ec015ef3a7209a72a4730a53c3cf12c231545

Showing logs for build [32mentando-k8s-entando-de-app-mast-76q7n-43[0m stage [32mfrom-build-pack[0m and container [32mplace-tools[0m
Unable to retrieve container logs for docker://b9fd8fd916a1f42e79dddf02683a170479e60fcfef90e26462daa5c3f909d371

Showing logs for build [32mentando-k8s-entando-de-app-mast-76q7n-43[0m stage [32mfrom-build-pack[0m and container [32mstep-git-source-entando-k8s-entando-de-app-mast-76q7n-dzh6z[0m
Unable to retrieve container logs for docker://4c775d12d649d57c2383413dabd09d5f70f4ceadcdfe31159e70fd4f2b747f46

Showing logs for build [32mentando-k8s-entando-de-app-mast-76q7n-43[0m stage [32mfrom-build-pack[0m and container [32mstep-setup-builder-home[0m
Unable to retrieve container logs for docker://0b81d91b498177201e10a3b0cecd7e47383db6b11706832806a9b7cecb5ec327

Showing logs for build [32mentando-k8s-entando-de-app-mast-76q7n-43[0m stage [32mfrom-build-pack[0m and container [32mstep-git-merge[0m
Unable to retrieve container logs for docker://d048b2f8f821f50c42cd74de67a01337ac76ccaabd28***33c29b4632d487231

Showing logs for build [32mentando-k8s-entando-de-app-mast-76q7n-43[0m stage [32mfrom-build-pack[0m and container [32mstep-setup-jx-git-credentials[0m
Unable to retrieve container logs for docker://9ab15803a1319a56e28ca08358239b014ed33912100e911ab693740928a91c39

Showing logs for build [32mentando-k8s-entando-de-app-mast-76q7n-43[0m stage [32mfrom-build-pack[0m and container [32mstep-build-mvn-build[0m
Unable to retrieve container logs for docker://c28a541fb587d568fe263bd1b5ee4274139a1f023577a2634367981da4e9ac64

Showing logs for build [32mentando-k8s-entando-de-app-mast-76q7n-43[0m stage [32mfrom-build-pack[0m and container [32mstep-container-build1[0m
Unable to retrieve container logs for docker://e2ec29835f54f11d62974471667ef848c3849f99d3b574695ab78c967bb9ec5c

Showing logs for build [32mentando-k8s-entando-de-app-mast-76q7n-43[0m stage [32mfrom-build-pack[0m and container [32mstep-post-build1[0m
Unable to retrieve container logs for docker://d9feb22ca355b806acb69022452ec72bfacfead994a2f1475cf424501b94840b

Showing logs for build [32mentando-k8s-entando-de-app-mast-76q7n-43[0m stage [32mfrom-build-pack[0m and container [32mstep-update-image-map1[0m
Unable to retrieve container logs for docker://14d27faef5a1474d4fe3a0f04decee1b6bd8539a987fac3e33108bb19f7fd718

Showing logs for build [32mentando-k8s-entando-de-app-mast-76q7n-43[0m stage [32mfrom-build-pack[0m and container [32mstep-container-build2[0m
Unable to retrieve container logs for docker://564a44feda15653e307cf2960d5aea1f47149992bd56df3441c85ced230c8218

Showing logs for build [32mentando-k8s-entando-de-app-mast-76q7n-43[0m stage [32mfrom-build-pack[0m and container [32mstep-post-build2[0m
Unable to retrieve container logs for docker://22bd8d48a2d1fd428595048fbfb5556ec69962e168931126cbce55386225f424

Showing logs for build [32mentando-k8s-entando-de-app-mast-76q7n-43[0m stage [32mfrom-build-pack[0m and container [32mstep-update-image-map2[0m
Unable to retrieve container logs for docker://ab6574a4fd7fba4a6809db4cfa80a32fce3cef9ea6727069bf3ef255b5686572
