
Showing logs for build [32mentando-k8s-entando-de-app-mast-8g8xb-44[0m stage [32mfrom-build-pack[0m and container [32mcredential-initializer[0m
Unable to retrieve container logs for docker://7f67f49aad708c6fd0502c1157c36d2161e49c6a8052522011d2860c7a22a666

Showing logs for build [32mentando-k8s-entando-de-app-mast-8g8xb-44[0m stage [32mfrom-build-pack[0m and container [32mworking-dir-initializer[0m
Unable to retrieve container logs for docker://6e4323262855632f73abaa97327ec62e045dcbaa4c49967a8a44b616ace3150c

Showing logs for build [32mentando-k8s-entando-de-app-mast-8g8xb-44[0m stage [32mfrom-build-pack[0m and container [32mplace-tools[0m
Unable to retrieve container logs for docker://cdf18768de183b6b4d97056fa921a563dadaa52050520279c0fd255d5a167d70

Showing logs for build [32mentando-k8s-entando-de-app-mast-8g8xb-44[0m stage [32mfrom-build-pack[0m and container [32mstep-git-source-entando-k8s-entando-de-app-mast-8g8xb-glz88[0m
Unable to retrieve container logs for docker://12329221269e627486abc4c143d05f5a428cf3bf40d5f7537da9a946ddbeef4d

Showing logs for build [32mentando-k8s-entando-de-app-mast-8g8xb-44[0m stage [32mfrom-build-pack[0m and container [32mstep-setup-builder-home[0m
Unable to retrieve container logs for docker://7ceafb60c7fcde11991da4160a535338d53cb8b5be3ff47332eb4ccf0061f74e

Showing logs for build [32mentando-k8s-entando-de-app-mast-8g8xb-44[0m stage [32mfrom-build-pack[0m and container [32mstep-git-merge[0m
Unable to retrieve container logs for docker://c3243f8a41720938be9ed66f2ec78f7f7efdc406444498241cdc341575071f37

Showing logs for build [32mentando-k8s-entando-de-app-mast-8g8xb-44[0m stage [32mfrom-build-pack[0m and container [32mstep-setup-jx-git-credentials[0m
Unable to retrieve container logs for docker://04385477caf7f25420d2ea6e14e6cd1f780ebdee9a8c6a20da9ee4c6e0ce8701

Showing logs for build [32mentando-k8s-entando-de-app-mast-8g8xb-44[0m stage [32mfrom-build-pack[0m and container [32mstep-build-mvn-build[0m
Unable to retrieve container logs for docker://1b0a007e9d0cf26c23d4a19c702d31557f2e66ff3ace204fccbf378209998970

Showing logs for build [32mentando-k8s-entando-de-app-mast-8g8xb-44[0m stage [32mfrom-build-pack[0m and container [32mstep-container-build1[0m
Unable to retrieve container logs for docker://c0d90163fcd0d178081e8f97356ebc4ffc11611fd16d4661f1bd251bc126d71e

Showing logs for build [32mentando-k8s-entando-de-app-mast-8g8xb-44[0m stage [32mfrom-build-pack[0m and container [32mstep-post-build1[0m
Unable to retrieve container logs for docker://fc00ed7981ac156d738bc167204e873b1a8dfedf11ffdd05bd117278887ce509

Showing logs for build [32mentando-k8s-entando-de-app-mast-8g8xb-44[0m stage [32mfrom-build-pack[0m and container [32mstep-update-image-map1[0m
Unable to retrieve container logs for docker://bbcf41c75403406ff28336c4d2d14a2ef3a09c482a75380582e2e878c54cfb55

Showing logs for build [32mentando-k8s-entando-de-app-mast-8g8xb-44[0m stage [32mfrom-build-pack[0m and container [32mstep-container-build2[0m
Unable to retrieve container logs for docker://f264a0fbbb1a6a7a01a22fe31a8ba67670b777b194529d199088189d975a5a1d

Showing logs for build [32mentando-k8s-entando-de-app-mast-8g8xb-44[0m stage [32mfrom-build-pack[0m and container [32mstep-post-build2[0m
Unable to retrieve container logs for docker://72e0b31a551fd65826cbf8b1e39fe928bd89f2f1cf9ae948a1902301e43e0f38

Showing logs for build [32mentando-k8s-entando-de-app-mast-8g8xb-44[0m stage [32mfrom-build-pack[0m and container [32mstep-update-image-map2[0m
Unable to retrieve container logs for docker://180944aeafa33f51cb385561f015e648bbec51fc1c438f133c563a89bbb5286d
