
Showing logs for build [32mentando-k8s-entando-de-app-mast-s88cr-45[0m stage [32mfrom-build-pack[0m and container [32mcredential-initializer[0m
Unable to retrieve container logs for docker://f9e72d035235a5487e7a22c1d337237a4ea7c3e354ce7e78a6caa8493d9e286f

Showing logs for build [32mentando-k8s-entando-de-app-mast-s88cr-45[0m stage [32mfrom-build-pack[0m and container [32mworking-dir-initializer[0m
Unable to retrieve container logs for docker://8a7ac39396f1c84dae91a9a4a58d47742b955188eca71037bd011ab089ff6654

Showing logs for build [32mentando-k8s-entando-de-app-mast-s88cr-45[0m stage [32mfrom-build-pack[0m and container [32mplace-tools[0m
Unable to retrieve container logs for docker://81b0a0979ff6e565a5fc3260a7508412787f73832ff0fe18cd0fe6e523090a61

Showing logs for build [32mentando-k8s-entando-de-app-mast-s88cr-45[0m stage [32mfrom-build-pack[0m and container [32mstep-git-source-entando-k8s-entando-de-app-mast-s88cr-f2kg9[0m
Unable to retrieve container logs for docker://ab013d32c30aa842459706e2442662703e2ba675aa240a373e869b9aac475011

Showing logs for build [32mentando-k8s-entando-de-app-mast-s88cr-45[0m stage [32mfrom-build-pack[0m and container [32mstep-setup-builder-home[0m
Unable to retrieve container logs for docker://a3aafdb1edd9f74f5a0d30c1eae903602d2aaa3c8ca31536b3c8f4bae40cb562

Showing logs for build [32mentando-k8s-entando-de-app-mast-s88cr-45[0m stage [32mfrom-build-pack[0m and container [32mstep-git-merge[0m
Unable to retrieve container logs for docker://aa3793bb87eab00da30babd85db2f076d418094d00aadd52a46f28308c869c64

Showing logs for build [32mentando-k8s-entando-de-app-mast-s88cr-45[0m stage [32mfrom-build-pack[0m and container [32mstep-setup-jx-git-credentials[0m
Unable to retrieve container logs for docker://bbbb24d30b2e2f5fd944f3f310107657267fb072082457263f42a7c22d746f77

Showing logs for build [32mentando-k8s-entando-de-app-mast-s88cr-45[0m stage [32mfrom-build-pack[0m and container [32mstep-build-mvn-build[0m
Unable to retrieve container logs for docker://46e0c090550ee77688b69700719398726186972ecf19702d0600287028b9711d

Showing logs for build [32mentando-k8s-entando-de-app-mast-s88cr-45[0m stage [32mfrom-build-pack[0m and container [32mstep-container-build1[0m
Unable to retrieve container logs for docker://84667412c550106c2b72f0cc2b87535d3181153b3254af077f734064ef443c19

Showing logs for build [32mentando-k8s-entando-de-app-mast-s88cr-45[0m stage [32mfrom-build-pack[0m and container [32mstep-post-build1[0m
Unable to retrieve container logs for docker://6d9c64688d3bc6095020f2d1dadab84322b4fe31a1da2f7b98a0cce47fc07108

Showing logs for build [32mentando-k8s-entando-de-app-mast-s88cr-45[0m stage [32mfrom-build-pack[0m and container [32mstep-update-image-map1[0m
Unable to retrieve container logs for docker://04a4ed02e495c77d9891a8c47d3ec87d260f85a192bdbe561aaa48a7ab36e83e

Showing logs for build [32mentando-k8s-entando-de-app-mast-s88cr-45[0m stage [32mfrom-build-pack[0m and container [32mstep-container-build2[0m
Unable to retrieve container logs for docker://f4b6b0106e86fa55169170113ec14172b452e05dfac5b9474a19341654cea90e

Showing logs for build [32mentando-k8s-entando-de-app-mast-s88cr-45[0m stage [32mfrom-build-pack[0m and container [32mstep-post-build2[0m
Unable to retrieve container logs for docker://65dad70e89943e746dce3fe3edcf8e38b94531948f9ecb290409229ace1a5b53

Showing logs for build [32mentando-k8s-entando-de-app-mast-s88cr-45[0m stage [32mfrom-build-pack[0m and container [32mstep-update-image-map2[0m
Unable to retrieve container logs for docker://c67a548d4bad45124ec82466dc723157ec2ede9e6c99156f8c0f49267adddb1f
