
Showing logs for build [32mentando-k8s-entando-de-app-mast-d647g-46[0m stage [32mfrom-build-pack[0m and container [32mcredential-initializer[0m
Unable to retrieve container logs for docker://51175d965a356c61e8607b076fa8c30998df8cb4d0a75520e8dc9be4e8fe1f49

Showing logs for build [32mentando-k8s-entando-de-app-mast-d647g-46[0m stage [32mfrom-build-pack[0m and container [32mworking-dir-initializer[0m
Unable to retrieve container logs for docker://296de5e4d8cbd13e9e5ca01099f42053414ac6e381f10f20a3a9bac4348aba6d

Showing logs for build [32mentando-k8s-entando-de-app-mast-d647g-46[0m stage [32mfrom-build-pack[0m and container [32mplace-tools[0m
Unable to retrieve container logs for docker://744bd403502c0a3205b1689e5f53ee015f05cc669134f91376d2b9aa565aa409

Showing logs for build [32mentando-k8s-entando-de-app-mast-d647g-46[0m stage [32mfrom-build-pack[0m and container [32mstep-git-source-entando-k8s-entando-de-app-mast-d647g-d4zh8[0m
Unable to retrieve container logs for docker://4a8800d43b527f7e444de28029f62721e65bd206577b0d674d8b6b2b0243b25a

Showing logs for build [32mentando-k8s-entando-de-app-mast-d647g-46[0m stage [32mfrom-build-pack[0m and container [32mstep-setup-builder-home[0m
Unable to retrieve container logs for docker://1541f31ff35e5d0f51498fd7e3cf463caeced5f84e7c171e61814eda2f1c445d

Showing logs for build [32mentando-k8s-entando-de-app-mast-d647g-46[0m stage [32mfrom-build-pack[0m and container [32mstep-git-merge[0m
Unable to retrieve container logs for docker://253ce88054bf0662467cecc526db927d6dd3cd55e6e27a51c8901a6f698e482a

Showing logs for build [32mentando-k8s-entando-de-app-mast-d647g-46[0m stage [32mfrom-build-pack[0m and container [32mstep-setup-jx-git-credentials[0m
Unable to retrieve container logs for docker://c6bad2d9b5c78b6eab484ed9c011684e390cc1ab65dc9c7e257211ccacefdf5e

Showing logs for build [32mentando-k8s-entando-de-app-mast-d647g-46[0m stage [32mfrom-build-pack[0m and container [32mstep-build-mvn-build[0m
Unable to retrieve container logs for docker://b446d6134cb7c61fda2148ab349be269a9e94964a512ca4aad47be6b3e68d77e

Showing logs for build [32mentando-k8s-entando-de-app-mast-d647g-46[0m stage [32mfrom-build-pack[0m and container [32mstep-container-build1[0m
Unable to retrieve container logs for docker://ebde9693e921351e857822c23bdfd8798f2442d17454613538b2d9a563800d58

Showing logs for build [32mentando-k8s-entando-de-app-mast-d647g-46[0m stage [32mfrom-build-pack[0m and container [32mstep-post-build1[0m
Unable to retrieve container logs for docker://421600e12bbb7e6e850760c249dfe855eda0d5817faa3f7012eb3f3362837f62

Showing logs for build [32mentando-k8s-entando-de-app-mast-d647g-46[0m stage [32mfrom-build-pack[0m and container [32mstep-update-image-map1[0m
Unable to retrieve container logs for docker://ec34da66de7a890d6f94c8912efdea7b4e6999ab6ea5c353f826370f47a7a404

Showing logs for build [32mentando-k8s-entando-de-app-mast-d647g-46[0m stage [32mfrom-build-pack[0m and container [32mstep-container-build2[0m
Unable to retrieve container logs for docker://079b2aabd09c796553cd97ba8f558b15f58cbab195c7b8590979f69dbdffbf04

Showing logs for build [32mentando-k8s-entando-de-app-mast-d647g-46[0m stage [32mfrom-build-pack[0m and container [32mstep-post-build2[0m
Unable to retrieve container logs for docker://dda5a7ba26d7a260e6b9c0caf0009b2cab4501760845bc7bbd669bd9acbd9178

Showing logs for build [32mentando-k8s-entando-de-app-mast-d647g-46[0m stage [32mfrom-build-pack[0m and container [32mstep-update-image-map2[0m
Unable to retrieve container logs for docker://0e5f95b1cccb161dc7679083f4980816128c4c4464e85dd1b7792d38a5fc24b6
