
Showing logs for build [32mentando-k8s-entando-de-app-mast-2q67q-47[0m stage [32mfrom-build-pack[0m and container [32mcredential-initializer[0m
Unable to retrieve container logs for docker://3672d2242d28cd23d062b93c49b79367db3f1d5e0a27a14c650f7bd1416e1b52

Showing logs for build [32mentando-k8s-entando-de-app-mast-2q67q-47[0m stage [32mfrom-build-pack[0m and container [32mworking-dir-initializer[0m
Unable to retrieve container logs for docker://e4a325d7e6ab586298e9dd4eb1df3b4ed9dbbf06bd2d900b4bccea5a32170668

Showing logs for build [32mentando-k8s-entando-de-app-mast-2q67q-47[0m stage [32mfrom-build-pack[0m and container [32mplace-tools[0m
Unable to retrieve container logs for docker://49aed4068e43302acd553cd06e11e7397d72afb36a6ce50581fa1c9afd73b606

Showing logs for build [32mentando-k8s-entando-de-app-mast-2q67q-47[0m stage [32mfrom-build-pack[0m and container [32mstep-git-source-entando-k8s-entando-de-app-mast-2q67q-mctx7[0m
Unable to retrieve container logs for docker://05fd5f353ccf0c4702c6aaf087a1c676024eb24734938c7e8d1eb654f7e55c52

Showing logs for build [32mentando-k8s-entando-de-app-mast-2q67q-47[0m stage [32mfrom-build-pack[0m and container [32mstep-setup-builder-home[0m
Unable to retrieve container logs for docker://f7dec20895637e4dcde2a3ad96badf10a066a5b4f75f0b52df42d52c7cb2704b

Showing logs for build [32mentando-k8s-entando-de-app-mast-2q67q-47[0m stage [32mfrom-build-pack[0m and container [32mstep-git-merge[0m
Unable to retrieve container logs for docker://3dc0e2d82a5cca151d40cb88fb810033f98d49346f1f1f05152963cf158a2219

Showing logs for build [32mentando-k8s-entando-de-app-mast-2q67q-47[0m stage [32mfrom-build-pack[0m and container [32mstep-setup-jx-git-credentials[0m
Unable to retrieve container logs for docker://b438c54dc1d5886dc71a63dfaa8a9c6348103b5de772772565d880faf1881f17

Showing logs for build [32mentando-k8s-entando-de-app-mast-2q67q-47[0m stage [32mfrom-build-pack[0m and container [32mstep-build-mvn-build[0m
Unable to retrieve container logs for docker://7d62a37b36993961ac9a63cf5c81527a68799693e3485d63ed6febc26a6df225

Showing logs for build [32mentando-k8s-entando-de-app-mast-2q67q-47[0m stage [32mfrom-build-pack[0m and container [32mstep-container-build1[0m
Unable to retrieve container logs for docker://8df794054c52bd528f34b6eb56c1f359d11647238cdd116386fbe31044a1a655

Showing logs for build [32mentando-k8s-entando-de-app-mast-2q67q-47[0m stage [32mfrom-build-pack[0m and container [32mstep-post-build1[0m
Unable to retrieve container logs for docker://612c18831cadaa2bfb8140602006d7642c4066d35146e673daa8e0afdc08847a

Showing logs for build [32mentando-k8s-entando-de-app-mast-2q67q-47[0m stage [32mfrom-build-pack[0m and container [32mstep-update-image-map1[0m
Unable to retrieve container logs for docker://fb6f248b3f85d10b63188fa0b2b0630307711e85286f631d039ff767dcb35035

Showing logs for build [32mentando-k8s-entando-de-app-mast-2q67q-47[0m stage [32mfrom-build-pack[0m and container [32mstep-container-build2[0m
Unable to retrieve container logs for docker://7f0e11ce85ba63583934e7dbd9b6b76be2f59e8088ec1470c81f4e9ffe007b64

Showing logs for build [32mentando-k8s-entando-de-app-mast-2q67q-47[0m stage [32mfrom-build-pack[0m and container [32mstep-post-build2[0m
Unable to retrieve container logs for docker://cff7ef07c4521e05ad93e0a6b7d80e17a5d5080a338ea53a723adb689769d106

Showing logs for build [32mentando-k8s-entando-de-app-mast-2q67q-47[0m stage [32mfrom-build-pack[0m and container [32mstep-update-image-map2[0m
Unable to retrieve container logs for docker://95432263fa84483bdf9b326daefbfc0fb08809bb774da60fa219d3266b342644
