
Showing logs for build [32mentando-k8s-entando-de-app-mast-qrsms-48[0m stage [32mfrom-build-pack[0m and container [32mcredential-initializer[0m
Unable to retrieve container logs for docker://7d2ba97f4d5eb64837e4fe9a99246349ba14319db045be1575ef2d8f35e3560b

Showing logs for build [32mentando-k8s-entando-de-app-mast-qrsms-48[0m stage [32mfrom-build-pack[0m and container [32mworking-dir-initializer[0m
Unable to retrieve container logs for docker://31edccf17658eb35cb1b04e6a1cec902260bf795cd3b6c754818a941bb2c4a33

Showing logs for build [32mentando-k8s-entando-de-app-mast-qrsms-48[0m stage [32mfrom-build-pack[0m and container [32mplace-tools[0m
Unable to retrieve container logs for docker://a210518aab14e536a7131d3deabc5203f721eb62645cdc2feeabe6ea8759d850

Showing logs for build [32mentando-k8s-entando-de-app-mast-qrsms-48[0m stage [32mfrom-build-pack[0m and container [32mstep-git-source-entando-k8s-entando-de-app-mast-qrsms-8kh7b[0m
Unable to retrieve container logs for docker://b9e1ce6e6e3c1e6a69b097c2fc24ca784f77f831668ab8ece993a33143677efc

Showing logs for build [32mentando-k8s-entando-de-app-mast-qrsms-48[0m stage [32mfrom-build-pack[0m and container [32mstep-setup-builder-home[0m
Unable to retrieve container logs for docker://26ee77d729ae447c80c805bd1fdb815c2458d054562b7c03f8acdcaa9acb034f

Showing logs for build [32mentando-k8s-entando-de-app-mast-qrsms-48[0m stage [32mfrom-build-pack[0m and container [32mstep-git-merge[0m
Unable to retrieve container logs for docker://ac396f1179ab522c05aa2a96ad365029d1581901fbdc263327ae1bcb55c9c660

Showing logs for build [32mentando-k8s-entando-de-app-mast-qrsms-48[0m stage [32mfrom-build-pack[0m and container [32mstep-setup-jx-git-credentials[0m
Unable to retrieve container logs for docker://ae2e32862b27fc6d1c6d0baf1bf5300144952f4c5508b108fe0d2f99f902d61a

Showing logs for build [32mentando-k8s-entando-de-app-mast-qrsms-48[0m stage [32mfrom-build-pack[0m and container [32mstep-build-mvn-build[0m
Unable to retrieve container logs for docker://39ed101e2484913f88c266548a2ec46cbc57ad5e8492cf51a4d129ddce7f7925

Showing logs for build [32mentando-k8s-entando-de-app-mast-qrsms-48[0m stage [32mfrom-build-pack[0m and container [32mstep-container-build1[0m
Unable to retrieve container logs for docker://cb1f3c765d794e21e291c876f65e504478314318d48cac50723b161384055c4b

Showing logs for build [32mentando-k8s-entando-de-app-mast-qrsms-48[0m stage [32mfrom-build-pack[0m and container [32mstep-post-build1[0m
Unable to retrieve container logs for docker://f5680afb3fa0b8685d687fe7ab2c34672ed67ee17e72b53f6af0a48002e83d1b

Showing logs for build [32mentando-k8s-entando-de-app-mast-qrsms-48[0m stage [32mfrom-build-pack[0m and container [32mstep-update-image-map1[0m
Unable to retrieve container logs for docker://0fba81a4c0cd0340c04e8af0a38fbf2b8854ba59f862aa55e1bc968821b01112

Showing logs for build [32mentando-k8s-entando-de-app-mast-qrsms-48[0m stage [32mfrom-build-pack[0m and container [32mstep-container-build2[0m
Unable to retrieve container logs for docker://5d25e159054cb15d3800cfb968ef1f6b67992cc51141fa448a22b5c705e0e12d

Showing logs for build [32mentando-k8s-entando-de-app-mast-qrsms-48[0m stage [32mfrom-build-pack[0m and container [32mstep-post-build2[0m
Unable to retrieve container logs for docker://ea5c93c34077c965e185eae91a1b9652472729f6be8ee81040779c1641bc2f3d

Showing logs for build [32mentando-k8s-entando-de-app-mast-qrsms-48[0m stage [32mfrom-build-pack[0m and container [32mstep-update-image-map2[0m
Unable to retrieve container logs for docker://93d23314a6fc517e1858b3af0c9e226e33558fd018a0512bd7028ac61421345f
