
Showing logs for build [32mentando-k8s-entando-de-app-mast-ps7pf-49[0m stage [32mfrom-build-pack[0m and container [32mcredential-initializer[0m
Unable to retrieve container logs for docker://e7cac23fea6a547c83be883251aac54bb4ffb82e3afcb44f46837b819576544e

Showing logs for build [32mentando-k8s-entando-de-app-mast-ps7pf-49[0m stage [32mfrom-build-pack[0m and container [32mworking-dir-initializer[0m
Unable to retrieve container logs for docker://986d86438127de70ca40646a77ede764964c05af462fa9128362ceafff33fe66

Showing logs for build [32mentando-k8s-entando-de-app-mast-ps7pf-49[0m stage [32mfrom-build-pack[0m and container [32mplace-tools[0m
Unable to retrieve container logs for docker://fa0f828cda3f6c636190495c7ef9101bcc43fb18104d480f4eb5db236e3c0973

Showing logs for build [32mentando-k8s-entando-de-app-mast-ps7pf-49[0m stage [32mfrom-build-pack[0m and container [32mstep-git-source-entando-k8s-entando-de-app-mast-ps7pf-fqkwf[0m
Unable to retrieve container logs for docker://275bb3ada1e4985a161beff081e6d0388d003736089545477c9494fb6365030a

Showing logs for build [32mentando-k8s-entando-de-app-mast-ps7pf-49[0m stage [32mfrom-build-pack[0m and container [32mstep-setup-builder-home[0m
Unable to retrieve container logs for docker://65180f4ab82ac118786debf29ebc020a025fcde5f79d6a3288c097e3f8a4c371

Showing logs for build [32mentando-k8s-entando-de-app-mast-ps7pf-49[0m stage [32mfrom-build-pack[0m and container [32mstep-git-merge[0m
Unable to retrieve container logs for docker://a0b082119d34987118def06896cc522eb765444585d2896ad9a06305988f0316

Showing logs for build [32mentando-k8s-entando-de-app-mast-ps7pf-49[0m stage [32mfrom-build-pack[0m and container [32mstep-setup-jx-git-credentials[0m
Unable to retrieve container logs for docker://ad2d308b08361c0be7b6de4aeb7d4f776d64eb2eacc4e3262eed1141c37c5c1a

Showing logs for build [32mentando-k8s-entando-de-app-mast-ps7pf-49[0m stage [32mfrom-build-pack[0m and container [32mstep-build-mvn-build[0m
Unable to retrieve container logs for docker://a36461d8c7150475f0232dc4107bf8662982d03ae871a37b7f3d00a30abc2119

Showing logs for build [32mentando-k8s-entando-de-app-mast-ps7pf-49[0m stage [32mfrom-build-pack[0m and container [32mstep-container-build1[0m
Unable to retrieve container logs for docker://31fa44652d67e559848feacffefc2304e5c905259156014a685f1735e09c6326

Showing logs for build [32mentando-k8s-entando-de-app-mast-ps7pf-49[0m stage [32mfrom-build-pack[0m and container [32mstep-post-build1[0m
Unable to retrieve container logs for docker://dacd337dcd5ed93ca698fe02d1c8ad3a5cce50296f67ec17bb62a7059ff89a1c

Showing logs for build [32mentando-k8s-entando-de-app-mast-ps7pf-49[0m stage [32mfrom-build-pack[0m and container [32mstep-update-image-map1[0m
Unable to retrieve container logs for docker://81513ebecc42b04c25692b595366501def88c897018fc13d5c19a2d29bd4ce07

Showing logs for build [32mentando-k8s-entando-de-app-mast-ps7pf-49[0m stage [32mfrom-build-pack[0m and container [32mstep-container-build2[0m
Unable to retrieve container logs for docker://36d55f6bda748c75ce82f3ba351eaf7a5f8fda9db4ef0e4b30c65283b1f6ac5e

Showing logs for build [32mentando-k8s-entando-de-app-mast-ps7pf-49[0m stage [32mfrom-build-pack[0m and container [32mstep-post-build2[0m
Unable to retrieve container logs for docker://30563d5a27e85c5a55db66a119e42969134117efadfa32272e9af257472d477d

Showing logs for build [32mentando-k8s-entando-de-app-mast-ps7pf-49[0m stage [32mfrom-build-pack[0m and container [32mstep-update-image-map2[0m
Unable to retrieve container logs for docker://1fd696219b6753099aaa19942366662df43035914f27f9057c6ef6d385180330
