
Showing logs for build [32mentando-k8s-entando-k8s-plugin-7dgm2-1[0m stage [32mfrom-build-pack[0m and container [32mcredential-initializer[0m
Unable to retrieve container logs for docker://752a02baf2c606232708c4a5e2417a20da4bfa0c1e6af02061d4b64b5eb3487f

Showing logs for build [32mentando-k8s-entando-k8s-plugin-7dgm2-1[0m stage [32mfrom-build-pack[0m and container [32mworking-dir-initializer[0m
Unable to retrieve container logs for docker://27adf775b769684b1fc10d48bc2fd93906fcc6ce72e590705236f536ee9f311d

Showing logs for build [32mentando-k8s-entando-k8s-plugin-7dgm2-1[0m stage [32mfrom-build-pack[0m and container [32mplace-tools[0m
Unable to retrieve container logs for docker://3f06f17b43c6cd46785a8d2e3d273ca24b1c9bdc84447c689a2e8f1e73b26f90

Showing logs for build [32mentando-k8s-entando-k8s-plugin-7dgm2-1[0m stage [32mfrom-build-pack[0m and container [32mstep-git-source-entando-k8s-entando-k8s-plugin-7dgm2-sjvqp[0m
Unable to retrieve container logs for docker://b2a22c50525e5b535fe1fbcb28350f4b6457fedac6827a393ce39c2a6350fb21

Showing logs for build [32mentando-k8s-entando-k8s-plugin-7dgm2-1[0m stage [32mfrom-build-pack[0m and container [32mstep-setup-builder-home[0m
Unable to retrieve container logs for docker://f67187fde183690167f9dba6969f2e555e67a77b5d4fdb3e3bae42479dd7205c

Showing logs for build [32mentando-k8s-entando-k8s-plugin-7dgm2-1[0m stage [32mfrom-build-pack[0m and container [32mstep-git-merge[0m
Unable to retrieve container logs for docker://b51457a1acf561638bbafbbb0fea7e44717d4685541aad330d218cf3e15bf9fa

Showing logs for build [32mentando-k8s-entando-k8s-plugin-7dgm2-1[0m stage [32mfrom-build-pack[0m and container [32mstep-build-set-version[0m
Unable to retrieve container logs for docker://07d6d6cc49783035b5545776d750bf415ff0443cb619a750042779239f333f2b

Showing logs for build [32mentando-k8s-entando-k8s-plugin-7dgm2-1[0m stage [32mfrom-build-pack[0m and container [32mstep-build-fix-git-for-sonar[0m
Unable to retrieve container logs for docker://a90d3e8b6da39e340d92ee56baa333367fb630a660532b5707dc818b1ba63405

Showing logs for build [32mentando-k8s-entando-k8s-plugin-7dgm2-1[0m stage [32mfrom-build-pack[0m and container [32mstep-build-mvn-verify-pr[0m
Unable to retrieve container logs for docker://e8b6532526b1c86d7d6275c0f7911339327d5e1530bc337beca34bbe501d0a07
[31m
Pipeline failed on stage 'from-build-pack' : container 'step-build-mvn-verify-pr'. The execution of the pipeline has stopped.[0m
