
Showing logs for build [32mentando-k8s-entando-k8s-plugin-xs4rv-2[0m stage [32mfrom-build-pack[0m and container [32mcredential-initializer[0m
Unable to retrieve container logs for docker://9dbbbbcfe307a85b627430aa9b8fb1426a6e1c2f99c03e7574a5907f8a26e103

Showing logs for build [32mentando-k8s-entando-k8s-plugin-xs4rv-2[0m stage [32mfrom-build-pack[0m and container [32mworking-dir-initializer[0m
Unable to retrieve container logs for docker://67ac5bcc4624c7155e52dc3a660a9042137c18d04844d27913edd72a6e44b633

Showing logs for build [32mentando-k8s-entando-k8s-plugin-xs4rv-2[0m stage [32mfrom-build-pack[0m and container [32mplace-tools[0m
Unable to retrieve container logs for docker://8445f9a695fadb4cd39f4206c170866b52f09128c1d6222409cb182ddfba5c65

Showing logs for build [32mentando-k8s-entando-k8s-plugin-xs4rv-2[0m stage [32mfrom-build-pack[0m and container [32mstep-git-source-entando-k8s-entando-k8s-plugin-xs4rv-ft6mx[0m
Unable to retrieve container logs for docker://6c873eba1fa8cd1ac5392674de28021db1a5d0760bdd09583e95ec00ea7a8c35

Showing logs for build [32mentando-k8s-entando-k8s-plugin-xs4rv-2[0m stage [32mfrom-build-pack[0m and container [32mstep-setup-builder-home[0m
Unable to retrieve container logs for docker://49b0f01e2a86e40d5614b784b9a58d42d919739b353cd0068eda1a0cf9ecb309

Showing logs for build [32mentando-k8s-entando-k8s-plugin-xs4rv-2[0m stage [32mfrom-build-pack[0m and container [32mstep-git-merge[0m
Unable to retrieve container logs for docker://bd6c103a7606dc31d1b0dc49eb4b0d55b4cf7498f4b15f6a3f0e2bfb67601f57

Showing logs for build [32mentando-k8s-entando-k8s-plugin-xs4rv-2[0m stage [32mfrom-build-pack[0m and container [32mstep-build-set-version[0m
Unable to retrieve container logs for docker://931beef27e477633967a07471b425748c47d68c652944571e5b94477c374ae13

Showing logs for build [32mentando-k8s-entando-k8s-plugin-xs4rv-2[0m stage [32mfrom-build-pack[0m and container [32mstep-build-fix-git-for-sonar[0m
Unable to retrieve container logs for docker://b2448b732615093492975e79729c14710dcee431de1e002aeb8cbedbe41c2844

Showing logs for build [32mentando-k8s-entando-k8s-plugin-xs4rv-2[0m stage [32mfrom-build-pack[0m and container [32mstep-build-mvn-verify-pr[0m
Unable to retrieve container logs for docker://d8b2186067c8852e083031846d15744c38e3d273a6b0fd2b85d2b9d2b09ea03e

Showing logs for build [32mentando-k8s-entando-k8s-plugin-xs4rv-2[0m stage [32mfrom-build-pack[0m and container [32mstep-build-container-build[0m
Unable to retrieve container logs for docker://afbff0947b48a057181f1fda1eff0f44ff08e625d972b157a34c1e8ac9449d47

Showing logs for build [32mentando-k8s-entando-k8s-plugin-xs4rv-2[0m stage [32mfrom-build-pack[0m and container [32mstep-postbuild-post-build[0m
Unable to retrieve container logs for docker://e699c6b75667e433d0f0deef31f8d053c371f7d824979f22f1e43f0c801ab803

Showing logs for build [32mentando-k8s-entando-k8s-plugin-xs4rv-2[0m stage [32mfrom-build-pack[0m and container [32mstep-promote-make-preview[0m
Unable to retrieve container logs for docker://57c690dde0b1745f8e92bbc5dee456022a48757e24ac31245a6c2e76f579d161
[31m
Pipeline failed on stage 'from-build-pack' : container 'step-promote-make-preview'. The execution of the pipeline has stopped.[0m
