
Showing logs for build [32mentando-k8s-entando-k8s-plugin-qqd9z-3[0m stage [32mfrom-build-pack[0m and container [32mcredential-initializer[0m
Unable to retrieve container logs for docker://cd11c63ef5dcc04c193ff9bb06caa163ff6683c4451a986661ac076f51e45076

Showing logs for build [32mentando-k8s-entando-k8s-plugin-qqd9z-3[0m stage [32mfrom-build-pack[0m and container [32mworking-dir-initializer[0m
Unable to retrieve container logs for docker://6385d5c481dbe96e700b59656a4ea738aacae865cd4b876649f6286adbf42851

Showing logs for build [32mentando-k8s-entando-k8s-plugin-qqd9z-3[0m stage [32mfrom-build-pack[0m and container [32mplace-tools[0m
Unable to retrieve container logs for docker://346923793d8e8f5fed03519c0091cc627efec4ab187b3f3424703884a3322b61

Showing logs for build [32mentando-k8s-entando-k8s-plugin-qqd9z-3[0m stage [32mfrom-build-pack[0m and container [32mstep-git-source-entando-k8s-entando-k8s-plugin-qqd9z-jj8p8[0m
Unable to retrieve container logs for docker://89ad420c5a68b2324cba3fe5f7a9584ff74b441d175a251a3b2803e688886018

Showing logs for build [32mentando-k8s-entando-k8s-plugin-qqd9z-3[0m stage [32mfrom-build-pack[0m and container [32mstep-setup-builder-home[0m
Unable to retrieve container logs for docker://a7c26445b45bd27ae86e9576b6433218c8ea25bfdc8c513086b4e3dbfabd577e

Showing logs for build [32mentando-k8s-entando-k8s-plugin-qqd9z-3[0m stage [32mfrom-build-pack[0m and container [32mstep-git-merge[0m
Unable to retrieve container logs for docker://a49d2552ee25991334bb1fe601c4ec4783dadfe71260e7370fb7e60b6f1fd418

Showing logs for build [32mentando-k8s-entando-k8s-plugin-qqd9z-3[0m stage [32mfrom-build-pack[0m and container [32mstep-build-set-version[0m
Unable to retrieve container logs for docker://bb89a85b1bd3e31326294726f6cbd320a5b6c87c05f2bf453e32aac935c0fd6d

Showing logs for build [32mentando-k8s-entando-k8s-plugin-qqd9z-3[0m stage [32mfrom-build-pack[0m and container [32mstep-build-fix-git-for-sonar[0m
Unable to retrieve container logs for docker://fb05f7b2bc59db6a677f44e39a1f451137797dbb81cf296962d233a47187ac2a

Showing logs for build [32mentando-k8s-entando-k8s-plugin-qqd9z-3[0m stage [32mfrom-build-pack[0m and container [32mstep-build-mvn-verify-pr[0m
Unable to retrieve container logs for docker://c05712a540aa8b13d10cadaad098b051405e4884e038e5703ce33afdc0b8564f

Showing logs for build [32mentando-k8s-entando-k8s-plugin-qqd9z-3[0m stage [32mfrom-build-pack[0m and container [32mstep-build-container-build[0m
Unable to retrieve container logs for docker://f68c0656520e532c04993cd259d00b01d1f8e7dc005b3e201051480dfed3da7d

Showing logs for build [32mentando-k8s-entando-k8s-plugin-qqd9z-3[0m stage [32mfrom-build-pack[0m and container [32mstep-postbuild-post-build[0m
Unable to retrieve container logs for docker://59e5cc727ebd2e1e44c4cc480ca168545ad85c07492802291375feb3ca3fec43

Showing logs for build [32mentando-k8s-entando-k8s-plugin-qqd9z-3[0m stage [32mfrom-build-pack[0m and container [32mstep-promote-make-preview[0m
Unable to retrieve container logs for docker://a5bfe9b74527f441ab2145a4bf24eb6e706b70504a6f9019a34eade2f4144b61
[31m
Pipeline failed on stage 'from-build-pack' : container 'step-promote-make-preview'. The execution of the pipeline has stopped.[0m
