
Showing logs for build [32mentando-k8s-entando-k8s-plugin-r57j6-4[0m stage [32mfrom-build-pack[0m and container [32mcredential-initializer[0m
Unable to retrieve container logs for docker://260775214a145734578b0cf4a8c6f227ef7fa2a0d8f46f086730e6af8c3be239

Showing logs for build [32mentando-k8s-entando-k8s-plugin-r57j6-4[0m stage [32mfrom-build-pack[0m and container [32mworking-dir-initializer[0m
Unable to retrieve container logs for docker://075825bb5113ef140132ff928371327f06b7e1f6fd5ea05651e51230ff41af7e

Showing logs for build [32mentando-k8s-entando-k8s-plugin-r57j6-4[0m stage [32mfrom-build-pack[0m and container [32mplace-tools[0m
Unable to retrieve container logs for docker://3814ac964e7df96843482b4a7d24d85416d8873efdd6eb3dbe9cd9ddfe117a29

Showing logs for build [32mentando-k8s-entando-k8s-plugin-r57j6-4[0m stage [32mfrom-build-pack[0m and container [32mstep-git-source-entando-k8s-entando-k8s-plugin-r57j6-nlqgn[0m
Unable to retrieve container logs for docker://5b5a75c4057e8860d0c4eca44c12fb191846c25df559983061c1c449f14d1760

Showing logs for build [32mentando-k8s-entando-k8s-plugin-r57j6-4[0m stage [32mfrom-build-pack[0m and container [32mstep-setup-builder-home[0m
Unable to retrieve container logs for docker://a622016a09771638c94e80297290170283bbbf2ad6a7a75f5f9ccca9a183324e

Showing logs for build [32mentando-k8s-entando-k8s-plugin-r57j6-4[0m stage [32mfrom-build-pack[0m and container [32mstep-git-merge[0m
Unable to retrieve container logs for docker://46f5a71fa2547866c31099e24003b35935903b51567a9a0f661be6fad72eff5e

Showing logs for build [32mentando-k8s-entando-k8s-plugin-r57j6-4[0m stage [32mfrom-build-pack[0m and container [32mstep-build-set-version[0m
Unable to retrieve container logs for docker://2200a64c79663f491aa142c3132eab20a2f7fc35a16dec65d1df143afe782930

Showing logs for build [32mentando-k8s-entando-k8s-plugin-r57j6-4[0m stage [32mfrom-build-pack[0m and container [32mstep-build-fix-git-for-sonar[0m
Unable to retrieve container logs for docker://f417d3689e140e59fc48c8de73417d3d441ca14547f8fb52d9215ef17414f121

Showing logs for build [32mentando-k8s-entando-k8s-plugin-r57j6-4[0m stage [32mfrom-build-pack[0m and container [32mstep-build-mvn-verify-pr[0m
Unable to retrieve container logs for docker://f1a16b39d8b5480974acd1ec33d6bd0b15e3c9ab00b5be77ca4c20277b79175c

Showing logs for build [32mentando-k8s-entando-k8s-plugin-r57j6-4[0m stage [32mfrom-build-pack[0m and container [32mstep-build-container-build[0m
Unable to retrieve container logs for docker://c9fc08ae55661d59fd5f6bf06e92a52cf88e0e02d29abf67238d5a765cfce922

Showing logs for build [32mentando-k8s-entando-k8s-plugin-r57j6-4[0m stage [32mfrom-build-pack[0m and container [32mstep-postbuild-post-build[0m
Unable to retrieve container logs for docker://5fdcdcf6ff00943b5c404617101ca46566aa4efec610841626550a11b6e8bf29

Showing logs for build [32mentando-k8s-entando-k8s-plugin-r57j6-4[0m stage [32mfrom-build-pack[0m and container [32mstep-promote-make-preview[0m
Unable to retrieve container logs for docker://a05bf2de1d595b5bad78237205276656b388be9ce2e78975b7b2cbfdf1cf964c
[31m
Pipeline failed on stage 'from-build-pack' : container 'step-promote-make-preview'. The execution of the pipeline has stopped.[0m
