
Showing logs for build [32mentando-k8s-entando-k8s-plugin-dd84n-5[0m stage [32mfrom-build-pack[0m and container [32mcredential-initializer[0m
Unable to retrieve container logs for docker://863e16ecbd0a576442eca09a21b8546d7664084c4eaf4955819d490d6faa417d

Showing logs for build [32mentando-k8s-entando-k8s-plugin-dd84n-5[0m stage [32mfrom-build-pack[0m and container [32mworking-dir-initializer[0m
Unable to retrieve container logs for docker://716ef6ee9662627715f7912ab79d143d11d1a602b3318259608893d96d8af92f

Showing logs for build [32mentando-k8s-entando-k8s-plugin-dd84n-5[0m stage [32mfrom-build-pack[0m and container [32mplace-tools[0m
Unable to retrieve container logs for docker://34e93300427e39765fab202bb85b639ded561029e7c938ec945e7e62d4ff783d

Showing logs for build [32mentando-k8s-entando-k8s-plugin-dd84n-5[0m stage [32mfrom-build-pack[0m and container [32mstep-git-source-entando-k8s-entando-k8s-plugin-dd84n-p7lnj[0m
Unable to retrieve container logs for docker://49b8acbb3058a536c2b12fe3d1250155cf7dd7096d9de62866f07f3e3d01ab5c

Showing logs for build [32mentando-k8s-entando-k8s-plugin-dd84n-5[0m stage [32mfrom-build-pack[0m and container [32mstep-setup-builder-home[0m
Unable to retrieve container logs for docker://af4c41cfeb862e1c1a4d757f437f811acc730e32b288e41cb2766af54fa88374

Showing logs for build [32mentando-k8s-entando-k8s-plugin-dd84n-5[0m stage [32mfrom-build-pack[0m and container [32mstep-git-merge[0m
Unable to retrieve container logs for docker://3681bc0c510ada1d64851e117f8b5219b183a4b253b48c3384eda74f22ccf437

Showing logs for build [32mentando-k8s-entando-k8s-plugin-dd84n-5[0m stage [32mfrom-build-pack[0m and container [32mstep-build-set-version[0m
Unable to retrieve container logs for docker://626e747d79f6bc309aa4d7ee07aa3a685a886824864b8c36037f422adb2e187e

Showing logs for build [32mentando-k8s-entando-k8s-plugin-dd84n-5[0m stage [32mfrom-build-pack[0m and container [32mstep-build-fix-git-for-sonar[0m
Unable to retrieve container logs for docker://b1b56e205dab6473d8f1592efb49ba69206bd9186f52017b6f737e14c888ef41

Showing logs for build [32mentando-k8s-entando-k8s-plugin-dd84n-5[0m stage [32mfrom-build-pack[0m and container [32mstep-build-mvn-verify-pr[0m
Unable to retrieve container logs for docker://5a3beb8d2ec2aa649229f3e1843145524bad0277c67b542a4d085c084350313c

Showing logs for build [32mentando-k8s-entando-k8s-plugin-dd84n-5[0m stage [32mfrom-build-pack[0m and container [32mstep-build-container-build[0m
Unable to retrieve container logs for docker://54fe688b791a2d3cfb3ca61ae9fcfa2e334428d455013230e4ceecfe282f2a06

Showing logs for build [32mentando-k8s-entando-k8s-plugin-dd84n-5[0m stage [32mfrom-build-pack[0m and container [32mstep-postbuild-post-build[0m
Unable to retrieve container logs for docker://af0574fc7746c73ce1bd6465f652513f582abc881ca95528c399ac6ab8491b2f

Showing logs for build [32mentando-k8s-entando-k8s-plugin-dd84n-5[0m stage [32mfrom-build-pack[0m and container [32mstep-promote-make-preview[0m
Unable to retrieve container logs for docker://8b4ef4338b8f412aec21380013bf4b30e6d17892a877f028da2428ff0aa41c4e
[31m
Pipeline failed on stage 'from-build-pack' : container 'step-promote-make-preview'. The execution of the pipeline has stopped.[0m
