
Showing logs for build [32mentando-k8s-entando-k8s-plugin-dc2p2-7[0m stage [32mfrom-build-pack[0m and container [32mcredential-initializer[0m
Unable to retrieve container logs for docker://f23eb7e75e16b609498d3f127cc1fb5faa69d84e4f1cb123d235080916d59a20

Showing logs for build [32mentando-k8s-entando-k8s-plugin-dc2p2-7[0m stage [32mfrom-build-pack[0m and container [32mworking-dir-initializer[0m
Unable to retrieve container logs for docker://af18731a5c868f5de5683631a85377184727da5060a8dc0e467545e5eed7dc5e

Showing logs for build [32mentando-k8s-entando-k8s-plugin-dc2p2-7[0m stage [32mfrom-build-pack[0m and container [32mplace-tools[0m
Unable to retrieve container logs for docker://1ce90596b12ae34d3fe7e84a80fbe8078b85cfd32ec1f27a2d00202a8c4e1c60

Showing logs for build [32mentando-k8s-entando-k8s-plugin-dc2p2-7[0m stage [32mfrom-build-pack[0m and container [32mstep-git-source-entando-k8s-entando-k8s-plugin-dc2p2-mf9kh[0m
Unable to retrieve container logs for docker://348690295cb2bf607a8bbf04cb5611237ce799b563586c3e0136fec5bece3e40

Showing logs for build [32mentando-k8s-entando-k8s-plugin-dc2p2-7[0m stage [32mfrom-build-pack[0m and container [32mstep-setup-builder-home[0m
Unable to retrieve container logs for docker://c6f38ccd3f3320398c051e4cc54b2d3d65e067d5bbf5fa71f11aeed32f4cc462

Showing logs for build [32mentando-k8s-entando-k8s-plugin-dc2p2-7[0m stage [32mfrom-build-pack[0m and container [32mstep-git-merge[0m
Unable to retrieve container logs for docker://d3e0da089df77237cc156a7edfdb256da5f332548f1f2252350de2eb7d338f1a

Showing logs for build [32mentando-k8s-entando-k8s-plugin-dc2p2-7[0m stage [32mfrom-build-pack[0m and container [32mstep-build-set-version[0m
Unable to retrieve container logs for docker://90f834898be0631efbdb5eb0991263eff26570edef4a32e408c86374a3624316

Showing logs for build [32mentando-k8s-entando-k8s-plugin-dc2p2-7[0m stage [32mfrom-build-pack[0m and container [32mstep-build-fix-git-for-sonar[0m
Unable to retrieve container logs for docker://58963786339b186a22330c81fb2289196eb2be9c5c744258c6284f89376da242

Showing logs for build [32mentando-k8s-entando-k8s-plugin-dc2p2-7[0m stage [32mfrom-build-pack[0m and container [32mstep-build-mvn-verify-pr[0m
Unable to retrieve container logs for docker://04b6dd7ed292d4197a1563f1403e1a5d7b9385330e76115bbb9bf4ad6be5e00b

Showing logs for build [32mentando-k8s-entando-k8s-plugin-dc2p2-7[0m stage [32mfrom-build-pack[0m and container [32mstep-build-container-build[0m
Unable to retrieve container logs for docker://489dce1bcb690068e659fdf8583a4568b38cb5b8cf540a6e0d06aa604a413554

Showing logs for build [32mentando-k8s-entando-k8s-plugin-dc2p2-7[0m stage [32mfrom-build-pack[0m and container [32mstep-postbuild-post-build[0m
Unable to retrieve container logs for docker://06620effb58dc55912d43c3f48366f705a12bc927f422b24bbc405f737410c31

Showing logs for build [32mentando-k8s-entando-k8s-plugin-dc2p2-7[0m stage [32mfrom-build-pack[0m and container [32mstep-promote-make-preview[0m
Unable to retrieve container logs for docker://b3d7f9b02ae15b1ceb6ad7690cb6cf77c762f9ee8e047070e7230feff942a615
[31m
Pipeline failed on stage 'from-build-pack' : container 'step-promote-make-preview'. The execution of the pipeline has stopped.[0m
