
Showing logs for build [32mentando-k8s-entando-k8s-plugin-6vrwr-8[0m stage [32mfrom-build-pack[0m and container [32mcredential-initializer[0m
Unable to retrieve container logs for docker://d8fbd962b3d1a80152da6e04835d4a21db9688070231804b13f464a2a061b778

Showing logs for build [32mentando-k8s-entando-k8s-plugin-6vrwr-8[0m stage [32mfrom-build-pack[0m and container [32mworking-dir-initializer[0m
Unable to retrieve container logs for docker://777f91304f2f781ef3f2d15c4881261e73101317b2123a6414a565ce74265c3f

Showing logs for build [32mentando-k8s-entando-k8s-plugin-6vrwr-8[0m stage [32mfrom-build-pack[0m and container [32mplace-tools[0m
Unable to retrieve container logs for docker://9208cc6c28e1e414a4c373e67edf43083b73f16b705413404ce5a400e794fd56

Showing logs for build [32mentando-k8s-entando-k8s-plugin-6vrwr-8[0m stage [32mfrom-build-pack[0m and container [32mstep-git-source-entando-k8s-entando-k8s-plugin-6vrwr-bf2kr[0m
Unable to retrieve container logs for docker://183189dfab529451fb4c5367c4615c43265394d673b76b5ca4301076ed643e0e

Showing logs for build [32mentando-k8s-entando-k8s-plugin-6vrwr-8[0m stage [32mfrom-build-pack[0m and container [32mstep-setup-builder-home[0m
Unable to retrieve container logs for docker://6ace8ad39f03ce51a0adac14d5914c5d9cd56682a7298c16dd93d2b2f3e8e51a

Showing logs for build [32mentando-k8s-entando-k8s-plugin-6vrwr-8[0m stage [32mfrom-build-pack[0m and container [32mstep-git-merge[0m
Unable to retrieve container logs for docker://13fd906f120c43609a9784eb8b5e025397eb12181b5722422415e87c2c205145

Showing logs for build [32mentando-k8s-entando-k8s-plugin-6vrwr-8[0m stage [32mfrom-build-pack[0m and container [32mstep-build-set-version[0m
Unable to retrieve container logs for docker://3f41d0caa6058a26ae1a0a7b06c64c04cded951b1e8e860cb8be63a434df107c

Showing logs for build [32mentando-k8s-entando-k8s-plugin-6vrwr-8[0m stage [32mfrom-build-pack[0m and container [32mstep-build-fix-git-for-sonar[0m
Unable to retrieve container logs for docker://4e8a4403f39db065353a7f04e56566167450c4da6443bd76c06d2cf759f76775

Showing logs for build [32mentando-k8s-entando-k8s-plugin-6vrwr-8[0m stage [32mfrom-build-pack[0m and container [32mstep-build-mvn-verify-pr[0m
Unable to retrieve container logs for docker://0c01a90fd1d45a2a09a01284e3721b6e80c02fbc7987f244d3ae4f4d00aff314

Showing logs for build [32mentando-k8s-entando-k8s-plugin-6vrwr-8[0m stage [32mfrom-build-pack[0m and container [32mstep-build-container-build[0m
Unable to retrieve container logs for docker://7770a807ffbe1f5d0bbf91712872f9158985273646c01326374b152fa1342029

Showing logs for build [32mentando-k8s-entando-k8s-plugin-6vrwr-8[0m stage [32mfrom-build-pack[0m and container [32mstep-postbuild-post-build[0m
Unable to retrieve container logs for docker://189066044f867c4f18dcec18d31f50409c2be8625ed9917dcda3105bd1b68e68

Showing logs for build [32mentando-k8s-entando-k8s-plugin-6vrwr-8[0m stage [32mfrom-build-pack[0m and container [32mstep-promote-make-preview[0m
Unable to retrieve container logs for docker://c65c23a3a4dabe4096a0eb3e7791300d4d3b146b5eb7177da70bed20b819ed2e
[31m
Pipeline failed on stage 'from-build-pack' : container 'step-promote-make-preview'. The execution of the pipeline has stopped.[0m
