
Showing logs for build [32mentando-k8s-entando-k8s-plugin-45mdm-9[0m stage [32mfrom-build-pack[0m and container [32mcredential-initializer[0m
Unable to retrieve container logs for docker://eea49dce83c56040781fe01f139ff410e5c4107f2de91756c426c16514e61b7d

Showing logs for build [32mentando-k8s-entando-k8s-plugin-45mdm-9[0m stage [32mfrom-build-pack[0m and container [32mworking-dir-initializer[0m
Unable to retrieve container logs for docker://670c78502d0b217710f7f7c2e0982028d04163465a86c9229b5a67c09404062b

Showing logs for build [32mentando-k8s-entando-k8s-plugin-45mdm-9[0m stage [32mfrom-build-pack[0m and container [32mplace-tools[0m
Unable to retrieve container logs for docker://aae36ef26f2350224181efcc3949d752400cf72424a70c0fb67f7***e858c12a

Showing logs for build [32mentando-k8s-entando-k8s-plugin-45mdm-9[0m stage [32mfrom-build-pack[0m and container [32mstep-git-source-entando-k8s-entando-k8s-plugin-45mdm-8mj6x[0m
Unable to retrieve container logs for docker://1088d2b06fbeb76eff7870f150a30855bf1fef82dae65060bd7fd67e35510d71

Showing logs for build [32mentando-k8s-entando-k8s-plugin-45mdm-9[0m stage [32mfrom-build-pack[0m and container [32mstep-setup-builder-home[0m
Unable to retrieve container logs for docker://33c928f246b8802544100e16cf8c722630ab750bf7b1db29ae2a1de1190ac10b

Showing logs for build [32mentando-k8s-entando-k8s-plugin-45mdm-9[0m stage [32mfrom-build-pack[0m and container [32mstep-git-merge[0m
Unable to retrieve container logs for docker://c08499000ba7df010e40c0a90e58424ec2e6d30af6f98c5a56c212ebb2f28954

Showing logs for build [32mentando-k8s-entando-k8s-plugin-45mdm-9[0m stage [32mfrom-build-pack[0m and container [32mstep-build-set-version[0m
Unable to retrieve container logs for docker://16ca0aefd3b5e93d4f02710b8d3cc204d13fe52651957547370882967e00672b

Showing logs for build [32mentando-k8s-entando-k8s-plugin-45mdm-9[0m stage [32mfrom-build-pack[0m and container [32mstep-build-fix-git-for-sonar[0m
Unable to retrieve container logs for docker://9aabb78dc67900121afaef7bce8e45425b5ad05c1f8b350f26a0e0acc64fe70b

Showing logs for build [32mentando-k8s-entando-k8s-plugin-45mdm-9[0m stage [32mfrom-build-pack[0m and container [32mstep-build-mvn-verify-pr[0m
Unable to retrieve container logs for docker://69b5bb66b3d221589f93c56aeb151f3e55b774462cd9ec305701584c8a1abb05
[31m
Pipeline failed on stage 'from-build-pack' : container 'step-build-mvn-verify-pr'. The execution of the pipeline has stopped.[0m
