
Showing logs for build [32mentando-k8s-entando-de-app-pr-2-bjfqr-1[0m stage [32mfrom-build-pack[0m and container [32mcredential-initializer[0m
Unable to retrieve container logs for docker://a36264c98bbff94a7773c9be89787f43c56bc82a50a3391d7273dc393dfa0207

Showing logs for build [32mentando-k8s-entando-de-app-pr-2-bjfqr-1[0m stage [32mfrom-build-pack[0m and container [32mworking-dir-initializer[0m
Unable to retrieve container logs for docker://881b7348bf4d2d1fea10724a13634759c9a42e096719e3556c47b5c8266b570a

Showing logs for build [32mentando-k8s-entando-de-app-pr-2-bjfqr-1[0m stage [32mfrom-build-pack[0m and container [32mplace-tools[0m
Unable to retrieve container logs for docker://7313813e2cada9629096013fa9e914623d857529cb93a67a0ab1c12967e3c26b

Showing logs for build [32mentando-k8s-entando-de-app-pr-2-bjfqr-1[0m stage [32mfrom-build-pack[0m and container [32mstep-git-source-entando-k8s-entando-de-app-pr-2-bjfqr-t8s2h[0m
Unable to retrieve container logs for docker://5d58c1fbdb80321a2d6b152b610227274a61fcd75230e36121115794c746987d

Showing logs for build [32mentando-k8s-entando-de-app-pr-2-bjfqr-1[0m stage [32mfrom-build-pack[0m and container [32mstep-setup-builder-home[0m
Unable to retrieve container logs for docker://6f52bc57107fa9727798e7fd4bd2587b1f118a1b813ffc78f474239415616e58

Showing logs for build [32mentando-k8s-entando-de-app-pr-2-bjfqr-1[0m stage [32mfrom-build-pack[0m and container [32mstep-git-merge[0m
Unable to retrieve container logs for docker://67380b163832a564bb09abc8bb775d1c6a8a0b562ff9016fc102eb18ab0ab97f

Showing logs for build [32mentando-k8s-entando-de-app-pr-2-bjfqr-1[0m stage [32mfrom-build-pack[0m and container [32mstep-build-set-version[0m
Unable to retrieve container logs for docker://73ce3826ecbbbb45e97b0130***41af02af06f3c2d1f39e380eddf05bb3a7bf7

Showing logs for build [32mentando-k8s-entando-de-app-pr-2-bjfqr-1[0m stage [32mfrom-build-pack[0m and container [32mstep-build-mvn-verify[0m
Unable to retrieve container logs for docker://5409c2e6734ebe20074300f93fe55d0dce7c0d6f2123326e62c555bf558b3c34

Showing logs for build [32mentando-k8s-entando-de-app-pr-2-bjfqr-1[0m stage [32mfrom-build-pack[0m and container [32mstep-build-container-build[0m
Unable to retrieve container logs for docker://8b3eb01544e2e84431656c1f69786c10610a1dccfbbe257cc555f74d34037c66

Showing logs for build [32mentando-k8s-entando-de-app-pr-2-bjfqr-1[0m stage [32mfrom-build-pack[0m and container [32mstep-postbuild-post-build[0m
Unable to retrieve container logs for docker://3a81b46f5f220b13d725***590b8005517e130c88e081d4d9d420ed07e202063
