
Showing logs for build [32mentando-k8s-entando-de-app-pr-2-4w94q-2[0m stage [32mfrom-build-pack[0m and container [32mcredential-initializer[0m
Unable to retrieve container logs for docker://078ad0c2dd6a5b716f83fb464a7d111280348cd1a90772668cb4be8a66b91e57

Showing logs for build [32mentando-k8s-entando-de-app-pr-2-4w94q-2[0m stage [32mfrom-build-pack[0m and container [32mworking-dir-initializer[0m
Unable to retrieve container logs for docker://da462cbe8e1fee097e2b710bf1ff7215262fde06e09066ae0257c74cd44915af

Showing logs for build [32mentando-k8s-entando-de-app-pr-2-4w94q-2[0m stage [32mfrom-build-pack[0m and container [32mplace-tools[0m
Unable to retrieve container logs for docker://4334eb8af90f2f165937cd59a51f6b55eea4770dfc77ac092c82f875bec6555d

Showing logs for build [32mentando-k8s-entando-de-app-pr-2-4w94q-2[0m stage [32mfrom-build-pack[0m and container [32mstep-git-source-entando-k8s-entando-de-app-pr-2-4w94q-67ghg[0m
Unable to retrieve container logs for docker://a49c0587b6d4ab228f87dd86bdec6c293a57e527c4502e16467e2acf6c211636

Showing logs for build [32mentando-k8s-entando-de-app-pr-2-4w94q-2[0m stage [32mfrom-build-pack[0m and container [32mstep-setup-builder-home[0m
Unable to retrieve container logs for docker://5f49343865041f65fec8fedd5347613cc280434d4c16d87c6be1d9e44c6c9d13

Showing logs for build [32mentando-k8s-entando-de-app-pr-2-4w94q-2[0m stage [32mfrom-build-pack[0m and container [32mstep-git-merge[0m
Unable to retrieve container logs for docker://d39366235058c252b872db53a69e0b30786ec4b82dea681f7a3c56af2b90f448

Showing logs for build [32mentando-k8s-entando-de-app-pr-2-4w94q-2[0m stage [32mfrom-build-pack[0m and container [32mstep-build-set-version[0m
Unable to retrieve container logs for docker://e08114a4b80f7d16fc5df03372bba80580ed45627e15191f9c93af2143a76209

Showing logs for build [32mentando-k8s-entando-de-app-pr-2-4w94q-2[0m stage [32mfrom-build-pack[0m and container [32mstep-build-mvn-verify[0m
Unable to retrieve container logs for docker://edc8fe57fef19b3310fed673927a1578905e9f802a49d130378532bc6b18c649

Showing logs for build [32mentando-k8s-entando-de-app-pr-2-4w94q-2[0m stage [32mfrom-build-pack[0m and container [32mstep-build-container-build[0m
Unable to retrieve container logs for docker://f1792154529f3a7e513c135aa225304ae6f31122791a4b133c3ec6b42dd8e243

Showing logs for build [32mentando-k8s-entando-de-app-pr-2-4w94q-2[0m stage [32mfrom-build-pack[0m and container [32mstep-postbuild-post-build[0m
Unable to retrieve container logs for docker://4c7887f729451436307915bb7e88f60e9853b271b2c44e79484d11260d37476f
