
Showing logs for build [32mmeta-entando-k8s-entando-compon-795lw-14[0m stage [32mmeta-pipeline[0m and container [32mcredential-initializer[0m
{"level":"info","ts":1632725730.2745047,"caller":"creds-init/main.go:44","msg":"Credentials initialized."}

Showing logs for build [32mmeta-entando-k8s-entando-compon-795lw-14[0m stage [32mmeta-pipeline[0m and container [32mworking-dir-initializer[0m

Showing logs for build [32mmeta-entando-k8s-entando-compon-795lw-14[0m stage [32mmeta-pipeline[0m and container [32mplace-tools[0m

Showing logs for build [32mmeta-entando-k8s-entando-compon-795lw-14[0m stage [32mmeta-pipeline[0m and container [32mstep-git-source-meta-entando-k8s-entando-compon-795lw-mp2r2[0m
{"level":"info","ts":1632725744.2293055,"caller":"git/git.go:105","msg":"Successfully cloned https://github.com/entando-k8s/entando-component-manager.git @ a91dc4abe4df607f7e534110e1c3e79aad0875b6 in path /workspace/source"}
{"level":"warn","ts":1632725744.2296896,"caller":"git/git.go:152","msg":"Unexpected error: creating symlink: symlink /tekton/home/.ssh /****/.ssh: file exists"}
{"level":"info","ts":1632725744.312335,"caller":"git/git.go:133","msg":"Successfully initialized and updated submodules in path /workspace/source"}

Showing logs for build [32mmeta-entando-k8s-entando-compon-795lw-14[0m stage [32mmeta-pipeline[0m and container [32mstep-setup-builder-home[0m

Showing logs for build [32mmeta-entando-k8s-entando-compon-795lw-14[0m stage [32mmeta-pipeline[0m and container [32mstep-git-merge[0m
Using SHAs from PULL_REFS=master:a91dc4abe4df607f7e534110e1c3e79aad0875b6,136:30bb0c7872be6088543cf3eaefdc66b46f5a8217
DEBUG: LC_ALL=C JX_LOG_LEVEL=error git fetch origin --unshallow 30bb0c7872be6088543cf3eaefdc66b46f5a8217: a91dc4abe4df607f7e534110e1c3e79aad0875b6:
DEBUG: ran git fetch --unshallow origin 30bb0c7872be6088543cf3eaefdc66b46f5a8217: a91dc4abe4df607f7e534110e1c3e79aad0875b6: in 
DEBUG: LC_ALL=C JX_LOG_LEVEL=error git branch
DEBUG: JX_LOG_LEVEL=error LC_ALL=C git checkout master
DEBUG: ran git checkout master in 
DEBUG: LC_ALL=C JX_LOG_LEVEL=error git reset --hard a91dc4abe4df607f7e534110e1c3e79aad0875b6
DEBUG: ran git reset --hard a91dc4abe4df607f7e534110e1c3e79aad0875b6 in 
DEBUG: LC_ALL=C JX_LOG_LEVEL=error git clean -fd .
DEBUG: ran clean --force -d . in 
DEBUG: LC_ALL=C JX_LOG_LEVEL=error git merge 30bb0c7872be6088543cf3eaefdc66b46f5a8217
DEBUG: ran git merge 30bb0c7872be6088543cf3eaefdc66b46f5a8217 in 
DEBUG: LC_ALL=C JX_LOG_LEVEL=error git log --format=%H%x1f%an%x1f%ae%x1f%cn%x1f%ce%x1f%s%n%b%x1e a91dc4abe4df607f7e534110e1c3e79aad0875b6..HEAD
Merged SHA 30bb0c7872be6088543cf3eaefdc66b46f5a8217 with commit message 'Update jenkins-x.yml' into base branch master
Merged SHA b1a7c2a107bc73d2d3246323f40076f887136344 with commit message 'Update jenkins-x.yml' into base branch master
Merged SHA 8c7fd1b5220d3f3eac450411ea502bd156ce3015 with commit message 'Override the CHART_REPOSITORY' into base branch master
Merged SHA 91d79ffb5a934d481676eceab25c523c78e8c099 with commit message 'Version Bump to 6.4.0' into base branch master

Showing logs for build [32mmeta-entando-k8s-entando-compon-795lw-14[0m stage [32mmeta-pipeline[0m and container [32mstep-merge-pull-refs[0m
DEBUG: LC_ALL=C JX_LOG_LEVEL=error git fetch origin --unshallow 30bb0c7872be6088543cf3eaefdc66b46f5a8217: a91dc4abe4df607f7e534110e1c3e79aad0875b6:
DEBUG: LC_ALL=C JX_LOG_LEVEL=error git fetch origin 30bb0c7872be6088543cf3eaefdc66b46f5a8217: a91dc4abe4df607f7e534110e1c3e79aad0875b6:
DEBUG: ran git fetch origin 30bb0c7872be6088543cf3eaefdc66b46f5a8217: a91dc4abe4df607f7e534110e1c3e79aad0875b6: in 
DEBUG: LC_ALL=C JX_LOG_LEVEL=error git rev-parse --is-shallow-repository
DEBUG: Unshallowed git repo in 
DEBUG: LC_ALL=C JX_LOG_LEVEL=error git branch
DEBUG: LC_ALL=C JX_LOG_LEVEL=error git checkout master
DEBUG: ran git checkout master in 
DEBUG: LC_ALL=C JX_LOG_LEVEL=error git reset --hard a91dc4abe4df607f7e534110e1c3e79aad0875b6
DEBUG: ran git reset --hard a91dc4abe4df607f7e534110e1c3e79aad0875b6 in 
DEBUG: LC_ALL=C JX_LOG_LEVEL=error git clean -fd .
DEBUG: ran clean --force -d . in 
DEBUG: LC_ALL=C JX_LOG_LEVEL=error git merge 30bb0c7872be6088543cf3eaefdc66b46f5a8217
DEBUG: ran git merge 30bb0c7872be6088543cf3eaefdc66b46f5a8217 in 
DEBUG: LC_ALL=C JX_LOG_LEVEL=error git log --format=%H%x1f%an%x1f%ae%x1f%cn%x1f%ce%x1f%s%n%b%x1e a91dc4abe4df607f7e534110e1c3e79aad0875b6..HEAD
Merged SHA 30bb0c7872be6088543cf3eaefdc66b46f5a8217 with commit message 'Update jenkins-x.yml' into base branch master
Merged SHA b1a7c2a107bc73d2d3246323f40076f887136344 with commit message 'Update jenkins-x.yml' into base branch master
Merged SHA 8c7fd1b5220d3f3eac450411ea502bd156ce3015 with commit message 'Override the CHART_REPOSITORY' into base branch master
Merged SHA 91d79ffb5a934d481676eceab25c523c78e8c099 with commit message 'Version Bump to 6.4.0' into base branch master

Showing logs for build [32mmeta-entando-k8s-entando-compon-795lw-14[0m stage [32mmeta-pipeline[0m and container [32mstep-create-effective-pipeline[0m
error: failed to load project config in dir /workspace/source: Validation failures in YAML file /workspace/source/jenkins-x.yml:
pipelineConfig.pipelines: Additional property pipeline is not allowed
[31m
Pipeline failed on stage 'meta-pipeline' : container 'step-create-effective-pipeline'. The execution of the pipeline has stopped.[0m
