
Showing logs for build [32mentando-k8s-entando-component-m-b9j4c-23[0m stage [32mfrom-build-pack[0m and container [32mcredential-initializer[0m
Unable to retrieve container logs for docker://539eab7fdc901c26c77f466a258c9c73726750928c58f85c0757b5d16b17d03a

Showing logs for build [32mentando-k8s-entando-component-m-b9j4c-23[0m stage [32mfrom-build-pack[0m and container [32mworking-dir-initializer[0m
Unable to retrieve container logs for docker://1548e8336a54ef6c503c25f3973d9e248b5aa82ade39c76c77e91acfd5e79135

Showing logs for build [32mentando-k8s-entando-component-m-b9j4c-23[0m stage [32mfrom-build-pack[0m and container [32mplace-tools[0m
Unable to retrieve container logs for docker://407d1b040cacbe6b2fe9407774c0de2c86539e22d012093489f035b7d22db50f

Showing logs for build [32mentando-k8s-entando-component-m-b9j4c-23[0m stage [32mfrom-build-pack[0m and container [32mstep-git-source-entando-k8s-entando-component-m-b9j4c-5djlt[0m
Unable to retrieve container logs for docker://2b449c3d1443380e0aa760e3cb9e55790b13812c8150d2409a18d6bd5c8ee747

Showing logs for build [32mentando-k8s-entando-component-m-b9j4c-23[0m stage [32mfrom-build-pack[0m and container [32mstep-setup-builder-home[0m
Unable to retrieve container logs for docker://5a8fdedecec7c43cc3ae1bca80895953847be0eb8beed55dffed68d7c8c8ae55

Showing logs for build [32mentando-k8s-entando-component-m-b9j4c-23[0m stage [32mfrom-build-pack[0m and container [32mstep-git-merge[0m
Unable to retrieve container logs for docker://f171bed2ffd505ba6425ff5630403d515fdbd4ae66b2205200c50cc2ecc61a85

Showing logs for build [32mentando-k8s-entando-component-m-b9j4c-23[0m stage [32mfrom-build-pack[0m and container [32mstep-build-set-version[0m
Unable to retrieve container logs for docker://6210ad6f9835b170e2d0e58d72814558ad6d9d811817ce50e7c266b1f425340b

Showing logs for build [32mentando-k8s-entando-component-m-b9j4c-23[0m stage [32mfrom-build-pack[0m and container [32mstep-build-fix-git-for-sonar[0m
Unable to retrieve container logs for docker://712852bbb548bf6e6e1f766873ee922c350d1491f3fc145fbf238d6ca1d5b037

Showing logs for build [32mentando-k8s-entando-component-m-b9j4c-23[0m stage [32mfrom-build-pack[0m and container [32mstep-build-mvn-verify-pr[0m
Unable to retrieve container logs for docker://c3b8719db6778d1237081f19c6787920cfb4cfa2b95fff5e298f304c471fad14

Showing logs for build [32mentando-k8s-entando-component-m-b9j4c-23[0m stage [32mfrom-build-pack[0m and container [32mstep-build-container-build[0m
Unable to retrieve container logs for docker://84b5875d15db092b9e82ba0793ece47d9d3f0f2116836038e9c862499064f64f

Showing logs for build [32mentando-k8s-entando-component-m-b9j4c-23[0m stage [32mfrom-build-pack[0m and container [32mstep-postbuild-post-build[0m
Unable to retrieve container logs for docker://485f2269e4341e0bb6124ecab95c4321fb96e82e484f2b4ff7f3db15ec40bf20

Showing logs for build [32mentando-k8s-entando-component-m-b9j4c-23[0m stage [32mfrom-build-pack[0m and container [32mstep-promote-make-preview[0m
Unable to retrieve container logs for docker://7d3986d7a26a8915f86829375c1f9778bfdb6dd887671951f0270862b42f9361
[31m
Pipeline failed on stage 'from-build-pack' : container 'step-promote-make-preview'. The execution of the pipeline has stopped.[0m
