
Showing logs for build [32mentando-entando-process-driven-bwfzd-3[0m stage [32mfrom-build-pack[0m and container [32mcredential-initializer[0m
Unable to retrieve container logs for docker://0212327ff40f1c7c9a43ad119b40717b36d5384a2bc5a41db0aa5604e87c2729

Showing logs for build [32mentando-entando-process-driven-bwfzd-3[0m stage [32mfrom-build-pack[0m and container [32mworking-dir-initializer[0m
Unable to retrieve container logs for docker://91ee0a4496260e1f19b4c149d111dd129327f3e5adb99b35c9dd6b114255c34c

Showing logs for build [32mentando-entando-process-driven-bwfzd-3[0m stage [32mfrom-build-pack[0m and container [32mplace-tools[0m
Unable to retrieve container logs for docker://2a9e53e9eb2a571d47b8d92db776ec18d23ffbf54afdd6731c82c24bbd19c60a

Showing logs for build [32mentando-entando-process-driven-bwfzd-3[0m stage [32mfrom-build-pack[0m and container [32mstep-git-source-entando-entando-process-driven-bwfzd-qkqkl[0m
Unable to retrieve container logs for docker://3f747cd5966a98689380dfb5ed138865265c7a512825bf33aee9599c866aad76

Showing logs for build [32mentando-entando-process-driven-bwfzd-3[0m stage [32mfrom-build-pack[0m and container [32mstep-setup-builder-home[0m
Unable to retrieve container logs for docker://fc2d31b9b7781d039588e6d487eb5c2a11f917d4bd472d5aad28efbc7dabb124

Showing logs for build [32mentando-entando-process-driven-bwfzd-3[0m stage [32mfrom-build-pack[0m and container [32mstep-git-merge[0m
Unable to retrieve container logs for docker://82d62deeb56a3c7824e04c1cbaa650793229e1adf25bab261bfc916253a10d07

Showing logs for build [32mentando-entando-process-driven-bwfzd-3[0m stage [32mfrom-build-pack[0m and container [32mstep-build-set-version[0m
Unable to retrieve container logs for docker://1278fc8ab38be261efed6935afb5c1272adf14212d9b494d14c8e7978ee4a627

Showing logs for build [32mentando-entando-process-driven-bwfzd-3[0m stage [32mfrom-build-pack[0m and container [32mstep-build-fix-git-for-sonar[0m
Unable to retrieve container logs for docker://47cea54cb4f2fa45f3a617f3ebe06e52f514e457f71b0272773f52f04b3f423e

Showing logs for build [32mentando-entando-process-driven-bwfzd-3[0m stage [32mfrom-build-pack[0m and container [32mstep-build-mvn-verify-pr[0m
Unable to retrieve container logs for docker://ecf4073c6ef9ca540edb4c0b88f9ec7b060d38282b29b4058861f0a122b6fe67

Showing logs for build [32mentando-entando-process-driven-bwfzd-3[0m stage [32mfrom-build-pack[0m and container [32mstep-build-container-build[0m
Unable to retrieve container logs for docker://b9b42bdef44c7810c5f76b6ff5bf73dee32d9ba192a375939458de2665811a3a

Showing logs for build [32mentando-entando-process-driven-bwfzd-3[0m stage [32mfrom-build-pack[0m and container [32mstep-postbuild-post-build[0m
Unable to retrieve container logs for docker://032e801a6b95197dae86412fc43e31030624766d04eec0173732fd7c7260705a
