
Showing logs for build [32mentando-k8s-entando-k8s-control-fjxwn-1[0m stage [32mfrom-build-pack[0m and container [32mcredential-initializer[0m
Unable to retrieve container logs for docker://142defabef26b7609454e248441e327ec0ec5e39478c2c3b93499c37c801d070

Showing logs for build [32mentando-k8s-entando-k8s-control-fjxwn-1[0m stage [32mfrom-build-pack[0m and container [32mworking-dir-initializer[0m
Unable to retrieve container logs for docker://7f1b8bd5261f8e52c6c68bd07d43ae574cf7aaf937ce7a31afbe6374f90e8149

Showing logs for build [32mentando-k8s-entando-k8s-control-fjxwn-1[0m stage [32mfrom-build-pack[0m and container [32mplace-tools[0m
Unable to retrieve container logs for docker://0dbedda463f10d06c2dd0dcb86ebce04baeb34970a1fdd22ece761bc65cc0f2d

Showing logs for build [32mentando-k8s-entando-k8s-control-fjxwn-1[0m stage [32mfrom-build-pack[0m and container [32mstep-git-source-entando-k8s-entando-k8s-control-fjxwn-pq5z4[0m
Unable to retrieve container logs for docker://107fdc16455ce94aecca81e706f6fd60e1bde9030136ef07ae601b0f30224c19

Showing logs for build [32mentando-k8s-entando-k8s-control-fjxwn-1[0m stage [32mfrom-build-pack[0m and container [32mstep-setup-builder-home[0m
Unable to retrieve container logs for docker://0374a5a2a278b72f69bd19be049da743b353b8ee96dcdb5b1bf3d8eb9fcde36a

Showing logs for build [32mentando-k8s-entando-k8s-control-fjxwn-1[0m stage [32mfrom-build-pack[0m and container [32mstep-git-merge[0m
Unable to retrieve container logs for docker://cae52875ac50b37daa53275a421c6b7398aa851c2d8dfd1ac979d650e39b4b55

Showing logs for build [32mentando-k8s-entando-k8s-control-fjxwn-1[0m stage [32mfrom-build-pack[0m and container [32mstep-build-set-version[0m
Unable to retrieve container logs for docker://71f0539181a9912885d78bfefddd54785e97df3b93a14e664fa2320600815621

Showing logs for build [32mentando-k8s-entando-k8s-control-fjxwn-1[0m stage [32mfrom-build-pack[0m and container [32mstep-build-fix-git-for-sonar[0m
Unable to retrieve container logs for docker://ac25d4ea9b4e655596da48428ce7d83961dc69a7c002786e5149c50ed365c46f

Showing logs for build [32mentando-k8s-entando-k8s-control-fjxwn-1[0m stage [32mfrom-build-pack[0m and container [32mstep-build-mvn-verify-pr[0m
Unable to retrieve container logs for docker://a9b6f1db94ad6a19c10584bda5291e25aed248bc95529f7d4b2d600d68d66736
[31m
Pipeline failed on stage 'from-build-pack' : container 'step-build-mvn-verify-pr'. The execution of the pipeline has stopped.[0m
