
Showing logs for build [32mentando-k8s-entando-k8s-control-4hfz4-2[0m stage [32mfrom-build-pack[0m and container [32mcredential-initializer[0m
Unable to retrieve container logs for docker://459ee8f7bdef724dd51be62ad9c6fd27f62e27d46b4e9010a5022c3e9cc74c3f

Showing logs for build [32mentando-k8s-entando-k8s-control-4hfz4-2[0m stage [32mfrom-build-pack[0m and container [32mworking-dir-initializer[0m
Unable to retrieve container logs for docker://bf0974c488145812d3ea38658350260268b9fbffffe65261b34b2677887ea35c

Showing logs for build [32mentando-k8s-entando-k8s-control-4hfz4-2[0m stage [32mfrom-build-pack[0m and container [32mplace-tools[0m
Unable to retrieve container logs for docker://d148f4899452bc675d3f2f459c1454447bc3b36e8ff5ce4bd7f2e91d2184cd52

Showing logs for build [32mentando-k8s-entando-k8s-control-4hfz4-2[0m stage [32mfrom-build-pack[0m and container [32mstep-git-source-entando-k8s-entando-k8s-control-4hfz4-946rc[0m
Unable to retrieve container logs for docker://add529742e365465b02cf9a99eb1b1693f1cdf3b2711be3956e24e5c1abb7338

Showing logs for build [32mentando-k8s-entando-k8s-control-4hfz4-2[0m stage [32mfrom-build-pack[0m and container [32mstep-setup-builder-home[0m
Unable to retrieve container logs for docker://937e812628f51a1b8a141a1cdfbd3a5f9a686b2da5004624fade9b61d10ab339

Showing logs for build [32mentando-k8s-entando-k8s-control-4hfz4-2[0m stage [32mfrom-build-pack[0m and container [32mstep-git-merge[0m
Unable to retrieve container logs for docker://fc601bea251add276bf669cb84a38e58c84110b9990cd5298481a3b361794826

Showing logs for build [32mentando-k8s-entando-k8s-control-4hfz4-2[0m stage [32mfrom-build-pack[0m and container [32mstep-build-set-version[0m
Unable to retrieve container logs for docker://208bef0851a7cf6b541d867911da7574bfbbc2b400d44f37d900e490c9ad9f49

Showing logs for build [32mentando-k8s-entando-k8s-control-4hfz4-2[0m stage [32mfrom-build-pack[0m and container [32mstep-build-fix-git-for-sonar[0m
Unable to retrieve container logs for docker://4b6dd3a18a50b82541a29d48ec0e537456eb7a84301ff16169f68403a023cc43

Showing logs for build [32mentando-k8s-entando-k8s-control-4hfz4-2[0m stage [32mfrom-build-pack[0m and container [32mstep-build-mvn-verify-pr[0m
Unable to retrieve container logs for docker://687c3de014b5584f3bacdf078ce3e372d287938783559d763949270ebc050326
[31m
Pipeline failed on stage 'from-build-pack' : container 'step-build-mvn-verify-pr'. The execution of the pipeline has stopped.[0m
