
Showing logs for build [32mentando-k8s-entando-k8s-control-ghbtm-3[0m stage [32mfrom-build-pack[0m and container [32mcredential-initializer[0m
Unable to retrieve container logs for docker://383ca5a95fb61b789cf4a1c766a9da750a0359553804803a64023c5810455424

Showing logs for build [32mentando-k8s-entando-k8s-control-ghbtm-3[0m stage [32mfrom-build-pack[0m and container [32mworking-dir-initializer[0m
Unable to retrieve container logs for docker://e9cc961ffee19f04f0842f83bfa72159684be58d36689c272a325aaf6b9a867d

Showing logs for build [32mentando-k8s-entando-k8s-control-ghbtm-3[0m stage [32mfrom-build-pack[0m and container [32mplace-tools[0m
Unable to retrieve container logs for docker://43c9da0ca8f7da34b0abe9d76cb1b31ea1b511800e5597581b23af9cd6023c3b

Showing logs for build [32mentando-k8s-entando-k8s-control-ghbtm-3[0m stage [32mfrom-build-pack[0m and container [32mstep-git-source-entando-k8s-entando-k8s-control-ghbtm-2tfxv[0m
Unable to retrieve container logs for docker://232b6e78ec5e5e362984ebd79e126c0e58274dc080e278310ca4c9749f4cf40d

Showing logs for build [32mentando-k8s-entando-k8s-control-ghbtm-3[0m stage [32mfrom-build-pack[0m and container [32mstep-setup-builder-home[0m
Unable to retrieve container logs for docker://9508b8939d1f6b62c085a9986f817529ce41339fe8407d04bbc25590fbb21128

Showing logs for build [32mentando-k8s-entando-k8s-control-ghbtm-3[0m stage [32mfrom-build-pack[0m and container [32mstep-git-merge[0m
Unable to retrieve container logs for docker://86b59de63f3c1e0c2fb56d78610ce867f951541c14706f2f2ad1a7c79b12864c

Showing logs for build [32mentando-k8s-entando-k8s-control-ghbtm-3[0m stage [32mfrom-build-pack[0m and container [32mstep-build-set-version[0m
Unable to retrieve container logs for docker://120ae5cd712c4159d629d37045c363510f2452b2e411702026a8a0ccba7d5e29

Showing logs for build [32mentando-k8s-entando-k8s-control-ghbtm-3[0m stage [32mfrom-build-pack[0m and container [32mstep-build-fix-git-for-sonar[0m
Unable to retrieve container logs for docker://b3ccb508a9097421b7e0157460ee7b48d672ddfcc6fda376c770e8f818fbc048

Showing logs for build [32mentando-k8s-entando-k8s-control-ghbtm-3[0m stage [32mfrom-build-pack[0m and container [32mstep-build-mvn-verify-pr[0m
Unable to retrieve container logs for docker://5b9e53c69f568a1f36cb9b7d8a04aa7071f28520ca89dc246baf87b870a19347
[31m
Pipeline failed on stage 'from-build-pack' : container 'step-build-mvn-verify-pr'. The execution of the pipeline has stopped.[0m
