
Showing logs for build [32mentando-k8s-entando-de-app-pr-2-g2vv2-1[0m stage [32mfrom-build-pack[0m and container [32mcredential-initializer[0m
Unable to retrieve container logs for docker://ea6155e8a8d8dc3dc0bd243f35a0f60e014a7d9e0f4e9f34a5ca47152e191949

Showing logs for build [32mentando-k8s-entando-de-app-pr-2-g2vv2-1[0m stage [32mfrom-build-pack[0m and container [32mworking-dir-initializer[0m
Unable to retrieve container logs for docker://4bf178825448ff5612556be0874c8631a932e4f1582e9170b18046a81365ff1c

Showing logs for build [32mentando-k8s-entando-de-app-pr-2-g2vv2-1[0m stage [32mfrom-build-pack[0m and container [32mplace-tools[0m
Unable to retrieve container logs for docker://6011eaec58deec0ed962a7324618ae65b71d27550138335dc3a69a75a31cb821

Showing logs for build [32mentando-k8s-entando-de-app-pr-2-g2vv2-1[0m stage [32mfrom-build-pack[0m and container [32mstep-git-source-entando-k8s-entando-de-app-pr-2-g2vv2-xl4vz[0m
Unable to retrieve container logs for docker://a6f3f9e7e0d933792afc62af18f37632bdcd951b301a6d22d4004a26c4475566

Showing logs for build [32mentando-k8s-entando-de-app-pr-2-g2vv2-1[0m stage [32mfrom-build-pack[0m and container [32mstep-setup-builder-home[0m
Unable to retrieve container logs for docker://e4fce9e0f1e0b214580f7607f1741d3090378e984ac6d11a65d63eb2b7bd7925

Showing logs for build [32mentando-k8s-entando-de-app-pr-2-g2vv2-1[0m stage [32mfrom-build-pack[0m and container [32mstep-git-merge[0m
Unable to retrieve container logs for docker://8eacfd15b802386d9e958b39593c092c4be8c2e0be53624b38db0d215f62fa5a

Showing logs for build [32mentando-k8s-entando-de-app-pr-2-g2vv2-1[0m stage [32mfrom-build-pack[0m and container [32mstep-build-set-version[0m
Unable to retrieve container logs for docker://a4f8508e8932876e7fb752dd4afc472f42d87e19fd1f527483c9025152f51954

Showing logs for build [32mentando-k8s-entando-de-app-pr-2-g2vv2-1[0m stage [32mfrom-build-pack[0m and container [32mstep-build-mvn-verify[0m
Unable to retrieve container logs for docker://c1867f5c0feb886878d38c05e47e926f6863c459b319942ffde3b0471823594c

Showing logs for build [32mentando-k8s-entando-de-app-pr-2-g2vv2-1[0m stage [32mfrom-build-pack[0m and container [32mstep-build-container-build[0m
Unable to retrieve container logs for docker://10009ecbf69c5966f4d379cfd3e8730f098d9d1818cca121adf6f6f458b4543b

Showing logs for build [32mentando-k8s-entando-de-app-pr-2-g2vv2-1[0m stage [32mfrom-build-pack[0m and container [32mstep-postbuild-post-build[0m
Unable to retrieve container logs for docker://d77af5e23c9b781f7aa8a131ae99bb36964e31783c0101573574ab8ad013f056
