
Showing logs for build [32mentando-k8s-entando-k8s-keycloa-ndlmq-1[0m stage [32mfrom-build-pack[0m and container [32mcredential-initializer[0m
Unable to retrieve container logs for docker://b0ce2d340834841ab4bdc909164f6b76c1dd85b5cc840f47e6ae2157ac55b67d

Showing logs for build [32mentando-k8s-entando-k8s-keycloa-ndlmq-1[0m stage [32mfrom-build-pack[0m and container [32mworking-dir-initializer[0m
Unable to retrieve container logs for docker://c88751487c51c260bb81899d632cc205c8afa3ce39f8936ab5a189706a835919

Showing logs for build [32mentando-k8s-entando-k8s-keycloa-ndlmq-1[0m stage [32mfrom-build-pack[0m and container [32mplace-tools[0m
Unable to retrieve container logs for docker://97335aa905d66a2126b37f0cc8cc8c0f64caff0706baf339b368e1179ea2092a

Showing logs for build [32mentando-k8s-entando-k8s-keycloa-ndlmq-1[0m stage [32mfrom-build-pack[0m and container [32mstep-git-source-entando-k8s-entando-k8s-keycloa-ndlmq-2t2f9[0m
Unable to retrieve container logs for docker://4bc5f3b8e0c5092cb373ad157d65873c2a11de78d3b8821aa589ee3c1cac4506

Showing logs for build [32mentando-k8s-entando-k8s-keycloa-ndlmq-1[0m stage [32mfrom-build-pack[0m and container [32mstep-setup-builder-home[0m
Unable to retrieve container logs for docker://4612417317eb6e5219f6c9e655a7033298ce7956ccac23280a2ac526d257d130

Showing logs for build [32mentando-k8s-entando-k8s-keycloa-ndlmq-1[0m stage [32mfrom-build-pack[0m and container [32mstep-git-merge[0m
Unable to retrieve container logs for docker://8d7947d58a1e1c70c2832dad1e03884ed3a0564cc34cf7368bfbc4c18c628323

Showing logs for build [32mentando-k8s-entando-k8s-keycloa-ndlmq-1[0m stage [32mfrom-build-pack[0m and container [32mstep-build-set-version[0m
Unable to retrieve container logs for docker://0990e6e583ddca7eeffc0cbcd02c293d10d018361160b1125fec2b74a835e229

Showing logs for build [32mentando-k8s-entando-k8s-keycloa-ndlmq-1[0m stage [32mfrom-build-pack[0m and container [32mstep-build-fix-git-for-sonar[0m
Unable to retrieve container logs for docker://6b2e09d0e956501cb66c64f4261aa609992a79faba4fe9677afedbf7b42da755

Showing logs for build [32mentando-k8s-entando-k8s-keycloa-ndlmq-1[0m stage [32mfrom-build-pack[0m and container [32mstep-build-mvn-verify-pr[0m
Unable to retrieve container logs for docker://1adee3c48e01716ea694aa311f8ea36114e6e10fe3db25258d79cbbe496a0832
[31m
Pipeline failed on stage 'from-build-pack' : container 'step-build-mvn-verify-pr'. The execution of the pipeline has stopped.[0m
