
Showing logs for build [32mentando-k8s-entando-de-app-pr-2-kvrfp-1[0m stage [32mfrom-build-pack[0m and container [32mcredential-initializer[0m
Unable to retrieve container logs for docker://ebf38affa53d206df769fa6876098815f7075bb9fb7af4545a0edbe63b4f030a

Showing logs for build [32mentando-k8s-entando-de-app-pr-2-kvrfp-1[0m stage [32mfrom-build-pack[0m and container [32mworking-dir-initializer[0m
Unable to retrieve container logs for docker://981a0f44a250936ea67fdd150329c909f048954f415d37265a036235b0d9455e

Showing logs for build [32mentando-k8s-entando-de-app-pr-2-kvrfp-1[0m stage [32mfrom-build-pack[0m and container [32mplace-tools[0m
Unable to retrieve container logs for docker://e6d76f133290fb66bc0c8778aa71d86af10a5e0dc4cf3744f07117622ba2e031

Showing logs for build [32mentando-k8s-entando-de-app-pr-2-kvrfp-1[0m stage [32mfrom-build-pack[0m and container [32mstep-git-source-entando-k8s-entando-de-app-pr-2-kvrfp-5jlw9[0m
Unable to retrieve container logs for docker://762b3fdfc65922577ae7903f0a40a813a51328fb08bfe74dc10c7f0e52ed022a

Showing logs for build [32mentando-k8s-entando-de-app-pr-2-kvrfp-1[0m stage [32mfrom-build-pack[0m and container [32mstep-setup-builder-home[0m
Unable to retrieve container logs for docker://6c09da64bbb46d45fdeb31b63afc2c11456beaa78a5e2101ed56c5bae9fc164c

Showing logs for build [32mentando-k8s-entando-de-app-pr-2-kvrfp-1[0m stage [32mfrom-build-pack[0m and container [32mstep-git-merge[0m
Unable to retrieve container logs for docker://06902979cc17782eee8180849ba65b27458df79f7f5ca5597a2dcf3d7879dc6d

Showing logs for build [32mentando-k8s-entando-de-app-pr-2-kvrfp-1[0m stage [32mfrom-build-pack[0m and container [32mstep-build-set-version[0m
Unable to retrieve container logs for docker://641b5b63d7ebd27aeae2220dccc9044f871ab3a2e3426f61fe7593bef343d163

Showing logs for build [32mentando-k8s-entando-de-app-pr-2-kvrfp-1[0m stage [32mfrom-build-pack[0m and container [32mstep-build-mvn-verify[0m
Unable to retrieve container logs for docker://76a28ef2d8c3602bc6aedcb5bd66d11adea6767bfa8d84039d252efdf350b554

Showing logs for build [32mentando-k8s-entando-de-app-pr-2-kvrfp-1[0m stage [32mfrom-build-pack[0m and container [32mstep-build-container-build[0m
Unable to retrieve container logs for docker://ffccc8f8a5a44618cb5004d905ed2f33f9a590201c657a461dbcb8c3e148db4f

Showing logs for build [32mentando-k8s-entando-de-app-pr-2-kvrfp-1[0m stage [32mfrom-build-pack[0m and container [32mstep-postbuild-post-build[0m
Unable to retrieve container logs for docker://a0c2e98eb880be7cdec8374cc032af6b7bfb0f7521194728ed324e76eaf0d76a
