
Showing logs for build [32mmeta-entando-entando-core-bom-p-jfxc2-2[0m stage [32mmeta-pipeline[0m and container [32mcredential-initializer[0m
{"level":"info","ts":1626173064.6066332,"caller":"creds-init/main.go:44","msg":"Credentials initialized."}

Showing logs for build [32mmeta-entando-entando-core-bom-p-jfxc2-2[0m stage [32mmeta-pipeline[0m and container [32mworking-dir-initializer[0m

Showing logs for build [32mmeta-entando-entando-core-bom-p-jfxc2-2[0m stage [32mmeta-pipeline[0m and container [32mplace-tools[0m

Showing logs for build [32mmeta-entando-entando-core-bom-p-jfxc2-2[0m stage [32mmeta-pipeline[0m and container [32mstep-git-source-meta-entando-entando-core-bom-p-jfxc2-l86cc[0m
{"level":"info","ts":1626173182.5124595,"caller":"git/git.go:105","msg":"Successfully cloned https://github.com/entando/entando-core-bom.git @ 05c0eca8dff89aad114c70e7b4eca3ac5aa8b0ad in path /workspace/source"}
{"level":"warn","ts":1626173182.5129144,"caller":"git/git.go:152","msg":"Unexpected error: creating symlink: symlink /tekton/home/.ssh /****/.ssh: file exists"}
{"level":"info","ts":1626173182.5959466,"caller":"git/git.go:133","msg":"Successfully initialized and updated submodules in path /workspace/source"}

Showing logs for build [32mmeta-entando-entando-core-bom-p-jfxc2-2[0m stage [32mmeta-pipeline[0m and container [32mstep-git-merge[0m
Using SHAs from PULL_REFS=master:05c0eca8dff89aad114c70e7b4eca3ac5aa8b0ad,7:91bde599c7d896635460dd338a98289eb8b653fe
DEBUG: LC_ALL=C JX_LOG_LEVEL=error git fetch origin --unshallow 91bde599c7d896635460dd338a98289eb8b653fe: 05c0eca8dff89aad114c70e7b4eca3ac5aa8b0ad:
DEBUG: ran git fetch --unshallow origin 91bde599c7d896635460dd338a98289eb8b653fe: 05c0eca8dff89aad114c70e7b4eca3ac5aa8b0ad: in 
DEBUG: LC_ALL=C JX_LOG_LEVEL=error git branch
DEBUG: JX_LOG_LEVEL=error LC_ALL=C git checkout master
DEBUG: ran git checkout master in 
DEBUG: LC_ALL=C JX_LOG_LEVEL=error git reset --hard 05c0eca8dff89aad114c70e7b4eca3ac5aa8b0ad
DEBUG: ran git reset --hard 05c0eca8dff89aad114c70e7b4eca3ac5aa8b0ad in 
DEBUG: LC_ALL=C JX_LOG_LEVEL=error git clean -fd .
DEBUG: ran clean --force -d . in 
DEBUG: LC_ALL=C JX_LOG_LEVEL=error git merge 91bde599c7d896635460dd338a98289eb8b653fe
error: error during merge: merging 91bde599c7d896635460dd338a98289eb8b653fe into master: git output: Auto-merging pom.xml
CONFLICT (content): Merge conflict in pom.xml
Automatic merge failed; fix conflicts and then commit the result.: failed to run 'git merge 91bde599c7d896635460dd338a98289eb8b653fe' command in directory '', output: 'Auto-merging pom.xml
CONFLICT (content): Merge conflict in pom.xml
Automatic merge failed; fix conflicts and then commit the result.'
[31m
Pipeline failed on stage 'meta-pipeline' : container 'step-git-merge'. The execution of the pipeline has stopped.[0m
