
Showing logs for build [32mentando-entando-core-bom-pr-7-p-gkx95-3[0m stage [32mfrom-build-pack[0m and container [32mcredential-initializer[0m
{"level":"info","ts":1626173139.2743924,"caller":"creds-init/main.go:44","msg":"Credentials initialized."}

Showing logs for build [32mentando-entando-core-bom-pr-7-p-gkx95-3[0m stage [32mfrom-build-pack[0m and container [32mworking-dir-initializer[0m

Showing logs for build [32mentando-entando-core-bom-pr-7-p-gkx95-3[0m stage [32mfrom-build-pack[0m and container [32mplace-tools[0m

Showing logs for build [32mentando-entando-core-bom-pr-7-p-gkx95-3[0m stage [32mfrom-build-pack[0m and container [32mstep-git-source-entando-entando-core-bom-pr-7-p-gkx95-p95pn[0m
{"level":"info","ts":1626173164.1623726,"caller":"git/git.go:105","msg":"Successfully cloned https://github.com/entando/entando-core-bom.git @ master in path /workspace/source"}
{"level":"warn","ts":1626173164.1625633,"caller":"git/git.go:152","msg":"Unexpected error: creating symlink: symlink /tekton/home/.ssh /****/.ssh: file exists"}
{"level":"info","ts":1626173164.2309148,"caller":"git/git.go:133","msg":"Successfully initialized and updated submodules in path /workspace/source"}

Showing logs for build [32mentando-entando-core-bom-pr-7-p-gkx95-3[0m stage [32mfrom-build-pack[0m and container [32mstep-setup-builder-home[0m

Showing logs for build [32mentando-entando-core-bom-pr-7-p-gkx95-3[0m stage [32mfrom-build-pack[0m and container [32mstep-git-merge[0m
Using SHAs from PULL_REFS=develop:f76546627df9686224a407888e9068abfec30ea0,7:91bde599c7d896635460dd338a98289eb8b653fe
DEBUG: LC_ALL=C JX_LOG_LEVEL=error git fetch origin --unshallow 91bde599c7d896635460dd338a98289eb8b653fe: f76546627df9686224a407888e9068abfec30ea0:
DEBUG: ran git fetch --unshallow origin 91bde599c7d896635460dd338a98289eb8b653fe: f76546627df9686224a407888e9068abfec30ea0: in 
DEBUG: LC_ALL=C JX_LOG_LEVEL=error git branch
DEBUG: JX_LOG_LEVEL=error LC_ALL=C git branch develop
DEBUG: LC_ALL=C JX_LOG_LEVEL=error git checkout develop
DEBUG: ran git checkout develop in 
DEBUG: LC_ALL=C JX_LOG_LEVEL=error git reset --hard f76546627df9686224a407888e9068abfec30ea0
DEBUG: ran git reset --hard f76546627df9686224a407888e9068abfec30ea0 in 
DEBUG: JX_LOG_LEVEL=error LC_ALL=C git clean -fd .
DEBUG: ran clean --force -d . in 
DEBUG: LC_ALL=C JX_LOG_LEVEL=error git merge 91bde599c7d896635460dd338a98289eb8b653fe
DEBUG: ran git merge 91bde599c7d896635460dd338a98289eb8b653fe in 
DEBUG: LC_ALL=C JX_LOG_LEVEL=error git log --format=%H%x1f%an%x1f%ae%x1f%cn%x1f%ce%x1f%s%n%b%x1e f76546627df9686224a407888e9068abfec30ea0..HEAD
Merged SHA 91bde599c7d896635460dd338a98289eb8b653fe with commit message 'ENG-2471 NewGen workflow' into base branch develop

Showing logs for build [32mentando-entando-core-bom-pr-7-p-gkx95-3[0m stage [32mfrom-build-pack[0m and container [32mstep-build-verify[0m
Picked up _JAVA_OPTIONS: -XX:+UnlockExperimentalVMOptions -Dsun.zip.disableMemoryMapping=**** -XX:+UseParallelGC -XX:MinHeapFreeRatio=5 -XX:MaxHeapFreeRatio=10 -XX:GCTimeRatio=4 -XX:AdaptiveSizePolicyWeight=90 -Xms10m -Xmx8000m
[INFO] Scanning for projects...
[INFO] 
[INFO] --------------------< org.entando:entando-core-bom >--------------------
[INFO] Building Entando Core BOM 6.4.100
[INFO] --------------------------------[ pom ]---------------------------------
[INFO] ------------------------------------------------------------------------
[INFO] BUILD SUCCESS
[INFO] ------------------------------------------------------------------------
[INFO] Total time:  0.107 s
[INFO] Finished at: 2021-07-13T10:46:08Z
[INFO] ------------------------------------------------------------------------
