
Showing logs for build [32mentando-k8s-entando-k8s-control-xh4j2-1[0m stage [32mfrom-build-pack[0m and container [32mcredential-initializer[0m
Unable to retrieve container logs for docker://b625a6d583cb783e29db41a8f30ecd7621f0b9730f43ee6fda337f362e7e6d1e

Showing logs for build [32mentando-k8s-entando-k8s-control-xh4j2-1[0m stage [32mfrom-build-pack[0m and container [32mworking-dir-initializer[0m
Unable to retrieve container logs for docker://2ad39e696dae187da237876fbe49e709975a0f5821cf66539032af93d701fd27

Showing logs for build [32mentando-k8s-entando-k8s-control-xh4j2-1[0m stage [32mfrom-build-pack[0m and container [32mplace-tools[0m
Unable to retrieve container logs for docker://debc0d1f82170d5f1023b08c76da59499237a4e8419b58678c923a4ea2f37354

Showing logs for build [32mentando-k8s-entando-k8s-control-xh4j2-1[0m stage [32mfrom-build-pack[0m and container [32mstep-git-source-entando-k8s-entando-k8s-control-xh4j2-89xlf[0m
Unable to retrieve container logs for docker://6dc75dc501fdea308cb141ff91b8351481b181541b3ab065c4e8d3e89738587e

Showing logs for build [32mentando-k8s-entando-k8s-control-xh4j2-1[0m stage [32mfrom-build-pack[0m and container [32mstep-setup-builder-home[0m
Unable to retrieve container logs for docker://dc68e3db258ac35f4d34e94739e0be43c2a8556d6a034c23f79c593548915363

Showing logs for build [32mentando-k8s-entando-k8s-control-xh4j2-1[0m stage [32mfrom-build-pack[0m and container [32mstep-git-merge[0m
Unable to retrieve container logs for docker://37599f8bf4b31939a2e086bc298f47717cf6dd42c8b5381e16b8035b58bf7910

Showing logs for build [32mentando-k8s-entando-k8s-control-xh4j2-1[0m stage [32mfrom-build-pack[0m and container [32mstep-build-set-version[0m
Unable to retrieve container logs for docker://62c321159dbbcd10ad4dab25570c831a96f30eb7ec7ead3ef9584ea6159cf917

Showing logs for build [32mentando-k8s-entando-k8s-control-xh4j2-1[0m stage [32mfrom-build-pack[0m and container [32mstep-build-fix-git-for-sonar[0m
Unable to retrieve container logs for docker://8b139f7a4c0e575254e2caf5c303176042ed880230dd661e1685494a9d497904

Showing logs for build [32mentando-k8s-entando-k8s-control-xh4j2-1[0m stage [32mfrom-build-pack[0m and container [32mstep-build-mvn-verify-pr[0m
Unable to retrieve container logs for docker://0f6a83663edb2624ab678f71d0b8da60bbbd170546ea113b73025f3cae9eb91f
[31m
Pipeline failed on stage 'from-build-pack' : container 'step-build-mvn-verify-pr'. The execution of the pipeline has stopped.[0m
