
Showing logs for build [32mentando-k8s-entando-k8s-control-mxgkc-2[0m stage [32mfrom-build-pack[0m and container [32mcredential-initializer[0m
Unable to retrieve container logs for docker://e48d427e26d8536f19f4406a84d37848d18adaab848776149ac7b46f806e9811

Showing logs for build [32mentando-k8s-entando-k8s-control-mxgkc-2[0m stage [32mfrom-build-pack[0m and container [32mworking-dir-initializer[0m
Unable to retrieve container logs for docker://934e34efaccc6826286edc18f11a400a0aea92eafd677d59632a225dbe42df50

Showing logs for build [32mentando-k8s-entando-k8s-control-mxgkc-2[0m stage [32mfrom-build-pack[0m and container [32mplace-tools[0m
Unable to retrieve container logs for docker://394a9396587281260f428fed60634d6743c7a58adfa47ac689c29eb829747bbd

Showing logs for build [32mentando-k8s-entando-k8s-control-mxgkc-2[0m stage [32mfrom-build-pack[0m and container [32mstep-git-source-entando-k8s-entando-k8s-control-mxgkc-kzbd9[0m
Unable to retrieve container logs for docker://fa8eb4b5fc766c58f67ed151b25278059cb0590a28b38d7f207ab9ee6e1a877c

Showing logs for build [32mentando-k8s-entando-k8s-control-mxgkc-2[0m stage [32mfrom-build-pack[0m and container [32mstep-setup-builder-home[0m
Unable to retrieve container logs for docker://b870c3f6acdfaa249b31fcf55535***90979fadbded13d48f51b60ef97120d78

Showing logs for build [32mentando-k8s-entando-k8s-control-mxgkc-2[0m stage [32mfrom-build-pack[0m and container [32mstep-git-merge[0m
Unable to retrieve container logs for docker://57b83e5fcf63073808f81fdddddaae67beeb4ab3909d3067e41173554947f324

Showing logs for build [32mentando-k8s-entando-k8s-control-mxgkc-2[0m stage [32mfrom-build-pack[0m and container [32mstep-build-set-version[0m
Unable to retrieve container logs for docker://d612bf66483451056e74d92e355c63370cc87e6552c5a605ac3bd06b516ee379

Showing logs for build [32mentando-k8s-entando-k8s-control-mxgkc-2[0m stage [32mfrom-build-pack[0m and container [32mstep-build-fix-git-for-sonar[0m
Unable to retrieve container logs for docker://e3d5df7b8e2991638dd43a92e9417b0298421a244b27e53b00ac089dce23825d

Showing logs for build [32mentando-k8s-entando-k8s-control-mxgkc-2[0m stage [32mfrom-build-pack[0m and container [32mstep-build-mvn-verify-pr[0m
Unable to retrieve container logs for docker://45e589a01a9c4e4722dcb51f40459536d6ac2b01d590461c12d4b7d5e23bd711
[31m
Pipeline failed on stage 'from-build-pack' : container 'step-build-mvn-verify-pr'. The execution of the pipeline has stopped.[0m
