
Showing logs for build [32mentando-k8s-entando-k8s-control-8n4t4-3[0m stage [32mfrom-build-pack[0m and container [32mcredential-initializer[0m
Unable to retrieve container logs for docker://f061e9deba04e839b69535c48667f345abd5113038bf49569159f9326bfca773

Showing logs for build [32mentando-k8s-entando-k8s-control-8n4t4-3[0m stage [32mfrom-build-pack[0m and container [32mworking-dir-initializer[0m
Unable to retrieve container logs for docker://5fe3fac30ddd8c5d7fdf12f423fea127a05165dfc1317037e37c48235d8baa51

Showing logs for build [32mentando-k8s-entando-k8s-control-8n4t4-3[0m stage [32mfrom-build-pack[0m and container [32mplace-tools[0m
Unable to retrieve container logs for docker://807530230faa980697d65f48b01636133a797ac4c250625a012b8a27ab464d6e

Showing logs for build [32mentando-k8s-entando-k8s-control-8n4t4-3[0m stage [32mfrom-build-pack[0m and container [32mstep-git-source-entando-k8s-entando-k8s-control-8n4t4-9zltp[0m
Unable to retrieve container logs for docker://c7e15587610a0f7102c9ea908500f739853b35629a0b5e7746a6f33f4c45667b

Showing logs for build [32mentando-k8s-entando-k8s-control-8n4t4-3[0m stage [32mfrom-build-pack[0m and container [32mstep-setup-builder-home[0m
Unable to retrieve container logs for docker://e104ff2ce911a006780318706d00fe5f16e60c0257fe6d3af913668a3b0d2212

Showing logs for build [32mentando-k8s-entando-k8s-control-8n4t4-3[0m stage [32mfrom-build-pack[0m and container [32mstep-git-merge[0m
Unable to retrieve container logs for docker://4b1b947d8e176d400b75be469e536810da8cb4047fccf8095d1f4e159728e312

Showing logs for build [32mentando-k8s-entando-k8s-control-8n4t4-3[0m stage [32mfrom-build-pack[0m and container [32mstep-build-set-version[0m
Unable to retrieve container logs for docker://2f950c94693d930af4ea49d0c8815359b8944226985d7647c9734d0229b7b970

Showing logs for build [32mentando-k8s-entando-k8s-control-8n4t4-3[0m stage [32mfrom-build-pack[0m and container [32mstep-build-fix-git-for-sonar[0m
Unable to retrieve container logs for docker://5df5c63eb12c7d03dbc251b35d8bd50f14314f815225a07d5526d8e9dcd95026

Showing logs for build [32mentando-k8s-entando-k8s-control-8n4t4-3[0m stage [32mfrom-build-pack[0m and container [32mstep-build-mvn-verify-pr[0m
Unable to retrieve container logs for docker://bfb5afeb36114c30aa49a79c3866ef3c45f3ba2ddf274555e04d282e6182a61b
[31m
Pipeline failed on stage 'from-build-pack' : container 'step-build-mvn-verify-pr'. The execution of the pipeline has stopped.[0m
