
Showing logs for build [32mentando-k8s-entando-k8s-control-m2985-4[0m stage [32mfrom-build-pack[0m and container [32mcredential-initializer[0m
Unable to retrieve container logs for docker://adcc67c8eb295a0bb4219db299fcf01e11e319a32180d6553a0b134edb36c72a

Showing logs for build [32mentando-k8s-entando-k8s-control-m2985-4[0m stage [32mfrom-build-pack[0m and container [32mworking-dir-initializer[0m
Unable to retrieve container logs for docker://ca2927e0bdb66344b7f6877eed800e73a678c55d7bb4906c5bbf15de6127a06c

Showing logs for build [32mentando-k8s-entando-k8s-control-m2985-4[0m stage [32mfrom-build-pack[0m and container [32mplace-tools[0m
Unable to retrieve container logs for docker://09ee3c0626c606724a53de635a0c2c24f32758506eaf383c4850967ea9482b41

Showing logs for build [32mentando-k8s-entando-k8s-control-m2985-4[0m stage [32mfrom-build-pack[0m and container [32mstep-git-source-entando-k8s-entando-k8s-control-m2985-cspjk[0m
Unable to retrieve container logs for docker://e34afbf53a64a354f32258a6fd0f3478683055130592da43072b0bf8f272b14d

Showing logs for build [32mentando-k8s-entando-k8s-control-m2985-4[0m stage [32mfrom-build-pack[0m and container [32mstep-setup-builder-home[0m
Unable to retrieve container logs for docker://a9d22e374f5d303f6c223399cf128b10019a1fef26a44f50254db08f59fbf720

Showing logs for build [32mentando-k8s-entando-k8s-control-m2985-4[0m stage [32mfrom-build-pack[0m and container [32mstep-git-merge[0m
Unable to retrieve container logs for docker://28e7962ad117ee47a2bf34672f29a80c8a6d8d996e76f26e04599344f012e61d

Showing logs for build [32mentando-k8s-entando-k8s-control-m2985-4[0m stage [32mfrom-build-pack[0m and container [32mstep-build-set-version[0m
Unable to retrieve container logs for docker://c149960be1fe82285d69ce6f14fb2e2f50fb8e473435ca10d2da563febe7d560

Showing logs for build [32mentando-k8s-entando-k8s-control-m2985-4[0m stage [32mfrom-build-pack[0m and container [32mstep-build-fix-git-for-sonar[0m
Unable to retrieve container logs for docker://826b7a109a885708a770271e402035781b9462488281fb54feab95e5a975190f

Showing logs for build [32mentando-k8s-entando-k8s-control-m2985-4[0m stage [32mfrom-build-pack[0m and container [32mstep-build-mvn-verify-pr[0m
Unable to retrieve container logs for docker://b085c602108e601842efac2f57a72d20525b23abdceb872dfdeceddb622a9e54
[31m
Pipeline failed on stage 'from-build-pack' : container 'step-build-mvn-verify-pr'. The execution of the pipeline has stopped.[0m
