
Showing logs for build [32mentando-k8s-entando-k8s-control-mphbl-7[0m stage [32mfrom-build-pack[0m and container [32mcredential-initializer[0m
Unable to retrieve container logs for docker://43f0a99e6672f847f96ed0ff3fe6050c8e0a4a80c404263cdef2e7ca3a09a35c

Showing logs for build [32mentando-k8s-entando-k8s-control-mphbl-7[0m stage [32mfrom-build-pack[0m and container [32mworking-dir-initializer[0m
Unable to retrieve container logs for docker://0201b35b2edb853f6041f93da936b748cc506eccc0be3a76a160e18fddec0c44

Showing logs for build [32mentando-k8s-entando-k8s-control-mphbl-7[0m stage [32mfrom-build-pack[0m and container [32mplace-tools[0m
Unable to retrieve container logs for docker://f51ca6015f28f34d7d6eb4859a04d564eb37424ffad4a95c7e0688a4c16ede70

Showing logs for build [32mentando-k8s-entando-k8s-control-mphbl-7[0m stage [32mfrom-build-pack[0m and container [32mstep-git-source-entando-k8s-entando-k8s-control-mphbl-sqh8k[0m
Unable to retrieve container logs for docker://c1cad24e2311c43c2f7baf81dd56380944a04fa2779cbf425322f1557c54872f

Showing logs for build [32mentando-k8s-entando-k8s-control-mphbl-7[0m stage [32mfrom-build-pack[0m and container [32mstep-setup-builder-home[0m
Unable to retrieve container logs for docker://a702f8761a6b8009270976121d2dc85c08ffd9cb17b92e64c0ac0225e87f227c

Showing logs for build [32mentando-k8s-entando-k8s-control-mphbl-7[0m stage [32mfrom-build-pack[0m and container [32mstep-git-merge[0m
Unable to retrieve container logs for docker://aa741c8dd8033d3c11b5f806ec26a211876d0b3378ef7462b6fa7babddcb9379

Showing logs for build [32mentando-k8s-entando-k8s-control-mphbl-7[0m stage [32mfrom-build-pack[0m and container [32mstep-build-set-version[0m
Unable to retrieve container logs for docker://ae37f850f6bbe475fc790b675c489572ef3b02642dd289015e666246ab778f5c

Showing logs for build [32mentando-k8s-entando-k8s-control-mphbl-7[0m stage [32mfrom-build-pack[0m and container [32mstep-build-fix-git-for-sonar[0m
Unable to retrieve container logs for docker://01987bc3e54c28141eca94d164e71b3ee6cf31674bd2f557f44d2506ac3a181c

Showing logs for build [32mentando-k8s-entando-k8s-control-mphbl-7[0m stage [32mfrom-build-pack[0m and container [32mstep-build-mvn-verify-pr[0m
Unable to retrieve container logs for docker://d2b758c5d0603c17f06bdab8d135452dfb385685e1be04535e72f57b209cf129
[31m
Pipeline failed on stage 'from-build-pack' : container 'step-build-mvn-verify-pr'. The execution of the pipeline has stopped.[0m
