
Showing logs for build [32mentando-k8s-entando-k8s-control-kpvnm-8[0m stage [32mfrom-build-pack[0m and container [32mcredential-initializer[0m
Unable to retrieve container logs for docker://5652fb8a1c15642aec126cb6f83d6d7aae947042e8cd25246b78222ed24af77a

Showing logs for build [32mentando-k8s-entando-k8s-control-kpvnm-8[0m stage [32mfrom-build-pack[0m and container [32mworking-dir-initializer[0m
Unable to retrieve container logs for docker://d743662d4d322d11abbd97e56cd1686276275bf0a6e892669a1fe34982a1704d

Showing logs for build [32mentando-k8s-entando-k8s-control-kpvnm-8[0m stage [32mfrom-build-pack[0m and container [32mplace-tools[0m
Unable to retrieve container logs for docker://98c373fa84cb9e4566464e245a9f3531f7274ab9d0a7e2443357975c536acf3c

Showing logs for build [32mentando-k8s-entando-k8s-control-kpvnm-8[0m stage [32mfrom-build-pack[0m and container [32mstep-git-source-entando-k8s-entando-k8s-control-kpvnm-mlp5p[0m
Unable to retrieve container logs for docker://ff93f0cc23c80754e646f16e1bccd417609d4f83a008ec63ffed23243ecd2b5a

Showing logs for build [32mentando-k8s-entando-k8s-control-kpvnm-8[0m stage [32mfrom-build-pack[0m and container [32mstep-setup-builder-home[0m
Unable to retrieve container logs for docker://90b651397eaf922db31cc4bad424583fbe1439a4626ed25e9b2dfa90b228752c

Showing logs for build [32mentando-k8s-entando-k8s-control-kpvnm-8[0m stage [32mfrom-build-pack[0m and container [32mstep-git-merge[0m
Unable to retrieve container logs for docker://72c74dc2f553b7363fb42db10755140c59668fdc8062fa411c80d7ca1a996079

Showing logs for build [32mentando-k8s-entando-k8s-control-kpvnm-8[0m stage [32mfrom-build-pack[0m and container [32mstep-build-set-version[0m
Unable to retrieve container logs for docker://6f238cd27bfb3f392c9600fc0b5c027809f96b5d0f27290908aa774b2455a713

Showing logs for build [32mentando-k8s-entando-k8s-control-kpvnm-8[0m stage [32mfrom-build-pack[0m and container [32mstep-build-fix-git-for-sonar[0m
Unable to retrieve container logs for docker://a98b6d0018dac015c3d0826c014aad5d423dd8075ecee775dec86b955f31b66b

Showing logs for build [32mentando-k8s-entando-k8s-control-kpvnm-8[0m stage [32mfrom-build-pack[0m and container [32mstep-build-mvn-verify-pr[0m
Unable to retrieve container logs for docker://50ac03449da4e758be01dd98542ca91eb4bb36274f23c418a6cccf7002b0231e
[31m
Pipeline failed on stage 'from-build-pack' : container 'step-build-mvn-verify-pr'. The execution of the pipeline has stopped.[0m
