
Showing logs for build [32mentando-k8s-entando-de-app-pr-2-2wlw2-1[0m stage [32mfrom-build-pack[0m and container [32mcredential-initializer[0m
Unable to retrieve container logs for docker://f2980198d37aa740fac5c46b1***6709d821e37b62a61f35e2d7acaf52fd324b

Showing logs for build [32mentando-k8s-entando-de-app-pr-2-2wlw2-1[0m stage [32mfrom-build-pack[0m and container [32mworking-dir-initializer[0m
Unable to retrieve container logs for docker://76137b71c2a1df6905b5cc7eee57bf7824e3de95cb67324ccf762443290d453a

Showing logs for build [32mentando-k8s-entando-de-app-pr-2-2wlw2-1[0m stage [32mfrom-build-pack[0m and container [32mplace-tools[0m
Unable to retrieve container logs for docker://d4e201fa20771d37344de7ac3a02441023c51d7effafd2626b2539487373941b

Showing logs for build [32mentando-k8s-entando-de-app-pr-2-2wlw2-1[0m stage [32mfrom-build-pack[0m and container [32mstep-git-source-entando-k8s-entando-de-app-pr-2-2wlw2-5fwqd[0m
Unable to retrieve container logs for docker://d84a0902c926914551f722a0a0241d023f86ff7fc6f5345e57b09fe5c34c2f56

Showing logs for build [32mentando-k8s-entando-de-app-pr-2-2wlw2-1[0m stage [32mfrom-build-pack[0m and container [32mstep-setup-builder-home[0m
Unable to retrieve container logs for docker://cdcc81e0fedd0f76887865ddde2edfc31a5425b5488b5291d4c17b5c1e643eb7

Showing logs for build [32mentando-k8s-entando-de-app-pr-2-2wlw2-1[0m stage [32mfrom-build-pack[0m and container [32mstep-git-merge[0m
Unable to retrieve container logs for docker://b939179b819c8c493fbfe502cf7d2e2be01e88648c85bd270da4b4c7bf647d06

Showing logs for build [32mentando-k8s-entando-de-app-pr-2-2wlw2-1[0m stage [32mfrom-build-pack[0m and container [32mstep-build-set-version[0m
Unable to retrieve container logs for docker://90d40e9b03598e66432dbb4a4549ca2c9eb8d0994b105a3998465dfcd0a5a966

Showing logs for build [32mentando-k8s-entando-de-app-pr-2-2wlw2-1[0m stage [32mfrom-build-pack[0m and container [32mstep-build-mvn-verify[0m
Unable to retrieve container logs for docker://c04b4371ea2cd466a72cf648f81e9649fa4f15eba6271853d77b8870dfcd2a37

Showing logs for build [32mentando-k8s-entando-de-app-pr-2-2wlw2-1[0m stage [32mfrom-build-pack[0m and container [32mstep-build-container-build[0m
Unable to retrieve container logs for docker://0879413ac2eb865402fef0584ee27e648298194d69cb79259ba6a368c2e0a147

Showing logs for build [32mentando-k8s-entando-de-app-pr-2-2wlw2-1[0m stage [32mfrom-build-pack[0m and container [32mstep-postbuild-post-build[0m
Unable to retrieve container logs for docker://6e76b93dc251a272693e37209566ba761344165661a0af0760a75d1c046f8069
