
Showing logs for build [32mentando-k8s-entando-de-app-pr-2-6xc2z-2[0m stage [32mfrom-build-pack[0m and container [32mcredential-initializer[0m
Unable to retrieve container logs for docker://56e1a75dc917ff572e29a2e772480a27a0894ff36426be2f092b19f09495643f

Showing logs for build [32mentando-k8s-entando-de-app-pr-2-6xc2z-2[0m stage [32mfrom-build-pack[0m and container [32mworking-dir-initializer[0m
Unable to retrieve container logs for docker://1cce4e64904275399cef838edd5bd538090d1268c8cdb11c4122c0fe6a3b3d54

Showing logs for build [32mentando-k8s-entando-de-app-pr-2-6xc2z-2[0m stage [32mfrom-build-pack[0m and container [32mplace-tools[0m
Unable to retrieve container logs for docker://e335e9e86023027682da245db43cc915c9031565de180c3e04700362c5437b06

Showing logs for build [32mentando-k8s-entando-de-app-pr-2-6xc2z-2[0m stage [32mfrom-build-pack[0m and container [32mstep-git-source-entando-k8s-entando-de-app-pr-2-6xc2z-lmqrk[0m
Unable to retrieve container logs for docker://0568ae41ae7a1e1f0514bea25df2f44a27fc4c22bded0178970b9d4b44fca345

Showing logs for build [32mentando-k8s-entando-de-app-pr-2-6xc2z-2[0m stage [32mfrom-build-pack[0m and container [32mstep-setup-builder-home[0m
Unable to retrieve container logs for docker://f96e11b8214d8e74d12a605972896a128f4eca784deadd3ec88c5f8ca2879103

Showing logs for build [32mentando-k8s-entando-de-app-pr-2-6xc2z-2[0m stage [32mfrom-build-pack[0m and container [32mstep-git-merge[0m
Unable to retrieve container logs for docker://1e4c325b02788b18a6e18a746873386acfa0a88034d9182ac6ffffac82d86b2e

Showing logs for build [32mentando-k8s-entando-de-app-pr-2-6xc2z-2[0m stage [32mfrom-build-pack[0m and container [32mstep-build-set-version[0m
Unable to retrieve container logs for docker://503e546313ec3237f8ac84f631eaa24a63ed37d7c5bae4054a1777cab26f4c6d

Showing logs for build [32mentando-k8s-entando-de-app-pr-2-6xc2z-2[0m stage [32mfrom-build-pack[0m and container [32mstep-build-mvn-verify[0m
Unable to retrieve container logs for docker://c713294f2d60b56eaffb555cad26a431f5b1199be190b60b80796e8747d11b41

Showing logs for build [32mentando-k8s-entando-de-app-pr-2-6xc2z-2[0m stage [32mfrom-build-pack[0m and container [32mstep-build-container-build[0m
Unable to retrieve container logs for docker://76d0c35e145b5b4977db7631fa7e611d6e3026aea636de24cb4dd3633941c50a

Showing logs for build [32mentando-k8s-entando-de-app-pr-2-6xc2z-2[0m stage [32mfrom-build-pack[0m and container [32mstep-postbuild-post-build[0m
Unable to retrieve container logs for docker://ea861fd4b691393881ed92b99db4cc3bdd2ba5f79a34ce74a155448d4d9ee16b
