
Showing logs for build [32mentando-k8s-entando-de-app-pr-2-q4vtv-3[0m stage [32mfrom-build-pack[0m and container [32mcredential-initializer[0m
Unable to retrieve container logs for docker://5ea7b55c132a7a59feb8cadad816525436a8ce821e1a185ca4f87cf0cf74312d

Showing logs for build [32mentando-k8s-entando-de-app-pr-2-q4vtv-3[0m stage [32mfrom-build-pack[0m and container [32mworking-dir-initializer[0m
Unable to retrieve container logs for docker://3a6dd8398922701cf4e13de46410a20e353c247a4fe5d03ee7a7257bba9f4143

Showing logs for build [32mentando-k8s-entando-de-app-pr-2-q4vtv-3[0m stage [32mfrom-build-pack[0m and container [32mplace-tools[0m
Unable to retrieve container logs for docker://d79d294ea6da0b7e34484de443f2a3379551b8ec1c063638062ae624fa2dc847

Showing logs for build [32mentando-k8s-entando-de-app-pr-2-q4vtv-3[0m stage [32mfrom-build-pack[0m and container [32mstep-git-source-entando-k8s-entando-de-app-pr-2-q4vtv-jk7bd[0m
Unable to retrieve container logs for docker://a051c527f03bcb7343432b3f17e32119dcf9df47ba0a4639856787a16bdb1e71

Showing logs for build [32mentando-k8s-entando-de-app-pr-2-q4vtv-3[0m stage [32mfrom-build-pack[0m and container [32mstep-setup-builder-home[0m
Unable to retrieve container logs for docker://2fb6de72cded660c8cb77b29b175f33e0c2d6adbb8aa91401484aaa131c26652

Showing logs for build [32mentando-k8s-entando-de-app-pr-2-q4vtv-3[0m stage [32mfrom-build-pack[0m and container [32mstep-git-merge[0m
Unable to retrieve container logs for docker://7c1d951b30e70f08d328c7fe3f56f425b2c0759b9382d83a6cbd7bd1cabeb519

Showing logs for build [32mentando-k8s-entando-de-app-pr-2-q4vtv-3[0m stage [32mfrom-build-pack[0m and container [32mstep-build-set-version[0m
Unable to retrieve container logs for docker://3ae14cf6e8c5ed7e526acc8e9dbc214130eea2e80758166a743c9adf3f119145

Showing logs for build [32mentando-k8s-entando-de-app-pr-2-q4vtv-3[0m stage [32mfrom-build-pack[0m and container [32mstep-build-mvn-verify[0m
Unable to retrieve container logs for docker://84c7bcc4f15d1d71204d77df91d7e84a88125b48a1d65847eab34411d0db7066

Showing logs for build [32mentando-k8s-entando-de-app-pr-2-q4vtv-3[0m stage [32mfrom-build-pack[0m and container [32mstep-build-container-build[0m
Unable to retrieve container logs for docker://ea32066316ab592530e9053fae030d55d477c01493761769f482f5aa5f723965

Showing logs for build [32mentando-k8s-entando-de-app-pr-2-q4vtv-3[0m stage [32mfrom-build-pack[0m and container [32mstep-postbuild-post-build[0m
Unable to retrieve container logs for docker://4824ac23bb12ee42a6a56d91e8ec4e7449eab3b1f464a25335ea150ac859a027
