
Showing logs for build [32mentando-k8s-entando-k8s-operato-5fh2f-1[0m stage [32mfrom-build-pack[0m and container [32mcredential-initializer[0m
Unable to retrieve container logs for docker://b825ab7c3e75d318fb858c297239a115f63a60e3afaa2876c9e5dc8e5a63f820

Showing logs for build [32mentando-k8s-entando-k8s-operato-5fh2f-1[0m stage [32mfrom-build-pack[0m and container [32mworking-dir-initializer[0m
Unable to retrieve container logs for docker://cda245011773715051502a1f4623e95788c85b97690d415e53c08e49beb1ce36

Showing logs for build [32mentando-k8s-entando-k8s-operato-5fh2f-1[0m stage [32mfrom-build-pack[0m and container [32mplace-tools[0m
Unable to retrieve container logs for docker://86af575a2dcdfc0182e6924e2164b82c47ffdda85a62106c6221aa979b7d1259

Showing logs for build [32mentando-k8s-entando-k8s-operato-5fh2f-1[0m stage [32mfrom-build-pack[0m and container [32mstep-git-source-entando-k8s-entando-k8s-operato-5fh2f-mwh98[0m
Unable to retrieve container logs for docker://da20b2df2466a823cf231ca6fcf9804c7d479cccdbc47f137188b67d13eb4018

Showing logs for build [32mentando-k8s-entando-k8s-operato-5fh2f-1[0m stage [32mfrom-build-pack[0m and container [32mstep-setup-builder-home[0m
Unable to retrieve container logs for docker://7b114c2f0718e15741d6a49deae2436fb7f638265cbf284ba7a3888ace80043a

Showing logs for build [32mentando-k8s-entando-k8s-operato-5fh2f-1[0m stage [32mfrom-build-pack[0m and container [32mstep-git-merge[0m
Unable to retrieve container logs for docker://e67b5bd9eaa5c562cbc2da67e259d94822ac01673f4cd243303e35135a6f0c01

Showing logs for build [32mentando-k8s-entando-k8s-operato-5fh2f-1[0m stage [32mfrom-build-pack[0m and container [32mstep-build-set-version[0m
Unable to retrieve container logs for docker://73f18eca69dc3471a500cb7b5ad955613b49b06dc456945e004f29dee9801845

Showing logs for build [32mentando-k8s-entando-k8s-operato-5fh2f-1[0m stage [32mfrom-build-pack[0m and container [32mstep-build-fix-git-for-sonar[0m
Unable to retrieve container logs for docker://a2bd3f93d5ba4f557988eae0c97b7d18ccd67908c540c67e71a17b834c23f728

Showing logs for build [32mentando-k8s-entando-k8s-operato-5fh2f-1[0m stage [32mfrom-build-pack[0m and container [32mstep-build-mvn-verify-pr[0m
Unable to retrieve container logs for docker://50e72a0ae3ec02779871b4a9b17b5d47436156823124d307281a30d5b16b9b0f
[31m
Pipeline failed on stage 'from-build-pack' : container 'step-build-mvn-verify-pr'. The execution of the pipeline has stopped.[0m
