
Showing logs for build [32mentando-k8s-entando-k8s-operato-pnqn7-10[0m stage [32mfrom-build-pack[0m and container [32mcredential-initializer[0m
Unable to retrieve container logs for docker://51aca3eae9eaa00a97d4c34df29b3a79c578e992d518f403c8e1a5275821***f

Showing logs for build [32mentando-k8s-entando-k8s-operato-pnqn7-10[0m stage [32mfrom-build-pack[0m and container [32mworking-dir-initializer[0m
Unable to retrieve container logs for docker://35d45cad05ec7c037018c78e13eb00200a8d9631109fcf0cfeb9e0bf3dbb1f29

Showing logs for build [32mentando-k8s-entando-k8s-operato-pnqn7-10[0m stage [32mfrom-build-pack[0m and container [32mplace-tools[0m
Unable to retrieve container logs for docker://6396fb3bae7c03496eb06cfb5034254900be163818363417acbc8643d9daaf3d

Showing logs for build [32mentando-k8s-entando-k8s-operato-pnqn7-10[0m stage [32mfrom-build-pack[0m and container [32mstep-git-source-entando-k8s-entando-k8s-operato-pnqn7-2bgcw[0m
Unable to retrieve container logs for docker://9970e8302ff332614ab038f44055b10eeefe93e9237d2f2671740310a25f8f73

Showing logs for build [32mentando-k8s-entando-k8s-operato-pnqn7-10[0m stage [32mfrom-build-pack[0m and container [32mstep-setup-builder-home[0m
Unable to retrieve container logs for docker://3a167b399a87e70c33f69a71a0e0e3572cac0123e63a09355ce2fa4f9153a310

Showing logs for build [32mentando-k8s-entando-k8s-operato-pnqn7-10[0m stage [32mfrom-build-pack[0m and container [32mstep-git-merge[0m
Unable to retrieve container logs for docker://887bff40833c053b23373a72e86dbd5dabd0a11ee5878e671c1ae517b52ceb80

Showing logs for build [32mentando-k8s-entando-k8s-operato-pnqn7-10[0m stage [32mfrom-build-pack[0m and container [32mstep-build-set-version[0m
Unable to retrieve container logs for docker://5133ea64299c25606f4a2724d002a81207eec3530f4fbc077b20e1c917288154

Showing logs for build [32mentando-k8s-entando-k8s-operato-pnqn7-10[0m stage [32mfrom-build-pack[0m and container [32mstep-build-fix-git-for-sonar[0m
Unable to retrieve container logs for docker://74a455c9dddd122cae95e612bc1c9a760b261baaae310c7bcb8a5076d07f8636

Showing logs for build [32mentando-k8s-entando-k8s-operato-pnqn7-10[0m stage [32mfrom-build-pack[0m and container [32mstep-build-mvn-verify-pr[0m
Unable to retrieve container logs for docker://5e39ab064a0cbf4be2b963014e28134a37eb5dcefde3601af6b0c3bb578a6d26
[31m
Pipeline failed on stage 'from-build-pack' : container 'step-build-mvn-verify-pr'. The execution of the pipeline has stopped.[0m
