
Showing logs for build [32mentando-k8s-entando-k8s-operato-n65sl-11[0m stage [32mfrom-build-pack[0m and container [32mcredential-initializer[0m
Unable to retrieve container logs for docker://2fcde505c2c1880c330150ea285e484f2cc819a7a438863d9d19f983215eb26f

Showing logs for build [32mentando-k8s-entando-k8s-operato-n65sl-11[0m stage [32mfrom-build-pack[0m and container [32mworking-dir-initializer[0m
Unable to retrieve container logs for docker://5dfcf5d8ade25270a119413252f7cac00ccb9e94867d22974476c745324906fa

Showing logs for build [32mentando-k8s-entando-k8s-operato-n65sl-11[0m stage [32mfrom-build-pack[0m and container [32mplace-tools[0m
Unable to retrieve container logs for docker://ff5f58cc54a33356bd153573088b140f7b1167c8534504564ca052a104dd315b

Showing logs for build [32mentando-k8s-entando-k8s-operato-n65sl-11[0m stage [32mfrom-build-pack[0m and container [32mstep-git-source-entando-k8s-entando-k8s-operato-n65sl-sqzlj[0m
Unable to retrieve container logs for docker://d8d164585e54c024e07e46547b8def3a26090ba90ea425cdb918c468353d2c3e

Showing logs for build [32mentando-k8s-entando-k8s-operato-n65sl-11[0m stage [32mfrom-build-pack[0m and container [32mstep-setup-builder-home[0m
Unable to retrieve container logs for docker://01601b09d52ea539a7bcbbb59bf20a2125dd56dd7bc19328a5677a8279cb9c05

Showing logs for build [32mentando-k8s-entando-k8s-operato-n65sl-11[0m stage [32mfrom-build-pack[0m and container [32mstep-git-merge[0m
Unable to retrieve container logs for docker://87ff5fefb28f99569f469f708de5e572f855ca87e6a81f408fd72fcd5638d60a

Showing logs for build [32mentando-k8s-entando-k8s-operato-n65sl-11[0m stage [32mfrom-build-pack[0m and container [32mstep-build-set-version[0m
Unable to retrieve container logs for docker://3370a813c4aa3d5d703ee6429531f71a819435b9ea71a518aa04e6a0df7d6f4e

Showing logs for build [32mentando-k8s-entando-k8s-operato-n65sl-11[0m stage [32mfrom-build-pack[0m and container [32mstep-build-fix-git-for-sonar[0m
Unable to retrieve container logs for docker://225b715991595c6c8adf274127b3891eae84c12ca4ff3a0c1987d4cc0d6a5610

Showing logs for build [32mentando-k8s-entando-k8s-operato-n65sl-11[0m stage [32mfrom-build-pack[0m and container [32mstep-build-mvn-verify-pr[0m
Unable to retrieve container logs for docker://75757b49a5b1f849050d511bcc3faf07a44aada3c5ca057be245929017bb5a22
[31m
Pipeline failed on stage 'from-build-pack' : container 'step-build-mvn-verify-pr'. The execution of the pipeline has stopped.[0m
