
Showing logs for build [32mentando-k8s-entando-k8s-operato-stnzx-12[0m stage [32mfrom-build-pack[0m and container [32mcredential-initializer[0m
Unable to retrieve container logs for docker://b0cdedc55ea7d20f95cb4366ec20cb1d001411011173417ef185cc26ae2c166d

Showing logs for build [32mentando-k8s-entando-k8s-operato-stnzx-12[0m stage [32mfrom-build-pack[0m and container [32mworking-dir-initializer[0m
Unable to retrieve container logs for docker://c68668b17ae14a1321192ac58b269628aa25569ed241101a110e45654a798052

Showing logs for build [32mentando-k8s-entando-k8s-operato-stnzx-12[0m stage [32mfrom-build-pack[0m and container [32mplace-tools[0m
Unable to retrieve container logs for docker://76cddb1195d90554e157c81721b2142c373b52e02910d72aecb0a4ea54dfaa17

Showing logs for build [32mentando-k8s-entando-k8s-operato-stnzx-12[0m stage [32mfrom-build-pack[0m and container [32mstep-git-source-entando-k8s-entando-k8s-operato-stnzx-hsnlm[0m
Unable to retrieve container logs for docker://8b43bfa6dcd79a1664210aab7f547b621ab4bfe177b24a7f025f90548e41fc1a

Showing logs for build [32mentando-k8s-entando-k8s-operato-stnzx-12[0m stage [32mfrom-build-pack[0m and container [32mstep-setup-builder-home[0m
Unable to retrieve container logs for docker://b653f08149b8e8581cbfb06e56617441db5bc45818bd8f20894e9d18c6bace27

Showing logs for build [32mentando-k8s-entando-k8s-operato-stnzx-12[0m stage [32mfrom-build-pack[0m and container [32mstep-git-merge[0m
Unable to retrieve container logs for docker://1810e8c88b185c1bae61cd8ae849db593ac0d2fd7e15904b1db9d9b45360331f

Showing logs for build [32mentando-k8s-entando-k8s-operato-stnzx-12[0m stage [32mfrom-build-pack[0m and container [32mstep-build-set-version[0m
Unable to retrieve container logs for docker://01d90b3f2dce8242c79b993b1a18fe400952724959d5432af28aec80afda6070

Showing logs for build [32mentando-k8s-entando-k8s-operato-stnzx-12[0m stage [32mfrom-build-pack[0m and container [32mstep-build-fix-git-for-sonar[0m
Unable to retrieve container logs for docker://ebb5a4d538a2fa2c0a9cedc998c6cd6737c5c6b3e351e20cb1651b14a6cda57f

Showing logs for build [32mentando-k8s-entando-k8s-operato-stnzx-12[0m stage [32mfrom-build-pack[0m and container [32mstep-build-mvn-verify-pr[0m
Unable to retrieve container logs for docker://ff7e1f29181ed71832603804e0caa3582acb7bae583d772c6b4352b076352366
[31m
Pipeline failed on stage 'from-build-pack' : container 'step-build-mvn-verify-pr'. The execution of the pipeline has stopped.[0m
