
Showing logs for build [32mentando-k8s-entando-k8s-operato-fbvxh-13[0m stage [32mfrom-build-pack[0m and container [32mcredential-initializer[0m
Unable to retrieve container logs for docker://fad6fe68989d9b403cd5836c1f8dc80bf7dbac10a3d8931f52e0b2931ab58977

Showing logs for build [32mentando-k8s-entando-k8s-operato-fbvxh-13[0m stage [32mfrom-build-pack[0m and container [32mworking-dir-initializer[0m
Unable to retrieve container logs for docker://e7590f52fe3871264f8324cf2875bc4b462949cae0d3f64936c7f9c18b020978

Showing logs for build [32mentando-k8s-entando-k8s-operato-fbvxh-13[0m stage [32mfrom-build-pack[0m and container [32mplace-tools[0m
Unable to retrieve container logs for docker://5d00fdac181fba5c564595e5a2a8f73c221012beaa0b863420dab1447a26704e

Showing logs for build [32mentando-k8s-entando-k8s-operato-fbvxh-13[0m stage [32mfrom-build-pack[0m and container [32mstep-git-source-entando-k8s-entando-k8s-operato-fbvxh-p58zh[0m
Unable to retrieve container logs for docker://e07b13804af39262249a77e0f661e1310da88943f12f5d7596741facbe00771c

Showing logs for build [32mentando-k8s-entando-k8s-operato-fbvxh-13[0m stage [32mfrom-build-pack[0m and container [32mstep-setup-builder-home[0m
Unable to retrieve container logs for docker://58d18c803321460826661a98b30bf3690c00f08ef4805f66efe80d3212c02866

Showing logs for build [32mentando-k8s-entando-k8s-operato-fbvxh-13[0m stage [32mfrom-build-pack[0m and container [32mstep-git-merge[0m
Unable to retrieve container logs for docker://43dbee4522914b0f0f680442cc3d292364a79bfc05c7ce5a76137b07a19c2e75

Showing logs for build [32mentando-k8s-entando-k8s-operato-fbvxh-13[0m stage [32mfrom-build-pack[0m and container [32mstep-build-set-version[0m
Unable to retrieve container logs for docker://4da31e5789e12f051f74f41808c19269d24d2da45cb2fc1cebe5d1afffcfb917

Showing logs for build [32mentando-k8s-entando-k8s-operato-fbvxh-13[0m stage [32mfrom-build-pack[0m and container [32mstep-build-fix-git-for-sonar[0m
Unable to retrieve container logs for docker://00f345a2ce29306574e2707a79a4de35347791022195c044d2a0422f491db354

Showing logs for build [32mentando-k8s-entando-k8s-operato-fbvxh-13[0m stage [32mfrom-build-pack[0m and container [32mstep-build-mvn-verify-pr[0m
Unable to retrieve container logs for docker://2238ed9049e5ef47c981442d02e43a78c966bfd674591b329656e413f35a812b
[31m
Pipeline failed on stage 'from-build-pack' : container 'step-build-mvn-verify-pr'. The execution of the pipeline has stopped.[0m
