
Showing logs for build [32mentando-k8s-entando-k8s-operato-ph7xj-14[0m stage [32mfrom-build-pack[0m and container [32mcredential-initializer[0m
Unable to retrieve container logs for docker://ca64e06826bb71462eb8f32c8d933602021032486fe49f58d3814a0f5fc23f6f

Showing logs for build [32mentando-k8s-entando-k8s-operato-ph7xj-14[0m stage [32mfrom-build-pack[0m and container [32mworking-dir-initializer[0m
Unable to retrieve container logs for docker://84bffeabcaba0d7df6b37fd11414c32c5db48761b853b32b83f8886deb73b357

Showing logs for build [32mentando-k8s-entando-k8s-operato-ph7xj-14[0m stage [32mfrom-build-pack[0m and container [32mplace-tools[0m
Unable to retrieve container logs for docker://153574e9c76a496c12fb1a95f3a85738c921f98dbbc27d171a1442286a1d0f70

Showing logs for build [32mentando-k8s-entando-k8s-operato-ph7xj-14[0m stage [32mfrom-build-pack[0m and container [32mstep-git-source-entando-k8s-entando-k8s-operato-ph7xj-dx44t[0m
Unable to retrieve container logs for docker://6f8f22abb71d4d3720e05bb1cb01554401be36bb6c2b305f324690380eff511e

Showing logs for build [32mentando-k8s-entando-k8s-operato-ph7xj-14[0m stage [32mfrom-build-pack[0m and container [32mstep-setup-builder-home[0m
Unable to retrieve container logs for docker://7c91c9dd388cda74c921f45350ffb722ad53db39343d841e328271214822e77b

Showing logs for build [32mentando-k8s-entando-k8s-operato-ph7xj-14[0m stage [32mfrom-build-pack[0m and container [32mstep-git-merge[0m
Unable to retrieve container logs for docker://c01faca2b17128411670ec96aa7cca25423b6ac289dd0742be6c9c9fff4c7668

Showing logs for build [32mentando-k8s-entando-k8s-operato-ph7xj-14[0m stage [32mfrom-build-pack[0m and container [32mstep-build-set-version[0m
Unable to retrieve container logs for docker://8db32dfc338cc170475f580d28dfb3042af6ff22eb679b2bff0112013889cf33

Showing logs for build [32mentando-k8s-entando-k8s-operato-ph7xj-14[0m stage [32mfrom-build-pack[0m and container [32mstep-build-fix-git-for-sonar[0m
Unable to retrieve container logs for docker://3a1804be36da5445253fbbc7894ab85f203cbfbe0300db0f72dc301c5bc53708

Showing logs for build [32mentando-k8s-entando-k8s-operato-ph7xj-14[0m stage [32mfrom-build-pack[0m and container [32mstep-build-mvn-verify-pr[0m
Unable to retrieve container logs for docker://0c8df852ef61251bf10013df6301a10cff373bb3af09ef3c7de67efb867cb515
[31m
Pipeline failed on stage 'from-build-pack' : container 'step-build-mvn-verify-pr'. The execution of the pipeline has stopped.[0m
