
Showing logs for build [32mentando-k8s-entando-k8s-operato-vg6dd-15[0m stage [32mfrom-build-pack[0m and container [32mcredential-initializer[0m
Unable to retrieve container logs for docker://419f92e4a5bc214652f7365622b8a032ec7cf6cd54d07439d41f861e80217272

Showing logs for build [32mentando-k8s-entando-k8s-operato-vg6dd-15[0m stage [32mfrom-build-pack[0m and container [32mworking-dir-initializer[0m
Unable to retrieve container logs for docker://2b601c109f28fc7913026f2623387867731c98142d23d47ef71cfae7e762093d

Showing logs for build [32mentando-k8s-entando-k8s-operato-vg6dd-15[0m stage [32mfrom-build-pack[0m and container [32mplace-tools[0m
Unable to retrieve container logs for docker://b7e278b64a26c914b289af99ab2bd544424acdfd91c1d24ab0324417c9a75a15

Showing logs for build [32mentando-k8s-entando-k8s-operato-vg6dd-15[0m stage [32mfrom-build-pack[0m and container [32mstep-git-source-entando-k8s-entando-k8s-operato-vg6dd-jp9qg[0m
Unable to retrieve container logs for docker://cf396f8223729602f5e160ee419285753b57083ab514767d8f10a877db831e52

Showing logs for build [32mentando-k8s-entando-k8s-operato-vg6dd-15[0m stage [32mfrom-build-pack[0m and container [32mstep-setup-builder-home[0m
Unable to retrieve container logs for docker://3d795d538fc51f6f59c7935e2a73a75e9cd434e62f11017f5aa2d2d9e9a85c32

Showing logs for build [32mentando-k8s-entando-k8s-operato-vg6dd-15[0m stage [32mfrom-build-pack[0m and container [32mstep-git-merge[0m
Unable to retrieve container logs for docker://a926dc14a72c8c463f34fd85c1b7c5510080001b710bbb4c4307e8b0432b4b50

Showing logs for build [32mentando-k8s-entando-k8s-operato-vg6dd-15[0m stage [32mfrom-build-pack[0m and container [32mstep-build-set-version[0m
Unable to retrieve container logs for docker://665e5d2e220a2222cec616e30fb46207f28a9d9a51a5a02a4cf69ce367d97968

Showing logs for build [32mentando-k8s-entando-k8s-operato-vg6dd-15[0m stage [32mfrom-build-pack[0m and container [32mstep-build-fix-git-for-sonar[0m
Unable to retrieve container logs for docker://a68a3a4c137c02174e627a6e28bda23a383a951fb22635627fa0b172c517da01

Showing logs for build [32mentando-k8s-entando-k8s-operato-vg6dd-15[0m stage [32mfrom-build-pack[0m and container [32mstep-build-mvn-verify-pr[0m
Unable to retrieve container logs for docker://2f2844dee1ee2251d79f5af5036aec7c841ad727da59b92c0c5256e15ead9646
[31m
Pipeline failed on stage 'from-build-pack' : container 'step-build-mvn-verify-pr'. The execution of the pipeline has stopped.[0m
