
Showing logs for build [32mentando-k8s-entando-k8s-operato-4k99v-17[0m stage [32mfrom-build-pack[0m and container [32mcredential-initializer[0m
Unable to retrieve container logs for docker://3ba126228648235cefeb1c9622e12120521f3130530b750a11266d3ba3fe1d67

Showing logs for build [32mentando-k8s-entando-k8s-operato-4k99v-17[0m stage [32mfrom-build-pack[0m and container [32mworking-dir-initializer[0m
Unable to retrieve container logs for docker://0a14bbf4e7c0be6046abce9ef1439d31a5baf63ffe20da64d11de1874a5ac618

Showing logs for build [32mentando-k8s-entando-k8s-operato-4k99v-17[0m stage [32mfrom-build-pack[0m and container [32mplace-tools[0m
Unable to retrieve container logs for docker://42c8c1eed081b2582a005b5c256cc950785bb14e1271463da1dbc960f48b9d05

Showing logs for build [32mentando-k8s-entando-k8s-operato-4k99v-17[0m stage [32mfrom-build-pack[0m and container [32mstep-git-source-entando-k8s-entando-k8s-operato-4k99v-l9vbf[0m
Unable to retrieve container logs for docker://22baad64f20b266ed5fe6e1e9b38e25eed7247ef90f98e7ac64c4c9f496ce73e

Showing logs for build [32mentando-k8s-entando-k8s-operato-4k99v-17[0m stage [32mfrom-build-pack[0m and container [32mstep-setup-builder-home[0m
Unable to retrieve container logs for docker://bd442176ed05eb2df89380adb51cdb1f17a8451dadc0c83bcf3aeb8b2161d35f

Showing logs for build [32mentando-k8s-entando-k8s-operato-4k99v-17[0m stage [32mfrom-build-pack[0m and container [32mstep-git-merge[0m
Unable to retrieve container logs for docker://b895461b52df4a1a04978c2f6ff561137ba4eebc8c59402750f88b2a8530ab18

Showing logs for build [32mentando-k8s-entando-k8s-operato-4k99v-17[0m stage [32mfrom-build-pack[0m and container [32mstep-build-set-version[0m
Unable to retrieve container logs for docker://87e0c0bb1642e53eab174392373074640cf650d574218b4e16ace5a1352f4d3d

Showing logs for build [32mentando-k8s-entando-k8s-operato-4k99v-17[0m stage [32mfrom-build-pack[0m and container [32mstep-build-fix-git-for-sonar[0m
Unable to retrieve container logs for docker://a325fd055dc7e65646da35688a82b243c2513fe29c52b72dce617c484d511c23

Showing logs for build [32mentando-k8s-entando-k8s-operato-4k99v-17[0m stage [32mfrom-build-pack[0m and container [32mstep-build-mvn-verify-pr[0m
Unable to retrieve container logs for docker://e0e6195454405b44bce8f00495fe1b353e7aeb3c951a104c47f5a42e7eb62209
[31m
Pipeline failed on stage 'from-build-pack' : container 'step-build-mvn-verify-pr'. The execution of the pipeline has stopped.[0m
