
Showing logs for build [32mentando-k8s-entando-k8s-operato-686dj-19[0m stage [32mfrom-build-pack[0m and container [32mcredential-initializer[0m
Unable to retrieve container logs for docker://b8f4250b530e8d03ebea877e58dcba754f31d7ee3195861598ea803b057ffa0c

Showing logs for build [32mentando-k8s-entando-k8s-operato-686dj-19[0m stage [32mfrom-build-pack[0m and container [32mworking-dir-initializer[0m
Unable to retrieve container logs for docker://bae9a14f2878243872b76202b743eb1e2a2935400f82133881e7b6d855e5cd78

Showing logs for build [32mentando-k8s-entando-k8s-operato-686dj-19[0m stage [32mfrom-build-pack[0m and container [32mplace-tools[0m
Unable to retrieve container logs for docker://94fd49d734863670a10c42ad9bcee736b965cd0efb94880d645a93357f4ce82d

Showing logs for build [32mentando-k8s-entando-k8s-operato-686dj-19[0m stage [32mfrom-build-pack[0m and container [32mstep-git-source-entando-k8s-entando-k8s-operato-686dj-cnwth[0m
Unable to retrieve container logs for docker://1302948eb99821740a23f11b51ca87640d53492a4bde0a6a037a76d509ed9377

Showing logs for build [32mentando-k8s-entando-k8s-operato-686dj-19[0m stage [32mfrom-build-pack[0m and container [32mstep-setup-builder-home[0m
Unable to retrieve container logs for docker://31ab1b2c0393ca1610fb133f439233151e24a0e23899966911090f3abe69c45a

Showing logs for build [32mentando-k8s-entando-k8s-operato-686dj-19[0m stage [32mfrom-build-pack[0m and container [32mstep-git-merge[0m
Unable to retrieve container logs for docker://5f660afd32be076787e4a1cf1e99820f46e1a212e28e5458415a6a12cbedd103

Showing logs for build [32mentando-k8s-entando-k8s-operato-686dj-19[0m stage [32mfrom-build-pack[0m and container [32mstep-build-set-version[0m
Unable to retrieve container logs for docker://5afab4edc18297636babac7c7a798***08c4ac7079c6b0260ddd3b2a88655656

Showing logs for build [32mentando-k8s-entando-k8s-operato-686dj-19[0m stage [32mfrom-build-pack[0m and container [32mstep-build-fix-git-for-sonar[0m
Unable to retrieve container logs for docker://f74a880fcdc83c1e462754ea3e31083912f87057ce2b5d502667ee3235cde611

Showing logs for build [32mentando-k8s-entando-k8s-operato-686dj-19[0m stage [32mfrom-build-pack[0m and container [32mstep-build-mvn-verify-pr[0m
Unable to retrieve container logs for docker://08bcb155de1d1c01e2f33c058407121d2fea24bd6b523e20e56c995f0c180f1f
[31m
Pipeline failed on stage 'from-build-pack' : container 'step-build-mvn-verify-pr'. The execution of the pipeline has stopped.[0m
