
Showing logs for build [32mentando-k8s-entando-k8s-operato-s6b7z-20[0m stage [32mfrom-build-pack[0m and container [32mcredential-initializer[0m
Unable to retrieve container logs for docker://bc1d90c2c3df705d94d223ceb1f99a1a0b5b42de889b4d586a4eb3d22e26de1a

Showing logs for build [32mentando-k8s-entando-k8s-operato-s6b7z-20[0m stage [32mfrom-build-pack[0m and container [32mworking-dir-initializer[0m
Unable to retrieve container logs for docker://6d781d9fa33d6f08cb8dae8e02b25e7f6f5e941a6c6fdb19f5138f61a9437747

Showing logs for build [32mentando-k8s-entando-k8s-operato-s6b7z-20[0m stage [32mfrom-build-pack[0m and container [32mplace-tools[0m
Unable to retrieve container logs for docker://b858f9c7870c7150ced59a548fc25b1df91ce821c528542dfe7f7668b1db4361

Showing logs for build [32mentando-k8s-entando-k8s-operato-s6b7z-20[0m stage [32mfrom-build-pack[0m and container [32mstep-git-source-entando-k8s-entando-k8s-operato-s6b7z-5dfnc[0m
Unable to retrieve container logs for docker://e092327030f1b210f59ccc79193f4d616856a554a0a55e60f20e8f744d6ab62d

Showing logs for build [32mentando-k8s-entando-k8s-operato-s6b7z-20[0m stage [32mfrom-build-pack[0m and container [32mstep-setup-builder-home[0m
Unable to retrieve container logs for docker://eb1a8d20768eb85bb363169f6114440c8df4983ec24b0e1dc227a2333f7cec37

Showing logs for build [32mentando-k8s-entando-k8s-operato-s6b7z-20[0m stage [32mfrom-build-pack[0m and container [32mstep-git-merge[0m
Unable to retrieve container logs for docker://5018f8419b37e83ae484ffdd7248e52b822a7cfcf8ff0c0cdc0eccca4508fb38

Showing logs for build [32mentando-k8s-entando-k8s-operato-s6b7z-20[0m stage [32mfrom-build-pack[0m and container [32mstep-build-set-version[0m
Unable to retrieve container logs for docker://8dd408c07cf5ae0b912f31f5dbd11938a04c7dc6372f3852f1fcf3017f248b0b

Showing logs for build [32mentando-k8s-entando-k8s-operato-s6b7z-20[0m stage [32mfrom-build-pack[0m and container [32mstep-build-fix-git-for-sonar[0m
Unable to retrieve container logs for docker://8dbe3ea52fa25546ab2c984425f28349c8bc04ffcd16383963d11e098ee5fa6f

Showing logs for build [32mentando-k8s-entando-k8s-operato-s6b7z-20[0m stage [32mfrom-build-pack[0m and container [32mstep-build-mvn-verify-pr[0m
Unable to retrieve container logs for docker://efd5aa37565b4c61ad4e19a18e265328c734375b1adaf233f082b6101740af3a
[31m
Pipeline failed on stage 'from-build-pack' : container 'step-build-mvn-verify-pr'. The execution of the pipeline has stopped.[0m
