
Showing logs for build [32mentando-k8s-entando-k8s-operato-gd7ns-21[0m stage [32mfrom-build-pack[0m and container [32mcredential-initializer[0m
Unable to retrieve container logs for docker://d8215f231b1056103e61f74cdcd8d82719309922b6bab679d71de6a944a86507

Showing logs for build [32mentando-k8s-entando-k8s-operato-gd7ns-21[0m stage [32mfrom-build-pack[0m and container [32mworking-dir-initializer[0m
Unable to retrieve container logs for docker://cead454ef9280055cc973fd985943a5d1e496f809c203f39153eeaaa87be9f31

Showing logs for build [32mentando-k8s-entando-k8s-operato-gd7ns-21[0m stage [32mfrom-build-pack[0m and container [32mplace-tools[0m
Unable to retrieve container logs for docker://a4e5bc595f06ca3d62db8eb9d789ba56d498cd0e9ec36b7ac397a7bd0ed90f27

Showing logs for build [32mentando-k8s-entando-k8s-operato-gd7ns-21[0m stage [32mfrom-build-pack[0m and container [32mstep-git-source-entando-k8s-entando-k8s-operato-gd7ns-qn2ts[0m
Unable to retrieve container logs for docker://06dcb7d0ecb2410fd86b38ced45f581829ab658ed2d15572cc3f3ed96243542d

Showing logs for build [32mentando-k8s-entando-k8s-operato-gd7ns-21[0m stage [32mfrom-build-pack[0m and container [32mstep-setup-builder-home[0m
Unable to retrieve container logs for docker://a4bc57b3f615dd676e6bf7a4c4a3e7376fc6fdb295834914eb72bb8b861a4f0e

Showing logs for build [32mentando-k8s-entando-k8s-operato-gd7ns-21[0m stage [32mfrom-build-pack[0m and container [32mstep-git-merge[0m
Unable to retrieve container logs for docker://3caf65f710813352e6be60b0b773db57d4fc4cc32475b8497fa40f3161ae9204

Showing logs for build [32mentando-k8s-entando-k8s-operato-gd7ns-21[0m stage [32mfrom-build-pack[0m and container [32mstep-build-set-version[0m
Unable to retrieve container logs for docker://ba414b0e67ef0c580390b063249a893d4e245a94a45e77586961736c60dd8103

Showing logs for build [32mentando-k8s-entando-k8s-operato-gd7ns-21[0m stage [32mfrom-build-pack[0m and container [32mstep-build-fix-git-for-sonar[0m
Unable to retrieve container logs for docker://ff4d332fd809256c2172eae92498ec5062ddf0c473025f486b3e40ce1cd13311

Showing logs for build [32mentando-k8s-entando-k8s-operato-gd7ns-21[0m stage [32mfrom-build-pack[0m and container [32mstep-build-mvn-verify-pr[0m
Unable to retrieve container logs for docker://66fa820538f15d7b0f7e5bc1e750a975a1697a406d31c15288b8f8425b5e5143
[31m
Pipeline failed on stage 'from-build-pack' : container 'step-build-mvn-verify-pr'. The execution of the pipeline has stopped.[0m
