
Showing logs for build [32mentando-k8s-entando-k8s-operato-pp92x-22[0m stage [32mfrom-build-pack[0m and container [32mcredential-initializer[0m
Unable to retrieve container logs for docker://eca12940e5814635d66474ff67920424d803e95e27714d56f3b0fd636c517a10

Showing logs for build [32mentando-k8s-entando-k8s-operato-pp92x-22[0m stage [32mfrom-build-pack[0m and container [32mworking-dir-initializer[0m
Unable to retrieve container logs for docker://eeecbccc5893b24faea1a2bff666405fa5b51af6406a1a27e55126cde30dd964

Showing logs for build [32mentando-k8s-entando-k8s-operato-pp92x-22[0m stage [32mfrom-build-pack[0m and container [32mplace-tools[0m
Unable to retrieve container logs for docker://f63c30659c2bd05ebe845257f042390a312c1b9ada25ec308edb22ebf3741449

Showing logs for build [32mentando-k8s-entando-k8s-operato-pp92x-22[0m stage [32mfrom-build-pack[0m and container [32mstep-git-source-entando-k8s-entando-k8s-operato-pp92x-zxfls[0m
Unable to retrieve container logs for docker://1b1dc2d7ac82bc06826f94a7a6eb44018f3114df2010795569731bafecaa380e

Showing logs for build [32mentando-k8s-entando-k8s-operato-pp92x-22[0m stage [32mfrom-build-pack[0m and container [32mstep-setup-builder-home[0m
Unable to retrieve container logs for docker://c8a5fb080386be19df55ddba889a2d41f300ab9ba718eb15fb0d5229b0877723

Showing logs for build [32mentando-k8s-entando-k8s-operato-pp92x-22[0m stage [32mfrom-build-pack[0m and container [32mstep-git-merge[0m
Unable to retrieve container logs for docker://2652efb5e6d2695d199b35a0ef52f7062715cb64bfc3c953eddb7d5a1070e90a

Showing logs for build [32mentando-k8s-entando-k8s-operato-pp92x-22[0m stage [32mfrom-build-pack[0m and container [32mstep-build-set-version[0m
Unable to retrieve container logs for docker://ff3204e104312315dd193d298e1c8e74ea403513c7adca3ed4c7947f9a305c12

Showing logs for build [32mentando-k8s-entando-k8s-operato-pp92x-22[0m stage [32mfrom-build-pack[0m and container [32mstep-build-fix-git-for-sonar[0m
Unable to retrieve container logs for docker://950ed8313dde7f6f4ae14a1a7abcaa6c7735086930bc8e3c361c695c9ef5fc79

Showing logs for build [32mentando-k8s-entando-k8s-operato-pp92x-22[0m stage [32mfrom-build-pack[0m and container [32mstep-build-mvn-verify-pr[0m
Unable to retrieve container logs for docker://e3d465c1f8dadd5b4c5499da480abc03d7c1dca76cddb857653e384d6d335105
[31m
Pipeline failed on stage 'from-build-pack' : container 'step-build-mvn-verify-pr'. The execution of the pipeline has stopped.[0m
