
Showing logs for build [32mentando-k8s-entando-k8s-operato-s5wvr-30[0m stage [32mfrom-build-pack[0m and container [32mcredential-initializer[0m
Unable to retrieve container logs for docker://06954db0d7683e29412971e75cfcc14e96eca14517515a4c30a268daeb389d41

Showing logs for build [32mentando-k8s-entando-k8s-operato-s5wvr-30[0m stage [32mfrom-build-pack[0m and container [32mworking-dir-initializer[0m
Unable to retrieve container logs for docker://61ddf4f5595f2276c0eba40aa71e0e33a15dd1b7d7342b040c6bff7c69e1c95b

Showing logs for build [32mentando-k8s-entando-k8s-operato-s5wvr-30[0m stage [32mfrom-build-pack[0m and container [32mplace-tools[0m
Unable to retrieve container logs for docker://e4b9cf75e75eb15c8f125eb47571ad3defccbd3d6dea4852bc6a71f99c2cf625

Showing logs for build [32mentando-k8s-entando-k8s-operato-s5wvr-30[0m stage [32mfrom-build-pack[0m and container [32mstep-git-source-entando-k8s-entando-k8s-operato-s5wvr-dmknb[0m
Unable to retrieve container logs for docker://bf7378953ed1bd094f40416b78607a51c44f8b5a6646b43023dfb3d60c1c2269

Showing logs for build [32mentando-k8s-entando-k8s-operato-s5wvr-30[0m stage [32mfrom-build-pack[0m and container [32mstep-setup-builder-home[0m
Unable to retrieve container logs for docker://75d8ddcc4111360c2052a59af2141f610b319669ccdadd697ac0baae50e42504

Showing logs for build [32mentando-k8s-entando-k8s-operato-s5wvr-30[0m stage [32mfrom-build-pack[0m and container [32mstep-git-merge[0m
Unable to retrieve container logs for docker://e4c381954cb52a43728d0a2bde08a37f29f96348cef7142a52e8c17c4cdcc14b

Showing logs for build [32mentando-k8s-entando-k8s-operato-s5wvr-30[0m stage [32mfrom-build-pack[0m and container [32mstep-build-set-version[0m
Unable to retrieve container logs for docker://5b4ee0af88004710973dd82a3cc6e62d911df7b5634a42465105fe6b25215e58

Showing logs for build [32mentando-k8s-entando-k8s-operato-s5wvr-30[0m stage [32mfrom-build-pack[0m and container [32mstep-build-fix-git-for-sonar[0m
Unable to retrieve container logs for docker://98fdcf9950feaa588edb825ac147a954a51839ff2f7ee83a012998862b119f71

Showing logs for build [32mentando-k8s-entando-k8s-operato-s5wvr-30[0m stage [32mfrom-build-pack[0m and container [32mstep-build-mvn-verify-pr[0m
Unable to retrieve container logs for docker://c90323947437771b7502da22cee803730bdabf4312d68748cfd84f265b178e49
[31m
Pipeline failed on stage 'from-build-pack' : container 'step-build-mvn-verify-pr'. The execution of the pipeline has stopped.[0m
