
Showing logs for build [32mentando-k8s-entando-k8s-operato-9r6r5-31[0m stage [32mfrom-build-pack[0m and container [32mcredential-initializer[0m
Unable to retrieve container logs for docker://c76377d9284e185dcf4dead0ee0b7b402792c4ebe6a91b039f9bb827a800517c

Showing logs for build [32mentando-k8s-entando-k8s-operato-9r6r5-31[0m stage [32mfrom-build-pack[0m and container [32mworking-dir-initializer[0m
Unable to retrieve container logs for docker://98a744024cab251edd85ddcb4d410b38b501c2399fcd6240ff5c8725c683af53

Showing logs for build [32mentando-k8s-entando-k8s-operato-9r6r5-31[0m stage [32mfrom-build-pack[0m and container [32mplace-tools[0m
Unable to retrieve container logs for docker://fe169e8f2ee7070f1af0612997412d1bd99729fa26b751074d17e1ac08e72d14

Showing logs for build [32mentando-k8s-entando-k8s-operato-9r6r5-31[0m stage [32mfrom-build-pack[0m and container [32mstep-git-source-entando-k8s-entando-k8s-operato-9r6r5-8dlbp[0m
Unable to retrieve container logs for docker://015938beec8dd213689ca458a55e87194c0d8b07a29a5a4134e5df152daa8a27

Showing logs for build [32mentando-k8s-entando-k8s-operato-9r6r5-31[0m stage [32mfrom-build-pack[0m and container [32mstep-setup-builder-home[0m
Unable to retrieve container logs for docker://3d14a24d37a7103d502e58d5279d8e178f3f8bd1f5c0a66c7acd929b07903972

Showing logs for build [32mentando-k8s-entando-k8s-operato-9r6r5-31[0m stage [32mfrom-build-pack[0m and container [32mstep-git-merge[0m
Unable to retrieve container logs for docker://70c2bd03a3d0a8501ebab35b9795ed2db0f3eb88fdb7c30916be2aa36e6df52d

Showing logs for build [32mentando-k8s-entando-k8s-operato-9r6r5-31[0m stage [32mfrom-build-pack[0m and container [32mstep-build-set-version[0m
Unable to retrieve container logs for docker://00715b55ba63ae49da79cbab05b8922c99bf248a8198414c9867b68702695825

Showing logs for build [32mentando-k8s-entando-k8s-operato-9r6r5-31[0m stage [32mfrom-build-pack[0m and container [32mstep-build-fix-git-for-sonar[0m
Unable to retrieve container logs for docker://da9e2850142fca5ff5cc82916656547deb88dde9eb3b77ed4684811a1d815e8c

Showing logs for build [32mentando-k8s-entando-k8s-operato-9r6r5-31[0m stage [32mfrom-build-pack[0m and container [32mstep-build-mvn-verify-pr[0m
Unable to retrieve container logs for docker://72691e58e4d4ac634f5385dc79e7b327a1d3ca38051d69599ea92f8c8c662c1c
[31m
Pipeline failed on stage 'from-build-pack' : container 'step-build-mvn-verify-pr'. The execution of the pipeline has stopped.[0m
