
Showing logs for build [32mentando-k8s-entando-k8s-operato-tzfsv-32[0m stage [32mfrom-build-pack[0m and container [32mcredential-initializer[0m
Unable to retrieve container logs for docker://11c814db04c090029cbaebb7615be93e6d5f166f4ce4445bd84667aee0820c38

Showing logs for build [32mentando-k8s-entando-k8s-operato-tzfsv-32[0m stage [32mfrom-build-pack[0m and container [32mworking-dir-initializer[0m
Unable to retrieve container logs for docker://3eacaa203ddb6a09a55fc426e56b026803c6f6cfab17ea4c7e563ffd6cf5ef2b

Showing logs for build [32mentando-k8s-entando-k8s-operato-tzfsv-32[0m stage [32mfrom-build-pack[0m and container [32mplace-tools[0m
Unable to retrieve container logs for docker://c704fa97c4eb716295f9ae5fd1519d1e5d44d03ec2901976e04b827b9d5bd830

Showing logs for build [32mentando-k8s-entando-k8s-operato-tzfsv-32[0m stage [32mfrom-build-pack[0m and container [32mstep-git-source-entando-k8s-entando-k8s-operato-tzfsv-28xxz[0m
Unable to retrieve container logs for docker://edf06a8e1483f3755cec103392e36a02b7598cb985e24b7452b38b53d737ec5e

Showing logs for build [32mentando-k8s-entando-k8s-operato-tzfsv-32[0m stage [32mfrom-build-pack[0m and container [32mstep-setup-builder-home[0m
Unable to retrieve container logs for docker://bd2a0217c585e825e462c4fe3bdf04320a78e9f1d2aa1e5f64841a7fb9c1f834

Showing logs for build [32mentando-k8s-entando-k8s-operato-tzfsv-32[0m stage [32mfrom-build-pack[0m and container [32mstep-git-merge[0m
Unable to retrieve container logs for docker://0fff6e8b2e400d5bd0b69c1408be41657e200fc85e6bd13f55b4cc7e9de4123b

Showing logs for build [32mentando-k8s-entando-k8s-operato-tzfsv-32[0m stage [32mfrom-build-pack[0m and container [32mstep-build-set-version[0m
Unable to retrieve container logs for docker://e6a7b5f7c9ac3a5936a5f1b948ef3d2a8b27c34b81ab5440992ebdf4a8293513

Showing logs for build [32mentando-k8s-entando-k8s-operato-tzfsv-32[0m stage [32mfrom-build-pack[0m and container [32mstep-build-fix-git-for-sonar[0m
Unable to retrieve container logs for docker://c4dca39846992202e6b7008585c97a17707b31b114549640fad891fbb81d8938

Showing logs for build [32mentando-k8s-entando-k8s-operato-tzfsv-32[0m stage [32mfrom-build-pack[0m and container [32mstep-build-mvn-verify-pr[0m
Unable to retrieve container logs for docker://213a259b977e005e872f0bdaa3edc942a36e2b1decb91963155f2e3c6dd8a57b
[31m
Pipeline failed on stage 'from-build-pack' : container 'step-build-mvn-verify-pr'. The execution of the pipeline has stopped.[0m
