
Showing logs for build [32mentando-k8s-entando-k8s-operato-bn5g4-33[0m stage [32mfrom-build-pack[0m and container [32mcredential-initializer[0m
Unable to retrieve container logs for docker://55f7fe9fe6c815521b3c4ba9201e0f1c1fb13e74bd0535587ad4d5fa346b232e

Showing logs for build [32mentando-k8s-entando-k8s-operato-bn5g4-33[0m stage [32mfrom-build-pack[0m and container [32mworking-dir-initializer[0m
Unable to retrieve container logs for docker://f7045864dd3f2926f78d0dbfd861b55b4f8b43843ecaaf0238129be659fd2609

Showing logs for build [32mentando-k8s-entando-k8s-operato-bn5g4-33[0m stage [32mfrom-build-pack[0m and container [32mplace-tools[0m
Unable to retrieve container logs for docker://1d83dda1b522853dfa6b6f937b5a68177a46754b6cc50f4e59e438b3fdc15709

Showing logs for build [32mentando-k8s-entando-k8s-operato-bn5g4-33[0m stage [32mfrom-build-pack[0m and container [32mstep-git-source-entando-k8s-entando-k8s-operato-bn5g4-v8wqg[0m
Unable to retrieve container logs for docker://633f319ddf3f067130dca7c404f4071da2c9be598df5b43bd763ccc4787da70d

Showing logs for build [32mentando-k8s-entando-k8s-operato-bn5g4-33[0m stage [32mfrom-build-pack[0m and container [32mstep-setup-builder-home[0m
Unable to retrieve container logs for docker://b6e15929c175674de76ef9258e129279d0fe8f070984d02f9dc645d4ac9e3f0a

Showing logs for build [32mentando-k8s-entando-k8s-operato-bn5g4-33[0m stage [32mfrom-build-pack[0m and container [32mstep-git-merge[0m
Unable to retrieve container logs for docker://137e49ea2b42186c1208a8b9193c143eecdf7c4b9b16065302e277df06fe7c3a

Showing logs for build [32mentando-k8s-entando-k8s-operato-bn5g4-33[0m stage [32mfrom-build-pack[0m and container [32mstep-build-set-version[0m
Unable to retrieve container logs for docker://79bea5a27ba84950dc64aaa964de6c39efba640f4ab6a35fca89b1b5902c7657

Showing logs for build [32mentando-k8s-entando-k8s-operato-bn5g4-33[0m stage [32mfrom-build-pack[0m and container [32mstep-build-fix-git-for-sonar[0m
Unable to retrieve container logs for docker://61c1a416d8f1c074655d756c0f00db308b3f271f1dc87517c55d361612633e78

Showing logs for build [32mentando-k8s-entando-k8s-operato-bn5g4-33[0m stage [32mfrom-build-pack[0m and container [32mstep-build-mvn-verify-pr[0m
Unable to retrieve container logs for docker://42585fdcbd679673b493ed74730cba5a780dc30b0c2b57666f9dde4c6d833356
[31m
Pipeline failed on stage 'from-build-pack' : container 'step-build-mvn-verify-pr'. The execution of the pipeline has stopped.[0m
