
Showing logs for build [32mentando-k8s-entando-k8s-operato-dxnkd-34[0m stage [32mfrom-build-pack[0m and container [32mcredential-initializer[0m
Unable to retrieve container logs for docker://959562c21fc6ec106949ec65925489278197adc7a7f45b7b4bc6aea2cdc38748

Showing logs for build [32mentando-k8s-entando-k8s-operato-dxnkd-34[0m stage [32mfrom-build-pack[0m and container [32mworking-dir-initializer[0m
Unable to retrieve container logs for docker://b85b339c94b7ba06139b47c09b30174851af280a718b921c674d07c23746aa27

Showing logs for build [32mentando-k8s-entando-k8s-operato-dxnkd-34[0m stage [32mfrom-build-pack[0m and container [32mplace-tools[0m
Unable to retrieve container logs for docker://c0f022f37b7a9d2901d3d5d563a77c27bda531eb8ed22f4878b8b204d8e3f07a

Showing logs for build [32mentando-k8s-entando-k8s-operato-dxnkd-34[0m stage [32mfrom-build-pack[0m and container [32mstep-git-source-entando-k8s-entando-k8s-operato-dxnkd-96sjl[0m
Unable to retrieve container logs for docker://fc31fb4556ec292d689fa6581cc4f67d80f4e2abb24285207235b7f567d63655

Showing logs for build [32mentando-k8s-entando-k8s-operato-dxnkd-34[0m stage [32mfrom-build-pack[0m and container [32mstep-setup-builder-home[0m
Unable to retrieve container logs for docker://ae2010bfe7ee9c3fe6dbdd480823da2d314e19005f52fb32991e56994e1d7e3b

Showing logs for build [32mentando-k8s-entando-k8s-operato-dxnkd-34[0m stage [32mfrom-build-pack[0m and container [32mstep-git-merge[0m
Unable to retrieve container logs for docker://84658c6772df93666b7e6091537aa961b14c49288ebd9355c66aa8fd6c1d233a

Showing logs for build [32mentando-k8s-entando-k8s-operato-dxnkd-34[0m stage [32mfrom-build-pack[0m and container [32mstep-build-set-version[0m
Unable to retrieve container logs for docker://a4df1fd649bc936ac93f4d2c0f96ef31659ba67d825016706a5a0d5e1fd7a57e

Showing logs for build [32mentando-k8s-entando-k8s-operato-dxnkd-34[0m stage [32mfrom-build-pack[0m and container [32mstep-build-fix-git-for-sonar[0m
Unable to retrieve container logs for docker://cecbfb48968af840dcd3d7d530ec451443bf676c52137639b4ce50ad98d7e205

Showing logs for build [32mentando-k8s-entando-k8s-operato-dxnkd-34[0m stage [32mfrom-build-pack[0m and container [32mstep-build-mvn-verify-pr[0m
Unable to retrieve container logs for docker://10466ce87720137f9500c08bcc73a51e8f36b94ee79b1d5544a8b4762b4f776f
[31m
Pipeline failed on stage 'from-build-pack' : container 'step-build-mvn-verify-pr'. The execution of the pipeline has stopped.[0m
