
Showing logs for build [32mentando-k8s-entando-k8s-operato-gpl4x-35[0m stage [32mfrom-build-pack[0m and container [32mcredential-initializer[0m
Unable to retrieve container logs for docker://43603869bd9f1849eff2945a4d067b7ec3afb3872094f527a8061d4a84e1557a

Showing logs for build [32mentando-k8s-entando-k8s-operato-gpl4x-35[0m stage [32mfrom-build-pack[0m and container [32mworking-dir-initializer[0m
Unable to retrieve container logs for docker://7621b2954cc5cb1e33551059d33a2e6aac0c446b676ad168ffe1343567ac8235

Showing logs for build [32mentando-k8s-entando-k8s-operato-gpl4x-35[0m stage [32mfrom-build-pack[0m and container [32mplace-tools[0m
Unable to retrieve container logs for docker://03c3cb0af1e3bc677065acea36d7b302bad5393ee4c55f3d8c90207ed4737135

Showing logs for build [32mentando-k8s-entando-k8s-operato-gpl4x-35[0m stage [32mfrom-build-pack[0m and container [32mstep-git-source-entando-k8s-entando-k8s-operato-gpl4x-jv95l[0m
Unable to retrieve container logs for docker://10e3c5537a9fc70658a981c88f024d4b20328ff438f9f5251794e27f29a6d923

Showing logs for build [32mentando-k8s-entando-k8s-operato-gpl4x-35[0m stage [32mfrom-build-pack[0m and container [32mstep-setup-builder-home[0m
Unable to retrieve container logs for docker://8dd5fce4493cac6d1f8f3a03d2e00b7b871bb2ec38158226089d2512cce02e75

Showing logs for build [32mentando-k8s-entando-k8s-operato-gpl4x-35[0m stage [32mfrom-build-pack[0m and container [32mstep-git-merge[0m
Unable to retrieve container logs for docker://a93c0d68f5bbfe481df663a2a***d15836acad1f8e4c572692cc97b4118f7d49

Showing logs for build [32mentando-k8s-entando-k8s-operato-gpl4x-35[0m stage [32mfrom-build-pack[0m and container [32mstep-build-set-version[0m
Unable to retrieve container logs for docker://5930357af4edd469880467f36b00e404ae3f7054d60fe3380f79ab2d450f7a67

Showing logs for build [32mentando-k8s-entando-k8s-operato-gpl4x-35[0m stage [32mfrom-build-pack[0m and container [32mstep-build-fix-git-for-sonar[0m
Unable to retrieve container logs for docker://da44aa35c8050302364e2c2c29d2a22aee6a1d3269c9c56d6f34048203c68341

Showing logs for build [32mentando-k8s-entando-k8s-operato-gpl4x-35[0m stage [32mfrom-build-pack[0m and container [32mstep-build-mvn-verify-pr[0m
Unable to retrieve container logs for docker://4de726b1f623335c872d8deb43ba896326652b7c4263e62da2b481467b47eb4e
[31m
Pipeline failed on stage 'from-build-pack' : container 'step-build-mvn-verify-pr'. The execution of the pipeline has stopped.[0m
