
Showing logs for build [32mentando-k8s-entando-k8s-operato-25btz-36[0m stage [32mfrom-build-pack[0m and container [32mcredential-initializer[0m
Unable to retrieve container logs for docker://0465d71fdbcee5093d1d9f2dfc44672413f9bc665d01ed541f9051f6d1f9bc61

Showing logs for build [32mentando-k8s-entando-k8s-operato-25btz-36[0m stage [32mfrom-build-pack[0m and container [32mworking-dir-initializer[0m
Unable to retrieve container logs for docker://d0257e72d9585f6aa5fd0fb4984b6573fc639106178a1b513488f4ab865c592c

Showing logs for build [32mentando-k8s-entando-k8s-operato-25btz-36[0m stage [32mfrom-build-pack[0m and container [32mplace-tools[0m
Unable to retrieve container logs for docker://4095618efe745114db8ed8de7af9d31b16fbe34f7bfb7630c3b8a968fec6fb2b

Showing logs for build [32mentando-k8s-entando-k8s-operato-25btz-36[0m stage [32mfrom-build-pack[0m and container [32mstep-git-source-entando-k8s-entando-k8s-operato-25btz-67jqr[0m
Unable to retrieve container logs for docker://3257ab95b985e70772197c0e05dcbb5f380e6fe54ad22937f5e0c58100b32146

Showing logs for build [32mentando-k8s-entando-k8s-operato-25btz-36[0m stage [32mfrom-build-pack[0m and container [32mstep-setup-builder-home[0m
Unable to retrieve container logs for docker://2693d22cb995d24e6604ab1f61c93f251d31b509c30294182a2f2624e7fbc77d

Showing logs for build [32mentando-k8s-entando-k8s-operato-25btz-36[0m stage [32mfrom-build-pack[0m and container [32mstep-git-merge[0m
Unable to retrieve container logs for docker://ec9701aeaa621d5dd8c90f088f28cf4ff5a7e211e522fb29806539ce246d8f60

Showing logs for build [32mentando-k8s-entando-k8s-operato-25btz-36[0m stage [32mfrom-build-pack[0m and container [32mstep-build-set-version[0m
Unable to retrieve container logs for docker://39a466601a8d8e6a7ed947ac2739f1145d82875fac067e41b5a047965efa7b1c

Showing logs for build [32mentando-k8s-entando-k8s-operato-25btz-36[0m stage [32mfrom-build-pack[0m and container [32mstep-build-fix-git-for-sonar[0m
Unable to retrieve container logs for docker://793c82e03503674c94dabf5926b0f73ad4a55de2912451069e531c8827caa77e

Showing logs for build [32mentando-k8s-entando-k8s-operato-25btz-36[0m stage [32mfrom-build-pack[0m and container [32mstep-build-mvn-verify-pr[0m
Unable to retrieve container logs for docker://1cd999082fd4a16d7e9fad2b701115461d1e0cf0ee342c4f14e87de21169a163
[31m
Pipeline failed on stage 'from-build-pack' : container 'step-build-mvn-verify-pr'. The execution of the pipeline has stopped.[0m
