
Showing logs for build [32mentando-k8s-entando-k8s-operato-h77z2-37[0m stage [32mfrom-build-pack[0m and container [32mcredential-initializer[0m
Unable to retrieve container logs for docker://3932f323ee5f1f0565480d795be10a09a5a0b10dcf78710656d978e61f28ab24

Showing logs for build [32mentando-k8s-entando-k8s-operato-h77z2-37[0m stage [32mfrom-build-pack[0m and container [32mworking-dir-initializer[0m
Unable to retrieve container logs for docker://a366528eae2196187ab83c0b9a43931fcfb18f74497e5c43c931b7698fdc122d

Showing logs for build [32mentando-k8s-entando-k8s-operato-h77z2-37[0m stage [32mfrom-build-pack[0m and container [32mplace-tools[0m
Unable to retrieve container logs for docker://515edca9ad5b5b3559182ad45ad2a37444acf17dc122922b824a185db9ee2712

Showing logs for build [32mentando-k8s-entando-k8s-operato-h77z2-37[0m stage [32mfrom-build-pack[0m and container [32mstep-git-source-entando-k8s-entando-k8s-operato-h77z2-nnbpz[0m
Unable to retrieve container logs for docker://5a81ba172cd1c06960e2e131dd1e587d09ff0823a5a666bcb72e26ec33170510

Showing logs for build [32mentando-k8s-entando-k8s-operato-h77z2-37[0m stage [32mfrom-build-pack[0m and container [32mstep-setup-builder-home[0m
Unable to retrieve container logs for docker://cbe60b4959032f72806adf01f3b60d3cb2ccc48ca35ced166d14fbaabe4f1e3b

Showing logs for build [32mentando-k8s-entando-k8s-operato-h77z2-37[0m stage [32mfrom-build-pack[0m and container [32mstep-git-merge[0m
Unable to retrieve container logs for docker://651d41092568b9517307ececa87aed5435df9faa8600040427d1ecf1adab2277

Showing logs for build [32mentando-k8s-entando-k8s-operato-h77z2-37[0m stage [32mfrom-build-pack[0m and container [32mstep-build-set-version[0m
Unable to retrieve container logs for docker://5f5501b05311a9747e089c2a9dec317ee4fcc335d71f621b29ebe578a184f026

Showing logs for build [32mentando-k8s-entando-k8s-operato-h77z2-37[0m stage [32mfrom-build-pack[0m and container [32mstep-build-fix-git-for-sonar[0m
Unable to retrieve container logs for docker://e6308c60ae1c193770637407634c4a3fe8340a04e12cd932faa66efc0e337f09

Showing logs for build [32mentando-k8s-entando-k8s-operato-h77z2-37[0m stage [32mfrom-build-pack[0m and container [32mstep-build-mvn-verify-pr[0m
Unable to retrieve container logs for docker://1fb83f0467d27e458643befde58caf61afe9a32f397b15246fca98fdd8959c63
[31m
Pipeline failed on stage 'from-build-pack' : container 'step-build-mvn-verify-pr'. The execution of the pipeline has stopped.[0m
