
Showing logs for build [32mentando-k8s-entando-k8s-operato-cbkbp-38[0m stage [32mfrom-build-pack[0m and container [32mcredential-initializer[0m
Unable to retrieve container logs for docker://0432d581fd0e9a7bafe3c76b3bd3847983f0e42fb2362d586a2fd41df6fc0440

Showing logs for build [32mentando-k8s-entando-k8s-operato-cbkbp-38[0m stage [32mfrom-build-pack[0m and container [32mworking-dir-initializer[0m
Unable to retrieve container logs for docker://983b0b075d5e955fb6ed7676a603d648c63b6fdf0bbfcb1204b57bd3d546726d

Showing logs for build [32mentando-k8s-entando-k8s-operato-cbkbp-38[0m stage [32mfrom-build-pack[0m and container [32mplace-tools[0m
Unable to retrieve container logs for docker://8fb084b8ffb5641690259c2ee13e986602f7cf0887d8ed50f0b9b9bc9a975604

Showing logs for build [32mentando-k8s-entando-k8s-operato-cbkbp-38[0m stage [32mfrom-build-pack[0m and container [32mstep-git-source-entando-k8s-entando-k8s-operato-cbkbp-6fmb8[0m
Unable to retrieve container logs for docker://00df1006fbd10812f4e96c1cee259a0d1d5d2cb9f0386b3246c5c413dd0b2f50

Showing logs for build [32mentando-k8s-entando-k8s-operato-cbkbp-38[0m stage [32mfrom-build-pack[0m and container [32mstep-setup-builder-home[0m
Unable to retrieve container logs for docker://a3d3734c4de8185b7061d868b3217e055b868929e68c685912393601e87bb750

Showing logs for build [32mentando-k8s-entando-k8s-operato-cbkbp-38[0m stage [32mfrom-build-pack[0m and container [32mstep-git-merge[0m
Unable to retrieve container logs for docker://0b56d5968c514066a4747e84b8af561175032bc633a5ac4dd4bd3fd77ff62f61

Showing logs for build [32mentando-k8s-entando-k8s-operato-cbkbp-38[0m stage [32mfrom-build-pack[0m and container [32mstep-build-set-version[0m
Unable to retrieve container logs for docker://a924cb2b4faf3211a4b88070839a8643b5871a1ac0526f79829af746ab90e170

Showing logs for build [32mentando-k8s-entando-k8s-operato-cbkbp-38[0m stage [32mfrom-build-pack[0m and container [32mstep-build-fix-git-for-sonar[0m
Unable to retrieve container logs for docker://5e0e0ad009cd523268613805086e810292bd1166474e6a18a4ce127e127fdd10

Showing logs for build [32mentando-k8s-entando-k8s-operato-cbkbp-38[0m stage [32mfrom-build-pack[0m and container [32mstep-build-mvn-verify-pr[0m
Unable to retrieve container logs for docker://1144dce928ef40205665be3ea90d2f2b468ca22c4ef0817a7c2d67b7fc5d4655
[31m
Pipeline failed on stage 'from-build-pack' : container 'step-build-mvn-verify-pr'. The execution of the pipeline has stopped.[0m
