
Showing logs for build [32mentando-k8s-entando-k8s-operato-b64bc-39[0m stage [32mfrom-build-pack[0m and container [32mcredential-initializer[0m
Unable to retrieve container logs for docker://f241833c9abba844c823174dae13e14ddb42217f2046c127602597a5648dfd2e

Showing logs for build [32mentando-k8s-entando-k8s-operato-b64bc-39[0m stage [32mfrom-build-pack[0m and container [32mworking-dir-initializer[0m
Unable to retrieve container logs for docker://9705d47137b7944353387e7a347e0415317fd8544462ee0d3d6954202b43ff0f

Showing logs for build [32mentando-k8s-entando-k8s-operato-b64bc-39[0m stage [32mfrom-build-pack[0m and container [32mplace-tools[0m
Unable to retrieve container logs for docker://cfcef35452dc09014ce54c48b84a557c4f14289b8f46516bbc5f7f9d063b1228

Showing logs for build [32mentando-k8s-entando-k8s-operato-b64bc-39[0m stage [32mfrom-build-pack[0m and container [32mstep-git-source-entando-k8s-entando-k8s-operato-b64bc-l5hf7[0m
Unable to retrieve container logs for docker://f60584e57813f319688a46dd57908f73e28ad068172b9b43cdf1c8ad4f43902c

Showing logs for build [32mentando-k8s-entando-k8s-operato-b64bc-39[0m stage [32mfrom-build-pack[0m and container [32mstep-setup-builder-home[0m
Unable to retrieve container logs for docker://60ba9d0d4a5c3631c1937677dfa58f657ca9751d386ea97668080e6127b3af48

Showing logs for build [32mentando-k8s-entando-k8s-operato-b64bc-39[0m stage [32mfrom-build-pack[0m and container [32mstep-git-merge[0m
Unable to retrieve container logs for docker://d09ca3eb9e6a6070ac8e71d1858ff3353d7c50be3b139d31339289938eda9a7e

Showing logs for build [32mentando-k8s-entando-k8s-operato-b64bc-39[0m stage [32mfrom-build-pack[0m and container [32mstep-build-set-version[0m
Unable to retrieve container logs for docker://2afb46d145a3c42da29de***474ef032f3f024545a3034320da8807053fbec7e

Showing logs for build [32mentando-k8s-entando-k8s-operato-b64bc-39[0m stage [32mfrom-build-pack[0m and container [32mstep-build-fix-git-for-sonar[0m
Unable to retrieve container logs for docker://0e621e44d4227e57a7fd077f81260b09b7f991737fd3dd1b52866f8aab36bc67

Showing logs for build [32mentando-k8s-entando-k8s-operato-b64bc-39[0m stage [32mfrom-build-pack[0m and container [32mstep-build-mvn-verify-pr[0m
Unable to retrieve container logs for docker://fbb161c85efa5a4c4eb9ec903dce4c3983b26aa48d0439158c31443e2c8b7732
[31m
Pipeline failed on stage 'from-build-pack' : container 'step-build-mvn-verify-pr'. The execution of the pipeline has stopped.[0m
