
Showing logs for build [32mentando-k8s-entando-k8s-operato-q89px-40[0m stage [32mfrom-build-pack[0m and container [32mcredential-initializer[0m
Unable to retrieve container logs for docker://3c7fb22530bc340be5e0560cddcc451d61676832ace2440c876cca4177f68c25

Showing logs for build [32mentando-k8s-entando-k8s-operato-q89px-40[0m stage [32mfrom-build-pack[0m and container [32mworking-dir-initializer[0m
Unable to retrieve container logs for docker://deedd223ecb10d01e36083249ad9d43ed78b8772f1c98d188f09c1cccee82804

Showing logs for build [32mentando-k8s-entando-k8s-operato-q89px-40[0m stage [32mfrom-build-pack[0m and container [32mplace-tools[0m
Unable to retrieve container logs for docker://f9776e63fafb151***ad61297084d97c5a9c65dee6733001d47ccfa75d38a41f

Showing logs for build [32mentando-k8s-entando-k8s-operato-q89px-40[0m stage [32mfrom-build-pack[0m and container [32mstep-git-source-entando-k8s-entando-k8s-operato-q89px-p86t9[0m
Unable to retrieve container logs for docker://cfd7af0bb628735eaff3246a7adff5195877103a736271134a30c935a0dc8559

Showing logs for build [32mentando-k8s-entando-k8s-operato-q89px-40[0m stage [32mfrom-build-pack[0m and container [32mstep-setup-builder-home[0m
Unable to retrieve container logs for docker://4eb23f3b6ece960b480bb3431b595a5d7d29663b5424a20eec88fc49812c6d67

Showing logs for build [32mentando-k8s-entando-k8s-operato-q89px-40[0m stage [32mfrom-build-pack[0m and container [32mstep-git-merge[0m
Unable to retrieve container logs for docker://968218884e2a5507b2eaa7d97ec5a542ffe97f22dee9315d85a79cd3a0b1237e

Showing logs for build [32mentando-k8s-entando-k8s-operato-q89px-40[0m stage [32mfrom-build-pack[0m and container [32mstep-build-set-version[0m
Unable to retrieve container logs for docker://3e4644ac4ffee35dde16b221ca789e78d0c06250bdf13f55f71cf860b4a9f450

Showing logs for build [32mentando-k8s-entando-k8s-operato-q89px-40[0m stage [32mfrom-build-pack[0m and container [32mstep-build-fix-git-for-sonar[0m
Unable to retrieve container logs for docker://629d13e42bdc2e55f7ae9f4dd9c1c16c22f807106a03cc01dcea9617ad58bf73

Showing logs for build [32mentando-k8s-entando-k8s-operato-q89px-40[0m stage [32mfrom-build-pack[0m and container [32mstep-build-mvn-verify-pr[0m
Unable to retrieve container logs for docker://26bebf5dbed7711f155210388f0342113d8ef096352aa3108cb5334f43954253
[31m
Pipeline failed on stage 'from-build-pack' : container 'step-build-mvn-verify-pr'. The execution of the pipeline has stopped.[0m
