
Showing logs for build [32mentando-k8s-entando-k8s-operato-twkfz-41[0m stage [32mfrom-build-pack[0m and container [32mcredential-initializer[0m
Unable to retrieve container logs for docker://4cd21ee4262a160c88458be092f9c74c038d610e312ad87792d2c8a3459db438

Showing logs for build [32mentando-k8s-entando-k8s-operato-twkfz-41[0m stage [32mfrom-build-pack[0m and container [32mworking-dir-initializer[0m
Unable to retrieve container logs for docker://27deb457f039435f9fdbc28a8da2fe290f1ee06bb822fa65d11782fd03bf3a75

Showing logs for build [32mentando-k8s-entando-k8s-operato-twkfz-41[0m stage [32mfrom-build-pack[0m and container [32mplace-tools[0m
Unable to retrieve container logs for docker://6773fedc590f4f22573689e070dc173cf3ebe03443b87f053caf81279d180752

Showing logs for build [32mentando-k8s-entando-k8s-operato-twkfz-41[0m stage [32mfrom-build-pack[0m and container [32mstep-git-source-entando-k8s-entando-k8s-operato-twkfz-6n7zf[0m
Unable to retrieve container logs for docker://de713f415464e40843f00290facd3a6ac5cefdfbc1f6ef16611a6d838bf33437

Showing logs for build [32mentando-k8s-entando-k8s-operato-twkfz-41[0m stage [32mfrom-build-pack[0m and container [32mstep-setup-builder-home[0m
Unable to retrieve container logs for docker://68ce2795bc98ab2af3a6d5fce18c7c052f1518f8ea00c637225b2e57e4bd1549

Showing logs for build [32mentando-k8s-entando-k8s-operato-twkfz-41[0m stage [32mfrom-build-pack[0m and container [32mstep-git-merge[0m
Unable to retrieve container logs for docker://05ba959787d7e2549d61d7ef500b3b61986c871109b144548856c89b240d1e4d

Showing logs for build [32mentando-k8s-entando-k8s-operato-twkfz-41[0m stage [32mfrom-build-pack[0m and container [32mstep-build-set-version[0m
Unable to retrieve container logs for docker://1de23bbf53c3e456903358126161b2781d24c598d64817239c3c6be1089b0457

Showing logs for build [32mentando-k8s-entando-k8s-operato-twkfz-41[0m stage [32mfrom-build-pack[0m and container [32mstep-build-fix-git-for-sonar[0m
Unable to retrieve container logs for docker://3f252ba976728a578d294a849e220305b14773233367ec61ea2bbcde76d19c54

Showing logs for build [32mentando-k8s-entando-k8s-operato-twkfz-41[0m stage [32mfrom-build-pack[0m and container [32mstep-build-mvn-verify-pr[0m
Unable to retrieve container logs for docker://c5b65592fddb986a87097ca6541c6667521c775a3094304ed28b37ff4294c904
[31m
Pipeline failed on stage 'from-build-pack' : container 'step-build-mvn-verify-pr'. The execution of the pipeline has stopped.[0m
