
Showing logs for build [32mentando-k8s-entando-k8s-operato-w24kq-42[0m stage [32mfrom-build-pack[0m and container [32mcredential-initializer[0m
Unable to retrieve container logs for docker://af60ac7b3617f8375b9d67d7742e98273930732bd1b241740207fbf459e97431

Showing logs for build [32mentando-k8s-entando-k8s-operato-w24kq-42[0m stage [32mfrom-build-pack[0m and container [32mworking-dir-initializer[0m
Unable to retrieve container logs for docker://3d29dd54dbe8c85ec4a8deccd357b25b83d51339ceec0b5113dacf6a71a8ce74

Showing logs for build [32mentando-k8s-entando-k8s-operato-w24kq-42[0m stage [32mfrom-build-pack[0m and container [32mplace-tools[0m
Unable to retrieve container logs for docker://589ef2e013b8f610095e2350e058d01a05a92dc27b29ff5775abafc898ec3d1e

Showing logs for build [32mentando-k8s-entando-k8s-operato-w24kq-42[0m stage [32mfrom-build-pack[0m and container [32mstep-git-source-entando-k8s-entando-k8s-operato-w24kq-tzmmg[0m
Unable to retrieve container logs for docker://210c98078efe9349124889f1fc626f541c5a484555095c1033057f5b5d687b60

Showing logs for build [32mentando-k8s-entando-k8s-operato-w24kq-42[0m stage [32mfrom-build-pack[0m and container [32mstep-setup-builder-home[0m
Unable to retrieve container logs for docker://f7e2d67e088c404e32337ca326f8f94769a0abe25c31f018768e92c9dd546b7a

Showing logs for build [32mentando-k8s-entando-k8s-operato-w24kq-42[0m stage [32mfrom-build-pack[0m and container [32mstep-git-merge[0m
Unable to retrieve container logs for docker://faa269573551aa34bb870fedc1d3282e098f591900334353c4fc2ffcfbd24416

Showing logs for build [32mentando-k8s-entando-k8s-operato-w24kq-42[0m stage [32mfrom-build-pack[0m and container [32mstep-build-set-version[0m
Unable to retrieve container logs for docker://9d5e7b1d138808447fb80effa8ddcd040d92c2c66c47597190eb61059f5e5d2c

Showing logs for build [32mentando-k8s-entando-k8s-operato-w24kq-42[0m stage [32mfrom-build-pack[0m and container [32mstep-build-fix-git-for-sonar[0m
Unable to retrieve container logs for docker://2c6745238525c51cd66268ec9adaa94846bffe5cfcc7ec13874bc75a1a2ed829

Showing logs for build [32mentando-k8s-entando-k8s-operato-w24kq-42[0m stage [32mfrom-build-pack[0m and container [32mstep-build-mvn-verify-pr[0m
Unable to retrieve container logs for docker://218703ed22b83769c103dc2c905a6a46840e4587fb0e8b0a90bcb664cb97bd76

Showing logs for build [32mentando-k8s-entando-k8s-operato-w24kq-42[0m stage [32mfrom-build-pack[0m and container [32mstep-build-container-build[0m
Unable to retrieve container logs for docker://86b7721996477f38f1cd1b226b63657f00888a45f7964057546ad1f6ea847d35
