
Showing logs for build [32mentando-k8s-entando-k8s-operato-hsjpf-6[0m stage [32mfrom-build-pack[0m and container [32mcredential-initializer[0m
Unable to retrieve container logs for docker://8a4916eae158b970a84078ba30aff87582b93d3d84c83c64eba21e09046c137e

Showing logs for build [32mentando-k8s-entando-k8s-operato-hsjpf-6[0m stage [32mfrom-build-pack[0m and container [32mworking-dir-initializer[0m
Unable to retrieve container logs for docker://43f9fc5ada4bd67922c1fa012e9ee30b90d47e1c091cec2fa813dd50ff6e7812

Showing logs for build [32mentando-k8s-entando-k8s-operato-hsjpf-6[0m stage [32mfrom-build-pack[0m and container [32mplace-tools[0m
Unable to retrieve container logs for docker://7af0e2465eef6519a02ba8e515eeda7d388384b6df3f606bec2b4346a92c0942

Showing logs for build [32mentando-k8s-entando-k8s-operato-hsjpf-6[0m stage [32mfrom-build-pack[0m and container [32mstep-git-source-entando-k8s-entando-k8s-operato-hsjpf-fcf97[0m
Unable to retrieve container logs for docker://8ef238675e079e35af3984c58c7d611b4f521748993ffd5d58f4fa7dafbaed75

Showing logs for build [32mentando-k8s-entando-k8s-operato-hsjpf-6[0m stage [32mfrom-build-pack[0m and container [32mstep-setup-builder-home[0m
Unable to retrieve container logs for docker://7d8141da2829c00b12471ea5bcda2e75c659dc0b07f8cb550a7f2199a3968a36

Showing logs for build [32mentando-k8s-entando-k8s-operato-hsjpf-6[0m stage [32mfrom-build-pack[0m and container [32mstep-git-merge[0m
Unable to retrieve container logs for docker://279df8be4803d6484cc71683a3c3f231c3b6fd99276f4b02106860b2964ce777

Showing logs for build [32mentando-k8s-entando-k8s-operato-hsjpf-6[0m stage [32mfrom-build-pack[0m and container [32mstep-build-set-version[0m
Unable to retrieve container logs for docker://e06c25b047bf145aeec49c3a3ee7ca7bd23ce4e05fe44566709524efef777c60

Showing logs for build [32mentando-k8s-entando-k8s-operato-hsjpf-6[0m stage [32mfrom-build-pack[0m and container [32mstep-build-fix-git-for-sonar[0m
Unable to retrieve container logs for docker://a76e8efeaaad996177ec9aa7a00e3a702c7a208fc76fc229c036eea031b71d39

Showing logs for build [32mentando-k8s-entando-k8s-operato-hsjpf-6[0m stage [32mfrom-build-pack[0m and container [32mstep-build-mvn-verify-pr[0m
Unable to retrieve container logs for docker://553cf1bd3dcd774c8151579dc9fcac3e452c3ba93377226635de5ab9e923995a
[31m
Pipeline failed on stage 'from-build-pack' : container 'step-build-mvn-verify-pr'. The execution of the pipeline has stopped.[0m
