
Showing logs for build [32mentando-k8s-entando-k8s-operato-clx7x-7[0m stage [32mfrom-build-pack[0m and container [32mcredential-initializer[0m
Unable to retrieve container logs for docker://eb36b1475bd7f90dc2b6aba0d97f1558087bffb19b017b76cf33635b98e2b92a

Showing logs for build [32mentando-k8s-entando-k8s-operato-clx7x-7[0m stage [32mfrom-build-pack[0m and container [32mworking-dir-initializer[0m
Unable to retrieve container logs for docker://490fe3aa0c554461ddb6f577f2964e0929200cc73815160dba682d87bbd62c50

Showing logs for build [32mentando-k8s-entando-k8s-operato-clx7x-7[0m stage [32mfrom-build-pack[0m and container [32mplace-tools[0m
Unable to retrieve container logs for docker://32d22e8e1eecc33e957d29a932406c6d7a21f58fc5b5043b09df281a81210c4d

Showing logs for build [32mentando-k8s-entando-k8s-operato-clx7x-7[0m stage [32mfrom-build-pack[0m and container [32mstep-git-source-entando-k8s-entando-k8s-operato-clx7x-m6n9p[0m
Unable to retrieve container logs for docker://b13ca0096e0ca31d1efa70536777316bbf420599b452be6ab6de12aa401e023e

Showing logs for build [32mentando-k8s-entando-k8s-operato-clx7x-7[0m stage [32mfrom-build-pack[0m and container [32mstep-setup-builder-home[0m
Unable to retrieve container logs for docker://f3e93bd85f46422331c542abda1986692ed667d8672c6e0b5394179b4dbc0547

Showing logs for build [32mentando-k8s-entando-k8s-operato-clx7x-7[0m stage [32mfrom-build-pack[0m and container [32mstep-git-merge[0m
Unable to retrieve container logs for docker://f8c30c7bc6be0113b9ffb6f39e0a884213ae8c9cf92280537f2ee318b151e350

Showing logs for build [32mentando-k8s-entando-k8s-operato-clx7x-7[0m stage [32mfrom-build-pack[0m and container [32mstep-build-set-version[0m
Unable to retrieve container logs for docker://acf532a30b3bd9723d14d7504fdd4d0aca15a9b8e379116d7d23d24f54eca751

Showing logs for build [32mentando-k8s-entando-k8s-operato-clx7x-7[0m stage [32mfrom-build-pack[0m and container [32mstep-build-fix-git-for-sonar[0m
Unable to retrieve container logs for docker://2c2bfaf360b3ba34c2bff36fb851d11947af00ca7e5e1e61b5bef3e3335d3a2f

Showing logs for build [32mentando-k8s-entando-k8s-operato-clx7x-7[0m stage [32mfrom-build-pack[0m and container [32mstep-build-mvn-verify-pr[0m
Unable to retrieve container logs for docker://9a543abfeab146551cfbf0adf8152b30009183e08db66e7763b32691e4544433
[31m
Pipeline failed on stage 'from-build-pack' : container 'step-build-mvn-verify-pr'. The execution of the pipeline has stopped.[0m
