
Showing logs for build [32mentando-k8s-entando-k8s-operato-dcwj5-8[0m stage [32mfrom-build-pack[0m and container [32mcredential-initializer[0m
Unable to retrieve container logs for docker://51aee15d7dd688187313c05bf9c69963a2a2860c59f9ba244cc77ca0960c405e

Showing logs for build [32mentando-k8s-entando-k8s-operato-dcwj5-8[0m stage [32mfrom-build-pack[0m and container [32mworking-dir-initializer[0m
Unable to retrieve container logs for docker://dd5b3b35501cea4b6b05f6785cacd125b44f4a9b09e17423288ddc4daca55e39

Showing logs for build [32mentando-k8s-entando-k8s-operato-dcwj5-8[0m stage [32mfrom-build-pack[0m and container [32mplace-tools[0m
Unable to retrieve container logs for docker://4ca5f673c90de5374b22d53693f8a47ad268ba487ff3f872ccea33fc6d693764

Showing logs for build [32mentando-k8s-entando-k8s-operato-dcwj5-8[0m stage [32mfrom-build-pack[0m and container [32mstep-git-source-entando-k8s-entando-k8s-operato-dcwj5-9f6bj[0m
Unable to retrieve container logs for docker://162e5d79b3fe7d3e5a2a05d2bff245403eafc36429648e4314f1775c454d5641

Showing logs for build [32mentando-k8s-entando-k8s-operato-dcwj5-8[0m stage [32mfrom-build-pack[0m and container [32mstep-setup-builder-home[0m
Unable to retrieve container logs for docker://08964f96ef6efc4287965106e082451f49f43759c7ccbb19461e09857f1cd85c

Showing logs for build [32mentando-k8s-entando-k8s-operato-dcwj5-8[0m stage [32mfrom-build-pack[0m and container [32mstep-git-merge[0m
Unable to retrieve container logs for docker://d5c4fb5f8993b408c90e731a3b93660b183f224625fd973d9f54269a3cef0b2a

Showing logs for build [32mentando-k8s-entando-k8s-operato-dcwj5-8[0m stage [32mfrom-build-pack[0m and container [32mstep-build-set-version[0m
Unable to retrieve container logs for docker://fbf50cc3b818af25399a6fbdc07f7f6dc51aff01f522317625bdadcd1e9a122a

Showing logs for build [32mentando-k8s-entando-k8s-operato-dcwj5-8[0m stage [32mfrom-build-pack[0m and container [32mstep-build-fix-git-for-sonar[0m
Unable to retrieve container logs for docker://3c98da735782b5125ea43ccef6c3d90866c821b43a9b0f31e40dd9ba5dbd7629

Showing logs for build [32mentando-k8s-entando-k8s-operato-dcwj5-8[0m stage [32mfrom-build-pack[0m and container [32mstep-build-mvn-verify-pr[0m
Unable to retrieve container logs for docker://2ba77cf3e8655f0d25203f0b66d59b7285fb037757a2dc5cb044c499c3b1cf48
[31m
Pipeline failed on stage 'from-build-pack' : container 'step-build-mvn-verify-pr'. The execution of the pipeline has stopped.[0m
