
Showing logs for build [32mentando-k8s-entando-de-app-pr-2-qt578-1[0m stage [32mfrom-build-pack[0m and container [32mcredential-initializer[0m
Unable to retrieve container logs for docker://79a3a1cc9ae33211267a37c1798df65a7fbd597ae29cd44975f2ade98b71c949

Showing logs for build [32mentando-k8s-entando-de-app-pr-2-qt578-1[0m stage [32mfrom-build-pack[0m and container [32mworking-dir-initializer[0m
Unable to retrieve container logs for docker://439516869cd96633969e26d6ec1281172704f02f22951351c3d022c45fef577a

Showing logs for build [32mentando-k8s-entando-de-app-pr-2-qt578-1[0m stage [32mfrom-build-pack[0m and container [32mplace-tools[0m
Unable to retrieve container logs for docker://e3321e8d406c49266683e9692970af26a89d1c24e0569c12ebdb6741501d9e07

Showing logs for build [32mentando-k8s-entando-de-app-pr-2-qt578-1[0m stage [32mfrom-build-pack[0m and container [32mstep-git-source-entando-k8s-entando-de-app-pr-2-qt578-rjffh[0m
Unable to retrieve container logs for docker://2469b7d360232c3cb2b6c4928d948d23d4ddadc91866e5796aca6626ef8de541

Showing logs for build [32mentando-k8s-entando-de-app-pr-2-qt578-1[0m stage [32mfrom-build-pack[0m and container [32mstep-setup-builder-home[0m
Unable to retrieve container logs for docker://c4c2b7e441fb1918be237b3e351566474cddf3cb0632ef4167b4c602de18d938

Showing logs for build [32mentando-k8s-entando-de-app-pr-2-qt578-1[0m stage [32mfrom-build-pack[0m and container [32mstep-git-merge[0m
Unable to retrieve container logs for docker://e95169625b7428408f2c6491a7e95314698bff41e10c5a40c1175aa7c04d8146

Showing logs for build [32mentando-k8s-entando-de-app-pr-2-qt578-1[0m stage [32mfrom-build-pack[0m and container [32mstep-build-set-version[0m
Unable to retrieve container logs for docker://97719604e8494e167742171e775ad0187573412b08db376efe18c1dd710df62f

Showing logs for build [32mentando-k8s-entando-de-app-pr-2-qt578-1[0m stage [32mfrom-build-pack[0m and container [32mstep-build-mvn-verify[0m
Unable to retrieve container logs for docker://e8a63d309cd8c3683f87ce1f5f5a772daae9e1ad92ab804add2ec60ae5d74c18

Showing logs for build [32mentando-k8s-entando-de-app-pr-2-qt578-1[0m stage [32mfrom-build-pack[0m and container [32mstep-build-container-build[0m
Unable to retrieve container logs for docker://43e2e817b3480976dc719b9d5948246263ed36c5e834b0352ca5dd7c27f5445c

Showing logs for build [32mentando-k8s-entando-de-app-pr-2-qt578-1[0m stage [32mfrom-build-pack[0m and container [32mstep-postbuild-post-build[0m
Unable to retrieve container logs for docker://3f5373e9b831d87f6aa9f6f59ebbba51c31cc75e98447609df89c693748e8540
