
Showing logs for build [32mentando-k8s-entando-de-app-pr-2-gvlxx-2[0m stage [32mfrom-build-pack[0m and container [32mcredential-initializer[0m
Unable to retrieve container logs for docker://ab4000ea1c5f433a9b731e458d388d0201f6c2f7b01ac227b8a2c65336c70316

Showing logs for build [32mentando-k8s-entando-de-app-pr-2-gvlxx-2[0m stage [32mfrom-build-pack[0m and container [32mworking-dir-initializer[0m
Unable to retrieve container logs for docker://0808a004be71752871f8171f32f94415f8b88f0f344667377a0ce4a2a574e210

Showing logs for build [32mentando-k8s-entando-de-app-pr-2-gvlxx-2[0m stage [32mfrom-build-pack[0m and container [32mplace-tools[0m
Unable to retrieve container logs for docker://1a94ad9232095e10c11601bb19ab3a1f958a8683d959025a0c0c9c9a69cdb34e

Showing logs for build [32mentando-k8s-entando-de-app-pr-2-gvlxx-2[0m stage [32mfrom-build-pack[0m and container [32mstep-git-source-entando-k8s-entando-de-app-pr-2-gvlxx-gf4m7[0m
Unable to retrieve container logs for docker://41c38baa41461d0b7275751656e9b96d88ee3542fb0a574279a1a11fd4d0df3c

Showing logs for build [32mentando-k8s-entando-de-app-pr-2-gvlxx-2[0m stage [32mfrom-build-pack[0m and container [32mstep-setup-builder-home[0m
Unable to retrieve container logs for docker://3d64281caed6637a1fbd94b2c50759051f97e87e0d01de0578ba64fe689dd775

Showing logs for build [32mentando-k8s-entando-de-app-pr-2-gvlxx-2[0m stage [32mfrom-build-pack[0m and container [32mstep-git-merge[0m
Unable to retrieve container logs for docker://54b0f9036a7797030a09ff880faabc2b0a75ead24baef120112637cb3f471f07

Showing logs for build [32mentando-k8s-entando-de-app-pr-2-gvlxx-2[0m stage [32mfrom-build-pack[0m and container [32mstep-build-set-version[0m
Unable to retrieve container logs for docker://93425bb89f03410cd83b7c8975a686215f232efd5e1733409cee82d53496cd50

Showing logs for build [32mentando-k8s-entando-de-app-pr-2-gvlxx-2[0m stage [32mfrom-build-pack[0m and container [32mstep-build-mvn-verify[0m
Unable to retrieve container logs for docker://f80689bb130e161a2a6b2a3b1cac353b0c0cffa9568efb301fac5cbdd77aeb28

Showing logs for build [32mentando-k8s-entando-de-app-pr-2-gvlxx-2[0m stage [32mfrom-build-pack[0m and container [32mstep-build-container-build[0m
Unable to retrieve container logs for docker://a31919d1e58e5c1d6e12b26c15590f6c557143925935ad7776da061f4abace1c

Showing logs for build [32mentando-k8s-entando-de-app-pr-2-gvlxx-2[0m stage [32mfrom-build-pack[0m and container [32mstep-postbuild-post-build[0m
Unable to retrieve container logs for docker://dd83d944b56f636cb0fe75095a713d708f942202493e48206de51578b109e73d
