
Showing logs for build [32mentando-k8s-entando-k8s-databas-f5j25-1[0m stage [32mfrom-build-pack[0m and container [32mcredential-initializer[0m
Unable to retrieve container logs for docker://799105c151534c0b3074805564dc097bfc7c955d67917221c601aa1d2ab68150

Showing logs for build [32mentando-k8s-entando-k8s-databas-f5j25-1[0m stage [32mfrom-build-pack[0m and container [32mworking-dir-initializer[0m
Unable to retrieve container logs for docker://d03b9608f964377bec7105c85ec7d340f3554bd45829167c81b998d83c4bca6e

Showing logs for build [32mentando-k8s-entando-k8s-databas-f5j25-1[0m stage [32mfrom-build-pack[0m and container [32mplace-tools[0m
Unable to retrieve container logs for docker://12a209c70ad4cb2ba8b0695d121969535a945349b9d4d83c8ffc76062190666b

Showing logs for build [32mentando-k8s-entando-k8s-databas-f5j25-1[0m stage [32mfrom-build-pack[0m and container [32mstep-git-source-entando-k8s-entando-k8s-databas-f5j25-zdfb4[0m
Unable to retrieve container logs for docker://6ca45ed0134c306c4c5f5a0a7eab2c0b46db9559b690cd5b36cbc95ee9c4014a

Showing logs for build [32mentando-k8s-entando-k8s-databas-f5j25-1[0m stage [32mfrom-build-pack[0m and container [32mstep-setup-builder-home[0m
Unable to retrieve container logs for docker://322dd8d20e4b614327527ffbac598a7e382c9fd18e9da7648ca5da6945085e3e

Showing logs for build [32mentando-k8s-entando-k8s-databas-f5j25-1[0m stage [32mfrom-build-pack[0m and container [32mstep-git-merge[0m
Unable to retrieve container logs for docker://d2a0190687e9ac6be03085ecef121a497172e160ab72de3d0944c01c3de6a550

Showing logs for build [32mentando-k8s-entando-k8s-databas-f5j25-1[0m stage [32mfrom-build-pack[0m and container [32mstep-build-set-version[0m
Unable to retrieve container logs for docker://3fabca5bf3f79a488915776896d787583cc28982fc4d2d7b0556ce4ddbc4d752

Showing logs for build [32mentando-k8s-entando-k8s-databas-f5j25-1[0m stage [32mfrom-build-pack[0m and container [32mstep-build-fix-git-for-sonar[0m
Unable to retrieve container logs for docker://ea65a457cf194e2db72f7997b5619b24a720cdf043384a4b39b3c8152d290428

Showing logs for build [32mentando-k8s-entando-k8s-databas-f5j25-1[0m stage [32mfrom-build-pack[0m and container [32mstep-build-mvn-verify-pr[0m
Unable to retrieve container logs for docker://b06820002df98816720f4b02830c31228c16084163342c72c6797a0d38c7a641
[31m
Pipeline failed on stage 'from-build-pack' : container 'step-build-mvn-verify-pr'. The execution of the pipeline has stopped.[0m
