
Showing logs for build [32mentando-k8s-entando-k8s-app-plu-nvs9h-1[0m stage [32mfrom-build-pack[0m and container [32mcredential-initializer[0m
Unable to retrieve container logs for docker://81752dfc82108c1572b9645f9aa2e149e1027dc281c5121a00a698021fa18f68

Showing logs for build [32mentando-k8s-entando-k8s-app-plu-nvs9h-1[0m stage [32mfrom-build-pack[0m and container [32mworking-dir-initializer[0m
Unable to retrieve container logs for docker://f0064f941881d5495a9442d64f26ca1ef7f7c049928c422902e573dce062ad0a

Showing logs for build [32mentando-k8s-entando-k8s-app-plu-nvs9h-1[0m stage [32mfrom-build-pack[0m and container [32mplace-tools[0m
Unable to retrieve container logs for docker://f091ca3a793e3e4a4d5da0e75943eb63963339edabf411539d21136032ba0674

Showing logs for build [32mentando-k8s-entando-k8s-app-plu-nvs9h-1[0m stage [32mfrom-build-pack[0m and container [32mstep-git-source-entando-k8s-entando-k8s-app-plu-nvs9h-ltg5j[0m
Unable to retrieve container logs for docker://496ac9e56c248f175dcbe50b2433196ba5d14e1061afaa1248a26f137826d905

Showing logs for build [32mentando-k8s-entando-k8s-app-plu-nvs9h-1[0m stage [32mfrom-build-pack[0m and container [32mstep-setup-builder-home[0m
Unable to retrieve container logs for docker://96119350aba9cb13dd571ec7cba47403585eb7a7bf104c47753ce634f4d8b33d

Showing logs for build [32mentando-k8s-entando-k8s-app-plu-nvs9h-1[0m stage [32mfrom-build-pack[0m and container [32mstep-git-merge[0m
Unable to retrieve container logs for docker://7cd575833d623c0f39c5b1856318695ee3f7d8866f8e961e3649e7ecfcca3430

Showing logs for build [32mentando-k8s-entando-k8s-app-plu-nvs9h-1[0m stage [32mfrom-build-pack[0m and container [32mstep-build-set-version[0m
Unable to retrieve container logs for docker://f2be99fea649c04c1467d720ac00ce7423ec0***ce54714a9634d620fc352173

Showing logs for build [32mentando-k8s-entando-k8s-app-plu-nvs9h-1[0m stage [32mfrom-build-pack[0m and container [32mstep-build-fix-git-for-sonar[0m
Unable to retrieve container logs for docker://7b716865475e1162e08961fa2715f31d01cd99fc0999f42253a62b34fd8c9668

Showing logs for build [32mentando-k8s-entando-k8s-app-plu-nvs9h-1[0m stage [32mfrom-build-pack[0m and container [32mstep-build-mvn-verify-pr[0m
Unable to retrieve container logs for docker://be4e0e5ad9e2bb7be39e9c1eed13622fa3ab5f9ca146697ffc48672b8dda2455

Showing logs for build [32mentando-k8s-entando-k8s-app-plu-nvs9h-1[0m stage [32mfrom-build-pack[0m and container [32mstep-build-container-build[0m
Unable to retrieve container logs for docker://a2427c327caf4a5e1162d7e7cf4a2635d4bbf8e35a2f66544984a3b01bf36f21

Showing logs for build [32mentando-k8s-entando-k8s-app-plu-nvs9h-1[0m stage [32mfrom-build-pack[0m and container [32mstep-postbuild-post-build[0m
Unable to retrieve container logs for docker://5ee9718c6331e7713c42a3c818b25d27d6302c6bdd177a6651e913e3aabe0627

Showing logs for build [32mentando-k8s-entando-k8s-app-plu-nvs9h-1[0m stage [32mfrom-build-pack[0m and container [32mstep-promote-make-preview[0m
Unable to retrieve container logs for docker://49b82bfd2473077d5e9acac4d2330a377ed0e5fb61cf4f2f15ddd2612719e57e

Showing logs for build [32mentando-k8s-entando-k8s-app-plu-nvs9h-1[0m stage [32mfrom-build-pack[0m and container [32mstep-promote-jx-preview[0m
Unable to retrieve container logs for docker://31709ae93ab0e***101fe5ab18d9d418c859050551dc3d6324ae5f7bd9b16d5f

Showing logs for build [32mentando-k8s-entando-k8s-app-plu-nvs9h-1[0m stage [32mfrom-build-pack[0m and container [32mstep-promote-run-post-deployment-tests[0m
Unable to retrieve container logs for docker://5d750fe8bc20501ee2e429daae24780ab97b013583986e37155e26c3b6a72a7b
