
Showing logs for build [32mentando-k8s-entando-k8s-operato-8rsdv-1[0m stage [32mfrom-build-pack[0m and container [32mcredential-initializer[0m
Unable to retrieve container logs for docker://38184edf17e7263a613dfa4027993b6c847a54aefbaa5f186469374603f0985e

Showing logs for build [32mentando-k8s-entando-k8s-operato-8rsdv-1[0m stage [32mfrom-build-pack[0m and container [32mworking-dir-initializer[0m
Unable to retrieve container logs for docker://e9e742d1497ff1789abbd6b658b92c41f419210d6c81625a2321ed6a19090c28

Showing logs for build [32mentando-k8s-entando-k8s-operato-8rsdv-1[0m stage [32mfrom-build-pack[0m and container [32mplace-tools[0m
Unable to retrieve container logs for docker://d9ca4b4e1d4b9c4f62b1c91fd7edc973bfdde5042a0e3477bf4a9e460e096c58

Showing logs for build [32mentando-k8s-entando-k8s-operato-8rsdv-1[0m stage [32mfrom-build-pack[0m and container [32mstep-git-source-entando-k8s-entando-k8s-operato-8rsdv-6qrwj[0m
Unable to retrieve container logs for docker://c7b66adefc111a16e0615db201fd5c0e378c6be15ebb49168d132e18dae6237e

Showing logs for build [32mentando-k8s-entando-k8s-operato-8rsdv-1[0m stage [32mfrom-build-pack[0m and container [32mstep-setup-builder-home[0m
Unable to retrieve container logs for docker://32ee560487c767583e94478125e4713c7fc5e7c7ba034e048815443dee34f43c

Showing logs for build [32mentando-k8s-entando-k8s-operato-8rsdv-1[0m stage [32mfrom-build-pack[0m and container [32mstep-git-merge[0m
Unable to retrieve container logs for docker://c22cbc24f8480101387bf46709be2b3f3ef2b455a88d8f1ee3228824e0167b1c

Showing logs for build [32mentando-k8s-entando-k8s-operato-8rsdv-1[0m stage [32mfrom-build-pack[0m and container [32mstep-build-set-version[0m
Unable to retrieve container logs for docker://d6792a3f924fd862a930d21665be06226ba8775955fee22e4aa36c394fc9db4c

Showing logs for build [32mentando-k8s-entando-k8s-operato-8rsdv-1[0m stage [32mfrom-build-pack[0m and container [32mstep-build-fix-git-for-sonar[0m
Unable to retrieve container logs for docker://c50207c0969fdd1c2003bc71143e527b4a35ff0003c0b768bcd99bcfd4ed454a

Showing logs for build [32mentando-k8s-entando-k8s-operato-8rsdv-1[0m stage [32mfrom-build-pack[0m and container [32mstep-build-mvn-verify-pr[0m
Unable to retrieve container logs for docker://38359a2528c01e0c35d859fbdaa2402752071ef6ec602f2b331cd7befe747504
[31m
Pipeline failed on stage 'from-build-pack' : container 'step-build-mvn-verify-pr'. The execution of the pipeline has stopped.[0m
