
Showing logs for build [32mentando-k8s-entando-de-app-pr-2-5m7kc-1[0m stage [32mfrom-build-pack[0m and container [32mcredential-initializer[0m
Unable to retrieve container logs for docker://092e0cf1310e0632225c1f9b77308a35ad4b708f0caba5037eb2b9a5cee6c29d

Showing logs for build [32mentando-k8s-entando-de-app-pr-2-5m7kc-1[0m stage [32mfrom-build-pack[0m and container [32mworking-dir-initializer[0m
Unable to retrieve container logs for docker://5a77b829e883201d252b7072e765031a74ae340224c94749ad7512ab864ff074

Showing logs for build [32mentando-k8s-entando-de-app-pr-2-5m7kc-1[0m stage [32mfrom-build-pack[0m and container [32mplace-tools[0m
Unable to retrieve container logs for docker://890f4be3ab417e3b7b95c83aebf32232e23d6f6fca51536fced2219e5e195d03

Showing logs for build [32mentando-k8s-entando-de-app-pr-2-5m7kc-1[0m stage [32mfrom-build-pack[0m and container [32mstep-git-source-entando-k8s-entando-de-app-pr-2-5m7kc-bgqs7[0m
Unable to retrieve container logs for docker://64055c93a74ef466da1882e0cfd661762ab7c291fc8e61171951dadba1e0d31d

Showing logs for build [32mentando-k8s-entando-de-app-pr-2-5m7kc-1[0m stage [32mfrom-build-pack[0m and container [32mstep-setup-builder-home[0m
Unable to retrieve container logs for docker://1918***9c8dc7c5fde145c75471c4377b4c31f5b9b34f74999a1e5bd64618c53

Showing logs for build [32mentando-k8s-entando-de-app-pr-2-5m7kc-1[0m stage [32mfrom-build-pack[0m and container [32mstep-git-merge[0m
Unable to retrieve container logs for docker://ce9444137beb9854842656a193e41a4fcb32e3d9c8f507201723fbf52739cd15

Showing logs for build [32mentando-k8s-entando-de-app-pr-2-5m7kc-1[0m stage [32mfrom-build-pack[0m and container [32mstep-build-set-version[0m
Unable to retrieve container logs for docker://108b16f2dca6f061e6eccd6403e883721528f3edeaee7f0f61007fc3348f8a60

Showing logs for build [32mentando-k8s-entando-de-app-pr-2-5m7kc-1[0m stage [32mfrom-build-pack[0m and container [32mstep-build-mvn-verify[0m
Unable to retrieve container logs for docker://049ca21ec62a2908867c96bad89ecf30f7371ea5407eb07c0e0c17bf8452064e

Showing logs for build [32mentando-k8s-entando-de-app-pr-2-5m7kc-1[0m stage [32mfrom-build-pack[0m and container [32mstep-build-container-build[0m
Unable to retrieve container logs for docker://bbf0aa41f471593eaf5d101f3e6de25c9f07ca07abebde5bb9b2963e32d66703

Showing logs for build [32mentando-k8s-entando-de-app-pr-2-5m7kc-1[0m stage [32mfrom-build-pack[0m and container [32mstep-postbuild-post-build[0m
Unable to retrieve container logs for docker://40c46d3f789ed641bd49eb8a354ace63a1865f17d992693947cc7c856f654e79
