
Showing logs for build [32mentando-k8s-entando-k8s-custom-k9j2z-12[0m stage [32mfrom-build-pack[0m and container [32mcredential-initializer[0m
Unable to retrieve container logs for docker://477c8aa0f9fce127ec2554fa80eec22967144c8226dc8b4d4c9ca816d479011b

Showing logs for build [32mentando-k8s-entando-k8s-custom-k9j2z-12[0m stage [32mfrom-build-pack[0m and container [32mworking-dir-initializer[0m
Unable to retrieve container logs for docker://0e4ab6409f011769353237acb47a8f0b0c8ecb04bf34113186f8ecd257b1cc32

Showing logs for build [32mentando-k8s-entando-k8s-custom-k9j2z-12[0m stage [32mfrom-build-pack[0m and container [32mplace-tools[0m
Unable to retrieve container logs for docker://9467cae32edb3e1f84cc51314249a66995a6ddb2c1facf18a236ca12d14f0754

Showing logs for build [32mentando-k8s-entando-k8s-custom-k9j2z-12[0m stage [32mfrom-build-pack[0m and container [32mstep-git-source-entando-k8s-entando-k8s-custom-k9j2z-2mhk4[0m
Unable to retrieve container logs for docker://96ab528cc4b27a33f0e16a24960ca616c66ad89e993abd6cabce08786452a23c

Showing logs for build [32mentando-k8s-entando-k8s-custom-k9j2z-12[0m stage [32mfrom-build-pack[0m and container [32mstep-setup-builder-home[0m
Unable to retrieve container logs for docker://a15d59df7073d357a55b7b45314f0f0a42f790a9f206aa2d29277f0eb369643b

Showing logs for build [32mentando-k8s-entando-k8s-custom-k9j2z-12[0m stage [32mfrom-build-pack[0m and container [32mstep-git-merge[0m
Unable to retrieve container logs for docker://51d692494821df31ae03a6a6f13fe87e7dc1867b49b5d530debf805d31bc967f

Showing logs for build [32mentando-k8s-entando-k8s-custom-k9j2z-12[0m stage [32mfrom-build-pack[0m and container [32mstep-setup-jx-git-credentials[0m
Unable to retrieve container logs for docker://efd1094ce097581d54ca471b2136a163ef7d53e89a8b4614239eeacb3b669735

Showing logs for build [32mentando-k8s-entando-k8s-custom-k9j2z-12[0m stage [32mfrom-build-pack[0m and container [32mstep-build-fetch-history-for-sonar[0m
Unable to retrieve container logs for docker://eecd0fd1d25f7c30d166cd31ec2a8c67abc191580ea45f4a4c9704d0fd591806

Showing logs for build [32mentando-k8s-entando-k8s-custom-k9j2z-12[0m stage [32mfrom-build-pack[0m and container [32mstep-build-mvn-deploy-release[0m
Unable to retrieve container logs for docker://d50bb122c371fb38180b08d5dfe2b502109e1d7fc9801daf0adec9f62a4430cd

Showing logs for build [32mentando-k8s-entando-k8s-custom-k9j2z-12[0m stage [32mfrom-build-pack[0m and container [32mstep-promote-changelog[0m
Unable to retrieve container logs for docker://5dae3dba5b6278244a15ba7e1a29aa5422ebfc0589dca87c77e95472834eb96c
