
Showing logs for build [32mentando-k8s-entando-k8s-custom-27zcz-13[0m stage [32mfrom-build-pack[0m and container [32mcredential-initializer[0m
Unable to retrieve container logs for docker://4cb3d0fe25f00e2b356b9d928cf53832603966bcc1a3de049f2f3a38292ff97d

Showing logs for build [32mentando-k8s-entando-k8s-custom-27zcz-13[0m stage [32mfrom-build-pack[0m and container [32mworking-dir-initializer[0m
Unable to retrieve container logs for docker://90a2fbb49b72173b0988ce290e0370295dca5d8461da767eae9ed0c3f9d9da17

Showing logs for build [32mentando-k8s-entando-k8s-custom-27zcz-13[0m stage [32mfrom-build-pack[0m and container [32mplace-tools[0m
Unable to retrieve container logs for docker://d36be81a6a62d4738a91c487c1acc228235aa95166310b0791f18e6bf0efbb4b

Showing logs for build [32mentando-k8s-entando-k8s-custom-27zcz-13[0m stage [32mfrom-build-pack[0m and container [32mstep-git-source-entando-k8s-entando-k8s-custom-27zcz-2j96q[0m
Unable to retrieve container logs for docker://c6c2b352dcb8e407da857df3616cee03b6883ff386303d538a46636d00da0b74

Showing logs for build [32mentando-k8s-entando-k8s-custom-27zcz-13[0m stage [32mfrom-build-pack[0m and container [32mstep-setup-builder-home[0m
Unable to retrieve container logs for docker://4cacae0463939e657f17d8a7bf23c07f63cd3e2a7d799865b7e459048f6fc411

Showing logs for build [32mentando-k8s-entando-k8s-custom-27zcz-13[0m stage [32mfrom-build-pack[0m and container [32mstep-git-merge[0m
Unable to retrieve container logs for docker://75c6e5e26ef946736d109e745df***02bfd6a618daf79c17644874eb3901c045

Showing logs for build [32mentando-k8s-entando-k8s-custom-27zcz-13[0m stage [32mfrom-build-pack[0m and container [32mstep-setup-jx-git-credentials[0m
Unable to retrieve container logs for docker://c8aa4940a65ca7e3f56f6be5c3aa0dfdbdd4f31567f30ca9a00e374bce9a4977

Showing logs for build [32mentando-k8s-entando-k8s-custom-27zcz-13[0m stage [32mfrom-build-pack[0m and container [32mstep-build-fetch-history-for-sonar[0m
Unable to retrieve container logs for docker://44cb0dd79360984b7f9e867eae1aec7800dfa0dc4aaa2257ba3ba7d2b52fd61f

Showing logs for build [32mentando-k8s-entando-k8s-custom-27zcz-13[0m stage [32mfrom-build-pack[0m and container [32mstep-build-mvn-deploy-release[0m
Unable to retrieve container logs for docker://0577623ecff4492750f9519f22ea3d7e9572db440853f24beb4b1a0da095d655

Showing logs for build [32mentando-k8s-entando-k8s-custom-27zcz-13[0m stage [32mfrom-build-pack[0m and container [32mstep-promote-changelog[0m
Unable to retrieve container logs for docker://2fad1648aeaf537e12a9eabc85021f730c454580b91a0b49c4b88ed1d1f1f11c
