
Showing logs for build [32mentando-k8s-entando-k8s-custom-tp2jv-15[0m stage [32mfrom-build-pack[0m and container [32mcredential-initializer[0m
Unable to retrieve container logs for docker://***b4ecaca6a29555bf0aea345b17a7239dcf1895eaeea3a2f8311770fa6f076

Showing logs for build [32mentando-k8s-entando-k8s-custom-tp2jv-15[0m stage [32mfrom-build-pack[0m and container [32mworking-dir-initializer[0m
Unable to retrieve container logs for docker://1d64ca5a1c8ae823644b0f9e6adb200a00ec8b56746ecc7b629a8428c7e96b6d

Showing logs for build [32mentando-k8s-entando-k8s-custom-tp2jv-15[0m stage [32mfrom-build-pack[0m and container [32mplace-tools[0m
Unable to retrieve container logs for docker://3b09f787c5718d1a63a5befc2f8cbd7644caa470cb0e474b2b17f4008785a879

Showing logs for build [32mentando-k8s-entando-k8s-custom-tp2jv-15[0m stage [32mfrom-build-pack[0m and container [32mstep-git-source-entando-k8s-entando-k8s-custom-tp2jv-vh479[0m
Unable to retrieve container logs for docker://4fcb9d2a0c99556f07a1a588194f65397a446e03dbd1864fcfa717b50d6d383d

Showing logs for build [32mentando-k8s-entando-k8s-custom-tp2jv-15[0m stage [32mfrom-build-pack[0m and container [32mstep-setup-builder-home[0m
Unable to retrieve container logs for docker://68509950bdef40686968f092d977066abc959818d43343337353298914640b65

Showing logs for build [32mentando-k8s-entando-k8s-custom-tp2jv-15[0m stage [32mfrom-build-pack[0m and container [32mstep-git-merge[0m
Unable to retrieve container logs for docker://d17a802bbbf33451c7054779a0be927d321f92ed000e7e43aa3a09b6fe52223c

Showing logs for build [32mentando-k8s-entando-k8s-custom-tp2jv-15[0m stage [32mfrom-build-pack[0m and container [32mstep-setup-jx-git-credentials[0m
Unable to retrieve container logs for docker://26a765c30f112061d85364af20cfb7673aed57a418bc68667371b9741b3f1872

Showing logs for build [32mentando-k8s-entando-k8s-custom-tp2jv-15[0m stage [32mfrom-build-pack[0m and container [32mstep-build-fetch-history-for-sonar[0m
Unable to retrieve container logs for docker://d4d382b99aa0ba6a439e6613cbc94f7feef95eb7718dda603333acfb77cc8549

Showing logs for build [32mentando-k8s-entando-k8s-custom-tp2jv-15[0m stage [32mfrom-build-pack[0m and container [32mstep-build-mvn-deploy-release[0m
Unable to retrieve container logs for docker://41fc2a674c7fce5c938e541a491c9171deeab55900f2647508783242f2a51d5f

Showing logs for build [32mentando-k8s-entando-k8s-custom-tp2jv-15[0m stage [32mfrom-build-pack[0m and container [32mstep-promote-changelog[0m
Unable to retrieve container logs for docker://480df69d65488d54d6c92280c7c99e52002db59c5424e32fc26903471bb6ea0c
