
Showing logs for build [32mentando-k8s-entando-k8s-custom-w6qcf-16[0m stage [32mfrom-build-pack[0m and container [32mcredential-initializer[0m
Unable to retrieve container logs for docker://8006dcc90091751bd76748d9ea84bf6fe3562464b504472fd513cac244cc75a9

Showing logs for build [32mentando-k8s-entando-k8s-custom-w6qcf-16[0m stage [32mfrom-build-pack[0m and container [32mworking-dir-initializer[0m
Unable to retrieve container logs for docker://e3aa10f0d61a3d1cb13e0cd6c7233c32c0d82d477b5ed0450ecc380c993e3672

Showing logs for build [32mentando-k8s-entando-k8s-custom-w6qcf-16[0m stage [32mfrom-build-pack[0m and container [32mplace-tools[0m
Unable to retrieve container logs for docker://dbe1dd14aa7f2d4b89f151881139600c26e8a696bd2f2a6da600b7adb055ab1b

Showing logs for build [32mentando-k8s-entando-k8s-custom-w6qcf-16[0m stage [32mfrom-build-pack[0m and container [32mstep-git-source-entando-k8s-entando-k8s-custom-w6qcf-jdsll[0m
Unable to retrieve container logs for docker://d7b5f6170ee3581d01694b0eee58ae41910d99bb2e9a5a30338ee72e7367696a

Showing logs for build [32mentando-k8s-entando-k8s-custom-w6qcf-16[0m stage [32mfrom-build-pack[0m and container [32mstep-setup-builder-home[0m
Unable to retrieve container logs for docker://dca5cb7a0033ec5374533f2cd4baaf6964f245af40fae036f75fb56d51092b44

Showing logs for build [32mentando-k8s-entando-k8s-custom-w6qcf-16[0m stage [32mfrom-build-pack[0m and container [32mstep-git-merge[0m
Unable to retrieve container logs for docker://dc6e6fb9fafed528374747bc54b4bd2679c1c4262d94a1384ab9efc777ce7b7e

Showing logs for build [32mentando-k8s-entando-k8s-custom-w6qcf-16[0m stage [32mfrom-build-pack[0m and container [32mstep-setup-jx-git-credentials[0m
Unable to retrieve container logs for docker://fb5357f689376440bffd49616d6545167130c61cd3205d544863329a8cfb1752

Showing logs for build [32mentando-k8s-entando-k8s-custom-w6qcf-16[0m stage [32mfrom-build-pack[0m and container [32mstep-build-fetch-history-for-sonar[0m
Unable to retrieve container logs for docker://44970254f1a47f1d7f9d9efe81051a033f24746ee956d11291589d9d68156b61

Showing logs for build [32mentando-k8s-entando-k8s-custom-w6qcf-16[0m stage [32mfrom-build-pack[0m and container [32mstep-build-mvn-deploy-release[0m
Unable to retrieve container logs for docker://f72f3729a61ec03618e0b1c9e9d1013da8d68ed2b920c90c39879fee4c823f5b

Showing logs for build [32mentando-k8s-entando-k8s-custom-w6qcf-16[0m stage [32mfrom-build-pack[0m and container [32mstep-promote-changelog[0m
Unable to retrieve container logs for docker://12ac0357a2bb995bcf580f7ac93b7e1cd096191c0d148e2c13c47a649b197a61
