
Showing logs for build [32mentando-k8s-entando-k8s-custom-k8q8s-21[0m stage [32mfrom-build-pack[0m and container [32mcredential-initializer[0m
Unable to retrieve container logs for docker://e9793b3610819944b6cd00dd8606210fb8854abfb6008d01dd7d57d3f970a166

Showing logs for build [32mentando-k8s-entando-k8s-custom-k8q8s-21[0m stage [32mfrom-build-pack[0m and container [32mworking-dir-initializer[0m
Unable to retrieve container logs for docker://69a8288ffc017f63f453a69c66568775ff6f5b7c38ad946e8138f2c988335e1e

Showing logs for build [32mentando-k8s-entando-k8s-custom-k8q8s-21[0m stage [32mfrom-build-pack[0m and container [32mplace-tools[0m
Unable to retrieve container logs for docker://72fa1879816e652945db4f704b59cc235872ace86d726d38247b3ed1defd5068

Showing logs for build [32mentando-k8s-entando-k8s-custom-k8q8s-21[0m stage [32mfrom-build-pack[0m and container [32mstep-git-source-entando-k8s-entando-k8s-custom-k8q8s-zt8d6[0m
Unable to retrieve container logs for docker://c551f2893e618a64d8573d81d6ff2a6665cf5a5bea25da77e8ea536ba7201341

Showing logs for build [32mentando-k8s-entando-k8s-custom-k8q8s-21[0m stage [32mfrom-build-pack[0m and container [32mstep-setup-builder-home[0m
Unable to retrieve container logs for docker://b747374e90775d07f2dbaf89cc235a59fac4d974a730f5667f6c8e658e65c54a

Showing logs for build [32mentando-k8s-entando-k8s-custom-k8q8s-21[0m stage [32mfrom-build-pack[0m and container [32mstep-git-merge[0m
Unable to retrieve container logs for docker://ec5ad4c59ed2c50b614caab24d22d61ca9ea52fbbb84482df0bce05244c8ae3e

Showing logs for build [32mentando-k8s-entando-k8s-custom-k8q8s-21[0m stage [32mfrom-build-pack[0m and container [32mstep-setup-jx-git-credentials[0m
Unable to retrieve container logs for docker://b97b2db1864d7a667f403bf157d3ef1e60d7e4c70eeb1b194629599608709338

Showing logs for build [32mentando-k8s-entando-k8s-custom-k8q8s-21[0m stage [32mfrom-build-pack[0m and container [32mstep-build-fetch-history-for-sonar[0m
Unable to retrieve container logs for docker://247a6dfe671ab74abbefa666e9eb61496cdd731c9d90d761fa6da7650ed7a75d

Showing logs for build [32mentando-k8s-entando-k8s-custom-k8q8s-21[0m stage [32mfrom-build-pack[0m and container [32mstep-build-mvn-deploy-release[0m
Unable to retrieve container logs for docker://df28989aaf12a740185ee0cfe1c003556b6b227797a1544c04334d191da4c81d

Showing logs for build [32mentando-k8s-entando-k8s-custom-k8q8s-21[0m stage [32mfrom-build-pack[0m and container [32mstep-promote-changelog[0m
Unable to retrieve container logs for docker://7f98a48637fab20918aacd9e1118170ed0bc2c69860cf246a4cc58c1c48d2419
