
Showing logs for build [32mentando-k8s-entando-k8s-custom-z46w7-22[0m stage [32mfrom-build-pack[0m and container [32mcredential-initializer[0m
Unable to retrieve container logs for docker://1d46764a56186506000771d1b0414148702424418cd1f1157f85b54b7dca0c56

Showing logs for build [32mentando-k8s-entando-k8s-custom-z46w7-22[0m stage [32mfrom-build-pack[0m and container [32mworking-dir-initializer[0m
Unable to retrieve container logs for docker://c15d378843d4874fa4261459f005eb144b90b92e53439469a81b5c8da51fa379

Showing logs for build [32mentando-k8s-entando-k8s-custom-z46w7-22[0m stage [32mfrom-build-pack[0m and container [32mplace-tools[0m
Unable to retrieve container logs for docker://20e09a654b85f760cbc22304757ff07d5768dc77ee6b7f088b8187384362851a

Showing logs for build [32mentando-k8s-entando-k8s-custom-z46w7-22[0m stage [32mfrom-build-pack[0m and container [32mstep-git-source-entando-k8s-entando-k8s-custom-z46w7-tz8xw[0m
Unable to retrieve container logs for docker://a498687d1f491033fc9f60aa3766243dbf532001870f9c16741cb8aaff2e394e

Showing logs for build [32mentando-k8s-entando-k8s-custom-z46w7-22[0m stage [32mfrom-build-pack[0m and container [32mstep-setup-builder-home[0m
Unable to retrieve container logs for docker://71bacf557c616866d0adab025293db47f3e0beac05599911baea628455191738

Showing logs for build [32mentando-k8s-entando-k8s-custom-z46w7-22[0m stage [32mfrom-build-pack[0m and container [32mstep-git-merge[0m
Unable to retrieve container logs for docker://013e48bc6cd2577ef7ec95c46ee7b34bfaaebb3a9407896d953845fe53551e73

Showing logs for build [32mentando-k8s-entando-k8s-custom-z46w7-22[0m stage [32mfrom-build-pack[0m and container [32mstep-setup-jx-git-credentials[0m
Unable to retrieve container logs for docker://7b2a341eaf76366ab03d33e05fe4e61bdd238ca7bd3eb66d0d998700eb049d65

Showing logs for build [32mentando-k8s-entando-k8s-custom-z46w7-22[0m stage [32mfrom-build-pack[0m and container [32mstep-build-fetch-history-for-sonar[0m
Unable to retrieve container logs for docker://62c4e90dda16ef64dd1197ae071f006908151d652a14a149000d2bfd2b237b56

Showing logs for build [32mentando-k8s-entando-k8s-custom-z46w7-22[0m stage [32mfrom-build-pack[0m and container [32mstep-build-mvn-deploy-release[0m
Unable to retrieve container logs for docker://1a49990d78800f4d3ec1f96aabb2c4374bd787331977a155a56e14b7a342c32c

Showing logs for build [32mentando-k8s-entando-k8s-custom-z46w7-22[0m stage [32mfrom-build-pack[0m and container [32mstep-promote-changelog[0m
Unable to retrieve container logs for docker://3d25ed133e948e39845403db08f54371e3b70ec31ef2aa385ba40128f0e81c1a
