
Showing logs for build [32mentando-k8s-entando-k8s-control-qnrl7-1[0m stage [32mfrom-build-pack[0m and container [32mcredential-initializer[0m
Unable to retrieve container logs for docker://922654590d9ae918ed8e8cb0036de503d93c64b2af41be073b8862a62eebb57a

Showing logs for build [32mentando-k8s-entando-k8s-control-qnrl7-1[0m stage [32mfrom-build-pack[0m and container [32mworking-dir-initializer[0m
Unable to retrieve container logs for docker://61fb48b37f399525f7725be7a23d4d66449560df816df91c68be56ad1d928056

Showing logs for build [32mentando-k8s-entando-k8s-control-qnrl7-1[0m stage [32mfrom-build-pack[0m and container [32mplace-tools[0m
Unable to retrieve container logs for docker://44a4ddbef8b37e2233c172d07d5a5f0802446cf67c5df421ac1b86a2c52c1b36

Showing logs for build [32mentando-k8s-entando-k8s-control-qnrl7-1[0m stage [32mfrom-build-pack[0m and container [32mstep-git-source-entando-k8s-entando-k8s-control-qnrl7-hcngx[0m
Unable to retrieve container logs for docker://9f7eddf5cb350868e97ede378d191512595ac612e5d8d01aab4832d7c077be6c

Showing logs for build [32mentando-k8s-entando-k8s-control-qnrl7-1[0m stage [32mfrom-build-pack[0m and container [32mstep-setup-builder-home[0m
Unable to retrieve container logs for docker://5adb9393d6aeb015a60c0442dfd5a359a4ae79a21967e64e54519044254ea30c

Showing logs for build [32mentando-k8s-entando-k8s-control-qnrl7-1[0m stage [32mfrom-build-pack[0m and container [32mstep-git-merge[0m
Unable to retrieve container logs for docker://a146cac210443d26333bbeeab62a534173f258d4e73dc175672221278bc97f22

Showing logs for build [32mentando-k8s-entando-k8s-control-qnrl7-1[0m stage [32mfrom-build-pack[0m and container [32mstep-build-set-version[0m
Unable to retrieve container logs for docker://b6253a81eb***526b50a4adb652d7b597ae37241178220202a4de57df5d77617

Showing logs for build [32mentando-k8s-entando-k8s-control-qnrl7-1[0m stage [32mfrom-build-pack[0m and container [32mstep-build-fix-git-for-sonar[0m
Unable to retrieve container logs for docker://b12a844054c4f17ab7a26532d656ef3e397caad3ebf8fd585cda96ad035a3979

Showing logs for build [32mentando-k8s-entando-k8s-control-qnrl7-1[0m stage [32mfrom-build-pack[0m and container [32mstep-build-mvn-verify-pr[0m
Unable to retrieve container logs for docker://c4e57db1cc24b475831db81e2a8d347a60bf6c4d45ce500627fa7a535aa0ad0b
[31m
Pipeline failed on stage 'from-build-pack' : container 'step-build-mvn-verify-pr'. The execution of the pipeline has stopped.[0m
