
Showing logs for build [32mentando-k8s-entando-k8s-control-78jpk-2[0m stage [32mfrom-build-pack[0m and container [32mcredential-initializer[0m
Unable to retrieve container logs for docker://22d5feafe9998d4ed53c9e43ba5e970db757ce9e552bb85f0bc9e5f4f69dfb7f

Showing logs for build [32mentando-k8s-entando-k8s-control-78jpk-2[0m stage [32mfrom-build-pack[0m and container [32mworking-dir-initializer[0m
Unable to retrieve container logs for docker://609da18e697de72786ce11672e0ddd1a4b43a92ff823fe2a215179c40dbf2748

Showing logs for build [32mentando-k8s-entando-k8s-control-78jpk-2[0m stage [32mfrom-build-pack[0m and container [32mplace-tools[0m
Unable to retrieve container logs for docker://08148fb24d08ab788babc73dd25b1606aa8399777a52fe57f068e268aa372b7f

Showing logs for build [32mentando-k8s-entando-k8s-control-78jpk-2[0m stage [32mfrom-build-pack[0m and container [32mstep-git-source-entando-k8s-entando-k8s-control-78jpk-cv7qs[0m
Unable to retrieve container logs for docker://8a4d1401137a2d5d5e084913a62d6e7a3364f388bfbe6310af4714da6c4b8861

Showing logs for build [32mentando-k8s-entando-k8s-control-78jpk-2[0m stage [32mfrom-build-pack[0m and container [32mstep-setup-builder-home[0m
Unable to retrieve container logs for docker://8cd0a7f096e4552790e762638e2c8b01f706fdbcca502e5c2871654f9ee3d618

Showing logs for build [32mentando-k8s-entando-k8s-control-78jpk-2[0m stage [32mfrom-build-pack[0m and container [32mstep-git-merge[0m
Unable to retrieve container logs for docker://2ef6a764af85f70d686498614c67a31bedd525e47b17ce118d12a1c954e8d150

Showing logs for build [32mentando-k8s-entando-k8s-control-78jpk-2[0m stage [32mfrom-build-pack[0m and container [32mstep-build-set-version[0m
Unable to retrieve container logs for docker://8d4d45000f6ebe0f691a3ce2fc40e218c7c098f130c30f0af3f454e91051e477

Showing logs for build [32mentando-k8s-entando-k8s-control-78jpk-2[0m stage [32mfrom-build-pack[0m and container [32mstep-build-fix-git-for-sonar[0m
Unable to retrieve container logs for docker://a09cea56a553ea03af327c99884dbe739da02c1fceb7cc128f2745037e91364f

Showing logs for build [32mentando-k8s-entando-k8s-control-78jpk-2[0m stage [32mfrom-build-pack[0m and container [32mstep-build-mvn-verify-pr[0m
Unable to retrieve container logs for docker://0b99fe7fad270d2ee36a0d734a87e90ae63bf9f8aae6782fb4f758a60aefa028
[31m
Pipeline failed on stage 'from-build-pack' : container 'step-build-mvn-verify-pr'. The execution of the pipeline has stopped.[0m
