
Showing logs for build [32mentando-k8s-entando-k8s-control-gczpd-3[0m stage [32mfrom-build-pack[0m and container [32mcredential-initializer[0m
Unable to retrieve container logs for docker://dda1f062fcb6d33d9f1abda9698b5267084aa773f8b35b332c879bdbf8b5a526

Showing logs for build [32mentando-k8s-entando-k8s-control-gczpd-3[0m stage [32mfrom-build-pack[0m and container [32mworking-dir-initializer[0m
Unable to retrieve container logs for docker://e1f61a89d6ce2d7f8495803e2268ac4ea1bfce3b7950931625bbad78cd248860

Showing logs for build [32mentando-k8s-entando-k8s-control-gczpd-3[0m stage [32mfrom-build-pack[0m and container [32mplace-tools[0m
Unable to retrieve container logs for docker://a9391afb08172a03933a41d39476046c94ba4d85d0b5dd6de8fe7fa553469178

Showing logs for build [32mentando-k8s-entando-k8s-control-gczpd-3[0m stage [32mfrom-build-pack[0m and container [32mstep-git-source-entando-k8s-entando-k8s-control-gczpd-2tv26[0m
Unable to retrieve container logs for docker://ba6b4e5384614c3422cb27cba8c8392b09492c6d8be11e635af55570e3f7a56d

Showing logs for build [32mentando-k8s-entando-k8s-control-gczpd-3[0m stage [32mfrom-build-pack[0m and container [32mstep-setup-builder-home[0m
Unable to retrieve container logs for docker://0736dfff8e8fba105111b0881eb6b170bc259fe56d68a11cc99af1a1e9489d20

Showing logs for build [32mentando-k8s-entando-k8s-control-gczpd-3[0m stage [32mfrom-build-pack[0m and container [32mstep-git-merge[0m
Unable to retrieve container logs for docker://fb006***c18f7a11e353af4f29d2a345cf7282fa42774f5847ebb604274d6503

Showing logs for build [32mentando-k8s-entando-k8s-control-gczpd-3[0m stage [32mfrom-build-pack[0m and container [32mstep-build-set-version[0m
Unable to retrieve container logs for docker://c653436f7860363eb9e3c754a8e1907e214238a50c99d93e429af3dc42806563

Showing logs for build [32mentando-k8s-entando-k8s-control-gczpd-3[0m stage [32mfrom-build-pack[0m and container [32mstep-build-fix-git-for-sonar[0m
Unable to retrieve container logs for docker://54b2e939928dc101ec664512d0e2336c3a3e9ab96cee520c290cc0438e27b459

Showing logs for build [32mentando-k8s-entando-k8s-control-gczpd-3[0m stage [32mfrom-build-pack[0m and container [32mstep-build-mvn-verify-pr[0m
Unable to retrieve container logs for docker://8a643e61dfd4a607b99f3dd397a98251ab6ae74868e9045297a1cf8d53401e4f
[31m
Pipeline failed on stage 'from-build-pack' : container 'step-build-mvn-verify-pr'. The execution of the pipeline has stopped.[0m
