
Showing logs for build [32mentando-k8s-entando-k8s-control-jztzh-4[0m stage [32mfrom-build-pack[0m and container [32mcredential-initializer[0m
Unable to retrieve container logs for docker://3de856aa2c305c3d0ea7ed9ccfe0c76563b5db260a175a63e15a1628b48d283f

Showing logs for build [32mentando-k8s-entando-k8s-control-jztzh-4[0m stage [32mfrom-build-pack[0m and container [32mworking-dir-initializer[0m
Unable to retrieve container logs for docker://b0d5537a9806906801156a741227f82a1a9dc0351e3257453bcf0340d29a4826

Showing logs for build [32mentando-k8s-entando-k8s-control-jztzh-4[0m stage [32mfrom-build-pack[0m and container [32mplace-tools[0m
Unable to retrieve container logs for docker://185b097c1b9fba43ea26ce381e000f2854efab5b314f95467813e48f4a9fdc4a

Showing logs for build [32mentando-k8s-entando-k8s-control-jztzh-4[0m stage [32mfrom-build-pack[0m and container [32mstep-git-source-entando-k8s-entando-k8s-control-jztzh-bvj7x[0m
Unable to retrieve container logs for docker://de792960c3afbc236307b866c1a8f375516500a9ec74977cd8077a99ad9b065f

Showing logs for build [32mentando-k8s-entando-k8s-control-jztzh-4[0m stage [32mfrom-build-pack[0m and container [32mstep-setup-builder-home[0m
Unable to retrieve container logs for docker://7bb2feffb644420cfd66431576478924f1d3794ed113a3158054a4455eccbc67

Showing logs for build [32mentando-k8s-entando-k8s-control-jztzh-4[0m stage [32mfrom-build-pack[0m and container [32mstep-git-merge[0m
Unable to retrieve container logs for docker://f98658d1d564750cbc57ca30ad57ec1d18e399360cfed61cb415533a478a0758

Showing logs for build [32mentando-k8s-entando-k8s-control-jztzh-4[0m stage [32mfrom-build-pack[0m and container [32mstep-build-set-version[0m
Unable to retrieve container logs for docker://30a7f7fceac89d7f60e819ccb3ecb2330e3389e785f2490ad58742d62ae6026c

Showing logs for build [32mentando-k8s-entando-k8s-control-jztzh-4[0m stage [32mfrom-build-pack[0m and container [32mstep-build-fix-git-for-sonar[0m
Unable to retrieve container logs for docker://f6ef3d03be419138e4fbc727e5718b6ea2df5fef5ad13475f3a30a4e3627b50f

Showing logs for build [32mentando-k8s-entando-k8s-control-jztzh-4[0m stage [32mfrom-build-pack[0m and container [32mstep-build-mvn-verify-pr[0m
Unable to retrieve container logs for docker://30dc684401a2837c32f8b8a30bb6d6197b48c77f50324a7330781979b5f10932
[31m
Pipeline failed on stage 'from-build-pack' : container 'step-build-mvn-verify-pr'. The execution of the pipeline has stopped.[0m
