
Showing logs for build [32mentando-k8s-entando-k8s-control-fpngx-6[0m stage [32mfrom-build-pack[0m and container [32mcredential-initializer[0m
Unable to retrieve container logs for docker://b9d1c2508062e344fc7ca51cb79f682940532ffc2ae05ad16d8d68f16a510260

Showing logs for build [32mentando-k8s-entando-k8s-control-fpngx-6[0m stage [32mfrom-build-pack[0m and container [32mworking-dir-initializer[0m
Unable to retrieve container logs for docker://e869d1a5a4e2cd6d0a6b89a9225ba91ffe07ce81e13e3171442ad615e179ff51

Showing logs for build [32mentando-k8s-entando-k8s-control-fpngx-6[0m stage [32mfrom-build-pack[0m and container [32mplace-tools[0m
Unable to retrieve container logs for docker://6a8056a025c1a1104ab94bcbaa5b0e5b3a13256002746311ec506e17ab3a8a4d

Showing logs for build [32mentando-k8s-entando-k8s-control-fpngx-6[0m stage [32mfrom-build-pack[0m and container [32mstep-git-source-entando-k8s-entando-k8s-control-fpngx-v25jm[0m
Unable to retrieve container logs for docker://c9d42ddec79f771d43595667c6c8a52255affeb1a8c94f6d99d54482324d7549

Showing logs for build [32mentando-k8s-entando-k8s-control-fpngx-6[0m stage [32mfrom-build-pack[0m and container [32mstep-setup-builder-home[0m
Unable to retrieve container logs for docker://fceec066985be138204a391a1824d0485a98e69d7a2df21d9206eef86a42a708

Showing logs for build [32mentando-k8s-entando-k8s-control-fpngx-6[0m stage [32mfrom-build-pack[0m and container [32mstep-git-merge[0m
Unable to retrieve container logs for docker://2de3df7867225d78c7103320591ac75efdeb3e0774761b08c3808c798803251d

Showing logs for build [32mentando-k8s-entando-k8s-control-fpngx-6[0m stage [32mfrom-build-pack[0m and container [32mstep-build-set-version[0m
Unable to retrieve container logs for docker://e2e711f1a23b18781373600d0302ef187538af45fc657551cc8d6729ce715f65

Showing logs for build [32mentando-k8s-entando-k8s-control-fpngx-6[0m stage [32mfrom-build-pack[0m and container [32mstep-build-fix-git-for-sonar[0m
Unable to retrieve container logs for docker://9cd772abc8fadd7ffbf2517ba1e7eb3404af2e5173b4026061d32ad67aed3b02

Showing logs for build [32mentando-k8s-entando-k8s-control-fpngx-6[0m stage [32mfrom-build-pack[0m and container [32mstep-build-mvn-verify-pr[0m
Unable to retrieve container logs for docker://bc1da3c825c5a73e49692efd3d60ab1e88dc6673f3ba7e07ebb09edc14e58c68
[31m
Pipeline failed on stage 'from-build-pack' : container 'step-build-mvn-verify-pr'. The execution of the pipeline has stopped.[0m
