
Showing logs for build [32mentando-k8s-entando-de-app-pr-2-w5nlb-1[0m stage [32mfrom-build-pack[0m and container [32mcredential-initializer[0m
Unable to retrieve container logs for docker://2bc92941f8bd895f3a3114685ed6f74a7fd5d09e0efed67545f6cf013f2d937a

Showing logs for build [32mentando-k8s-entando-de-app-pr-2-w5nlb-1[0m stage [32mfrom-build-pack[0m and container [32mworking-dir-initializer[0m
Unable to retrieve container logs for docker://bd93387b5c712068f054dc4009c072358f061a68610e89249301bdce258c6e6f

Showing logs for build [32mentando-k8s-entando-de-app-pr-2-w5nlb-1[0m stage [32mfrom-build-pack[0m and container [32mplace-tools[0m
Unable to retrieve container logs for docker://eb049c043a07660a5ff4ad0b4019bf5485650cb4502104798d51659cf985d173

Showing logs for build [32mentando-k8s-entando-de-app-pr-2-w5nlb-1[0m stage [32mfrom-build-pack[0m and container [32mstep-git-source-entando-k8s-entando-de-app-pr-2-w5nlb-z9k6l[0m
Unable to retrieve container logs for docker://e8cb1e49e5de2d7e0500545b5f798b44cf8b04c65ffb9c781009d0819c743816

Showing logs for build [32mentando-k8s-entando-de-app-pr-2-w5nlb-1[0m stage [32mfrom-build-pack[0m and container [32mstep-setup-builder-home[0m
Unable to retrieve container logs for docker://99b7016be0cdeb1b795f2f252f91323d5d130e503d61ee74d8d2e08ff20d1d71

Showing logs for build [32mentando-k8s-entando-de-app-pr-2-w5nlb-1[0m stage [32mfrom-build-pack[0m and container [32mstep-git-merge[0m
Unable to retrieve container logs for docker://7306d505d60883459c5d67e6850c962019af1da951b5a27dcbc158dbfac4680f

Showing logs for build [32mentando-k8s-entando-de-app-pr-2-w5nlb-1[0m stage [32mfrom-build-pack[0m and container [32mstep-build-set-version[0m
Unable to retrieve container logs for docker://771e58bb3c11f178cdf77f74976ccf39a6811d754a70b4637f501095c3f6de27

Showing logs for build [32mentando-k8s-entando-de-app-pr-2-w5nlb-1[0m stage [32mfrom-build-pack[0m and container [32mstep-build-mvn-verify[0m
Unable to retrieve container logs for docker://4cdcf29898b5da492afb0df9aa7d9a749999551e65d8d665456e77811e90751b

Showing logs for build [32mentando-k8s-entando-de-app-pr-2-w5nlb-1[0m stage [32mfrom-build-pack[0m and container [32mstep-build-container-build[0m
Unable to retrieve container logs for docker://f58f6da43ade9577db3c2fc362cd326825776513e10b26144bace4397a01cb64

Showing logs for build [32mentando-k8s-entando-de-app-pr-2-w5nlb-1[0m stage [32mfrom-build-pack[0m and container [32mstep-postbuild-post-build[0m
Unable to retrieve container logs for docker://e899405d8d87c81f3759c52bfbdd0a7441d38daa08bb5a20207b821b62554b51
