
Showing logs for build [32mentando-k8s-entando-k8s-dbjob-p-tx7qt-1[0m stage [32mfrom-build-pack[0m and container [32mcredential-initializer[0m
Unable to retrieve container logs for docker://b07702b2e2dbac71ead243c477967d016505ac926255d761dff7beae7f69e60f

Showing logs for build [32mentando-k8s-entando-k8s-dbjob-p-tx7qt-1[0m stage [32mfrom-build-pack[0m and container [32mworking-dir-initializer[0m
Unable to retrieve container logs for docker://09e0a99ca0eedc1c88ba3d65aa40bf41d0091b48ffafc608f0e09f888a21df41

Showing logs for build [32mentando-k8s-entando-k8s-dbjob-p-tx7qt-1[0m stage [32mfrom-build-pack[0m and container [32mplace-tools[0m
Unable to retrieve container logs for docker://d1bcfc942553a968550414034b050a2ebabc426fc23559279fb5bf6a4277c335

Showing logs for build [32mentando-k8s-entando-k8s-dbjob-p-tx7qt-1[0m stage [32mfrom-build-pack[0m and container [32mstep-git-source-entando-k8s-entando-k8s-dbjob-p-tx7qt-4wg7f[0m
Unable to retrieve container logs for docker://c2d1ed2df302296230c0ee4eeeb865494da2c545ef2c0b1facd6bb61b33c1c6b

Showing logs for build [32mentando-k8s-entando-k8s-dbjob-p-tx7qt-1[0m stage [32mfrom-build-pack[0m and container [32mstep-setup-builder-home[0m
Unable to retrieve container logs for docker://00c6b3df26908d081ba022a42e521d6c28bbe082d308e510a9ba79cba91ed836

Showing logs for build [32mentando-k8s-entando-k8s-dbjob-p-tx7qt-1[0m stage [32mfrom-build-pack[0m and container [32mstep-git-merge[0m
Unable to retrieve container logs for docker://fa1552b35561d062227c8d170932205b766179ead128f8***e52f591fdf44532

Showing logs for build [32mentando-k8s-entando-k8s-dbjob-p-tx7qt-1[0m stage [32mfrom-build-pack[0m and container [32mstep-build-set-version[0m
Unable to retrieve container logs for docker://a14344bff41a512856d4de47a8f4f62ce2eaa813df25614198f610035b038e0b

Showing logs for build [32mentando-k8s-entando-k8s-dbjob-p-tx7qt-1[0m stage [32mfrom-build-pack[0m and container [32mstep-build-fix-git-for-sonar[0m
Unable to retrieve container logs for docker://c9d351db00e6d72d06c156aa3f6bcb233e60a3ad2be3425c8b3c16f2fa70ff5a

Showing logs for build [32mentando-k8s-entando-k8s-dbjob-p-tx7qt-1[0m stage [32mfrom-build-pack[0m and container [32mstep-build-mvn-verify-pr[0m
Unable to retrieve container logs for docker://e85e8c6fa51a2a3eeb98cc88676adb26e26a523e10ed1855c056412e7285ff27
[31m
Pipeline failed on stage 'from-build-pack' : container 'step-build-mvn-verify-pr'. The execution of the pipeline has stopped.[0m
