
Showing logs for build [32mentando-k8s-entando-k8s-dbjob-p-qb7dm-2[0m stage [32mfrom-build-pack[0m and container [32mcredential-initializer[0m
Unable to retrieve container logs for docker://093e4492e167645b2c3035b2364d392f2e06ca2a542f896b247ff99f60253f67

Showing logs for build [32mentando-k8s-entando-k8s-dbjob-p-qb7dm-2[0m stage [32mfrom-build-pack[0m and container [32mworking-dir-initializer[0m
Unable to retrieve container logs for docker://8b37ebcfde3828113781d4462aa44b355b1d2b5a1d91aa31a830ec86446e231c

Showing logs for build [32mentando-k8s-entando-k8s-dbjob-p-qb7dm-2[0m stage [32mfrom-build-pack[0m and container [32mplace-tools[0m
Unable to retrieve container logs for docker://ed5729bafa801362f1094e8f31d81578ae8a58a7ae96bf5ad7ccf90b751e4d4c

Showing logs for build [32mentando-k8s-entando-k8s-dbjob-p-qb7dm-2[0m stage [32mfrom-build-pack[0m and container [32mstep-git-source-entando-k8s-entando-k8s-dbjob-p-qb7dm-drr86[0m
Unable to retrieve container logs for docker://da895291407198151590e7aac81f9946ad45b9ff6f8571592097b97db76c514d

Showing logs for build [32mentando-k8s-entando-k8s-dbjob-p-qb7dm-2[0m stage [32mfrom-build-pack[0m and container [32mstep-setup-builder-home[0m
Unable to retrieve container logs for docker://76d1b0896bdf49578bb9b92fd3fd380af097c3c39043bc3ba6b41435662cd40b

Showing logs for build [32mentando-k8s-entando-k8s-dbjob-p-qb7dm-2[0m stage [32mfrom-build-pack[0m and container [32mstep-git-merge[0m
Unable to retrieve container logs for docker://adf926af31d09870be14d4a9d2c8d963430b02e7472a0272d0eeab9f13140a76

Showing logs for build [32mentando-k8s-entando-k8s-dbjob-p-qb7dm-2[0m stage [32mfrom-build-pack[0m and container [32mstep-build-set-version[0m
Unable to retrieve container logs for docker://c7d2646e6cf88c68e8b5be56ddae26609a2b95ed74727d32d43172d8adc53068

Showing logs for build [32mentando-k8s-entando-k8s-dbjob-p-qb7dm-2[0m stage [32mfrom-build-pack[0m and container [32mstep-build-fix-git-for-sonar[0m
Unable to retrieve container logs for docker://764b5243095c3c242ed7c0bc3bfd1059b4bb41a602b4476bbf2b34f347d0b736

Showing logs for build [32mentando-k8s-entando-k8s-dbjob-p-qb7dm-2[0m stage [32mfrom-build-pack[0m and container [32mstep-build-mvn-verify-pr[0m
Unable to retrieve container logs for docker://dedaab2f4519e978e6504d809e0135741691fbb4a1433910ebd8c6602a3c257f
[31m
Pipeline failed on stage 'from-build-pack' : container 'step-build-mvn-verify-pr'. The execution of the pipeline has stopped.[0m
