
Showing logs for build [32mentando-k8s-entando-k8s-dbjob-p-zwmvc-3[0m stage [32mfrom-build-pack[0m and container [32mcredential-initializer[0m
Unable to retrieve container logs for docker://7d081568f392b90807898fc33a3d5c5053502691b7420553f6670c4565431028

Showing logs for build [32mentando-k8s-entando-k8s-dbjob-p-zwmvc-3[0m stage [32mfrom-build-pack[0m and container [32mworking-dir-initializer[0m
Unable to retrieve container logs for docker://0f99af195f6c656b1db4ed494b1cd941cd6000b56bab9c713dc88790c6060537

Showing logs for build [32mentando-k8s-entando-k8s-dbjob-p-zwmvc-3[0m stage [32mfrom-build-pack[0m and container [32mplace-tools[0m
Unable to retrieve container logs for docker://db52ae5a5aac506c465513b3bf59af506f23ba839645601ea9843adfb9f40426

Showing logs for build [32mentando-k8s-entando-k8s-dbjob-p-zwmvc-3[0m stage [32mfrom-build-pack[0m and container [32mstep-git-source-entando-k8s-entando-k8s-dbjob-p-zwmvc-xv65f[0m
Unable to retrieve container logs for docker://e3c6c206e8a***12f3c7ed5c94b903d4f36fe9875d36608d1cce51d71f570f44

Showing logs for build [32mentando-k8s-entando-k8s-dbjob-p-zwmvc-3[0m stage [32mfrom-build-pack[0m and container [32mstep-setup-builder-home[0m
Unable to retrieve container logs for docker://4cf4a621ebfc6b16f581fdce86f3b80deec6e02ed8d1240b511200b39feda00b

Showing logs for build [32mentando-k8s-entando-k8s-dbjob-p-zwmvc-3[0m stage [32mfrom-build-pack[0m and container [32mstep-git-merge[0m
Unable to retrieve container logs for docker://daa8381ef7917b5c6eeb4f199be06079f34515bec4026d770c839f17da3d4e12

Showing logs for build [32mentando-k8s-entando-k8s-dbjob-p-zwmvc-3[0m stage [32mfrom-build-pack[0m and container [32mstep-build-set-version[0m
Unable to retrieve container logs for docker://3ecd04ce7c3a7c385d2362ef4b7fe91251ea6daca6c7151f0a7fcff3c3fbf158

Showing logs for build [32mentando-k8s-entando-k8s-dbjob-p-zwmvc-3[0m stage [32mfrom-build-pack[0m and container [32mstep-build-fix-git-for-sonar[0m
Unable to retrieve container logs for docker://d16734c094b00f540fbbefd99f2e8f2899f9ebebde00cc4aebecb71a9521f77c

Showing logs for build [32mentando-k8s-entando-k8s-dbjob-p-zwmvc-3[0m stage [32mfrom-build-pack[0m and container [32mstep-build-mvn-verify-pr[0m
Unable to retrieve container logs for docker://483c69465a51ad0d768b3748c509d027907368b90c9c61201b392fd0271bca55
[31m
Pipeline failed on stage 'from-build-pack' : container 'step-build-mvn-verify-pr'. The execution of the pipeline has stopped.[0m
