
Showing logs for build [32mentando-k8s-entando-k8s-dbjob-p-qtk9t-6[0m stage [32mfrom-build-pack[0m and container [32mcredential-initializer[0m
Unable to retrieve container logs for docker://038417d7a65ecc63a8327c24775be4056bb09f6fb9fec50b0b3d280606ea8b06

Showing logs for build [32mentando-k8s-entando-k8s-dbjob-p-qtk9t-6[0m stage [32mfrom-build-pack[0m and container [32mworking-dir-initializer[0m
Unable to retrieve container logs for docker://385f771c38ad2d7c6b952533ee0fce357b8a79e83433b924abae628f738cb81b

Showing logs for build [32mentando-k8s-entando-k8s-dbjob-p-qtk9t-6[0m stage [32mfrom-build-pack[0m and container [32mplace-tools[0m
Unable to retrieve container logs for docker://fda6a58ceedfc11841fc5083a7c03162fe2f071250d6120d8a5529ee8acda04c

Showing logs for build [32mentando-k8s-entando-k8s-dbjob-p-qtk9t-6[0m stage [32mfrom-build-pack[0m and container [32mstep-git-source-entando-k8s-entando-k8s-dbjob-p-qtk9t-4kh7b[0m
Unable to retrieve container logs for docker://d447839c0962ed762166128df12ff22d56324f1c090bca0ad5e6f4ac9727e95a

Showing logs for build [32mentando-k8s-entando-k8s-dbjob-p-qtk9t-6[0m stage [32mfrom-build-pack[0m and container [32mstep-setup-builder-home[0m
Unable to retrieve container logs for docker://f52888cb41bcc25dc3051bd484d21c10469e70d22e100f77f29bc588057e1b1f

Showing logs for build [32mentando-k8s-entando-k8s-dbjob-p-qtk9t-6[0m stage [32mfrom-build-pack[0m and container [32mstep-git-merge[0m
Unable to retrieve container logs for docker://fe7632870c25ee1f4ef73273fbb7dd722dd9d044d78daf0be6006c3202cca47a

Showing logs for build [32mentando-k8s-entando-k8s-dbjob-p-qtk9t-6[0m stage [32mfrom-build-pack[0m and container [32mstep-build-set-version[0m
Unable to retrieve container logs for docker://0681e49e680a954317bcb7125945c63c6d4922723e562453eeb58d478643de5b

Showing logs for build [32mentando-k8s-entando-k8s-dbjob-p-qtk9t-6[0m stage [32mfrom-build-pack[0m and container [32mstep-build-fix-git-for-sonar[0m
Unable to retrieve container logs for docker://eb60eef4f698216383e2c01ace4cda213a844be7041a936575c51ee981841660

Showing logs for build [32mentando-k8s-entando-k8s-dbjob-p-qtk9t-6[0m stage [32mfrom-build-pack[0m and container [32mstep-build-mvn-verify-pr[0m
Unable to retrieve container logs for docker://a64123ae66c9e9296467a222be629332e8a22408c5fbaa5b765878306870f23c
[31m
Pipeline failed on stage 'from-build-pack' : container 'step-build-mvn-verify-pr'. The execution of the pipeline has stopped.[0m
