
Showing logs for build [32mentando-k8s-entando-k8s-dbjob-p-wv74t-7[0m stage [32mfrom-build-pack[0m and container [32mcredential-initializer[0m
Unable to retrieve container logs for docker://41134f8209e9a51bc4c7f929ac87236a1500278b23e61424bcd81f894ca6a96a

Showing logs for build [32mentando-k8s-entando-k8s-dbjob-p-wv74t-7[0m stage [32mfrom-build-pack[0m and container [32mworking-dir-initializer[0m
Unable to retrieve container logs for docker://66ac54f961bd9876461e9497d4a9b50a40ed018b6450232c231f197f167b1e7f

Showing logs for build [32mentando-k8s-entando-k8s-dbjob-p-wv74t-7[0m stage [32mfrom-build-pack[0m and container [32mplace-tools[0m
Unable to retrieve container logs for docker://f6cf6a3bdcbd1926c5e33957dfc40a37659946531162cc14b45288e60746d666

Showing logs for build [32mentando-k8s-entando-k8s-dbjob-p-wv74t-7[0m stage [32mfrom-build-pack[0m and container [32mstep-git-source-entando-k8s-entando-k8s-dbjob-p-wv74t-rxc2z[0m
Unable to retrieve container logs for docker://3e3455ee61f2e30a8122329b5cf8f***897ba9a67d01b457819cf8c633294160

Showing logs for build [32mentando-k8s-entando-k8s-dbjob-p-wv74t-7[0m stage [32mfrom-build-pack[0m and container [32mstep-setup-builder-home[0m
Unable to retrieve container logs for docker://8ff3437074dcea6cd5cb9ccd477a9b37384e69e61ee6cf1999249092eb987906

Showing logs for build [32mentando-k8s-entando-k8s-dbjob-p-wv74t-7[0m stage [32mfrom-build-pack[0m and container [32mstep-git-merge[0m
Unable to retrieve container logs for docker://448e52896b076445a9e99656e3308f05d41796865703ad17a3de252d75d7986d

Showing logs for build [32mentando-k8s-entando-k8s-dbjob-p-wv74t-7[0m stage [32mfrom-build-pack[0m and container [32mstep-build-set-version[0m
Unable to retrieve container logs for docker://82412248af350b777098c885cbdaf406ea1fa4aa1f7e8a7c95b362f4a2cb6956

Showing logs for build [32mentando-k8s-entando-k8s-dbjob-p-wv74t-7[0m stage [32mfrom-build-pack[0m and container [32mstep-build-fix-git-for-sonar[0m
Unable to retrieve container logs for docker://044ab119546e4c3b6de495dbd52e9913f461b17fd4c79b058f415f6315bcf45c

Showing logs for build [32mentando-k8s-entando-k8s-dbjob-p-wv74t-7[0m stage [32mfrom-build-pack[0m and container [32mstep-build-mvn-verify-pr[0m
Unable to retrieve container logs for docker://fc8419cd33cba02a1fd85d9c37a65b75202f41bfdc26812a961d47b2530be05e
[31m
Pipeline failed on stage 'from-build-pack' : container 'step-build-mvn-verify-pr'. The execution of the pipeline has stopped.[0m
