
Showing logs for build [32mentando-k8s-entando-k8s-dbjob-p-rgwzh-8[0m stage [32mfrom-build-pack[0m and container [32mcredential-initializer[0m
Unable to retrieve container logs for docker://f6da608e000a0e2a3f3c74813ac55247b13f2dfad1d640284bfc99cb53386462

Showing logs for build [32mentando-k8s-entando-k8s-dbjob-p-rgwzh-8[0m stage [32mfrom-build-pack[0m and container [32mworking-dir-initializer[0m
Unable to retrieve container logs for docker://6c942844bdc6d148be7eb46b8d005526a0fc70fb2639f31a4d5693e5ccb8996b

Showing logs for build [32mentando-k8s-entando-k8s-dbjob-p-rgwzh-8[0m stage [32mfrom-build-pack[0m and container [32mplace-tools[0m
Unable to retrieve container logs for docker://e8f9302f6e65fe2a70e9ce8b1f2254193a4554adab942b59526d41986eb82f7a

Showing logs for build [32mentando-k8s-entando-k8s-dbjob-p-rgwzh-8[0m stage [32mfrom-build-pack[0m and container [32mstep-git-source-entando-k8s-entando-k8s-dbjob-p-rgwzh-kbfhq[0m
Unable to retrieve container logs for docker://83d8494ac9b7a2059b032c1ec8466f4e0fa53763c823c850b734504624364cfe

Showing logs for build [32mentando-k8s-entando-k8s-dbjob-p-rgwzh-8[0m stage [32mfrom-build-pack[0m and container [32mstep-setup-builder-home[0m
Unable to retrieve container logs for docker://87cd89ef9a7e197ccd76ea010d132b70e05fe3751df86308e36d16e4ac52866a

Showing logs for build [32mentando-k8s-entando-k8s-dbjob-p-rgwzh-8[0m stage [32mfrom-build-pack[0m and container [32mstep-git-merge[0m
Unable to retrieve container logs for docker://0300b24f0bd6441744ac4663f339675005d897cd9063d77a8f3a9bfd33fff016

Showing logs for build [32mentando-k8s-entando-k8s-dbjob-p-rgwzh-8[0m stage [32mfrom-build-pack[0m and container [32mstep-build-set-version[0m
Unable to retrieve container logs for docker://f5e074a1bb03d8599d821c80a78e2b0d4ed85205ca70281aa4034edf68c5c730

Showing logs for build [32mentando-k8s-entando-k8s-dbjob-p-rgwzh-8[0m stage [32mfrom-build-pack[0m and container [32mstep-build-fix-git-for-sonar[0m
Unable to retrieve container logs for docker://4962e306e0d00e33c242a2e743840b4d4ee88c1a3cb32c163a633aed20795166

Showing logs for build [32mentando-k8s-entando-k8s-dbjob-p-rgwzh-8[0m stage [32mfrom-build-pack[0m and container [32mstep-build-mvn-verify-pr[0m
Unable to retrieve container logs for docker://07aa7dc0ceb8165b30c03ad0a1b5b612b7d950363d0497709da94ee38c2b8d62

Showing logs for build [32mentando-k8s-entando-k8s-dbjob-p-rgwzh-8[0m stage [32mfrom-build-pack[0m and container [32mstep-build-container-build[0m
Unable to retrieve container logs for docker://9b50e795dc933411a37adb6b340f45f5e11c6d6b5a5d62e1189ee7f6398e7ff3

Showing logs for build [32mentando-k8s-entando-k8s-dbjob-p-rgwzh-8[0m stage [32mfrom-build-pack[0m and container [32mstep-postbuild-post-build[0m
Unable to retrieve container logs for docker://6ef477c3f4d8632c15152f097f6b705f7e0dd836b89333067cb249ee18515b13

Showing logs for build [32mentando-k8s-entando-k8s-dbjob-p-rgwzh-8[0m stage [32mfrom-build-pack[0m and container [32mstep-promote-make-preview[0m
Unable to retrieve container logs for docker://897dd8c268c8403c60ab5ebbb6aae32b9715ae0a1740012ac16891e50717597e
[31m
Pipeline failed on stage 'from-build-pack' : container 'step-promote-make-preview'. The execution of the pipeline has stopped.[0m
