
Showing logs for build [32mentando-k8s-entando-k8s-dbjob-p-7rz2n-9[0m stage [32mfrom-build-pack[0m and container [32mcredential-initializer[0m
Unable to retrieve container logs for docker://a109a3f79542514531db6aaf76d13834e46a3be4c070224d82fd146f45f9ef13

Showing logs for build [32mentando-k8s-entando-k8s-dbjob-p-7rz2n-9[0m stage [32mfrom-build-pack[0m and container [32mworking-dir-initializer[0m
Unable to retrieve container logs for docker://aee7765732e89405255ca149db61116c9348347846a86540b4c6276b7bec171c

Showing logs for build [32mentando-k8s-entando-k8s-dbjob-p-7rz2n-9[0m stage [32mfrom-build-pack[0m and container [32mplace-tools[0m
Unable to retrieve container logs for docker://efb15a4a11c5f852214428b66e7f845f2cd973ea044a9318ecb456d9f9e56467

Showing logs for build [32mentando-k8s-entando-k8s-dbjob-p-7rz2n-9[0m stage [32mfrom-build-pack[0m and container [32mstep-git-source-entando-k8s-entando-k8s-dbjob-p-7rz2n-x7kzq[0m
Unable to retrieve container logs for docker://e88a2a8aa783c107a90c13fe501baa21fba6755a09448629c095c40370e0d016

Showing logs for build [32mentando-k8s-entando-k8s-dbjob-p-7rz2n-9[0m stage [32mfrom-build-pack[0m and container [32mstep-setup-builder-home[0m
Unable to retrieve container logs for docker://1292ef9ef290847c7047dfb92d1e4e6eaf3a2cf13635103582a82c5436221d41

Showing logs for build [32mentando-k8s-entando-k8s-dbjob-p-7rz2n-9[0m stage [32mfrom-build-pack[0m and container [32mstep-git-merge[0m
Unable to retrieve container logs for docker://2e7f34f8e8480e24e35abc5d6b0c276119602d44b5b9fb6d51716705220a4451

Showing logs for build [32mentando-k8s-entando-k8s-dbjob-p-7rz2n-9[0m stage [32mfrom-build-pack[0m and container [32mstep-build-set-version[0m
Unable to retrieve container logs for docker://ef69fbec0409892d25a25979667d0158cb8c5fc017f4aa7af9443825e3c6510b

Showing logs for build [32mentando-k8s-entando-k8s-dbjob-p-7rz2n-9[0m stage [32mfrom-build-pack[0m and container [32mstep-build-fix-git-for-sonar[0m
Unable to retrieve container logs for docker://f9bdc8ca0ebbdf141f566ba48980c75efe1d8260d661765c29aca67ef07d623a

Showing logs for build [32mentando-k8s-entando-k8s-dbjob-p-7rz2n-9[0m stage [32mfrom-build-pack[0m and container [32mstep-build-mvn-verify-pr[0m
Unable to retrieve container logs for docker://d869fd92c305b1600c5b99508410d82***53eeb549ca1d482d662f0ab85cb06a

Showing logs for build [32mentando-k8s-entando-k8s-dbjob-p-7rz2n-9[0m stage [32mfrom-build-pack[0m and container [32mstep-build-container-build[0m
Unable to retrieve container logs for docker://f47ba77b32ea3e19107b6180fe887550535075103a01201e4bf2d0c112ac0b1e

Showing logs for build [32mentando-k8s-entando-k8s-dbjob-p-7rz2n-9[0m stage [32mfrom-build-pack[0m and container [32mstep-postbuild-post-build[0m
Unable to retrieve container logs for docker://a0f7cf5da40e7a5300f83d44762da406bef2d965bfe9ef49ff86bd9d5288843c

Showing logs for build [32mentando-k8s-entando-k8s-dbjob-p-7rz2n-9[0m stage [32mfrom-build-pack[0m and container [32mstep-promote-make-preview[0m
Unable to retrieve container logs for docker://a7764be0cf303a6197e2b5332dcbe2686ff7c0e0dcf2ce34a2d107c969d63d0a
[31m
Pipeline failed on stage 'from-build-pack' : container 'step-promote-make-preview'. The execution of the pipeline has stopped.[0m
