
Showing logs for build [32mentando-k8s-entando-k8s-operato-5hndz-1[0m stage [32mfrom-build-pack[0m and container [32mcredential-initializer[0m
Unable to retrieve container logs for docker://4e25cfbe20e06835a03de858aeb7686d1b69049122214b7988ab5f8df0b3a40a

Showing logs for build [32mentando-k8s-entando-k8s-operato-5hndz-1[0m stage [32mfrom-build-pack[0m and container [32mworking-dir-initializer[0m
Unable to retrieve container logs for docker://3fe766dd9b9e770f569e3af06a6fbf3adadfbf8df72311572dd20d2820d3c61e

Showing logs for build [32mentando-k8s-entando-k8s-operato-5hndz-1[0m stage [32mfrom-build-pack[0m and container [32mplace-tools[0m
Unable to retrieve container logs for docker://3af0126043c2d831280a9872e77370790c27cce9d7d13041e7c9fdb649e14538

Showing logs for build [32mentando-k8s-entando-k8s-operato-5hndz-1[0m stage [32mfrom-build-pack[0m and container [32mstep-git-source-entando-k8s-entando-k8s-operato-5hndz-dsskq[0m
Unable to retrieve container logs for docker://822369b444e4335aa2cf588ec616363b9f8280add245fc45d4f3fbfbe4a8ed7b

Showing logs for build [32mentando-k8s-entando-k8s-operato-5hndz-1[0m stage [32mfrom-build-pack[0m and container [32mstep-setup-builder-home[0m
Unable to retrieve container logs for docker://63d9fb263cb2752ec2740ac48052661a58c0c4698ef5a65fc101d8e1cb720f7f

Showing logs for build [32mentando-k8s-entando-k8s-operato-5hndz-1[0m stage [32mfrom-build-pack[0m and container [32mstep-git-merge[0m
Unable to retrieve container logs for docker://b15d59066bc72b0fd109e62e1e4b0f601a1e30fa3d729120cfc8a0f9f9bec067

Showing logs for build [32mentando-k8s-entando-k8s-operato-5hndz-1[0m stage [32mfrom-build-pack[0m and container [32mstep-build-set-version[0m
Unable to retrieve container logs for docker://86e365797b55fa0dcf8cc7b4d1bade2d2b03818f66e7052ae03a95cb41264b58

Showing logs for build [32mentando-k8s-entando-k8s-operato-5hndz-1[0m stage [32mfrom-build-pack[0m and container [32mstep-build-fix-git-for-sonar[0m
Unable to retrieve container logs for docker://4ea3e362b38ccb2328fa81b12989b0476a450682ad2d975c82c1fd6d5685333f

Showing logs for build [32mentando-k8s-entando-k8s-operato-5hndz-1[0m stage [32mfrom-build-pack[0m and container [32mstep-build-mvn-verify-pr[0m
Unable to retrieve container logs for docker://64e23eca3d1f2e3b041ff58ca2de021531205e7e3547273fa6ce595975a67f37
[31m
Pipeline failed on stage 'from-build-pack' : container 'step-build-mvn-verify-pr'. The execution of the pipeline has stopped.[0m
