
Showing logs for build [32mentando-k8s-entando-k8s-operato-xbj4h-10[0m stage [32mfrom-build-pack[0m and container [32mcredential-initializer[0m
Unable to retrieve container logs for docker://4db4ebb209b6e97a70a6594bba3c7f7d4e237a62edca0d324470fae485179c12

Showing logs for build [32mentando-k8s-entando-k8s-operato-xbj4h-10[0m stage [32mfrom-build-pack[0m and container [32mworking-dir-initializer[0m
Unable to retrieve container logs for docker://24a4e28897f84d77161df3a6ac1fb4705273b42c9d65e71bb290c9271917a127

Showing logs for build [32mentando-k8s-entando-k8s-operato-xbj4h-10[0m stage [32mfrom-build-pack[0m and container [32mplace-tools[0m
Unable to retrieve container logs for docker://b8b0f249e339a65946e9b1fda1080963120b2f3adf893a0debc6beae95079c55

Showing logs for build [32mentando-k8s-entando-k8s-operato-xbj4h-10[0m stage [32mfrom-build-pack[0m and container [32mstep-git-source-entando-k8s-entando-k8s-operato-xbj4h-bs57t[0m
Unable to retrieve container logs for docker://1d2d8c94cfc8235a8da439360e4e1831449524ec66c2d5368eae41d93053a07a

Showing logs for build [32mentando-k8s-entando-k8s-operato-xbj4h-10[0m stage [32mfrom-build-pack[0m and container [32mstep-setup-builder-home[0m
Unable to retrieve container logs for docker://aac15338f9dd8813b27232dcf6586334d775b2c44a5db01cd115980a669d6005

Showing logs for build [32mentando-k8s-entando-k8s-operato-xbj4h-10[0m stage [32mfrom-build-pack[0m and container [32mstep-git-merge[0m
Unable to retrieve container logs for docker://cb0d33a9084bf31a6b922594a2d22915cc9b6bfe1c0e15705b4e2ddbda91c206

Showing logs for build [32mentando-k8s-entando-k8s-operato-xbj4h-10[0m stage [32mfrom-build-pack[0m and container [32mstep-build-set-version[0m
Unable to retrieve container logs for docker://2dbafc5b3184f07f50485922c27e63270f76ea45ffb0ad25c19482f411c6fe74

Showing logs for build [32mentando-k8s-entando-k8s-operato-xbj4h-10[0m stage [32mfrom-build-pack[0m and container [32mstep-build-fix-git-for-sonar[0m
Unable to retrieve container logs for docker://1f0550b128614c0678141119116fb842e26c8a98e22df218eab40ac94802aa6c

Showing logs for build [32mentando-k8s-entando-k8s-operato-xbj4h-10[0m stage [32mfrom-build-pack[0m and container [32mstep-build-mvn-verify-pr[0m
Unable to retrieve container logs for docker://bac3dc5d06d52322ad4599aafa10a301aa8b660ed51bef102b5604e4d31a3850

Showing logs for build [32mentando-k8s-entando-k8s-operato-xbj4h-10[0m stage [32mfrom-build-pack[0m and container [32mstep-build-container-build[0m
Unable to retrieve container logs for docker://20c216a644f1b226c2dc40d8f4efbb178001b8e0669a0348c54511c9f4619757
