
Showing logs for build [32mentando-k8s-entando-k8s-operato-qzpzk-2[0m stage [32mfrom-build-pack[0m and container [32mcredential-initializer[0m
Unable to retrieve container logs for docker://ec85d1fa79fa9a6be7f6bb0d06087f55850b0d23ea6d764688343a000799fc5f

Showing logs for build [32mentando-k8s-entando-k8s-operato-qzpzk-2[0m stage [32mfrom-build-pack[0m and container [32mworking-dir-initializer[0m
Unable to retrieve container logs for docker://be3428b70221237587410e62869fec193f50a8ec4dff375b89b5788dbfbf1b11

Showing logs for build [32mentando-k8s-entando-k8s-operato-qzpzk-2[0m stage [32mfrom-build-pack[0m and container [32mplace-tools[0m
Unable to retrieve container logs for docker://13fb2f650d54262df523fd834423f96d0fa455b0b6250b2b632361bc0d46ff1f

Showing logs for build [32mentando-k8s-entando-k8s-operato-qzpzk-2[0m stage [32mfrom-build-pack[0m and container [32mstep-git-source-entando-k8s-entando-k8s-operato-qzpzk-5nlcc[0m
Unable to retrieve container logs for docker://9f9c67ff48d0d06656fe6fecfe256e0457a5df10e31de91132a64af0a191e313

Showing logs for build [32mentando-k8s-entando-k8s-operato-qzpzk-2[0m stage [32mfrom-build-pack[0m and container [32mstep-setup-builder-home[0m
Unable to retrieve container logs for docker://193fb6b0763df323befeafd27bc8c22667a7cc418982d465817d457cb815a539

Showing logs for build [32mentando-k8s-entando-k8s-operato-qzpzk-2[0m stage [32mfrom-build-pack[0m and container [32mstep-git-merge[0m
Unable to retrieve container logs for docker://e20c65d68fb62426e8b63ecf1460c92939c372258b1e322f44aaa505504c5906

Showing logs for build [32mentando-k8s-entando-k8s-operato-qzpzk-2[0m stage [32mfrom-build-pack[0m and container [32mstep-build-set-version[0m
Unable to retrieve container logs for docker://a572a707f9dcb963ceea860d730a83788e43640b236c7819ac38f17d8d8cc069

Showing logs for build [32mentando-k8s-entando-k8s-operato-qzpzk-2[0m stage [32mfrom-build-pack[0m and container [32mstep-build-fix-git-for-sonar[0m
Unable to retrieve container logs for docker://264be557f40ec1363e0e92a4fe79cc2a00507b75c3774613af79d586d4e1de20

Showing logs for build [32mentando-k8s-entando-k8s-operato-qzpzk-2[0m stage [32mfrom-build-pack[0m and container [32mstep-build-mvn-verify-pr[0m
Unable to retrieve container logs for docker://36b81de109fe2c5418ead2cfd80a6c097c69742f2bb3ef646dc79a975b7d4c32
[31m
Pipeline failed on stage 'from-build-pack' : container 'step-build-mvn-verify-pr'. The execution of the pipeline has stopped.[0m
