
Showing logs for build [32mentando-k8s-entando-k8s-operato-2ksgw-5[0m stage [32mfrom-build-pack[0m and container [32mcredential-initializer[0m
Unable to retrieve container logs for docker://b325453f6a58e97984387f47ce851d5ee8c19005eb72f271f1d34c4a8b464359

Showing logs for build [32mentando-k8s-entando-k8s-operato-2ksgw-5[0m stage [32mfrom-build-pack[0m and container [32mworking-dir-initializer[0m
Unable to retrieve container logs for docker://c31d976343302667382d435f566c3d443a21039b91c65c509a73d87968a43132

Showing logs for build [32mentando-k8s-entando-k8s-operato-2ksgw-5[0m stage [32mfrom-build-pack[0m and container [32mplace-tools[0m
Unable to retrieve container logs for docker://bbba684d9f002a5522dfa047c656640be4e2a8a75005864d367763b1631b3a09

Showing logs for build [32mentando-k8s-entando-k8s-operato-2ksgw-5[0m stage [32mfrom-build-pack[0m and container [32mstep-git-source-entando-k8s-entando-k8s-operato-2ksgw-58gzm[0m
Unable to retrieve container logs for docker://59eaf680b0a4737ac6920870d9edf67da10b7ac478554e1cd50be87b4aa7243d

Showing logs for build [32mentando-k8s-entando-k8s-operato-2ksgw-5[0m stage [32mfrom-build-pack[0m and container [32mstep-setup-builder-home[0m
Unable to retrieve container logs for docker://3b1b301f96424f3a2ae24d73eac39837e6fd788c73f01e49bd51b0f57429b941

Showing logs for build [32mentando-k8s-entando-k8s-operato-2ksgw-5[0m stage [32mfrom-build-pack[0m and container [32mstep-git-merge[0m
Unable to retrieve container logs for docker://baea3d16049792297600be9bb8e45a125c1b4a305cf583626591fc71dcb8952f

Showing logs for build [32mentando-k8s-entando-k8s-operato-2ksgw-5[0m stage [32mfrom-build-pack[0m and container [32mstep-build-set-version[0m
Unable to retrieve container logs for docker://9a6c51f79993880b7d5112c95adb4b7493838bd698ef6c1b121d56fbc1fd862b

Showing logs for build [32mentando-k8s-entando-k8s-operato-2ksgw-5[0m stage [32mfrom-build-pack[0m and container [32mstep-build-fix-git-for-sonar[0m
Unable to retrieve container logs for docker://ac042c45da919036c44056a1595db657ff6d04f69d6a843e7e9dac7f6f168e29

Showing logs for build [32mentando-k8s-entando-k8s-operato-2ksgw-5[0m stage [32mfrom-build-pack[0m and container [32mstep-build-mvn-verify-pr[0m
Unable to retrieve container logs for docker://a241399714196b1b1964cfc4643ab51235139c4cf188fc78e2955e774ddce905
[31m
Pipeline failed on stage 'from-build-pack' : container 'step-build-mvn-verify-pr'. The execution of the pipeline has stopped.[0m
