
Showing logs for build [32mentando-k8s-entando-k8s-operato-4bfsd-6[0m stage [32mfrom-build-pack[0m and container [32mcredential-initializer[0m
Unable to retrieve container logs for docker://4aff5b919a8df726ebbe045e828456103acb849a31db1e3c0e60682e18f9d615

Showing logs for build [32mentando-k8s-entando-k8s-operato-4bfsd-6[0m stage [32mfrom-build-pack[0m and container [32mworking-dir-initializer[0m
Unable to retrieve container logs for docker://21b38641170abb6150d3bbb46bc41d30619ad580d5a4dd536b3783ed64022b34

Showing logs for build [32mentando-k8s-entando-k8s-operato-4bfsd-6[0m stage [32mfrom-build-pack[0m and container [32mplace-tools[0m
Unable to retrieve container logs for docker://210b2409483d10f6472d7b7eec4422779788e6ff0b333c3e61930b9538c97ae7

Showing logs for build [32mentando-k8s-entando-k8s-operato-4bfsd-6[0m stage [32mfrom-build-pack[0m and container [32mstep-git-source-entando-k8s-entando-k8s-operato-4bfsd-2g7sl[0m
Unable to retrieve container logs for docker://c51ad92c0f85f62b43fa0e63d647b7404158d63d2880a579debe22b1f8fcec1a

Showing logs for build [32mentando-k8s-entando-k8s-operato-4bfsd-6[0m stage [32mfrom-build-pack[0m and container [32mstep-setup-builder-home[0m
Unable to retrieve container logs for docker://e2a204c594f00115edc55957ce661d591a2e90393579a611b5c136192266d921

Showing logs for build [32mentando-k8s-entando-k8s-operato-4bfsd-6[0m stage [32mfrom-build-pack[0m and container [32mstep-git-merge[0m
Unable to retrieve container logs for docker://f66f195f95f99439242383b57cbd7637213273b437663c2c3e31b2b14b560d4d

Showing logs for build [32mentando-k8s-entando-k8s-operato-4bfsd-6[0m stage [32mfrom-build-pack[0m and container [32mstep-build-set-version[0m
Unable to retrieve container logs for docker://57abfd362339b556841f63eee883e56204bec83fe187e60e944ba8bd7632b97a

Showing logs for build [32mentando-k8s-entando-k8s-operato-4bfsd-6[0m stage [32mfrom-build-pack[0m and container [32mstep-build-fix-git-for-sonar[0m
Unable to retrieve container logs for docker://c01e66926e1d422437abf04eb20bfd65f7623e243abd8a2beff6140f14a58f28

Showing logs for build [32mentando-k8s-entando-k8s-operato-4bfsd-6[0m stage [32mfrom-build-pack[0m and container [32mstep-build-mvn-verify-pr[0m
Unable to retrieve container logs for docker://228c738c6502ee1f44122db23851e42c4882086b9d1f194bd6e7ff841f3d0229
[31m
Pipeline failed on stage 'from-build-pack' : container 'step-build-mvn-verify-pr'. The execution of the pipeline has stopped.[0m
