
Showing logs for build [32mentando-k8s-entando-k8s-operato-b2kq6-9[0m stage [32mfrom-build-pack[0m and container [32mcredential-initializer[0m
Unable to retrieve container logs for docker://b7d0c840150822691e2b4b42c253d04717e7313e37af4e266723c04c8f482221

Showing logs for build [32mentando-k8s-entando-k8s-operato-b2kq6-9[0m stage [32mfrom-build-pack[0m and container [32mworking-dir-initializer[0m
Unable to retrieve container logs for docker://9af6f73f5d74760cfe62647da5440209a52bd39d9385826243954393926ef114

Showing logs for build [32mentando-k8s-entando-k8s-operato-b2kq6-9[0m stage [32mfrom-build-pack[0m and container [32mplace-tools[0m
Unable to retrieve container logs for docker://f7a07e91280d612dfc3133d0478a777b5e94ac002e7dfc5a66d5ceb61c33b476

Showing logs for build [32mentando-k8s-entando-k8s-operato-b2kq6-9[0m stage [32mfrom-build-pack[0m and container [32mstep-git-source-entando-k8s-entando-k8s-operato-b2kq6-9xfq6[0m
Unable to retrieve container logs for docker://b623854fdba2e16d56243a793d8cfe6523a64278708a3c66ea00c30707227569

Showing logs for build [32mentando-k8s-entando-k8s-operato-b2kq6-9[0m stage [32mfrom-build-pack[0m and container [32mstep-setup-builder-home[0m
Unable to retrieve container logs for docker://ebd9f7de4df301060d2b7dc15c4da308e68e135f8571237f493b7f4fd7e96378

Showing logs for build [32mentando-k8s-entando-k8s-operato-b2kq6-9[0m stage [32mfrom-build-pack[0m and container [32mstep-git-merge[0m
Unable to retrieve container logs for docker://dd0b77029413d936cbf0461dbaa91e3961f3f095cf50196d51c51418bf64b801

Showing logs for build [32mentando-k8s-entando-k8s-operato-b2kq6-9[0m stage [32mfrom-build-pack[0m and container [32mstep-build-set-version[0m
Unable to retrieve container logs for docker://4ade42d4f594213848997aa40369c16be4f8d47200ff1a7abc66bdb1efc74504

Showing logs for build [32mentando-k8s-entando-k8s-operato-b2kq6-9[0m stage [32mfrom-build-pack[0m and container [32mstep-build-fix-git-for-sonar[0m
Unable to retrieve container logs for docker://1a11de5613f4152b17054b376b5fab06b380e9f83f9cd36f5796a961fff5bc5c

Showing logs for build [32mentando-k8s-entando-k8s-operato-b2kq6-9[0m stage [32mfrom-build-pack[0m and container [32mstep-build-mvn-verify-pr[0m
Unable to retrieve container logs for docker://79e9a8af95ae047459e793d9d6dbfb43109591fd145cae302a4cb76a6ee4f13b
[31m
Pipeline failed on stage 'from-build-pack' : container 'step-build-mvn-verify-pr'. The execution of the pipeline has stopped.[0m
