
Showing logs for build [32mentando-k8s-entando-quarkus-par-vvdxt-1[0m stage [32mfrom-build-pack[0m and container [32mcredential-initializer[0m
{"level":"info","ts":1639733286.0610623,"caller":"creds-init/main.go:44","msg":"Credentials initialized."}

Showing logs for build [32mentando-k8s-entando-quarkus-par-vvdxt-1[0m stage [32mfrom-build-pack[0m and container [32mworking-dir-initializer[0m

Showing logs for build [32mentando-k8s-entando-quarkus-par-vvdxt-1[0m stage [32mfrom-build-pack[0m and container [32mplace-tools[0m

Showing logs for build [32mentando-k8s-entando-quarkus-par-vvdxt-1[0m stage [32mfrom-build-pack[0m and container [32mstep-git-source-entando-k8s-entando-quarkus-par-vvdxt-qttr4[0m
{"level":"info","ts":1639733394.7263956,"caller":"git/git.go:105","msg":"Successfully cloned https://github.com/entando-k8s/entando-quarkus-parent.git @ master in path /workspace/source"}
{"level":"warn","ts":1639733394.7266307,"caller":"git/git.go:152","msg":"Unexpected error: creating symlink: symlink /tekton/home/.ssh /****/.ssh: file exists"}
{"level":"info","ts":1639733394.8059967,"caller":"git/git.go:133","msg":"Successfully initialized and updated submodules in path /workspace/source"}

Showing logs for build [32mentando-k8s-entando-quarkus-par-vvdxt-1[0m stage [32mfrom-build-pack[0m and container [32mstep-setup-builder-home[0m

Showing logs for build [32mentando-k8s-entando-quarkus-par-vvdxt-1[0m stage [32mfrom-build-pack[0m and container [32mstep-git-merge[0m
Using SHAs from PULL_REFS=master:fd1755eba85d2881f3b5ea3db99d01f63f849455,10:5f7a463fb206dd6b1be203109d782f65e24ad949
DEBUG: LC_ALL=C JX_LOG_LEVEL=error git fetch origin --unshallow 5f7a463fb206dd6b1be203109d782f65e24ad949: fd1755eba85d2881f3b5ea3db99d01f63f849455:
DEBUG: ran git fetch --unshallow origin 5f7a463fb206dd6b1be203109d782f65e24ad949: fd1755eba85d2881f3b5ea3db99d01f63f849455: in 
DEBUG: JX_LOG_LEVEL=error LC_ALL=C git branch
DEBUG: LC_ALL=C JX_LOG_LEVEL=error git checkout master
DEBUG: ran git checkout master in 
DEBUG: LC_ALL=C JX_LOG_LEVEL=error git reset --hard fd1755eba85d2881f3b5ea3db99d01f63f849455
DEBUG: ran git reset --hard fd1755eba85d2881f3b5ea3db99d01f63f849455 in 
DEBUG: LC_ALL=C JX_LOG_LEVEL=error git clean -fd .
DEBUG: ran clean --force -d . in 
DEBUG: LC_ALL=C JX_LOG_LEVEL=error git merge 5f7a463fb206dd6b1be203109d782f65e24ad949
DEBUG: ran git merge 5f7a463fb206dd6b1be203109d782f65e24ad949 in 
DEBUG: LC_ALL=C JX_LOG_LEVEL=error git log --format=%H%x1f%an%x1f%ae%x1f%cn%x1f%ce%x1f%s%n%b%x1e fd1755eba85d2881f3b5ea3db99d01f63f849455..HEAD
Merged SHA 77802c0b92e7d1bc2be09487c99fbc4a65e6fe94 with commit message 'Merge commit '5f7a463fb206dd6b1be203109d782f65e24ad949'' into base branch master
Merged SHA 5f7a463fb206dd6b1be203109d782f65e24ad949 with commit message 'ENG-2969 Generalised the custom nexus repo' into base branch master

Showing logs for build [32mentando-k8s-entando-quarkus-par-vvdxt-1[0m stage [32mfrom-build-pack[0m and container [32mstep-build-set-version[0m
Picked up _JAVA_OPTIONS: -XX:+UnlockExperimentalVMOptions -Dsun.zip.disableMemoryMapping=**** -XX:+UseParallelGC -XX:MinHeapFreeRatio=5 -XX:MaxHeapFreeRatio=10 -XX:GCTimeRatio=4 -XX:AdaptiveSizePolicyWeight=90 -Xms10m -Xmx8000m
[INFO] Scanning for projects...
[WARNING] 
[WARNING] Some problems were encountered while building the effective model for org.entando:entando-quarkus-parent:pom:7.0.0-SNAPSHOT
[WARNING] 'dependencies.dependency.scope' for com.fasterxml.jackson:jackson-bom:pom must be one of [provided, compile, runtime, test, ******] but is 'import'. @ line 407, column 20
[WARNING] 'dependencies.dependency.scope' for org.jboss.resteasy:resteasy-bom:pom must be one of [provided, compile, runtime, test, ******] but is 'import'. @ line 414, column 20
[WARNING] 'dependencies.dependency.scope' for org.junit:junit-bom:pom must be one of [provided, compile, runtime, test, ******] but is 'import'. @ line 421, column 20
[WARNING] 'dependencies.dependency.scope' for io.quarkus:quarkus-bom:pom must be one of [provided, compile, runtime, test, ******] but is 'import'. @ line 428, column 20
[WARNING] 
[WARNING] It is highly recommended to fix these problems because they threaten the stability of your build.
[WARNING] 
[WARNING] For this reason, future Maven versions might no longer support building such malformed projects.
[WARNING] 
[INFO] 
[INFO] -----------------< org.entando:entando-quarkus-parent >-----------------
[INFO] Building Entando Quarkus Parent POM 7.0.0-SNAPSHOT
[INFO] --------------------------------[ pom ]---------------------------------
[INFO] 
[INFO] --- versions-maven-plugin:2.8.1:set (default-cli) @ entando-quarkus-parent ---
[INFO] Local aggregation ****: /workspace/source
[INFO] Processing change of org.entando:entando-quarkus-parent:7.0.0-SNAPSHOT -> 0.0.0-SNAPSHOT-PR-10-1
[INFO] Processing org.entando:entando-quarkus-parent
[INFO]     Updating project org.entando:entando-quarkus-parent
[INFO]         from version 7.0.0-SNAPSHOT to 0.0.0-SNAPSHOT-PR-10-1
[INFO] 
[INFO] ------------------------------------------------------------------------
[INFO] BUILD SUCCESS
[INFO] ------------------------------------------------------------------------
[INFO] Total time:  28.495 s
[INFO] Finished at: 2021-12-17T09:30:28Z
[INFO] ------------------------------------------------------------------------

Showing logs for build [32mentando-k8s-entando-quarkus-par-vvdxt-1[0m stage [32mfrom-build-pack[0m and container [32mstep-build-mvn-deploy[0m
Picked up _JAVA_OPTIONS: -XX:+UnlockExperimentalVMOptions -Dsun.zip.disableMemoryMapping=**** -XX:+UseParallelGC -XX:MinHeapFreeRatio=5 -XX:MaxHeapFreeRatio=10 -XX:GCTimeRatio=4 -XX:AdaptiveSizePolicyWeight=90 -Xms10m -Xmx8000m
[INFO] Scanning for projects...
[WARNING] 
[WARNING] Some problems were encountered while building the effective model for org.entando:entando-quarkus-parent:pom:0.0.0-SNAPSHOT-PR-10-1
[WARNING] 'dependencies.dependency.scope' for com.fasterxml.jackson:jackson-bom:pom must be one of [provided, compile, runtime, test, ******] but is 'import'. @ line 407, column 20
[WARNING] 'dependencies.dependency.scope' for org.jboss.resteasy:resteasy-bom:pom must be one of [provided, compile, runtime, test, ******] but is 'import'. @ line 414, column 20
[WARNING] 'dependencies.dependency.scope' for org.junit:junit-bom:pom must be one of [provided, compile, runtime, test, ******] but is 'import'. @ line 421, column 20
[WARNING] 'dependencies.dependency.scope' for io.quarkus:quarkus-bom:pom must be one of [provided, compile, runtime, test, ******] but is 'import'. @ line 428, column 20
[WARNING] 
[WARNING] It is highly recommended to fix these problems because they threaten the stability of your build.
[WARNING] 
[WARNING] For this reason, future Maven versions might no longer support building such malformed projects.
[WARNING] 
[INFO] 
[INFO] -----------------< org.entando:entando-quarkus-parent >-----------------
[INFO] Building Entando Quarkus Parent POM 0.0.0-SNAPSHOT-PR-10-1
[INFO] --------------------------------[ pom ]---------------------------------
[INFO] 
[INFO] --- maven-clean-plugin:2.5:clean (default-clean) @ entando-quarkus-parent ---
[INFO] 
[INFO] --- maven-surefire-report-plugin:3.0.0-M4:failsafe-report-only (integration-tests) @ entando-quarkus-parent ---
[INFO] 
[INFO] --- maven-surefire-report-plugin:3.0.0-M4:report-only (unit-tests) @ entando-quarkus-parent ---
[WARNING] Unable to locate Test Source XRef to link to - DISABLED
[INFO] 
[INFO] --- maven-install-plugin:2.4:install (default-install) @ entando-quarkus-parent ---
[INFO] Installing /workspace/source/pom.xml to /home/jenkins/.mvnrepository/org/entando/entando-quarkus-parent/0.0.0-SNAPSHOT-PR-10-1/entando-quarkus-parent-0.0.0-SNAPSHOT-PR-10-1.pom
[INFO] 
[INFO] --- maven-deploy-plugin:2.8.2:deploy (default-deploy) @ entando-quarkus-parent ---
[INFO] Using alternate deployment repository local-nexus::default::http://nexus/repository/maven-releases/
[INFO] ------------------------------------------------------------------------
[INFO] BUILD SUCCESS
[INFO] ------------------------------------------------------------------------
[INFO] Total time:  5.972 s
[INFO] Finished at: 2021-12-17T09:30:37Z
[INFO] ------------------------------------------------------------------------
