
Showing logs for build [32mentando-k8s-entando-k8s-plugin-b2k64-2[0m stage [32mfrom-build-pack[0m and container [32mcredential-initializer[0m
Unable to retrieve container logs for docker://1629ba3bfe1ed80f9338c488580db841137073b7da59e91defab38da8dc34f4a

Showing logs for build [32mentando-k8s-entando-k8s-plugin-b2k64-2[0m stage [32mfrom-build-pack[0m and container [32mworking-dir-initializer[0m
Unable to retrieve container logs for docker://adaae2fded1d5327bdafbaa813fe6718189ac3afaeb25014d0aa9df226dc0757

Showing logs for build [32mentando-k8s-entando-k8s-plugin-b2k64-2[0m stage [32mfrom-build-pack[0m and container [32mplace-tools[0m
Unable to retrieve container logs for docker://b419c0d1a4***458406d04c6a51b49387d912783e29569012ce82b8700ee3211

Showing logs for build [32mentando-k8s-entando-k8s-plugin-b2k64-2[0m stage [32mfrom-build-pack[0m and container [32mstep-git-source-entando-k8s-entando-k8s-plugin-b2k64-s7p5t[0m
Unable to retrieve container logs for docker://414983131b2e2753ce64b1a05bcce01aab73d6d6d7adb967a478df506a13ab60

Showing logs for build [32mentando-k8s-entando-k8s-plugin-b2k64-2[0m stage [32mfrom-build-pack[0m and container [32mstep-setup-builder-home[0m
Unable to retrieve container logs for docker://bf84e69e3d52555f21fe6e14f516c704c1dd4a1c62e06155a952773b59a3f408

Showing logs for build [32mentando-k8s-entando-k8s-plugin-b2k64-2[0m stage [32mfrom-build-pack[0m and container [32mstep-git-merge[0m
Unable to retrieve container logs for docker://8d4d818843366f3f9f3e95874604e505689f9193459b976b536c6fd54c4aec2f

Showing logs for build [32mentando-k8s-entando-k8s-plugin-b2k64-2[0m stage [32mfrom-build-pack[0m and container [32mstep-build-set-version[0m
Unable to retrieve container logs for docker://e94b76a5f4bc7f0a5bdfddeabbbac23bb9915fbd795c7463aab453cca74de838

Showing logs for build [32mentando-k8s-entando-k8s-plugin-b2k64-2[0m stage [32mfrom-build-pack[0m and container [32mstep-build-fix-git-for-sonar[0m
Unable to retrieve container logs for docker://afc657fa36ec2d6651ab566c9bd8b427ca723b40624a9a257819695130d4b709

Showing logs for build [32mentando-k8s-entando-k8s-plugin-b2k64-2[0m stage [32mfrom-build-pack[0m and container [32mstep-build-mvn-verify-pr[0m
Unable to retrieve container logs for docker://b8dc1e83d22feb041398f07d1f4bcf41d1cee4354d8f921715c378296049520f
[31m
Pipeline failed on stage 'from-build-pack' : container 'step-build-mvn-verify-pr'. The execution of the pipeline has stopped.[0m
