
Showing logs for build [32mentando-k8s-entando-k8s-plugin-9l47n-3[0m stage [32mfrom-build-pack[0m and container [32mcredential-initializer[0m
Unable to retrieve container logs for docker://fd0940c2f9947a16523980e3669b4a27e7ef9f5abfb5b20f506a55e085ac4515

Showing logs for build [32mentando-k8s-entando-k8s-plugin-9l47n-3[0m stage [32mfrom-build-pack[0m and container [32mworking-dir-initializer[0m
Unable to retrieve container logs for docker://c2e6791f07090b6706eb963ef8921649aa262c948d93617ff49bebf7b80c906e

Showing logs for build [32mentando-k8s-entando-k8s-plugin-9l47n-3[0m stage [32mfrom-build-pack[0m and container [32mplace-tools[0m
Unable to retrieve container logs for docker://1239b65524793b53f30c9d8ae4595a1f97b1df3add1f806e4218db34e507c373

Showing logs for build [32mentando-k8s-entando-k8s-plugin-9l47n-3[0m stage [32mfrom-build-pack[0m and container [32mstep-git-source-entando-k8s-entando-k8s-plugin-9l47n-knnxk[0m
Unable to retrieve container logs for docker://dac80606b453e42711b7f4eecce92f417d68cd6989297e0c12442e60968aee43

Showing logs for build [32mentando-k8s-entando-k8s-plugin-9l47n-3[0m stage [32mfrom-build-pack[0m and container [32mstep-setup-builder-home[0m
Unable to retrieve container logs for docker://acc82c4be6d258513013b6befcf61e5eace50a60f2c3691682ad36255a07645f

Showing logs for build [32mentando-k8s-entando-k8s-plugin-9l47n-3[0m stage [32mfrom-build-pack[0m and container [32mstep-git-merge[0m
Unable to retrieve container logs for docker://707c26917704c837790945eb70c8937181f4297fc6cc3f1a97f5a704302d9845

Showing logs for build [32mentando-k8s-entando-k8s-plugin-9l47n-3[0m stage [32mfrom-build-pack[0m and container [32mstep-build-set-version[0m
Unable to retrieve container logs for docker://8aa467466b7f3b065e033f8f6c36e7755183c6501886e50a8a5cc054a5fb3553

Showing logs for build [32mentando-k8s-entando-k8s-plugin-9l47n-3[0m stage [32mfrom-build-pack[0m and container [32mstep-build-fix-git-for-sonar[0m
Unable to retrieve container logs for docker://6c25c66366be99412119699aa61b7d603c150ec476f0d91ddb23b6b49683503d

Showing logs for build [32mentando-k8s-entando-k8s-plugin-9l47n-3[0m stage [32mfrom-build-pack[0m and container [32mstep-build-mvn-verify-pr[0m
Unable to retrieve container logs for docker://78330c116a40cf30fd47dbc6aa288b4dc2c55147782668093741ad5275f7c420
[31m
Pipeline failed on stage 'from-build-pack' : container 'step-build-mvn-verify-pr'. The execution of the pipeline has stopped.[0m
