
Showing logs for build [32mentando-k8s-entando-k8s-plugin-t272s-4[0m stage [32mfrom-build-pack[0m and container [32mcredential-initializer[0m
Unable to retrieve container logs for docker://686fea1e96b4f652dfff33d4aa92ac347c7c1271437e960a2afbad1d42067d4e

Showing logs for build [32mentando-k8s-entando-k8s-plugin-t272s-4[0m stage [32mfrom-build-pack[0m and container [32mworking-dir-initializer[0m
Unable to retrieve container logs for docker://4107fd05d1440e6f4674e4f028d88726caae41151aae665f1bd1c6cbdad22c4d

Showing logs for build [32mentando-k8s-entando-k8s-plugin-t272s-4[0m stage [32mfrom-build-pack[0m and container [32mplace-tools[0m
Unable to retrieve container logs for docker://1abf94cec27cb35f87c2d636daa27a72c527ba27e960cf2646716d644eebe95f

Showing logs for build [32mentando-k8s-entando-k8s-plugin-t272s-4[0m stage [32mfrom-build-pack[0m and container [32mstep-git-source-entando-k8s-entando-k8s-plugin-t272s-n95ft[0m
Unable to retrieve container logs for docker://b338b061edb35a281586c1fa437ddf5ab225959539ef98665217274ffa927f1d

Showing logs for build [32mentando-k8s-entando-k8s-plugin-t272s-4[0m stage [32mfrom-build-pack[0m and container [32mstep-setup-builder-home[0m
Unable to retrieve container logs for docker://2e40bc921e3f600558b967b45ea9b24eded932e739e482265e9a49bd38bff065

Showing logs for build [32mentando-k8s-entando-k8s-plugin-t272s-4[0m stage [32mfrom-build-pack[0m and container [32mstep-git-merge[0m
Unable to retrieve container logs for docker://54aba5b702c76a15079377d62058b716af0e16352911295574c7054987cd925b

Showing logs for build [32mentando-k8s-entando-k8s-plugin-t272s-4[0m stage [32mfrom-build-pack[0m and container [32mstep-build-set-version[0m
Unable to retrieve container logs for docker://eeca6273fa3d054441847596b12cd318dc5a7150f2542e70d09178e90e07857a

Showing logs for build [32mentando-k8s-entando-k8s-plugin-t272s-4[0m stage [32mfrom-build-pack[0m and container [32mstep-build-fix-git-for-sonar[0m
Unable to retrieve container logs for docker://3b6ba27f2be3ce7a418caa8c1d4fc35de2c7235a72c4e54099f29b1c52079b24

Showing logs for build [32mentando-k8s-entando-k8s-plugin-t272s-4[0m stage [32mfrom-build-pack[0m and container [32mstep-build-mvn-verify-pr[0m
Unable to retrieve container logs for docker://54dd451f6f949553e527c38a10149d406ed14d273103b00c2386c7ec45c8c532
[31m
Pipeline failed on stage 'from-build-pack' : container 'step-build-mvn-verify-pr'. The execution of the pipeline has stopped.[0m
