
Showing logs for build [32mentando-k8s-entando-k8s-plugin-bwm54-5[0m stage [32mfrom-build-pack[0m and container [32mcredential-initializer[0m
Unable to retrieve container logs for docker://931ddefda1d5147eaf3dd3d36bc5031b998da47057ee000a175e531beb680e4b

Showing logs for build [32mentando-k8s-entando-k8s-plugin-bwm54-5[0m stage [32mfrom-build-pack[0m and container [32mworking-dir-initializer[0m
Unable to retrieve container logs for docker://b64dd1e69ac00a7d632f8cc939074b5b9f1078593e2ef44549ab17b1a2a06a3d

Showing logs for build [32mentando-k8s-entando-k8s-plugin-bwm54-5[0m stage [32mfrom-build-pack[0m and container [32mplace-tools[0m
Unable to retrieve container logs for docker://a4864d2cd01ef15cc17f63ce72a7485deffb5aaf2e31121473cf2b07e192fa64

Showing logs for build [32mentando-k8s-entando-k8s-plugin-bwm54-5[0m stage [32mfrom-build-pack[0m and container [32mstep-git-source-entando-k8s-entando-k8s-plugin-bwm54-mvdr5[0m
Unable to retrieve container logs for docker://e807fd1b6266046eb81879a82e9ac87517d3cbb6ab7899145687a42350d91151

Showing logs for build [32mentando-k8s-entando-k8s-plugin-bwm54-5[0m stage [32mfrom-build-pack[0m and container [32mstep-setup-builder-home[0m
Unable to retrieve container logs for docker://2a3d2785d6cc9d7859325d3d5517a24dbc17805b685cb209b8f6da1d86112653

Showing logs for build [32mentando-k8s-entando-k8s-plugin-bwm54-5[0m stage [32mfrom-build-pack[0m and container [32mstep-git-merge[0m
Unable to retrieve container logs for docker://2fc7ea9189709436d41e68a8136adf242c98107d35d2033427a5076a06a51e34

Showing logs for build [32mentando-k8s-entando-k8s-plugin-bwm54-5[0m stage [32mfrom-build-pack[0m and container [32mstep-build-set-version[0m
Unable to retrieve container logs for docker://b5ff315b5f27691f57755fe67244066566368b1cfed5310f495e9a56923f4a1a

Showing logs for build [32mentando-k8s-entando-k8s-plugin-bwm54-5[0m stage [32mfrom-build-pack[0m and container [32mstep-build-fix-git-for-sonar[0m
Unable to retrieve container logs for docker://73acdcb32bd8323adbb7e0bf4303057d9389cbb0dc2d7637c07727328c7f8106

Showing logs for build [32mentando-k8s-entando-k8s-plugin-bwm54-5[0m stage [32mfrom-build-pack[0m and container [32mstep-build-mvn-verify-pr[0m
Unable to retrieve container logs for docker://a68ea48d97cd237c77dcb2732142ef4f3c58f7754abf5a55f771b2f8ea1c016f
[31m
Pipeline failed on stage 'from-build-pack' : container 'step-build-mvn-verify-pr'. The execution of the pipeline has stopped.[0m
