
Showing logs for build [32mentando-k8s-entando-k8s-plugin-9wgrj-6[0m stage [32mfrom-build-pack[0m and container [32mcredential-initializer[0m
Unable to retrieve container logs for docker://4438db696f273d7042f86f305deb15797169f4545b33283c2671e771e7361e68

Showing logs for build [32mentando-k8s-entando-k8s-plugin-9wgrj-6[0m stage [32mfrom-build-pack[0m and container [32mworking-dir-initializer[0m
Unable to retrieve container logs for docker://a1f4a4e06946d57573c3483de88e1c3be821b6cce3900e48dfd50cd632da430a

Showing logs for build [32mentando-k8s-entando-k8s-plugin-9wgrj-6[0m stage [32mfrom-build-pack[0m and container [32mplace-tools[0m
Unable to retrieve container logs for docker://af593aad1dde5c645aea9c9cf76d950a31eb76e36e73b559d89df9ffeb90271e

Showing logs for build [32mentando-k8s-entando-k8s-plugin-9wgrj-6[0m stage [32mfrom-build-pack[0m and container [32mstep-git-source-entando-k8s-entando-k8s-plugin-9wgrj-4cw2x[0m
Unable to retrieve container logs for docker://3daedc4ab37b1462641d74aa5f969d2b1bf0976133029963e67d5467fcbb8222

Showing logs for build [32mentando-k8s-entando-k8s-plugin-9wgrj-6[0m stage [32mfrom-build-pack[0m and container [32mstep-setup-builder-home[0m
Unable to retrieve container logs for docker://2613f700c042bb70f2e32959b3776e38b02a3b3ea18f7564e6d3b7797923913d

Showing logs for build [32mentando-k8s-entando-k8s-plugin-9wgrj-6[0m stage [32mfrom-build-pack[0m and container [32mstep-git-merge[0m
Unable to retrieve container logs for docker://3501c5f623713b374c63e994e409e35622a3a36d88842d6ef31e8d38c1a3357f

Showing logs for build [32mentando-k8s-entando-k8s-plugin-9wgrj-6[0m stage [32mfrom-build-pack[0m and container [32mstep-build-set-version[0m
Unable to retrieve container logs for docker://77690ec8a5023c1a2ce935a2a5a88f4c2fed3503b5ce785d61e03978ffc5077e

Showing logs for build [32mentando-k8s-entando-k8s-plugin-9wgrj-6[0m stage [32mfrom-build-pack[0m and container [32mstep-build-fix-git-for-sonar[0m
Unable to retrieve container logs for docker://699060b7851e96340a93e545e6ed9f70b0b94fdc916b3975e74c707aa657cc77

Showing logs for build [32mentando-k8s-entando-k8s-plugin-9wgrj-6[0m stage [32mfrom-build-pack[0m and container [32mstep-build-mvn-verify-pr[0m
Unable to retrieve container logs for docker://45d9f5a31de7f840e7e34887a4209629958e1dc62d69bc693083ec6409de3e58

Showing logs for build [32mentando-k8s-entando-k8s-plugin-9wgrj-6[0m stage [32mfrom-build-pack[0m and container [32mstep-build-container-build[0m
Unable to retrieve container logs for docker://abb5d2a9864802586837e3505431d937894cc0adc51c203a56957c5b4404f33f

Showing logs for build [32mentando-k8s-entando-k8s-plugin-9wgrj-6[0m stage [32mfrom-build-pack[0m and container [32mstep-postbuild-post-build[0m
Unable to retrieve container logs for docker://3b344eac42d05b38dc9fac57166a635cbc932836a012902ea832304aab208411

Showing logs for build [32mentando-k8s-entando-k8s-plugin-9wgrj-6[0m stage [32mfrom-build-pack[0m and container [32mstep-promote-make-preview[0m
Unable to retrieve container logs for docker://ddd755b4ae6dcf380381893da5359946700845a760379a085ebfca1e27e42222
[31m
Pipeline failed on stage 'from-build-pack' : container 'step-promote-make-preview'. The execution of the pipeline has stopped.[0m
