
Showing logs for build [32mentando-k8s-entando-k8s-plugin-vscz2-7[0m stage [32mfrom-build-pack[0m and container [32mcredential-initializer[0m
Unable to retrieve container logs for docker://1864f9ace80d4e7e5ed85dbc5b65ff55c183c058efa74b5ab10ece7496534844

Showing logs for build [32mentando-k8s-entando-k8s-plugin-vscz2-7[0m stage [32mfrom-build-pack[0m and container [32mworking-dir-initializer[0m
Unable to retrieve container logs for docker://fc6c7a6858211e52b327a5347e8a7258056cfe65d27d264cb9f3387ec3357c29

Showing logs for build [32mentando-k8s-entando-k8s-plugin-vscz2-7[0m stage [32mfrom-build-pack[0m and container [32mplace-tools[0m
Unable to retrieve container logs for docker://044fc789d72fbd600c1dfd5e69dfa52dfd0ba6743f8c461907420005b5f37941

Showing logs for build [32mentando-k8s-entando-k8s-plugin-vscz2-7[0m stage [32mfrom-build-pack[0m and container [32mstep-git-source-entando-k8s-entando-k8s-plugin-vscz2-g4vq6[0m
Unable to retrieve container logs for docker://febb8852c02b161e5f3e842f19bd306da3245ef63aff3a3645e5e3f9ed28a30f

Showing logs for build [32mentando-k8s-entando-k8s-plugin-vscz2-7[0m stage [32mfrom-build-pack[0m and container [32mstep-setup-builder-home[0m
Unable to retrieve container logs for docker://42bca67beb39af1a42a30ab1d1cfa512af633a48d509c12ebccc72f57cd75d26

Showing logs for build [32mentando-k8s-entando-k8s-plugin-vscz2-7[0m stage [32mfrom-build-pack[0m and container [32mstep-git-merge[0m
Unable to retrieve container logs for docker://b7a08dae184bdb169b3be86f14458d75fdd84cc3dfff54263a4a49e151aab026

Showing logs for build [32mentando-k8s-entando-k8s-plugin-vscz2-7[0m stage [32mfrom-build-pack[0m and container [32mstep-build-set-version[0m
Unable to retrieve container logs for docker://a227322d4e59e0141a81381e2bd2ee5095f5541f15618169d0a39c2a42d9c852

Showing logs for build [32mentando-k8s-entando-k8s-plugin-vscz2-7[0m stage [32mfrom-build-pack[0m and container [32mstep-build-fix-git-for-sonar[0m
Unable to retrieve container logs for docker://8eeee52b87bb1114862e9a5db186b937df7464c5bbaa1634aca0924a8ecfa536

Showing logs for build [32mentando-k8s-entando-k8s-plugin-vscz2-7[0m stage [32mfrom-build-pack[0m and container [32mstep-build-mvn-verify-pr[0m
Unable to retrieve container logs for docker://e75eef0063d0e220b99d842371ab187cba3950165aa76629d767f7702b3c552d

Showing logs for build [32mentando-k8s-entando-k8s-plugin-vscz2-7[0m stage [32mfrom-build-pack[0m and container [32mstep-build-container-build[0m
Unable to retrieve container logs for docker://48f0fbd95c07a4657e7dbcf552bdbe2a94ae68a39165ad4042f3986274947114

Showing logs for build [32mentando-k8s-entando-k8s-plugin-vscz2-7[0m stage [32mfrom-build-pack[0m and container [32mstep-postbuild-post-build[0m
Unable to retrieve container logs for docker://91af2e7e6847fe1707920896a608de43b38644b67709293be2bace454de3c254

Showing logs for build [32mentando-k8s-entando-k8s-plugin-vscz2-7[0m stage [32mfrom-build-pack[0m and container [32mstep-promote-make-preview[0m
Unable to retrieve container logs for docker://1b352d7ec6f8620f830a7bc1b7c3a76ffcb8ff6f60e8f44aeef4c6561fe8b479
[31m
Pipeline failed on stage 'from-build-pack' : container 'step-promote-make-preview'. The execution of the pipeline has stopped.[0m
