
Showing logs for build [32mentando-k8s-entando-k8s-custom-mpnvn-1[0m stage [32mfrom-build-pack[0m and container [32mcredential-initializer[0m
Unable to retrieve container logs for docker://f6b363e83319241e71fba632a646eb04f2982e4361af833193f8daac8698173d

Showing logs for build [32mentando-k8s-entando-k8s-custom-mpnvn-1[0m stage [32mfrom-build-pack[0m and container [32mworking-dir-initializer[0m
Unable to retrieve container logs for docker://faa0750971d11f0a24e4ba755bf3897e4cf12c4fb013de30c1fd839a4354131c

Showing logs for build [32mentando-k8s-entando-k8s-custom-mpnvn-1[0m stage [32mfrom-build-pack[0m and container [32mplace-tools[0m
Unable to retrieve container logs for docker://5b2604cfd1330b29decbcc35c052fc42da9624f8d5756a3eba258117c6af3c20

Showing logs for build [32mentando-k8s-entando-k8s-custom-mpnvn-1[0m stage [32mfrom-build-pack[0m and container [32mstep-git-source-entando-k8s-entando-k8s-custom-mpnvn-tmc7n[0m
Unable to retrieve container logs for docker://b9a34dc6bfc2901a6fa5b183096dc252d017e57b940cb50be0216de177df694c

Showing logs for build [32mentando-k8s-entando-k8s-custom-mpnvn-1[0m stage [32mfrom-build-pack[0m and container [32mstep-setup-builder-home[0m
Unable to retrieve container logs for docker://d19e561167e3ba1ee5e7740821a6882aecaec09f8fb53f4c6f5ef769bbab904d

Showing logs for build [32mentando-k8s-entando-k8s-custom-mpnvn-1[0m stage [32mfrom-build-pack[0m and container [32mstep-git-merge[0m
Unable to retrieve container logs for docker://a0c3b2c684964005e31d40080214c45635ad7a64e8f2432291eb3f7f49fb1b3c

Showing logs for build [32mentando-k8s-entando-k8s-custom-mpnvn-1[0m stage [32mfrom-build-pack[0m and container [32mstep-build-set-version[0m
Unable to retrieve container logs for docker://512735523a1a00763e261cdc8209cd41f0eb6f95911df71468dc96bfaca16f5b

Showing logs for build [32mentando-k8s-entando-k8s-custom-mpnvn-1[0m stage [32mfrom-build-pack[0m and container [32mstep-build-fix-git-for-sonar[0m
Unable to retrieve container logs for docker://7a9fe9299e8f1c1a1da0b26bf123074eb258bf45f83f602b7871b9c7e6c6421d

Showing logs for build [32mentando-k8s-entando-k8s-custom-mpnvn-1[0m stage [32mfrom-build-pack[0m and container [32mstep-build-mvn-verify-pr[0m
Unable to retrieve container logs for docker://36b2d2184ba34976918f7a5dded4ce7ffd162962060e3e52f96e7f7fdb70417c
[31m
Pipeline failed on stage 'from-build-pack' : container 'step-build-mvn-verify-pr'. The execution of the pipeline has stopped.[0m
