
Showing logs for build [32mentando-k8s-entando-de-app-pr-2-tfqbh-1[0m stage [32mfrom-build-pack[0m and container [32mcredential-initializer[0m
Unable to retrieve container logs for docker://aa94661ad825531de6d777bb75b71c4401223de11dcb88574a6304b994a30f12

Showing logs for build [32mentando-k8s-entando-de-app-pr-2-tfqbh-1[0m stage [32mfrom-build-pack[0m and container [32mworking-dir-initializer[0m
Unable to retrieve container logs for docker://2a93fa0e6129ca3a39f548fa6097fb0fde811df1dbb4b20ab2a11535743bba3e

Showing logs for build [32mentando-k8s-entando-de-app-pr-2-tfqbh-1[0m stage [32mfrom-build-pack[0m and container [32mplace-tools[0m
Unable to retrieve container logs for docker://4ab465943566ea5a3cab6b145ae5d53fbf79f227f368544fcfdcd4319efed34e

Showing logs for build [32mentando-k8s-entando-de-app-pr-2-tfqbh-1[0m stage [32mfrom-build-pack[0m and container [32mstep-git-source-entando-k8s-entando-de-app-pr-2-tfqbh-8gcld[0m
Unable to retrieve container logs for docker://c1af49536277672fde118c61e4ec3d7ca45242880ded8a474633017b50cd711d

Showing logs for build [32mentando-k8s-entando-de-app-pr-2-tfqbh-1[0m stage [32mfrom-build-pack[0m and container [32mstep-setup-builder-home[0m
Unable to retrieve container logs for docker://343137129d16d767e9b21a47001c150692fa85226d15f060f8c20de2a2ef2c70

Showing logs for build [32mentando-k8s-entando-de-app-pr-2-tfqbh-1[0m stage [32mfrom-build-pack[0m and container [32mstep-git-merge[0m
Unable to retrieve container logs for docker://e083ca46b71d360af4385256edee9f088557dcad90d611556e4fbfb92395a551

Showing logs for build [32mentando-k8s-entando-de-app-pr-2-tfqbh-1[0m stage [32mfrom-build-pack[0m and container [32mstep-build-set-version[0m
Unable to retrieve container logs for docker://4386cf8c83be19273004dd2a3b8a7c3f3ff65e3c2a02985e0f6f5051f5032b1f

Showing logs for build [32mentando-k8s-entando-de-app-pr-2-tfqbh-1[0m stage [32mfrom-build-pack[0m and container [32mstep-build-mvn-verify[0m
Unable to retrieve container logs for docker://0c80705b3531520dda9b94820acc9550d20d9a13be3e7e0444d77d508b035514

Showing logs for build [32mentando-k8s-entando-de-app-pr-2-tfqbh-1[0m stage [32mfrom-build-pack[0m and container [32mstep-build-container-build[0m
Unable to retrieve container logs for docker://9a190b701f33ca604178528bd9212d576d1ee24018fc6c753743c57eab45837e

Showing logs for build [32mentando-k8s-entando-de-app-pr-2-tfqbh-1[0m stage [32mfrom-build-pack[0m and container [32mstep-postbuild-post-build[0m
Unable to retrieve container logs for docker://af1548a87ca0646f7d12896a5f39605851e0ff***151e4437a94506f3121ae74
