
Showing logs for build [32mmeta-entando-k8s-entando-k8s-db-jlnfn-1[0m stage [32mmeta-pipeline[0m and container [32mcredential-initializer[0m
{"level":"info","ts":1628156094.1517088,"caller":"creds-init/main.go:44","msg":"Credentials initialized."}

Showing logs for build [32mmeta-entando-k8s-entando-k8s-db-jlnfn-1[0m stage [32mmeta-pipeline[0m and container [32mworking-dir-initializer[0m

Showing logs for build [32mmeta-entando-k8s-entando-k8s-db-jlnfn-1[0m stage [32mmeta-pipeline[0m and container [32mplace-tools[0m

Showing logs for build [32mmeta-entando-k8s-entando-k8s-db-jlnfn-1[0m stage [32mmeta-pipeline[0m and container [32mstep-git-source-meta-entando-k8s-entando-k8s-db-jlnfn-2fj44[0m
{"level":"info","ts":1628156114.5721283,"caller":"git/git.go:105","msg":"Successfully cloned https://github.com/entando-k8s/entando-k8s-dbjob.git @ 7d0306014cbfb0c287e3833d262f2c33dfd3b506 in path /workspace/source"}
{"level":"warn","ts":1628156114.5724492,"caller":"git/git.go:152","msg":"Unexpected error: creating symlink: symlink /tekton/home/.ssh /****/.ssh: file exists"}
{"level":"info","ts":1628156114.6549582,"caller":"git/git.go:133","msg":"Successfully initialized and updated submodules in path /workspace/source"}

Showing logs for build [32mmeta-entando-k8s-entando-k8s-db-jlnfn-1[0m stage [32mmeta-pipeline[0m and container [32mstep-git-merge[0m
Using SHAs from PULL_REFS=master:7d0306014cbfb0c287e3833d262f2c33dfd3b506,7:8c55a47f68c54ba4bd264a956ef6b6c8ff831c5e
DEBUG: LC_ALL=C JX_LOG_LEVEL=error git fetch origin --unshallow 8c55a47f68c54ba4bd264a956ef6b6c8ff831c5e: 7d0306014cbfb0c287e3833d262f2c33dfd3b506:
DEBUG: ran git fetch --unshallow origin 8c55a47f68c54ba4bd264a956ef6b6c8ff831c5e: 7d0306014cbfb0c287e3833d262f2c33dfd3b506: in 
DEBUG: LC_ALL=C JX_LOG_LEVEL=error git branch
DEBUG: LC_ALL=C JX_LOG_LEVEL=error git checkout master
DEBUG: ran git checkout master in 
DEBUG: LC_ALL=C JX_LOG_LEVEL=error git reset --hard 7d0306014cbfb0c287e3833d262f2c33dfd3b506
DEBUG: ran git reset --hard 7d0306014cbfb0c287e3833d262f2c33dfd3b506 in 
DEBUG: LC_ALL=C JX_LOG_LEVEL=error git clean -fd .
DEBUG: ran clean --force -d . in 
DEBUG: LC_ALL=C JX_LOG_LEVEL=error git merge 8c55a47f68c54ba4bd264a956ef6b6c8ff831c5e
DEBUG: ran git merge 8c55a47f68c54ba4bd264a956ef6b6c8ff831c5e in 
DEBUG: LC_ALL=C JX_LOG_LEVEL=error git log --format=%H%x1f%an%x1f%ae%x1f%cn%x1f%ce%x1f%s%n%b%x1e 7d0306014cbfb0c287e3833d262f2c33dfd3b506..HEAD
Merged SHA 8c55a47f68c54ba4bd264a956ef6b6c8ff831c5e with commit message 'ENG-2585 bumped to latest baseimage' into base branch master

Showing logs for build [32mmeta-entando-k8s-entando-k8s-db-jlnfn-1[0m stage [32mmeta-pipeline[0m and container [32mstep-merge-pull-refs[0m
DEBUG: LC_ALL=C JX_LOG_LEVEL=error git fetch origin --unshallow 8c55a47f68c54ba4bd264a956ef6b6c8ff831c5e: 7d0306014cbfb0c287e3833d262f2c33dfd3b506:
DEBUG: JX_LOG_LEVEL=error LC_ALL=C git fetch origin 8c55a47f68c54ba4bd264a956ef6b6c8ff831c5e: 7d0306014cbfb0c287e3833d262f2c33dfd3b506:
DEBUG: ran git fetch origin 8c55a47f68c54ba4bd264a956ef6b6c8ff831c5e: 7d0306014cbfb0c287e3833d262f2c33dfd3b506: in 
DEBUG: LC_ALL=C JX_LOG_LEVEL=error git rev-parse --is-shallow-repository
DEBUG: Unshallowed git repo in 
DEBUG: LC_ALL=C JX_LOG_LEVEL=error git branch
DEBUG: LC_ALL=C JX_LOG_LEVEL=error git checkout master
DEBUG: ran git checkout master in 
DEBUG: LC_ALL=C JX_LOG_LEVEL=error git reset --hard 7d0306014cbfb0c287e3833d262f2c33dfd3b506
DEBUG: ran git reset --hard 7d0306014cbfb0c287e3833d262f2c33dfd3b506 in 
DEBUG: LC_ALL=C JX_LOG_LEVEL=error git clean -fd .
DEBUG: ran clean --force -d . in 
DEBUG: LC_ALL=C JX_LOG_LEVEL=error git merge 8c55a47f68c54ba4bd264a956ef6b6c8ff831c5e
DEBUG: ran git merge 8c55a47f68c54ba4bd264a956ef6b6c8ff831c5e in 
DEBUG: LC_ALL=C JX_LOG_LEVEL=error git log --format=%H%x1f%an%x1f%ae%x1f%cn%x1f%ce%x1f%s%n%b%x1e 7d0306014cbfb0c287e3833d262f2c33dfd3b506..HEAD
Merged SHA 8c55a47f68c54ba4bd264a956ef6b6c8ff831c5e with commit message 'ENG-2585 bumped to latest baseimage' into base branch master

Showing logs for build [32mmeta-entando-k8s-entando-k8s-db-jlnfn-1[0m stage [32mmeta-pipeline[0m and container [32mstep-create-effective-pipeline[0m
error: no build pack for entando-maven-docker exists at directory /tekton/home/.**/draft/packs/github.com/jenkins-x-buildpacks/jenkins-x-kubernetes/packs/entando-maven-docker
[31m
Pipeline failed on stage 'meta-pipeline' : container 'step-create-effective-pipeline'. The execution of the pipeline has stopped.[0m
