
Showing logs for build [32mentando-k8s-entando-k8s-service-t8t87-3[0m stage [32mfrom-build-pack[0m and container [32mcredential-initializer[0m
Unable to retrieve container logs for docker://3e32e1ad9394d80ac02d29ee61949d0fbec0785155304e47127508bb66976f3c

Showing logs for build [32mentando-k8s-entando-k8s-service-t8t87-3[0m stage [32mfrom-build-pack[0m and container [32mworking-dir-initializer[0m
Unable to retrieve container logs for docker://7f9c7d187b485e618091d46a5fe84d121e2e26659d752569ed0ac8f46f198d42

Showing logs for build [32mentando-k8s-entando-k8s-service-t8t87-3[0m stage [32mfrom-build-pack[0m and container [32mplace-tools[0m
Unable to retrieve container logs for docker://a605050eb1097e7e3ed4c5ae772c863577cdfcb32b134e10044915d33c32f97e

Showing logs for build [32mentando-k8s-entando-k8s-service-t8t87-3[0m stage [32mfrom-build-pack[0m and container [32mstep-git-source-entando-k8s-entando-k8s-service-t8t87-qtvvw[0m
Unable to retrieve container logs for docker://fecab7c93449395923c0db2e26198e4f6b1b5440ddccff2dd81ecad95103db06

Showing logs for build [32mentando-k8s-entando-k8s-service-t8t87-3[0m stage [32mfrom-build-pack[0m and container [32mstep-setup-builder-home[0m
Unable to retrieve container logs for docker://323cfc4266fc076193ff3b3be6a77a67ef02b682f5bdb***e1c8b3400a6dc01d

Showing logs for build [32mentando-k8s-entando-k8s-service-t8t87-3[0m stage [32mfrom-build-pack[0m and container [32mstep-git-merge[0m
Unable to retrieve container logs for docker://36fbbab3509a94249301fec2f8feb362d7d74cf3d091b039685f35f953b21c54

Showing logs for build [32mentando-k8s-entando-k8s-service-t8t87-3[0m stage [32mfrom-build-pack[0m and container [32mstep-setup-jx-git-credentials[0m
Unable to retrieve container logs for docker://aca9f82708a2774a490674bcc87c4f6c9eff8d3a417d8d506473037b4529b14a

Showing logs for build [32mentando-k8s-entando-k8s-service-t8t87-3[0m stage [32mfrom-build-pack[0m and container [32mstep-build-fetch-history-for-sonar[0m
Unable to retrieve container logs for docker://f0b95ca801da764ca41154047a3b807b159907edfeefa75a770b10467856d919

Showing logs for build [32mentando-k8s-entando-k8s-service-t8t87-3[0m stage [32mfrom-build-pack[0m and container [32mstep-build-mvn-deploy-release[0m
Unable to retrieve container logs for docker://d8ed6e19b447493c4ecd9f5b32fd076facc75ee80bc3591a5343ac4a0e9d0506

Showing logs for build [32mentando-k8s-entando-k8s-service-t8t87-3[0m stage [32mfrom-build-pack[0m and container [32mstep-build-container-build[0m
Unable to retrieve container logs for docker://24b70dc0ccad4b4e4038307c42ed5a72e6c2c696fd4194351b736a0b73721158

Showing logs for build [32mentando-k8s-entando-k8s-service-t8t87-3[0m stage [32mfrom-build-pack[0m and container [32mstep-postbuild-post-build[0m
Unable to retrieve container logs for docker://9241814e3c062b52c090ee827c4e76546a260b3a3ef789424195d1d1cb76fb27

Showing logs for build [32mentando-k8s-entando-k8s-service-t8t87-3[0m stage [32mfrom-build-pack[0m and container [32mstep-promote-changelog[0m
Unable to retrieve container logs for docker://a28c2a3188f65d335237beab635f0308972ea92492db882d11737ecd19876858

Showing logs for build [32mentando-k8s-entando-k8s-service-t8t87-3[0m stage [32mfrom-build-pack[0m and container [32mstep-promote-update-image-map[0m
Unable to retrieve container logs for docker://42832c51ec339e0ead74193f0d946d5ac622151e655f1644cd5ac3b6bd97b32f
