
Showing logs for build [32mentando-k8s-entando-k8s-service-2fwmr-7[0m stage [32mfrom-build-pack[0m and container [32mcredential-initializer[0m
Unable to retrieve container logs for docker://f5c493d1e3986e79d6b2696340037b2788ae47c50beaad55e0c75c56b7d24b4f

Showing logs for build [32mentando-k8s-entando-k8s-service-2fwmr-7[0m stage [32mfrom-build-pack[0m and container [32mworking-dir-initializer[0m
Unable to retrieve container logs for docker://29b4435e35e5a115d224b9c2478eb66dbb570b825b46a357507acf48acc7286e

Showing logs for build [32mentando-k8s-entando-k8s-service-2fwmr-7[0m stage [32mfrom-build-pack[0m and container [32mplace-tools[0m
Unable to retrieve container logs for docker://b953ee9fa84fc82de7551d3d2ae9b35f0ac6407d470fda374ad3ca426ed76475

Showing logs for build [32mentando-k8s-entando-k8s-service-2fwmr-7[0m stage [32mfrom-build-pack[0m and container [32mstep-git-source-entando-k8s-entando-k8s-service-2fwmr-6xcll[0m
Unable to retrieve container logs for docker://4e584bb0d756ae5d68d314e0c85e2b759fae7ef0e876f36385f4ab626d77514e

Showing logs for build [32mentando-k8s-entando-k8s-service-2fwmr-7[0m stage [32mfrom-build-pack[0m and container [32mstep-setup-builder-home[0m
Unable to retrieve container logs for docker://b51266b2ef92921068071b0454be3a33311e4e9675988d1d429c707e74199739

Showing logs for build [32mentando-k8s-entando-k8s-service-2fwmr-7[0m stage [32mfrom-build-pack[0m and container [32mstep-git-merge[0m
Unable to retrieve container logs for docker://31d68c21c2e18a50b68995fdbb9a1e30e4c8c139bc81f77dfeca4c9d7b4efa1b

Showing logs for build [32mentando-k8s-entando-k8s-service-2fwmr-7[0m stage [32mfrom-build-pack[0m and container [32mstep-setup-jx-git-credentials[0m
Unable to retrieve container logs for docker://c8cd0acf2aeb477538b038f06972c60faca4b9b65c23c17950d0055c94d3c049

Showing logs for build [32mentando-k8s-entando-k8s-service-2fwmr-7[0m stage [32mfrom-build-pack[0m and container [32mstep-build-fetch-history-for-sonar[0m
Unable to retrieve container logs for docker://1c3344518c1f563de4926d37485a096a6ef42c166c8e63535630eff0f135e63b

Showing logs for build [32mentando-k8s-entando-k8s-service-2fwmr-7[0m stage [32mfrom-build-pack[0m and container [32mstep-build-mvn-deploy-release[0m
Unable to retrieve container logs for docker://bc23717500270143356aa815303ed81dcea03c61bccf1b4b115e78e873bdd62e

Showing logs for build [32mentando-k8s-entando-k8s-service-2fwmr-7[0m stage [32mfrom-build-pack[0m and container [32mstep-build-container-build[0m
Unable to retrieve container logs for docker://966644c4269ea80d2fecaecb72a65d3b0242932589b3df18002461e6ee884756

Showing logs for build [32mentando-k8s-entando-k8s-service-2fwmr-7[0m stage [32mfrom-build-pack[0m and container [32mstep-postbuild-post-build[0m
Unable to retrieve container logs for docker://6547216e561066215e0e7a1c6a7ee87d81294a54718eaa56a9b5937098e22352

Showing logs for build [32mentando-k8s-entando-k8s-service-2fwmr-7[0m stage [32mfrom-build-pack[0m and container [32mstep-promote-changelog[0m
Unable to retrieve container logs for docker://b9b14e1c3f800d547d344faa6a3a262d2b4cecc18215b00f4782edc24c498716

Showing logs for build [32mentando-k8s-entando-k8s-service-2fwmr-7[0m stage [32mfrom-build-pack[0m and container [32mstep-promote-update-image-map[0m
Unable to retrieve container logs for docker://a730683a01ca3219f6bbaa98f416ca28c8c5316fc9f93671d70e2c8676e53719
