
Showing logs for build [32mentando-entando-core-parent-pr-6q9zq-2[0m stage [32mfrom-build-pack[0m and container [32mcredential-initializer[0m
{"level":"info","ts":1625861446.8773954,"caller":"creds-init/main.go:44","msg":"Credentials initialized."}

Showing logs for build [32mentando-entando-core-parent-pr-6q9zq-2[0m stage [32mfrom-build-pack[0m and container [32mworking-dir-initializer[0m

Showing logs for build [32mentando-entando-core-parent-pr-6q9zq-2[0m stage [32mfrom-build-pack[0m and container [32mplace-tools[0m

Showing logs for build [32mentando-entando-core-parent-pr-6q9zq-2[0m stage [32mfrom-build-pack[0m and container [32mstep-git-source-entando-entando-core-parent-pr-6q9zq-w4w8p[0m
{"level":"info","ts":1625861543.0755804,"caller":"git/git.go:105","msg":"Successfully cloned https://github.com/entando/entando-core-parent.git @ master in path /workspace/source"}
{"level":"warn","ts":1625861543.0757113,"caller":"git/git.go:152","msg":"Unexpected error: creating symlink: symlink /tekton/home/.ssh /****/.ssh: file exists"}
{"level":"info","ts":1625861543.1557026,"caller":"git/git.go:133","msg":"Successfully initialized and updated submodules in path /workspace/source"}

Showing logs for build [32mentando-entando-core-parent-pr-6q9zq-2[0m stage [32mfrom-build-pack[0m and container [32mstep-setup-builder-home[0m

Showing logs for build [32mentando-entando-core-parent-pr-6q9zq-2[0m stage [32mfrom-build-pack[0m and container [32mstep-git-merge[0m
Using SHAs from PULL_REFS=master:5c7d381f04602c68085ff158f0ea01db6c7ec7da,28:67b51ef2949d2d79c59a21c7f4b61feb0d8cd6bc
DEBUG: LC_ALL=C JX_LOG_LEVEL=error git fetch origin --unshallow 67b51ef2949d2d79c59a21c7f4b61feb0d8cd6bc: 5c7d381f04602c68085ff158f0ea01db6c7ec7da:
DEBUG: ran git fetch --unshallow origin 67b51ef2949d2d79c59a21c7f4b61feb0d8cd6bc: 5c7d381f04602c68085ff158f0ea01db6c7ec7da: in 
DEBUG: LC_ALL=C JX_LOG_LEVEL=error git branch
DEBUG: LC_ALL=C JX_LOG_LEVEL=error git checkout master
DEBUG: ran git checkout master in 
DEBUG: JX_LOG_LEVEL=error LC_ALL=C git reset --hard 5c7d381f04602c68085ff158f0ea01db6c7ec7da
DEBUG: ran git reset --hard 5c7d381f04602c68085ff158f0ea01db6c7ec7da in 
DEBUG: JX_LOG_LEVEL=error LC_ALL=C git clean -fd .
DEBUG: ran clean --force -d . in 
DEBUG: LC_ALL=C JX_LOG_LEVEL=error git merge 67b51ef2949d2d79c59a21c7f4b61feb0d8cd6bc
DEBUG: ran git merge 67b51ef2949d2d79c59a21c7f4b61feb0d8cd6bc in 
DEBUG: LC_ALL=C JX_LOG_LEVEL=error git log --format=%H%x1f%an%x1f%ae%x1f%cn%x1f%ce%x1f%s%n%b%x1e 5c7d381f04602c68085ff158f0ea01db6c7ec7da..HEAD
Merged SHA bbb2d9bb3a160c3c45c780942051efb2d821a348 with commit message 'Merge commit '67b51ef2949d2d79c59a21c7f4b61feb0d8cd6bc'' into base branch master
Merged SHA 67b51ef2949d2d79c59a21c7f4b61feb0d8cd6bc with commit message 'ENG-2178 Rolling back swagger version update due to inconsistencies in the newest versions' into base branch master

Showing logs for build [32mentando-entando-core-parent-pr-6q9zq-2[0m stage [32mfrom-build-pack[0m and container [32mstep-build-set-version[0m
Picked up _JAVA_OPTIONS: -XX:+UnlockExperimentalVMOptions -Dsun.zip.disableMemoryMapping=**** -XX:+UseParallelGC -XX:MinHeapFreeRatio=5 -XX:MaxHeapFreeRatio=10 -XX:GCTimeRatio=4 -XX:AdaptiveSizePolicyWeight=90 -Xms10m -Xmx8000m
[INFO] Scanning for projects...
[WARNING] 
[WARNING] Some problems were encountered while building the effective model for org.entando:entando-core-parent:pom:6.4.0-SNAPSHOT
[WARNING] 'dependencyManagement.dependencies.dependency.(groupId:artifactId:type:classifier)' must be unique: org.springframework:spring-tx:jar -> version (?) vs ${spring.version} @ line 625, column 25
[WARNING] 
[WARNING] It is highly recommended to fix these problems because they threaten the stability of your build.
[WARNING] 
[WARNING] For this reason, future Maven versions might no longer support building such malformed projects.
[WARNING] 
[INFO] 
[INFO] ------------------< org.entando:entando-core-parent >-------------------
[INFO] Building Entando Core Maven Parent POM 6.4.0-SNAPSHOT
[INFO] --------------------------------[ pom ]---------------------------------
[INFO] 
[INFO] --- versions-maven-plugin:2.8.1:set (default-cli) @ entando-core-parent ---
[INFO] Local aggregation ****: /workspace/source
[INFO] Processing change of org.entando:entando-core-parent:6.4.0-SNAPSHOT -> 0.0.0-SNAPSHOT-PR-28-2
[INFO] Processing org.entando:entando-core-parent
[INFO]     Updating project org.entando:entando-core-parent
[INFO]         from version 6.4.0-SNAPSHOT to 0.0.0-SNAPSHOT-PR-28-2
[INFO] 
[INFO] ------------------------------------------------------------------------
[INFO] BUILD SUCCESS
[INFO] ------------------------------------------------------------------------
[INFO] Total time:  10.469 s
[INFO] Finished at: 2021-07-09T20:12:38Z
[INFO] ------------------------------------------------------------------------

Showing logs for build [32mentando-entando-core-parent-pr-6q9zq-2[0m stage [32mfrom-build-pack[0m and container [32mstep-build-mvn-verify[0m
Picked up _JAVA_OPTIONS: -XX:+UnlockExperimentalVMOptions -Dsun.zip.disableMemoryMapping=**** -XX:+UseParallelGC -XX:MinHeapFreeRatio=5 -XX:MaxHeapFreeRatio=10 -XX:GCTimeRatio=4 -XX:AdaptiveSizePolicyWeight=90 -Xms10m -Xmx8000m
[INFO] Scanning for projects...
[WARNING] 
[WARNING] Some problems were encountered while building the effective model for org.entando:entando-core-parent:pom:0.0.0-SNAPSHOT-PR-28-2
[WARNING] 'dependencyManagement.dependencies.dependency.(groupId:artifactId:type:classifier)' must be unique: org.springframework:spring-tx:jar -> version (?) vs ${spring.version} @ line 625, column 25
[WARNING] 
[WARNING] It is highly recommended to fix these problems because they threaten the stability of your build.
[WARNING] 
[WARNING] For this reason, future Maven versions might no longer support building such malformed projects.
[WARNING] 
[INFO] 
[INFO] ------------------< org.entando:entando-core-parent >-------------------
[INFO] Building Entando Core Maven Parent POM 0.0.0-SNAPSHOT-PR-28-2
[INFO] --------------------------------[ pom ]---------------------------------
[INFO] 
[INFO] --- maven-clean-plugin:2.5:clean (default-clean) @ entando-core-parent ---
[INFO] 
[INFO] --- maven-resources-plugin:2.5:copy-resources (copy-resources-test) @ entando-core-parent ---
[debug] e**cute contextualize
[INFO] Using 'UTF-8' encoding to copy filtered resources.
[INFO] skip non existing resourceDirectory /workspace/source/src/test/config
[INFO] 
[INFO] --- maven-resources-plugin:2.5:copy-resources (copy-resources-file-test-) @ entando-core-parent ---
[debug] e**cute contextualize
[INFO] Using 'UTF-8' encoding to copy filtered resources.
[INFO] skip non existing resourceDirectory /workspace/source/src/test/config
[INFO] 
[INFO] --- maven-surefire-report-plugin:3.0.0-M4:failsafe-report-only (integration-tests) @ entando-core-parent ---
[INFO] 
[INFO] --- maven-surefire-report-plugin:3.0.0-M4:report-only (unit-tests) @ entando-core-parent ---
[WARNING] Unable to locate Test Source XRef to link to - DISABLED
[INFO] ------------------------------------------------------------------------
[INFO] BUILD SUCCESS
[INFO] ------------------------------------------------------------------------
[INFO] Total time:  3.812 s
[INFO] Finished at: 2021-07-09T20:12:43Z
[INFO] ------------------------------------------------------------------------
