
Showing logs for build [32mentando-k8s-entando-k8s-keycloa-l2z2j-2[0m stage [32mfrom-build-pack[0m and container [32mcredential-initializer[0m
Unable to retrieve container logs for docker://11d9045e7751e416f4baeb3b0642f946662452597c58101a72c64ae019e2ba67

Showing logs for build [32mentando-k8s-entando-k8s-keycloa-l2z2j-2[0m stage [32mfrom-build-pack[0m and container [32mworking-dir-initializer[0m
Unable to retrieve container logs for docker://9923003f145cb45174b06bfeccfda43e86b1b8bf08e9f9160f544508430b740f

Showing logs for build [32mentando-k8s-entando-k8s-keycloa-l2z2j-2[0m stage [32mfrom-build-pack[0m and container [32mplace-tools[0m
Unable to retrieve container logs for docker://e1dbb288e27bbe6f4a24f0534c2416351e6e2c5fac998420a5d6db8668e6987a

Showing logs for build [32mentando-k8s-entando-k8s-keycloa-l2z2j-2[0m stage [32mfrom-build-pack[0m and container [32mstep-git-source-entando-k8s-entando-k8s-keycloa-l2z2j-w85bt[0m
Unable to retrieve container logs for docker://cadfa48e8f50dd5691a259e487bb8d36445694d0929090022252d21b58d90529

Showing logs for build [32mentando-k8s-entando-k8s-keycloa-l2z2j-2[0m stage [32mfrom-build-pack[0m and container [32mstep-setup-builder-home[0m
Unable to retrieve container logs for docker://3869510a3103c10de8140fa4143f026848714bd9b755346ff99d985e73530069

Showing logs for build [32mentando-k8s-entando-k8s-keycloa-l2z2j-2[0m stage [32mfrom-build-pack[0m and container [32mstep-git-merge[0m
Unable to retrieve container logs for docker://2078e17c955a037242ffbe90ee5dd140ea48b76f6d74777ddfb82cf37719f064

Showing logs for build [32mentando-k8s-entando-k8s-keycloa-l2z2j-2[0m stage [32mfrom-build-pack[0m and container [32mstep-setup-jx-git-credentials[0m
Unable to retrieve container logs for docker://fa10ea8f716a375531c047215d6027136bb9d31ccc259825a178a85707e4693a

Showing logs for build [32mentando-k8s-entando-k8s-keycloa-l2z2j-2[0m stage [32mfrom-build-pack[0m and container [32mstep-build-fetch-history-for-sonar[0m
Unable to retrieve container logs for docker://035ec331893176635015b8488d55b34b1a45f8aea2960c659b9c0639b21a220e

Showing logs for build [32mentando-k8s-entando-k8s-keycloa-l2z2j-2[0m stage [32mfrom-build-pack[0m and container [32mstep-build-mvn-deploy-release[0m
Unable to retrieve container logs for docker://3e48e0955f8af42a450bc88ce08ed443aa2ff7e0f8b1b265484c5790f7ded84e

Showing logs for build [32mentando-k8s-entando-k8s-keycloa-l2z2j-2[0m stage [32mfrom-build-pack[0m and container [32mstep-build-container-build[0m
Unable to retrieve container logs for docker://14ea79a891de0824226aa00458166a2221b50d118bddd1210b45663ca6b47640

Showing logs for build [32mentando-k8s-entando-k8s-keycloa-l2z2j-2[0m stage [32mfrom-build-pack[0m and container [32mstep-postbuild-post-build[0m
Unable to retrieve container logs for docker://54ae3690ec8eb93a4b89a1ceba660731a07580140e68dd2a29df9e538505fa32

Showing logs for build [32mentando-k8s-entando-k8s-keycloa-l2z2j-2[0m stage [32mfrom-build-pack[0m and container [32mstep-promote-changelog[0m
Unable to retrieve container logs for docker://b97892731e49be5f62049da59c2511551769e290d62d7c607d6081e349a77f2a

Showing logs for build [32mentando-k8s-entando-k8s-keycloa-l2z2j-2[0m stage [32mfrom-build-pack[0m and container [32mstep-promote-update-image-map[0m
Unable to retrieve container logs for docker://d6e257fc118d851edfe4dd207ab4b35c1f06349159fda71f570b71f849574637
