
Showing logs for build [32mentando-entando-process-driven-8l46x-1[0m stage [32mfrom-build-pack[0m and container [32mcredential-initializer[0m
Unable to retrieve container logs for docker://dbaf87641ad64e60bf51799e60877c410b74bca3b89b6f331d6724a6a32d9714

Showing logs for build [32mentando-entando-process-driven-8l46x-1[0m stage [32mfrom-build-pack[0m and container [32mworking-dir-initializer[0m
Unable to retrieve container logs for docker://a751e8615298006ccd878b26be52a84b04129d9864ca557b7febc0e4b24ca569

Showing logs for build [32mentando-entando-process-driven-8l46x-1[0m stage [32mfrom-build-pack[0m and container [32mplace-tools[0m
Unable to retrieve container logs for docker://035b025adcbbe924ecc0d4170464db76095e50f49cad046104db0eea7e5cb65b

Showing logs for build [32mentando-entando-process-driven-8l46x-1[0m stage [32mfrom-build-pack[0m and container [32mstep-git-source-entando-entando-process-driven-8l46x-gwhhp[0m
Unable to retrieve container logs for docker://7ae2673127a2da7666802244022c84255aed41a804d89c3e90564a5e3c27075f

Showing logs for build [32mentando-entando-process-driven-8l46x-1[0m stage [32mfrom-build-pack[0m and container [32mstep-setup-builder-home[0m
Unable to retrieve container logs for docker://e069446776325705286db275a77771662c147a20cd373063524bb1b958682604

Showing logs for build [32mentando-entando-process-driven-8l46x-1[0m stage [32mfrom-build-pack[0m and container [32mstep-git-merge[0m
Unable to retrieve container logs for docker://6b4a951a7ac33c569dbee973813d1b20834d89e96d8712299f876b0028396e7d

Showing logs for build [32mentando-entando-process-driven-8l46x-1[0m stage [32mfrom-build-pack[0m and container [32mstep-build-set-version[0m
Unable to retrieve container logs for docker://84e963605c86923c337e73e4c5d4824ef524641aa549b146369f84ba53e9dc19

Showing logs for build [32mentando-entando-process-driven-8l46x-1[0m stage [32mfrom-build-pack[0m and container [32mstep-build-fix-git-for-sonar[0m
Unable to retrieve container logs for docker://a4f745efe84b872a0ab14f5eb5454c217fc84f397a900d0564cfbd36c7c9f40a

Showing logs for build [32mentando-entando-process-driven-8l46x-1[0m stage [32mfrom-build-pack[0m and container [32mstep-build-mvn-verify-pr[0m
Unable to retrieve container logs for docker://711360cc53be481db355025da55d7c054b2f3d500cd66011a94b6a54a6fb6d9a
[31m
Pipeline failed on stage 'from-build-pack' : container 'step-build-mvn-verify-pr'. The execution of the pipeline has stopped.[0m
