
Showing logs for build [32mentando-entando-process-driven-cvs6x-2[0m stage [32mfrom-build-pack[0m and container [32mcredential-initializer[0m
Unable to retrieve container logs for docker://31ec40a0ea387f618bf9dbb03374156b115f57ea74a29279304d7fa5d3b11e52

Showing logs for build [32mentando-entando-process-driven-cvs6x-2[0m stage [32mfrom-build-pack[0m and container [32mworking-dir-initializer[0m
Unable to retrieve container logs for docker://27f8ccf23c8fae4759408f6babc5c66537c3a25e95eef54fdeaed92e3a2b0948

Showing logs for build [32mentando-entando-process-driven-cvs6x-2[0m stage [32mfrom-build-pack[0m and container [32mplace-tools[0m
Unable to retrieve container logs for docker://faf7ad389dd68f2639395d5e34ed4b18253a62d15d7d2b6e213afbe36448a156

Showing logs for build [32mentando-entando-process-driven-cvs6x-2[0m stage [32mfrom-build-pack[0m and container [32mstep-git-source-entando-entando-process-driven-cvs6x-vvmf5[0m
Unable to retrieve container logs for docker://1cccfee1e2177737f545797d77c15529b9f59d8d88fa963b109602766291b204

Showing logs for build [32mentando-entando-process-driven-cvs6x-2[0m stage [32mfrom-build-pack[0m and container [32mstep-setup-builder-home[0m
Unable to retrieve container logs for docker://43b743c3d0f7c45d61f4c8ab38092f18be4e3d4cb9ebac596501088609318401

Showing logs for build [32mentando-entando-process-driven-cvs6x-2[0m stage [32mfrom-build-pack[0m and container [32mstep-git-merge[0m
Unable to retrieve container logs for docker://761334b36a79b65859269041688d615389f88bbdd389232a50c0b4166ab42b7d

Showing logs for build [32mentando-entando-process-driven-cvs6x-2[0m stage [32mfrom-build-pack[0m and container [32mstep-build-set-version[0m
Unable to retrieve container logs for docker://61b95ac9013d731e4891198d3c3008421ff460a9d1e92e0187d8a1f0d2ed8b7e

Showing logs for build [32mentando-entando-process-driven-cvs6x-2[0m stage [32mfrom-build-pack[0m and container [32mstep-build-fix-git-for-sonar[0m
Unable to retrieve container logs for docker://d9b024a7103c4e587cb0ff4eab63cb5f3e2e914b3b2ee56133ada87667f10874

Showing logs for build [32mentando-entando-process-driven-cvs6x-2[0m stage [32mfrom-build-pack[0m and container [32mstep-build-mvn-verify-pr[0m
Unable to retrieve container logs for docker://1551c82b9fb39906da7a2e06c5c89439bdbfb0dda1be9149527ee8984c6d6c6b
[31m
Pipeline failed on stage 'from-build-pack' : container 'step-build-mvn-verify-pr'. The execution of the pipeline has stopped.[0m
