
Showing logs for build [32mentando-entando-cms-master-rele-vcqxq-36[0m stage [32mfrom-build-pack[0m and container [32mcredential-initializer[0m
Unable to retrieve container logs for docker://22af21007027587fd897fb5370f63d3476846310121b8a76b5505e086f6c3150

Showing logs for build [32mentando-entando-cms-master-rele-vcqxq-36[0m stage [32mfrom-build-pack[0m and container [32mworking-dir-initializer[0m
Unable to retrieve container logs for docker://f8653447fc6ebe7e752fecf6b9ac2b2af93bb8ffb449b50baed302d26d92517d

Showing logs for build [32mentando-entando-cms-master-rele-vcqxq-36[0m stage [32mfrom-build-pack[0m and container [32mplace-tools[0m
Unable to retrieve container logs for docker://7a99d7ffc5fa4c274eac7f80f8a7ee6820f9665cf22599472209059bea900c29

Showing logs for build [32mentando-entando-cms-master-rele-vcqxq-36[0m stage [32mfrom-build-pack[0m and container [32mstep-git-source-entando-entando-cms-master-rele-vcqxq-nfrrw[0m
Unable to retrieve container logs for docker://528eb646189086677d28d2ad09bbd43dd7a1b37153f6c34f3a26f44c3b47d374

Showing logs for build [32mentando-entando-cms-master-rele-vcqxq-36[0m stage [32mfrom-build-pack[0m and container [32mstep-setup-builder-home[0m
Unable to retrieve container logs for docker://67268e8eb0725f66405104639cf63945ebcf03231d20cb654a063dcd9fa31e7b

Showing logs for build [32mentando-entando-cms-master-rele-vcqxq-36[0m stage [32mfrom-build-pack[0m and container [32mstep-git-merge[0m
Unable to retrieve container logs for docker://d1d2f55ef7714a58d74824e5b96d412411cee86e3f7e3513c4cddc6d44ac4e47

Showing logs for build [32mentando-entando-cms-master-rele-vcqxq-36[0m stage [32mfrom-build-pack[0m and container [32mstep-setup-jx-git-credentials[0m
Unable to retrieve container logs for docker://484c14b52e14e5707e77205dbd329076e31a5c8fecf3261dd531a7f1fea0be74

Showing logs for build [32mentando-entando-cms-master-rele-vcqxq-36[0m stage [32mfrom-build-pack[0m and container [32mstep-build-npm-install[0m
Unable to retrieve container logs for docker://86b00acd1aad22314cfceac438f764256d2bb4bd20c85015ac91a1824bb1912c

Showing logs for build [32mentando-entando-cms-master-rele-vcqxq-36[0m stage [32mfrom-build-pack[0m and container [32mstep-build-npm-test[0m
Unable to retrieve container logs for docker://82215b41a1059312bdaf721745f96a6646895420dcf16901b761df0437782243

Showing logs for build [32mentando-entando-cms-master-rele-vcqxq-36[0m stage [32mfrom-build-pack[0m and container [32mstep-build-npm-build[0m
Unable to retrieve container logs for docker://791299e52221092972a1***ed23364549997337832f99e4cc8bdd3081c277a08
