
Showing logs for build [32mentando-entando-cms-master-rele-7mh2x-37[0m stage [32mfrom-build-pack[0m and container [32mcredential-initializer[0m
Unable to retrieve container logs for docker://b6baedce64bea10578a2fb4510ef383ed503323ca4f23d3bc3dffdd819e6dc48

Showing logs for build [32mentando-entando-cms-master-rele-7mh2x-37[0m stage [32mfrom-build-pack[0m and container [32mworking-dir-initializer[0m
Unable to retrieve container logs for docker://3524ab7525ec2208b2d4b10403a20c7e3fbc83bca593777157925660731abe18

Showing logs for build [32mentando-entando-cms-master-rele-7mh2x-37[0m stage [32mfrom-build-pack[0m and container [32mplace-tools[0m
Unable to retrieve container logs for docker://36291e1d3aef06458f431c4817ed545dc3e47d280ee80e6a1d76de4dbff09403

Showing logs for build [32mentando-entando-cms-master-rele-7mh2x-37[0m stage [32mfrom-build-pack[0m and container [32mstep-git-source-entando-entando-cms-master-rele-7mh2x-gmq5b[0m
Unable to retrieve container logs for docker://de7a686e8cc35a5c9c9ce9fa9e2d154d3da1ebce0789d72ea297bb55a003cf09

Showing logs for build [32mentando-entando-cms-master-rele-7mh2x-37[0m stage [32mfrom-build-pack[0m and container [32mstep-setup-builder-home[0m
Unable to retrieve container logs for docker://d3edb5481b93986ce23a8123795c5d605a2c929adcaf3e44805a64fc6f2f7d65

Showing logs for build [32mentando-entando-cms-master-rele-7mh2x-37[0m stage [32mfrom-build-pack[0m and container [32mstep-git-merge[0m
Unable to retrieve container logs for docker://71f738b3993a3c09a4b7ec44da53595653408f367f0bb6426e5c9df73423e452

Showing logs for build [32mentando-entando-cms-master-rele-7mh2x-37[0m stage [32mfrom-build-pack[0m and container [32mstep-setup-jx-git-credentials[0m
Unable to retrieve container logs for docker://70583a10d63f714c967947fe2af4ff11cd84e843c5522b23b45a1e16930c1f6e

Showing logs for build [32mentando-entando-cms-master-rele-7mh2x-37[0m stage [32mfrom-build-pack[0m and container [32mstep-build-npm-install[0m
Unable to retrieve container logs for docker://e81f3d7a1340222604e3c4477b373e4614fc2665f1ae7ae0aee43e5fce1139e2

Showing logs for build [32mentando-entando-cms-master-rele-7mh2x-37[0m stage [32mfrom-build-pack[0m and container [32mstep-build-npm-test[0m
Unable to retrieve container logs for docker://32f3642c4403d3649509a4f61abb006704cf80013082cd063ed0646d64024747

Showing logs for build [32mentando-entando-cms-master-rele-7mh2x-37[0m stage [32mfrom-build-pack[0m and container [32mstep-build-npm-build[0m
Unable to retrieve container logs for docker://791d8a5c48d8f406eb135b01a3302315d6fcaf99e70b4d1f61d5e844ac9e7b0c
