
Showing logs for build [32mentando-entando-cms-master-rele-xww6p-41[0m stage [32mfrom-build-pack[0m and container [32mcredential-initializer[0m
Unable to retrieve container logs for docker://28e8c91069c08b34d0f4081c7369b47bff9fafa318ba8a5dc2a3492aef41c953

Showing logs for build [32mentando-entando-cms-master-rele-xww6p-41[0m stage [32mfrom-build-pack[0m and container [32mworking-dir-initializer[0m
Unable to retrieve container logs for docker://04f0562c427256782064cd79057f3f63b39001c914d21111cf671bad621c9637

Showing logs for build [32mentando-entando-cms-master-rele-xww6p-41[0m stage [32mfrom-build-pack[0m and container [32mplace-tools[0m
Unable to retrieve container logs for docker://079347a5f9759f728515d77893a919013bbf7c0470be8c642550099***56c937

Showing logs for build [32mentando-entando-cms-master-rele-xww6p-41[0m stage [32mfrom-build-pack[0m and container [32mstep-git-source-entando-entando-cms-master-rele-xww6p-wq8r9[0m
Unable to retrieve container logs for docker://b4021c48cbcef87e73cb74ef30f0a224f93de7b9c2c2f21284bb0341ae71eb10

Showing logs for build [32mentando-entando-cms-master-rele-xww6p-41[0m stage [32mfrom-build-pack[0m and container [32mstep-setup-builder-home[0m
Unable to retrieve container logs for docker://***d5358bcd76d75b7848e2cbd08a20729c940e21463aa1808bae2cde2051639

Showing logs for build [32mentando-entando-cms-master-rele-xww6p-41[0m stage [32mfrom-build-pack[0m and container [32mstep-git-merge[0m
Unable to retrieve container logs for docker://a38a3200944db26d4026d699618e6b45efaa9d2d4748d63229d154e0eef09a4a

Showing logs for build [32mentando-entando-cms-master-rele-xww6p-41[0m stage [32mfrom-build-pack[0m and container [32mstep-setup-jx-git-credentials[0m
Unable to retrieve container logs for docker://a6d3deedc0c03f53a8b97627008b4d5d892e1071e060a7786d815caa0313ce43

Showing logs for build [32mentando-entando-cms-master-rele-xww6p-41[0m stage [32mfrom-build-pack[0m and container [32mstep-build-npm-install[0m
Unable to retrieve container logs for docker://4be7fbec3e77f608c445e1d17c6f09251a66d6e991112c6281641ead4195c12f

Showing logs for build [32mentando-entando-cms-master-rele-xww6p-41[0m stage [32mfrom-build-pack[0m and container [32mstep-build-npm-test[0m
Unable to retrieve container logs for docker://74aad47e1253d518508febd8fb00f52967e635b37f48a25acd67f59aff69b359

Showing logs for build [32mentando-entando-cms-master-rele-xww6p-41[0m stage [32mfrom-build-pack[0m and container [32mstep-build-npm-build[0m
Unable to retrieve container logs for docker://07706bce60ec4d671db5d79d9e1f712a4da50296fd5567475216a9c98d447479
