
Showing logs for build [32mentando-entando-cms-master-rele-d7pd2-42[0m stage [32mfrom-build-pack[0m and container [32mcredential-initializer[0m
Unable to retrieve container logs for docker://5ca38b5db3b5b4070f4***71c617f7713c8a51a9c199aa2d9af8950f0dd70718

Showing logs for build [32mentando-entando-cms-master-rele-d7pd2-42[0m stage [32mfrom-build-pack[0m and container [32mworking-dir-initializer[0m
Unable to retrieve container logs for docker://6777d6466495a7404ef9d56e403a613b2cf5cd6da1ef8815e5de67d0a585ba6a

Showing logs for build [32mentando-entando-cms-master-rele-d7pd2-42[0m stage [32mfrom-build-pack[0m and container [32mplace-tools[0m
Unable to retrieve container logs for docker://b473d5dd5cfaf639112b0835df217a0c1bd8aa8e854219623fdfe58120f59e75

Showing logs for build [32mentando-entando-cms-master-rele-d7pd2-42[0m stage [32mfrom-build-pack[0m and container [32mstep-git-source-entando-entando-cms-master-rele-d7pd2-x898q[0m
Unable to retrieve container logs for docker://893a2761c9ffd919694f0d092501e56120ff47b6b0bff629af5332a105aaa825

Showing logs for build [32mentando-entando-cms-master-rele-d7pd2-42[0m stage [32mfrom-build-pack[0m and container [32mstep-setup-builder-home[0m
Unable to retrieve container logs for docker://26ae78333ca86f0b0f3592ab40937a1c68efb94aeae6632c8d01351ca9b6094f

Showing logs for build [32mentando-entando-cms-master-rele-d7pd2-42[0m stage [32mfrom-build-pack[0m and container [32mstep-git-merge[0m
Unable to retrieve container logs for docker://43f8ed0b09ccc244cf772f6f144314384bd3c9af3fe00024e083427d6723d23c

Showing logs for build [32mentando-entando-cms-master-rele-d7pd2-42[0m stage [32mfrom-build-pack[0m and container [32mstep-setup-jx-git-credentials[0m
Unable to retrieve container logs for docker://2a812017d8db0c6f2863ab606e555309b94afc1ef5828c0a1583c66607d5003d

Showing logs for build [32mentando-entando-cms-master-rele-d7pd2-42[0m stage [32mfrom-build-pack[0m and container [32mstep-build-npm-install[0m
Unable to retrieve container logs for docker://a9bd864017651b154fa2df9f78191c21dd9a85c5d7df3c438d098b232bb19b5c

Showing logs for build [32mentando-entando-cms-master-rele-d7pd2-42[0m stage [32mfrom-build-pack[0m and container [32mstep-build-npm-test[0m
Unable to retrieve container logs for docker://f416da4f25fc1476d856aac44e37b3680f2439f5ddd8fe733415ae1c002f023e

Showing logs for build [32mentando-entando-cms-master-rele-d7pd2-42[0m stage [32mfrom-build-pack[0m and container [32mstep-build-npm-build[0m
Unable to retrieve container logs for docker://e8dfe38ed0c7961461686f88441bff386b9d5a02858e386d9d8a5c10d0f62256
