
Showing logs for build [32mmeta-entando-k8s-entando-k8s-co-jz45z-2[0m stage [32mmeta-pipeline[0m and container [32mcredential-initializer[0m
{"level":"info","ts":1632820155.95793,"caller":"creds-init/main.go:44","msg":"Credentials initialized."}

Showing logs for build [32mmeta-entando-k8s-entando-k8s-co-jz45z-2[0m stage [32mmeta-pipeline[0m and container [32mworking-dir-initializer[0m

Showing logs for build [32mmeta-entando-k8s-entando-k8s-co-jz45z-2[0m stage [32mmeta-pipeline[0m and container [32mplace-tools[0m

Showing logs for build [32mmeta-entando-k8s-entando-k8s-co-jz45z-2[0m stage [32mmeta-pipeline[0m and container [32mstep-git-source-meta-entando-k8s-entando-k8s-co-jz45z-qrndj[0m
{"level":"info","ts":1632820172.2795265,"caller":"git/git.go:105","msg":"Successfully cloned https://github.com/entando-k8s/entando-k8s-composite-app-controller.git @ f543a9d605313a68095f1be79b037a4066c56263 in path /workspace/source"}
{"level":"warn","ts":1632820172.279765,"caller":"git/git.go:152","msg":"Unexpected error: creating symlink: symlink /tekton/home/.ssh /****/.ssh: file exists"}
{"level":"info","ts":1632820172.3589175,"caller":"git/git.go:133","msg":"Successfully initialized and updated submodules in path /workspace/source"}

Showing logs for build [32mmeta-entando-k8s-entando-k8s-co-jz45z-2[0m stage [32mmeta-pipeline[0m and container [32mstep-setup-builder-home[0m

Showing logs for build [32mmeta-entando-k8s-entando-k8s-co-jz45z-2[0m stage [32mmeta-pipeline[0m and container [32mstep-git-merge[0m
Using SHAs from PULL_REFS=master:f543a9d605313a68095f1be79b037a4066c56263,19:039989bc989a89493db61aa84303972c7bd33c3e
DEBUG: LC_ALL=C JX_LOG_LEVEL=error git fetch origin --unshallow 039989bc989a89493db61aa84303972c7bd33c3e: f543a9d605313a68095f1be79b037a4066c56263:
DEBUG: ran git fetch --unshallow origin 039989bc989a89493db61aa84303972c7bd33c3e: f543a9d605313a68095f1be79b037a4066c56263: in 
DEBUG: JX_LOG_LEVEL=error LC_ALL=C git branch
DEBUG: LC_ALL=C JX_LOG_LEVEL=error git checkout master
DEBUG: ran git checkout master in 
DEBUG: LC_ALL=C JX_LOG_LEVEL=error git reset --hard f543a9d605313a68095f1be79b037a4066c56263
DEBUG: ran git reset --hard f543a9d605313a68095f1be79b037a4066c56263 in 
DEBUG: LC_ALL=C JX_LOG_LEVEL=error git clean -fd .
DEBUG: ran clean --force -d . in 
DEBUG: LC_ALL=C JX_LOG_LEVEL=error git merge 039989bc989a89493db61aa84303972c7bd33c3e
DEBUG: ran git merge 039989bc989a89493db61aa84303972c7bd33c3e in 
DEBUG: LC_ALL=C JX_LOG_LEVEL=error git log --format=%H%x1f%an%x1f%ae%x1f%cn%x1f%ce%x1f%s%n%b%x1e f543a9d605313a68095f1be79b037a4066c56263..HEAD
Merged SHA 039989bc989a89493db61aa84303972c7bd33c3e with commit message 'ENG-2452 Update owners' into base branch master

Showing logs for build [32mmeta-entando-k8s-entando-k8s-co-jz45z-2[0m stage [32mmeta-pipeline[0m and container [32mstep-merge-pull-refs[0m
DEBUG: LC_ALL=C JX_LOG_LEVEL=error git fetch origin --unshallow 039989bc989a89493db61aa84303972c7bd33c3e: f543a9d605313a68095f1be79b037a4066c56263:
DEBUG: JX_LOG_LEVEL=error LC_ALL=C git fetch origin 039989bc989a89493db61aa84303972c7bd33c3e: f543a9d605313a68095f1be79b037a4066c56263:
DEBUG: ran git fetch origin 039989bc989a89493db61aa84303972c7bd33c3e: f543a9d605313a68095f1be79b037a4066c56263: in 
DEBUG: LC_ALL=C JX_LOG_LEVEL=error git rev-parse --is-shallow-repository
DEBUG: Unshallowed git repo in 
DEBUG: LC_ALL=C JX_LOG_LEVEL=error git branch
DEBUG: LC_ALL=C JX_LOG_LEVEL=error git checkout master
DEBUG: ran git checkout master in 
DEBUG: LC_ALL=C JX_LOG_LEVEL=error git reset --hard f543a9d605313a68095f1be79b037a4066c56263
DEBUG: ran git reset --hard f543a9d605313a68095f1be79b037a4066c56263 in 
DEBUG: LC_ALL=C JX_LOG_LEVEL=error git clean -fd .
DEBUG: ran clean --force -d . in 
DEBUG: LC_ALL=C JX_LOG_LEVEL=error git merge 039989bc989a89493db61aa84303972c7bd33c3e
DEBUG: ran git merge 039989bc989a89493db61aa84303972c7bd33c3e in 
DEBUG: LC_ALL=C JX_LOG_LEVEL=error git log --format=%H%x1f%an%x1f%ae%x1f%cn%x1f%ce%x1f%s%n%b%x1e f543a9d605313a68095f1be79b037a4066c56263..HEAD
Merged SHA 039989bc989a89493db61aa84303972c7bd33c3e with commit message 'ENG-2452 Update owners' into base branch master

Showing logs for build [32mmeta-entando-k8s-entando-k8s-co-jz45z-2[0m stage [32mmeta-pipeline[0m and container [32mstep-create-effective-pipeline[0m
error: no build pack for entando-maven-docker exists at directory /tekton/home/.**/draft/packs/github.com/jenkins-x-buildpacks/jenkins-x-kubernetes/packs/entando-maven-docker
[31m
Pipeline failed on stage 'meta-pipeline' : container 'step-create-effective-pipeline'. The execution of the pipeline has stopped.[0m
