
Showing logs for build [32mentando-k8s-entando-component-m-kmjgx-8[0m stage [32mfrom-build-pack[0m and container [32mcredential-initializer[0m
Unable to retrieve container logs for docker://3665cede6979a1011514fdc53e4a4d5e7b836b35a91bda5ccfe70ee296e2c951

Showing logs for build [32mentando-k8s-entando-component-m-kmjgx-8[0m stage [32mfrom-build-pack[0m and container [32mworking-dir-initializer[0m
Unable to retrieve container logs for docker://5ff1e7bc7111417771d108e415972b41e346cfcccae845237dd46db61792f83e

Showing logs for build [32mentando-k8s-entando-component-m-kmjgx-8[0m stage [32mfrom-build-pack[0m and container [32mplace-tools[0m
Unable to retrieve container logs for docker://84e62afdd69781504cb824c784f7245e5d3f3b5cd610560b768bfe71fcb6bc4a

Showing logs for build [32mentando-k8s-entando-component-m-kmjgx-8[0m stage [32mfrom-build-pack[0m and container [32mstep-git-source-entando-k8s-entando-component-m-kmjgx-x7s9s[0m
Unable to retrieve container logs for docker://059859924e6aa75015594f19eba4f01b2ba9ac1bd0781655a77a4ee976891b13

Showing logs for build [32mentando-k8s-entando-component-m-kmjgx-8[0m stage [32mfrom-build-pack[0m and container [32mstep-setup-builder-home[0m
Unable to retrieve container logs for docker://6bac7268952ea85911d***9189b0955953d0e30c7324c0459beacba190e2516b

Showing logs for build [32mentando-k8s-entando-component-m-kmjgx-8[0m stage [32mfrom-build-pack[0m and container [32mstep-git-merge[0m
Unable to retrieve container logs for docker://53d0bc99995af41ba71c12096055095393ca17cca4a6c6157d0c0dcef394f174

Showing logs for build [32mentando-k8s-entando-component-m-kmjgx-8[0m stage [32mfrom-build-pack[0m and container [32mstep-setup-jx-git-credentials[0m
Unable to retrieve container logs for docker://8c35163961a335063416d2d2b0e08229e105c1cfc0d8d3713a3d0c2dd711e44f

Showing logs for build [32mentando-k8s-entando-component-m-kmjgx-8[0m stage [32mfrom-build-pack[0m and container [32mstep-build-fetch-history-for-sonar[0m
Unable to retrieve container logs for docker://3f784bf70ffff01a3b9e62660216e67e15db346e6c192f5ea59dcd17ec98a322

Showing logs for build [32mentando-k8s-entando-component-m-kmjgx-8[0m stage [32mfrom-build-pack[0m and container [32mstep-build-mvn-deploy-release[0m
Unable to retrieve container logs for docker://c9c394ebfea22b3ea187247ea631f95354ccf7906eafad7de13b931586046014
[31m
Pipeline failed on stage 'from-build-pack' : container 'step-build-mvn-deploy-release'. The execution of the pipeline has stopped.[0m
