
Showing logs for build [32mentando-k8s-entando-component-m-rlhjk-9[0m stage [32mfrom-build-pack[0m and container [32mcredential-initializer[0m
Unable to retrieve container logs for docker://8039a5eca8393d3aa8f278409c8ac42f21130129093a4c13da630042c5e62719

Showing logs for build [32mentando-k8s-entando-component-m-rlhjk-9[0m stage [32mfrom-build-pack[0m and container [32mworking-dir-initializer[0m
Unable to retrieve container logs for docker://8315a2ba28ef867a2ef844c404cd2f7ec73ea756cfba217465e3aab87ad947b6

Showing logs for build [32mentando-k8s-entando-component-m-rlhjk-9[0m stage [32mfrom-build-pack[0m and container [32mplace-tools[0m
Unable to retrieve container logs for docker://83c411ac0e45de33aba789f137919c1c59c89055d75feb330fd23c6018c0fa34

Showing logs for build [32mentando-k8s-entando-component-m-rlhjk-9[0m stage [32mfrom-build-pack[0m and container [32mstep-git-source-entando-k8s-entando-component-m-rlhjk-8t2nz[0m
Unable to retrieve container logs for docker://378beabd022cbb5063627fb1636f9d31ccd607a220a4c7787bff24c54cc40f66

Showing logs for build [32mentando-k8s-entando-component-m-rlhjk-9[0m stage [32mfrom-build-pack[0m and container [32mstep-setup-builder-home[0m
Unable to retrieve container logs for docker://adf0e5d3fcf39f4f8f359aba8674f81db6380347701dcd4723227f551cd9c252

Showing logs for build [32mentando-k8s-entando-component-m-rlhjk-9[0m stage [32mfrom-build-pack[0m and container [32mstep-git-merge[0m
Unable to retrieve container logs for docker://7806f018d0c0aa2cfd5993213b17f96d151a84323640df61e8b0653dd4229e2b

Showing logs for build [32mentando-k8s-entando-component-m-rlhjk-9[0m stage [32mfrom-build-pack[0m and container [32mstep-setup-jx-git-credentials[0m
Unable to retrieve container logs for docker://909cb72320d38c195211922ddf8b007122514f6417231007e85dc8819d4fb711

Showing logs for build [32mentando-k8s-entando-component-m-rlhjk-9[0m stage [32mfrom-build-pack[0m and container [32mstep-build-fetch-history-for-sonar[0m
Unable to retrieve container logs for docker://4919fb2ab5279a71b58a815ed5191d50a5ae5b095ede7a457fe6d0b1883aba4b

Showing logs for build [32mentando-k8s-entando-component-m-rlhjk-9[0m stage [32mfrom-build-pack[0m and container [32mstep-build-mvn-deploy-release[0m
Unable to retrieve container logs for docker://83dc87cdb5a61810faa26bc5f36c9451734bcd8d3c912009c68a446a6e765e47

Showing logs for build [32mentando-k8s-entando-component-m-rlhjk-9[0m stage [32mfrom-build-pack[0m and container [32mstep-build-container-build[0m
Unable to retrieve container logs for docker://e663fdc985682b0bb423d00038b4ea49f9192650d42812177f8a25555f7696fa

Showing logs for build [32mentando-k8s-entando-component-m-rlhjk-9[0m stage [32mfrom-build-pack[0m and container [32mstep-postbuild-post-build[0m
Unable to retrieve container logs for docker://89f67098fcab0c164b3871b529dcf907b643ea3d33e453512120e7246342da26

Showing logs for build [32mentando-k8s-entando-component-m-rlhjk-9[0m stage [32mfrom-build-pack[0m and container [32mstep-promote-changelog[0m
Unable to retrieve container logs for docker://86b763636be6d7527679e35faa08f77812ab06952acf6739ab29f47d099e8e57

Showing logs for build [32mentando-k8s-entando-component-m-rlhjk-9[0m stage [32mfrom-build-pack[0m and container [32mstep-promote-update-image-map[0m
Unable to retrieve container logs for docker://61fbfe7b91ba2f52c636d7dd83c6fa2915d3976cbd2d553b2e4ff03eda073d65
