
Showing logs for build [32mentando-entando-core-parent-pr-w82ww-1[0m stage [32mfrom-build-pack[0m and container [32mcredential-initializer[0m
{"level":"info","ts":1626255281.6075444,"caller":"creds-init/main.go:44","msg":"Credentials initialized."}

Showing logs for build [32mentando-entando-core-parent-pr-w82ww-1[0m stage [32mfrom-build-pack[0m and container [32mworking-dir-initializer[0m

Showing logs for build [32mentando-entando-core-parent-pr-w82ww-1[0m stage [32mfrom-build-pack[0m and container [32mplace-tools[0m

Showing logs for build [32mentando-entando-core-parent-pr-w82ww-1[0m stage [32mfrom-build-pack[0m and container [32mstep-git-source-entando-entando-core-parent-pr-w82ww-qmcz4[0m
{"level":"info","ts":1626255306.1634264,"caller":"git/git.go:105","msg":"Successfully cloned https://github.com/entando/entando-core-parent.git @ master in path /workspace/source"}
{"level":"warn","ts":1626255306.1635883,"caller":"git/git.go:152","msg":"Unexpected error: creating symlink: symlink /tekton/home/.ssh /****/.ssh: file exists"}
{"level":"info","ts":1626255306.2382,"caller":"git/git.go:133","msg":"Successfully initialized and updated submodules in path /workspace/source"}

Showing logs for build [32mentando-entando-core-parent-pr-w82ww-1[0m stage [32mfrom-build-pack[0m and container [32mstep-setup-builder-home[0m

Showing logs for build [32mentando-entando-core-parent-pr-w82ww-1[0m stage [32mfrom-build-pack[0m and container [32mstep-git-merge[0m
Using SHAs from PULL_REFS=master:49df0b3040366ed30b99334beb845b2c4c2604e8,31:794bda453dc9b1e240bf3b683f5f393c2a777988
DEBUG: LC_ALL=C JX_LOG_LEVEL=error git fetch origin --unshallow 794bda453dc9b1e240bf3b683f5f393c2a777988: 49df0b3040366ed30b99334beb845b2c4c2604e8:
DEBUG: ran git fetch --unshallow origin 794bda453dc9b1e240bf3b683f5f393c2a777988: 49df0b3040366ed30b99334beb845b2c4c2604e8: in 
DEBUG: LC_ALL=C JX_LOG_LEVEL=error git branch
DEBUG: LC_ALL=C JX_LOG_LEVEL=error git checkout master
DEBUG: ran git checkout master in 
DEBUG: LC_ALL=C JX_LOG_LEVEL=error git reset --hard 49df0b3040366ed30b99334beb845b2c4c2604e8
DEBUG: ran git reset --hard 49df0b3040366ed30b99334beb845b2c4c2604e8 in 
DEBUG: LC_ALL=C JX_LOG_LEVEL=error git clean -fd .
DEBUG: ran clean --force -d . in 
DEBUG: JX_LOG_LEVEL=error LC_ALL=C git merge 794bda453dc9b1e240bf3b683f5f393c2a777988
DEBUG: ran git merge 794bda453dc9b1e240bf3b683f5f393c2a777988 in 
DEBUG: LC_ALL=C JX_LOG_LEVEL=error git log --format=%H%x1f%an%x1f%ae%x1f%cn%x1f%ce%x1f%s%n%b%x1e 49df0b3040366ed30b99334beb845b2c4c2604e8..HEAD
Merged SHA 794bda453dc9b1e240bf3b683f5f393c2a777988 with commit message 'ENG-2552: Remove Argon dependency' into base branch master

Showing logs for build [32mentando-entando-core-parent-pr-w82ww-1[0m stage [32mfrom-build-pack[0m and container [32mstep-build-set-version[0m
Picked up _JAVA_OPTIONS: -XX:+UnlockExperimentalVMOptions -Dsun.zip.disableMemoryMapping=**** -XX:+UseParallelGC -XX:MinHeapFreeRatio=5 -XX:MaxHeapFreeRatio=10 -XX:GCTimeRatio=4 -XX:AdaptiveSizePolicyWeight=90 -Xms10m -Xmx8000m
[INFO] Scanning for projects...
[WARNING] 
[WARNING] Some problems were encountered while building the effective model for org.entando:entando-core-parent:pom:6.4.0-SNAPSHOT
[WARNING] 'dependencyManagement.dependencies.dependency.(groupId:artifactId:type:classifier)' must be unique: org.springframework:spring-tx:jar -> version (?) vs ${spring.version} @ line 622, column 25
[WARNING] 
[WARNING] It is highly recommended to fix these problems because they threaten the stability of your build.
[WARNING] 
[WARNING] For this reason, future Maven versions might no longer support building such malformed projects.
[WARNING] 
[INFO] 
[INFO] ------------------< org.entando:entando-core-parent >-------------------
[INFO] Building Entando Core Maven Parent POM 6.4.0-SNAPSHOT
[INFO] --------------------------------[ pom ]---------------------------------
[INFO] 
[INFO] --- versions-maven-plugin:2.8.1:set (default-cli) @ entando-core-parent ---
[INFO] Local aggregation ****: /workspace/source
[INFO] Processing change of org.entando:entando-core-parent:6.4.0-SNAPSHOT -> 0.0.0-SNAPSHOT-PR-31-1
[INFO] Processing org.entando:entando-core-parent
[INFO]     Updating project org.entando:entando-core-parent
[INFO]         from version 6.4.0-SNAPSHOT to 0.0.0-SNAPSHOT-PR-31-1
[INFO] 
[INFO] ------------------------------------------------------------------------
[INFO] BUILD SUCCESS
[INFO] ------------------------------------------------------------------------
[INFO] Total time:  9.484 s
[INFO] Finished at: 2021-07-14T09:35:20Z
[INFO] ------------------------------------------------------------------------

Showing logs for build [32mentando-entando-core-parent-pr-w82ww-1[0m stage [32mfrom-build-pack[0m and container [32mstep-build-mvn-verify[0m
Picked up _JAVA_OPTIONS: -XX:+UnlockExperimentalVMOptions -Dsun.zip.disableMemoryMapping=**** -XX:+UseParallelGC -XX:MinHeapFreeRatio=5 -XX:MaxHeapFreeRatio=10 -XX:GCTimeRatio=4 -XX:AdaptiveSizePolicyWeight=90 -Xms10m -Xmx8000m
[INFO] Scanning for projects...
[WARNING] 
[WARNING] Some problems were encountered while building the effective model for org.entando:entando-core-parent:pom:0.0.0-SNAPSHOT-PR-31-1
[WARNING] 'dependencyManagement.dependencies.dependency.(groupId:artifactId:type:classifier)' must be unique: org.springframework:spring-tx:jar -> version (?) vs ${spring.version} @ line 622, column 25
[WARNING] 
[WARNING] It is highly recommended to fix these problems because they threaten the stability of your build.
[WARNING] 
[WARNING] For this reason, future Maven versions might no longer support building such malformed projects.
[WARNING] 
[INFO] 
[INFO] ------------------< org.entando:entando-core-parent >-------------------
[INFO] Building Entando Core Maven Parent POM 0.0.0-SNAPSHOT-PR-31-1
[INFO] --------------------------------[ pom ]---------------------------------
[INFO] 
[INFO] --- maven-clean-plugin:2.5:clean (default-clean) @ entando-core-parent ---
[INFO] 
[INFO] --- maven-resources-plugin:2.5:copy-resources (copy-resources-test) @ entando-core-parent ---
[debug] e**cute contextualize
[INFO] Using 'UTF-8' encoding to copy filtered resources.
[INFO] skip non existing resourceDirectory /workspace/source/src/test/config
[INFO] 
[INFO] --- maven-resources-plugin:2.5:copy-resources (copy-resources-file-test-) @ entando-core-parent ---
[debug] e**cute contextualize
[INFO] Using 'UTF-8' encoding to copy filtered resources.
[INFO] skip non existing resourceDirectory /workspace/source/src/test/config
[INFO] 
[INFO] --- maven-surefire-report-plugin:3.0.0-M4:failsafe-report-only (integration-tests) @ entando-core-parent ---
[INFO] 
[INFO] --- maven-surefire-report-plugin:3.0.0-M4:report-only (unit-tests) @ entando-core-parent ---
[WARNING] Unable to locate Test Source XRef to link to - DISABLED
[INFO] ------------------------------------------------------------------------
[INFO] BUILD SUCCESS
[INFO] ------------------------------------------------------------------------
[INFO] Total time:  3.593 s
[INFO] Finished at: 2021-07-14T09:35:26Z
[INFO] ------------------------------------------------------------------------
