
Showing logs for build [32mentando-k8s-entando-de-app-pr-2-49xtm-1[0m stage [32mfrom-build-pack[0m and container [32mcredential-initializer[0m
Unable to retrieve container logs for docker://0d4b8bf9e0cd081727da4a339c91923d7a2926ee59be7557ba7377fd24ea785d

Showing logs for build [32mentando-k8s-entando-de-app-pr-2-49xtm-1[0m stage [32mfrom-build-pack[0m and container [32mworking-dir-initializer[0m
Unable to retrieve container logs for docker://4fa1caa534c64f29409b95f12eefd277eb9e5cd66d52c12ec23846680db58f56

Showing logs for build [32mentando-k8s-entando-de-app-pr-2-49xtm-1[0m stage [32mfrom-build-pack[0m and container [32mplace-tools[0m
Unable to retrieve container logs for docker://27c63d821b8be167113f799e5d7c9b3b59b62f95b830f035ea86622bfac3944f

Showing logs for build [32mentando-k8s-entando-de-app-pr-2-49xtm-1[0m stage [32mfrom-build-pack[0m and container [32mstep-git-source-entando-k8s-entando-de-app-pr-2-49xtm-l5hqm[0m
Unable to retrieve container logs for docker://483b3fd059198571812875b598c85a54a0ac829ae5f9801d5271b1ab3de3d87b

Showing logs for build [32mentando-k8s-entando-de-app-pr-2-49xtm-1[0m stage [32mfrom-build-pack[0m and container [32mstep-setup-builder-home[0m
Unable to retrieve container logs for docker://b2856cc2e2f3b91eba8f11a1409281356dcfcd371366827eefcc634360272642

Showing logs for build [32mentando-k8s-entando-de-app-pr-2-49xtm-1[0m stage [32mfrom-build-pack[0m and container [32mstep-git-merge[0m
Unable to retrieve container logs for docker://e23b9acd8a30896d4113ab1ad037947331f1f1f3a6fb364b7bf3f4cd6c6e944f

Showing logs for build [32mentando-k8s-entando-de-app-pr-2-49xtm-1[0m stage [32mfrom-build-pack[0m and container [32mstep-build-set-version[0m
Unable to retrieve container logs for docker://d3480bc15934d244a464d147b37aa6744085f7325117bb06c667c3d188a89a58

Showing logs for build [32mentando-k8s-entando-de-app-pr-2-49xtm-1[0m stage [32mfrom-build-pack[0m and container [32mstep-build-mvn-verify[0m
Unable to retrieve container logs for docker://df9a637e914e7c6191e93c8e936bcb5dad3be4730e02f24a94eda0fa5b43904e

Showing logs for build [32mentando-k8s-entando-de-app-pr-2-49xtm-1[0m stage [32mfrom-build-pack[0m and container [32mstep-build-container-build[0m
Unable to retrieve container logs for docker://b294e2b778da42084a04ae45915b6574c7fe242382a79833977a23b09fa1a118

Showing logs for build [32mentando-k8s-entando-de-app-pr-2-49xtm-1[0m stage [32mfrom-build-pack[0m and container [32mstep-postbuild-post-build[0m
Unable to retrieve container logs for docker://05326a53d1e12f429dd12d1d767053760a587fcaceb21e7b8183ca02b083d267
