
Showing logs for build [32mentando-k8s-entando-de-app-pr-2-qgvd5-1[0m stage [32mfrom-build-pack[0m and container [32mcredential-initializer[0m
Unable to retrieve container logs for docker://0d36e17713711a1897f5e75b094e53741399dc3aee49ae405730be8ed9959f69

Showing logs for build [32mentando-k8s-entando-de-app-pr-2-qgvd5-1[0m stage [32mfrom-build-pack[0m and container [32mworking-dir-initializer[0m
Unable to retrieve container logs for docker://b26bea140e20b750825f084daa90e41a74c3d88c8202193f1262bd76c1f00c3f

Showing logs for build [32mentando-k8s-entando-de-app-pr-2-qgvd5-1[0m stage [32mfrom-build-pack[0m and container [32mplace-tools[0m
Unable to retrieve container logs for docker://1b4f1790c3bd397635ba370783306263ef31fd8738fe7c53f9e07283010df472

Showing logs for build [32mentando-k8s-entando-de-app-pr-2-qgvd5-1[0m stage [32mfrom-build-pack[0m and container [32mstep-git-source-entando-k8s-entando-de-app-pr-2-qgvd5-29789[0m
Unable to retrieve container logs for docker://00a7fc0f4f88b332952aa897f84cc93cba703df4607a3462fc62849623ce4f6b

Showing logs for build [32mentando-k8s-entando-de-app-pr-2-qgvd5-1[0m stage [32mfrom-build-pack[0m and container [32mstep-setup-builder-home[0m
Unable to retrieve container logs for docker://d4ab40173e861f7c7579d20f6ec0f07851bcc492ad8b2a1a54e8563c6060542e

Showing logs for build [32mentando-k8s-entando-de-app-pr-2-qgvd5-1[0m stage [32mfrom-build-pack[0m and container [32mstep-git-merge[0m
Unable to retrieve container logs for docker://4a4f5180bb916b71e3fc977ac10be634015b45d464789b098f57207072921d2d

Showing logs for build [32mentando-k8s-entando-de-app-pr-2-qgvd5-1[0m stage [32mfrom-build-pack[0m and container [32mstep-build-set-version[0m
Unable to retrieve container logs for docker://50f40dac5515901aae67bf97c503ae3aa7c4584492f0fb6a6ef66fe24128823f

Showing logs for build [32mentando-k8s-entando-de-app-pr-2-qgvd5-1[0m stage [32mfrom-build-pack[0m and container [32mstep-build-mvn-verify[0m
Unable to retrieve container logs for docker://0c1a90979ea8b74a476228271bb923757ecf5c3581dde80c198449090df1130b

Showing logs for build [32mentando-k8s-entando-de-app-pr-2-qgvd5-1[0m stage [32mfrom-build-pack[0m and container [32mstep-build-container-build[0m
Unable to retrieve container logs for docker://405919fcd6e79c2d1214ccf19e542329e76652a9c72c71761e648e418fb4a92e

Showing logs for build [32mentando-k8s-entando-de-app-pr-2-qgvd5-1[0m stage [32mfrom-build-pack[0m and container [32mstep-postbuild-post-build[0m
Unable to retrieve container logs for docker://bb84f5a12abe5f3fa915b6be495f8f085bd37261ca9b9f77a86683c0e1ce2d73
