
Showing logs for build [32mentando-k8s-entando-k8s-app-con-zxzsc-1[0m stage [32mfrom-build-pack[0m and container [32mcredential-initializer[0m
Unable to retrieve container logs for docker://3c951ea1f0c6927186c20040ceb62c32145478078b5c2c32b09b0f9f5bd05323

Showing logs for build [32mentando-k8s-entando-k8s-app-con-zxzsc-1[0m stage [32mfrom-build-pack[0m and container [32mworking-dir-initializer[0m
Unable to retrieve container logs for docker://6b8fb788f409fd01ca0fa7f8448ad4171ef3567209ae500eac88267d5e96da08

Showing logs for build [32mentando-k8s-entando-k8s-app-con-zxzsc-1[0m stage [32mfrom-build-pack[0m and container [32mplace-tools[0m
Unable to retrieve container logs for docker://eb38350f98a4e04068d6b40952dc636415da618b7aa4553d729a4a540715d328

Showing logs for build [32mentando-k8s-entando-k8s-app-con-zxzsc-1[0m stage [32mfrom-build-pack[0m and container [32mstep-git-source-entando-k8s-entando-k8s-app-con-zxzsc-j8md8[0m
Unable to retrieve container logs for docker://64599a616f1521612ac4396253998067be91438ca31df14419a6e94e83bb2f11

Showing logs for build [32mentando-k8s-entando-k8s-app-con-zxzsc-1[0m stage [32mfrom-build-pack[0m and container [32mstep-setup-builder-home[0m
Unable to retrieve container logs for docker://4798c4f73a5ac37e1a367fa5c088563b4ac82888af03d873ed85c258c524327f

Showing logs for build [32mentando-k8s-entando-k8s-app-con-zxzsc-1[0m stage [32mfrom-build-pack[0m and container [32mstep-git-merge[0m
Unable to retrieve container logs for docker://3525945bfa3f89568781473c84b51241ddd18cf848046d65e9eaaf25283a0e17

Showing logs for build [32mentando-k8s-entando-k8s-app-con-zxzsc-1[0m stage [32mfrom-build-pack[0m and container [32mstep-build-set-version[0m
Unable to retrieve container logs for docker://3c68e07f6ff9fc17c6e17a435228aa73a94fbe4a5538f13e85b333c9fd04555d

Showing logs for build [32mentando-k8s-entando-k8s-app-con-zxzsc-1[0m stage [32mfrom-build-pack[0m and container [32mstep-build-fix-git-for-sonar[0m
Unable to retrieve container logs for docker://e9a84e4697c593599aa28cb831379f3a2e0ed5ab616d812b10859de92e90a92a

Showing logs for build [32mentando-k8s-entando-k8s-app-con-zxzsc-1[0m stage [32mfrom-build-pack[0m and container [32mstep-build-mvn-verify-pr[0m
Unable to retrieve container logs for docker://a63afbb811892053d41ed324ef5ec15bc8da5bbc1d886311cece5cdb2212e35e

Showing logs for build [32mentando-k8s-entando-k8s-app-con-zxzsc-1[0m stage [32mfrom-build-pack[0m and container [32mstep-build-container-build[0m
Unable to retrieve container logs for docker://06c6e3286822b31cd07d1d920d6cc67a20344f4d48e8134369be720e48788a1a

Showing logs for build [32mentando-k8s-entando-k8s-app-con-zxzsc-1[0m stage [32mfrom-build-pack[0m and container [32mstep-postbuild-post-build[0m
Unable to retrieve container logs for docker://2e5e70ad80b4233611d9ba26ed46d80e887e06d8e97b0f4a1766534f2120902b

Showing logs for build [32mentando-k8s-entando-k8s-app-con-zxzsc-1[0m stage [32mfrom-build-pack[0m and container [32mstep-promote-make-preview[0m
Unable to retrieve container logs for docker://4d0a7102b2ae562b14eacb86c83a920a5dc026afe7dc624099689d3b1a2d4364

Showing logs for build [32mentando-k8s-entando-k8s-app-con-zxzsc-1[0m stage [32mfrom-build-pack[0m and container [32mstep-promote-jx-preview[0m
Unable to retrieve container logs for docker://9fc9ad732ba6ad04f9c1d0b577f48976502af2bd7cb4df15bc43f5e6f2f8eb03

Showing logs for build [32mentando-k8s-entando-k8s-app-con-zxzsc-1[0m stage [32mfrom-build-pack[0m and container [32mstep-promote-run-post-deployment-tests[0m
Unable to retrieve container logs for docker://65dea380615adb48b1c461e3d2c283019d15b12898bec10ed78b4ace98c7872d
