
Showing logs for build [32mentando-k8s-entando-quarkus-par-mttdv-16[0m stage [32mfrom-build-pack[0m and container [32mcredential-initializer[0m
{"level":"info","ts":1627477052.417982,"caller":"creds-init/main.go:44","msg":"Credentials initialized."}

Showing logs for build [32mentando-k8s-entando-quarkus-par-mttdv-16[0m stage [32mfrom-build-pack[0m and container [32mworking-dir-initializer[0m

Showing logs for build [32mentando-k8s-entando-quarkus-par-mttdv-16[0m stage [32mfrom-build-pack[0m and container [32mplace-tools[0m

Showing logs for build [32mentando-k8s-entando-quarkus-par-mttdv-16[0m stage [32mfrom-build-pack[0m and container [32mstep-git-source-entando-k8s-entando-quarkus-par-mttdv-twqdr[0m
{"level":"info","ts":1627477078.8187523,"caller":"git/git.go:105","msg":"Successfully cloned https://github.com/entando-k8s/entando-quarkus-parent.git @ master in path /workspace/source"}
{"level":"warn","ts":1627477078.8191688,"caller":"git/git.go:152","msg":"Unexpected error: creating symlink: symlink /tekton/home/.ssh /****/.ssh: file exists"}
{"level":"info","ts":1627477078.9089375,"caller":"git/git.go:133","msg":"Successfully initialized and updated submodules in path /workspace/source"}

Showing logs for build [32mentando-k8s-entando-quarkus-par-mttdv-16[0m stage [32mfrom-build-pack[0m and container [32mstep-setup-builder-home[0m

Showing logs for build [32mentando-k8s-entando-quarkus-par-mttdv-16[0m stage [32mfrom-build-pack[0m and container [32mstep-git-merge[0m
Using SHAs from PULL_REFS=master:32c3d4395f35897be4bafc74eff20d259ec6aaa9,3:1d059382a2f34c8f9781b3388c3859d5a2d1175b
DEBUG: JX_LOG_LEVEL=error LC_ALL=C git fetch origin --unshallow 1d059382a2f34c8f9781b3388c3859d5a2d1175b: 32c3d4395f35897be4bafc74eff20d259ec6aaa9:
DEBUG: ran git fetch --unshallow origin 1d059382a2f34c8f9781b3388c3859d5a2d1175b: 32c3d4395f35897be4bafc74eff20d259ec6aaa9: in 
DEBUG: LC_ALL=C JX_LOG_LEVEL=error git branch
DEBUG: LC_ALL=C JX_LOG_LEVEL=error git checkout master
DEBUG: ran git checkout master in 
DEBUG: LC_ALL=C JX_LOG_LEVEL=error git reset --hard 32c3d4395f35897be4bafc74eff20d259ec6aaa9
DEBUG: ran git reset --hard 32c3d4395f35897be4bafc74eff20d259ec6aaa9 in 
DEBUG: LC_ALL=C JX_LOG_LEVEL=error git clean -fd .
DEBUG: ran clean --force -d . in 
DEBUG: LC_ALL=C JX_LOG_LEVEL=error git merge 1d059382a2f34c8f9781b3388c3859d5a2d1175b
DEBUG: ran git merge 1d059382a2f34c8f9781b3388c3859d5a2d1175b in 
DEBUG: JX_LOG_LEVEL=error LC_ALL=C git log --format=%H%x1f%an%x1f%ae%x1f%cn%x1f%ce%x1f%s%n%b%x1e 32c3d4395f35897be4bafc74eff20d259ec6aaa9..HEAD
Merged SHA 1d059382a2f34c8f9781b3388c3859d5a2d1175b with commit message 'ENG-2284 bumped commons-compress to avoid CVE' into base branch master
Merged SHA d3795b66eda388800a8b85b4028e0078410b203e with commit message 'ENG-2284 reverted to Fabric8 5.3.1 for Quarkus' into base branch master
Merged SHA f094ff50c612d287bc7213c2c69a88df2072439e with commit message 'ENG-2284 suppression quarkus arc CVEs as we are already on the latest' into base branch master
Merged SHA 7bda248b4d1acba7526512a078e8a936acbd61fe with commit message '#ENG-2284 fi**d allure reportdirectory' into base branch master
Merged SHA 863dbeb88f29bd3481f3d3da08b5e57871a6fd01 with commit message 'Fi**d duplicate failsafe plugin' into base branch master
Merged SHA e586eabc053e33db8dd414755f6dccd0f647b4ab with commit message '#ENG-2284 generating smoke test reports' into base branch master
Merged SHA bbf022c875124245fcb58012ac6a611dd6a29593 with commit message '#ENG-2284 fi**d allure/jacoco versions' into base branch master
Merged SHA 81db40ea0259741cfa9d991b3a2923d604679748 with commit message 'Fi**d Javadoc plugin' into base branch master
Merged SHA 4cea3c5be5674d7a107a053bf29632b91249fb93 with commit message '#ENG-2284 added allure reporting' into base branch master
Merged SHA f1936083a49c4a33df0b2cbdcec5649b46477fc5 with commit message '#ENG-2284 added more exclusions for Keycloak' into base branch master
Merged SHA d9ab104c3a377ca93f1286b57f6e8b057067a29a with commit message '#ENG-2284 added buildpack url' into base branch master
Merged SHA 2c133c7616e78b0b23ed3c64de6469d08c02e137 with commit message '#ENG-2284 added buildpack url' into base branch master
Merged SHA 1b020461bf8edeef32fd51cf44cd61fe0b32b79e with commit message '#ENG-2284 quarkus upgrade' into base branch master

Showing logs for build [32mentando-k8s-entando-quarkus-par-mttdv-16[0m stage [32mfrom-build-pack[0m and container [32mstep-build-set-version[0m
Picked up _JAVA_OPTIONS: -XX:+UnlockExperimentalVMOptions -Dsun.zip.disableMemoryMapping=**** -XX:+UseParallelGC -XX:MinHeapFreeRatio=5 -XX:MaxHeapFreeRatio=10 -XX:GCTimeRatio=4 -XX:AdaptiveSizePolicyWeight=90 -Xms10m -Xmx8000m
[INFO] Scanning for projects...
[INFO] 
[INFO] -----------------< org.entando:entando-quarkus-parent >-----------------
[INFO] Building Entando Quarkus Parent POM 6.3.0-SNAPSHOT
[INFO] --------------------------------[ pom ]---------------------------------
[INFO] 
[INFO] --- versions-maven-plugin:2.8.1:set (default-cli) @ entando-quarkus-parent ---
[INFO] Local aggregation ****: /workspace/source
[INFO] Processing change of org.entando:entando-quarkus-parent:6.3.0-SNAPSHOT -> 0.0.0-SNAPSHOT-PR-3-16
[INFO] Processing org.entando:entando-quarkus-parent
[INFO]     Updating project org.entando:entando-quarkus-parent
[INFO]         from version 6.3.0-SNAPSHOT to 0.0.0-SNAPSHOT-PR-3-16
[INFO] 
[INFO] ------------------------------------------------------------------------
[INFO] BUILD SUCCESS
[INFO] ------------------------------------------------------------------------
[INFO] Total time:  11.422 s
[INFO] Finished at: 2021-07-28T12:58:14Z
[INFO] ------------------------------------------------------------------------

Showing logs for build [32mentando-k8s-entando-quarkus-par-mttdv-16[0m stage [32mfrom-build-pack[0m and container [32mstep-build-mvn-deploy[0m
Picked up _JAVA_OPTIONS: -XX:+UnlockExperimentalVMOptions -Dsun.zip.disableMemoryMapping=**** -XX:+UseParallelGC -XX:MinHeapFreeRatio=5 -XX:MaxHeapFreeRatio=10 -XX:GCTimeRatio=4 -XX:AdaptiveSizePolicyWeight=90 -Xms10m -Xmx8000m
[INFO] Scanning for projects...
[INFO] 
[INFO] -----------------< org.entando:entando-quarkus-parent >-----------------
[INFO] Building Entando Quarkus Parent POM 0.0.0-SNAPSHOT-PR-3-16
[INFO] --------------------------------[ pom ]---------------------------------
[INFO] 
[INFO] --- maven-clean-plugin:2.5:clean (default-clean) @ entando-quarkus-parent ---
[INFO] 
[INFO] --- maven-surefire-report-plugin:3.0.0-M4:failsafe-report-only (integration-tests) @ entando-quarkus-parent ---
[INFO] 
[INFO] --- maven-surefire-report-plugin:3.0.0-M4:report-only (unit-tests) @ entando-quarkus-parent ---
[WARNING] Unable to locate Test Source XRef to link to - DISABLED
[INFO] 
[INFO] --- maven-install-plugin:2.4:install (default-install) @ entando-quarkus-parent ---
[INFO] Installing /workspace/source/pom.xml to /home/jenkins/.mvnrepository/org/entando/entando-quarkus-parent/0.0.0-SNAPSHOT-PR-3-16/entando-quarkus-parent-0.0.0-SNAPSHOT-PR-3-16.pom
[INFO] 
[INFO] --- maven-deploy-plugin:2.8.2:deploy (default-deploy) @ entando-quarkus-parent ---
[INFO] Using alternate deployment repository local-nexus::default::http://nexus/repository/maven-releases/
[INFO] ------------------------------------------------------------------------
[INFO] BUILD SUCCESS
[INFO] ------------------------------------------------------------------------
[INFO] Total time:  3.858 s
[INFO] Finished at: 2021-07-28T12:58:21Z
[INFO] ------------------------------------------------------------------------
