
Showing logs for build [32mentando-k8s-entando-k8s-service-6mjxk-3[0m stage [32mfrom-build-pack[0m and container [32mcredential-initializer[0m
Unable to retrieve container logs for docker://a3986df2d4e12a42c96f418d6154d66d68a7d0bce0ed502b9656fedbca338a78

Showing logs for build [32mentando-k8s-entando-k8s-service-6mjxk-3[0m stage [32mfrom-build-pack[0m and container [32mworking-dir-initializer[0m
Unable to retrieve container logs for docker://c9425fdc0ba5af6e2097d801ad5e6d111f9ba7fa6acccb71aee833278f044473

Showing logs for build [32mentando-k8s-entando-k8s-service-6mjxk-3[0m stage [32mfrom-build-pack[0m and container [32mplace-tools[0m
Unable to retrieve container logs for docker://09bee22b5f364565d116bf09af8a3c1e39bb97cac9e43b71f8b8cbb883d4b621

Showing logs for build [32mentando-k8s-entando-k8s-service-6mjxk-3[0m stage [32mfrom-build-pack[0m and container [32mstep-git-source-entando-k8s-entando-k8s-service-6mjxk-94vd6[0m
Unable to retrieve container logs for docker://fe7c6e32b622386000d09e1f32489f5db60627bbfbf2d8218e8c696be7daee4e

Showing logs for build [32mentando-k8s-entando-k8s-service-6mjxk-3[0m stage [32mfrom-build-pack[0m and container [32mstep-setup-builder-home[0m
Unable to retrieve container logs for docker://d6dc685a2cedea7014954ca91a48273481dc197560bf532aed2619a097b1f21a

Showing logs for build [32mentando-k8s-entando-k8s-service-6mjxk-3[0m stage [32mfrom-build-pack[0m and container [32mstep-git-merge[0m
Unable to retrieve container logs for docker://c40a422e8a5085308cf2515ad8f5aa203eed92491ebd994a2dec09b23aac9251

Showing logs for build [32mentando-k8s-entando-k8s-service-6mjxk-3[0m stage [32mfrom-build-pack[0m and container [32mstep-build-set-version[0m
Unable to retrieve container logs for docker://edb176b908dc0107dad6a7cea5eec01995aab2dd60e7cd3f6374a7c46cca280f

Showing logs for build [32mentando-k8s-entando-k8s-service-6mjxk-3[0m stage [32mfrom-build-pack[0m and container [32mstep-build-fix-git-for-sonar[0m
Unable to retrieve container logs for docker://3409fa6f384437659aa5919cdd248e3140541025c93f1a24d6dc5e536aeb5277

Showing logs for build [32mentando-k8s-entando-k8s-service-6mjxk-3[0m stage [32mfrom-build-pack[0m and container [32mstep-build-mvn-verify-pr[0m
Unable to retrieve container logs for docker://b64aa86432225f20710380781c1bd469d85a724f1f26a0089d37cc819e260022

Showing logs for build [32mentando-k8s-entando-k8s-service-6mjxk-3[0m stage [32mfrom-build-pack[0m and container [32mstep-build-container-build[0m
Unable to retrieve container logs for docker://762b295c8e6d151c47e13495e7681e658182084c8202d35dea47d479bec02922

Showing logs for build [32mentando-k8s-entando-k8s-service-6mjxk-3[0m stage [32mfrom-build-pack[0m and container [32mstep-postbuild-post-build[0m
Unable to retrieve container logs for docker://2edb96b3396f18336e54a0956a744007f8808dd6dea7462938c72d7019549019
