
Showing logs for build [32mentando-k8s-entando-k8s-service-kzl7r-4[0m stage [32mfrom-build-pack[0m and container [32mcredential-initializer[0m
Unable to retrieve container logs for docker://7d5a040a8facb352ceff5a83172781477dc427505682a839b625342a13910b69

Showing logs for build [32mentando-k8s-entando-k8s-service-kzl7r-4[0m stage [32mfrom-build-pack[0m and container [32mworking-dir-initializer[0m
Unable to retrieve container logs for docker://f6bedc283790a21afcab405042ebe56d35c01f1630a7933db2a0f510a1c27867

Showing logs for build [32mentando-k8s-entando-k8s-service-kzl7r-4[0m stage [32mfrom-build-pack[0m and container [32mplace-tools[0m
Unable to retrieve container logs for docker://c19130af17da174b9b6b0f6a241157462e1a6af6a22a980b127ef089614e8f1c

Showing logs for build [32mentando-k8s-entando-k8s-service-kzl7r-4[0m stage [32mfrom-build-pack[0m and container [32mstep-git-source-entando-k8s-entando-k8s-service-kzl7r-jx4kn[0m
Unable to retrieve container logs for docker://05adda0ae8f4ca1b371d7f1317f923348d93969969dcbe7e1b55160a5fdfe909

Showing logs for build [32mentando-k8s-entando-k8s-service-kzl7r-4[0m stage [32mfrom-build-pack[0m and container [32mstep-setup-builder-home[0m
Unable to retrieve container logs for docker://903960d9dbccf41571e61a96020bb766267ab79dc4943e1cdbbf7fc92e71ce17

Showing logs for build [32mentando-k8s-entando-k8s-service-kzl7r-4[0m stage [32mfrom-build-pack[0m and container [32mstep-git-merge[0m
Unable to retrieve container logs for docker://962f0a1d0f80bf5abadb0284d70d3f7fe0be7e4a3d7de063c0cca8362d802e6f

Showing logs for build [32mentando-k8s-entando-k8s-service-kzl7r-4[0m stage [32mfrom-build-pack[0m and container [32mstep-build-set-version[0m
Unable to retrieve container logs for docker://3d9c2af044b68362ef6119dde8592b51163d9fa03df66d0237ea3f318f842f5b

Showing logs for build [32mentando-k8s-entando-k8s-service-kzl7r-4[0m stage [32mfrom-build-pack[0m and container [32mstep-build-fix-git-for-sonar[0m
Unable to retrieve container logs for docker://994eb72ee050b745fe87aa734dcbfa01f9f8e7d42b47794cac692432e45a5c25

Showing logs for build [32mentando-k8s-entando-k8s-service-kzl7r-4[0m stage [32mfrom-build-pack[0m and container [32mstep-build-mvn-verify-pr[0m
Unable to retrieve container logs for docker://5284dab8f0788d511c8db2c924b8b918eeceb623a6566f1df4af4db0d442a05f

Showing logs for build [32mentando-k8s-entando-k8s-service-kzl7r-4[0m stage [32mfrom-build-pack[0m and container [32mstep-build-container-build[0m
Unable to retrieve container logs for docker://a0ff94042093526204776deef6160352a59dc685a62826164663d3b408ea0b3d

Showing logs for build [32mentando-k8s-entando-k8s-service-kzl7r-4[0m stage [32mfrom-build-pack[0m and container [32mstep-postbuild-post-build[0m
Unable to retrieve container logs for docker://b7cbe703223a566f2195503fc84efd5229a35bb2003e874ad41d2a28b097dc52
