
Showing logs for build [32mentando-k8s-entando-k8s-service-l8wzr-5[0m stage [32mfrom-build-pack[0m and container [32mcredential-initializer[0m
Unable to retrieve container logs for docker://90600873a116c046f6c2a774fc15732a72c6e2d51caa1b43ba46bac65aa59311

Showing logs for build [32mentando-k8s-entando-k8s-service-l8wzr-5[0m stage [32mfrom-build-pack[0m and container [32mworking-dir-initializer[0m
Unable to retrieve container logs for docker://7a77351e5d080d6c23fae1a80a680a6d6e9673e75c67c402b25b0ece8cd6f133

Showing logs for build [32mentando-k8s-entando-k8s-service-l8wzr-5[0m stage [32mfrom-build-pack[0m and container [32mplace-tools[0m
Unable to retrieve container logs for docker://1e25eb9187e375479a21fc8d81649e183ce570c05b0eda190df4e10848d71740

Showing logs for build [32mentando-k8s-entando-k8s-service-l8wzr-5[0m stage [32mfrom-build-pack[0m and container [32mstep-git-source-entando-k8s-entando-k8s-service-l8wzr-scxw2[0m
Unable to retrieve container logs for docker://7814168a1fa7dd1736e5d0dc334f5c66710ed5175188dd129279398fa76c142c

Showing logs for build [32mentando-k8s-entando-k8s-service-l8wzr-5[0m stage [32mfrom-build-pack[0m and container [32mstep-setup-builder-home[0m
Unable to retrieve container logs for docker://bb7ebbb187f9bc362144cc589e129a5cd4dc76e63be94619fa107d9b2190173b

Showing logs for build [32mentando-k8s-entando-k8s-service-l8wzr-5[0m stage [32mfrom-build-pack[0m and container [32mstep-git-merge[0m
Unable to retrieve container logs for docker://01d532a1db96dc0cf5e473acff9f320f752b5495af91e073cae39fdb2f706b3a

Showing logs for build [32mentando-k8s-entando-k8s-service-l8wzr-5[0m stage [32mfrom-build-pack[0m and container [32mstep-build-set-version[0m
Unable to retrieve container logs for docker://f07035ed30f6a669eadeae4a93139f6c46e209f90a0d8334166907a67c611209

Showing logs for build [32mentando-k8s-entando-k8s-service-l8wzr-5[0m stage [32mfrom-build-pack[0m and container [32mstep-build-fix-git-for-sonar[0m
Unable to retrieve container logs for docker://367324747acb534802ec3773f93d2b2902259c42ef83225ac9a298df75a38f47

Showing logs for build [32mentando-k8s-entando-k8s-service-l8wzr-5[0m stage [32mfrom-build-pack[0m and container [32mstep-build-mvn-verify-pr[0m
Unable to retrieve container logs for docker://8dfe29e8081f8d33da6d552b0a52e27a239405a5074a35560b9***f5fcfc8443

Showing logs for build [32mentando-k8s-entando-k8s-service-l8wzr-5[0m stage [32mfrom-build-pack[0m and container [32mstep-build-container-build[0m
Unable to retrieve container logs for docker://f7ace4866b0a3f3a3d20a8b7d87c502dba296a27d730d36f44a8cbd171afc40f

Showing logs for build [32mentando-k8s-entando-k8s-service-l8wzr-5[0m stage [32mfrom-build-pack[0m and container [32mstep-postbuild-post-build[0m
Unable to retrieve container logs for docker://e1a43683b5d05520139968a48933047e8445f84680ae4d788c40e3b7c8343064
