
Showing logs for build [32mentando-k8s-entando-k8s-service-lzlbv-1[0m stage [32mfrom-build-pack[0m and container [32mcredential-initializer[0m
Unable to retrieve container logs for docker://99275918decbd441eeaf2200e7dd2c07ac42e500aedc8c49b70c1fe27051452a

Showing logs for build [32mentando-k8s-entando-k8s-service-lzlbv-1[0m stage [32mfrom-build-pack[0m and container [32mworking-dir-initializer[0m
Unable to retrieve container logs for docker://f64cd83a7d8ec15174ed26a330ed372e5155467367775b62cbfe6495bccb8458

Showing logs for build [32mentando-k8s-entando-k8s-service-lzlbv-1[0m stage [32mfrom-build-pack[0m and container [32mplace-tools[0m
Unable to retrieve container logs for docker://46e697993825be427b54ac59d90ed5651dac228e16b5d85f2628e6b45ee7e719

Showing logs for build [32mentando-k8s-entando-k8s-service-lzlbv-1[0m stage [32mfrom-build-pack[0m and container [32mstep-git-source-entando-k8s-entando-k8s-service-lzlbv-ft4fx[0m
Unable to retrieve container logs for docker://f421249d3792b8349e36a64717e0ba1fd68f312d51e8b0292bc5a541d9147c3a

Showing logs for build [32mentando-k8s-entando-k8s-service-lzlbv-1[0m stage [32mfrom-build-pack[0m and container [32mstep-setup-builder-home[0m
Unable to retrieve container logs for docker://678b3875f3c06d7603b09086123c0f3a240c24d805a03a43546711e05b53fa7a

Showing logs for build [32mentando-k8s-entando-k8s-service-lzlbv-1[0m stage [32mfrom-build-pack[0m and container [32mstep-git-merge[0m
Unable to retrieve container logs for docker://0051b9e0c2856357e2d0511f02b6630ac61ff3aa47d0df4484882cfc43f83a6d

Showing logs for build [32mentando-k8s-entando-k8s-service-lzlbv-1[0m stage [32mfrom-build-pack[0m and container [32mstep-build-set-version[0m
Unable to retrieve container logs for docker://f0344276eb7a056233a779dd9cab174da7421375bdf38d68ea47ffb4ce048047

Showing logs for build [32mentando-k8s-entando-k8s-service-lzlbv-1[0m stage [32mfrom-build-pack[0m and container [32mstep-build-fix-git-for-sonar[0m
Unable to retrieve container logs for docker://630a20c082cf924ecebc27262eb2d26062e4f02b7877b81db6907841c3ee1d11

Showing logs for build [32mentando-k8s-entando-k8s-service-lzlbv-1[0m stage [32mfrom-build-pack[0m and container [32mstep-build-mvn-verify-pr[0m
Unable to retrieve container logs for docker://af0735fc6e12a86fff39b5b28775ce707ced702eac223d7269979aa4bebe2f69
[31m
Pipeline failed on stage 'from-build-pack' : container 'step-build-mvn-verify-pr'. The execution of the pipeline has stopped.[0m
