
Showing logs for build [32mentando-k8s-entando-k8s-service-klr78-2[0m stage [32mfrom-build-pack[0m and container [32mcredential-initializer[0m
Unable to retrieve container logs for docker://49e933771e2d033971557f06f80ea71e3994a7d0c2cd8e5700ef2b00fe698421

Showing logs for build [32mentando-k8s-entando-k8s-service-klr78-2[0m stage [32mfrom-build-pack[0m and container [32mworking-dir-initializer[0m
Unable to retrieve container logs for docker://a5e111cc5d9b5f7e5516825d3e607d5cc9b7b0c75132dc06bf83684b27396d56

Showing logs for build [32mentando-k8s-entando-k8s-service-klr78-2[0m stage [32mfrom-build-pack[0m and container [32mplace-tools[0m
Unable to retrieve container logs for docker://fc1055746627625fd426d53f9e370e45f9a0f6d141a04b2ad2feb5890359aa59

Showing logs for build [32mentando-k8s-entando-k8s-service-klr78-2[0m stage [32mfrom-build-pack[0m and container [32mstep-git-source-entando-k8s-entando-k8s-service-klr78-z5r9t[0m
Unable to retrieve container logs for docker://059d4f0cec8d7a0bdb3b9806924d81049725dde028dc111039eaee9b8107957c

Showing logs for build [32mentando-k8s-entando-k8s-service-klr78-2[0m stage [32mfrom-build-pack[0m and container [32mstep-setup-builder-home[0m
Unable to retrieve container logs for docker://d16ed3bb3cda36311ec58b62c0165f50592acbb9f4422d2be411a2f886457a65

Showing logs for build [32mentando-k8s-entando-k8s-service-klr78-2[0m stage [32mfrom-build-pack[0m and container [32mstep-git-merge[0m
Unable to retrieve container logs for docker://2403e08a13bd0c7e09560b99503131327d156aa1ab092524665b618d0bc89257

Showing logs for build [32mentando-k8s-entando-k8s-service-klr78-2[0m stage [32mfrom-build-pack[0m and container [32mstep-build-set-version[0m
Unable to retrieve container logs for docker://3949e5eff045fe1530f85b710af9580fe587a11006c0410f9d226abe12122122

Showing logs for build [32mentando-k8s-entando-k8s-service-klr78-2[0m stage [32mfrom-build-pack[0m and container [32mstep-build-fix-git-for-sonar[0m
Unable to retrieve container logs for docker://dbec2be9838ce44e4c5de4da3ff91324edcab71a4eb298395f6e8e1d1b2da412

Showing logs for build [32mentando-k8s-entando-k8s-service-klr78-2[0m stage [32mfrom-build-pack[0m and container [32mstep-build-mvn-verify-pr[0m
Unable to retrieve container logs for docker://020b55736e6a9118041344521345f0098c0550ca9924f67e1243b657231d5b0d
[31m
Pipeline failed on stage 'from-build-pack' : container 'step-build-mvn-verify-pr'. The execution of the pipeline has stopped.[0m
