
Showing logs for build [32mentando-k8s-entando-k8s-service-xpp4j-4[0m stage [32mfrom-build-pack[0m and container [32mcredential-initializer[0m
Unable to retrieve container logs for docker://64e6705e7569f845c9e1aea602c7e967bbee9d42c608b53a6fad44183fbfc447

Showing logs for build [32mentando-k8s-entando-k8s-service-xpp4j-4[0m stage [32mfrom-build-pack[0m and container [32mworking-dir-initializer[0m
Unable to retrieve container logs for docker://e377183f5f4dc64949f8e4800f59a50e714e0252c99ddf2b695f8fd58ba0b561

Showing logs for build [32mentando-k8s-entando-k8s-service-xpp4j-4[0m stage [32mfrom-build-pack[0m and container [32mplace-tools[0m
Unable to retrieve container logs for docker://032146b1f6fd5407065a1c5f03e9190a00c559e1c067f079252a75d447a90540

Showing logs for build [32mentando-k8s-entando-k8s-service-xpp4j-4[0m stage [32mfrom-build-pack[0m and container [32mstep-git-source-entando-k8s-entando-k8s-service-xpp4j-rmh8r[0m
Unable to retrieve container logs for docker://69c77134e5f5f1729cec31d7ca4f124e8e96b55a4ddbc23d57fd318a8808496b

Showing logs for build [32mentando-k8s-entando-k8s-service-xpp4j-4[0m stage [32mfrom-build-pack[0m and container [32mstep-setup-builder-home[0m
Unable to retrieve container logs for docker://7d6173cca79a45323a1b4e845d86d31e1a379a8efa3ac679bb41811eb01d6021

Showing logs for build [32mentando-k8s-entando-k8s-service-xpp4j-4[0m stage [32mfrom-build-pack[0m and container [32mstep-git-merge[0m
Unable to retrieve container logs for docker://cce38d57dd950142e9e1a7552464eb02354f11340e9c1e071a6b13ad275bf33e

Showing logs for build [32mentando-k8s-entando-k8s-service-xpp4j-4[0m stage [32mfrom-build-pack[0m and container [32mstep-build-set-version[0m
Unable to retrieve container logs for docker://2d7106c5d6ab055bbb20f925f2b4095466d119983a124513afbde24ba4d02e13

Showing logs for build [32mentando-k8s-entando-k8s-service-xpp4j-4[0m stage [32mfrom-build-pack[0m and container [32mstep-build-fix-git-for-sonar[0m
Unable to retrieve container logs for docker://9a2ade4febb41c28874c9f39da4f0b5b1f93211bf0a3347afb6d779d9a5fae1c

Showing logs for build [32mentando-k8s-entando-k8s-service-xpp4j-4[0m stage [32mfrom-build-pack[0m and container [32mstep-build-mvn-verify-pr[0m
Unable to retrieve container logs for docker://fe0c7ad7d07993379daa61881a56d7576ecf61c801737f784b9970814cfe900f
[31m
Pipeline failed on stage 'from-build-pack' : container 'step-build-mvn-verify-pr'. The execution of the pipeline has stopped.[0m
