
Showing logs for build [32mentando-k8s-entando-k8s-service-87vwt-5[0m stage [32mfrom-build-pack[0m and container [32mcredential-initializer[0m
Unable to retrieve container logs for docker://e735648acf9df53b8c319e1ebfca8335588fea0df7b74725a4ab6fbdc9cc5659

Showing logs for build [32mentando-k8s-entando-k8s-service-87vwt-5[0m stage [32mfrom-build-pack[0m and container [32mworking-dir-initializer[0m
Unable to retrieve container logs for docker://8c79d764b04089016cfc9a4277ed27348e551936fff640037d3e0c08c717317d

Showing logs for build [32mentando-k8s-entando-k8s-service-87vwt-5[0m stage [32mfrom-build-pack[0m and container [32mplace-tools[0m
Unable to retrieve container logs for docker://05d9327218fdba3efd2711fc54940521a74a7a4adab08214bb867ca52bf29e08

Showing logs for build [32mentando-k8s-entando-k8s-service-87vwt-5[0m stage [32mfrom-build-pack[0m and container [32mstep-git-source-entando-k8s-entando-k8s-service-87vwt-mfscd[0m
Unable to retrieve container logs for docker://d10c8988dc460a5cfd7e33fa7e682f64c4c0b4cd0d76005ef34ea4a228861745

Showing logs for build [32mentando-k8s-entando-k8s-service-87vwt-5[0m stage [32mfrom-build-pack[0m and container [32mstep-setup-builder-home[0m
Unable to retrieve container logs for docker://91ea370886db8803ff927accc4dcd85bb5a61a8bf6bece53299483ca3eeee116

Showing logs for build [32mentando-k8s-entando-k8s-service-87vwt-5[0m stage [32mfrom-build-pack[0m and container [32mstep-git-merge[0m
Unable to retrieve container logs for docker://7032eb0c71af2b1fa9dfca6da249a82cd50f95a9064b615ed31545d0789a4159

Showing logs for build [32mentando-k8s-entando-k8s-service-87vwt-5[0m stage [32mfrom-build-pack[0m and container [32mstep-build-set-version[0m
Unable to retrieve container logs for docker://2df84fd59299643889105bed56e710261a598ff6127e0071f0ac4fcc4c81c914

Showing logs for build [32mentando-k8s-entando-k8s-service-87vwt-5[0m stage [32mfrom-build-pack[0m and container [32mstep-build-fix-git-for-sonar[0m
Unable to retrieve container logs for docker://08b82b47a9c536313777440c9798475b49fa84abf8a577095ba37c3ee944a975

Showing logs for build [32mentando-k8s-entando-k8s-service-87vwt-5[0m stage [32mfrom-build-pack[0m and container [32mstep-build-mvn-verify-pr[0m
Unable to retrieve container logs for docker://d5bbce31716a1003d206cd443862c2531bee1f2b820555451745c925917d2545
[31m
Pipeline failed on stage 'from-build-pack' : container 'step-build-mvn-verify-pr'. The execution of the pipeline has stopped.[0m
