
Showing logs for build [32mentando-k8s-entando-k8s-operato-fl9k5-10[0m stage [32mfrom-build-pack[0m and container [32mcredential-initializer[0m
Unable to retrieve container logs for docker://d5833805c144323978541362812af53f5b889f189b13c03241094403d4ef3475

Showing logs for build [32mentando-k8s-entando-k8s-operato-fl9k5-10[0m stage [32mfrom-build-pack[0m and container [32mworking-dir-initializer[0m
Unable to retrieve container logs for docker://c7f2af8745a6dd3b2737cf6db4e0e372c023112d8115d171c757ba96584d2c5a

Showing logs for build [32mentando-k8s-entando-k8s-operato-fl9k5-10[0m stage [32mfrom-build-pack[0m and container [32mplace-tools[0m
Unable to retrieve container logs for docker://4769dcb77aed996ffe3504a593f5667b344e8c22e94b46064f518461d80eb603

Showing logs for build [32mentando-k8s-entando-k8s-operato-fl9k5-10[0m stage [32mfrom-build-pack[0m and container [32mstep-git-source-entando-k8s-entando-k8s-operato-fl9k5-5gw6j[0m
Unable to retrieve container logs for docker://e7da24d59518683e98d9e1177583f006f67f5a411bc6840deabdc9380516003c

Showing logs for build [32mentando-k8s-entando-k8s-operato-fl9k5-10[0m stage [32mfrom-build-pack[0m and container [32mstep-setup-builder-home[0m
Unable to retrieve container logs for docker://20e0b1cea1cafa1206563ba1a803d9639ebe5fb025f5576cc4ccce9a32391c7f

Showing logs for build [32mentando-k8s-entando-k8s-operato-fl9k5-10[0m stage [32mfrom-build-pack[0m and container [32mstep-git-merge[0m
Unable to retrieve container logs for docker://198cc10a8688876eeea59ca7e7e84f5c6af6a81b5f0685240c88b83ef2d57179

Showing logs for build [32mentando-k8s-entando-k8s-operato-fl9k5-10[0m stage [32mfrom-build-pack[0m and container [32mstep-build-set-version[0m
Unable to retrieve container logs for docker://17bc16358e9beb78487af1905d30ea0acb7c36276a23dc030bc0951870160272

Showing logs for build [32mentando-k8s-entando-k8s-operato-fl9k5-10[0m stage [32mfrom-build-pack[0m and container [32mstep-build-fix-git-for-sonar[0m
Unable to retrieve container logs for docker://817c15d09fd242414db8c02db2be2113b54839111bd1f36f662b412ef6a45669

Showing logs for build [32mentando-k8s-entando-k8s-operato-fl9k5-10[0m stage [32mfrom-build-pack[0m and container [32mstep-build-mvn-verify-pr[0m
Unable to retrieve container logs for docker://e0199f5646cb42711ef1dd4da174c667d7191844e7518854269aecfe31a08e41

Showing logs for build [32mentando-k8s-entando-k8s-operato-fl9k5-10[0m stage [32mfrom-build-pack[0m and container [32mstep-build-container-build[0m
Unable to retrieve container logs for docker://5e23ddf25a3fbb57eacf5b45a55d0825c25621b4cfce221ee338ebf68fe88758
