
Showing logs for build [32mentando-k8s-entando-k8s-operato-rpjwg-17[0m stage [32mfrom-build-pack[0m and container [32mcredential-initializer[0m
Unable to retrieve container logs for docker://8b2e68f3b16d1e3a80fa7c6cd6ba0c686f16de7d8f5de61814c7900ccb0f671f

Showing logs for build [32mentando-k8s-entando-k8s-operato-rpjwg-17[0m stage [32mfrom-build-pack[0m and container [32mworking-dir-initializer[0m
Unable to retrieve container logs for docker://1db81657aa329b5e4ab6e5a2fb9c644668208d5b02ba2918b0bc14a548beb948

Showing logs for build [32mentando-k8s-entando-k8s-operato-rpjwg-17[0m stage [32mfrom-build-pack[0m and container [32mplace-tools[0m
Unable to retrieve container logs for docker://f36878ab872c486fe67fa2d998115f77481ef5de0607734a8066c938c531eb08

Showing logs for build [32mentando-k8s-entando-k8s-operato-rpjwg-17[0m stage [32mfrom-build-pack[0m and container [32mstep-git-source-entando-k8s-entando-k8s-operato-rpjwg-b5rqk[0m
Unable to retrieve container logs for docker://5fa8b84411d01b2e02ea5e686864f375cae4ba18f921b737c44bc159d676cb5f

Showing logs for build [32mentando-k8s-entando-k8s-operato-rpjwg-17[0m stage [32mfrom-build-pack[0m and container [32mstep-setup-builder-home[0m
Unable to retrieve container logs for docker://7a97fb7913fd0b6c7a9b69d500f07735157a969b620e0854ac5e77efc1ff3a59

Showing logs for build [32mentando-k8s-entando-k8s-operato-rpjwg-17[0m stage [32mfrom-build-pack[0m and container [32mstep-git-merge[0m
Unable to retrieve container logs for docker://890894ad3a3c8e2aa161bd5c2a9e14351618de2988344b666fa7a5e373539e33

Showing logs for build [32mentando-k8s-entando-k8s-operato-rpjwg-17[0m stage [32mfrom-build-pack[0m and container [32mstep-build-set-version[0m
Unable to retrieve container logs for docker://3c0ebf69d991e67c3000cb07dfeefc3a6f944d11ff4f0b3595379cebe4e81c22

Showing logs for build [32mentando-k8s-entando-k8s-operato-rpjwg-17[0m stage [32mfrom-build-pack[0m and container [32mstep-build-fix-git-for-sonar[0m
Unable to retrieve container logs for docker://50119979e7e48b4154e159dfe9cf02282e9c915c1c1b5705fbc6d99e0a039e4b

Showing logs for build [32mentando-k8s-entando-k8s-operato-rpjwg-17[0m stage [32mfrom-build-pack[0m and container [32mstep-build-mvn-verify-pr[0m
Unable to retrieve container logs for docker://b57b255199f0170476dc5b482a4d13609d1c3d1606ffa40da2c0064837e33148
[31m
Pipeline failed on stage 'from-build-pack' : container 'step-build-mvn-verify-pr'. The execution of the pipeline has stopped.[0m
