
Showing logs for build [32mentando-k8s-entando-k8s-operato-6wxkf-18[0m stage [32mfrom-build-pack[0m and container [32mcredential-initializer[0m
Unable to retrieve container logs for docker://dbea69fe2767386f27e250ef36a0404d48b11d26ef0b98408819b0f4c128d539

Showing logs for build [32mentando-k8s-entando-k8s-operato-6wxkf-18[0m stage [32mfrom-build-pack[0m and container [32mworking-dir-initializer[0m
Unable to retrieve container logs for docker://c883524cad96c46ca5aba13e4cad4f46eeb2a87a66a8536316d79a6a4af0ec3e

Showing logs for build [32mentando-k8s-entando-k8s-operato-6wxkf-18[0m stage [32mfrom-build-pack[0m and container [32mplace-tools[0m
Unable to retrieve container logs for docker://88942ecfb08f6d7db1250189abc9cc16230997dfa4cfae195b5790a0da13f70d

Showing logs for build [32mentando-k8s-entando-k8s-operato-6wxkf-18[0m stage [32mfrom-build-pack[0m and container [32mstep-git-source-entando-k8s-entando-k8s-operato-6wxkf-fc9pw[0m
Unable to retrieve container logs for docker://5c8cdad972127d0bcd0e7175a51c0211605645b38871065dde184917c8649d75

Showing logs for build [32mentando-k8s-entando-k8s-operato-6wxkf-18[0m stage [32mfrom-build-pack[0m and container [32mstep-setup-builder-home[0m
Unable to retrieve container logs for docker://aa9f67f108cdf43f220d1bdd515df540addb081a7ebaf44a10103dae47b09a6f

Showing logs for build [32mentando-k8s-entando-k8s-operato-6wxkf-18[0m stage [32mfrom-build-pack[0m and container [32mstep-git-merge[0m
Unable to retrieve container logs for docker://8bfb0e00002bbe3730d606755224ac79b03fcdc085fd2267965d74f7cbc88d70

Showing logs for build [32mentando-k8s-entando-k8s-operato-6wxkf-18[0m stage [32mfrom-build-pack[0m and container [32mstep-build-set-version[0m
Unable to retrieve container logs for docker://46d1119dbb650578414e1b5900cfc07fbf6317875a6cb805a43f6d007548db3b

Showing logs for build [32mentando-k8s-entando-k8s-operato-6wxkf-18[0m stage [32mfrom-build-pack[0m and container [32mstep-build-fix-git-for-sonar[0m
Unable to retrieve container logs for docker://758c7db3926abb508c996f538a01786b0f2fadc76f4a216df3b15c6ce0f6fe27

Showing logs for build [32mentando-k8s-entando-k8s-operato-6wxkf-18[0m stage [32mfrom-build-pack[0m and container [32mstep-build-mvn-verify-pr[0m
Unable to retrieve container logs for docker://eab4a9cf607b64552502520d878451119a408bc052642c2b3cfbbde7f7c91c58
[31m
Pipeline failed on stage 'from-build-pack' : container 'step-build-mvn-verify-pr'. The execution of the pipeline has stopped.[0m
