
Showing logs for build [32mentando-k8s-entando-k8s-operato-4vtfm-2[0m stage [32mfrom-build-pack[0m and container [32mcredential-initializer[0m
Unable to retrieve container logs for docker://a443f8fee5642d247c8ca99178457e1fb27d8557f947622284b3020099459a28

Showing logs for build [32mentando-k8s-entando-k8s-operato-4vtfm-2[0m stage [32mfrom-build-pack[0m and container [32mworking-dir-initializer[0m
Unable to retrieve container logs for docker://5f9ae8ba2bfa850b9b32c9a58ef38a02016bffff660e7b5f55e7c55dd843aa1f

Showing logs for build [32mentando-k8s-entando-k8s-operato-4vtfm-2[0m stage [32mfrom-build-pack[0m and container [32mplace-tools[0m
Unable to retrieve container logs for docker://d2862ba11a54031c88fa1b2c57eef256fc2658e50b9dce299d9110b1a2985162

Showing logs for build [32mentando-k8s-entando-k8s-operato-4vtfm-2[0m stage [32mfrom-build-pack[0m and container [32mstep-git-source-entando-k8s-entando-k8s-operato-4vtfm-zn84j[0m
Unable to retrieve container logs for docker://77578f9e4bed6f497bee9d0587c370746c901a81e54210699af7688e54baab61

Showing logs for build [32mentando-k8s-entando-k8s-operato-4vtfm-2[0m stage [32mfrom-build-pack[0m and container [32mstep-setup-builder-home[0m
Unable to retrieve container logs for docker://b5e54621486a452a6329cc889b80206fce863c0c63e6b95576948178b3003b51

Showing logs for build [32mentando-k8s-entando-k8s-operato-4vtfm-2[0m stage [32mfrom-build-pack[0m and container [32mstep-git-merge[0m
Unable to retrieve container logs for docker://77394c55169d52725367a2d1d1f10b64ac1c3f5e3d19c91041d7b1a504dd315e

Showing logs for build [32mentando-k8s-entando-k8s-operato-4vtfm-2[0m stage [32mfrom-build-pack[0m and container [32mstep-build-set-version[0m
Unable to retrieve container logs for docker://efc7abd0e9e6582a4fb9fc6e17e59c4df6efbc2db767c1592390cbe912892d49

Showing logs for build [32mentando-k8s-entando-k8s-operato-4vtfm-2[0m stage [32mfrom-build-pack[0m and container [32mstep-build-fix-git-for-sonar[0m
Unable to retrieve container logs for docker://3fbeda66b92bae0b5867a4f8aae8c74f4912e4f811b4802c79c6b88e1af93951

Showing logs for build [32mentando-k8s-entando-k8s-operato-4vtfm-2[0m stage [32mfrom-build-pack[0m and container [32mstep-build-mvn-verify-pr[0m
Unable to retrieve container logs for docker://8ae0c1947e645d4fe89eabd0ea079222ca11eed9c5685e19c15088a86e82105b
[31m
Pipeline failed on stage 'from-build-pack' : container 'step-build-mvn-verify-pr'. The execution of the pipeline has stopped.[0m
