
Showing logs for build [32mentando-k8s-entando-k8s-operato-5cjdx-5[0m stage [32mfrom-build-pack[0m and container [32mcredential-initializer[0m
Unable to retrieve container logs for docker://4aa768c226f129552a430d7017858d0be5b59329411b8b64322183e0f377552c

Showing logs for build [32mentando-k8s-entando-k8s-operato-5cjdx-5[0m stage [32mfrom-build-pack[0m and container [32mworking-dir-initializer[0m
Unable to retrieve container logs for docker://c56acdf432c053206e8264ed6b0d04428a66fd9b971fa06856595d1ce812d06f

Showing logs for build [32mentando-k8s-entando-k8s-operato-5cjdx-5[0m stage [32mfrom-build-pack[0m and container [32mplace-tools[0m
Unable to retrieve container logs for docker://12efa8f0ae594d7940ae473642d5835bd5e3b029954d472663ae1a3286068a20

Showing logs for build [32mentando-k8s-entando-k8s-operato-5cjdx-5[0m stage [32mfrom-build-pack[0m and container [32mstep-git-source-entando-k8s-entando-k8s-operato-5cjdx-kpbkj[0m
Unable to retrieve container logs for docker://67ef3d2ed4c8575e7324047139a07d038ce686f23fc7b968609abc27a3615b76

Showing logs for build [32mentando-k8s-entando-k8s-operato-5cjdx-5[0m stage [32mfrom-build-pack[0m and container [32mstep-setup-builder-home[0m
Unable to retrieve container logs for docker://9d10031d7536891db431b2e08510626c22a26bf59be9a979ffe1ac304d3a8d59

Showing logs for build [32mentando-k8s-entando-k8s-operato-5cjdx-5[0m stage [32mfrom-build-pack[0m and container [32mstep-git-merge[0m
Unable to retrieve container logs for docker://d33c27789804980be7fdc75e3b117c6ff8004c35187922173170053c0bd8262f

Showing logs for build [32mentando-k8s-entando-k8s-operato-5cjdx-5[0m stage [32mfrom-build-pack[0m and container [32mstep-build-set-version[0m
Unable to retrieve container logs for docker://f3412b1f236a2078a2dd11fdfac3621bf0fbc47e8fcd7ad98a2b5cb23d336433

Showing logs for build [32mentando-k8s-entando-k8s-operato-5cjdx-5[0m stage [32mfrom-build-pack[0m and container [32mstep-build-fix-git-for-sonar[0m
Unable to retrieve container logs for docker://752416d2f919a824e221442be3fcd223765320987497d63f984e1f887a569753

Showing logs for build [32mentando-k8s-entando-k8s-operato-5cjdx-5[0m stage [32mfrom-build-pack[0m and container [32mstep-build-mvn-verify-pr[0m
Unable to retrieve container logs for docker://3e6bcde9d29efa74b818b2628d16a466d03036c0b877876d82009555f8943533
[31m
Pipeline failed on stage 'from-build-pack' : container 'step-build-mvn-verify-pr'. The execution of the pipeline has stopped.[0m
