
Showing logs for build [32mentando-k8s-entando-k8s-operato-6qlvt-6[0m stage [32mfrom-build-pack[0m and container [32mcredential-initializer[0m
Unable to retrieve container logs for docker://230d260b3b827273f512837600cb876cc3548baf0fa23a16c9eca30374a1d35a

Showing logs for build [32mentando-k8s-entando-k8s-operato-6qlvt-6[0m stage [32mfrom-build-pack[0m and container [32mworking-dir-initializer[0m
Unable to retrieve container logs for docker://c6f8d30b91f87923b4e2e504a43849642793cffa832e7502af24d5c1d52ae122

Showing logs for build [32mentando-k8s-entando-k8s-operato-6qlvt-6[0m stage [32mfrom-build-pack[0m and container [32mplace-tools[0m
Unable to retrieve container logs for docker://8b48b295a3878b76fe2fe2fab4040628012c9e019497d77555106fa3d7472733

Showing logs for build [32mentando-k8s-entando-k8s-operato-6qlvt-6[0m stage [32mfrom-build-pack[0m and container [32mstep-git-source-entando-k8s-entando-k8s-operato-6qlvt-wwx9m[0m
Unable to retrieve container logs for docker://736df5bac22a4f1488928b35502d54395156a2f81a61ba0fdd29844bf754b81d

Showing logs for build [32mentando-k8s-entando-k8s-operato-6qlvt-6[0m stage [32mfrom-build-pack[0m and container [32mstep-setup-builder-home[0m
Unable to retrieve container logs for docker://f978eb75f821001f919ef56df7a2946c10b8f81337c084088ae6975022bdf34c

Showing logs for build [32mentando-k8s-entando-k8s-operato-6qlvt-6[0m stage [32mfrom-build-pack[0m and container [32mstep-git-merge[0m
Unable to retrieve container logs for docker://71821b40331faf5e716b006f5e8b8e6de6bf1e87db891b53187b2f4839ee336e

Showing logs for build [32mentando-k8s-entando-k8s-operato-6qlvt-6[0m stage [32mfrom-build-pack[0m and container [32mstep-build-set-version[0m
Unable to retrieve container logs for docker://83968607decaec2e6f5018f704ce3921959ad5f82a26457806762137d5acce25

Showing logs for build [32mentando-k8s-entando-k8s-operato-6qlvt-6[0m stage [32mfrom-build-pack[0m and container [32mstep-build-fix-git-for-sonar[0m
Unable to retrieve container logs for docker://6e4b30e11a95bc69738333a3f3617a040b028021e0caa6736fa7f5f1db1cdb5d

Showing logs for build [32mentando-k8s-entando-k8s-operato-6qlvt-6[0m stage [32mfrom-build-pack[0m and container [32mstep-build-mvn-verify-pr[0m
Unable to retrieve container logs for docker://5ee18b311b5166405f6abdbc766f8778717c139e15a47c76004cc10c1c2d261c
[31m
Pipeline failed on stage 'from-build-pack' : container 'step-build-mvn-verify-pr'. The execution of the pipeline has stopped.[0m
