
Showing logs for build [32mentando-k8s-entando-k8s-operato-h4vf5-7[0m stage [32mfrom-build-pack[0m and container [32mcredential-initializer[0m
Unable to retrieve container logs for docker://85965acd097a2702c05c2ef7983231611efb115f25e931277cde2aaf3a1cf03e

Showing logs for build [32mentando-k8s-entando-k8s-operato-h4vf5-7[0m stage [32mfrom-build-pack[0m and container [32mworking-dir-initializer[0m
Unable to retrieve container logs for docker://094630c667ae7e0d350ec8db8e35ab3d7136e9b8050e6d7b82d91f9ba1b43b39

Showing logs for build [32mentando-k8s-entando-k8s-operato-h4vf5-7[0m stage [32mfrom-build-pack[0m and container [32mplace-tools[0m
Unable to retrieve container logs for docker://300ef002bf90347a165743f42b152d5709b5ef4edde06739ed893575d231f17a

Showing logs for build [32mentando-k8s-entando-k8s-operato-h4vf5-7[0m stage [32mfrom-build-pack[0m and container [32mstep-git-source-entando-k8s-entando-k8s-operato-h4vf5-xc4dx[0m
Unable to retrieve container logs for docker://48c9fc7a6863be049013237f4710503b36c68727cf2f84697a39a2e380a99449

Showing logs for build [32mentando-k8s-entando-k8s-operato-h4vf5-7[0m stage [32mfrom-build-pack[0m and container [32mstep-setup-builder-home[0m
Unable to retrieve container logs for docker://18bd7cb4fd5c5a3b296dd6e6726fd7125455a1f2dff19e4085873ed4624be60e

Showing logs for build [32mentando-k8s-entando-k8s-operato-h4vf5-7[0m stage [32mfrom-build-pack[0m and container [32mstep-git-merge[0m
Unable to retrieve container logs for docker://2fa632e03137d605a2799a552ccb620f43672de5d8cc2a5b30c9bacaa9ffc91a

Showing logs for build [32mentando-k8s-entando-k8s-operato-h4vf5-7[0m stage [32mfrom-build-pack[0m and container [32mstep-build-set-version[0m
Unable to retrieve container logs for docker://73af071a59a44e7daf7c96793843b954e0add0f54c964e08c95b1395d5658928

Showing logs for build [32mentando-k8s-entando-k8s-operato-h4vf5-7[0m stage [32mfrom-build-pack[0m and container [32mstep-build-fix-git-for-sonar[0m
Unable to retrieve container logs for docker://c9d500f8e70fea4324d045a28af6c1272db6127b8728c96447454a978dec5662

Showing logs for build [32mentando-k8s-entando-k8s-operato-h4vf5-7[0m stage [32mfrom-build-pack[0m and container [32mstep-build-mvn-verify-pr[0m
Unable to retrieve container logs for docker://fdf73ff3abeba550584af47d0a687801e6e3f1349a187b3d5771257479bda86e
[31m
Pipeline failed on stage 'from-build-pack' : container 'step-build-mvn-verify-pr'. The execution of the pipeline has stopped.[0m
