
Showing logs for build [32mentando-k8s-entando-k8s-operato-6j2f6-9[0m stage [32mfrom-build-pack[0m and container [32mcredential-initializer[0m
Unable to retrieve container logs for docker://f21f7e69e2d39360c9a5270def07a67292cb484ab498ee624a23e4c61ebb2545

Showing logs for build [32mentando-k8s-entando-k8s-operato-6j2f6-9[0m stage [32mfrom-build-pack[0m and container [32mworking-dir-initializer[0m
Unable to retrieve container logs for docker://28a851c72173d64ce62c05b8c9d06e7f127dfe12cf6132418ea2a5cf5ee66d11

Showing logs for build [32mentando-k8s-entando-k8s-operato-6j2f6-9[0m stage [32mfrom-build-pack[0m and container [32mplace-tools[0m
Unable to retrieve container logs for docker://40c6c30ccd0db64fbb66462de8142908528a766fe584ba366a08975ace27d665

Showing logs for build [32mentando-k8s-entando-k8s-operato-6j2f6-9[0m stage [32mfrom-build-pack[0m and container [32mstep-git-source-entando-k8s-entando-k8s-operato-6j2f6-r4pws[0m
Unable to retrieve container logs for docker://d80dbe68caa8bc7a1d95809c48befd50974f9f5b2b36381bbddc6ac74ce17c0d

Showing logs for build [32mentando-k8s-entando-k8s-operato-6j2f6-9[0m stage [32mfrom-build-pack[0m and container [32mstep-setup-builder-home[0m
Unable to retrieve container logs for docker://b5815bacc98a9f11220b70a56a15203bfcf4c80fe75bac2bd1a7effa9c81fd7e

Showing logs for build [32mentando-k8s-entando-k8s-operato-6j2f6-9[0m stage [32mfrom-build-pack[0m and container [32mstep-git-merge[0m
Unable to retrieve container logs for docker://7e43fd50d2c18f519f95b6f3ae13ac699f1bac1d8755c902d7cf4838906cc813

Showing logs for build [32mentando-k8s-entando-k8s-operato-6j2f6-9[0m stage [32mfrom-build-pack[0m and container [32mstep-build-set-version[0m
Unable to retrieve container logs for docker://96ace0e40763d44d65eba5fb2fd252014cecc631c184cc3f856e592baab7e614

Showing logs for build [32mentando-k8s-entando-k8s-operato-6j2f6-9[0m stage [32mfrom-build-pack[0m and container [32mstep-build-fix-git-for-sonar[0m
Unable to retrieve container logs for docker://dfefd5726b1929145c55bd26ab91e77336dbdce2c7cdbf679e61a1a657389814

Showing logs for build [32mentando-k8s-entando-k8s-operato-6j2f6-9[0m stage [32mfrom-build-pack[0m and container [32mstep-build-mvn-verify-pr[0m
Unable to retrieve container logs for docker://be376888488dbc0a60272ba3560b254c3fa8704a7f02656736f62aefb6066937

Showing logs for build [32mentando-k8s-entando-k8s-operato-6j2f6-9[0m stage [32mfrom-build-pack[0m and container [32mstep-build-container-build[0m
Unable to retrieve container logs for docker://60ef5be3cf48ff3b3f65eb7371a4f77f32ea758ad601d670359cfe6e6236784a
