
Showing logs for build [32mentando-k8s-entando-de-app-pr-2-6xpfh-10[0m stage [32mfrom-build-pack[0m and container [32mcredential-initializer[0m
Unable to retrieve container logs for docker://5aec56bab869a65d861087268df4d054f976518817f7180d664bf6013d49ba14

Showing logs for build [32mentando-k8s-entando-de-app-pr-2-6xpfh-10[0m stage [32mfrom-build-pack[0m and container [32mworking-dir-initializer[0m
Unable to retrieve container logs for docker://411cd95c71682378a32066aaacf09856d50dd3b098d5e170e8781144d632db56

Showing logs for build [32mentando-k8s-entando-de-app-pr-2-6xpfh-10[0m stage [32mfrom-build-pack[0m and container [32mplace-tools[0m
Unable to retrieve container logs for docker://0de98ad5d579e753d8e5e7d353e9c62e89befd0309863f090023eb2140bb4223

Showing logs for build [32mentando-k8s-entando-de-app-pr-2-6xpfh-10[0m stage [32mfrom-build-pack[0m and container [32mstep-git-source-entando-k8s-entando-de-app-pr-2-6xpfh-xzlkx[0m
Unable to retrieve container logs for docker://16df643313d52d75f3bf188c728aca69aa7ab44a31428d4bd1e85062e60c3e0a

Showing logs for build [32mentando-k8s-entando-de-app-pr-2-6xpfh-10[0m stage [32mfrom-build-pack[0m and container [32mstep-setup-builder-home[0m
Unable to retrieve container logs for docker://72c3a21f9bead813ed28099704626662a36cad8dc72d72196e2806102cd2854e

Showing logs for build [32mentando-k8s-entando-de-app-pr-2-6xpfh-10[0m stage [32mfrom-build-pack[0m and container [32mstep-git-merge[0m
Unable to retrieve container logs for docker://08bcc7198fc4b15b9608c8aab98db636d4824f23fe79fa5a43a3dcf7c0cb7340

Showing logs for build [32mentando-k8s-entando-de-app-pr-2-6xpfh-10[0m stage [32mfrom-build-pack[0m and container [32mstep-build-set-version[0m
Unable to retrieve container logs for docker://d132d0710a38f02b2d5995dd5e17877d6f0e00d1c1a6a8050bf4941b2943096e

Showing logs for build [32mentando-k8s-entando-de-app-pr-2-6xpfh-10[0m stage [32mfrom-build-pack[0m and container [32mstep-build-mvn-verify[0m
Unable to retrieve container logs for docker://ba62733e17214f257267e8927a81d63c25105152b55c520a2b085c6d3297824f

Showing logs for build [32mentando-k8s-entando-de-app-pr-2-6xpfh-10[0m stage [32mfrom-build-pack[0m and container [32mstep-build-container-build[0m
Unable to retrieve container logs for docker://11aae664c4b7ed0e1c094c9b7358017625c83ebefe7ddb2c4231b675d002ae74
[31m
Pipeline failed on stage 'from-build-pack' : container 'step-build-container-build'. The execution of the pipeline has stopped.[0m
