
Showing logs for build [32mentando-k8s-entando-de-app-pr-2-wsq7z-11[0m stage [32mfrom-build-pack[0m and container [32mcredential-initializer[0m
Unable to retrieve container logs for docker://d4155ad28a7073120785843cc6869f5f7b7958aeb6522f786c197fa987c1ce37

Showing logs for build [32mentando-k8s-entando-de-app-pr-2-wsq7z-11[0m stage [32mfrom-build-pack[0m and container [32mworking-dir-initializer[0m
Unable to retrieve container logs for docker://fa64f319c32ad52414de437a68713f7b204361b9d32fb431aaf18d34b256d856

Showing logs for build [32mentando-k8s-entando-de-app-pr-2-wsq7z-11[0m stage [32mfrom-build-pack[0m and container [32mplace-tools[0m
Unable to retrieve container logs for docker://b51870263fb65962fffa893d4e717b61e5be7eadabaace141e9f60d9a1dd0b41

Showing logs for build [32mentando-k8s-entando-de-app-pr-2-wsq7z-11[0m stage [32mfrom-build-pack[0m and container [32mstep-git-source-entando-k8s-entando-de-app-pr-2-wsq7z-t9njh[0m
Unable to retrieve container logs for docker://1a512b1ce1dec50d153dacff3430b3738ed0a37c4b269d6ddb6255014c59be7f

Showing logs for build [32mentando-k8s-entando-de-app-pr-2-wsq7z-11[0m stage [32mfrom-build-pack[0m and container [32mstep-setup-builder-home[0m
Unable to retrieve container logs for docker://ad52ba5aeb484b347a639837986c5e6ed3cea2280c45e611ecde46dfa821d767

Showing logs for build [32mentando-k8s-entando-de-app-pr-2-wsq7z-11[0m stage [32mfrom-build-pack[0m and container [32mstep-git-merge[0m
Unable to retrieve container logs for docker://815842e0d00b1353dfa06bc7c8719a1ccdcab5bc361e2a5a93642d2dca6ae458

Showing logs for build [32mentando-k8s-entando-de-app-pr-2-wsq7z-11[0m stage [32mfrom-build-pack[0m and container [32mstep-build-set-version[0m
Unable to retrieve container logs for docker://f8a8cd23c611a933b3866f3dd2846a449d30ee0daa9bd948a590c93ec7f1b306

Showing logs for build [32mentando-k8s-entando-de-app-pr-2-wsq7z-11[0m stage [32mfrom-build-pack[0m and container [32mstep-build-mvn-verify[0m
Unable to retrieve container logs for docker://98a2ce1cfcb148723a9e6f24d8377a3da97fff0e5866b31f42a2ccfe178ec06f

Showing logs for build [32mentando-k8s-entando-de-app-pr-2-wsq7z-11[0m stage [32mfrom-build-pack[0m and container [32mstep-build-container-build[0m
Unable to retrieve container logs for docker://d2cf16a01d037c0ad0f0e21a8f168d1b73d4dd0488768c4c10ed0bd585f2ed63
[31m
Pipeline failed on stage 'from-build-pack' : container 'step-build-container-build'. The execution of the pipeline has stopped.[0m
