
Showing logs for build [32mentando-k8s-entando-de-app-pr-2-m4qd6-12[0m stage [32mfrom-build-pack[0m and container [32mcredential-initializer[0m
Unable to retrieve container logs for docker://1d59ff0de009ac344139f07f559fb441d5092c87457c8b4ad969ce354655c778

Showing logs for build [32mentando-k8s-entando-de-app-pr-2-m4qd6-12[0m stage [32mfrom-build-pack[0m and container [32mworking-dir-initializer[0m
Unable to retrieve container logs for docker://0b47d3b8578754635335805bbc7e9d65f8553dc3e55c0c7b8419106273ad5805

Showing logs for build [32mentando-k8s-entando-de-app-pr-2-m4qd6-12[0m stage [32mfrom-build-pack[0m and container [32mplace-tools[0m
Unable to retrieve container logs for docker://8a308db18c3377442a0efa16ec63c157ffa2194b872f89059ae7c7f3c8642022

Showing logs for build [32mentando-k8s-entando-de-app-pr-2-m4qd6-12[0m stage [32mfrom-build-pack[0m and container [32mstep-git-source-entando-k8s-entando-de-app-pr-2-m4qd6-4bhld[0m
Unable to retrieve container logs for docker://f50a193a1eb4802e753facba0bc9621d3561fcdd44e9117514ee38828333145b

Showing logs for build [32mentando-k8s-entando-de-app-pr-2-m4qd6-12[0m stage [32mfrom-build-pack[0m and container [32mstep-setup-builder-home[0m
Unable to retrieve container logs for docker://3abde361df6c1446fcd326e606458362fa23a36c1d38242b6ab51d355965dc7a

Showing logs for build [32mentando-k8s-entando-de-app-pr-2-m4qd6-12[0m stage [32mfrom-build-pack[0m and container [32mstep-git-merge[0m
Unable to retrieve container logs for docker://37dbb5dd438087734540a129f2fda820c5ec9ec3f24fdd3f5e4e962da468cb47

Showing logs for build [32mentando-k8s-entando-de-app-pr-2-m4qd6-12[0m stage [32mfrom-build-pack[0m and container [32mstep-build-set-version[0m
Unable to retrieve container logs for docker://7f2cb0e214742658ecdc91d344bdf83bd0158295bc1d4f5125c203eac6dc0f3b

Showing logs for build [32mentando-k8s-entando-de-app-pr-2-m4qd6-12[0m stage [32mfrom-build-pack[0m and container [32mstep-build-mvn-verify[0m
Unable to retrieve container logs for docker://cbe5656adb487a05aba39b65dd611316b78f12a561355541be7c60367739a30f

Showing logs for build [32mentando-k8s-entando-de-app-pr-2-m4qd6-12[0m stage [32mfrom-build-pack[0m and container [32mstep-build-container-build[0m
Unable to retrieve container logs for docker://fb62113dedefa5354c6619be4570aa74b2e4af29b7874d1dd270956c24d2fa01
[31m
Pipeline failed on stage 'from-build-pack' : container 'step-build-container-build'. The execution of the pipeline has stopped.[0m
