
Showing logs for build [32mentando-k8s-entando-de-app-pr-2-gpkfd-13[0m stage [32mfrom-build-pack[0m and container [32mcredential-initializer[0m
Unable to retrieve container logs for docker://e3a377a239ea2f6b6287b25a83939c626d105244bd3da845d32804c3998a5133

Showing logs for build [32mentando-k8s-entando-de-app-pr-2-gpkfd-13[0m stage [32mfrom-build-pack[0m and container [32mworking-dir-initializer[0m
Unable to retrieve container logs for docker://415268ab51e2682dc0ca0bdcd0e22205ba8d2f36ba46376264a4fc049852be01

Showing logs for build [32mentando-k8s-entando-de-app-pr-2-gpkfd-13[0m stage [32mfrom-build-pack[0m and container [32mplace-tools[0m
Unable to retrieve container logs for docker://52ffee87de0f5f1aa99e1414611c0c5920f46c38522ac104827432de6ffa1e65

Showing logs for build [32mentando-k8s-entando-de-app-pr-2-gpkfd-13[0m stage [32mfrom-build-pack[0m and container [32mstep-git-source-entando-k8s-entando-de-app-pr-2-gpkfd-zz8bb[0m
Unable to retrieve container logs for docker://a54eea9300f2cb62b3da63d880258771b0df593cfca6334b9aa13d42d0df384c

Showing logs for build [32mentando-k8s-entando-de-app-pr-2-gpkfd-13[0m stage [32mfrom-build-pack[0m and container [32mstep-setup-builder-home[0m
Unable to retrieve container logs for docker://9a58dd9a5e8105533e73f190101c7819caa2d45129eb11020cb914c61e84fa33

Showing logs for build [32mentando-k8s-entando-de-app-pr-2-gpkfd-13[0m stage [32mfrom-build-pack[0m and container [32mstep-git-merge[0m
Unable to retrieve container logs for docker://3373c2b13453bf3168f16b0c54f9ee979782c03cb5c960e014a7b1756850548e

Showing logs for build [32mentando-k8s-entando-de-app-pr-2-gpkfd-13[0m stage [32mfrom-build-pack[0m and container [32mstep-build-set-version[0m
Unable to retrieve container logs for docker://2d18ba4052597d1433e3a250fdc8080d1f9732a97d64ce6e3f3445b12c63783c

Showing logs for build [32mentando-k8s-entando-de-app-pr-2-gpkfd-13[0m stage [32mfrom-build-pack[0m and container [32mstep-build-mvn-verify[0m
Unable to retrieve container logs for docker://fc79007bbdf2db2557aa4501bc651d72f5403cf7ffd5fd4cb8bf98b19b6b2b73

Showing logs for build [32mentando-k8s-entando-de-app-pr-2-gpkfd-13[0m stage [32mfrom-build-pack[0m and container [32mstep-build-container-build[0m
Unable to retrieve container logs for docker://7ebb3dbbf9337c5d3ff2c1f93cea6a4671426d07db46071ac0ea5511f947324c
[31m
Pipeline failed on stage 'from-build-pack' : container 'step-build-container-build'. The execution of the pipeline has stopped.[0m
