
Showing logs for build [32mentando-k8s-entando-de-app-pr-2-rfnk8-14[0m stage [32mfrom-build-pack[0m and container [32mcredential-initializer[0m
Unable to retrieve container logs for docker://9690ccc9fde7ad6c9e52e5af251d9a0b875c26079872d7596e6b2fc59650f87a

Showing logs for build [32mentando-k8s-entando-de-app-pr-2-rfnk8-14[0m stage [32mfrom-build-pack[0m and container [32mworking-dir-initializer[0m
Unable to retrieve container logs for docker://281b04c4ea67842df63a44efe1f51b2bd9d8a4a07f942b65dcb795ae11d74a5b

Showing logs for build [32mentando-k8s-entando-de-app-pr-2-rfnk8-14[0m stage [32mfrom-build-pack[0m and container [32mplace-tools[0m
Unable to retrieve container logs for docker://38e04c9ab292c14b198066851c3d0b28c9e8bf5f2d21d06ef681557347dff41a

Showing logs for build [32mentando-k8s-entando-de-app-pr-2-rfnk8-14[0m stage [32mfrom-build-pack[0m and container [32mstep-git-source-entando-k8s-entando-de-app-pr-2-rfnk8-fmvk6[0m
Unable to retrieve container logs for docker://1ca3a6eae1e6e303707a6d29820bcc6be3e65b651d1f7a789dfc823d2d916178

Showing logs for build [32mentando-k8s-entando-de-app-pr-2-rfnk8-14[0m stage [32mfrom-build-pack[0m and container [32mstep-setup-builder-home[0m
Unable to retrieve container logs for docker://45197a61084dc728fcf80e16af78c40e390fefb4b207c172f7ffb5130616ab14

Showing logs for build [32mentando-k8s-entando-de-app-pr-2-rfnk8-14[0m stage [32mfrom-build-pack[0m and container [32mstep-git-merge[0m
Unable to retrieve container logs for docker://3252d9546ba9f406c9d6acc7a457fc6f501c552a0e57182371cd53d27ce6196d

Showing logs for build [32mentando-k8s-entando-de-app-pr-2-rfnk8-14[0m stage [32mfrom-build-pack[0m and container [32mstep-build-set-version[0m
Unable to retrieve container logs for docker://4a47649bc7a0d7538615f64077c4521f33786893a581b52507b8f37fdaea9b2a

Showing logs for build [32mentando-k8s-entando-de-app-pr-2-rfnk8-14[0m stage [32mfrom-build-pack[0m and container [32mstep-build-mvn-verify[0m
Unable to retrieve container logs for docker://efdc9ee45bc78f52b5fcdbac4e664861a6ca080eaa70a86d42b7fb6b4063ad54

Showing logs for build [32mentando-k8s-entando-de-app-pr-2-rfnk8-14[0m stage [32mfrom-build-pack[0m and container [32mstep-build-container-build[0m
Unable to retrieve container logs for docker://eebf2d1aefd807016211cfdfcc4a4821df1710792182ab20de529f10fc51463b
[31m
Pipeline failed on stage 'from-build-pack' : container 'step-build-container-build'. The execution of the pipeline has stopped.[0m
