
Showing logs for build [32mentando-k8s-entando-de-app-pr-2-lwkd8-15[0m stage [32mfrom-build-pack[0m and container [32mcredential-initializer[0m
Unable to retrieve container logs for docker://23bedad16f53782f9ffc5f6623dde969a6071bc27015781bfcab2dd027c1bb4e

Showing logs for build [32mentando-k8s-entando-de-app-pr-2-lwkd8-15[0m stage [32mfrom-build-pack[0m and container [32mworking-dir-initializer[0m
Unable to retrieve container logs for docker://0d01de11939c522d63c79db977b7b26597f91b2b6b8d622dd9dbc98ba2d80854

Showing logs for build [32mentando-k8s-entando-de-app-pr-2-lwkd8-15[0m stage [32mfrom-build-pack[0m and container [32mplace-tools[0m
Unable to retrieve container logs for docker://aa424bed47b2ea4af686929c5abefe211dedb2568e9ddd3eecbcacfeb0610e15

Showing logs for build [32mentando-k8s-entando-de-app-pr-2-lwkd8-15[0m stage [32mfrom-build-pack[0m and container [32mstep-git-source-entando-k8s-entando-de-app-pr-2-lwkd8-gs9kx[0m
Unable to retrieve container logs for docker://1d133b97c33e840c3cd0e2d95d80d13e44dbb77633532557bfa5e33f72a97533

Showing logs for build [32mentando-k8s-entando-de-app-pr-2-lwkd8-15[0m stage [32mfrom-build-pack[0m and container [32mstep-setup-builder-home[0m
Unable to retrieve container logs for docker://46fbdeb69dd0c222e7dab9eb5dc6271a95f095ad476d9f3faccb5be6bed43b3b

Showing logs for build [32mentando-k8s-entando-de-app-pr-2-lwkd8-15[0m stage [32mfrom-build-pack[0m and container [32mstep-git-merge[0m
Unable to retrieve container logs for docker://86686856d2ca816961998e9ba40b7a7ea43fe62c607e09785d2123938750dd40

Showing logs for build [32mentando-k8s-entando-de-app-pr-2-lwkd8-15[0m stage [32mfrom-build-pack[0m and container [32mstep-build-set-version[0m
Unable to retrieve container logs for docker://d8a241daccd2b65bf9e9c227a3c7b85d7f0a88ec882f006194e5c9550b873e7f

Showing logs for build [32mentando-k8s-entando-de-app-pr-2-lwkd8-15[0m stage [32mfrom-build-pack[0m and container [32mstep-build-mvn-verify[0m
Unable to retrieve container logs for docker://4ff319b155acee54e2d1af21dfc05f6770ccf4612ab0d366be5710951b697a06

Showing logs for build [32mentando-k8s-entando-de-app-pr-2-lwkd8-15[0m stage [32mfrom-build-pack[0m and container [32mstep-build-container-build[0m
Unable to retrieve container logs for docker://5490f8fd0aa1a337643c2e55f165bf55deef97bd44241b1720a29cadf1ed5b47
[31m
Pipeline failed on stage 'from-build-pack' : container 'step-build-container-build'. The execution of the pipeline has stopped.[0m
