
Showing logs for build [32mentando-k8s-entando-de-app-pr-2-5x6d7-2[0m stage [32mfrom-build-pack[0m and container [32mcredential-initializer[0m
Unable to retrieve container logs for docker://1211787bdcebfb7df745fd08a927334d7d3c876a59c7ff5f76d42290f13c666b

Showing logs for build [32mentando-k8s-entando-de-app-pr-2-5x6d7-2[0m stage [32mfrom-build-pack[0m and container [32mworking-dir-initializer[0m
Unable to retrieve container logs for docker://b43801fba385010276806fad8e83de5e521a7a835c6338478288f3fcd028d927

Showing logs for build [32mentando-k8s-entando-de-app-pr-2-5x6d7-2[0m stage [32mfrom-build-pack[0m and container [32mplace-tools[0m
Unable to retrieve container logs for docker://6d9cfaf47328053ac35e95d512a0620ed8ce17659a58da0681a1ef01e76dd639

Showing logs for build [32mentando-k8s-entando-de-app-pr-2-5x6d7-2[0m stage [32mfrom-build-pack[0m and container [32mstep-git-source-entando-k8s-entando-de-app-pr-2-5x6d7-p9bp8[0m
Unable to retrieve container logs for docker://579c1d46b22bbf7bb2d76bbb32a696552711145931081143ed50f2a0343a5107

Showing logs for build [32mentando-k8s-entando-de-app-pr-2-5x6d7-2[0m stage [32mfrom-build-pack[0m and container [32mstep-setup-builder-home[0m
Unable to retrieve container logs for docker://0dff21c650a8442fa9625949b04f504155a9e2630c2c7a6dd98ac1ce88243467

Showing logs for build [32mentando-k8s-entando-de-app-pr-2-5x6d7-2[0m stage [32mfrom-build-pack[0m and container [32mstep-git-merge[0m
Unable to retrieve container logs for docker://9d8d493fa427fe6143bda5b845d97f3f4b9213026f88ef35d7e2b636ff0fa958

Showing logs for build [32mentando-k8s-entando-de-app-pr-2-5x6d7-2[0m stage [32mfrom-build-pack[0m and container [32mstep-build-set-version[0m
Unable to retrieve container logs for docker://c8c258aa9745de433afa31fd48544a56091fda0a6b2ae262a2c4690c4515af17

Showing logs for build [32mentando-k8s-entando-de-app-pr-2-5x6d7-2[0m stage [32mfrom-build-pack[0m and container [32mstep-build-mvn-verify[0m
Unable to retrieve container logs for docker://2e38325601818f46b8d9dca992a73b4aa7e883e8b41f9d5bd374b11798ab2f21

Showing logs for build [32mentando-k8s-entando-de-app-pr-2-5x6d7-2[0m stage [32mfrom-build-pack[0m and container [32mstep-build-container-build[0m
Unable to retrieve container logs for docker://cd044260947f51205515e9d1ad6466135609e53d1861c55077f192c2b1be582c
[31m
Pipeline failed on stage 'from-build-pack' : container 'step-build-container-build'. The execution of the pipeline has stopped.[0m
