
Showing logs for build [32mentando-k8s-entando-de-app-pr-2-2jczz-3[0m stage [32mfrom-build-pack[0m and container [32mcredential-initializer[0m
Unable to retrieve container logs for docker://6e29e3a36a8d6c7ae51a6dd7d16a17170584b12a8070f45814e9b1a4109aae31

Showing logs for build [32mentando-k8s-entando-de-app-pr-2-2jczz-3[0m stage [32mfrom-build-pack[0m and container [32mworking-dir-initializer[0m
Unable to retrieve container logs for docker://0f79fcbdb34f9d6738e713c44f36c56b6531c64a270eb57c061d3562fc4ec813

Showing logs for build [32mentando-k8s-entando-de-app-pr-2-2jczz-3[0m stage [32mfrom-build-pack[0m and container [32mplace-tools[0m
Unable to retrieve container logs for docker://34adcf6d269bb52de42669626460891214fe1714d9c2397748fbeda6f04df86a

Showing logs for build [32mentando-k8s-entando-de-app-pr-2-2jczz-3[0m stage [32mfrom-build-pack[0m and container [32mstep-git-source-entando-k8s-entando-de-app-pr-2-2jczz-j2fdt[0m
Unable to retrieve container logs for docker://060adb80da591e2d6ea3157ce4aeed51e84d887ee2cbaa01cce516364dd1fe2c

Showing logs for build [32mentando-k8s-entando-de-app-pr-2-2jczz-3[0m stage [32mfrom-build-pack[0m and container [32mstep-setup-builder-home[0m
Unable to retrieve container logs for docker://a78a5cf41b189259ec7d0474338ac71da62a30762394cc505e9e01a373df7a5b

Showing logs for build [32mentando-k8s-entando-de-app-pr-2-2jczz-3[0m stage [32mfrom-build-pack[0m and container [32mstep-git-merge[0m
Unable to retrieve container logs for docker://1accb38c535b7f2bd14325c3cd87dd5755512e7f50a74a0405557cd74dae8f22

Showing logs for build [32mentando-k8s-entando-de-app-pr-2-2jczz-3[0m stage [32mfrom-build-pack[0m and container [32mstep-build-set-version[0m
Unable to retrieve container logs for docker://e8ceb2cbca6a1e4d13411089b9b0aa26dc9437acc3d8ea78bdef2c5fa28a9276

Showing logs for build [32mentando-k8s-entando-de-app-pr-2-2jczz-3[0m stage [32mfrom-build-pack[0m and container [32mstep-build-mvn-verify[0m
Unable to retrieve container logs for docker://3b197572f3a6655791a857d7e5be3b493d93b629a7126266e3df4b5dcc2f2509

Showing logs for build [32mentando-k8s-entando-de-app-pr-2-2jczz-3[0m stage [32mfrom-build-pack[0m and container [32mstep-build-container-build[0m
Unable to retrieve container logs for docker://5eb79558c742d1425cd0fe51eaeb4b3c77d32a702a2e475c9b0d7ac42002f30d
[31m
Pipeline failed on stage 'from-build-pack' : container 'step-build-container-build'. The execution of the pipeline has stopped.[0m
