
Showing logs for build [32mentando-k8s-entando-de-app-pr-2-cgzpd-4[0m stage [32mfrom-build-pack[0m and container [32mcredential-initializer[0m
Unable to retrieve container logs for docker://223dea1d7d938777bf9336e3fb905e768b4dd0a565a16a70af00573443b7fc27

Showing logs for build [32mentando-k8s-entando-de-app-pr-2-cgzpd-4[0m stage [32mfrom-build-pack[0m and container [32mworking-dir-initializer[0m
Unable to retrieve container logs for docker://4c8b326b2b0e294c562d0f88e0744a714087b5122e9bb52d8bcfe2661345ff52

Showing logs for build [32mentando-k8s-entando-de-app-pr-2-cgzpd-4[0m stage [32mfrom-build-pack[0m and container [32mplace-tools[0m
Unable to retrieve container logs for docker://d78f62bc84b6f7564b49223a5f174d7cdee1a002a1a460451e97661c4c06747d

Showing logs for build [32mentando-k8s-entando-de-app-pr-2-cgzpd-4[0m stage [32mfrom-build-pack[0m and container [32mstep-git-source-entando-k8s-entando-de-app-pr-2-cgzpd-cbwm5[0m
Unable to retrieve container logs for docker://8165212a8217893e1552c423c57c9d5c7d85cce1a87b9e10ce0864717a6c6d39

Showing logs for build [32mentando-k8s-entando-de-app-pr-2-cgzpd-4[0m stage [32mfrom-build-pack[0m and container [32mstep-setup-builder-home[0m
Unable to retrieve container logs for docker://6cf54ef4073b0a5d75d6a7fa6e8e34113b6143470d4bfc36caeaaba6682d557e

Showing logs for build [32mentando-k8s-entando-de-app-pr-2-cgzpd-4[0m stage [32mfrom-build-pack[0m and container [32mstep-git-merge[0m
Unable to retrieve container logs for docker://46391961c0c3b82249b727ad4f310c4a99661762db1e54194c6f5224de420913

Showing logs for build [32mentando-k8s-entando-de-app-pr-2-cgzpd-4[0m stage [32mfrom-build-pack[0m and container [32mstep-build-set-version[0m
Unable to retrieve container logs for docker://4b76436229be3357bce392da4b10b077463691bd8c23354fde64b8de8c5ac371

Showing logs for build [32mentando-k8s-entando-de-app-pr-2-cgzpd-4[0m stage [32mfrom-build-pack[0m and container [32mstep-build-mvn-verify[0m
Unable to retrieve container logs for docker://c9d7b510ce48066ae4d29ad6a3ef2822cac4b0be5db6b721ea143c14a2230f02

Showing logs for build [32mentando-k8s-entando-de-app-pr-2-cgzpd-4[0m stage [32mfrom-build-pack[0m and container [32mstep-build-container-build[0m
Unable to retrieve container logs for docker://5abba30ea1715e2ec04eddbd4c46d137fe69b4767b22c930860f78ebe449387e
[31m
Pipeline failed on stage 'from-build-pack' : container 'step-build-container-build'. The execution of the pipeline has stopped.[0m
