
Showing logs for build [32mentando-k8s-entando-de-app-pr-2-f8spr-5[0m stage [32mfrom-build-pack[0m and container [32mcredential-initializer[0m
Unable to retrieve container logs for docker://69ad2bd5b327a753612d7983991e9b612170c3b41d2bc02455e1ef88f8041605

Showing logs for build [32mentando-k8s-entando-de-app-pr-2-f8spr-5[0m stage [32mfrom-build-pack[0m and container [32mworking-dir-initializer[0m
Unable to retrieve container logs for docker://e1ce7566d9e530743304d75e6caf6163d7d7c91acea18d2337c3199d2e8e1c1b

Showing logs for build [32mentando-k8s-entando-de-app-pr-2-f8spr-5[0m stage [32mfrom-build-pack[0m and container [32mplace-tools[0m
Unable to retrieve container logs for docker://62539a058eaa893999e31c5a424d6a794009f3684acffa1949607e130477b468

Showing logs for build [32mentando-k8s-entando-de-app-pr-2-f8spr-5[0m stage [32mfrom-build-pack[0m and container [32mstep-git-source-entando-k8s-entando-de-app-pr-2-f8spr-mqsfh[0m
Unable to retrieve container logs for docker://cff7f3608db68d39022bb3190dc92e5ce8245c0e05c8e265fd89993d9ffa3f5a

Showing logs for build [32mentando-k8s-entando-de-app-pr-2-f8spr-5[0m stage [32mfrom-build-pack[0m and container [32mstep-setup-builder-home[0m
Unable to retrieve container logs for docker://b6754603716f8429a3c46846cad7201157a5f931d89e322473e633c0b56a2f4d

Showing logs for build [32mentando-k8s-entando-de-app-pr-2-f8spr-5[0m stage [32mfrom-build-pack[0m and container [32mstep-git-merge[0m
Unable to retrieve container logs for docker://622dc549bcffed46dc7e546fe376704a0c4dcf5657b634135a141c225b7bb46c

Showing logs for build [32mentando-k8s-entando-de-app-pr-2-f8spr-5[0m stage [32mfrom-build-pack[0m and container [32mstep-build-set-version[0m
Unable to retrieve container logs for docker://22c983dff0c9bf083fbbb883cd130d5019abddbc448a47191feab30cfeaed478

Showing logs for build [32mentando-k8s-entando-de-app-pr-2-f8spr-5[0m stage [32mfrom-build-pack[0m and container [32mstep-build-mvn-verify[0m
Unable to retrieve container logs for docker://1a94eac39c186c2fa4fbea267625f366aa9f34bc69328c13f30187ccf72fec12

Showing logs for build [32mentando-k8s-entando-de-app-pr-2-f8spr-5[0m stage [32mfrom-build-pack[0m and container [32mstep-build-container-build[0m
Unable to retrieve container logs for docker://ec10d44f99e1b566413f9d604fc50f4ef2493ee164ab3f4a151b59af979a2140
[31m
Pipeline failed on stage 'from-build-pack' : container 'step-build-container-build'. The execution of the pipeline has stopped.[0m
