
Showing logs for build [32mentando-k8s-entando-de-app-pr-2-mrfzg-6[0m stage [32mfrom-build-pack[0m and container [32mcredential-initializer[0m
Unable to retrieve container logs for docker://1e4d4a14710343741e9f91aa2c46c94e26352bcbb95a2a5eac7704bb6533581e

Showing logs for build [32mentando-k8s-entando-de-app-pr-2-mrfzg-6[0m stage [32mfrom-build-pack[0m and container [32mworking-dir-initializer[0m
Unable to retrieve container logs for docker://eec9abf1e6a3185af01ba401a85a295cb16523bedb09bb1cdcd6a1382561b450

Showing logs for build [32mentando-k8s-entando-de-app-pr-2-mrfzg-6[0m stage [32mfrom-build-pack[0m and container [32mplace-tools[0m
Unable to retrieve container logs for docker://540d2918239cfb3084b6f165ec562f4479c272e6b335fe4d0daadcef8bb7df5c

Showing logs for build [32mentando-k8s-entando-de-app-pr-2-mrfzg-6[0m stage [32mfrom-build-pack[0m and container [32mstep-git-source-entando-k8s-entando-de-app-pr-2-mrfzg-bnz87[0m
Unable to retrieve container logs for docker://44f744fefb54df3b1bd6da537f7c585f5e2a4120dae5d24889f3fe6ca8538330

Showing logs for build [32mentando-k8s-entando-de-app-pr-2-mrfzg-6[0m stage [32mfrom-build-pack[0m and container [32mstep-setup-builder-home[0m
Unable to retrieve container logs for docker://0cd7573f0eaf686c3da465c765dde86ff6da043e394e913157bf0b39dceb2167

Showing logs for build [32mentando-k8s-entando-de-app-pr-2-mrfzg-6[0m stage [32mfrom-build-pack[0m and container [32mstep-git-merge[0m
Unable to retrieve container logs for docker://5a8c832c8bafe60820f98928c3d45157c58b60d4e7cdab25fa02f6a0ff69f974

Showing logs for build [32mentando-k8s-entando-de-app-pr-2-mrfzg-6[0m stage [32mfrom-build-pack[0m and container [32mstep-build-set-version[0m
Unable to retrieve container logs for docker://1bef51a631***6b6281c0ab0151a428f728dacb208a33b50e2ad1c81780a179b

Showing logs for build [32mentando-k8s-entando-de-app-pr-2-mrfzg-6[0m stage [32mfrom-build-pack[0m and container [32mstep-build-mvn-verify[0m
Unable to retrieve container logs for docker://48a18b86385e3160bdaaefac8eff9325a0117e6056c2486d0499c9b35a7a5931

Showing logs for build [32mentando-k8s-entando-de-app-pr-2-mrfzg-6[0m stage [32mfrom-build-pack[0m and container [32mstep-build-container-build[0m
Unable to retrieve container logs for docker://bc267191383bee2bb9ddf1f49720860740de4c4c90bf8746e5f67450eacd1735
[31m
Pipeline failed on stage 'from-build-pack' : container 'step-build-container-build'. The execution of the pipeline has stopped.[0m
