
Showing logs for build [32mentando-k8s-entando-de-app-pr-2-fxpt2-7[0m stage [32mfrom-build-pack[0m and container [32mcredential-initializer[0m
Unable to retrieve container logs for docker://c8a555d68d7efc34994c3eb1348bc01ccf64b83b6b945e1cfa274a6a1ddbf72e

Showing logs for build [32mentando-k8s-entando-de-app-pr-2-fxpt2-7[0m stage [32mfrom-build-pack[0m and container [32mworking-dir-initializer[0m
Unable to retrieve container logs for docker://b88289e0b519df0e52ae43bc35e2423a4ae20079db2b7d4be54cb0b0ca40d110

Showing logs for build [32mentando-k8s-entando-de-app-pr-2-fxpt2-7[0m stage [32mfrom-build-pack[0m and container [32mplace-tools[0m
Unable to retrieve container logs for docker://746ce525a136395da4e53a4b4b9b7e2bf61137f210523d035a0309cc1e3ba23c

Showing logs for build [32mentando-k8s-entando-de-app-pr-2-fxpt2-7[0m stage [32mfrom-build-pack[0m and container [32mstep-git-source-entando-k8s-entando-de-app-pr-2-fxpt2-jx6qs[0m
Unable to retrieve container logs for docker://36705ee8f4740e69ee34365a8615ef63590590673926fc3c70eb2f4438fceb65

Showing logs for build [32mentando-k8s-entando-de-app-pr-2-fxpt2-7[0m stage [32mfrom-build-pack[0m and container [32mstep-setup-builder-home[0m
Unable to retrieve container logs for docker://c8160832aff6e77dabbf199a7ad7603d1ea19c536b72c9233fe4f9d2ee702859

Showing logs for build [32mentando-k8s-entando-de-app-pr-2-fxpt2-7[0m stage [32mfrom-build-pack[0m and container [32mstep-git-merge[0m
Unable to retrieve container logs for docker://97d0005ba81f7a0afd34d1347e29a265e9df9326371f7f48ee2549a456c4906a

Showing logs for build [32mentando-k8s-entando-de-app-pr-2-fxpt2-7[0m stage [32mfrom-build-pack[0m and container [32mstep-build-set-version[0m
Unable to retrieve container logs for docker://8fc6e07ab5aa551794f815e8df1c29696717b00fca8d5d2e2354817de6dd2d0d

Showing logs for build [32mentando-k8s-entando-de-app-pr-2-fxpt2-7[0m stage [32mfrom-build-pack[0m and container [32mstep-build-mvn-verify[0m
Unable to retrieve container logs for docker://74cdf8214adeaa463fedcf796a6b75245a57d4a2810af44e18aa58a56445f43f

Showing logs for build [32mentando-k8s-entando-de-app-pr-2-fxpt2-7[0m stage [32mfrom-build-pack[0m and container [32mstep-build-container-build[0m
Unable to retrieve container logs for docker://0928b1e58b3d6f6e4b2b27cfde09c456994351be224a724ef811ee85ad921071
[31m
Pipeline failed on stage 'from-build-pack' : container 'step-build-container-build'. The execution of the pipeline has stopped.[0m
