
Showing logs for build [32mentando-k8s-entando-de-app-pr-2-9ldzt-8[0m stage [32mfrom-build-pack[0m and container [32mcredential-initializer[0m
Unable to retrieve container logs for docker://491b34de8c2ed753e059b51197d90b12a8f613e66a0f250823dd2385c15f7b0f

Showing logs for build [32mentando-k8s-entando-de-app-pr-2-9ldzt-8[0m stage [32mfrom-build-pack[0m and container [32mworking-dir-initializer[0m
Unable to retrieve container logs for docker://e3fcf97847856c3e429f9476814bc6353c2a4e5f3bee0f5ee3aca625f6242243

Showing logs for build [32mentando-k8s-entando-de-app-pr-2-9ldzt-8[0m stage [32mfrom-build-pack[0m and container [32mplace-tools[0m
Unable to retrieve container logs for docker://17c19cd7c578c37182eaf6193276cc76132554dfadf2cb66be6436b445231922

Showing logs for build [32mentando-k8s-entando-de-app-pr-2-9ldzt-8[0m stage [32mfrom-build-pack[0m and container [32mstep-git-source-entando-k8s-entando-de-app-pr-2-9ldzt-4pwqh[0m
Unable to retrieve container logs for docker://3a8879cc9e57b0183cd549de980bf249b1d87f583fec4319563fe51f6c58f63a

Showing logs for build [32mentando-k8s-entando-de-app-pr-2-9ldzt-8[0m stage [32mfrom-build-pack[0m and container [32mstep-setup-builder-home[0m
Unable to retrieve container logs for docker://1f6e2d473939197ae12efbc3928b7875da68df506a29e70448a1cb71ba14f577

Showing logs for build [32mentando-k8s-entando-de-app-pr-2-9ldzt-8[0m stage [32mfrom-build-pack[0m and container [32mstep-git-merge[0m
Unable to retrieve container logs for docker://91eaea0d88e9261ce58d32ee6795d87e7a255f5ac4c86e5435d50f6c2a7b1946

Showing logs for build [32mentando-k8s-entando-de-app-pr-2-9ldzt-8[0m stage [32mfrom-build-pack[0m and container [32mstep-build-set-version[0m
Unable to retrieve container logs for docker://ec75b424fb94f20b41269debaf2525491dce44e34b3cb45577a35ebe5762c832

Showing logs for build [32mentando-k8s-entando-de-app-pr-2-9ldzt-8[0m stage [32mfrom-build-pack[0m and container [32mstep-build-mvn-verify[0m
Unable to retrieve container logs for docker://2d945e20360f776ab997171c42642a2578e4a0f0bcc2514696dfadf8c144ae3d

Showing logs for build [32mentando-k8s-entando-de-app-pr-2-9ldzt-8[0m stage [32mfrom-build-pack[0m and container [32mstep-build-container-build[0m
Unable to retrieve container logs for docker://dd5421db4fc4a360a3782d01b54af822f85844c65d1554575206cead0cd10003
[31m
Pipeline failed on stage 'from-build-pack' : container 'step-build-container-build'. The execution of the pipeline has stopped.[0m
