
Showing logs for build [32mentando-k8s-entando-de-app-pr-2-qrj47-9[0m stage [32mfrom-build-pack[0m and container [32mcredential-initializer[0m
Unable to retrieve container logs for docker://0f9590fde6d5643058f08a35f8e99176b95f0e2c2e5c7c3394e971b58819f304

Showing logs for build [32mentando-k8s-entando-de-app-pr-2-qrj47-9[0m stage [32mfrom-build-pack[0m and container [32mworking-dir-initializer[0m
Unable to retrieve container logs for docker://7539daa345ebd6554b64d16a15ad790c1512e8237dc2920d49b1447b6a1b292d

Showing logs for build [32mentando-k8s-entando-de-app-pr-2-qrj47-9[0m stage [32mfrom-build-pack[0m and container [32mplace-tools[0m
Unable to retrieve container logs for docker://7c76b55408e6065c2aa46a8b611cc201081725772ef08a74071611587cb0827c

Showing logs for build [32mentando-k8s-entando-de-app-pr-2-qrj47-9[0m stage [32mfrom-build-pack[0m and container [32mstep-git-source-entando-k8s-entando-de-app-pr-2-qrj47-tf8qm[0m
Unable to retrieve container logs for docker://fc7bc9641626a055b9a42accdc41f17abed4c4d12a564d0d0ea09c1879f1f74d

Showing logs for build [32mentando-k8s-entando-de-app-pr-2-qrj47-9[0m stage [32mfrom-build-pack[0m and container [32mstep-setup-builder-home[0m
Unable to retrieve container logs for docker://534efd02d104fe087f35c5cc22fbd860866eb306b8819f130bd33bfd7ae59446

Showing logs for build [32mentando-k8s-entando-de-app-pr-2-qrj47-9[0m stage [32mfrom-build-pack[0m and container [32mstep-git-merge[0m
Unable to retrieve container logs for docker://53c7368aa94a9a3feb867123d4e5a77a5288a910e37ea52abafcb4afb319134f

Showing logs for build [32mentando-k8s-entando-de-app-pr-2-qrj47-9[0m stage [32mfrom-build-pack[0m and container [32mstep-build-set-version[0m
Unable to retrieve container logs for docker://13bbadf3aaeb5b1ac12571b2e40bb01306f4157dc4a2f6743f98a0f63a92433d

Showing logs for build [32mentando-k8s-entando-de-app-pr-2-qrj47-9[0m stage [32mfrom-build-pack[0m and container [32mstep-build-mvn-verify[0m
Unable to retrieve container logs for docker://0e25dbae6f3a3c43f6a292717f059961004668bda6d9f034acc17a077cb8375b

Showing logs for build [32mentando-k8s-entando-de-app-pr-2-qrj47-9[0m stage [32mfrom-build-pack[0m and container [32mstep-build-container-build[0m
Unable to retrieve container logs for docker://b8ae4a4b4ac7147b64aab780a3d74742e6a66c0793f4d15318605bcdcafedb04
[31m
Pipeline failed on stage 'from-build-pack' : container 'step-build-container-build'. The execution of the pipeline has stopped.[0m
