
Showing logs for build [32mentando-k8s-entando-k8s-operato-kk5tl-10[0m stage [32mfrom-build-pack[0m and container [32mcredential-initializer[0m
Unable to retrieve container logs for docker://c1b461d692cb9416e2504eb21079251997e7ae9605e5ab48e9524432f99b8a2b

Showing logs for build [32mentando-k8s-entando-k8s-operato-kk5tl-10[0m stage [32mfrom-build-pack[0m and container [32mworking-dir-initializer[0m
Unable to retrieve container logs for docker://aaa411f2a3bff90bf135273ca2738e0b1fcb6ed1cc6dc24f34504ec0e30c887c

Showing logs for build [32mentando-k8s-entando-k8s-operato-kk5tl-10[0m stage [32mfrom-build-pack[0m and container [32mplace-tools[0m
Unable to retrieve container logs for docker://0338c9ce9569c8354a48310d39f1f66f78b4359c2e2c4b03ec28f5342e683443

Showing logs for build [32mentando-k8s-entando-k8s-operato-kk5tl-10[0m stage [32mfrom-build-pack[0m and container [32mstep-git-source-entando-k8s-entando-k8s-operato-kk5tl-rtdcz[0m
Unable to retrieve container logs for docker://b8bd1cd2384c0b0e9816067c8c8e85148519bc72159de825e083fd4c0f10c326

Showing logs for build [32mentando-k8s-entando-k8s-operato-kk5tl-10[0m stage [32mfrom-build-pack[0m and container [32mstep-setup-builder-home[0m
Unable to retrieve container logs for docker://27e0424f68e81d7eb7e6ffb7cfb16c4db1abbc9b17edff5beaab5ad689078b11

Showing logs for build [32mentando-k8s-entando-k8s-operato-kk5tl-10[0m stage [32mfrom-build-pack[0m and container [32mstep-git-merge[0m
Unable to retrieve container logs for docker://2932c8428b6c6f4d913a054d6404122e9bf251cc53c3fe7fc91a25b7563f9c7d

Showing logs for build [32mentando-k8s-entando-k8s-operato-kk5tl-10[0m stage [32mfrom-build-pack[0m and container [32mstep-setup-jx-git-credentials[0m
Unable to retrieve container logs for docker://f8dbaa24f0b2a23cc69bff3690fd387433dbef92b9e6c51ee15e634fee575764

Showing logs for build [32mentando-k8s-entando-k8s-operato-kk5tl-10[0m stage [32mfrom-build-pack[0m and container [32mstep-build-fetch-history-for-sonar[0m
Unable to retrieve container logs for docker://8d0028eef19d075ac8c5f05e9503f801eae0642fa44a2e74a89c04c9a08bcf2c

Showing logs for build [32mentando-k8s-entando-k8s-operato-kk5tl-10[0m stage [32mfrom-build-pack[0m and container [32mstep-build-mvn-deploy-release[0m
Unable to retrieve container logs for docker://b75a9c94e26afe781f8240dca4a15212c8878f522ecb6e7e9d9d9e84ab01a82b

Showing logs for build [32mentando-k8s-entando-k8s-operato-kk5tl-10[0m stage [32mfrom-build-pack[0m and container [32mstep-build-container-build[0m
Unable to retrieve container logs for docker://4c75443869206105c4db39370119e42a6f00bb76cabf5108daed68b83cfa5302

Showing logs for build [32mentando-k8s-entando-k8s-operato-kk5tl-10[0m stage [32mfrom-build-pack[0m and container [32mstep-promote-changelog[0m
Unable to retrieve container logs for docker://bda1481232e7ee336f9497c1cf839a3d62705233c50e15755b42fd86f276a252
