
Showing logs for build [32mentando-k8s-entando-k8s-operato-fbflr-11[0m stage [32mfrom-build-pack[0m and container [32mcredential-initializer[0m
Unable to retrieve container logs for docker://6e98a79b0051b06ea7c5f2f1643ebe4ca8fbc1cf9b078261b556911fa27ec431

Showing logs for build [32mentando-k8s-entando-k8s-operato-fbflr-11[0m stage [32mfrom-build-pack[0m and container [32mworking-dir-initializer[0m
Unable to retrieve container logs for docker://797bffc2ad6274608d2becc0bf2a26632696bf8ea4b65e2422e8259d747e2555

Showing logs for build [32mentando-k8s-entando-k8s-operato-fbflr-11[0m stage [32mfrom-build-pack[0m and container [32mplace-tools[0m
Unable to retrieve container logs for docker://d039539941b1b647b15702dbc2fe434ad2db1c72f0dc89219361440063ad1353

Showing logs for build [32mentando-k8s-entando-k8s-operato-fbflr-11[0m stage [32mfrom-build-pack[0m and container [32mstep-git-source-entando-k8s-entando-k8s-operato-fbflr-lg7wx[0m
Unable to retrieve container logs for docker://d23e5f29c91b653f1d137cd5c6e14d082f98d2937f5a963d0deddb95cb619025

Showing logs for build [32mentando-k8s-entando-k8s-operato-fbflr-11[0m stage [32mfrom-build-pack[0m and container [32mstep-setup-builder-home[0m
Unable to retrieve container logs for docker://67ab79039df65c09c7a4b8113613b76074a7d7fae9c87067b44c5bd3***2a056

Showing logs for build [32mentando-k8s-entando-k8s-operato-fbflr-11[0m stage [32mfrom-build-pack[0m and container [32mstep-git-merge[0m
Unable to retrieve container logs for docker://4cfe97b3d14cb42db776be2af9715c1323fca81b86c2ab647d4164626b57b04d

Showing logs for build [32mentando-k8s-entando-k8s-operato-fbflr-11[0m stage [32mfrom-build-pack[0m and container [32mstep-setup-jx-git-credentials[0m
Unable to retrieve container logs for docker://c217f64316d63c664a36997733878556974e8471bb80f814aaa00f242b5b4249

Showing logs for build [32mentando-k8s-entando-k8s-operato-fbflr-11[0m stage [32mfrom-build-pack[0m and container [32mstep-build-fetch-history-for-sonar[0m
Unable to retrieve container logs for docker://b9a598c266268858b1f3c46210102962893e375afd6dde13971eae062285bc61

Showing logs for build [32mentando-k8s-entando-k8s-operato-fbflr-11[0m stage [32mfrom-build-pack[0m and container [32mstep-build-mvn-deploy-release[0m
Unable to retrieve container logs for docker://38a0c7374e151117a69e26c15362fc341fb33a2b3eb0f76ed2a22428d43e7758
[31m
Pipeline failed on stage 'from-build-pack' : container 'step-build-mvn-deploy-release'. The execution of the pipeline has stopped.[0m
