
Showing logs for build [32mentando-k8s-entando-k8s-operato-tbdzw-12[0m stage [32mfrom-build-pack[0m and container [32mcredential-initializer[0m
Unable to retrieve container logs for docker://74dab86542105671872aa471aa70847200f5cfc8d106fe4eda4bf6f4147be70e

Showing logs for build [32mentando-k8s-entando-k8s-operato-tbdzw-12[0m stage [32mfrom-build-pack[0m and container [32mworking-dir-initializer[0m
Unable to retrieve container logs for docker://c20e4eabe1a376542a567e31b7514d714629d2863221024875916165baad0038

Showing logs for build [32mentando-k8s-entando-k8s-operato-tbdzw-12[0m stage [32mfrom-build-pack[0m and container [32mplace-tools[0m
Unable to retrieve container logs for docker://fb73fa05a4cb8c039d77f72e2536561e702e79a292492359bf4f1de5cfcc1a54

Showing logs for build [32mentando-k8s-entando-k8s-operato-tbdzw-12[0m stage [32mfrom-build-pack[0m and container [32mstep-git-source-entando-k8s-entando-k8s-operato-tbdzw-hc9n4[0m
Unable to retrieve container logs for docker://33e81356c25451327739d3758751864b896a61e7c579f09b3d263e638f272671

Showing logs for build [32mentando-k8s-entando-k8s-operato-tbdzw-12[0m stage [32mfrom-build-pack[0m and container [32mstep-setup-builder-home[0m
Unable to retrieve container logs for docker://381e5d1b8d5c7e282d83f16792bf54488bf00a59dc928410f6769948c24fe601

Showing logs for build [32mentando-k8s-entando-k8s-operato-tbdzw-12[0m stage [32mfrom-build-pack[0m and container [32mstep-git-merge[0m
Unable to retrieve container logs for docker://1e1c30bd018039152b24c4eef926ff2b360fdf0e3972c0385939a12209359651

Showing logs for build [32mentando-k8s-entando-k8s-operato-tbdzw-12[0m stage [32mfrom-build-pack[0m and container [32mstep-setup-jx-git-credentials[0m
Unable to retrieve container logs for docker://93468062d5dc7a5025602397641aa2403b1ca3112fbdca12a865fcdbd356054b

Showing logs for build [32mentando-k8s-entando-k8s-operato-tbdzw-12[0m stage [32mfrom-build-pack[0m and container [32mstep-build-fetch-history-for-sonar[0m
Unable to retrieve container logs for docker://109bb438b80f9316eb9cd1a18f93095e468a5dcfa6976977dd91414bc8670b5a

Showing logs for build [32mentando-k8s-entando-k8s-operato-tbdzw-12[0m stage [32mfrom-build-pack[0m and container [32mstep-build-mvn-deploy-release[0m
Unable to retrieve container logs for docker://5a5143981fd64f74b2044f3b069abb5206ccbc493393e571628ee1cf77fbf140
[31m
Pipeline failed on stage 'from-build-pack' : container 'step-build-mvn-deploy-release'. The execution of the pipeline has stopped.[0m
