
Showing logs for build [32mentando-k8s-entando-k8s-operato-l9p6h-24[0m stage [32mfrom-build-pack[0m and container [32mcredential-initializer[0m
Unable to retrieve container logs for docker://ccbf845cbc8d3d0106349aca19248361914622af09f8a1486e2b5e10e510c702

Showing logs for build [32mentando-k8s-entando-k8s-operato-l9p6h-24[0m stage [32mfrom-build-pack[0m and container [32mworking-dir-initializer[0m
Unable to retrieve container logs for docker://5d87d2133833617e73dff4ee933c9771748a483bae9a6b215bb0e65339693d47

Showing logs for build [32mentando-k8s-entando-k8s-operato-l9p6h-24[0m stage [32mfrom-build-pack[0m and container [32mplace-tools[0m
Unable to retrieve container logs for docker://12b747965a600254393193c902b420042e2a33a3b629575a782c643c2a8eec34

Showing logs for build [32mentando-k8s-entando-k8s-operato-l9p6h-24[0m stage [32mfrom-build-pack[0m and container [32mstep-git-source-entando-k8s-entando-k8s-operato-l9p6h-mjln8[0m
Unable to retrieve container logs for docker://392282677f3d634047b5f73dd1fd27024e27fcc7ea9b99186fce9a91afd64b75

Showing logs for build [32mentando-k8s-entando-k8s-operato-l9p6h-24[0m stage [32mfrom-build-pack[0m and container [32mstep-setup-builder-home[0m
Unable to retrieve container logs for docker://716742a57d33547372407d9f94e7754b712451373e32d553dd29e2ce862d1e0f

Showing logs for build [32mentando-k8s-entando-k8s-operato-l9p6h-24[0m stage [32mfrom-build-pack[0m and container [32mstep-git-merge[0m
Unable to retrieve container logs for docker://d01a002384c565612e960b5192484c3921c6a7d19748f2664c8c0040dfc49876

Showing logs for build [32mentando-k8s-entando-k8s-operato-l9p6h-24[0m stage [32mfrom-build-pack[0m and container [32mstep-setup-jx-git-credentials[0m
Unable to retrieve container logs for docker://ffb31ce918602371464a03ed71e879735e48972264c1677e708dfa985444040c

Showing logs for build [32mentando-k8s-entando-k8s-operato-l9p6h-24[0m stage [32mfrom-build-pack[0m and container [32mstep-build-fetch-history-for-sonar[0m
Unable to retrieve container logs for docker://c75c53e1ce9e213233b79658eb1dfb1a46b1355c7f1abd5eeee4ab9555df4a1e

Showing logs for build [32mentando-k8s-entando-k8s-operato-l9p6h-24[0m stage [32mfrom-build-pack[0m and container [32mstep-build-mvn-deploy-release[0m
Unable to retrieve container logs for docker://258145742eaef518a7f67546382c0e3a5dc28e945f4479383bfb161272892a2e
[31m
Pipeline failed on stage 'from-build-pack' : container 'step-build-mvn-deploy-release'. The execution of the pipeline has stopped.[0m
