
Showing logs for build [32mentando-k8s-entando-k8s-operato-ww72l-8[0m stage [32mfrom-build-pack[0m and container [32mcredential-initializer[0m
Unable to retrieve container logs for docker://1883d95b527bdb76f73d6847e2eb4613e29751418b566011ffa311c1dfca624e

Showing logs for build [32mentando-k8s-entando-k8s-operato-ww72l-8[0m stage [32mfrom-build-pack[0m and container [32mworking-dir-initializer[0m
Unable to retrieve container logs for docker://a5998dd0e42aa33185bf1e1038d6461cf2c344a4881c06038611481506f87058

Showing logs for build [32mentando-k8s-entando-k8s-operato-ww72l-8[0m stage [32mfrom-build-pack[0m and container [32mplace-tools[0m
Unable to retrieve container logs for docker://7461a32379af273920527371f879e9187c121a0195e51f38433084f9c891f25b

Showing logs for build [32mentando-k8s-entando-k8s-operato-ww72l-8[0m stage [32mfrom-build-pack[0m and container [32mstep-git-source-entando-k8s-entando-k8s-operato-ww72l-8fwp4[0m
Unable to retrieve container logs for docker://da3913ce8c0e683eca5d53496368cc720f7c0a4ee7da9f42e252670bc5e3a34f

Showing logs for build [32mentando-k8s-entando-k8s-operato-ww72l-8[0m stage [32mfrom-build-pack[0m and container [32mstep-setup-builder-home[0m
Unable to retrieve container logs for docker://edb02461d09d446b5d85c295953c2f4b79be8a1eccf4b33c524e8a260f27f777

Showing logs for build [32mentando-k8s-entando-k8s-operato-ww72l-8[0m stage [32mfrom-build-pack[0m and container [32mstep-git-merge[0m
Unable to retrieve container logs for docker://df2e07df8570817328459ad70581af5708d1d6f23b59e418d3e6abe44c3b5236

Showing logs for build [32mentando-k8s-entando-k8s-operato-ww72l-8[0m stage [32mfrom-build-pack[0m and container [32mstep-setup-jx-git-credentials[0m
Unable to retrieve container logs for docker://b05215e4b4f0895a843cfb835119615042eefa33de49696a9c44da95290e460b

Showing logs for build [32mentando-k8s-entando-k8s-operato-ww72l-8[0m stage [32mfrom-build-pack[0m and container [32mstep-build-fetch-history-for-sonar[0m
Unable to retrieve container logs for docker://9a62c9b1ab10523310969f21d589d879a70159446269dd0f968dfc36dfffe96d

Showing logs for build [32mentando-k8s-entando-k8s-operato-ww72l-8[0m stage [32mfrom-build-pack[0m and container [32mstep-build-mvn-deploy-release[0m
Unable to retrieve container logs for docker://d096f99e8ccbf32634ec795d17aaf95ca5ef931270206e32ab371d9e84f31401

Showing logs for build [32mentando-k8s-entando-k8s-operato-ww72l-8[0m stage [32mfrom-build-pack[0m and container [32mstep-build-container-build[0m
Unable to retrieve container logs for docker://52481e329682ae11857f537618c7801b2712c247f725e70f45b470acf3237215

Showing logs for build [32mentando-k8s-entando-k8s-operato-ww72l-8[0m stage [32mfrom-build-pack[0m and container [32mstep-promote-changelog[0m
Unable to retrieve container logs for docker://8f34e9b34e00e03f9ed9afb1785df901c4c3eb4e36a09d2d85c5c977e3074051
