
Showing logs for build [32mentando-k8s-entando-k8s-operato-88kjt-9[0m stage [32mfrom-build-pack[0m and container [32mcredential-initializer[0m
Unable to retrieve container logs for docker://f0750b47b99075407006fdf54abc3d5b0b728c939e34f54e40627a4bdc59a20a

Showing logs for build [32mentando-k8s-entando-k8s-operato-88kjt-9[0m stage [32mfrom-build-pack[0m and container [32mworking-dir-initializer[0m
Unable to retrieve container logs for docker://b1303876914a2575dbbfac2f08de0f16f385902027d0631cdb51f7cb5eaa0e7d

Showing logs for build [32mentando-k8s-entando-k8s-operato-88kjt-9[0m stage [32mfrom-build-pack[0m and container [32mplace-tools[0m
Unable to retrieve container logs for docker://48607109a93bd36b40c0dfec195c89693e2bfbe6d77a1e3164692693f4d4d25f

Showing logs for build [32mentando-k8s-entando-k8s-operato-88kjt-9[0m stage [32mfrom-build-pack[0m and container [32mstep-git-source-entando-k8s-entando-k8s-operato-88kjt-w4g9t[0m
Unable to retrieve container logs for docker://83ec38e25a509b4c75cbeee373fc22288fe6aee04fcc186226bd2eaf8277043a

Showing logs for build [32mentando-k8s-entando-k8s-operato-88kjt-9[0m stage [32mfrom-build-pack[0m and container [32mstep-setup-builder-home[0m
Unable to retrieve container logs for docker://7427ea2a5b30140c682ab00ab3500a0e744b1e00a0d08819c31bc584bde60854

Showing logs for build [32mentando-k8s-entando-k8s-operato-88kjt-9[0m stage [32mfrom-build-pack[0m and container [32mstep-git-merge[0m
Unable to retrieve container logs for docker://6c89dcb745a4af659a4a45753270567e97fccc3bdd064302a9371f6af6c56f28

Showing logs for build [32mentando-k8s-entando-k8s-operato-88kjt-9[0m stage [32mfrom-build-pack[0m and container [32mstep-setup-jx-git-credentials[0m
Unable to retrieve container logs for docker://3a4524409327140e613ab1e89e35a36dab500b56f9679f11bfa1a7f72ead9216

Showing logs for build [32mentando-k8s-entando-k8s-operato-88kjt-9[0m stage [32mfrom-build-pack[0m and container [32mstep-build-fetch-history-for-sonar[0m
Unable to retrieve container logs for docker://da771f04ad9fd62e3cea0c4949142e3d0bc0f807dc3aed2300193ff7b7fec220

Showing logs for build [32mentando-k8s-entando-k8s-operato-88kjt-9[0m stage [32mfrom-build-pack[0m and container [32mstep-build-mvn-deploy-release[0m
Unable to retrieve container logs for docker://10575e0aae140328842a3489a70bf11ea5ad116adb1209736e82970d83501124

Showing logs for build [32mentando-k8s-entando-k8s-operato-88kjt-9[0m stage [32mfrom-build-pack[0m and container [32mstep-build-container-build[0m
Unable to retrieve container logs for docker://3690aeff09b9dd7a9256a2d95806ce359c74683286eec31e010caba54999246a

Showing logs for build [32mentando-k8s-entando-k8s-operato-88kjt-9[0m stage [32mfrom-build-pack[0m and container [32mstep-promote-changelog[0m
Unable to retrieve container logs for docker://b1eb4166c402b87451d082612c599059cd0e3c0362e24e78363f224e61952d75
