
Showing logs for build [32mentando-entando-plugin-jacms-pr-rl4gb-1[0m stage [32mfrom-build-pack[0m and container [32mcredential-initializer[0m
{"level":"info","ts":1625836047.805301,"caller":"creds-init/main.go:44","msg":"Credentials initialized."}

Showing logs for build [32mentando-entando-plugin-jacms-pr-rl4gb-1[0m stage [32mfrom-build-pack[0m and container [32mworking-dir-initializer[0m

Showing logs for build [32mentando-entando-plugin-jacms-pr-rl4gb-1[0m stage [32mfrom-build-pack[0m and container [32mplace-tools[0m

Showing logs for build [32mentando-entando-plugin-jacms-pr-rl4gb-1[0m stage [32mfrom-build-pack[0m and container [32mstep-git-source-entando-entando-plugin-jacms-pr-rl4gb-z8mw9[0m
{"level":"info","ts":1625836070.5713906,"caller":"git/git.go:105","msg":"Successfully cloned https://github.com/entando/entando-plugin-jacms.git @ master in path /workspace/source"}
{"level":"warn","ts":1625836070.5717955,"caller":"git/git.go:152","msg":"Unexpected error: creating symlink: symlink /tekton/home/.ssh /****/.ssh: file exists"}
{"level":"info","ts":1625836070.6389613,"caller":"git/git.go:133","msg":"Successfully initialized and updated submodules in path /workspace/source"}

Showing logs for build [32mentando-entando-plugin-jacms-pr-rl4gb-1[0m stage [32mfrom-build-pack[0m and container [32mstep-setup-builder-home[0m

Showing logs for build [32mentando-entando-plugin-jacms-pr-rl4gb-1[0m stage [32mfrom-build-pack[0m and container [32mstep-git-merge[0m
Using SHAs from PULL_REFS=master:c5bc1097b2714e792d5b054efa392e8d37865aa3,102:e88f0bf09f489eeba30f526a760bb2e991a006e2
DEBUG: JX_LOG_LEVEL=error LC_ALL=C git fetch origin --unshallow e88f0bf09f489eeba30f526a760bb2e991a006e2: c5bc1097b2714e792d5b054efa392e8d37865aa3:
DEBUG: ran git fetch --unshallow origin e88f0bf09f489eeba30f526a760bb2e991a006e2: c5bc1097b2714e792d5b054efa392e8d37865aa3: in 
DEBUG: LC_ALL=C JX_LOG_LEVEL=error git branch
DEBUG: LC_ALL=C JX_LOG_LEVEL=error git checkout master
DEBUG: ran git checkout master in 
DEBUG: LC_ALL=C JX_LOG_LEVEL=error git reset --hard c5bc1097b2714e792d5b054efa392e8d37865aa3
DEBUG: ran git reset --hard c5bc1097b2714e792d5b054efa392e8d37865aa3 in 
DEBUG: LC_ALL=C JX_LOG_LEVEL=error git clean -fd .
DEBUG: ran clean --force -d . in 
DEBUG: JX_LOG_LEVEL=error LC_ALL=C git merge e88f0bf09f489eeba30f526a760bb2e991a006e2
DEBUG: ran git merge e88f0bf09f489eeba30f526a760bb2e991a006e2 in 
DEBUG: LC_ALL=C JX_LOG_LEVEL=error git log --format=%H%x1f%an%x1f%ae%x1f%cn%x1f%ce%x1f%s%n%b%x1e c5bc1097b2714e792d5b054efa392e8d37865aa3..HEAD
Merged SHA e88f0bf09f489eeba30f526a760bb2e991a006e2 with commit message 'ENG-2172: Removed categories from entity objects' into base branch master

Showing logs for build [32mentando-entando-plugin-jacms-pr-rl4gb-1[0m stage [32mfrom-build-pack[0m and container [32mstep-build-set-version[0m
Picked up _JAVA_OPTIONS: -XX:+UnlockExperimentalVMOptions -Dsun.zip.disableMemoryMapping=**** -XX:+UseParallelGC -XX:MinHeapFreeRatio=5 -XX:MaxHeapFreeRatio=10 -XX:GCTimeRatio=4 -XX:AdaptiveSizePolicyWeight=90 -Xms10m -Xmx8000m
[INFO] Scanning for projects...
[WARNING] 
[WARNING] Some problems were encountered while building the effective model for org.entando.entando.plugins:entando-plugin-jacms:war:6.4.0-SNAPSHOT
[WARNING] 'dependencyManagement.dependencies.dependency.(groupId:artifactId:type:classifier)' must be unique: org.springframework:spring-tx:jar -> version (?) vs ${spring.version} @ org.entando:entando-core-parent:6.4.3, /home/jenkins/.mvnrepository/org/entando/entando-core-parent/6.4.3/entando-core-parent-6.4.3.pom, line 630, column 25
[WARNING] 
[WARNING] It is highly recommended to fix these problems because they threaten the stability of your build.
[WARNING] 
[WARNING] For this reason, future Maven versions might no longer support building such malformed projects.
[WARNING] 
[INFO] 
[INFO] ----------< org.entando.entando.plugins:entando-plugin-jacms >----------
[INFO] Building Entando Plugin: CMS 6.4.0-SNAPSHOT
[INFO] --------------------------------[ war ]---------------------------------
[INFO] 
[INFO] --- versions-maven-plugin:2.8.1:set (default-cli) @ entando-plugin-jacms ---
[INFO] Local aggregation ****: /workspace/source
[INFO] Processing change of org.entando.entando.plugins:entando-plugin-jacms:6.4.0-SNAPSHOT -> 0.0.0-SNAPSHOT-PR-102-1
[INFO] Processing org.entando.entando.plugins:entando-plugin-jacms
[INFO]     Updating project org.entando.entando.plugins:entando-plugin-jacms
[INFO]         from version 6.4.0-SNAPSHOT to 0.0.0-SNAPSHOT-PR-102-1
[INFO] 
[INFO] ------------------------------------------------------------------------
[INFO] BUILD SUCCESS
[INFO] ------------------------------------------------------------------------
[INFO] Total time:  12.995 s
[INFO] Finished at: 2021-07-09T13:08:08Z
[INFO] ------------------------------------------------------------------------

Showing logs for build [32mentando-entando-plugin-jacms-pr-rl4gb-1[0m stage [32mfrom-build-pack[0m and container [32mstep-build-fix-git-for-sonar[0m
Switched to a new branch 'PR-102'
M	pom.xml
Deleted branch master (was e88f0bf).
From https://github.com/entando/entando-plugin-jacms
 * [new branch]      master            -> master
 * [new tag]         5.0.0.initial     -> 5.0.0.initial
 * [new tag]         pia-crs4          -> pia-crs4
 * [new tag]         v5.0.0-pre        -> v5.0.0-pre
 * [new tag]         v6.2.0-sprint1-rc -> v6.2.0-sprint1-rc
 * [new tag]         v6.2.0-sprint2-rc -> v6.2.0-sprint2-rc
 * [new tag]         v6.2.0-sprint3-rc -> v6.2.0-sprint3-rc
 * [new tag]         v6.2.0-sprint4-rc -> v6.2.0-sprint4-rc
 * [new tag]         v6.2.0-sprint5-rc -> v6.2.0-sprint5-rc

Showing logs for build [32mentando-entando-plugin-jacms-pr-rl4gb-1[0m stage [32mfrom-build-pack[0m and container [32mstep-build-mvn-verify-pr[0m
Picked up _JAVA_OPTIONS: -XX:+UnlockExperimentalVMOptions -Dsun.zip.disableMemoryMapping=**** -XX:+UseParallelGC -XX:MinHeapFreeRatio=5 -XX:MaxHeapFreeRatio=10 -XX:GCTimeRatio=4 -XX:AdaptiveSizePolicyWeight=90 -Xms10m -Xmx8000m
[INFO] Scanning for projects...
[WARNING] 
[WARNING] Some problems were encountered while building the effective model for org.entando.entando.plugins:entando-plugin-jacms:war:0.0.0-SNAPSHOT-PR-102-1
[WARNING] 'dependencyManagement.dependencies.dependency.(groupId:artifactId:type:classifier)' must be unique: org.springframework:spring-tx:jar -> version (?) vs ${spring.version} @ org.entando:entando-core-parent:6.4.3, /home/jenkins/.mvnrepository/org/entando/entando-core-parent/6.4.3/entando-core-parent-6.4.3.pom, line 630, column 25
[WARNING] 
[WARNING] It is highly recommended to fix these problems because they threaten the stability of your build.
[WARNING] 
[WARNING] For this reason, future Maven versions might no longer support building such malformed projects.
[WARNING] 
[INFO] 
[INFO] ----------< org.entando.entando.plugins:entando-plugin-jacms >----------
[INFO] Building Entando Plugin: CMS 0.0.0-SNAPSHOT-PR-102-1
[INFO] --------------------------------[ war ]---------------------------------
[WARNING] The POM for com.sun.xml.bind:jaxb-impl:jar:2.2.11 is invalid, transitive dependencies (if any) will not be available, enable debug logging for more details
[WARNING] The POM for com.sun.xml.bind:jaxb-core:jar:2.2.11 is invalid, transitive dependencies (if any) will not be available, enable debug logging for more details
[INFO] 
[INFO] --- maven-checkstyle-plugin:3.1.1:check (validate) @ entando-plugin-jacms ---
[INFO] 
[INFO] --- maven-checkstyle-plugin:3.1.1:checkstyle (validate) @ entando-plugin-jacms ---
[INFO] 
[INFO] --- jacoco-maven-plugin:0.8.6:prepare-agent (prepare-agent) @ entando-plugin-jacms ---
[INFO] argLine set to -javaagent:/home/jenkins/.mvnrepository/org/jacoco/org.jacoco.agent/0.8.6/org.jacoco.agent-0.8.6-runtime.jar=destfile=/workspace/source/target/jacoco.e**c
[INFO] 
[INFO] --- maven-resources-plugin:2.5:resources (default-resources) @ entando-plugin-jacms ---
[debug] e**cute contextualize
[INFO] Using 'UTF-8' encoding to copy filtered resources.
[INFO] Copying 19 resources
[INFO] Copying 1 resource
[INFO] Copying 52 resources
[INFO] Copying 106 resources
[INFO] Copying 3 resources to META-INF
[INFO] 
[INFO] --- maven-compiler-plugin:3.8.1:compile (default-compile) @ entando-plugin-jacms ---
[INFO] Changes detected - recompiling the module!
[INFO] Compiling 332 source files to /workspace/source/target/classes
[INFO] /workspace/source/src/main/java/com/agiletec/plugins/jacms/aps/******/services/content/IContentManager.java: Some input files use or override a deprecated API.
[INFO] /workspace/source/src/main/java/com/agiletec/plugins/jacms/aps/******/services/content/IContentManager.java: Recompile with -Xlint:deprecation for details.
[INFO] -------------------------------------------------------------
[WARNING] COMPILATION WARNING : 
[INFO] -------------------------------------------------------------
[WARNING] /workspace/source/src/main/java/com/agiletec/plugins/jacms/aps/******/services/searchengine/SearchEngineManager.java:[244,41] unchecked call to SearchEngineFilter(java.lang.String,T) as a member of the raw type org.entando.entando.aps.******.services.searchengine.SearchEngineFilter
[WARNING] /workspace/source/src/main/java/com/agiletec/plugins/jacms/aps/******/services/searchengine/SearchEngineManager.java:[277,108] unchecked call to SearchEngineFilter(java.lang.String,boolean,T) as a member of the raw type org.entando.entando.aps.******.services.searchengine.SearchEngineFilter
[WARNING] /workspace/source/src/main/java/com/agiletec/plugins/jacms/aps/******/services/resource/ResourceManager.java:[255,40] unchecked method invocation: method setMetadata in interface com.agiletec.plugins.jacms.aps.******.services.resource.model.ResourceInterface is applied to given types
  required: java.util.Map<java.lang.String,java.lang.String>
  found: java.util.Map
[WARNING] /workspace/source/src/main/java/com/agiletec/plugins/jacms/aps/******/services/resource/ResourceManager.java:[255,57] unchecked conversion
  required: java.util.Map<java.lang.String,java.lang.String>
  found:    java.util.Map
[WARNING] /workspace/source/src/main/java/com/agiletec/plugins/jacms/aps/******/services/resource/ResourceManager.java:[300,29] unchecked method invocation: method setMetadata in interface com.agiletec.plugins.jacms.aps.******.services.resource.model.ResourceInterface is applied to given types
  required: java.util.Map<java.lang.String,java.lang.String>
  found: java.util.Map
[WARNING] /workspace/source/src/main/java/com/agiletec/plugins/jacms/aps/******/services/resource/ResourceManager.java:[300,46] unchecked conversion
  required: java.util.Map<java.lang.String,java.lang.String>
  found:    java.util.Map
[WARNING] /workspace/source/src/main/java/com/agiletec/plugins/jacms/aps/******/services/resource/ResourceManager.java:[596,82] unchecked conversion
  required: java.util.List<java.lang.String>
  found:    java.util.List
[WARNING] /workspace/source/src/main/java/com/agiletec/plugins/jacms/aps/******/services/resource/ResourceManager.java:[625,52] unchecked conversion
  required: java.util.List<java.lang.String>
  found:    java.util.List
[WARNING] /workspace/source/src/main/java/com/agiletec/plugins/jacms/aps/******/services/content/widget/UserFilterOptionBean.java:[246,42] unchecked call to EntitySearchFilter(java.lang.String,boolean,T,boolean) as a member of the raw type com.agiletec.aps.******.common.entity.model.EntitySearchFilter
[WARNING] /workspace/source/src/main/java/com/agiletec/plugins/jacms/aps/******/services/content/widget/UserFilterOptionBean.java:[255,42] unchecked call to EntitySearchFilter(java.lang.String,boolean,T,T) as a member of the raw type com.agiletec.aps.******.common.entity.model.EntitySearchFilter
[WARNING] /workspace/source/src/main/java/com/agiletec/plugins/jacms/aps/******/services/content/widget/UserFilterOptionBean.java:[266,50] unchecked call to EntitySearchFilter(java.lang.String,boolean,T,boolean) as a member of the raw type com.agiletec.aps.******.common.entity.model.EntitySearchFilter
[WARNING] /workspace/source/src/main/java/com/agiletec/plugins/jacms/aps/******/services/content/widget/UserFilterOptionBean.java:[281,42] unchecked call to EntitySearchFilter(java.lang.String,boolean,T,T) as a member of the raw type com.agiletec.aps.******.common.entity.model.EntitySearchFilter
[WARNING] /workspace/source/src/main/java/com/agiletec/plugins/jacms/aps/******/services/content/widget/UserFilterOptionBean.java:[311,42] unchecked call to SearchEngineFilter(java.lang.String,T,org.entando.entando.aps.******.services.searchengine.SearchEngineFilter.TextSearchOption) as a member of the raw type org.entando.entando.aps.******.services.searchengine.SearchEngineFilter
[WARNING] /workspace/source/src/main/java/com/agiletec/plugins/jacms/aps/******/services/content/widget/UserFilterOptionBean.java:[313,42] unchecked call to SearchEngineFilter(java.lang.String,T,org.entando.entando.aps.******.services.searchengine.SearchEngineFilter.TextSearchOption) as a member of the raw type org.entando.entando.aps.******.services.searchengine.SearchEngineFilter
[WARNING] /workspace/source/src/main/java/com/agiletec/plugins/jacms/aps/******/services/content/widget/UserFilterOptionBean.java:[318,42] unchecked call to SearchEngineFilter(java.lang.String,T,org.entando.entando.aps.******.services.searchengine.SearchEngineFilter.TextSearchOption) as a member of the raw type org.entando.entando.aps.******.services.searchengine.SearchEngineFilter
[WARNING] /workspace/source/src/main/java/com/agiletec/plugins/jacms/aps/******/services/content/widget/UserFilterOptionBean.java:[331,42] unchecked call to SearchEngineFilter(java.lang.String,T,T) as a member of the raw type org.entando.entando.aps.******.services.searchengine.SearchEngineFilter
[WARNING] /workspace/source/src/main/java/com/agiletec/plugins/jacms/aps/******/services/content/widget/UserFilterOptionBean.java:[334,42] unchecked call to SearchEngineFilter(java.lang.String,T,org.entando.entando.aps.******.services.searchengine.SearchEngineFilter.TextSearchOption) as a member of the raw type org.entando.entando.aps.******.services.searchengine.SearchEngineFilter
[WARNING] /workspace/source/src/main/java/com/agiletec/plugins/jacms/aps/******/services/content/widget/UserFilterOptionBean.java:[349,42] unchecked call to SearchEngineFilter(java.lang.String,T,T) as a member of the raw type org.entando.entando.aps.******.services.searchengine.SearchEngineFilter
[WARNING] /workspace/source/src/main/java/com/agiletec/plugins/jacms/aps/******/services/content/widget/ContentListHelper.java:[194,46] unchecked conversion
  required: java.util.List<java.lang.String>
  found:    java.util.List
[WARNING] /workspace/source/src/main/java/com/agiletec/plugins/jacms/aps/******/services/content/widget/ContentListHelper.java:[282,38] unchecked call to ArrayList(java.util.Collection<? extends E>) as a member of the raw type java.util.ArrayList
[WARNING] /workspace/source/src/main/java/com/agiletec/plugins/jacms/aps/******/services/content/widget/ContentListHelper.java:[282,38] unchecked conversion
  required: java.util.List<java.lang.String>
  found:    java.util.ArrayList
[WARNING] /workspace/source/src/main/java/org/entando/entando/plugins/jacms/aps/******/services/api/ApiContentInterface.java:[426,103] unchecked conversion
  required: java.util.List<java.lang.String>
  found:    java.util.List
[WARNING] /workspace/source/src/main/java/com/agiletec/plugins/jacms/aps*****/resource/ResourceAction.java:[214,37] unchecked method invocation: method setMetadata in class com.agiletec.plugins.jacms.aps*****.resource.ResourceAction is applied to given types
  required: java.util.Map<java.lang.String,java.lang.String>
  found: java.util.Map
[WARNING] /workspace/source/src/main/java/com/agiletec/plugins/jacms/aps*****/resource/ResourceAction.java:[214,38] unchecked conversion
  required: java.util.Map<java.lang.String,java.lang.String>
  found:    java.util.Map
[WARNING] /workspace/source/src/main/java/com/agiletec/plugins/jacms/aps*****/resource/ResourceAction.java:[221,33] unchecked method invocation: method setMetadata in class com.agiletec.plugins.jacms.aps*****.resource.ResourceAction is applied to given types
  required: java.util.Map<java.lang.String,java.lang.String>
  found: java.util.Map
[WARNING] /workspace/source/src/main/java/com/agiletec/plugins/jacms/aps*****/resource/ResourceAction.java:[221,34] unchecked conversion
  required: java.util.Map<java.lang.String,java.lang.String>
  found:    java.util.Map
[WARNING] /workspace/source/src/main/java/com/agiletec/plugins/jacms/aps/******/services/content/model/ContentDto.java:[273,96] unchecked cast
  required: java.util.Map<java.lang.String,java.lang.Object>
  found:    java.lang.Object
[WARNING] /workspace/source/src/main/java/com/agiletec/plugins/jacms/aps/******/services/content/model/ContentDto.java:[316,72] unchecked cast
  required: java.util.Map<java.lang.String,java.lang.Object>
  found:    java.lang.Object
[WARNING] /workspace/source/src/main/java/com/agiletec/plugins/jacms/aps*****/content/ContentFinderAction.java:[873,46] unchecked call to EntitySearchFilter(java.lang.String,boolean,T,boolean) as a member of the raw type com.agiletec.aps.******.common.entity.model.EntitySearchFilter
[WARNING] /workspace/source/src/main/java/com/agiletec/plugins/jacms/aps*****/content/ContentFinderAction.java:[882,46] unchecked call to EntitySearchFilter(java.lang.String,boolean,T,boolean) as a member of the raw type com.agiletec.aps.******.common.entity.model.EntitySearchFilter
[WARNING] /workspace/source/src/main/java/com/agiletec/plugins/jacms/aps*****/content/ContentFinderAction.java:[891,46] unchecked call to EntitySearchFilter(java.lang.String,boolean,T,boolean) as a member of the raw type com.agiletec.aps.******.common.entity.model.EntitySearchFilter
[WARNING] /workspace/source/src/main/java/com/agiletec/plugins/jacms/aps*****/content/ContentFinderAction.java:[909,46] unchecked call to EntitySearchFilter(java.lang.String,boolean,T,boolean) as a member of the raw type com.agiletec.aps.******.common.entity.model.EntitySearchFilter
[WARNING] /workspace/source/src/main/java/com/agiletec/plugins/jacms/aps*****/content/ContentFinderAction.java:[938,50] unchecked call to EntitySearchFilter(java.lang.String,boolean,T,boolean) as a member of the raw type com.agiletec.aps.******.common.entity.model.EntitySearchFilter
[WARNING] /workspace/source/src/main/java/com/agiletec/plugins/jacms/aps*****/content/helper/ContentActionHelper.java:[232,85] unchecked conversion
  required: java.util.List<java.lang.Object>
  found:    java.util.List
[WARNING] /workspace/source/src/main/java/org/entando/entando/plugins/jacms/web/resource/ResourcesController.java:[***,59] unchecked conversion
  required: T
  found:    java.util.HashMap
[WARNING] /workspace/source/src/main/java/org/entando/entando/plugins/jacms/web/resource/ResourcesController.java:[***,33] unchecked method invocation: method ok in class org.springframework.http.ResponseEntity is applied to given types
  required: T
  found: org.entando.entando.web.common.model.SimpleRestResponse<java.util.Map<java.lang.String,java.lang.String>>
[WARNING] /workspace/source/src/main/java/org/entando/entando/plugins/jacms/web/resource/ResourcesController.java:[***,33] unchecked conversion
  required: org.springframework.http.ResponseEntity<org.entando.entando.web.common.model.SimpleRestResponse<java.util.Map<java.lang.String,java.lang.String>>>
  found:    org.springframework.http.ResponseEntity
[WARNING] /workspace/source/src/main/java/org/entando/entando/plugins/jacms/aps/******/services/resource/ResourcesService.java:[509,25] unchecked method invocation: method sort in class java.util.Collections is applied to given types
  required: java.util.List<T>,java.util.Comparator<? super T>
  found: java.util.List<com.agiletec.plugins.jacms.aps.******.services.resource.model.ImageResourceDimension>,org.apache.commons.beanutils.BeanComparator
[WARNING] /workspace/source/src/main/java/org/entando/entando/plugins/jacms/aps/******/services/resource/ResourcesService.java:[509,38] unchecked conversion
  required: java.util.Comparator<? super T>
  found:    org.apache.commons.beanutils.BeanComparator
[WARNING] /workspace/source/src/main/java/org/entando/entando/plugins/jacms/aps/******/services/resource/ResourcesService.java:[517,21] unchecked call to FieldSearchFilter(java.lang.String,T,boolean) as a member of the raw type com.agiletec.aps.******.common.FieldSearchFilter
[WARNING] /workspace/source/src/main/java/org/entando/entando/plugins/jacms/aps/******/services/resource/ResourcesService.java:[567,25] unchecked call to FieldSearchFilter(java.lang.String,T,boolean) as a member of the raw type com.agiletec.aps.******.common.FieldSearchFilter
[WARNING] /workspace/source/src/main/java/org/entando/entando/plugins/jacms/aps/******/services/resource/ResourcesService.java:[578,26] unchecked call to FieldSearchFilter(java.lang.String,T,boolean) as a member of the raw type com.agiletec.aps.******.common.FieldSearchFilter
[WARNING] /workspace/source/src/main/java/org/entando/entando/plugins/jacms/aps/******/services/resource/ResourcesService.java:[581,26] unchecked call to FieldSearchFilter(java.lang.String,T,T) as a member of the raw type com.agiletec.aps.******.common.FieldSearchFilter
[WARNING] /workspace/source/src/main/java/org/entando/entando/plugins/jacms/web/resource/validator/ResourcesValidator.java:[69,91] unchecked conversion
  required: java.util.List<java.lang.String>
  found:    java.util.List
[WARNING] /workspace/source/src/main/java/org/entando/entando/plugins/jacms/aps/******/services/content/ContentService.java:[309,86] unchecked cast
  required: com.agiletec.aps.******.services.group.GroupUtilizer<java.lang.String>
  found:    com.agiletec.plugins.jacms.aps.******.services.content.IContentManager
[WARNING] /workspace/source/src/main/java/org/entando/entando/plugins/jacms/aps/******/services/content/ContentService.java:[320,105] unchecked conversion
  required: java.util.List<java.lang.String>
  found:    java.util.List
[WARNING] /workspace/source/src/main/java/org/entando/entando/plugins/jacms/aps/******/services/content/ContentService.java:[331,97] unchecked conversion
  required: java.util.List<java.lang.String>
  found:    java.util.List
[WARNING] /workspace/source/src/main/java/org/entando/entando/plugins/jacms/aps/******/services/content/ContentService.java:[342,103] unchecked conversion
  required: java.util.List<java.lang.String>
  found:    java.util.List
[WARNING] /workspace/source/src/main/java/org/entando/entando/plugins/jacms/aps/******/services/content/ContentService.java:[530,17] unchecked call to EntitySearchFilter(java.lang.String,boolean,T,boolean) as a member of the raw type com.agiletec.aps.******.common.entity.model.EntitySearchFilter
[WARNING] /workspace/source/src/main/java/org/entando/entando/plugins/jacms/aps/******/services/content/ContentService.java:[787,57] unchecked call to SearcherDaoPaginatedResult(java.lang.Integer,java.util.List<T>) as a member of the raw type com.agiletec.aps.******.common.model.dao.SearcherDaoPaginatedResult
[WARNING] /workspace/source/src/main/java/org/entando/entando/plugins/jacms/aps/******/services/content/ContentService.java:[789,50] unchecked cast
  required: java.util.List<java.lang.Object>
  found:    java.util.List<capture#1 of ?>
[WARNING] /workspace/source/src/main/java/org/entando/entando/plugins/jacms/aps/******/services/api/ApiResourceInterface.java:[387,105] unchecked conversion
  required: java.util.List<java.lang.String>
  found:    java.util.List
[WARNING] /workspace/source/src/main/java/com/agiletec/plugins/jacms/aps*****/resource/MultipleResourceAction.java:[249,53] unchecked method invocation: method setMetadata in class com.agiletec.plugins.jacms.aps.******.services.resource.model.BaseResourceDataBean is applied to given types
  required: java.util.Map<java.lang.String,java.lang.String>
  found: java.util.Map
[WARNING] /workspace/source/src/main/java/com/agiletec/plugins/jacms/aps*****/resource/MultipleResourceAction.java:[249,54] unchecked conversion
  required: java.util.Map<java.lang.String,java.lang.String>
  found:    java.util.Map
[WARNING] /workspace/source/src/main/java/com/agiletec/plugins/jacms/aps*****/resource/MultipleResourceAction.java:[256,49] unchecked method invocation: method setMetadata in class com.agiletec.plugins.jacms.aps.******.services.resource.model.BaseResourceDataBean is applied to given types
  required: java.util.Map<java.lang.String,java.lang.String>
  found: java.util.Map
[WARNING] /workspace/source/src/main/java/com/agiletec/plugins/jacms/aps*****/resource/MultipleResourceAction.java:[256,50] unchecked conversion
  required: java.util.Map<java.lang.String,java.lang.String>
  found:    java.util.Map
[WARNING] /workspace/source/src/main/java/com/agiletec/plugins/jacms/aps*****/resource/MultipleResourceAction.java:[264,40] unchecked call to add(E) as a member of the raw type java.util.List
[WARNING] /workspace/source/src/main/java/com/agiletec/plugins/jacms/aps*****/resource/MultipleResourceAction.java:[289,28] unchecked call to forEach(java.util.function.Consumer<? super T>) as a member of the raw type java.lang.Iterable
[WARNING] /workspace/source/src/main/java/com/agiletec/plugins/jacms/aps*****/content/attribute/action/link/UrlLinkAction.java:[51,123] unchecked cast
  required: java.util.Map<java.lang.String,java.lang.String>
  found:    java.lang.Object
[WARNING] /workspace/source/src/main/java/com/agiletec/plugins/jacms/aps*****/content/attribute/action/link/PageLinkAction.java:[50,123] unchecked cast
  required: java.util.Map<java.lang.String,java.lang.String>
  found:    java.lang.Object
[WARNING] /workspace/source/src/main/java/org/entando/entando/plugins/jacms/aps*****/portal/helper/ContentPageValidator.java:[75,101] unchecked conversion
  required: java.util.List<java.lang.String>
  found:    java.util.List
[WARNING] /workspace/source/src/main/java/com/agiletec/plugins/jacms/aps*****/content/AbstractContentAction.java:[244,33] unchecked method invocation: method sort in class java.util.Collections is applied to given types
  required: java.util.List<T>,java.util.Comparator<? super T>
  found: java.util.List<com.agiletec.aps.******.services.group.Group>,org.apache.commons.beanutils.BeanComparator
[WARNING] /workspace/source/src/main/java/com/agiletec/plugins/jacms/aps*****/content/AbstractContentAction.java:[244,42] unchecked conversion
  required: java.util.Comparator<? super T>
  found:    org.apache.commons.beanutils.BeanComparator
[WARNING] /workspace/source/src/main/java/com/agiletec/plugins/jacms/aps*****/content/ContentInspectionAction.java:[43,112] unchecked conversion
  required: java.util.List<com.agiletec.aps.******.services.page.IPage>
  found:    java.util.List
[WARNING] /workspace/source/src/main/java/com/agiletec/plugins/jacms/aps*****/content/ContentInspectionAction.java:[59,113] unchecked conversion
  required: java.util.List<java.lang.String>
  found:    java.util.List
[WARNING] /workspace/source/src/main/java/com/agiletec/plugins/jacms/aps/******/services/content/AbstractContentSearcherDAO.java:[71,57] unchecked call to EntitySearchFilter(java.lang.String,boolean,T,boolean) as a member of the raw type com.agiletec.aps.******.common.entity.model.EntitySearchFilter
[WARNING] /workspace/source/src/main/java/org/entando/entando/plugins/jacms/aps/******/services/page/CmsPageServiceWrapper.java:[52,81] unchecked conversion
  required: java.util.List<com.agiletec.aps.******.services.page.IPage>
  found:    java.util.List
[WARNING] /workspace/source/src/main/java/com/agiletec/plugins/jacms/aps*****/content/ContentAction.java:[340,75] unchecked conversion
  required: java.util.List<com.agiletec.aps.******.services.page.IPage>
  found:    java.util.List
[WARNING] /workspace/source/src/main/java/com/agiletec/plugins/jacms/aps/******/services/resource/ResourceDAO.java:[270,53] unchecked call to FieldSearchFilter(java.lang.String,T,boolean) as a member of the raw type com.agiletec.aps.******.common.FieldSearchFilter
[WARNING] /workspace/source/src/main/java/com/agiletec/plugins/jacms/aps/******/services/resource/ResourceDAO.java:[270,53] unchecked conversion
  required: com.agiletec.aps.******.common.FieldSearchFilter<java.lang.String>
  found:    com.agiletec.aps.******.common.FieldSearchFilter
[WARNING] /workspace/source/src/main/java/com/agiletec/plugins/jacms/aps/******/services/resource/ResourceDAO.java:[274,53] unchecked call to FieldSearchFilter(java.lang.String,T,boolean) as a member of the raw type com.agiletec.aps.******.common.FieldSearchFilter
[WARNING] /workspace/source/src/main/java/com/agiletec/plugins/jacms/aps/******/services/resource/ResourceDAO.java:[274,53] unchecked conversion
  required: com.agiletec.aps.******.common.FieldSearchFilter<java.lang.String>
  found:    com.agiletec.aps.******.common.FieldSearchFilter
[WARNING] /workspace/source/src/main/java/com/agiletec/plugins/jacms/aps/******/services/resource/ResourceDAO.java:[278,53] unchecked call to FieldSearchFilter(java.lang.String,T,boolean) as a member of the raw type com.agiletec.aps.******.common.FieldSearchFilter
[WARNING] /workspace/source/src/main/java/com/agiletec/plugins/jacms/aps/******/services/resource/ResourceDAO.java:[278,53] unchecked conversion
  required: com.agiletec.aps.******.common.FieldSearchFilter<java.lang.String>
  found:    com.agiletec.aps.******.common.FieldSearchFilter
[WARNING] /workspace/source/src/main/java/com/agiletec/plugins/jacms/aps/******/services/resource/ResourceDAO.java:[292,53] unchecked call to FieldSearchFilter(java.lang.String,java.util.List<T>,boolean) as a member of the raw type com.agiletec.aps.******.common.FieldSearchFilter
[WARNING] /workspace/source/src/main/java/com/agiletec/plugins/jacms/aps/******/services/resource/ResourceDAO.java:[292,53] unchecked conversion
  required: com.agiletec.aps.******.common.FieldSearchFilter<java.lang.String>
  found:    com.agiletec.aps.******.common.FieldSearchFilter
[WARNING] /workspace/source/src/main/java/com/agiletec/plugins/jacms/aps*****/content/attribute/action/resource/ExtendedResourceAction.java:[120,41] unchecked method invocation: method setMetadata in class com.agiletec.plugins.jacms.aps.******.services.resource.model.BaseResourceDataBean is applied to given types
  required: java.util.Map<java.lang.String,java.lang.String>
  found: java.util.Map
[WARNING] /workspace/source/src/main/java/com/agiletec/plugins/jacms/aps*****/content/attribute/action/resource/ExtendedResourceAction.java:[120,42] unchecked conversion
  required: java.util.Map<java.lang.String,java.lang.String>
  found:    java.util.Map
[WARNING] /workspace/source/src/main/java/com/agiletec/plugins/jacms/aps/******/services/resource/parse/ImageDimensionDOM.java:[59,84] unchecked conversion
  required: java.util.List<org.jdom.Element>
  found:    java.util.List
[WARNING] /workspace/source/src/main/java/com/agiletec/plugins/jacms/aps/******/services/contentmodel/ContentModelManager.java:[176,25] unchecked method invocation: method sort in class java.util.Collections is applied to given types
  required: java.util.List<T>
  found: java.util.List<com.agiletec.plugins.jacms.aps.******.services.contentmodel.ContentModel>
[WARNING] /workspace/source/src/main/java/org/entando/entando/plugins/jacms/aps*****/content/bulk/ContentCategoryBulkAction.java:[102,137] unchecked cast
  required: org.entando.entando.plugins.jacms.aps.******.services.content.command.common.BaseContentPropertyBulkCommand<com.agiletec.aps.******.services.category.Category>
  found:    java.lang.Object
[WARNING] /workspace/source/src/main/java/com/agiletec/plugins/jacms/aps/******/services/searchengine/SearcherDAO.java:[194,77] unchecked conversion
  required: java.util.List<java.lang.String>
  found:    java.util.List
[WARNING] /workspace/source/src/main/java/com/agiletec/plugins/jacms/aps*****/resource/ResourceFinderAction.java:[110,30] unchecked call to FieldSearchFilter(java.lang.String,T,boolean) as a member of the raw type com.agiletec.aps.******.common.FieldSearchFilter
[WARNING] /workspace/source/src/main/java/com/agiletec/plugins/jacms/aps*****/resource/ResourceFinderAction.java:[114,45] unchecked call to FieldSearchFilter(java.lang.String,T,boolean) as a member of the raw type com.agiletec.aps.******.common.FieldSearchFilter
[WARNING] /workspace/source/src/main/java/com/agiletec/plugins/jacms/aps*****/resource/ResourceFinderAction.java:[118,44] unchecked call to FieldSearchFilter(java.lang.String,T,boolean) as a member of the raw type com.agiletec.aps.******.common.FieldSearchFilter
[WARNING] /workspace/source/src/main/java/com/agiletec/plugins/jacms/aps*****/resource/ResourceFinderAction.java:[122,48] unchecked call to FieldSearchFilter(java.lang.String,T,boolean) as a member of the raw type com.agiletec.aps.******.common.FieldSearchFilter
[WARNING] /workspace/source/src/main/java/com/agiletec/plugins/jacms/aps*****/resource/ResourceFinderAction.java:[200,25] unchecked method invocation: method sort in class java.util.Collections is applied to given types
  required: java.util.List<T>,java.util.Comparator<? super T>
  found: java.util.List<com.agiletec.plugins.jacms.aps.******.services.resource.model.ImageResourceDimension>,org.apache.commons.beanutils.BeanComparator
[WARNING] /workspace/source/src/main/java/com/agiletec/plugins/jacms/aps*****/resource/ResourceFinderAction.java:[200,38] unchecked conversion
  required: java.util.Comparator<? super T>
  found:    org.apache.commons.beanutils.BeanComparator
[WARNING] /workspace/source/src/main/java/org/entando/entando/plugins/jacms/aps*****/content/bulk/ContentBulkAction.java:[76,155] unchecked cast
  required: org.entando.entando.plugins.jacms.aps.******.services.content.command.common.BaseContentBulkCommand<org.entando.entando.plugins.jacms.aps.******.services.content.command.common.ContentBulkCommandContext>
  found:    java.lang.Object
[WARNING] /workspace/source/src/main/java/com/agiletec/plugins/jacms/aps/******/services/resource/cache/ResourceManagerCacheWrapper.java:[56,24] unchecked conversion
  required: java.util.Map<java.lang.String,java.util.List<java.lang.String>>
  found:    java.util.Map
[WARNING] /workspace/source/src/main/java/org/entando/entando/plugins/jacms/aps*****/content/bulk/ContentGroupBulkAction.java:[98,133] unchecked cast
  required: org.entando.entando.plugins.jacms.aps.******.services.content.command.common.BaseContentPropertyBulkCommand<java.lang.String>
  found:    java.lang.Object
[WARNING] /workspace/source/src/main/java/com/agiletec/plugins/jacms/aps/******/services/resource/ResourceService.java:[80,88] unchecked cast
  required: com.agiletec.aps.******.services.group.GroupUtilizer<java.lang.String>
  found:    com.agiletec.plugins.jacms.aps.******.services.resource.IResourceManager
[WARNING] /workspace/source/src/main/java/com/agiletec/plugins/jacms/aps/******/services/resource/ResourceService.java:[92,42] unchecked conversion
  required: java.util.List<java.lang.String>
  found:    java.util.List
[WARNING] /workspace/source/src/main/java/org/entando/entando/plugins/jacms/aps/******/services/widgettype/validators/WidgetValidatorCmsHelper.java:[130,35] unchecked cast
  required: java.util.List<java.lang.Object>
  found:    java.lang.Object
[WARNING] /workspace/source/src/main/java/com/agiletec/plugins/jacms/aps/******/services/cache/CmsCacheWrapperManager.java:[90,116] unchecked conversion
  required: java.util.List<java.lang.String>
  found:    java.util.List
[WARNING] /workspace/source/src/main/java/com/agiletec/plugins/jacms/aps*****/content/attribute/action/link/ContentLinkAction.java:[66,123] unchecked cast
  required: java.util.Map<java.lang.String,java.lang.String>
  found:    java.lang.Object
[WARNING] /workspace/source/src/main/java/com/agiletec/plugins/jacms/aps*****/portal/PageAction.java:[116,95] unchecked conversion
  required: java.util.List<java.lang.String>
  found:    java.util.List
[INFO] 97 warnings 
[INFO] -------------------------------------------------------------
[INFO] -------------------------------------------------------------
[ERROR] COMPILATION ERROR : 
[INFO] -------------------------------------------------------------
[ERROR] /workspace/source/src/main/java/org/entando/entando/plugins/jacms/aps/******/services/api/model/JAXBContent.java:[73,47] method buildEntity in class com.agiletec.aps.******.common.entity.model.JAXBEntity cannot be applied to given types;
  required: com.agiletec.aps.******.common.entity.model.IApsEntity,com.agiletec.aps.******.services.category.ICategoryManager,java.lang.String
  found: com.agiletec.plugins.jacms.aps.******.services.content.model.Content,java.lang.String
  reason: actual and formal argument lists differ in length
[INFO] 1 error
[INFO] -------------------------------------------------------------
[INFO] 
[INFO] ------------------------------------------------------------------------
[INFO] Skipping Entando Plugin: CMS
[INFO] This project has been banned from the build due to previous failures.
[INFO] ------------------------------------------------------------------------
[INFO] ------------------------------------------------------------------------
[INFO] BUILD FAILURE
[INFO] ------------------------------------------------------------------------
[INFO] Total time:  33.768 s
[INFO] Finished at: 2021-07-09T13:08:47Z
[INFO] ------------------------------------------------------------------------
[ERROR] Failed to e**cute goal org.apache.maven.plugins:maven-compiler-plugin:3.8.1:compile (default-compile) on project entando-plugin-jacms: Compilation failure
[ERROR] /workspace/source/src/main/java/org/entando/entando/plugins/jacms/aps/******/services/api/model/JAXBContent.java:[73,47] method buildEntity in class com.agiletec.aps.******.common.entity.model.JAXBEntity cannot be applied to given types;
[ERROR]   required: com.agiletec.aps.******.common.entity.model.IApsEntity,com.agiletec.aps.******.services.category.ICategoryManager,java.lang.String
[ERROR]   found: com.agiletec.plugins.jacms.aps.******.services.content.model.Content,java.lang.String
[ERROR]   reason: actual and formal argument lists differ in length
[ERROR] 
[ERROR] -> [Help 1]
[ERROR] 
[ERROR] To see the full stack trace of the errors, re-run Maven with the -e switch.
[ERROR] Re-run Maven using the -X switch to enable full debug logging.
[ERROR] 
[ERROR] For more information about the errors and possible solutions, please read the following articles:
[ERROR] [Help 1] http://cwiki.apache.org/confluence/display/MAVEN/MojoFailureException
Picked up _JAVA_OPTIONS: -XX:+UnlockExperimentalVMOptions -Dsun.zip.disableMemoryMapping=**** -XX:+UseParallelGC -XX:MinHeapFreeRatio=5 -XX:MaxHeapFreeRatio=10 -XX:GCTimeRatio=4 -XX:AdaptiveSizePolicyWeight=90 -Xms10m -Xmx8000m
[INFO] Scanning for projects...
[WARNING] 
[WARNING] Some problems were encountered while building the effective model for org.entando.entando.plugins:entando-plugin-jacms:war:0.0.0-SNAPSHOT-PR-102-1
[WARNING] 'dependencyManagement.dependencies.dependency.(groupId:artifactId:type:classifier)' must be unique: org.springframework:spring-tx:jar -> version (?) vs ${spring.version} @ org.entando:entando-core-parent:6.4.3, /home/jenkins/.mvnrepository/org/entando/entando-core-parent/6.4.3/entando-core-parent-6.4.3.pom, line 630, column 25
[WARNING] 
[WARNING] It is highly recommended to fix these problems because they threaten the stability of your build.
[WARNING] 
[WARNING] For this reason, future Maven versions might no longer support building such malformed projects.
[WARNING] 
[INFO] 
[INFO] ----------< org.entando.entando.plugins:entando-plugin-jacms >----------
[INFO] Building Entando Plugin: CMS 0.0.0-SNAPSHOT-PR-102-1
[INFO] --------------------------------[ war ]---------------------------------
[WARNING] The POM for com.sun.xml.bind:jaxb-impl:jar:2.2.11 is invalid, transitive dependencies (if any) will not be available, enable debug logging for more details
[WARNING] The POM for com.sun.xml.bind:jaxb-core:jar:2.2.11 is invalid, transitive dependencies (if any) will not be available, enable debug logging for more details
[INFO] 
[INFO] --- maven-site-plugin:3.9.0:site (default-site) @ entando-plugin-jacms ---
[INFO] configuring report plugin org.apache.maven.plugins:maven-project-info-reports-plugin:3.0.0
[INFO] 9 reports configured for maven-project-info-reports-plugin:3.0.0: dependency-info, distribution-management, index, ci-management, issue-management, licenses, plugins, scm, summary
[INFO] Rendering site with default locale English (en)
[WARNING] Unable to find a URL to the parent project. The parent menu will NOT be added.
[INFO] Relativizing decoration links with respect to localized project URL: http://www.entando.com/
[INFO] Rendering content with org.apache.maven.skins:maven-default-skin:jar:1.3 skin.
[INFO] Generating "Dependency Information" report --- maven-project-info-reports-plugin:3.0.0:dependency-info
[INFO] Generating "About" report         --- maven-project-info-reports-plugin:3.0.0:index
[INFO] Generating "Issue Management" report --- maven-project-info-reports-plugin:3.0.0:issue-management
[INFO] Generating "Licenses" report      --- maven-project-info-reports-plugin:3.0.0:licenses
[INFO] Generating "Plugins" report       --- maven-project-info-reports-plugin:3.0.0:plugins
[INFO] Generating "Source Code Management" report --- maven-project-info-reports-plugin:3.0.0:scm
[INFO] Generating "Summary" report       --- maven-project-info-reports-plugin:3.0.0:summary
[INFO] ------------------------------------------------------------------------
[INFO] BUILD SUCCESS
[INFO] ------------------------------------------------------------------------
[INFO] Total time:  26.792 s
[INFO] Finished at: 2021-07-09T13:09:16Z
[INFO] ------------------------------------------------------------------------
error: etcdserver: request is too large
No pre-deployment test results found for entando-plugin-jacms-PR-102.
No OWASP dependency check found for entando-plugin-jacms-PR-102.
The following checks failed for entando-plugin-jacms-PR-102:
No pre-deployment test results produced by build
No OWASP dependency check results produced by build
[31m
Pipeline failed on stage 'from-build-pack' : container 'step-build-mvn-verify-pr'. The execution of the pipeline has stopped.[0m
