
Showing logs for build [32mentando-entando-plugin-jacms-pr-xtg9z-4[0m stage [32mfrom-build-pack[0m and container [32mcredential-initializer[0m
{"level":"info","ts":1625842918.345023,"caller":"creds-init/main.go:44","msg":"Credentials initialized."}

Showing logs for build [32mentando-entando-plugin-jacms-pr-xtg9z-4[0m stage [32mfrom-build-pack[0m and container [32mworking-dir-initializer[0m

Showing logs for build [32mentando-entando-plugin-jacms-pr-xtg9z-4[0m stage [32mfrom-build-pack[0m and container [32mplace-tools[0m

Showing logs for build [32mentando-entando-plugin-jacms-pr-xtg9z-4[0m stage [32mfrom-build-pack[0m and container [32mstep-git-source-entando-entando-plugin-jacms-pr-xtg9z-8qzbq[0m
{"level":"info","ts":1625842936.4117656,"caller":"git/git.go:105","msg":"Successfully cloned https://github.com/entando/entando-plugin-jacms.git @ master in path /workspace/source"}
{"level":"warn","ts":1625842936.4119298,"caller":"git/git.go:152","msg":"Unexpected error: creating symlink: symlink /tekton/home/.ssh /****/.ssh: file exists"}
{"level":"info","ts":1625842936.4810462,"caller":"git/git.go:133","msg":"Successfully initialized and updated submodules in path /workspace/source"}

Showing logs for build [32mentando-entando-plugin-jacms-pr-xtg9z-4[0m stage [32mfrom-build-pack[0m and container [32mstep-setup-builder-home[0m

Showing logs for build [32mentando-entando-plugin-jacms-pr-xtg9z-4[0m stage [32mfrom-build-pack[0m and container [32mstep-git-merge[0m
Using SHAs from PULL_REFS=master:c5bc1097b2714e792d5b054efa392e8d37865aa3,102:fbbec4621f96a247cf91df676584169eebb30723
DEBUG: LC_ALL=C JX_LOG_LEVEL=error git fetch origin --unshallow fbbec4621f96a247cf91df676584169eebb30723: c5bc1097b2714e792d5b054efa392e8d37865aa3:
DEBUG: ran git fetch --unshallow origin fbbec4621f96a247cf91df676584169eebb30723: c5bc1097b2714e792d5b054efa392e8d37865aa3: in 
DEBUG: LC_ALL=C JX_LOG_LEVEL=error git branch
DEBUG: JX_LOG_LEVEL=error LC_ALL=C git checkout master
DEBUG: ran git checkout master in 
DEBUG: LC_ALL=C JX_LOG_LEVEL=error git reset --hard c5bc1097b2714e792d5b054efa392e8d37865aa3
DEBUG: ran git reset --hard c5bc1097b2714e792d5b054efa392e8d37865aa3 in 
DEBUG: LC_ALL=C JX_LOG_LEVEL=error git clean -fd .
DEBUG: ran clean --force -d . in 
DEBUG: LC_ALL=C JX_LOG_LEVEL=error git merge fbbec4621f96a247cf91df676584169eebb30723
DEBUG: ran git merge fbbec4621f96a247cf91df676584169eebb30723 in 
DEBUG: LC_ALL=C JX_LOG_LEVEL=error git log --format=%H%x1f%an%x1f%ae%x1f%cn%x1f%ce%x1f%s%n%b%x1e c5bc1097b2714e792d5b054efa392e8d37865aa3..HEAD
Merged SHA fbbec4621f96a247cf91df676584169eebb30723 with commit message 'ENG-2172: Update core bom version' into base branch master
Merged SHA c4d1c0ecb364fd77508a96af272d83fe6fd1e125 with commit message 'ENG-2172: Upgrade of ContentService' into base branch master
Merged SHA e88f0bf09f489eeba30f526a760bb2e991a006e2 with commit message 'ENG-2172: Removed categories from entity objects' into base branch master

Showing logs for build [32mentando-entando-plugin-jacms-pr-xtg9z-4[0m stage [32mfrom-build-pack[0m and container [32mstep-build-set-version[0m
Picked up _JAVA_OPTIONS: -XX:+UnlockExperimentalVMOptions -Dsun.zip.disableMemoryMapping=**** -XX:+UseParallelGC -XX:MinHeapFreeRatio=5 -XX:MaxHeapFreeRatio=10 -XX:GCTimeRatio=4 -XX:AdaptiveSizePolicyWeight=90 -Xms10m -Xmx8000m
[INFO] Scanning for projects...
[ERROR] [ERROR] Some problems were encountered while processing the POMs:
[WARNING] 'dependencyManagement.dependencies.dependency.(groupId:artifactId:type:classifier)' must be unique: org.springframework:spring-tx:jar -> version (?) vs ${spring.version} @ org.entando:entando-core-parent:6.4.3, /home/jenkins/.mvnrepository/org/entando/entando-core-parent/6.4.3/entando-core-parent-6.4.3.pom, line 630, column 25
[ERROR] Non-resolvable import POM: Could not find artifact org.entando:entando-core-bom:pom:6.4.20 in nexus (http://nexus/repository/maven-group/) @ line 94, column 25
[ERROR] 'dependencies.dependency.version' for org.entando.entando:entando-portal-ui:jar:classes is missing. @ line 187, column 21
[ERROR] 'dependencies.dependency.version' for org.entando.entando:entando-engine:test-jar is missing. @ line 307, column 21
[ERROR] 'dependencies.dependency.version' for org.entando.entando:entando-*****-console:test-jar is missing. @ line 312, column 21
[ERROR] 'dependencies.dependency.version' for org.entando.entando:entando-portal-ui:test-jar is missing. @ line 317, column 21
 @ 
[ERROR] The build could not read 1 project -> [Help 1]
[ERROR]   
[ERROR]   The project org.entando.entando.plugins:entando-plugin-jacms:6.4.0-SNAPSHOT (/workspace/source/pom.xml) has 5 errors
[ERROR]     Non-resolvable import POM: Could not find artifact org.entando:entando-core-bom:pom:6.4.20 in nexus (http://nexus/repository/maven-group/) @ line 94, column 25 -> [Help 2]
[ERROR]     'dependencies.dependency.version' for org.entando.entando:entando-portal-ui:jar:classes is missing. @ line 187, column 21
[ERROR]     'dependencies.dependency.version' for org.entando.entando:entando-engine:test-jar is missing. @ line 307, column 21
[ERROR]     'dependencies.dependency.version' for org.entando.entando:entando-*****-console:test-jar is missing. @ line 312, column 21
[ERROR]     'dependencies.dependency.version' for org.entando.entando:entando-portal-ui:test-jar is missing. @ line 317, column 21
[ERROR] 
[ERROR] To see the full stack trace of the errors, re-run Maven with the -e switch.
[ERROR] Re-run Maven using the -X switch to enable full debug logging.
[ERROR] 
[ERROR] For more information about the errors and possible solutions, please read the following articles:
[ERROR] [Help 1] http://cwiki.apache.org/confluence/display/MAVEN/ProjectBuildingException
[ERROR] [Help 2] http://cwiki.apache.org/confluence/display/MAVEN/UnresolvableModelException
[31m
Pipeline failed on stage 'from-build-pack' : container 'step-build-set-version'. The execution of the pipeline has stopped.[0m
