
Showing logs for build [32mentando-k8s-entando-k8s-app-plu-87bv8-1[0m stage [32mfrom-build-pack[0m and container [32mcredential-initializer[0m
Unable to retrieve container logs for docker://84728c9bdb9e591094adb63666099309b5c3abeab647b432799f51084373f732

Showing logs for build [32mentando-k8s-entando-k8s-app-plu-87bv8-1[0m stage [32mfrom-build-pack[0m and container [32mworking-dir-initializer[0m
Unable to retrieve container logs for docker://4a6eef1e7db26c4c4c211e86c813ed53b8edd9257fca2442428e345a6e6b9d58

Showing logs for build [32mentando-k8s-entando-k8s-app-plu-87bv8-1[0m stage [32mfrom-build-pack[0m and container [32mplace-tools[0m
Unable to retrieve container logs for docker://f84599493ab76362b456341dc0fd58695ab6abd8d2dece08029dbef761297d51

Showing logs for build [32mentando-k8s-entando-k8s-app-plu-87bv8-1[0m stage [32mfrom-build-pack[0m and container [32mstep-git-source-entando-k8s-entando-k8s-app-plu-87bv8-s8nqt[0m
Unable to retrieve container logs for docker://b365549552741928dc72e5ab56aedb0e5e6cced50316c35308cf82f7a438426b

Showing logs for build [32mentando-k8s-entando-k8s-app-plu-87bv8-1[0m stage [32mfrom-build-pack[0m and container [32mstep-setup-builder-home[0m
Unable to retrieve container logs for docker://4a930b1cef2143610df61ff3e9a7ac498012847e8aded262d6fb5ecaadacc072

Showing logs for build [32mentando-k8s-entando-k8s-app-plu-87bv8-1[0m stage [32mfrom-build-pack[0m and container [32mstep-git-merge[0m
Unable to retrieve container logs for docker://2f3ce12f812ede329596b6cb3c1ab33e2a4bba0c2b148f7e1b3c9181a9b99e04

Showing logs for build [32mentando-k8s-entando-k8s-app-plu-87bv8-1[0m stage [32mfrom-build-pack[0m and container [32mstep-build-set-version[0m
Unable to retrieve container logs for docker://6ff48c0dc67e3f148a96bdfb9093727129f4b4624318e1460c35980434959a78

Showing logs for build [32mentando-k8s-entando-k8s-app-plu-87bv8-1[0m stage [32mfrom-build-pack[0m and container [32mstep-build-fix-git-for-sonar[0m
Unable to retrieve container logs for docker://9b48a641ad306475be91537af583ad3b2a8d7ded596e77159b8651f239ca1dcd

Showing logs for build [32mentando-k8s-entando-k8s-app-plu-87bv8-1[0m stage [32mfrom-build-pack[0m and container [32mstep-build-mvn-verify-pr[0m
Unable to retrieve container logs for docker://97122c1dfd36b71f112bc6998d01584d7f5cd30a5143f1769e891b395337f74b
[31m
Pipeline failed on stage 'from-build-pack' : container 'step-build-mvn-verify-pr'. The execution of the pipeline has stopped.[0m
