
Showing logs for build [32mentando-k8s-entando-de-app-pr-2-n6m9m-1[0m stage [32mfrom-build-pack[0m and container [32mcredential-initializer[0m
Unable to retrieve container logs for docker://42157b2b95b5556eccfd44c4d2df0a1eaee306a3434d91396370c94278286b21

Showing logs for build [32mentando-k8s-entando-de-app-pr-2-n6m9m-1[0m stage [32mfrom-build-pack[0m and container [32mworking-dir-initializer[0m
Unable to retrieve container logs for docker://2c6f1cbbd3d03a2f06a6568bc719b47b643ded4362c1e6381e07d00f70a7e439

Showing logs for build [32mentando-k8s-entando-de-app-pr-2-n6m9m-1[0m stage [32mfrom-build-pack[0m and container [32mplace-tools[0m
Unable to retrieve container logs for docker://f906cd4082c4204614745efb4b949258cfb12a34e6cd9f0d4dc679126de4d611

Showing logs for build [32mentando-k8s-entando-de-app-pr-2-n6m9m-1[0m stage [32mfrom-build-pack[0m and container [32mstep-git-source-entando-k8s-entando-de-app-pr-2-n6m9m-vkwtk[0m
Unable to retrieve container logs for docker://c21830a58e0181469e8d4b417d8f7d5d7440662a6fba3e2430a0cdede75b240d

Showing logs for build [32mentando-k8s-entando-de-app-pr-2-n6m9m-1[0m stage [32mfrom-build-pack[0m and container [32mstep-setup-builder-home[0m
Unable to retrieve container logs for docker://3214c8a2fff2f72e8ef5abc3e70ef102d94b2ccda0b52b0f00742bf7c9c17b5e

Showing logs for build [32mentando-k8s-entando-de-app-pr-2-n6m9m-1[0m stage [32mfrom-build-pack[0m and container [32mstep-git-merge[0m
Unable to retrieve container logs for docker://44a9d662313783013007d2419872f17793e36ae7b7bad7481caf77dd15dc333e

Showing logs for build [32mentando-k8s-entando-de-app-pr-2-n6m9m-1[0m stage [32mfrom-build-pack[0m and container [32mstep-build-set-version[0m
Unable to retrieve container logs for docker://cfcf957025aa5365b2935a1fb96b0140ae6097f66ad69915413e203e803b3a6e

Showing logs for build [32mentando-k8s-entando-de-app-pr-2-n6m9m-1[0m stage [32mfrom-build-pack[0m and container [32mstep-build-mvn-verify[0m
Unable to retrieve container logs for docker://e3c878c87e986557c209c7d9af169d7488bd5cba6e72a70d540563c3baa83c43

Showing logs for build [32mentando-k8s-entando-de-app-pr-2-n6m9m-1[0m stage [32mfrom-build-pack[0m and container [32mstep-build-container-build[0m
Unable to retrieve container logs for docker://4d623d6eee57863b98467ce30009405ae301dd38062c375d0ac26b092ef7cd0f

Showing logs for build [32mentando-k8s-entando-de-app-pr-2-n6m9m-1[0m stage [32mfrom-build-pack[0m and container [32mstep-postbuild-post-build[0m
Unable to retrieve container logs for docker://eeb437981c8ac3130cff2853bf03c33918e55171e7206***89b366e049b38f26
