
Showing logs for build [32mentando-k8s-entando-de-app-pr-2-qq54c-1[0m stage [32mfrom-build-pack[0m and container [32mcredential-initializer[0m
Unable to retrieve container logs for docker://ab0438143116fa2fa412ec153894ef239874fd489f560b7d4ae219d5d853686c

Showing logs for build [32mentando-k8s-entando-de-app-pr-2-qq54c-1[0m stage [32mfrom-build-pack[0m and container [32mworking-dir-initializer[0m
Unable to retrieve container logs for docker://872fde6649d1df1c0bca19e1d909bc67bd757ad8db39b17ed6bb496de3c74611

Showing logs for build [32mentando-k8s-entando-de-app-pr-2-qq54c-1[0m stage [32mfrom-build-pack[0m and container [32mplace-tools[0m
Unable to retrieve container logs for docker://e6720ca9e710be3118ce95457d03507ed85fa2150926717fb9279a5d7c072a78

Showing logs for build [32mentando-k8s-entando-de-app-pr-2-qq54c-1[0m stage [32mfrom-build-pack[0m and container [32mstep-git-source-entando-k8s-entando-de-app-pr-2-qq54c-zxvwh[0m
Unable to retrieve container logs for docker://3834a4ae2dafef6365b5085a3602011f3c38e77aeea5da3642ade428a2d33962

Showing logs for build [32mentando-k8s-entando-de-app-pr-2-qq54c-1[0m stage [32mfrom-build-pack[0m and container [32mstep-setup-builder-home[0m
Unable to retrieve container logs for docker://005c9fb2a13415644cfc7cac593ef321d498ce3d2d1f7f48e82f57c4110a3472

Showing logs for build [32mentando-k8s-entando-de-app-pr-2-qq54c-1[0m stage [32mfrom-build-pack[0m and container [32mstep-git-merge[0m
Unable to retrieve container logs for docker://bc0c8a9ac6398c55ab52a1aac446bc67a994b0e974669c68b5389e4660c81a7b

Showing logs for build [32mentando-k8s-entando-de-app-pr-2-qq54c-1[0m stage [32mfrom-build-pack[0m and container [32mstep-build-set-version[0m
Unable to retrieve container logs for docker://15144c69c93af76a575256cb03fba9466c70eb2d9dfda922121531c7868f5c69

Showing logs for build [32mentando-k8s-entando-de-app-pr-2-qq54c-1[0m stage [32mfrom-build-pack[0m and container [32mstep-build-mvn-verify[0m
Unable to retrieve container logs for docker://eebb3c12f469f6031ca7f3c6ed31e33457a3a618380b064e92467ebad9a1182f

Showing logs for build [32mentando-k8s-entando-de-app-pr-2-qq54c-1[0m stage [32mfrom-build-pack[0m and container [32mstep-build-container-build[0m
Unable to retrieve container logs for docker://7fabdbdb3a7ede661d737da3301ff309ffd69af363fd8634c5e1d0b29b1e2b4f

Showing logs for build [32mentando-k8s-entando-de-app-pr-2-qq54c-1[0m stage [32mfrom-build-pack[0m and container [32mstep-postbuild-post-build[0m
Unable to retrieve container logs for docker://6bb21a3a7256d966ab6996a8c11ae61db90a622653c16e7f816f9390923e4531
