
Showing logs for build [32mentando-k8s-entando-de-app-pr-2-z9jgv-2[0m stage [32mfrom-build-pack[0m and container [32mcredential-initializer[0m
Unable to retrieve container logs for docker://8e89784b56c11d31ff1743df0c5230553af3478855313b1b2951314e7aecf21f

Showing logs for build [32mentando-k8s-entando-de-app-pr-2-z9jgv-2[0m stage [32mfrom-build-pack[0m and container [32mworking-dir-initializer[0m
Unable to retrieve container logs for docker://d00db2cba6e4fb1ef8bea02b3b226c1f255c8ab721af5a70868d697bbfc1c37c

Showing logs for build [32mentando-k8s-entando-de-app-pr-2-z9jgv-2[0m stage [32mfrom-build-pack[0m and container [32mplace-tools[0m
Unable to retrieve container logs for docker://8605579b85ce7f442971ec48e03b372db5ac705c1cd90d0a9a3805c56a816146

Showing logs for build [32mentando-k8s-entando-de-app-pr-2-z9jgv-2[0m stage [32mfrom-build-pack[0m and container [32mstep-git-source-entando-k8s-entando-de-app-pr-2-z9jgv-8qkqd[0m
Unable to retrieve container logs for docker://b9ecbeb5d41aab0a9352504e59c35b1147654ba16294190fcdb0af35a4b43b30

Showing logs for build [32mentando-k8s-entando-de-app-pr-2-z9jgv-2[0m stage [32mfrom-build-pack[0m and container [32mstep-setup-builder-home[0m
Unable to retrieve container logs for docker://80769bd99cdceb48b4f24b302f09412e5850d608814b630d29b289ce28e68151

Showing logs for build [32mentando-k8s-entando-de-app-pr-2-z9jgv-2[0m stage [32mfrom-build-pack[0m and container [32mstep-git-merge[0m
Unable to retrieve container logs for docker://8c96d4434574114b285e45dab5c0bb217fd69fe4088f7b56edb330933a99af05

Showing logs for build [32mentando-k8s-entando-de-app-pr-2-z9jgv-2[0m stage [32mfrom-build-pack[0m and container [32mstep-build-set-version[0m
Unable to retrieve container logs for docker://7d975c2dbbddcb1364f1066e8c5cd12d89a6db595993356832d02b575884766f

Showing logs for build [32mentando-k8s-entando-de-app-pr-2-z9jgv-2[0m stage [32mfrom-build-pack[0m and container [32mstep-build-mvn-verify[0m
Unable to retrieve container logs for docker://c95ab62e9428844a47062fb48966547fb867c9e162bc690539e1a7882290da2c

Showing logs for build [32mentando-k8s-entando-de-app-pr-2-z9jgv-2[0m stage [32mfrom-build-pack[0m and container [32mstep-build-container-build[0m
Unable to retrieve container logs for docker://2c9a08a5fef972067e9ce46aa9c3d038086ee3a831e56283bba65a3917cc7f01

Showing logs for build [32mentando-k8s-entando-de-app-pr-2-z9jgv-2[0m stage [32mfrom-build-pack[0m and container [32mstep-postbuild-post-build[0m
Unable to retrieve container logs for docker://eb5dd710d937547e15696c5b280b941a0f093dc000e3ca26cc0beaf1c42c1f44
