
Showing logs for build [32mentando-k8s-entando-k8s-custom-x5cgr-1[0m stage [32mfrom-build-pack[0m and container [32mcredential-initializer[0m
Unable to retrieve container logs for docker://aff9fae6651dbd4cff22cbd693aff7322dd2ab4c814e9b251640a68433748202

Showing logs for build [32mentando-k8s-entando-k8s-custom-x5cgr-1[0m stage [32mfrom-build-pack[0m and container [32mworking-dir-initializer[0m
Unable to retrieve container logs for docker://5b5d002623742f5e2da6aa2a4311817e3414b3911c305152ab876f4e59c1735f

Showing logs for build [32mentando-k8s-entando-k8s-custom-x5cgr-1[0m stage [32mfrom-build-pack[0m and container [32mplace-tools[0m
Unable to retrieve container logs for docker://9d9d91023f85e974ee66099d7a33395303225ca10925c4049aae3d7819a8c017

Showing logs for build [32mentando-k8s-entando-k8s-custom-x5cgr-1[0m stage [32mfrom-build-pack[0m and container [32mstep-git-source-entando-k8s-entando-k8s-custom-x5cgr-4m2dp[0m
Unable to retrieve container logs for docker://07d5138de81a0326554e48278b4af50ebf6846adaa610e7ecacbeabc191fe416

Showing logs for build [32mentando-k8s-entando-k8s-custom-x5cgr-1[0m stage [32mfrom-build-pack[0m and container [32mstep-setup-builder-home[0m
Unable to retrieve container logs for docker://00ba05b81dabf346e261989af322923c206bd1ffc382f01e908***c15063ff16

Showing logs for build [32mentando-k8s-entando-k8s-custom-x5cgr-1[0m stage [32mfrom-build-pack[0m and container [32mstep-git-merge[0m
Unable to retrieve container logs for docker://7921af2df4bef001b3961e883ac2b349334915d6cdac892ea8785b0bd8eb3055

Showing logs for build [32mentando-k8s-entando-k8s-custom-x5cgr-1[0m stage [32mfrom-build-pack[0m and container [32mstep-build-set-version[0m
Unable to retrieve container logs for docker://f268efd1b15f7a7b39078e8a9fb359719a529b14a22f6414d41cf50afd9f0c5c

Showing logs for build [32mentando-k8s-entando-k8s-custom-x5cgr-1[0m stage [32mfrom-build-pack[0m and container [32mstep-build-fix-git-for-sonar[0m
Unable to retrieve container logs for docker://c0f9a126569d0b03fc2eb02e332d885bc299400bd886b40cfbc21b7be3f4e45e

Showing logs for build [32mentando-k8s-entando-k8s-custom-x5cgr-1[0m stage [32mfrom-build-pack[0m and container [32mstep-build-mvn-verify-pr[0m
Unable to retrieve container logs for docker://1703f2957884534f51ee3a2258cc3332ec5a2222f53a9a0d6eb790c93107da03
[31m
Pipeline failed on stage 'from-build-pack' : container 'step-build-mvn-verify-pr'. The execution of the pipeline has stopped.[0m
