
Showing logs for build [32mentando-k8s-entando-k8s-custom-5cz9m-2[0m stage [32mfrom-build-pack[0m and container [32mcredential-initializer[0m
Unable to retrieve container logs for docker://f8dba65c7e11e11fcc60fea4d83cc0518af874b0d3c1e616df20f8261a10f612

Showing logs for build [32mentando-k8s-entando-k8s-custom-5cz9m-2[0m stage [32mfrom-build-pack[0m and container [32mworking-dir-initializer[0m
Unable to retrieve container logs for docker://92447c38625dcd3387f16c8e22236b74588e5f239f8ce63b65bc52075852ec4d

Showing logs for build [32mentando-k8s-entando-k8s-custom-5cz9m-2[0m stage [32mfrom-build-pack[0m and container [32mplace-tools[0m
Unable to retrieve container logs for docker://0d579a3af672823937817224ad3f6c2f32abe848e8ed8616614d60e65594ad51

Showing logs for build [32mentando-k8s-entando-k8s-custom-5cz9m-2[0m stage [32mfrom-build-pack[0m and container [32mstep-git-source-entando-k8s-entando-k8s-custom-5cz9m-kw8x4[0m
Unable to retrieve container logs for docker://ab6da0065d35620402990bef28c23b043f0b5a7f6f3bd2585e1d3185b8059d13

Showing logs for build [32mentando-k8s-entando-k8s-custom-5cz9m-2[0m stage [32mfrom-build-pack[0m and container [32mstep-setup-builder-home[0m
Unable to retrieve container logs for docker://b150cff35735cf2c1a859d87abbea86eabb1d51468dba15f8767f3790b6ca863

Showing logs for build [32mentando-k8s-entando-k8s-custom-5cz9m-2[0m stage [32mfrom-build-pack[0m and container [32mstep-git-merge[0m
Unable to retrieve container logs for docker://c14c6714a366d467d230243670cf9e79ca34a86c4b26f21b4ae5be52a24d1060

Showing logs for build [32mentando-k8s-entando-k8s-custom-5cz9m-2[0m stage [32mfrom-build-pack[0m and container [32mstep-build-set-version[0m
Unable to retrieve container logs for docker://9398486d9864ba190170a47e58203a6ecd3028536725f96a7a8dd3975e83833a

Showing logs for build [32mentando-k8s-entando-k8s-custom-5cz9m-2[0m stage [32mfrom-build-pack[0m and container [32mstep-build-fix-git-for-sonar[0m
Unable to retrieve container logs for docker://14b32258fe676117b26b6d437dcf9a0498d6bed5a3235c0bf62a43bfd4c7577e

Showing logs for build [32mentando-k8s-entando-k8s-custom-5cz9m-2[0m stage [32mfrom-build-pack[0m and container [32mstep-build-mvn-verify-pr[0m
Unable to retrieve container logs for docker://97b1fcd5401825594992405b7f832b72af99c5987a53f62197adced2dd8a3427
[31m
Pipeline failed on stage 'from-build-pack' : container 'step-build-mvn-verify-pr'. The execution of the pipeline has stopped.[0m
