
Showing logs for build [32mentando-k8s-entando-k8s-custom-jq7q9-3[0m stage [32mfrom-build-pack[0m and container [32mcredential-initializer[0m
Unable to retrieve container logs for docker://342ab899d3c173196ccbac41874be90784af265d4bd589615eaf8aeae97b4639

Showing logs for build [32mentando-k8s-entando-k8s-custom-jq7q9-3[0m stage [32mfrom-build-pack[0m and container [32mworking-dir-initializer[0m
Unable to retrieve container logs for docker://450ea922d4d6d93e62e8d61af8d8882b80d1929ebde4c14533250f8b9fdb466b

Showing logs for build [32mentando-k8s-entando-k8s-custom-jq7q9-3[0m stage [32mfrom-build-pack[0m and container [32mplace-tools[0m
Unable to retrieve container logs for docker://9992ed428526d65ff956642d56bd4376772c9774bcedc1059487b26f06560572

Showing logs for build [32mentando-k8s-entando-k8s-custom-jq7q9-3[0m stage [32mfrom-build-pack[0m and container [32mstep-git-source-entando-k8s-entando-k8s-custom-jq7q9-v2jzx[0m
Unable to retrieve container logs for docker://78ed1d62100e803e52f80fcab73767323baff1dc730bd14f299017ae6c9f036e

Showing logs for build [32mentando-k8s-entando-k8s-custom-jq7q9-3[0m stage [32mfrom-build-pack[0m and container [32mstep-setup-builder-home[0m
Unable to retrieve container logs for docker://49fa478b86e26a2e7ad29c96b5913f3c96206f22e0c0a119b89fc4e902bb8118

Showing logs for build [32mentando-k8s-entando-k8s-custom-jq7q9-3[0m stage [32mfrom-build-pack[0m and container [32mstep-git-merge[0m
Unable to retrieve container logs for docker://45d8371acaff2d37fd32469a0c87150f1fda85d668ba903d20d8f08aee19db69

Showing logs for build [32mentando-k8s-entando-k8s-custom-jq7q9-3[0m stage [32mfrom-build-pack[0m and container [32mstep-build-set-version[0m
Unable to retrieve container logs for docker://38333ac9dc53455ad74418d22621af49dccc8c4c832da2774eb69144e1e22168

Showing logs for build [32mentando-k8s-entando-k8s-custom-jq7q9-3[0m stage [32mfrom-build-pack[0m and container [32mstep-build-fix-git-for-sonar[0m
Unable to retrieve container logs for docker://117e4f96b88c63359b3eaf5436f44e1342c0f3107483b76c1c214ffe025e6b38

Showing logs for build [32mentando-k8s-entando-k8s-custom-jq7q9-3[0m stage [32mfrom-build-pack[0m and container [32mstep-build-mvn-verify-pr[0m
Unable to retrieve container logs for docker://f820b9473290cc4cb80ab3aed1e9737d11b2b8d501b41d561f89f29437cc5f2f
[31m
Pipeline failed on stage 'from-build-pack' : container 'step-build-mvn-verify-pr'. The execution of the pipeline has stopped.[0m
