
Showing logs for build [32mentando-entando-core-parent-pr-mjbr8-1[0m stage [32mfrom-build-pack[0m and container [32mcredential-initializer[0m
{"level":"info","ts":1626122057.528858,"caller":"creds-init/main.go:44","msg":"Credentials initialized."}

Showing logs for build [32mentando-entando-core-parent-pr-mjbr8-1[0m stage [32mfrom-build-pack[0m and container [32mworking-dir-initializer[0m

Showing logs for build [32mentando-entando-core-parent-pr-mjbr8-1[0m stage [32mfrom-build-pack[0m and container [32mplace-tools[0m

Showing logs for build [32mentando-entando-core-parent-pr-mjbr8-1[0m stage [32mfrom-build-pack[0m and container [32mstep-git-source-entando-entando-core-parent-pr-mjbr8-tjkq6[0m
{"level":"info","ts":1626122077.9517748,"caller":"git/git.go:105","msg":"Successfully cloned https://github.com/entando/entando-core-parent.git @ master in path /workspace/source"}
{"level":"warn","ts":1626122077.952114,"caller":"git/git.go:152","msg":"Unexpected error: creating symlink: symlink /tekton/home/.ssh /****/.ssh: file exists"}
{"level":"info","ts":1626122078.0282173,"caller":"git/git.go:133","msg":"Successfully initialized and updated submodules in path /workspace/source"}

Showing logs for build [32mentando-entando-core-parent-pr-mjbr8-1[0m stage [32mfrom-build-pack[0m and container [32mstep-setup-builder-home[0m

Showing logs for build [32mentando-entando-core-parent-pr-mjbr8-1[0m stage [32mfrom-build-pack[0m and container [32mstep-git-merge[0m
Using SHAs from PULL_REFS=master:9c3e9d357f64a6880018b0594e8e23725430101e,30:140a83472935a996195bb6181b9d4e3e9d6ed852
DEBUG: LC_ALL=C JX_LOG_LEVEL=error git fetch origin --unshallow 140a83472935a996195bb6181b9d4e3e9d6ed852: 9c3e9d357f64a6880018b0594e8e23725430101e:
DEBUG: ran git fetch --unshallow origin 140a83472935a996195bb6181b9d4e3e9d6ed852: 9c3e9d357f64a6880018b0594e8e23725430101e: in 
DEBUG: LC_ALL=C JX_LOG_LEVEL=error git branch
DEBUG: LC_ALL=C JX_LOG_LEVEL=error git checkout master
DEBUG: ran git checkout master in 
DEBUG: LC_ALL=C JX_LOG_LEVEL=error git reset --hard 9c3e9d357f64a6880018b0594e8e23725430101e
DEBUG: ran git reset --hard 9c3e9d357f64a6880018b0594e8e23725430101e in 
DEBUG: LC_ALL=C JX_LOG_LEVEL=error git clean -fd .
DEBUG: ran clean --force -d . in 
DEBUG: LC_ALL=C JX_LOG_LEVEL=error git merge 140a83472935a996195bb6181b9d4e3e9d6ed852
DEBUG: ran git merge 140a83472935a996195bb6181b9d4e3e9d6ed852 in 
DEBUG: LC_ALL=C JX_LOG_LEVEL=error git log --format=%H%x1f%an%x1f%ae%x1f%cn%x1f%ce%x1f%s%n%b%x1e 9c3e9d357f64a6880018b0594e8e23725430101e..HEAD
Merged SHA 140a83472935a996195bb6181b9d4e3e9d6ed852 with commit message 'ENG-2178 Updating swagger version' into base branch master

Showing logs for build [32mentando-entando-core-parent-pr-mjbr8-1[0m stage [32mfrom-build-pack[0m and container [32mstep-build-set-version[0m
Picked up _JAVA_OPTIONS: -XX:+UnlockExperimentalVMOptions -Dsun.zip.disableMemoryMapping=**** -XX:+UseParallelGC -XX:MinHeapFreeRatio=5 -XX:MaxHeapFreeRatio=10 -XX:GCTimeRatio=4 -XX:AdaptiveSizePolicyWeight=90 -Xms10m -Xmx8000m
[INFO] Scanning for projects...
[WARNING] 
[WARNING] Some problems were encountered while building the effective model for org.entando:entando-core-parent:pom:6.4.0-SNAPSHOT
[WARNING] 'dependencyManagement.dependencies.dependency.(groupId:artifactId:type:classifier)' must be unique: org.springframework:spring-tx:jar -> version (?) vs ${spring.version} @ line 630, column 25
[WARNING] 
[WARNING] It is highly recommended to fix these problems because they threaten the stability of your build.
[WARNING] 
[WARNING] For this reason, future Maven versions might no longer support building such malformed projects.
[WARNING] 
[INFO] 
[INFO] ------------------< org.entando:entando-core-parent >-------------------
[INFO] Building Entando Core Maven Parent POM 6.4.0-SNAPSHOT
[INFO] --------------------------------[ pom ]---------------------------------
[INFO] 
[INFO] --- versions-maven-plugin:2.8.1:set (default-cli) @ entando-core-parent ---
[INFO] Local aggregation ****: /workspace/source
[INFO] Processing change of org.entando:entando-core-parent:6.4.0-SNAPSHOT -> 0.0.0-SNAPSHOT-PR-30-1
[INFO] Processing org.entando:entando-core-parent
[INFO]     Updating project org.entando:entando-core-parent
[INFO]         from version 6.4.0-SNAPSHOT to 0.0.0-SNAPSHOT-PR-30-1
[INFO] 
[INFO] ------------------------------------------------------------------------
[INFO] BUILD SUCCESS
[INFO] ------------------------------------------------------------------------
[INFO] Total time:  7.222 s
[INFO] Finished at: 2021-07-12T20:34:48Z
[INFO] ------------------------------------------------------------------------

Showing logs for build [32mentando-entando-core-parent-pr-mjbr8-1[0m stage [32mfrom-build-pack[0m and container [32mstep-build-mvn-verify[0m
Picked up _JAVA_OPTIONS: -XX:+UnlockExperimentalVMOptions -Dsun.zip.disableMemoryMapping=**** -XX:+UseParallelGC -XX:MinHeapFreeRatio=5 -XX:MaxHeapFreeRatio=10 -XX:GCTimeRatio=4 -XX:AdaptiveSizePolicyWeight=90 -Xms10m -Xmx8000m
[INFO] Scanning for projects...
[WARNING] 
[WARNING] Some problems were encountered while building the effective model for org.entando:entando-core-parent:pom:0.0.0-SNAPSHOT-PR-30-1
[WARNING] 'dependencyManagement.dependencies.dependency.(groupId:artifactId:type:classifier)' must be unique: org.springframework:spring-tx:jar -> version (?) vs ${spring.version} @ line 630, column 25
[WARNING] 
[WARNING] It is highly recommended to fix these problems because they threaten the stability of your build.
[WARNING] 
[WARNING] For this reason, future Maven versions might no longer support building such malformed projects.
[WARNING] 
[INFO] 
[INFO] ------------------< org.entando:entando-core-parent >-------------------
[INFO] Building Entando Core Maven Parent POM 0.0.0-SNAPSHOT-PR-30-1
[INFO] --------------------------------[ pom ]---------------------------------
[INFO] 
[INFO] --- maven-clean-plugin:2.5:clean (default-clean) @ entando-core-parent ---
[INFO] 
[INFO] --- maven-resources-plugin:2.5:copy-resources (copy-resources-test) @ entando-core-parent ---
[debug] e**cute contextualize
[INFO] Using 'UTF-8' encoding to copy filtered resources.
[INFO] skip non existing resourceDirectory /workspace/source/src/test/config
[INFO] 
[INFO] --- maven-resources-plugin:2.5:copy-resources (copy-resources-file-test-) @ entando-core-parent ---
[debug] e**cute contextualize
[INFO] Using 'UTF-8' encoding to copy filtered resources.
[INFO] skip non existing resourceDirectory /workspace/source/src/test/config
[INFO] 
[INFO] --- maven-surefire-report-plugin:3.0.0-M4:failsafe-report-only (integration-tests) @ entando-core-parent ---
[INFO] 
[INFO] --- maven-surefire-report-plugin:3.0.0-M4:report-only (unit-tests) @ entando-core-parent ---
[WARNING] Unable to locate Test Source XRef to link to - DISABLED
[INFO] ------------------------------------------------------------------------
[INFO] BUILD SUCCESS
[INFO] ------------------------------------------------------------------------
[INFO] Total time:  3.447 s
[INFO] Finished at: 2021-07-12T20:34:54Z
[INFO] ------------------------------------------------------------------------
