
Showing logs for build [32mentando-k8s-entando-de-app-pr-2-gwx4w-1[0m stage [32mfrom-build-pack[0m and container [32mcredential-initializer[0m
Unable to retrieve container logs for docker://4ec95daf8014420339a6b6af95b3077b85b2a8652863ab06913d68039f5f9f4a

Showing logs for build [32mentando-k8s-entando-de-app-pr-2-gwx4w-1[0m stage [32mfrom-build-pack[0m and container [32mworking-dir-initializer[0m
Unable to retrieve container logs for docker://b2182caab749e41555a3ff12729d45679cab051915d356028062ace15fc11b1c

Showing logs for build [32mentando-k8s-entando-de-app-pr-2-gwx4w-1[0m stage [32mfrom-build-pack[0m and container [32mplace-tools[0m
Unable to retrieve container logs for docker://8899ac53eeb02b0b62f814885bdedd4f585cc6bd5527cb2c6e43737e0d94510f

Showing logs for build [32mentando-k8s-entando-de-app-pr-2-gwx4w-1[0m stage [32mfrom-build-pack[0m and container [32mstep-git-source-entando-k8s-entando-de-app-pr-2-gwx4w-sp7rh[0m
Unable to retrieve container logs for docker://88f6c24f8a939e4b92333fff2c03f135d47509df19eb9c72c0874d148a364523

Showing logs for build [32mentando-k8s-entando-de-app-pr-2-gwx4w-1[0m stage [32mfrom-build-pack[0m and container [32mstep-setup-builder-home[0m
Unable to retrieve container logs for docker://d88680ba6953611383a106b29e277e1edc33ff2c55f08662274acafaab31e605

Showing logs for build [32mentando-k8s-entando-de-app-pr-2-gwx4w-1[0m stage [32mfrom-build-pack[0m and container [32mstep-git-merge[0m
Unable to retrieve container logs for docker://8ebb6fd77c5ad710c392f3b07349a776424d14b6002d6b04abedfb48e01fff0b

Showing logs for build [32mentando-k8s-entando-de-app-pr-2-gwx4w-1[0m stage [32mfrom-build-pack[0m and container [32mstep-build-set-version[0m
Unable to retrieve container logs for docker://bb7532db3902661819f43e6e84168d494377fa7dc883b51963bdd6d4f9c98c38

Showing logs for build [32mentando-k8s-entando-de-app-pr-2-gwx4w-1[0m stage [32mfrom-build-pack[0m and container [32mstep-build-mvn-verify[0m
Unable to retrieve container logs for docker://ad395c46c704f6125c09cae4e5d3ee1dde892bc8b90bbe3411ea8abad8247340

Showing logs for build [32mentando-k8s-entando-de-app-pr-2-gwx4w-1[0m stage [32mfrom-build-pack[0m and container [32mstep-build-container-build[0m
Unable to retrieve container logs for docker://3952088643c18f414f979dfcb4dc8b6f4df09e641d6a796ae9ab7363758be24f

Showing logs for build [32mentando-k8s-entando-de-app-pr-2-gwx4w-1[0m stage [32mfrom-build-pack[0m and container [32mstep-postbuild-post-build[0m
Unable to retrieve container logs for docker://4fb0539f2ca86824e9f075e158afa033267a395ff9be5a4f98867de71901d864
