
Showing logs for build [32mentando-k8s-entando-k8s-operato-844jb-1[0m stage [32mfrom-build-pack[0m and container [32mcredential-initializer[0m
Unable to retrieve container logs for docker://6b8185d25871d46d10d1b884d6ec3365e8fd2f76aa269b0ac5580c87791fc22e

Showing logs for build [32mentando-k8s-entando-k8s-operato-844jb-1[0m stage [32mfrom-build-pack[0m and container [32mworking-dir-initializer[0m
Unable to retrieve container logs for docker://0f1526b77494ef12e3b16dd2ee97141b9630695793fcf2077d96bd30903eee2d

Showing logs for build [32mentando-k8s-entando-k8s-operato-844jb-1[0m stage [32mfrom-build-pack[0m and container [32mplace-tools[0m
Unable to retrieve container logs for docker://9cd32c71410b9b56b48d7a8bb33a073d2482531e088247014657717dc24eef47

Showing logs for build [32mentando-k8s-entando-k8s-operato-844jb-1[0m stage [32mfrom-build-pack[0m and container [32mstep-git-source-entando-k8s-entando-k8s-operato-844jb-v89rg[0m
Unable to retrieve container logs for docker://0f10c7c089bfcd254e117f09ae7ed80875a1f1ee17c6cc3f022b03b028ab0c2b

Showing logs for build [32mentando-k8s-entando-k8s-operato-844jb-1[0m stage [32mfrom-build-pack[0m and container [32mstep-setup-builder-home[0m
Unable to retrieve container logs for docker://7f3bc8708ed8d51dfe1e9c9249de83537e8f958d3ef25e56b971c90826d9873b

Showing logs for build [32mentando-k8s-entando-k8s-operato-844jb-1[0m stage [32mfrom-build-pack[0m and container [32mstep-git-merge[0m
Unable to retrieve container logs for docker://3d04b8b0ebab4677e31b7b248cd582227d5ef8d7d001f937f164ef5ff742790f

Showing logs for build [32mentando-k8s-entando-k8s-operato-844jb-1[0m stage [32mfrom-build-pack[0m and container [32mstep-build-set-version[0m
Unable to retrieve container logs for docker://d6ca18e8a9b5fb6f35711319b88b877443052674d09a2b1e8be03f024f0e0bde

Showing logs for build [32mentando-k8s-entando-k8s-operato-844jb-1[0m stage [32mfrom-build-pack[0m and container [32mstep-build-fix-git-for-sonar[0m
Unable to retrieve container logs for docker://a6abe5f0cc317716db28e7a98cf79d31389dfb3af3f9603885e8e2a0c04f9b06

Showing logs for build [32mentando-k8s-entando-k8s-operato-844jb-1[0m stage [32mfrom-build-pack[0m and container [32mstep-build-mvn-verify-pr[0m
Unable to retrieve container logs for docker://d32f754b0f5a3b50a8d522c213755b046dfa39c32f51497fa4a9579abd300b58
[31m
Pipeline failed on stage 'from-build-pack' : container 'step-build-mvn-verify-pr'. The execution of the pipeline has stopped.[0m
