
Showing logs for build [32mentando-k8s-entando-k8s-operato-hnmrx-10[0m stage [32mfrom-build-pack[0m and container [32mcredential-initializer[0m
Unable to retrieve container logs for docker://eb9fb56755b131460b29841bc124bb13dd53cf8f5d5fbf352b645846dbf5bf4d

Showing logs for build [32mentando-k8s-entando-k8s-operato-hnmrx-10[0m stage [32mfrom-build-pack[0m and container [32mworking-dir-initializer[0m
Unable to retrieve container logs for docker://13b9352b3d6e68389597cc94b4c3d22cd96a2fffa461e47af28fd09fb7bf7e56

Showing logs for build [32mentando-k8s-entando-k8s-operato-hnmrx-10[0m stage [32mfrom-build-pack[0m and container [32mplace-tools[0m
Unable to retrieve container logs for docker://a255d4fb2f15c9583a80a1bcc3b5284994439183d22f55644fdfddf562b5211a

Showing logs for build [32mentando-k8s-entando-k8s-operato-hnmrx-10[0m stage [32mfrom-build-pack[0m and container [32mstep-git-source-entando-k8s-entando-k8s-operato-hnmrx-2qmh5[0m
Unable to retrieve container logs for docker://b293438772b4901c35d5abce24385259f686229e7cd9741ca7dff78f86511924

Showing logs for build [32mentando-k8s-entando-k8s-operato-hnmrx-10[0m stage [32mfrom-build-pack[0m and container [32mstep-setup-builder-home[0m
Unable to retrieve container logs for docker://c85da5534d79da1ce390acc1d08842716804f8aafa3513360f543eb411e3ef46

Showing logs for build [32mentando-k8s-entando-k8s-operato-hnmrx-10[0m stage [32mfrom-build-pack[0m and container [32mstep-git-merge[0m
Unable to retrieve container logs for docker://78ae839886ef4b51d4d1749b38cc722da63dce01fd7a037efe1b6e2e8ffc2357

Showing logs for build [32mentando-k8s-entando-k8s-operato-hnmrx-10[0m stage [32mfrom-build-pack[0m and container [32mstep-build-set-version[0m
Unable to retrieve container logs for docker://d43e3804082ead25857e5814681f4b79d9a29a39cf955021d7864eebad4b0b07

Showing logs for build [32mentando-k8s-entando-k8s-operato-hnmrx-10[0m stage [32mfrom-build-pack[0m and container [32mstep-build-fix-git-for-sonar[0m
Unable to retrieve container logs for docker://0a44c049ab3cd23cca3de2a5855feb6d0e8adb58205ae12104f6319f4f1f322e

Showing logs for build [32mentando-k8s-entando-k8s-operato-hnmrx-10[0m stage [32mfrom-build-pack[0m and container [32mstep-build-mvn-verify-pr[0m
Unable to retrieve container logs for docker://3fed3fdd0855f70d9e50307f4fa8561355933f872463821f2f0fa56079052b29
[31m
Pipeline failed on stage 'from-build-pack' : container 'step-build-mvn-verify-pr'. The execution of the pipeline has stopped.[0m
