
Showing logs for build [32mentando-k8s-entando-k8s-operato-c4bpp-11[0m stage [32mfrom-build-pack[0m and container [32mcredential-initializer[0m
Unable to retrieve container logs for docker://7a8df1aa5aa24f2918c5f6d09bde3d79b09659838f4a09276f3ae79b8f372873

Showing logs for build [32mentando-k8s-entando-k8s-operato-c4bpp-11[0m stage [32mfrom-build-pack[0m and container [32mworking-dir-initializer[0m
Unable to retrieve container logs for docker://b83abd83c51ff65707554177b0157777a4b32b80f0066c7a5e92527cfe23f77e

Showing logs for build [32mentando-k8s-entando-k8s-operato-c4bpp-11[0m stage [32mfrom-build-pack[0m and container [32mplace-tools[0m
Unable to retrieve container logs for docker://ad9a8b4ac92e135a618a84a5022b6801c7b94eb9fecfe67ed04d8b78e947408e

Showing logs for build [32mentando-k8s-entando-k8s-operato-c4bpp-11[0m stage [32mfrom-build-pack[0m and container [32mstep-git-source-entando-k8s-entando-k8s-operato-c4bpp-fvs6f[0m
Unable to retrieve container logs for docker://fcb3aa199bc41d746f43c03a90d20b5b4a41511a9492a77b072a983ac651d175

Showing logs for build [32mentando-k8s-entando-k8s-operato-c4bpp-11[0m stage [32mfrom-build-pack[0m and container [32mstep-setup-builder-home[0m
Unable to retrieve container logs for docker://e4961766022d2a175d8f1612b767150ba40069d7956a8d5a96df813cecb7f568

Showing logs for build [32mentando-k8s-entando-k8s-operato-c4bpp-11[0m stage [32mfrom-build-pack[0m and container [32mstep-git-merge[0m
Unable to retrieve container logs for docker://a5fe30cef91be161c8c11d21323be407709a7521b7b3a015dc351eb26253107c

Showing logs for build [32mentando-k8s-entando-k8s-operato-c4bpp-11[0m stage [32mfrom-build-pack[0m and container [32mstep-build-set-version[0m
Unable to retrieve container logs for docker://74cb5e5021cde67612fcd54c99581a7a8f2862f94f2dc57d92379f68467f1543

Showing logs for build [32mentando-k8s-entando-k8s-operato-c4bpp-11[0m stage [32mfrom-build-pack[0m and container [32mstep-build-fix-git-for-sonar[0m
Unable to retrieve container logs for docker://0e68c9a910aa51058b20658336baee067cd3b7c07d4a1c6ab737ff954b7bbd79

Showing logs for build [32mentando-k8s-entando-k8s-operato-c4bpp-11[0m stage [32mfrom-build-pack[0m and container [32mstep-build-mvn-verify-pr[0m
Unable to retrieve container logs for docker://b8ed958df5def07f71ce98e0b4f3d27edd5795a0eecbb93b893012856f202537
[31m
Pipeline failed on stage 'from-build-pack' : container 'step-build-mvn-verify-pr'. The execution of the pipeline has stopped.[0m
