
Showing logs for build [32mentando-k8s-entando-k8s-operato-zczfr-12[0m stage [32mfrom-build-pack[0m and container [32mcredential-initializer[0m
Unable to retrieve container logs for docker://90e0389e96c0b16c561ea7475665015cea018e157cf66c41a0957f841a511218

Showing logs for build [32mentando-k8s-entando-k8s-operato-zczfr-12[0m stage [32mfrom-build-pack[0m and container [32mworking-dir-initializer[0m
Unable to retrieve container logs for docker://a0277aa75ba2e828041e87f485077f1f9548bc210c496919a0c096d64e635812

Showing logs for build [32mentando-k8s-entando-k8s-operato-zczfr-12[0m stage [32mfrom-build-pack[0m and container [32mplace-tools[0m
Unable to retrieve container logs for docker://a18d7b8babb8e771abae32f93ee0de53da93ce53e172ea1b8d68c2f10ae63076

Showing logs for build [32mentando-k8s-entando-k8s-operato-zczfr-12[0m stage [32mfrom-build-pack[0m and container [32mstep-git-source-entando-k8s-entando-k8s-operato-zczfr-jzq4g[0m
Unable to retrieve container logs for docker://5c7b3c973d91fa57a0ef0e6decc57d174c3ad23543c2063d936854d38e2ee37d

Showing logs for build [32mentando-k8s-entando-k8s-operato-zczfr-12[0m stage [32mfrom-build-pack[0m and container [32mstep-setup-builder-home[0m
Unable to retrieve container logs for docker://a4059b62ffaef91429f28e7a6467500dc3e17c86c99c8a646e1da6288d98be70

Showing logs for build [32mentando-k8s-entando-k8s-operato-zczfr-12[0m stage [32mfrom-build-pack[0m and container [32mstep-git-merge[0m
Unable to retrieve container logs for docker://ab03f583a8293342987b5e91787d5159c04d3c64953b95246efec1e07e42215e

Showing logs for build [32mentando-k8s-entando-k8s-operato-zczfr-12[0m stage [32mfrom-build-pack[0m and container [32mstep-build-set-version[0m
Unable to retrieve container logs for docker://8101595add4b7d2d62f7a4b001103d3c2f0767f62383cf3df9718835e90fe20b

Showing logs for build [32mentando-k8s-entando-k8s-operato-zczfr-12[0m stage [32mfrom-build-pack[0m and container [32mstep-build-fix-git-for-sonar[0m
Unable to retrieve container logs for docker://263c009c83718f3b4d3e01a07f4aed020fc03a3b3934bb3603ba832fcda2c55f

Showing logs for build [32mentando-k8s-entando-k8s-operato-zczfr-12[0m stage [32mfrom-build-pack[0m and container [32mstep-build-mvn-verify-pr[0m
Unable to retrieve container logs for docker://695f495e13c7586447c166286348e008abae173b3d04154f0c89f8f69d3b6b0e
[31m
Pipeline failed on stage 'from-build-pack' : container 'step-build-mvn-verify-pr'. The execution of the pipeline has stopped.[0m
