
Showing logs for build [32mentando-k8s-entando-k8s-operato-lscw8-13[0m stage [32mfrom-build-pack[0m and container [32mcredential-initializer[0m
Unable to retrieve container logs for docker://ed2bbf414cfde8599230eeaab643b50b37afa624fa167544fa57b2bcceb1ec60

Showing logs for build [32mentando-k8s-entando-k8s-operato-lscw8-13[0m stage [32mfrom-build-pack[0m and container [32mworking-dir-initializer[0m
Unable to retrieve container logs for docker://2bbd0824a59c455bbb6beb4a326d0c5f13abcd11295f6834b6066c0d785c4505

Showing logs for build [32mentando-k8s-entando-k8s-operato-lscw8-13[0m stage [32mfrom-build-pack[0m and container [32mplace-tools[0m
Unable to retrieve container logs for docker://c9223944f19d791f471edf409ee21869a9143ef54639e7516889437aea2ec7e5

Showing logs for build [32mentando-k8s-entando-k8s-operato-lscw8-13[0m stage [32mfrom-build-pack[0m and container [32mstep-git-source-entando-k8s-entando-k8s-operato-lscw8-sjh62[0m
Unable to retrieve container logs for docker://6d424a7b4fda8015a0595d628d160b1b841c1dad64ceeb4199d1c15fb91cf739

Showing logs for build [32mentando-k8s-entando-k8s-operato-lscw8-13[0m stage [32mfrom-build-pack[0m and container [32mstep-setup-builder-home[0m
Unable to retrieve container logs for docker://923526d9408bc674441a28e2bb4acd4e8d1e83cd6bf61a74762f649d56d19a2d

Showing logs for build [32mentando-k8s-entando-k8s-operato-lscw8-13[0m stage [32mfrom-build-pack[0m and container [32mstep-git-merge[0m
Unable to retrieve container logs for docker://a22f7a46917d1e43fdc5670e1a41af221803e13850f4b60e45c19e17c0e2cc5f

Showing logs for build [32mentando-k8s-entando-k8s-operato-lscw8-13[0m stage [32mfrom-build-pack[0m and container [32mstep-build-set-version[0m
Unable to retrieve container logs for docker://f4dfac0029bdb1529c9812811e84996af4ee9590c6483d61cb43f46be386423c

Showing logs for build [32mentando-k8s-entando-k8s-operato-lscw8-13[0m stage [32mfrom-build-pack[0m and container [32mstep-build-fix-git-for-sonar[0m
Unable to retrieve container logs for docker://112d66f105dd29334376453b20212e782867dc4c63bd8679753f2d1f85672254

Showing logs for build [32mentando-k8s-entando-k8s-operato-lscw8-13[0m stage [32mfrom-build-pack[0m and container [32mstep-build-mvn-verify-pr[0m
Unable to retrieve container logs for docker://9a57765d8010997e45c6363d7c73434239f9c8649c3f3526b44c6c8903cb4e29
[31m
Pipeline failed on stage 'from-build-pack' : container 'step-build-mvn-verify-pr'. The execution of the pipeline has stopped.[0m
