
Showing logs for build [32mentando-k8s-entando-k8s-operato-cnxx4-16[0m stage [32mfrom-build-pack[0m and container [32mcredential-initializer[0m
Unable to retrieve container logs for docker://0d1f27a460ad1e7b780ee7bc1385231228441934e9cf827860730060f05f9169

Showing logs for build [32mentando-k8s-entando-k8s-operato-cnxx4-16[0m stage [32mfrom-build-pack[0m and container [32mworking-dir-initializer[0m
Unable to retrieve container logs for docker://0d8353b9c7650c2bc4f7fb6eaba59a716280304be1a394459d3e134a6049834b

Showing logs for build [32mentando-k8s-entando-k8s-operato-cnxx4-16[0m stage [32mfrom-build-pack[0m and container [32mplace-tools[0m
Unable to retrieve container logs for docker://076e1657cd7b4c1e7b35ebd684f191474b13b4122ef920e99d249710d7366de1

Showing logs for build [32mentando-k8s-entando-k8s-operato-cnxx4-16[0m stage [32mfrom-build-pack[0m and container [32mstep-git-source-entando-k8s-entando-k8s-operato-cnxx4-vjlkc[0m
Unable to retrieve container logs for docker://2386a84b0632b75830717a2cf3448613cfab81b34a5ca86370ae2f04ebb0dc23

Showing logs for build [32mentando-k8s-entando-k8s-operato-cnxx4-16[0m stage [32mfrom-build-pack[0m and container [32mstep-setup-builder-home[0m
Unable to retrieve container logs for docker://174494dfb007ef685f6316ec5ed74d492b8aa02f304acf391ff4db91e3e23e56

Showing logs for build [32mentando-k8s-entando-k8s-operato-cnxx4-16[0m stage [32mfrom-build-pack[0m and container [32mstep-git-merge[0m
Unable to retrieve container logs for docker://5a7dbd3a9fe5c23ed62c988b75e6c1605b26ccfff3a30a685034cb3e08b35069

Showing logs for build [32mentando-k8s-entando-k8s-operato-cnxx4-16[0m stage [32mfrom-build-pack[0m and container [32mstep-build-set-version[0m
Unable to retrieve container logs for docker://f882fd58031cf22ab65e49ee94d0e778ae3561d6e520c67b735c77bc0603743f

Showing logs for build [32mentando-k8s-entando-k8s-operato-cnxx4-16[0m stage [32mfrom-build-pack[0m and container [32mstep-build-fix-git-for-sonar[0m
Unable to retrieve container logs for docker://f96faf4cc4160a5364dbeb2d05e2e83c67c6eaf2ab631458f341b6ccf31b9d17

Showing logs for build [32mentando-k8s-entando-k8s-operato-cnxx4-16[0m stage [32mfrom-build-pack[0m and container [32mstep-build-mvn-verify-pr[0m
Unable to retrieve container logs for docker://a3fdfd5c40c7cd3850ececc9f96d0556066dc6c0cd2c8037e1132cd0f554834d
[31m
Pipeline failed on stage 'from-build-pack' : container 'step-build-mvn-verify-pr'. The execution of the pipeline has stopped.[0m
