
Showing logs for build [32mentando-k8s-entando-k8s-operato-4cr2s-17[0m stage [32mfrom-build-pack[0m and container [32mcredential-initializer[0m
Unable to retrieve container logs for docker://44d6e085a5b1f40554b77bc74482a1187aaa3f931580607e6cc15770ad4ff632

Showing logs for build [32mentando-k8s-entando-k8s-operato-4cr2s-17[0m stage [32mfrom-build-pack[0m and container [32mworking-dir-initializer[0m
Unable to retrieve container logs for docker://b2ee3e76c70f1856d86d9b1f6d6c1b61a82744b5f0cdd35eee53facfc29a961e

Showing logs for build [32mentando-k8s-entando-k8s-operato-4cr2s-17[0m stage [32mfrom-build-pack[0m and container [32mplace-tools[0m
Unable to retrieve container logs for docker://0c51d29b6659c45f9b7e91c2d781466f15afe829f5cb1366545447f4b44eec48

Showing logs for build [32mentando-k8s-entando-k8s-operato-4cr2s-17[0m stage [32mfrom-build-pack[0m and container [32mstep-git-source-entando-k8s-entando-k8s-operato-4cr2s-77ftx[0m
Unable to retrieve container logs for docker://09667c6fbe69a00a1997a6879b8b1220fcf8180a0f42553316e42b95c6b68e4d

Showing logs for build [32mentando-k8s-entando-k8s-operato-4cr2s-17[0m stage [32mfrom-build-pack[0m and container [32mstep-setup-builder-home[0m
Unable to retrieve container logs for docker://afc39f5f19d7e52b3ede38c78175a61dbbd2ab51f81ec05268a9f0bf26638f15

Showing logs for build [32mentando-k8s-entando-k8s-operato-4cr2s-17[0m stage [32mfrom-build-pack[0m and container [32mstep-git-merge[0m
Unable to retrieve container logs for docker://ff167023c02bc943b2825777caa096491e5f3494df0f6308b070ad9838fa6d18

Showing logs for build [32mentando-k8s-entando-k8s-operato-4cr2s-17[0m stage [32mfrom-build-pack[0m and container [32mstep-build-set-version[0m
Unable to retrieve container logs for docker://89cf51922b17266882011b91b7852d5faa6be04d0c387f670a5c8c17f7cb7827

Showing logs for build [32mentando-k8s-entando-k8s-operato-4cr2s-17[0m stage [32mfrom-build-pack[0m and container [32mstep-build-fix-git-for-sonar[0m
Unable to retrieve container logs for docker://abb08b98cf8eba32246694e0430e176a42b24088f9582c1f781381fa86998d78

Showing logs for build [32mentando-k8s-entando-k8s-operato-4cr2s-17[0m stage [32mfrom-build-pack[0m and container [32mstep-build-mvn-verify-pr[0m
Unable to retrieve container logs for docker://0b31a20a57d24927aa092fe7a318ad7168040350f769e87011f0a52c5db8336c
[31m
Pipeline failed on stage 'from-build-pack' : container 'step-build-mvn-verify-pr'. The execution of the pipeline has stopped.[0m
