
Showing logs for build [32mentando-k8s-entando-k8s-operato-ppvhj-18[0m stage [32mfrom-build-pack[0m and container [32mcredential-initializer[0m
Unable to retrieve container logs for docker://0e6beea8a2ec7879d6972b95a1b12e24fbcdc0c4d53d8d52ae667102bfb5b026

Showing logs for build [32mentando-k8s-entando-k8s-operato-ppvhj-18[0m stage [32mfrom-build-pack[0m and container [32mworking-dir-initializer[0m
Unable to retrieve container logs for docker://491c319bcd9ba1563c983011348bbf3e8edddb4244df5e3b0ecd4f0c0b2ce64b

Showing logs for build [32mentando-k8s-entando-k8s-operato-ppvhj-18[0m stage [32mfrom-build-pack[0m and container [32mplace-tools[0m
Unable to retrieve container logs for docker://37a15f4489e3875894721424e1a93258d1257a8ea7bc644ea65d765eeced715e

Showing logs for build [32mentando-k8s-entando-k8s-operato-ppvhj-18[0m stage [32mfrom-build-pack[0m and container [32mstep-git-source-entando-k8s-entando-k8s-operato-ppvhj-zg257[0m
Unable to retrieve container logs for docker://99314b48e35e7f5a4290f864e6644a63c2295f91310a7a07c86dd1308b0b9215

Showing logs for build [32mentando-k8s-entando-k8s-operato-ppvhj-18[0m stage [32mfrom-build-pack[0m and container [32mstep-setup-builder-home[0m
Unable to retrieve container logs for docker://ca5e2ff09defdf2ea9b3249cf494df2b2fd69c800a85a63002d7757bc1ba872f

Showing logs for build [32mentando-k8s-entando-k8s-operato-ppvhj-18[0m stage [32mfrom-build-pack[0m and container [32mstep-git-merge[0m
Unable to retrieve container logs for docker://3b31ff6ff04cdb781a49e111e4b5d2229a89abddb043dd09985165cd66bb457b

Showing logs for build [32mentando-k8s-entando-k8s-operato-ppvhj-18[0m stage [32mfrom-build-pack[0m and container [32mstep-build-set-version[0m
Unable to retrieve container logs for docker://74989d542354ba36776bd6ba6752b20decc42ba2ba865d231ea41b80f107566d

Showing logs for build [32mentando-k8s-entando-k8s-operato-ppvhj-18[0m stage [32mfrom-build-pack[0m and container [32mstep-build-fix-git-for-sonar[0m
Unable to retrieve container logs for docker://444cc5f3d319535dc12b385bb3645f534d2fb74fbbd53e61f3d8eafa031b8a4e

Showing logs for build [32mentando-k8s-entando-k8s-operato-ppvhj-18[0m stage [32mfrom-build-pack[0m and container [32mstep-build-mvn-verify-pr[0m
Unable to retrieve container logs for docker://14b70c4f9d1ca11032d57fb39671223d42133af67b298a2fb6b41c5e11ad0770
[31m
Pipeline failed on stage 'from-build-pack' : container 'step-build-mvn-verify-pr'. The execution of the pipeline has stopped.[0m
