
Showing logs for build [32mentando-k8s-entando-k8s-operato-ccrss-19[0m stage [32mfrom-build-pack[0m and container [32mcredential-initializer[0m
Unable to retrieve container logs for docker://dc5dd17984ac02016907b7419bf5c03cdc1219673a0313394c510b72c63c2a74

Showing logs for build [32mentando-k8s-entando-k8s-operato-ccrss-19[0m stage [32mfrom-build-pack[0m and container [32mworking-dir-initializer[0m
Unable to retrieve container logs for docker://3965b82912ab471dbdae55524ab6cf50180e31192e9418423399aabb32a98224

Showing logs for build [32mentando-k8s-entando-k8s-operato-ccrss-19[0m stage [32mfrom-build-pack[0m and container [32mplace-tools[0m
Unable to retrieve container logs for docker://4f7ca72ce95ca11ee521bf6456bbf54126c7abc5ca2cee735233905eee587342

Showing logs for build [32mentando-k8s-entando-k8s-operato-ccrss-19[0m stage [32mfrom-build-pack[0m and container [32mstep-git-source-entando-k8s-entando-k8s-operato-ccrss-vwqkr[0m
Unable to retrieve container logs for docker://a1bfae69c1b5bf5545e0893c56a5c2069211f8d6c847387876d52085bf9db03c

Showing logs for build [32mentando-k8s-entando-k8s-operato-ccrss-19[0m stage [32mfrom-build-pack[0m and container [32mstep-setup-builder-home[0m
Unable to retrieve container logs for docker://19a9495370c46a068cf5ffbc3423390c58334af063179b2974a66f732e0d3106

Showing logs for build [32mentando-k8s-entando-k8s-operato-ccrss-19[0m stage [32mfrom-build-pack[0m and container [32mstep-git-merge[0m
Unable to retrieve container logs for docker://0298bd03fee6f50308ea32547a698414a8a492ecf8547c327b00d060286b2271

Showing logs for build [32mentando-k8s-entando-k8s-operato-ccrss-19[0m stage [32mfrom-build-pack[0m and container [32mstep-build-set-version[0m
Unable to retrieve container logs for docker://f3f11133a2fd306639591a3c893ef03036d1b63326bb662fce7e02ecdee6cd62

Showing logs for build [32mentando-k8s-entando-k8s-operato-ccrss-19[0m stage [32mfrom-build-pack[0m and container [32mstep-build-fix-git-for-sonar[0m
Unable to retrieve container logs for docker://63809a0173f1a5712119ee63d8fd1611b36941a3c4d2ff6b0b670fb0b60e9028

Showing logs for build [32mentando-k8s-entando-k8s-operato-ccrss-19[0m stage [32mfrom-build-pack[0m and container [32mstep-build-mvn-verify-pr[0m
Unable to retrieve container logs for docker://9eaac45313a9411aa94d6cb48b570b10031dbf728ccc8c75b413cca59fc37663
[31m
Pipeline failed on stage 'from-build-pack' : container 'step-build-mvn-verify-pr'. The execution of the pipeline has stopped.[0m
