
Showing logs for build [32mentando-k8s-entando-k8s-operato-bjjxw-3[0m stage [32mfrom-build-pack[0m and container [32mcredential-initializer[0m
Unable to retrieve container logs for docker://0d34b21b0256c94ece0f56e8111e1e09c50c1cbb0439224091107c045102ab63

Showing logs for build [32mentando-k8s-entando-k8s-operato-bjjxw-3[0m stage [32mfrom-build-pack[0m and container [32mworking-dir-initializer[0m
Unable to retrieve container logs for docker://5e56b897ffd30f50f0adc9eb33883d505e0b436efa2e3f2c208ccb333f461e48

Showing logs for build [32mentando-k8s-entando-k8s-operato-bjjxw-3[0m stage [32mfrom-build-pack[0m and container [32mplace-tools[0m
Unable to retrieve container logs for docker://0e9c2da2bd5d865155553d2abf22e31c7c897e258cd5fa1ed2dc80682b22f21b

Showing logs for build [32mentando-k8s-entando-k8s-operato-bjjxw-3[0m stage [32mfrom-build-pack[0m and container [32mstep-git-source-entando-k8s-entando-k8s-operato-bjjxw-z5qdt[0m
Unable to retrieve container logs for docker://4293036fb86c822c4d94a4574ccd373dd89a5117d1f3c1684e14f5243d739c3f

Showing logs for build [32mentando-k8s-entando-k8s-operato-bjjxw-3[0m stage [32mfrom-build-pack[0m and container [32mstep-setup-builder-home[0m
Unable to retrieve container logs for docker://0749b372e5acfb6cd7b92b0ea4548f5e81f81120f6e4d505719c13f6e5cad05b

Showing logs for build [32mentando-k8s-entando-k8s-operato-bjjxw-3[0m stage [32mfrom-build-pack[0m and container [32mstep-git-merge[0m
Unable to retrieve container logs for docker://a4fd6aff290a806918ec41555d0a27017cd03b93b5d1917439daa77209deb85e

Showing logs for build [32mentando-k8s-entando-k8s-operato-bjjxw-3[0m stage [32mfrom-build-pack[0m and container [32mstep-build-set-version[0m
Unable to retrieve container logs for docker://dee5953c9c468b0eca7334ca293db83f9450a2e4a03aba69aac4707586087276

Showing logs for build [32mentando-k8s-entando-k8s-operato-bjjxw-3[0m stage [32mfrom-build-pack[0m and container [32mstep-build-fix-git-for-sonar[0m
Unable to retrieve container logs for docker://403dc43831e4ca4ecb4c5596d376f57eea0900d1d1811e7a34365126a1d22d44

Showing logs for build [32mentando-k8s-entando-k8s-operato-bjjxw-3[0m stage [32mfrom-build-pack[0m and container [32mstep-build-mvn-verify-pr[0m
Unable to retrieve container logs for docker://b4aeeecef67f291ea9c2eb8e81d48a296a144faeee16a4383eb3f760fdae5625
[31m
Pipeline failed on stage 'from-build-pack' : container 'step-build-mvn-verify-pr'. The execution of the pipeline has stopped.[0m
