
Showing logs for build [32mentando-k8s-entando-k8s-operato-fz5lx-4[0m stage [32mfrom-build-pack[0m and container [32mcredential-initializer[0m
Unable to retrieve container logs for docker://7da22b08243e8a77924722362db866134a2a2b645646287f2766ae7ef3eb4345

Showing logs for build [32mentando-k8s-entando-k8s-operato-fz5lx-4[0m stage [32mfrom-build-pack[0m and container [32mworking-dir-initializer[0m
Unable to retrieve container logs for docker://fb6956d6d9b5967a40e0294a5c147430761d667e12a139066ff243ee75c6b61b

Showing logs for build [32mentando-k8s-entando-k8s-operato-fz5lx-4[0m stage [32mfrom-build-pack[0m and container [32mplace-tools[0m
Unable to retrieve container logs for docker://8319b64ce807015dbb9920aa8a3e254da89c5357b21d3e59998ac4db125f1971

Showing logs for build [32mentando-k8s-entando-k8s-operato-fz5lx-4[0m stage [32mfrom-build-pack[0m and container [32mstep-git-source-entando-k8s-entando-k8s-operato-fz5lx-c7kvq[0m
Unable to retrieve container logs for docker://b58f8fe3fce594391fc6fa5cacffea7cd1b1cff86531e446183e7078b4e09b73

Showing logs for build [32mentando-k8s-entando-k8s-operato-fz5lx-4[0m stage [32mfrom-build-pack[0m and container [32mstep-setup-builder-home[0m
Unable to retrieve container logs for docker://10c3f7f7fd5b58236dece3dbf6f8a66513fe7457f5ec6b5d4833e879826f9920

Showing logs for build [32mentando-k8s-entando-k8s-operato-fz5lx-4[0m stage [32mfrom-build-pack[0m and container [32mstep-git-merge[0m
Unable to retrieve container logs for docker://a787870c1f0f574e946a53f78fc11660b62de11264616a1f8db4c69c1c2ce93f

Showing logs for build [32mentando-k8s-entando-k8s-operato-fz5lx-4[0m stage [32mfrom-build-pack[0m and container [32mstep-build-set-version[0m
Unable to retrieve container logs for docker://8c3f7756f9c70374b27b0890a61a253ee69d34ff71121b4369b94ab14092c73c

Showing logs for build [32mentando-k8s-entando-k8s-operato-fz5lx-4[0m stage [32mfrom-build-pack[0m and container [32mstep-build-fix-git-for-sonar[0m
Unable to retrieve container logs for docker://d35ac5c1266a770dab95c06ed76bc756039a1ad8a11f73101130e6a0dcf6c65d

Showing logs for build [32mentando-k8s-entando-k8s-operato-fz5lx-4[0m stage [32mfrom-build-pack[0m and container [32mstep-build-mvn-verify-pr[0m
Unable to retrieve container logs for docker://142f54acab4c9c74f76c0e5ea178651b967ce436f967fa3b7d22b45457a71f11
[31m
Pipeline failed on stage 'from-build-pack' : container 'step-build-mvn-verify-pr'. The execution of the pipeline has stopped.[0m
