
Showing logs for build [32mentando-k8s-entando-k8s-operato-r8gs8-5[0m stage [32mfrom-build-pack[0m and container [32mcredential-initializer[0m
Unable to retrieve container logs for docker://e798225d19bd3e539ae1f87e3c43b870fadd9cf5671620d4c7a4daca4aba3a2f

Showing logs for build [32mentando-k8s-entando-k8s-operato-r8gs8-5[0m stage [32mfrom-build-pack[0m and container [32mworking-dir-initializer[0m
Unable to retrieve container logs for docker://cd71721f95ea8737a2192eeccec2ce78cebf2b51bd2f8c374734e4497fb1f126

Showing logs for build [32mentando-k8s-entando-k8s-operato-r8gs8-5[0m stage [32mfrom-build-pack[0m and container [32mplace-tools[0m
Unable to retrieve container logs for docker://123907b4748d20631c96ca13e143c60bd2867991f33671600534fe7b79602942

Showing logs for build [32mentando-k8s-entando-k8s-operato-r8gs8-5[0m stage [32mfrom-build-pack[0m and container [32mstep-git-source-entando-k8s-entando-k8s-operato-r8gs8-z5mzb[0m
Unable to retrieve container logs for docker://bfe437e3ef373c15d2acade17fc88e0717ab1718bb52c30556f59a38207f5901

Showing logs for build [32mentando-k8s-entando-k8s-operato-r8gs8-5[0m stage [32mfrom-build-pack[0m and container [32mstep-setup-builder-home[0m
Unable to retrieve container logs for docker://65d2ed8e7c8db67c59e9ca09c390365231cdd8b5de54c204f60b0e1a536d371f

Showing logs for build [32mentando-k8s-entando-k8s-operato-r8gs8-5[0m stage [32mfrom-build-pack[0m and container [32mstep-git-merge[0m
Unable to retrieve container logs for docker://48d30d05ffb72b5d8d35fea51f04e77929e3ea78c93c2115f88ebac669245b6d

Showing logs for build [32mentando-k8s-entando-k8s-operato-r8gs8-5[0m stage [32mfrom-build-pack[0m and container [32mstep-build-set-version[0m
Unable to retrieve container logs for docker://aa4c950ed72b5475a85e0dcb2934097e5bebc74967b0520d783292d0daf8400b

Showing logs for build [32mentando-k8s-entando-k8s-operato-r8gs8-5[0m stage [32mfrom-build-pack[0m and container [32mstep-build-fix-git-for-sonar[0m
Unable to retrieve container logs for docker://45ae61dc6f13f20120fbf7808830eb42b77cdf8115979511c20a2096a280206e

Showing logs for build [32mentando-k8s-entando-k8s-operato-r8gs8-5[0m stage [32mfrom-build-pack[0m and container [32mstep-build-mvn-verify-pr[0m
Unable to retrieve container logs for docker://8228e1bd26a3c05de090fbe86bcd4668d78792c992d1e11a92cc18ff1fefbb59
[31m
Pipeline failed on stage 'from-build-pack' : container 'step-build-mvn-verify-pr'. The execution of the pipeline has stopped.[0m
