
Showing logs for build [32mentando-k8s-entando-k8s-operato-hdxld-7[0m stage [32mfrom-build-pack[0m and container [32mcredential-initializer[0m
Unable to retrieve container logs for docker://ece004aecec9ff18b199cb22b0582614b96229a5aba1d0126c359c8f66dd4534

Showing logs for build [32mentando-k8s-entando-k8s-operato-hdxld-7[0m stage [32mfrom-build-pack[0m and container [32mworking-dir-initializer[0m
Unable to retrieve container logs for docker://16dc70214edbf831c09a3681dd699f64ddaab712280de87b3c1eb8d7a875237e

Showing logs for build [32mentando-k8s-entando-k8s-operato-hdxld-7[0m stage [32mfrom-build-pack[0m and container [32mplace-tools[0m
Unable to retrieve container logs for docker://ff686eda7b14d52d34c6ae8a66246c10c450d2cba84a541045916c507e786958

Showing logs for build [32mentando-k8s-entando-k8s-operato-hdxld-7[0m stage [32mfrom-build-pack[0m and container [32mstep-git-source-entando-k8s-entando-k8s-operato-hdxld-wtfl8[0m
Unable to retrieve container logs for docker://c9e02e3804a0e323f8cfcb29d187e1730e41c01804552e7f0ebf084afc803d4a

Showing logs for build [32mentando-k8s-entando-k8s-operato-hdxld-7[0m stage [32mfrom-build-pack[0m and container [32mstep-setup-builder-home[0m
Unable to retrieve container logs for docker://b5bc6888f4be431d85887bd0cb0e8765b8eb510890633d73fc57492edb177d52

Showing logs for build [32mentando-k8s-entando-k8s-operato-hdxld-7[0m stage [32mfrom-build-pack[0m and container [32mstep-git-merge[0m
Unable to retrieve container logs for docker://47f12bab87e149045e8037f95c39bb17abbd539660c5ce23241004a05c14ad54

Showing logs for build [32mentando-k8s-entando-k8s-operato-hdxld-7[0m stage [32mfrom-build-pack[0m and container [32mstep-build-set-version[0m
Unable to retrieve container logs for docker://40302ff007f6a4110be6118eacfa992b665fb6de0a64165f8524b395097e0f37

Showing logs for build [32mentando-k8s-entando-k8s-operato-hdxld-7[0m stage [32mfrom-build-pack[0m and container [32mstep-build-fix-git-for-sonar[0m
Unable to retrieve container logs for docker://ecc61a0526c86b0e60a5b3de17030e0dda88d8088dd5c153131e61fc99e3c067

Showing logs for build [32mentando-k8s-entando-k8s-operato-hdxld-7[0m stage [32mfrom-build-pack[0m and container [32mstep-build-mvn-verify-pr[0m
Unable to retrieve container logs for docker://9fd45a15ee469f6abdebd7f33917932b0b3e345f4125e77d8f91bd3a1e615f7b
[31m
Pipeline failed on stage 'from-build-pack' : container 'step-build-mvn-verify-pr'. The execution of the pipeline has stopped.[0m
