
Showing logs for build [32mentando-k8s-entando-k8s-operato-v26p8-8[0m stage [32mfrom-build-pack[0m and container [32mcredential-initializer[0m
Unable to retrieve container logs for docker://9690715dadee2b199f010ccfc0681a1905195e9f136dab4091abd83b26ad62aa

Showing logs for build [32mentando-k8s-entando-k8s-operato-v26p8-8[0m stage [32mfrom-build-pack[0m and container [32mworking-dir-initializer[0m
Unable to retrieve container logs for docker://3c84a9cfe965ff73a96380a974f8f10e2cb76ab6ae1d4c37db15455e43b27842

Showing logs for build [32mentando-k8s-entando-k8s-operato-v26p8-8[0m stage [32mfrom-build-pack[0m and container [32mplace-tools[0m
Unable to retrieve container logs for docker://59249e979752d80af54e33b08ddde80c782399b6d3a5b34e7008cb36c5cc835b

Showing logs for build [32mentando-k8s-entando-k8s-operato-v26p8-8[0m stage [32mfrom-build-pack[0m and container [32mstep-git-source-entando-k8s-entando-k8s-operato-v26p8-dxvn8[0m
Unable to retrieve container logs for docker://10be37642acdd521f1c44d4365482f08554cc5cf59271b4330e07481222db707

Showing logs for build [32mentando-k8s-entando-k8s-operato-v26p8-8[0m stage [32mfrom-build-pack[0m and container [32mstep-setup-builder-home[0m
Unable to retrieve container logs for docker://dedcede3ef601f18c51df15db440b6670ec0b1b5ef31da31c167b144f0dbb943

Showing logs for build [32mentando-k8s-entando-k8s-operato-v26p8-8[0m stage [32mfrom-build-pack[0m and container [32mstep-git-merge[0m
Unable to retrieve container logs for docker://453a00f2258ff74be71c5df38d7f1c6ed8a968cbe1f37311d57b11d5080c1b6a

Showing logs for build [32mentando-k8s-entando-k8s-operato-v26p8-8[0m stage [32mfrom-build-pack[0m and container [32mstep-build-set-version[0m
Unable to retrieve container logs for docker://b070d5b0c2c37077***5d116c75c5170a52d03134485af2260748320a46e4370

Showing logs for build [32mentando-k8s-entando-k8s-operato-v26p8-8[0m stage [32mfrom-build-pack[0m and container [32mstep-build-fix-git-for-sonar[0m
Unable to retrieve container logs for docker://3c88d281d82ec529a55256024b20a5615ff67fac0a5e1b7e354399a153615132

Showing logs for build [32mentando-k8s-entando-k8s-operato-v26p8-8[0m stage [32mfrom-build-pack[0m and container [32mstep-build-mvn-verify-pr[0m
Unable to retrieve container logs for docker://33f6885ff5b7f2252328f3dd4c702439dde3734395aab1208c6b216e3f6b8a4b
[31m
Pipeline failed on stage 'from-build-pack' : container 'step-build-mvn-verify-pr'. The execution of the pipeline has stopped.[0m
