
Showing logs for build [32mentando-k8s-entando-k8s-operato-tm5rf-9[0m stage [32mfrom-build-pack[0m and container [32mcredential-initializer[0m
Unable to retrieve container logs for docker://81723b78a23ee3532a04559255e72b3a77750a0eae83ba0686966096272ce958

Showing logs for build [32mentando-k8s-entando-k8s-operato-tm5rf-9[0m stage [32mfrom-build-pack[0m and container [32mworking-dir-initializer[0m
Unable to retrieve container logs for docker://71c88cd63b78ae46ac14db9ff1db7804ca263ace271a2e03b37738af68d4f55e

Showing logs for build [32mentando-k8s-entando-k8s-operato-tm5rf-9[0m stage [32mfrom-build-pack[0m and container [32mplace-tools[0m
Unable to retrieve container logs for docker://7918e9afac31c71a6b5e4367d4d733239abca9b14475ff055181fdba4aa02d46

Showing logs for build [32mentando-k8s-entando-k8s-operato-tm5rf-9[0m stage [32mfrom-build-pack[0m and container [32mstep-git-source-entando-k8s-entando-k8s-operato-tm5rf-745g8[0m
Unable to retrieve container logs for docker://959a40774d867e2a4d16c07fb4bd3f56cc73abccdeddf84f222151ea7712da1a

Showing logs for build [32mentando-k8s-entando-k8s-operato-tm5rf-9[0m stage [32mfrom-build-pack[0m and container [32mstep-setup-builder-home[0m
Unable to retrieve container logs for docker://4f06ef1799884330d510e9167e879d7a682f22fc6075392919f0016f6967831b

Showing logs for build [32mentando-k8s-entando-k8s-operato-tm5rf-9[0m stage [32mfrom-build-pack[0m and container [32mstep-git-merge[0m
Unable to retrieve container logs for docker://a564059bf4fc836c44977e53bfb02564465489a50c0d0d2efb8a3c1ba910c96b

Showing logs for build [32mentando-k8s-entando-k8s-operato-tm5rf-9[0m stage [32mfrom-build-pack[0m and container [32mstep-build-set-version[0m
Unable to retrieve container logs for docker://346a36eac0cb5c6a5c06cbb87242f8538c0dfd238169fa3b92dc231a9d41375d

Showing logs for build [32mentando-k8s-entando-k8s-operato-tm5rf-9[0m stage [32mfrom-build-pack[0m and container [32mstep-build-fix-git-for-sonar[0m
Unable to retrieve container logs for docker://b5dda85f83cedf5932cb0013c091436ed761356533925b6d76913b92e9584827

Showing logs for build [32mentando-k8s-entando-k8s-operato-tm5rf-9[0m stage [32mfrom-build-pack[0m and container [32mstep-build-mvn-verify-pr[0m
Unable to retrieve container logs for docker://0cdb43f6c22c142c641a9a79e722a42ef7bc5922752ade25ed8cfc1563cdad49
[31m
Pipeline failed on stage 'from-build-pack' : container 'step-build-mvn-verify-pr'. The execution of the pipeline has stopped.[0m
