
Showing logs for build [32mentando-k8s-entando-k8s-app-con-kpzvb-1[0m stage [32mfrom-build-pack[0m and container [32mcredential-initializer[0m
Unable to retrieve container logs for docker://f4577388446c98270f1d934cc4a63019ace7303e67b6d01f21033b5b0995294a

Showing logs for build [32mentando-k8s-entando-k8s-app-con-kpzvb-1[0m stage [32mfrom-build-pack[0m and container [32mworking-dir-initializer[0m
Unable to retrieve container logs for docker://fbb6076418c3e626a67acf93ea73086c26858fbe56ae0e289ed525587b7a0a15

Showing logs for build [32mentando-k8s-entando-k8s-app-con-kpzvb-1[0m stage [32mfrom-build-pack[0m and container [32mplace-tools[0m
Unable to retrieve container logs for docker://1ce2b532255d8f26176ccb1f78594a4c4acf77206963aa7623269d2a4a70ac65

Showing logs for build [32mentando-k8s-entando-k8s-app-con-kpzvb-1[0m stage [32mfrom-build-pack[0m and container [32mstep-git-source-entando-k8s-entando-k8s-app-con-kpzvb-8nzz2[0m
Unable to retrieve container logs for docker://740c0ab9c521c408b80c44a59b229a395119e5a10236262ac49bf344c8adc840

Showing logs for build [32mentando-k8s-entando-k8s-app-con-kpzvb-1[0m stage [32mfrom-build-pack[0m and container [32mstep-setup-builder-home[0m
Unable to retrieve container logs for docker://d91dae099f10cd1c6c06a13baa098843b2ceb9b951d292010b20aeeaf122dc24

Showing logs for build [32mentando-k8s-entando-k8s-app-con-kpzvb-1[0m stage [32mfrom-build-pack[0m and container [32mstep-git-merge[0m
Unable to retrieve container logs for docker://fccdc142a992ba2ddb64d668ae306f5962df65294886bf17a47e68949b14b41c

Showing logs for build [32mentando-k8s-entando-k8s-app-con-kpzvb-1[0m stage [32mfrom-build-pack[0m and container [32mstep-build-set-version[0m
Unable to retrieve container logs for docker://6c610427b1d5460cc7a91a0d9ef60d3f048b89683ca0bb45cb8d59b7a7d2f168

Showing logs for build [32mentando-k8s-entando-k8s-app-con-kpzvb-1[0m stage [32mfrom-build-pack[0m and container [32mstep-build-fix-git-for-sonar[0m
Unable to retrieve container logs for docker://4996ee58006c2c2b7426fed06481e07da320a594d432277eeb2dfe48541ae41c

Showing logs for build [32mentando-k8s-entando-k8s-app-con-kpzvb-1[0m stage [32mfrom-build-pack[0m and container [32mstep-build-mvn-verify-pr[0m
Unable to retrieve container logs for docker://c6f93a229f1faa3f96bc7055c152735124fd56547d84e5670a07e15fc5384658
[31m
Pipeline failed on stage 'from-build-pack' : container 'step-build-mvn-verify-pr'. The execution of the pipeline has stopped.[0m
