
Showing logs for build [32mentando-k8s-entando-k8s-app-con-qzc8s-2[0m stage [32mfrom-build-pack[0m and container [32mcredential-initializer[0m
Unable to retrieve container logs for docker://a9ea30a8a423d46adf6515e3fcbcca322f63bb8d4f653d198952472d91e8202b

Showing logs for build [32mentando-k8s-entando-k8s-app-con-qzc8s-2[0m stage [32mfrom-build-pack[0m and container [32mworking-dir-initializer[0m
Unable to retrieve container logs for docker://9fd5ac54cf27e535ec47a72c0f8c27089b69c5919bfd752926d3ec1290f635c8

Showing logs for build [32mentando-k8s-entando-k8s-app-con-qzc8s-2[0m stage [32mfrom-build-pack[0m and container [32mplace-tools[0m
Unable to retrieve container logs for docker://d0f9c0eaf5aea0670482b4ffd5dd2e6d7844735883269d7a5466dcb26a298b4b

Showing logs for build [32mentando-k8s-entando-k8s-app-con-qzc8s-2[0m stage [32mfrom-build-pack[0m and container [32mstep-git-source-entando-k8s-entando-k8s-app-con-qzc8s-g8qj7[0m
Unable to retrieve container logs for docker://5b9da81a27104173a376832b4d1b96267944b6a5f8ba9830f5ab51beb34c8a53

Showing logs for build [32mentando-k8s-entando-k8s-app-con-qzc8s-2[0m stage [32mfrom-build-pack[0m and container [32mstep-setup-builder-home[0m
Unable to retrieve container logs for docker://686961a7eded9a560211eea624260e5daf57353f3dd1751c131689efe34aeb1a

Showing logs for build [32mentando-k8s-entando-k8s-app-con-qzc8s-2[0m stage [32mfrom-build-pack[0m and container [32mstep-git-merge[0m
Unable to retrieve container logs for docker://380b6b92d406cd6096b09104ea8f417ee89ef4f16646ea3bcab2c89c9af64e02

Showing logs for build [32mentando-k8s-entando-k8s-app-con-qzc8s-2[0m stage [32mfrom-build-pack[0m and container [32mstep-build-set-version[0m
Unable to retrieve container logs for docker://f67fefcc75d26c501dd92f4d2edd3e447c3653633d8b0b665d0fcec644ba6f29

Showing logs for build [32mentando-k8s-entando-k8s-app-con-qzc8s-2[0m stage [32mfrom-build-pack[0m and container [32mstep-build-fix-git-for-sonar[0m
Unable to retrieve container logs for docker://a07b19326da4213e74a0c78f7890ab03389457f4db5a7f044341a6fa70243472

Showing logs for build [32mentando-k8s-entando-k8s-app-con-qzc8s-2[0m stage [32mfrom-build-pack[0m and container [32mstep-build-mvn-verify-pr[0m
Unable to retrieve container logs for docker://0b09d77890ccb75b90ab4b603dde861d950db700b1739243d5884a8e68ed701a
[31m
Pipeline failed on stage 'from-build-pack' : container 'step-build-mvn-verify-pr'. The execution of the pipeline has stopped.[0m
