
Showing logs for build [32mentando-k8s-entando-k8s-app-con-x6b97-4[0m stage [32mfrom-build-pack[0m and container [32mcredential-initializer[0m
Unable to retrieve container logs for docker://9e685faf97cbc0794f7ba3ede3f31355dc2b03917451ec7531d6fc559dd9f65f

Showing logs for build [32mentando-k8s-entando-k8s-app-con-x6b97-4[0m stage [32mfrom-build-pack[0m and container [32mworking-dir-initializer[0m
Unable to retrieve container logs for docker://7f418bf28af7f25478ca4965b747c87924961fdd0f922330eb0615f53aa64116

Showing logs for build [32mentando-k8s-entando-k8s-app-con-x6b97-4[0m stage [32mfrom-build-pack[0m and container [32mplace-tools[0m
Unable to retrieve container logs for docker://e1bd8c1f8750f937bc6c56c106e93d1917be974c7557b560b217b3a6aa94b63b

Showing logs for build [32mentando-k8s-entando-k8s-app-con-x6b97-4[0m stage [32mfrom-build-pack[0m and container [32mstep-git-source-entando-k8s-entando-k8s-app-con-x6b97-4rpv8[0m
Unable to retrieve container logs for docker://ff570e1298c68f594f0b97e0e8660d0bea474e2cac5de0044d2ea733fb591951

Showing logs for build [32mentando-k8s-entando-k8s-app-con-x6b97-4[0m stage [32mfrom-build-pack[0m and container [32mstep-setup-builder-home[0m
Unable to retrieve container logs for docker://4d3a32dd7428f838a50df720f7eda746a91853b90b449235eff698e3425c1e62

Showing logs for build [32mentando-k8s-entando-k8s-app-con-x6b97-4[0m stage [32mfrom-build-pack[0m and container [32mstep-git-merge[0m
Unable to retrieve container logs for docker://eec997678d43567f4381eb50c1abe8537a60e49535ab521377af99bba6dc4217

Showing logs for build [32mentando-k8s-entando-k8s-app-con-x6b97-4[0m stage [32mfrom-build-pack[0m and container [32mstep-build-set-version[0m
Unable to retrieve container logs for docker://8a1a80ab4c5a211e13dda8a6cb4af233d6ed6b02e040a30ee29035551c95566c

Showing logs for build [32mentando-k8s-entando-k8s-app-con-x6b97-4[0m stage [32mfrom-build-pack[0m and container [32mstep-build-fix-git-for-sonar[0m
Unable to retrieve container logs for docker://cadbe01b2019cb3da7ccb5dd90e1b331866e777f426e850d87917c1aaf790c0d

Showing logs for build [32mentando-k8s-entando-k8s-app-con-x6b97-4[0m stage [32mfrom-build-pack[0m and container [32mstep-build-mvn-verify-pr[0m
Unable to retrieve container logs for docker://b8f4497b8d871a16bbc8a402e369bd5baa7fea49da610e326a8f0e31ace89824
[31m
Pipeline failed on stage 'from-build-pack' : container 'step-build-mvn-verify-pr'. The execution of the pipeline has stopped.[0m
