
Showing logs for build [32mentando-k8s-entando-k8s-app-con-q8k4c-5[0m stage [32mfrom-build-pack[0m and container [32mcredential-initializer[0m
Unable to retrieve container logs for docker://d0a8bf8e26c09c5594a0aefad009397d8b3b51a0c793d5748ab8219b2bfa8c12

Showing logs for build [32mentando-k8s-entando-k8s-app-con-q8k4c-5[0m stage [32mfrom-build-pack[0m and container [32mworking-dir-initializer[0m
Unable to retrieve container logs for docker://3b52380e352cf0606394ad3659cb49617dc908783160ea10c4ed1e3463ac4942

Showing logs for build [32mentando-k8s-entando-k8s-app-con-q8k4c-5[0m stage [32mfrom-build-pack[0m and container [32mplace-tools[0m
Unable to retrieve container logs for docker://81877b8ffd83a1525b7eb72af2d7af4f0907fb4bbe265327e5bd4d7b27ab846d

Showing logs for build [32mentando-k8s-entando-k8s-app-con-q8k4c-5[0m stage [32mfrom-build-pack[0m and container [32mstep-git-source-entando-k8s-entando-k8s-app-con-q8k4c-cg9s8[0m
Unable to retrieve container logs for docker://7f7938579fc35e4bd4c942abd540d66b4870e3fbc72cd82145c1c5a3fbe10529

Showing logs for build [32mentando-k8s-entando-k8s-app-con-q8k4c-5[0m stage [32mfrom-build-pack[0m and container [32mstep-setup-builder-home[0m
Unable to retrieve container logs for docker://7c63be211efca00fccdcc2401081974ee50c86e2a57b8435651fc14f7357814f

Showing logs for build [32mentando-k8s-entando-k8s-app-con-q8k4c-5[0m stage [32mfrom-build-pack[0m and container [32mstep-git-merge[0m
Unable to retrieve container logs for docker://e5cda63225be097a96e357385fca345e728a3d881c7d56205a913b00ee09dd77

Showing logs for build [32mentando-k8s-entando-k8s-app-con-q8k4c-5[0m stage [32mfrom-build-pack[0m and container [32mstep-build-set-version[0m
Unable to retrieve container logs for docker://56c896c45e61c47c377146a4378b205625f61e374d5d7665adaafa33389a9246

Showing logs for build [32mentando-k8s-entando-k8s-app-con-q8k4c-5[0m stage [32mfrom-build-pack[0m and container [32mstep-build-fix-git-for-sonar[0m
Unable to retrieve container logs for docker://8071344df45d0c70d20f39d647523e0fc6ac494efc93592e6e51b6dccb67ae3b

Showing logs for build [32mentando-k8s-entando-k8s-app-con-q8k4c-5[0m stage [32mfrom-build-pack[0m and container [32mstep-build-mvn-verify-pr[0m
Unable to retrieve container logs for docker://57bf08b873b499580c17ce1aa6230e2e5df47ceae9aa273133796e9f87c42309
[31m
Pipeline failed on stage 'from-build-pack' : container 'step-build-mvn-verify-pr'. The execution of the pipeline has stopped.[0m
