
Showing logs for build [32mentando-k8s-entando-de-app-pr-2-p7dwf-1[0m stage [32mfrom-build-pack[0m and container [32mcredential-initializer[0m
Unable to retrieve container logs for docker://596ad6aade9af3149c7854c41390654b4b13515431e88e3004fef77b85851103

Showing logs for build [32mentando-k8s-entando-de-app-pr-2-p7dwf-1[0m stage [32mfrom-build-pack[0m and container [32mworking-dir-initializer[0m
Unable to retrieve container logs for docker://82ebf08bfdecbb097ecb35f7c11a0a763d6c9aee07c228116af70554453ea06c

Showing logs for build [32mentando-k8s-entando-de-app-pr-2-p7dwf-1[0m stage [32mfrom-build-pack[0m and container [32mplace-tools[0m
Unable to retrieve container logs for docker://28957558142c9211c7e96d6c800d3c2ea5fc979d2d7827255dabb9e834fc3ff5

Showing logs for build [32mentando-k8s-entando-de-app-pr-2-p7dwf-1[0m stage [32mfrom-build-pack[0m and container [32mstep-git-source-entando-k8s-entando-de-app-pr-2-p7dwf-6rj2h[0m
Unable to retrieve container logs for docker://20cf6604c596dd5d0528446d17391f4cb0c84e4685f6975af93b75d14a50bd5c

Showing logs for build [32mentando-k8s-entando-de-app-pr-2-p7dwf-1[0m stage [32mfrom-build-pack[0m and container [32mstep-setup-builder-home[0m
Unable to retrieve container logs for docker://2b4f44728dbdec486f8f4b4d2c0653***cbd36f589e50c756fbb56036e9f6878

Showing logs for build [32mentando-k8s-entando-de-app-pr-2-p7dwf-1[0m stage [32mfrom-build-pack[0m and container [32mstep-git-merge[0m
Unable to retrieve container logs for docker://2b056008548d494ee08e6b335945454044ab201bf27ce96eef96da9ee5fc7754

Showing logs for build [32mentando-k8s-entando-de-app-pr-2-p7dwf-1[0m stage [32mfrom-build-pack[0m and container [32mstep-build-set-version[0m
Unable to retrieve container logs for docker://2cf0c8a7c2b59769d71578b3ae1adc69d16d13e19bf1615f0b7c9ea09c25491b

Showing logs for build [32mentando-k8s-entando-de-app-pr-2-p7dwf-1[0m stage [32mfrom-build-pack[0m and container [32mstep-build-mvn-verify[0m
Unable to retrieve container logs for docker://b5df87d017cd6a03ee1aa3ba85aba261e0564f159988103e80c2d5fcf54d982b

Showing logs for build [32mentando-k8s-entando-de-app-pr-2-p7dwf-1[0m stage [32mfrom-build-pack[0m and container [32mstep-build-container-build[0m
Unable to retrieve container logs for docker://2fbdce5bfb020a67dcb3fd418b9c01705c0a70b836667f7b70f32c469a88332f

Showing logs for build [32mentando-k8s-entando-de-app-pr-2-p7dwf-1[0m stage [32mfrom-build-pack[0m and container [32mstep-postbuild-post-build[0m
Unable to retrieve container logs for docker://c3301ee2aa4c823aa4687d6c51f21a2ccd757f7222899a03dfb5f4024f0b3e58
