
Showing logs for build [32mentando-k8s-entando-de-app-pr-2-6qp5x-4[0m stage [32mfrom-build-pack[0m and container [32mcredential-initializer[0m
Unable to retrieve container logs for docker://63d365069db11972ff74fe49912ae075147774adec36b94840bd8cde2b1d917a

Showing logs for build [32mentando-k8s-entando-de-app-pr-2-6qp5x-4[0m stage [32mfrom-build-pack[0m and container [32mworking-dir-initializer[0m
Unable to retrieve container logs for docker://0e18cf135b2aa1765f42289d86172d76d5e5df893669183c12e8e6ba0122287e

Showing logs for build [32mentando-k8s-entando-de-app-pr-2-6qp5x-4[0m stage [32mfrom-build-pack[0m and container [32mplace-tools[0m
Unable to retrieve container logs for docker://6c66922b283041027fde020d9217bc1b90e5fdc8f1d3d373e06daee083689e12

Showing logs for build [32mentando-k8s-entando-de-app-pr-2-6qp5x-4[0m stage [32mfrom-build-pack[0m and container [32mstep-git-source-entando-k8s-entando-de-app-pr-2-6qp5x-cj4mx[0m
Unable to retrieve container logs for docker://afc84bc9af8c5030361454c2bf22801b305310e1fb0ac23784f2efb90ca41e07

Showing logs for build [32mentando-k8s-entando-de-app-pr-2-6qp5x-4[0m stage [32mfrom-build-pack[0m and container [32mstep-setup-builder-home[0m
Unable to retrieve container logs for docker://5bedd9d70e300302fb59a0ad7b28273c6de5a382f178be7443df9359aa85ab5b

Showing logs for build [32mentando-k8s-entando-de-app-pr-2-6qp5x-4[0m stage [32mfrom-build-pack[0m and container [32mstep-git-merge[0m
Unable to retrieve container logs for docker://790c8403a087911ea8c4e270643b7c27663d5f6cfaa56a76d7f2429c03919228

Showing logs for build [32mentando-k8s-entando-de-app-pr-2-6qp5x-4[0m stage [32mfrom-build-pack[0m and container [32mstep-build-set-version[0m
Unable to retrieve container logs for docker://f9eec0696dd987585d4028ae757c634dcd4869f1464f3309b9970598adfe2747

Showing logs for build [32mentando-k8s-entando-de-app-pr-2-6qp5x-4[0m stage [32mfrom-build-pack[0m and container [32mstep-build-mvn-verify[0m
Unable to retrieve container logs for docker://6752e367655acf696bc28487bad78474349abcc8e7fd3d0a9d469c6580b81d0d

Showing logs for build [32mentando-k8s-entando-de-app-pr-2-6qp5x-4[0m stage [32mfrom-build-pack[0m and container [32mstep-build-container-build[0m
Unable to retrieve container logs for docker://792f00cd93c0d20a600a536525413316f34d54a66e32b219ac17cdbb961f427b

Showing logs for build [32mentando-k8s-entando-de-app-pr-2-6qp5x-4[0m stage [32mfrom-build-pack[0m and container [32mstep-postbuild-post-build[0m
Unable to retrieve container logs for docker://048d4bc92e31cd347a7e8c9620d4fb7e6eeb9fc0ed774c705ca1b20e95dbdf14
