
Showing logs for build [32mentando-k8s-entando-k8s-app-plu-g68cj-2[0m stage [32mfrom-build-pack[0m and container [32mcredential-initializer[0m
Unable to retrieve container logs for docker://274a7c3ba6f5eeba0cf24d059f930b998ac475b514e71ab99d98750eecd06581

Showing logs for build [32mentando-k8s-entando-k8s-app-plu-g68cj-2[0m stage [32mfrom-build-pack[0m and container [32mworking-dir-initializer[0m
Unable to retrieve container logs for docker://183f29026284e64f712d74b7cbcf3141c9a374a229510c764c9c9cdb54cc5740

Showing logs for build [32mentando-k8s-entando-k8s-app-plu-g68cj-2[0m stage [32mfrom-build-pack[0m and container [32mplace-tools[0m
Unable to retrieve container logs for docker://aa3e515d4653270a8f3b54727b69b5054bf7232bdaef10586ed7caea3f98c70d

Showing logs for build [32mentando-k8s-entando-k8s-app-plu-g68cj-2[0m stage [32mfrom-build-pack[0m and container [32mstep-git-source-entando-k8s-entando-k8s-app-plu-g68cj-dvs4r[0m
Unable to retrieve container logs for docker://6906827ff717c95de4a75cbfdbe52e6d734276758610e8256a000cea68c5a71e

Showing logs for build [32mentando-k8s-entando-k8s-app-plu-g68cj-2[0m stage [32mfrom-build-pack[0m and container [32mstep-setup-builder-home[0m
Unable to retrieve container logs for docker://eca889fecd0a8324d60d192e8d3d2631c4184c21cabc97733380af1935aee04c

Showing logs for build [32mentando-k8s-entando-k8s-app-plu-g68cj-2[0m stage [32mfrom-build-pack[0m and container [32mstep-git-merge[0m
Unable to retrieve container logs for docker://adc71ad89a10a667f61a889105d61929eee7321bef55803cf631edda0f6efd66

Showing logs for build [32mentando-k8s-entando-k8s-app-plu-g68cj-2[0m stage [32mfrom-build-pack[0m and container [32mstep-build-set-version[0m
Unable to retrieve container logs for docker://1a10a79c2310a7392bf2fc34b09e3419c52a22cee25a4c511e58d1797fd0581b

Showing logs for build [32mentando-k8s-entando-k8s-app-plu-g68cj-2[0m stage [32mfrom-build-pack[0m and container [32mstep-build-fix-git-for-sonar[0m
Unable to retrieve container logs for docker://6641b7569739e93ffbf18cabf431964c884ec02011ea1477de821ad2753b7242

Showing logs for build [32mentando-k8s-entando-k8s-app-plu-g68cj-2[0m stage [32mfrom-build-pack[0m and container [32mstep-build-mvn-verify-pr[0m
Unable to retrieve container logs for docker://02666144f71206436f9331b969becb64b36757f424b37a62cec25c6afc965165
[31m
Pipeline failed on stage 'from-build-pack' : container 'step-build-mvn-verify-pr'. The execution of the pipeline has stopped.[0m
