
Showing logs for build [32mentando-k8s-entando-k8s-app-plu-rw2zc-3[0m stage [32mfrom-build-pack[0m and container [32mcredential-initializer[0m
Unable to retrieve container logs for docker://bfc9ae5523c61a3ebfd085ac002ba7158dd4daeb8a98f05ca8962b8e0fce9133

Showing logs for build [32mentando-k8s-entando-k8s-app-plu-rw2zc-3[0m stage [32mfrom-build-pack[0m and container [32mworking-dir-initializer[0m
Unable to retrieve container logs for docker://8c4a2d0862b07e7d80335e0deb0bc41e7935400517ac8125df5f7c3953668e23

Showing logs for build [32mentando-k8s-entando-k8s-app-plu-rw2zc-3[0m stage [32mfrom-build-pack[0m and container [32mplace-tools[0m
Unable to retrieve container logs for docker://1dfbcf87aba61c47bb7b7b04412c6e4a0f1fa154bbb58911618055dee5357d29

Showing logs for build [32mentando-k8s-entando-k8s-app-plu-rw2zc-3[0m stage [32mfrom-build-pack[0m and container [32mstep-git-source-entando-k8s-entando-k8s-app-plu-rw2zc-gmss9[0m
Unable to retrieve container logs for docker://359c448de8f1054c43c63a305312050676ed2f0e9001821d71ff7e6ac5e53f30

Showing logs for build [32mentando-k8s-entando-k8s-app-plu-rw2zc-3[0m stage [32mfrom-build-pack[0m and container [32mstep-setup-builder-home[0m
Unable to retrieve container logs for docker://8b0705b63142cc40f17e7730b0667334c5de4cc993d2d91d9c2c64ebad74b538

Showing logs for build [32mentando-k8s-entando-k8s-app-plu-rw2zc-3[0m stage [32mfrom-build-pack[0m and container [32mstep-git-merge[0m
Unable to retrieve container logs for docker://1f063dfdbf46962872e351938eaba623895331c4ab61d94c51585d551faffe28

Showing logs for build [32mentando-k8s-entando-k8s-app-plu-rw2zc-3[0m stage [32mfrom-build-pack[0m and container [32mstep-build-set-version[0m
Unable to retrieve container logs for docker://477cac11d192d16f483ef757695e4d4814c81b1f03885c0d88e4ab56766da70a

Showing logs for build [32mentando-k8s-entando-k8s-app-plu-rw2zc-3[0m stage [32mfrom-build-pack[0m and container [32mstep-build-fix-git-for-sonar[0m
Unable to retrieve container logs for docker://ff5e6374c212ea439d7470de1412cd4abe596888a9b45d5b96cece7e9185ff56

Showing logs for build [32mentando-k8s-entando-k8s-app-plu-rw2zc-3[0m stage [32mfrom-build-pack[0m and container [32mstep-build-mvn-verify-pr[0m
Unable to retrieve container logs for docker://87b624fd349109581b2c4c6af7921b7d7c090d769c80b32b41fc88abd75a4d13

Showing logs for build [32mentando-k8s-entando-k8s-app-plu-rw2zc-3[0m stage [32mfrom-build-pack[0m and container [32mstep-build-container-build[0m
Unable to retrieve container logs for docker://8c86***7981e683de5a927108acc8e1e993944eeaa899a2a476c721eeb476431

Showing logs for build [32mentando-k8s-entando-k8s-app-plu-rw2zc-3[0m stage [32mfrom-build-pack[0m and container [32mstep-postbuild-post-build[0m
Unable to retrieve container logs for docker://c643b20ab92f552b8f82d6238355e26744e1578e1f402c3f58787b0d551abd65

Showing logs for build [32mentando-k8s-entando-k8s-app-plu-rw2zc-3[0m stage [32mfrom-build-pack[0m and container [32mstep-promote-make-preview[0m
Unable to retrieve container logs for docker://b20bd5ef41683e6156944dd68d96f25182c3edd4b0b190385bb469c545333844
[31m
Pipeline failed on stage 'from-build-pack' : container 'step-promote-make-preview'. The execution of the pipeline has stopped.[0m
