
Showing logs for build [32mentando-k8s-entando-k8s-app-plu-x72zp-4[0m stage [32mfrom-build-pack[0m and container [32mcredential-initializer[0m
Unable to retrieve container logs for docker://70e8833bb2e42f56e86cdc480ffce70597ba783405fabc6ef5b9edcb18c1ad5c

Showing logs for build [32mentando-k8s-entando-k8s-app-plu-x72zp-4[0m stage [32mfrom-build-pack[0m and container [32mworking-dir-initializer[0m
Unable to retrieve container logs for docker://3270e9a2a4017a2badf313821aaab96f2a041670afa5e706a26be32376626f7a

Showing logs for build [32mentando-k8s-entando-k8s-app-plu-x72zp-4[0m stage [32mfrom-build-pack[0m and container [32mplace-tools[0m
Unable to retrieve container logs for docker://dfcc3341***5e96d392***fd3c7dea578bb9b0a6085a186d48ac003edcd1f132

Showing logs for build [32mentando-k8s-entando-k8s-app-plu-x72zp-4[0m stage [32mfrom-build-pack[0m and container [32mstep-git-source-entando-k8s-entando-k8s-app-plu-x72zp-8svlf[0m
Unable to retrieve container logs for docker://6d1f435e095f155d887ee9b949e3af58c3fc0e78ee213906b0d51c699631095f

Showing logs for build [32mentando-k8s-entando-k8s-app-plu-x72zp-4[0m stage [32mfrom-build-pack[0m and container [32mstep-setup-builder-home[0m
Unable to retrieve container logs for docker://b876ebe2095d9d2c943cb67f9df5cf58cd02c301427144113d8644255d47910a

Showing logs for build [32mentando-k8s-entando-k8s-app-plu-x72zp-4[0m stage [32mfrom-build-pack[0m and container [32mstep-git-merge[0m
Unable to retrieve container logs for docker://8fc281e1aecf14540a4988c71bdc1335e19d91de05025c3c9fd1f261e6917907

Showing logs for build [32mentando-k8s-entando-k8s-app-plu-x72zp-4[0m stage [32mfrom-build-pack[0m and container [32mstep-build-set-version[0m
Unable to retrieve container logs for docker://1c0e9a8e0b55601744392ed34b08416dfffefd56675cd2657f21d6c2b7be3a6a

Showing logs for build [32mentando-k8s-entando-k8s-app-plu-x72zp-4[0m stage [32mfrom-build-pack[0m and container [32mstep-build-fix-git-for-sonar[0m
Unable to retrieve container logs for docker://bba0687c8fa2ec2fb6c4076ec878687e2cacf2c204403822d0551f7851cad636

Showing logs for build [32mentando-k8s-entando-k8s-app-plu-x72zp-4[0m stage [32mfrom-build-pack[0m and container [32mstep-build-mvn-verify-pr[0m
Unable to retrieve container logs for docker://284e48c736f00f2b601a563b9b219726d5aa6e1f4e8e6f76ba68776496c87b0e

Showing logs for build [32mentando-k8s-entando-k8s-app-plu-x72zp-4[0m stage [32mfrom-build-pack[0m and container [32mstep-build-container-build[0m
Unable to retrieve container logs for docker://efe1e017cd555f7849c69833dd550d3af2447220dd06562dc586e1542d06183b

Showing logs for build [32mentando-k8s-entando-k8s-app-plu-x72zp-4[0m stage [32mfrom-build-pack[0m and container [32mstep-postbuild-post-build[0m
Unable to retrieve container logs for docker://99e61084dec443347dd0f0cca24e7227624169a69713aa56ac24068908ca172e

Showing logs for build [32mentando-k8s-entando-k8s-app-plu-x72zp-4[0m stage [32mfrom-build-pack[0m and container [32mstep-promote-make-preview[0m
Unable to retrieve container logs for docker://b88a0e42f8c6992a0d3699adae0caf091b8b4a88cb421b0de85f920392693540
[31m
Pipeline failed on stage 'from-build-pack' : container 'step-promote-make-preview'. The execution of the pipeline has stopped.[0m
