
Showing logs for build [32mentando-k8s-entando-k8s-app-plu-qwtcp-5[0m stage [32mfrom-build-pack[0m and container [32mcredential-initializer[0m
Unable to retrieve container logs for docker://dfd8712b24c4ef1ca198169b39496c7b2fd81d50233718321b64779405188b69

Showing logs for build [32mentando-k8s-entando-k8s-app-plu-qwtcp-5[0m stage [32mfrom-build-pack[0m and container [32mworking-dir-initializer[0m
Unable to retrieve container logs for docker://e8199b10349d630dc934de58b472d113152b5f94926b54350a9841301859a41c

Showing logs for build [32mentando-k8s-entando-k8s-app-plu-qwtcp-5[0m stage [32mfrom-build-pack[0m and container [32mplace-tools[0m
Unable to retrieve container logs for docker://0697064e0d21747dab5519b7fc215f178291195aaf313e0fb2172779294bb447

Showing logs for build [32mentando-k8s-entando-k8s-app-plu-qwtcp-5[0m stage [32mfrom-build-pack[0m and container [32mstep-git-source-entando-k8s-entando-k8s-app-plu-qwtcp-b69lf[0m
Unable to retrieve container logs for docker://e2c2996940454f2b63a451b7e3de8649b76d949e97c7d25f2a215141ea38b95a

Showing logs for build [32mentando-k8s-entando-k8s-app-plu-qwtcp-5[0m stage [32mfrom-build-pack[0m and container [32mstep-setup-builder-home[0m
Unable to retrieve container logs for docker://54c0572b1ac2d35da39da60594a68313df8d29fb29b5b5060605266c72ee4414

Showing logs for build [32mentando-k8s-entando-k8s-app-plu-qwtcp-5[0m stage [32mfrom-build-pack[0m and container [32mstep-git-merge[0m
Unable to retrieve container logs for docker://6fcd91a092cb8636463cb37da77d3508483933***a94860b7faecaf2571abb53

Showing logs for build [32mentando-k8s-entando-k8s-app-plu-qwtcp-5[0m stage [32mfrom-build-pack[0m and container [32mstep-build-set-version[0m
Unable to retrieve container logs for docker://65d68e116100a358b4e7021466189b34ab4060551f931739a5abf84b5176884f

Showing logs for build [32mentando-k8s-entando-k8s-app-plu-qwtcp-5[0m stage [32mfrom-build-pack[0m and container [32mstep-build-fix-git-for-sonar[0m
Unable to retrieve container logs for docker://720ab5d642714e060792ca3b5f747a4317ad6c7a6b0fae3c3123bdbb1bcbab4e

Showing logs for build [32mentando-k8s-entando-k8s-app-plu-qwtcp-5[0m stage [32mfrom-build-pack[0m and container [32mstep-build-mvn-verify-pr[0m
Unable to retrieve container logs for docker://a6180e3ab0464623a67484d909b53e54a976a6b593a2ea27a9f94ce50669b363
[31m
Pipeline failed on stage 'from-build-pack' : container 'step-build-mvn-verify-pr'. The execution of the pipeline has stopped.[0m
