
Showing logs for build [32mentando-k8s-entando-k8s-app-plu-d5pfk-6[0m stage [32mfrom-build-pack[0m and container [32mcredential-initializer[0m
Unable to retrieve container logs for docker://2207e3fd9734e01d39072309ae8661496a060786f007d51bd84b5fe6c5485304

Showing logs for build [32mentando-k8s-entando-k8s-app-plu-d5pfk-6[0m stage [32mfrom-build-pack[0m and container [32mworking-dir-initializer[0m
Unable to retrieve container logs for docker://f40d2c47d62c64052592bb88d1195a67c2f3b83a09a4fc0991b22ddd71268078

Showing logs for build [32mentando-k8s-entando-k8s-app-plu-d5pfk-6[0m stage [32mfrom-build-pack[0m and container [32mplace-tools[0m
Unable to retrieve container logs for docker://a36167878187fc2f28b9bbf8b5f06f7963b8644b455090240b6eb6eb47dd295f

Showing logs for build [32mentando-k8s-entando-k8s-app-plu-d5pfk-6[0m stage [32mfrom-build-pack[0m and container [32mstep-git-source-entando-k8s-entando-k8s-app-plu-d5pfk-kjlrl[0m
Unable to retrieve container logs for docker://7eb7e55ffa4ba54ea08fa5be1b8d300a4195de320240cd1deeb58490b46e5245

Showing logs for build [32mentando-k8s-entando-k8s-app-plu-d5pfk-6[0m stage [32mfrom-build-pack[0m and container [32mstep-setup-builder-home[0m
Unable to retrieve container logs for docker://8dd3388949761601c39282c77b3bfb5bedee7d6da104f10ff936d478fd8b9e36

Showing logs for build [32mentando-k8s-entando-k8s-app-plu-d5pfk-6[0m stage [32mfrom-build-pack[0m and container [32mstep-git-merge[0m
Unable to retrieve container logs for docker://a2843c1e11a0232fadc9ddea5e393d6c20cd5ac747c44d7fb424b8433c40a434

Showing logs for build [32mentando-k8s-entando-k8s-app-plu-d5pfk-6[0m stage [32mfrom-build-pack[0m and container [32mstep-build-set-version[0m
Unable to retrieve container logs for docker://25836db57f76cd32e84cb9f6c84c1f2d1cb842f16dcd976a6cec92f6d45e971f

Showing logs for build [32mentando-k8s-entando-k8s-app-plu-d5pfk-6[0m stage [32mfrom-build-pack[0m and container [32mstep-build-fix-git-for-sonar[0m
Unable to retrieve container logs for docker://d2b0eaa6a825db5e6a0dbee31ff1ba61d4a1a914702e9e51461a09f0467d490f

Showing logs for build [32mentando-k8s-entando-k8s-app-plu-d5pfk-6[0m stage [32mfrom-build-pack[0m and container [32mstep-build-mvn-verify-pr[0m
Unable to retrieve container logs for docker://b5452be53aaa0855a44d3037dad592046d36a5c45aeae8375426d410a828fb47

Showing logs for build [32mentando-k8s-entando-k8s-app-plu-d5pfk-6[0m stage [32mfrom-build-pack[0m and container [32mstep-build-container-build[0m
Unable to retrieve container logs for docker://bd6515c529b5ac0f0407d06069591066491fb65b741c4564fc2097edf6146a16

Showing logs for build [32mentando-k8s-entando-k8s-app-plu-d5pfk-6[0m stage [32mfrom-build-pack[0m and container [32mstep-postbuild-post-build[0m
Unable to retrieve container logs for docker://ffdf357df26ce60f14483a38eb5396241682ef2f2e7a273bd5520752d733506b

Showing logs for build [32mentando-k8s-entando-k8s-app-plu-d5pfk-6[0m stage [32mfrom-build-pack[0m and container [32mstep-promote-make-preview[0m
Unable to retrieve container logs for docker://f5b3ed5645888f7b3ba5f20e051178210320825310d4037900f84d5e112c1536
[31m
Pipeline failed on stage 'from-build-pack' : container 'step-promote-make-preview'. The execution of the pipeline has stopped.[0m
