
Showing logs for build [32mentando-k8s-entando-de-app-pr-2-pl8dm-1[0m stage [32mfrom-build-pack[0m and container [32mcredential-initializer[0m
Unable to retrieve container logs for docker://4710ee825fcca245881b0e844bfc5e7dcbbb2ea15eeca41626d391c425b6865e

Showing logs for build [32mentando-k8s-entando-de-app-pr-2-pl8dm-1[0m stage [32mfrom-build-pack[0m and container [32mworking-dir-initializer[0m
Unable to retrieve container logs for docker://0c7c3b1ca26e7069e9abeaa8ce235413bafbee12d805253d1d6ca290399ade35

Showing logs for build [32mentando-k8s-entando-de-app-pr-2-pl8dm-1[0m stage [32mfrom-build-pack[0m and container [32mplace-tools[0m
Unable to retrieve container logs for docker://fddaf924e1d7f61dcd573497d1161c6671af690550146e368caa3a667387683c

Showing logs for build [32mentando-k8s-entando-de-app-pr-2-pl8dm-1[0m stage [32mfrom-build-pack[0m and container [32mstep-git-source-entando-k8s-entando-de-app-pr-2-pl8dm-wclq8[0m
Unable to retrieve container logs for docker://db277c8e76cbe8068b02cd00854209367db8780d1149ac536da777d5ceb2174b

Showing logs for build [32mentando-k8s-entando-de-app-pr-2-pl8dm-1[0m stage [32mfrom-build-pack[0m and container [32mstep-setup-builder-home[0m
Unable to retrieve container logs for docker://22021f6a38ee6e2feaa8357289a21a7de5aafdff7295b46101f512eab60ced7b

Showing logs for build [32mentando-k8s-entando-de-app-pr-2-pl8dm-1[0m stage [32mfrom-build-pack[0m and container [32mstep-git-merge[0m
Unable to retrieve container logs for docker://14918c243274780740c6384d6e339c2a334895171fe9090c550ec7d5c80b9d49

Showing logs for build [32mentando-k8s-entando-de-app-pr-2-pl8dm-1[0m stage [32mfrom-build-pack[0m and container [32mstep-build-set-version[0m
Unable to retrieve container logs for docker://***9dabf40fa3c543c1a07cd7e88db4ae32c6af7498e2d12f5f3c6d83e9fcd69

Showing logs for build [32mentando-k8s-entando-de-app-pr-2-pl8dm-1[0m stage [32mfrom-build-pack[0m and container [32mstep-build-mvn-verify[0m
Unable to retrieve container logs for docker://af3871fe2e58910265fc9a22a0f93930c8decc2b343fb432a2e328ad745f935f

Showing logs for build [32mentando-k8s-entando-de-app-pr-2-pl8dm-1[0m stage [32mfrom-build-pack[0m and container [32mstep-build-container-build[0m
Unable to retrieve container logs for docker://f3e8840b22f7a82b484fe66a10b70361de6dc2df530871545d48f008ec9e44c5

Showing logs for build [32mentando-k8s-entando-de-app-pr-2-pl8dm-1[0m stage [32mfrom-build-pack[0m and container [32mstep-postbuild-post-build[0m
Unable to retrieve container logs for docker://e97bb2798fac0b56f5b96763e8db0e2ff2192ed604e48409cfb60f2f0711b11a
