
Showing logs for build [32mentando-k8s-entando-k8s-operato-95tzf-5[0m stage [32mfrom-build-pack[0m and container [32mcredential-initializer[0m
Unable to retrieve container logs for docker://d08877678cf8086c735da0e5017d6359af7c4f4788ca3b31fe3e1afa11d6631f

Showing logs for build [32mentando-k8s-entando-k8s-operato-95tzf-5[0m stage [32mfrom-build-pack[0m and container [32mworking-dir-initializer[0m
Unable to retrieve container logs for docker://2e11e91f0ae58c1e21ad5c3f44e106118e8653367f89c3398fc82f990f846b17

Showing logs for build [32mentando-k8s-entando-k8s-operato-95tzf-5[0m stage [32mfrom-build-pack[0m and container [32mplace-tools[0m
Unable to retrieve container logs for docker://e5d33ed098b9710a57b57d59b5cb794f9f22e735578edc40ac9e59e318580075

Showing logs for build [32mentando-k8s-entando-k8s-operato-95tzf-5[0m stage [32mfrom-build-pack[0m and container [32mstep-git-source-entando-k8s-entando-k8s-operato-95tzf-ttjxj[0m
Unable to retrieve container logs for docker://e9d019fb18b5b651cbcca13e088b05555f8e8876b1a1c755e97777ddcc1a9565

Showing logs for build [32mentando-k8s-entando-k8s-operato-95tzf-5[0m stage [32mfrom-build-pack[0m and container [32mstep-setup-builder-home[0m
Unable to retrieve container logs for docker://93b3377f01b5746fe1d2f24aa66a221862c1a8f7ddd9387b2b6719340e984965

Showing logs for build [32mentando-k8s-entando-k8s-operato-95tzf-5[0m stage [32mfrom-build-pack[0m and container [32mstep-git-merge[0m
Unable to retrieve container logs for docker://e665487ba8628d5a1654aa5b34d7002482cbf81d6997424f2a70d7c8222dc016

Showing logs for build [32mentando-k8s-entando-k8s-operato-95tzf-5[0m stage [32mfrom-build-pack[0m and container [32mstep-setup-jx-git-credentials[0m
Unable to retrieve container logs for docker://a2000846c95a9b743f9b603b92af17055b18d23b4594d1261bab43f34acfda45

Showing logs for build [32mentando-k8s-entando-k8s-operato-95tzf-5[0m stage [32mfrom-build-pack[0m and container [32mstep-build-container-build[0m
Unable to retrieve container logs for docker://3ca9a8aea955ec68d8345accdf26a47bb55919fdfc756c551b9caeda82031924

Showing logs for build [32mentando-k8s-entando-k8s-operato-95tzf-5[0m stage [32mfrom-build-pack[0m and container [32mstep-build-verify-bundle[0m
Unable to retrieve container logs for docker://2d947564a496526d2b18dc7ca883a6285e8e7a8a1a4e14176dbf09ab50377c76

Showing logs for build [32mentando-k8s-entando-k8s-operato-95tzf-5[0m stage [32mfrom-build-pack[0m and container [32mstep-build-post-build[0m
Unable to retrieve container logs for docker://142ce5c295e9ab7fe6b712de81594d7817f12d9603b1d360bf6782f92a451e1c

Showing logs for build [32mentando-k8s-entando-k8s-operato-95tzf-5[0m stage [32mfrom-build-pack[0m and container [32mstep-promote-changelog[0m
Unable to retrieve container logs for docker://9c5c69a9136edb759368dcdf4e78940ca9d9f4fedd9c3e7ec0faba9ad1b55b37
