
Showing logs for build [32mentando-k8s-entando-k8s-operato-bq84f-6[0m stage [32mfrom-build-pack[0m and container [32mcredential-initializer[0m
Unable to retrieve container logs for docker://72451898e883c763546a1caa54f7a55db4af4cce34a5596f74b555658527df4d

Showing logs for build [32mentando-k8s-entando-k8s-operato-bq84f-6[0m stage [32mfrom-build-pack[0m and container [32mworking-dir-initializer[0m
Unable to retrieve container logs for docker://8c1cdf12811a137c0d2ffa8cfeafb33572ee3a0bcc9a730906a9f702b17d2210

Showing logs for build [32mentando-k8s-entando-k8s-operato-bq84f-6[0m stage [32mfrom-build-pack[0m and container [32mplace-tools[0m
Unable to retrieve container logs for docker://500e0f044b9aaa3ca86d8c3a3292d7104c4723e0b9ab9c7a553f97c9f2f08029

Showing logs for build [32mentando-k8s-entando-k8s-operato-bq84f-6[0m stage [32mfrom-build-pack[0m and container [32mstep-git-source-entando-k8s-entando-k8s-operato-bq84f-x6ffj[0m
Unable to retrieve container logs for docker://8d5e3f11fe53bb1c04cb16c21c4523242be9f9be9203836b1e13104c626a6905

Showing logs for build [32mentando-k8s-entando-k8s-operato-bq84f-6[0m stage [32mfrom-build-pack[0m and container [32mstep-setup-builder-home[0m
Unable to retrieve container logs for docker://60a26667815f6d6f6313d7a60cfa2c4730d0279408fb681fcc3545982911fb02

Showing logs for build [32mentando-k8s-entando-k8s-operato-bq84f-6[0m stage [32mfrom-build-pack[0m and container [32mstep-git-merge[0m
Unable to retrieve container logs for docker://a53806254ceb195fabff173f3735095810597d3b00f9300877b2273f0e07c328

Showing logs for build [32mentando-k8s-entando-k8s-operato-bq84f-6[0m stage [32mfrom-build-pack[0m and container [32mstep-setup-jx-git-credentials[0m
Unable to retrieve container logs for docker://be4eaadeb617bf68f5eb5fbb1b7e260f809151b02ebdcc0aa5105e86cec9c555

Showing logs for build [32mentando-k8s-entando-k8s-operato-bq84f-6[0m stage [32mfrom-build-pack[0m and container [32mstep-build-container-build[0m
Unable to retrieve container logs for docker://8dcd12b5b9cd821d7a2a990dbe37625841da037cba9eb8208184bc1a6a8c6978

Showing logs for build [32mentando-k8s-entando-k8s-operato-bq84f-6[0m stage [32mfrom-build-pack[0m and container [32mstep-build-verify-bundle[0m
Unable to retrieve container logs for docker://5052c5ca08ac0703f0150aad3658e075aee8172e14839126b57aff3c9388f756

Showing logs for build [32mentando-k8s-entando-k8s-operato-bq84f-6[0m stage [32mfrom-build-pack[0m and container [32mstep-build-post-build[0m
Unable to retrieve container logs for docker://08facc8c32b1b903b06cac714b0b366aa531b6972b7dd45d3bf25bf481a48024

Showing logs for build [32mentando-k8s-entando-k8s-operato-bq84f-6[0m stage [32mfrom-build-pack[0m and container [32mstep-promote-changelog[0m
Unable to retrieve container logs for docker://7c78b509dfe73b7dd1e6749fa6d8c5717abbc8ca8964201748b8c5c8db6f0d6c
