
Showing logs for build [32mentando-k8s-entando-k8s-operato-ht7df-7[0m stage [32mfrom-build-pack[0m and container [32mcredential-initializer[0m
Unable to retrieve container logs for docker://bb7162e993caad15ca92536754ccd07500d5fd3a0a057d74504c15039a75166b

Showing logs for build [32mentando-k8s-entando-k8s-operato-ht7df-7[0m stage [32mfrom-build-pack[0m and container [32mworking-dir-initializer[0m
Unable to retrieve container logs for docker://ffbd5a2b1703602a271f8d01b995ce759a9904e11f2d8754ae5a0907cadf5c28

Showing logs for build [32mentando-k8s-entando-k8s-operato-ht7df-7[0m stage [32mfrom-build-pack[0m and container [32mplace-tools[0m
Unable to retrieve container logs for docker://1a85a045ca262f3f1bc128ef9adb1805e2d196cf32d7c24aad1a88434201094d

Showing logs for build [32mentando-k8s-entando-k8s-operato-ht7df-7[0m stage [32mfrom-build-pack[0m and container [32mstep-git-source-entando-k8s-entando-k8s-operato-ht7df-j9svt[0m
Unable to retrieve container logs for docker://ddabb394ab5ea36335c47bcafd45ed7d1fdf9211fd9a1e1594259f503e49e910

Showing logs for build [32mentando-k8s-entando-k8s-operato-ht7df-7[0m stage [32mfrom-build-pack[0m and container [32mstep-setup-builder-home[0m
Unable to retrieve container logs for docker://448c886b18111d72f511ef71d327b244d51888f8ab23963dd0176b7b66bcce78

Showing logs for build [32mentando-k8s-entando-k8s-operato-ht7df-7[0m stage [32mfrom-build-pack[0m and container [32mstep-git-merge[0m
Unable to retrieve container logs for docker://a69d36983ea9b04a9df93a22e5b49155d230ce34c58ce45050ebd527bdd1170c

Showing logs for build [32mentando-k8s-entando-k8s-operato-ht7df-7[0m stage [32mfrom-build-pack[0m and container [32mstep-setup-jx-git-credentials[0m
Unable to retrieve container logs for docker://52cada278d99000a077d23c915e11653b8ae58a3ae21246de5f7318f18539754

Showing logs for build [32mentando-k8s-entando-k8s-operato-ht7df-7[0m stage [32mfrom-build-pack[0m and container [32mstep-build-container-build[0m
Unable to retrieve container logs for docker://d0e2b80d2d903c7b2d2172cacc0d7013ecc6642d42ba422190d46c40101bf27e

Showing logs for build [32mentando-k8s-entando-k8s-operato-ht7df-7[0m stage [32mfrom-build-pack[0m and container [32mstep-build-verify-bundle[0m
Unable to retrieve container logs for docker://4be2f7d633bc3b47c8addcd2172f025f4dc2416c0f88072a2bddc69bf85e7d4e

Showing logs for build [32mentando-k8s-entando-k8s-operato-ht7df-7[0m stage [32mfrom-build-pack[0m and container [32mstep-build-post-build[0m
Unable to retrieve container logs for docker://27a5f97cba2c91673947792c58c3403ceaa6ef9c334eee0a19ba778ca1ded963

Showing logs for build [32mentando-k8s-entando-k8s-operato-ht7df-7[0m stage [32mfrom-build-pack[0m and container [32mstep-promote-changelog[0m
Unable to retrieve container logs for docker://b900734332d9186d21adc34c6561c27e49e1ba5cf0333935e31036bed86cbd21
