
Showing logs for build [32mentando-entando-component-bundl-58fn9-1[0m stage [32mfrom-build-pack[0m and container [32mcredential-initializer[0m
Unable to retrieve container logs for docker://3d55bc4432eafb7bb413d75fb787930422c42b68e3f5b75781129583c030d40d

Showing logs for build [32mentando-entando-component-bundl-58fn9-1[0m stage [32mfrom-build-pack[0m and container [32mworking-dir-initializer[0m
Unable to retrieve container logs for docker://f5f91efa1244442c73697e59c5f36767acb020263185434e937fc67bde129318

Showing logs for build [32mentando-entando-component-bundl-58fn9-1[0m stage [32mfrom-build-pack[0m and container [32mplace-tools[0m
Unable to retrieve container logs for docker://d25665533a557520c0256f0073f3f711c73c913fd173c1564ec48fa703757b4d

Showing logs for build [32mentando-entando-component-bundl-58fn9-1[0m stage [32mfrom-build-pack[0m and container [32mstep-git-source-entando-entando-component-bundl-58fn9-cfp7p[0m
Unable to retrieve container logs for docker://0a5c1b4d7764d955bc407108e0509613d44e3370fb54a17494921ab80086b94d

Showing logs for build [32mentando-entando-component-bundl-58fn9-1[0m stage [32mfrom-build-pack[0m and container [32mstep-setup-builder-home[0m
Unable to retrieve container logs for docker://24afe1cdc015317356892b14602cdb351e22cd701635d7403886202246d36b07

Showing logs for build [32mentando-entando-component-bundl-58fn9-1[0m stage [32mfrom-build-pack[0m and container [32mstep-git-merge[0m
Unable to retrieve container logs for docker://4f05c5327202761f37e30392373422243653b630a5c1f57655e9b9723e9a3143

Showing logs for build [32mentando-entando-component-bundl-58fn9-1[0m stage [32mfrom-build-pack[0m and container [32mstep-build-set-version[0m
Unable to retrieve container logs for docker://a29d1bc5b83b77605e351cb35addc01130b78eb63ac093534cdf49a89f8b8a77

Showing logs for build [32mentando-entando-component-bundl-58fn9-1[0m stage [32mfrom-build-pack[0m and container [32mstep-build-fix-git-for-sonar[0m
Unable to retrieve container logs for docker://0699149ca45a583bedde928115ecaf1a3465f95079a1a2683bd513f127731a6a

Showing logs for build [32mentando-entando-component-bundl-58fn9-1[0m stage [32mfrom-build-pack[0m and container [32mstep-build-mvn-verify-pr[0m
Unable to retrieve container logs for docker://de0ff7bbd90c2e55de8b13ef6378971aae18b127d05de5269f4b009cec9c7670
[31m
Pipeline failed on stage 'from-build-pack' : container 'step-build-mvn-verify-pr'. The execution of the pipeline has stopped.[0m
