
Showing logs for build [32mentando-entando-component-bundl-ph4jl-2[0m stage [32mfrom-build-pack[0m and container [32mcredential-initializer[0m
Unable to retrieve container logs for docker://33a9e2b0bd664e78a8a0302378a9b947239d3c7e3350842610e483ddbb1e9f4f

Showing logs for build [32mentando-entando-component-bundl-ph4jl-2[0m stage [32mfrom-build-pack[0m and container [32mworking-dir-initializer[0m
Unable to retrieve container logs for docker://3f5b846e57057373aa1c43a1158a4b311aff30063e8de51022d71b0f93bb2364

Showing logs for build [32mentando-entando-component-bundl-ph4jl-2[0m stage [32mfrom-build-pack[0m and container [32mplace-tools[0m
Unable to retrieve container logs for docker://a09c6a23ff23185a07b4d4de23fff55b346d00d574af6f07a5135549c9df9f26

Showing logs for build [32mentando-entando-component-bundl-ph4jl-2[0m stage [32mfrom-build-pack[0m and container [32mstep-git-source-entando-entando-component-bundl-ph4jl-b7kkj[0m
Unable to retrieve container logs for docker://f1f97987678b4607618cbdee4a2d6b5bf6cdf0dcbec3052b1246c608f46d2d2d

Showing logs for build [32mentando-entando-component-bundl-ph4jl-2[0m stage [32mfrom-build-pack[0m and container [32mstep-setup-builder-home[0m
Unable to retrieve container logs for docker://e64210933de35b183a9669fb6f566df283bff1049754406b7fb8e1bbdd331404

Showing logs for build [32mentando-entando-component-bundl-ph4jl-2[0m stage [32mfrom-build-pack[0m and container [32mstep-git-merge[0m
Unable to retrieve container logs for docker://f08d0cdd8840eb46833fb4fe27662f49f0fe72f253718f36dbb46ba4bd87f90a

Showing logs for build [32mentando-entando-component-bundl-ph4jl-2[0m stage [32mfrom-build-pack[0m and container [32mstep-build-set-version[0m
Unable to retrieve container logs for docker://204a2a70f584ad2914a***02824eb65bccc59bf3e469fd3def2fd1edcb683010

Showing logs for build [32mentando-entando-component-bundl-ph4jl-2[0m stage [32mfrom-build-pack[0m and container [32mstep-build-fix-git-for-sonar[0m
Unable to retrieve container logs for docker://3b0ab7c3726788111719756c81b5fe5126924ad0fcaf2845614eae9af184fd30

Showing logs for build [32mentando-entando-component-bundl-ph4jl-2[0m stage [32mfrom-build-pack[0m and container [32mstep-build-mvn-verify-pr[0m
Unable to retrieve container logs for docker://aa3d94aed9e60e618a19b051fa3a1b2bad517d9e76fcd57910d922b657f5ad40
[31m
Pipeline failed on stage 'from-build-pack' : container 'step-build-mvn-verify-pr'. The execution of the pipeline has stopped.[0m
