
Showing logs for build [32mentando-entando-component-bundl-8ch7q-3[0m stage [32mfrom-build-pack[0m and container [32mcredential-initializer[0m
Unable to retrieve container logs for docker://a68cdd0312b69979d8495fa373bb4d36232dace08c12db73040188ad10e32455

Showing logs for build [32mentando-entando-component-bundl-8ch7q-3[0m stage [32mfrom-build-pack[0m and container [32mworking-dir-initializer[0m
Unable to retrieve container logs for docker://2b35df530770153f667615692d9c993bd53d40a76a8ecb167707276d2189c110

Showing logs for build [32mentando-entando-component-bundl-8ch7q-3[0m stage [32mfrom-build-pack[0m and container [32mplace-tools[0m
Unable to retrieve container logs for docker://526f2b8a7135ad47b74548b0f55cca2c9dda8fb073f92426f9507c4012978820

Showing logs for build [32mentando-entando-component-bundl-8ch7q-3[0m stage [32mfrom-build-pack[0m and container [32mstep-git-source-entando-entando-component-bundl-8ch7q-hfzz8[0m
Unable to retrieve container logs for docker://b8b50966c1f30e3c378956b168b99838931ffbea6eb8b5507e5a62d8df332310

Showing logs for build [32mentando-entando-component-bundl-8ch7q-3[0m stage [32mfrom-build-pack[0m and container [32mstep-setup-builder-home[0m
Unable to retrieve container logs for docker://77b031374471f526d5315138b7a23e79b1a80934c774bb5aeaf6e2b1f9ebc112

Showing logs for build [32mentando-entando-component-bundl-8ch7q-3[0m stage [32mfrom-build-pack[0m and container [32mstep-git-merge[0m
Unable to retrieve container logs for docker://925f584c6dc2d0087877394ddf21754440daedd2d621960f92490aa886084f67

Showing logs for build [32mentando-entando-component-bundl-8ch7q-3[0m stage [32mfrom-build-pack[0m and container [32mstep-build-set-version[0m
Unable to retrieve container logs for docker://27104e92a01da02ca312c237a88bf54ae67d2020485169134b3cadc23a98a052

Showing logs for build [32mentando-entando-component-bundl-8ch7q-3[0m stage [32mfrom-build-pack[0m and container [32mstep-build-fix-git-for-sonar[0m
Unable to retrieve container logs for docker://721f5e073ed0307610ebc897d6a32a651e2d84ebd4bb6f0d470c1b07b38c6731

Showing logs for build [32mentando-entando-component-bundl-8ch7q-3[0m stage [32mfrom-build-pack[0m and container [32mstep-build-mvn-verify-pr[0m
Unable to retrieve container logs for docker://456a3e790aaeb56e03efbfa79431db69174452605810d5050859497567760b30
[31m
Pipeline failed on stage 'from-build-pack' : container 'step-build-mvn-verify-pr'. The execution of the pipeline has stopped.[0m
