
Showing logs for build [32mentando-entando-component-bundl-q2nv7-4[0m stage [32mfrom-build-pack[0m and container [32mcredential-initializer[0m
Unable to retrieve container logs for docker://3ad9f7717732557b3972911925e9025e8c5113b6ae4da223f5450db7b9b8ce23

Showing logs for build [32mentando-entando-component-bundl-q2nv7-4[0m stage [32mfrom-build-pack[0m and container [32mworking-dir-initializer[0m
Unable to retrieve container logs for docker://f8d46b23330672730896dd146851b71fbb975489542287372e09be8cf6740c7a

Showing logs for build [32mentando-entando-component-bundl-q2nv7-4[0m stage [32mfrom-build-pack[0m and container [32mplace-tools[0m
Unable to retrieve container logs for docker://cc1549645953746882145e12004d2a73c18075c71500f43143f08c181116df7a

Showing logs for build [32mentando-entando-component-bundl-q2nv7-4[0m stage [32mfrom-build-pack[0m and container [32mstep-git-source-entando-entando-component-bundl-q2nv7-jwhvx[0m
Unable to retrieve container logs for docker://e0707d15213fa36821a904ad064ec20189244c1685a2dc09e31c2b9109772c76

Showing logs for build [32mentando-entando-component-bundl-q2nv7-4[0m stage [32mfrom-build-pack[0m and container [32mstep-setup-builder-home[0m
Unable to retrieve container logs for docker://bdef8174aff24c6009f08cf761885808e0cefa398f621860b471eeb76c9bc172

Showing logs for build [32mentando-entando-component-bundl-q2nv7-4[0m stage [32mfrom-build-pack[0m and container [32mstep-git-merge[0m
Unable to retrieve container logs for docker://06218de235ac4a158352a08228f6bb5968f448989bcf034e596a36fb78ffd25f

Showing logs for build [32mentando-entando-component-bundl-q2nv7-4[0m stage [32mfrom-build-pack[0m and container [32mstep-build-set-version[0m
Unable to retrieve container logs for docker://0718884f01adcb7e8f29b874c9d39c3b7175ac4e6db28b12a7eb0a296face408

Showing logs for build [32mentando-entando-component-bundl-q2nv7-4[0m stage [32mfrom-build-pack[0m and container [32mstep-build-fix-git-for-sonar[0m
Unable to retrieve container logs for docker://59821b23fd0558744a0cec75f197cc08e48a014e3e3e1b301c304dc8ff242f3c

Showing logs for build [32mentando-entando-component-bundl-q2nv7-4[0m stage [32mfrom-build-pack[0m and container [32mstep-build-mvn-verify-pr[0m
Unable to retrieve container logs for docker://8856789dc3f0392c413d18ca7d8d155f11f97fc8334e98416555acf07830c761
[31m
Pipeline failed on stage 'from-build-pack' : container 'step-build-mvn-verify-pr'. The execution of the pipeline has stopped.[0m
