
Showing logs for build [32mentando-entando-component-bundl-km86n-5[0m stage [32mfrom-build-pack[0m and container [32mcredential-initializer[0m
Unable to retrieve container logs for docker://49111216c0a3c074ee0cab2848741e3ba64c58cfe5efcf27c4648eb586b5232a

Showing logs for build [32mentando-entando-component-bundl-km86n-5[0m stage [32mfrom-build-pack[0m and container [32mworking-dir-initializer[0m
Unable to retrieve container logs for docker://7cc12fe2c7227829d1868ee0188b3732fecf2c1a70d38714359622d0315d2550

Showing logs for build [32mentando-entando-component-bundl-km86n-5[0m stage [32mfrom-build-pack[0m and container [32mplace-tools[0m
Unable to retrieve container logs for docker://7946cecc62ec9473834bfdbe3631ce183f0e9944bf2f8a065b326619eab45861

Showing logs for build [32mentando-entando-component-bundl-km86n-5[0m stage [32mfrom-build-pack[0m and container [32mstep-git-source-entando-entando-component-bundl-km86n-vjcjc[0m
Unable to retrieve container logs for docker://3332c740ec3074186e404b7033a793388aa566d42529eb1dcb0db272c122dc40

Showing logs for build [32mentando-entando-component-bundl-km86n-5[0m stage [32mfrom-build-pack[0m and container [32mstep-setup-builder-home[0m
Unable to retrieve container logs for docker://fb3273128e63fb2901e78bc42a9d6571160defd2af2e4976318fb97137f5b77b

Showing logs for build [32mentando-entando-component-bundl-km86n-5[0m stage [32mfrom-build-pack[0m and container [32mstep-git-merge[0m
Unable to retrieve container logs for docker://9f928d2e42a42b7e2b068cbebc8a6a649b7f15ca5c65d9383c6bb6c50294db3a

Showing logs for build [32mentando-entando-component-bundl-km86n-5[0m stage [32mfrom-build-pack[0m and container [32mstep-build-set-version[0m
Unable to retrieve container logs for docker://431615a786b9db718eaeab9904ace237f80097916708525c3a1f1229d7603604

Showing logs for build [32mentando-entando-component-bundl-km86n-5[0m stage [32mfrom-build-pack[0m and container [32mstep-build-fix-git-for-sonar[0m
Unable to retrieve container logs for docker://d84b96b037fff84f1e27ff4a9f75bb173724daf8ba9bed65c8a4969ebefdcf2c

Showing logs for build [32mentando-entando-component-bundl-km86n-5[0m stage [32mfrom-build-pack[0m and container [32mstep-build-mvn-verify-pr[0m
Unable to retrieve container logs for docker://4574a8b395f1412d625a8dfb85af0f6905d94f0e5a78c25f8e08d4ac50098c6d
[31m
Pipeline failed on stage 'from-build-pack' : container 'step-build-mvn-verify-pr'. The execution of the pipeline has stopped.[0m
