
Showing logs for build [32mentando-k8s-entando-component-m-mxnxd-3[0m stage [32mfrom-build-pack[0m and container [32mcredential-initializer[0m
Unable to retrieve container logs for docker://f12359ffd1e6245161d357dc5d587040aeb72dd53b9ba112065e0362a39a8e72

Showing logs for build [32mentando-k8s-entando-component-m-mxnxd-3[0m stage [32mfrom-build-pack[0m and container [32mworking-dir-initializer[0m
Unable to retrieve container logs for docker://6ed0d72d3ffd3e52fea7cda366d9143630a56f4de11d9d35d8b849fd865b752c

Showing logs for build [32mentando-k8s-entando-component-m-mxnxd-3[0m stage [32mfrom-build-pack[0m and container [32mplace-tools[0m
Unable to retrieve container logs for docker://26114a8e399dec1d0ec993ed257037191825ce9e3c583402e19369e0e01c1a1a

Showing logs for build [32mentando-k8s-entando-component-m-mxnxd-3[0m stage [32mfrom-build-pack[0m and container [32mstep-git-source-entando-k8s-entando-component-m-mxnxd-rdgp6[0m
Unable to retrieve container logs for docker://0320f66537fa697e25b642c5ad2cf202f044b4a2a3681a2feca45cd541a60e7e

Showing logs for build [32mentando-k8s-entando-component-m-mxnxd-3[0m stage [32mfrom-build-pack[0m and container [32mstep-setup-builder-home[0m
Unable to retrieve container logs for docker://dc0418b0f654170c99ad2d91c792757401c4d49b12f5447bddedb9ad829bcc2f

Showing logs for build [32mentando-k8s-entando-component-m-mxnxd-3[0m stage [32mfrom-build-pack[0m and container [32mstep-git-merge[0m
Unable to retrieve container logs for docker://aa2666fc02edd3724d6ba23da6ee7832b699dff4aee5162556767ebd9251d330

Showing logs for build [32mentando-k8s-entando-component-m-mxnxd-3[0m stage [32mfrom-build-pack[0m and container [32mstep-build-set-version[0m
Unable to retrieve container logs for docker://2cc9ef62bd880644f668ff1b66eb0720ec241ba8a844c5610eafbf402922f25a

Showing logs for build [32mentando-k8s-entando-component-m-mxnxd-3[0m stage [32mfrom-build-pack[0m and container [32mstep-build-fix-git-for-sonar[0m
Unable to retrieve container logs for docker://9f92ca86106b0a7f9e76c81989a759102631fefaf6ce001a9377bdd376f65f5f

Showing logs for build [32mentando-k8s-entando-component-m-mxnxd-3[0m stage [32mfrom-build-pack[0m and container [32mstep-build-mvn-verify-pr[0m
Unable to retrieve container logs for docker://4abe2b3c040b17630c81cfaa5c055d1f3aae2a63b9e1fa16e40b289ed7378970

Showing logs for build [32mentando-k8s-entando-component-m-mxnxd-3[0m stage [32mfrom-build-pack[0m and container [32mstep-build-container-build[0m
Unable to retrieve container logs for docker://6bffabe9691521353f6a213f755a250fbe47880d32e6ae452a09aa10e962c01e

Showing logs for build [32mentando-k8s-entando-component-m-mxnxd-3[0m stage [32mfrom-build-pack[0m and container [32mstep-postbuild-post-build[0m
Unable to retrieve container logs for docker://5ead77745e941d702774224de3aa661c2f9b24308e28406c5fd30404a757eb6b

Showing logs for build [32mentando-k8s-entando-component-m-mxnxd-3[0m stage [32mfrom-build-pack[0m and container [32mstep-promote-make-preview[0m
Unable to retrieve container logs for docker://40d22eb568f65d2dd1916d7e0faccb1bc09a9771ed23b75ed74137ffad9c0547
[31m
Pipeline failed on stage 'from-build-pack' : container 'step-promote-make-preview'. The execution of the pipeline has stopped.[0m
