
Showing logs for build [32mentando-k8s-entando-k8s-plugin-hhnp4-2[0m stage [32mfrom-build-pack[0m and container [32mcredential-initializer[0m
Unable to retrieve container logs for docker://998b14de4a3c8946d4fe5f49dd58bb117088dc2f4f15ed0199f45662a9973d4b

Showing logs for build [32mentando-k8s-entando-k8s-plugin-hhnp4-2[0m stage [32mfrom-build-pack[0m and container [32mworking-dir-initializer[0m
Unable to retrieve container logs for docker://6284eb000c9344199cb9ff451d31325b6e3bca248ec86e0361d56246c822d807

Showing logs for build [32mentando-k8s-entando-k8s-plugin-hhnp4-2[0m stage [32mfrom-build-pack[0m and container [32mplace-tools[0m
Unable to retrieve container logs for docker://7990eae25f0dbe4e55db89f919af871f154890659997ed6329d0e3418e979570

Showing logs for build [32mentando-k8s-entando-k8s-plugin-hhnp4-2[0m stage [32mfrom-build-pack[0m and container [32mstep-git-source-entando-k8s-entando-k8s-plugin-hhnp4-wvszt[0m
Unable to retrieve container logs for docker://3df501b82314f60b2eeda8c92cde7436f459209a06bbf57f0e92d1651ddc2f2c

Showing logs for build [32mentando-k8s-entando-k8s-plugin-hhnp4-2[0m stage [32mfrom-build-pack[0m and container [32mstep-setup-builder-home[0m
Unable to retrieve container logs for docker://4731f871719dd2390ca4c42032f46e57bdfc4e5d7d29e970d02a5c04b870de53

Showing logs for build [32mentando-k8s-entando-k8s-plugin-hhnp4-2[0m stage [32mfrom-build-pack[0m and container [32mstep-git-merge[0m
Unable to retrieve container logs for docker://80775e6ad2d74433427eff79c29ffd09bbd94bd3d3ddbf3c7e8988a78685ab78

Showing logs for build [32mentando-k8s-entando-k8s-plugin-hhnp4-2[0m stage [32mfrom-build-pack[0m and container [32mstep-setup-jx-git-credentials[0m
Unable to retrieve container logs for docker://6070bc6a66f38e0d3a512700ea9185634950e9308787154b5efa677f49a2a36b

Showing logs for build [32mentando-k8s-entando-k8s-plugin-hhnp4-2[0m stage [32mfrom-build-pack[0m and container [32mstep-build-fetch-history-for-sonar[0m
Unable to retrieve container logs for docker://fa4220994b947837dbeb0ea38d3abf5a89474c25b538f129ee883a340afc4f59

Showing logs for build [32mentando-k8s-entando-k8s-plugin-hhnp4-2[0m stage [32mfrom-build-pack[0m and container [32mstep-build-mvn-deploy-release[0m
Unable to retrieve container logs for docker://5942f010797dd726cf94af8eb0061664d9723d0267b9d4077ad08ac14e93f601

Showing logs for build [32mentando-k8s-entando-k8s-plugin-hhnp4-2[0m stage [32mfrom-build-pack[0m and container [32mstep-build-container-build[0m
Unable to retrieve container logs for docker://abfd492307008e4b52f3cfadcca97d047142f430beab03399cc902f1639d9036

Showing logs for build [32mentando-k8s-entando-k8s-plugin-hhnp4-2[0m stage [32mfrom-build-pack[0m and container [32mstep-postbuild-post-build[0m
Unable to retrieve container logs for docker://721607f1d2026c31f435eb77d5f91e7b7d9f2cc10c90335c30ac09e986ef7b18

Showing logs for build [32mentando-k8s-entando-k8s-plugin-hhnp4-2[0m stage [32mfrom-build-pack[0m and container [32mstep-promote-changelog[0m
Unable to retrieve container logs for docker://2427edc53772c06c6ebac45fd91f6655338171b10520d0070485921d4ba62c37

Showing logs for build [32mentando-k8s-entando-k8s-plugin-hhnp4-2[0m stage [32mfrom-build-pack[0m and container [32mstep-promote-update-image-map[0m
Unable to retrieve container logs for docker://58b3e2868ad22c2e9f28833d85f69c30b81ac26995880c3eb13ed18aaa6deb40
