
Showing logs for build [32mentando-k8s-entando-k8s-custom-bzxq7-1[0m stage [32mfrom-build-pack[0m and container [32mcredential-initializer[0m
Unable to retrieve container logs for docker://3e6df4267aebd81e324d60eac354dd66672878cf9e052e53599fda12be6c8452

Showing logs for build [32mentando-k8s-entando-k8s-custom-bzxq7-1[0m stage [32mfrom-build-pack[0m and container [32mworking-dir-initializer[0m
Unable to retrieve container logs for docker://d3107f91faeefb2651ba835faece2f7577f573a0b28ef5768a737ed7d7c39a3e

Showing logs for build [32mentando-k8s-entando-k8s-custom-bzxq7-1[0m stage [32mfrom-build-pack[0m and container [32mplace-tools[0m
Unable to retrieve container logs for docker://2c18867709dabc46fb98f99bc78d35519d2a33b248ae0309ebdead44c905e831

Showing logs for build [32mentando-k8s-entando-k8s-custom-bzxq7-1[0m stage [32mfrom-build-pack[0m and container [32mstep-git-source-entando-k8s-entando-k8s-custom-bzxq7-dh7wp[0m
Unable to retrieve container logs for docker://c38b1c8811cbc36cd3ce39d4fd061370d9dec5048b26f24676326faad05bf219

Showing logs for build [32mentando-k8s-entando-k8s-custom-bzxq7-1[0m stage [32mfrom-build-pack[0m and container [32mstep-setup-builder-home[0m
Unable to retrieve container logs for docker://21f376f939532f78930c942407de764a02887e98c9e343464d9bf39c4237552f

Showing logs for build [32mentando-k8s-entando-k8s-custom-bzxq7-1[0m stage [32mfrom-build-pack[0m and container [32mstep-git-merge[0m
Unable to retrieve container logs for docker://b56cac4afa2e9b14490a3945d8937f0133810fa0de9db25687126f0f5a1a4c67

Showing logs for build [32mentando-k8s-entando-k8s-custom-bzxq7-1[0m stage [32mfrom-build-pack[0m and container [32mstep-build-set-version[0m
Unable to retrieve container logs for docker://0bc456ba652b5c70755613a71616ff559dfba4e020e99339b2ac8eb319b40f1f

Showing logs for build [32mentando-k8s-entando-k8s-custom-bzxq7-1[0m stage [32mfrom-build-pack[0m and container [32mstep-build-fix-git-for-sonar[0m
Unable to retrieve container logs for docker://6f0beeeb388e3a7c21186ed3ebe22e65affc893c6a28f06ab836beb993287652

Showing logs for build [32mentando-k8s-entando-k8s-custom-bzxq7-1[0m stage [32mfrom-build-pack[0m and container [32mstep-build-mvn-verify-pr[0m
Unable to retrieve container logs for docker://021e7b7d84e8895800bb95946d04800b74d4fdad2f6eed6e15dd0f937e3d5d3f
[31m
Pipeline failed on stage 'from-build-pack' : container 'step-build-mvn-verify-pr'. The execution of the pipeline has stopped.[0m
