
Showing logs for build [32mentando-k8s-entando-k8s-databas-z5kfm-1[0m stage [32mfrom-build-pack[0m and container [32mcredential-initializer[0m
Unable to retrieve container logs for docker://d86770bb3cc41749508174b04bb23d662e1b0dde2d6cc73ee22897bbeb1d8c6f

Showing logs for build [32mentando-k8s-entando-k8s-databas-z5kfm-1[0m stage [32mfrom-build-pack[0m and container [32mworking-dir-initializer[0m
Unable to retrieve container logs for docker://8bd42c95417fec02809f9cd93dc3066d06fa92cb8dbdca16b281079560bfc843

Showing logs for build [32mentando-k8s-entando-k8s-databas-z5kfm-1[0m stage [32mfrom-build-pack[0m and container [32mplace-tools[0m
Unable to retrieve container logs for docker://6eb8b282bddadb381f761797544d9e64c05d02722c7e5c254e74d080e1454030

Showing logs for build [32mentando-k8s-entando-k8s-databas-z5kfm-1[0m stage [32mfrom-build-pack[0m and container [32mstep-git-source-entando-k8s-entando-k8s-databas-z5kfm-dsjdx[0m
Unable to retrieve container logs for docker://cc7f8dfb6ea71e1e24a5cb710b7236515c71cc0c24ecef2b4801e331a6cc3476

Showing logs for build [32mentando-k8s-entando-k8s-databas-z5kfm-1[0m stage [32mfrom-build-pack[0m and container [32mstep-setup-builder-home[0m
Unable to retrieve container logs for docker://4ee2fcecbc42ea3ecfbbf97572310901c709fdcda218475090960b485075f232

Showing logs for build [32mentando-k8s-entando-k8s-databas-z5kfm-1[0m stage [32mfrom-build-pack[0m and container [32mstep-git-merge[0m
Unable to retrieve container logs for docker://3b9d18181a801f65c28caa275deeed3d3ec126b229f14c02bd530a96fe2fce73

Showing logs for build [32mentando-k8s-entando-k8s-databas-z5kfm-1[0m stage [32mfrom-build-pack[0m and container [32mstep-build-set-version[0m
Unable to retrieve container logs for docker://fd8cef097a037b316688457a31d6f7343763dd6bafff905fb70faa74117d8063

Showing logs for build [32mentando-k8s-entando-k8s-databas-z5kfm-1[0m stage [32mfrom-build-pack[0m and container [32mstep-build-fix-git-for-sonar[0m
Unable to retrieve container logs for docker://7904aae099***53f300ac2671364c232b88c3ada19f6c90344de62d38ba73163

Showing logs for build [32mentando-k8s-entando-k8s-databas-z5kfm-1[0m stage [32mfrom-build-pack[0m and container [32mstep-build-mvn-verify-pr[0m
Unable to retrieve container logs for docker://78bb308ae0ac7396638d0e6423f331661f36a85585601d7895b9448fef4c6df3
[31m
Pipeline failed on stage 'from-build-pack' : container 'step-build-mvn-verify-pr'. The execution of the pipeline has stopped.[0m
