
Showing logs for build [32mentando-k8s-entando-k8s-databas-85c5v-2[0m stage [32mfrom-build-pack[0m and container [32mcredential-initializer[0m
Unable to retrieve container logs for docker://d0f7c03795954a4f754e9efef0021e57b6ea9f1cdc430b17072ef3ea58bab929

Showing logs for build [32mentando-k8s-entando-k8s-databas-85c5v-2[0m stage [32mfrom-build-pack[0m and container [32mworking-dir-initializer[0m
Unable to retrieve container logs for docker://eb02ae3e2c5f6632bcc119080447185eda1dd551c5e86***c3dfc10ab54fca5e

Showing logs for build [32mentando-k8s-entando-k8s-databas-85c5v-2[0m stage [32mfrom-build-pack[0m and container [32mplace-tools[0m
Unable to retrieve container logs for docker://a45f2a942ce9b918e169a9a18d278a0bdf8665d1b53f621cf9592708cc95a653

Showing logs for build [32mentando-k8s-entando-k8s-databas-85c5v-2[0m stage [32mfrom-build-pack[0m and container [32mstep-git-source-entando-k8s-entando-k8s-databas-85c5v-2vn5x[0m
Unable to retrieve container logs for docker://6c3e26fd143b1214593d424d3a75df7fc19c733d720e15582af5f1af72302407

Showing logs for build [32mentando-k8s-entando-k8s-databas-85c5v-2[0m stage [32mfrom-build-pack[0m and container [32mstep-setup-builder-home[0m
Unable to retrieve container logs for docker://2b0e1c2ae781243928bad9fda41f87612886224e8a352d10928dc1de85ee483f

Showing logs for build [32mentando-k8s-entando-k8s-databas-85c5v-2[0m stage [32mfrom-build-pack[0m and container [32mstep-git-merge[0m
Unable to retrieve container logs for docker://6b43e5aa1eea515fe528c7967a693a3b87dfca0601875170bda1afa36848a960

Showing logs for build [32mentando-k8s-entando-k8s-databas-85c5v-2[0m stage [32mfrom-build-pack[0m and container [32mstep-build-set-version[0m
Unable to retrieve container logs for docker://a4a0ae1a6d493f18e25efdff59626d2069a5bb0a61bcb930083967cbe4ea1f4b

Showing logs for build [32mentando-k8s-entando-k8s-databas-85c5v-2[0m stage [32mfrom-build-pack[0m and container [32mstep-build-fix-git-for-sonar[0m
Unable to retrieve container logs for docker://e0ed1c00b94817755c1b905c987a87389ab912b2d138d8579781f2d90556662a

Showing logs for build [32mentando-k8s-entando-k8s-databas-85c5v-2[0m stage [32mfrom-build-pack[0m and container [32mstep-build-mvn-verify-pr[0m
Unable to retrieve container logs for docker://3bc71ed9c45130626f7c30c4ae6f0b10b0f25586fcdcbd2cbe59cc0571556365
[31m
Pipeline failed on stage 'from-build-pack' : container 'step-build-mvn-verify-pr'. The execution of the pipeline has stopped.[0m
