
Showing logs for build [32mentando-k8s-entando-k8s-databas-vkvlw-3[0m stage [32mfrom-build-pack[0m and container [32mcredential-initializer[0m
Unable to retrieve container logs for docker://622c25088981ca4e94fd4a2df07e4756f07685bc5ad5f659bc0960002b5a792f

Showing logs for build [32mentando-k8s-entando-k8s-databas-vkvlw-3[0m stage [32mfrom-build-pack[0m and container [32mworking-dir-initializer[0m
Unable to retrieve container logs for docker://15a3711d67237a3854f638a5db77410de79db2c9d1b0a666860e4fcae3f23927

Showing logs for build [32mentando-k8s-entando-k8s-databas-vkvlw-3[0m stage [32mfrom-build-pack[0m and container [32mplace-tools[0m
Unable to retrieve container logs for docker://2e046a85a80cc81646f29d60451d312a0d4c53c70e8e254863484ca5a7079910

Showing logs for build [32mentando-k8s-entando-k8s-databas-vkvlw-3[0m stage [32mfrom-build-pack[0m and container [32mstep-git-source-entando-k8s-entando-k8s-databas-vkvlw-phhr7[0m
Unable to retrieve container logs for docker://b6d3e2c5a2fe9f0141fc1b79c1d6a94752a6d4953995131f73d67970f3702015

Showing logs for build [32mentando-k8s-entando-k8s-databas-vkvlw-3[0m stage [32mfrom-build-pack[0m and container [32mstep-setup-builder-home[0m
Unable to retrieve container logs for docker://a0ccb31fd7e3670244bf69980dcebc2c7c41dc833b56f66c538de847232f8d5c

Showing logs for build [32mentando-k8s-entando-k8s-databas-vkvlw-3[0m stage [32mfrom-build-pack[0m and container [32mstep-git-merge[0m
Unable to retrieve container logs for docker://af526f1ca8157069df564b630fc9db695dcf9bcdc33e7d3ee4ec260f0814ff42

Showing logs for build [32mentando-k8s-entando-k8s-databas-vkvlw-3[0m stage [32mfrom-build-pack[0m and container [32mstep-build-set-version[0m
Unable to retrieve container logs for docker://72b8d4fe89738a45cc91cc7d93e13d023ae233d6616aba7420bf8824526a7c0b

Showing logs for build [32mentando-k8s-entando-k8s-databas-vkvlw-3[0m stage [32mfrom-build-pack[0m and container [32mstep-build-fix-git-for-sonar[0m
Unable to retrieve container logs for docker://29aad4f8c281d70f23edd007a89e89795b1ef2185a4fa43ebe1138beaecd9407

Showing logs for build [32mentando-k8s-entando-k8s-databas-vkvlw-3[0m stage [32mfrom-build-pack[0m and container [32mstep-build-mvn-verify-pr[0m
Unable to retrieve container logs for docker://cadde9912daca86a4daad147dd5d***1b40d1f92ffd6b7265d7250fe9398b121
[31m
Pipeline failed on stage 'from-build-pack' : container 'step-build-mvn-verify-pr'. The execution of the pipeline has stopped.[0m
