
Showing logs for build [32mentando-k8s-entando-k8s-databas-jl2hg-4[0m stage [32mfrom-build-pack[0m and container [32mcredential-initializer[0m
Unable to retrieve container logs for docker://677f29f1d44f5035ba7118d2d984a60fecdd3e5895e8c302ddee47c65c691428

Showing logs for build [32mentando-k8s-entando-k8s-databas-jl2hg-4[0m stage [32mfrom-build-pack[0m and container [32mworking-dir-initializer[0m
Unable to retrieve container logs for docker://c2acd35356ed7b0ad76b7633212a44148b0812232abe7f132d8564ee0ce3b966

Showing logs for build [32mentando-k8s-entando-k8s-databas-jl2hg-4[0m stage [32mfrom-build-pack[0m and container [32mplace-tools[0m
Unable to retrieve container logs for docker://3605964a83846630b013fc9060ebac08f6ee7ba07f1e837ea3e272c8dbd20c38

Showing logs for build [32mentando-k8s-entando-k8s-databas-jl2hg-4[0m stage [32mfrom-build-pack[0m and container [32mstep-git-source-entando-k8s-entando-k8s-databas-jl2hg-6rd95[0m
Unable to retrieve container logs for docker://4216a3dea9e7ec31cd5cf740b90a08189b10d9549490f20d77a6a4743860c81b

Showing logs for build [32mentando-k8s-entando-k8s-databas-jl2hg-4[0m stage [32mfrom-build-pack[0m and container [32mstep-setup-builder-home[0m
Unable to retrieve container logs for docker://7e09c1c24ac3d3482f3c5819c775372f21307943c0c30743c250f60cd91bc24c

Showing logs for build [32mentando-k8s-entando-k8s-databas-jl2hg-4[0m stage [32mfrom-build-pack[0m and container [32mstep-git-merge[0m
Unable to retrieve container logs for docker://b81d2ca7894e2d63e30cae722ddb1b50869c65b929c0951089ea06179fd5927c

Showing logs for build [32mentando-k8s-entando-k8s-databas-jl2hg-4[0m stage [32mfrom-build-pack[0m and container [32mstep-build-set-version[0m
Unable to retrieve container logs for docker://9541e244e585770b647abbb472259c7dc1c789df7483592230d671a49e7f003f

Showing logs for build [32mentando-k8s-entando-k8s-databas-jl2hg-4[0m stage [32mfrom-build-pack[0m and container [32mstep-build-fix-git-for-sonar[0m
Unable to retrieve container logs for docker://50c266f6370db6024474ff7012a21a79f46a4e7bafd95276534fcceb556d9758

Showing logs for build [32mentando-k8s-entando-k8s-databas-jl2hg-4[0m stage [32mfrom-build-pack[0m and container [32mstep-build-mvn-verify-pr[0m
Unable to retrieve container logs for docker://06599b52c51af62c258a977c15d594057670e328edd7055b2a844272d1e2a307
[31m
Pipeline failed on stage 'from-build-pack' : container 'step-build-mvn-verify-pr'. The execution of the pipeline has stopped.[0m
