
Showing logs for build [32mentando-k8s-entando-k8s-databas-zff2z-5[0m stage [32mfrom-build-pack[0m and container [32mcredential-initializer[0m
Unable to retrieve container logs for docker://faaae4a920a58373ea31bd57f8a0403a6b8a7ace29eab73a5104870ac0eb466a

Showing logs for build [32mentando-k8s-entando-k8s-databas-zff2z-5[0m stage [32mfrom-build-pack[0m and container [32mworking-dir-initializer[0m
Unable to retrieve container logs for docker://0afa4cc9c50cc33ad533ef1f18935c1eecf134c02323b56a092297ab843aee6f

Showing logs for build [32mentando-k8s-entando-k8s-databas-zff2z-5[0m stage [32mfrom-build-pack[0m and container [32mplace-tools[0m
Unable to retrieve container logs for docker://afeb1abb505cb30c532c09739c2c9f380e9d4a6b64edcb672abc5363540e6801

Showing logs for build [32mentando-k8s-entando-k8s-databas-zff2z-5[0m stage [32mfrom-build-pack[0m and container [32mstep-git-source-entando-k8s-entando-k8s-databas-zff2z-n45nq[0m
Unable to retrieve container logs for docker://4a7ea9bbae6f0802d8f95a6903cbb66baaf90bd21a084630dad2c9c841fd8279

Showing logs for build [32mentando-k8s-entando-k8s-databas-zff2z-5[0m stage [32mfrom-build-pack[0m and container [32mstep-setup-builder-home[0m
Unable to retrieve container logs for docker://7c122744e60dfc1b19c15f0da7127f05e45601fc6ccbfd66deb9c77781e9845f

Showing logs for build [32mentando-k8s-entando-k8s-databas-zff2z-5[0m stage [32mfrom-build-pack[0m and container [32mstep-git-merge[0m
Unable to retrieve container logs for docker://3c279fa9cf439656956a04b68c5e82309b933da49581e2522a260059bb3f8152

Showing logs for build [32mentando-k8s-entando-k8s-databas-zff2z-5[0m stage [32mfrom-build-pack[0m and container [32mstep-build-set-version[0m
Unable to retrieve container logs for docker://42b52ce6da33652d641d148188653555704a1b0e57fab20abb41ac5f89f07d2a

Showing logs for build [32mentando-k8s-entando-k8s-databas-zff2z-5[0m stage [32mfrom-build-pack[0m and container [32mstep-build-fix-git-for-sonar[0m
Unable to retrieve container logs for docker://8095c496f93a194cbf44680617fb28100f9384c97d961b4fd4b0c23916e78723

Showing logs for build [32mentando-k8s-entando-k8s-databas-zff2z-5[0m stage [32mfrom-build-pack[0m and container [32mstep-build-mvn-verify-pr[0m
Unable to retrieve container logs for docker://d46dbd6a40a180499e9775e2bdff2f18e9cdff66c89e9d652e3814a6316a9030

Showing logs for build [32mentando-k8s-entando-k8s-databas-zff2z-5[0m stage [32mfrom-build-pack[0m and container [32mstep-build-container-build[0m
Unable to retrieve container logs for docker://c11df33c209ca353e85327ceecd2da4e63e9e7562552e44025ecf114f473802f

Showing logs for build [32mentando-k8s-entando-k8s-databas-zff2z-5[0m stage [32mfrom-build-pack[0m and container [32mstep-postbuild-post-build[0m
Unable to retrieve container logs for docker://54068ee151e4bb671f99474306c44008944322c78b814d037f2b3745a683fc76

Showing logs for build [32mentando-k8s-entando-k8s-databas-zff2z-5[0m stage [32mfrom-build-pack[0m and container [32mstep-promote-make-preview[0m
Unable to retrieve container logs for docker://e8f9e1292df126376b4adca223f7357c23b6a046bec8787558057d379244be72
[31m
Pipeline failed on stage 'from-build-pack' : container 'step-promote-make-preview'. The execution of the pipeline has stopped.[0m
