
Showing logs for build [32mentando-k8s-entando-k8s-databas-qrgjt-6[0m stage [32mfrom-build-pack[0m and container [32mcredential-initializer[0m
Unable to retrieve container logs for docker://76299d26162d615aeeebb172e91bd769a83076edb21643435bad6aa1ff9ebc4d

Showing logs for build [32mentando-k8s-entando-k8s-databas-qrgjt-6[0m stage [32mfrom-build-pack[0m and container [32mworking-dir-initializer[0m
Unable to retrieve container logs for docker://bb1720fb4ac4830d1d73f6db724e503765c4f706eb759b447f21265067dbcb61

Showing logs for build [32mentando-k8s-entando-k8s-databas-qrgjt-6[0m stage [32mfrom-build-pack[0m and container [32mplace-tools[0m
Unable to retrieve container logs for docker://425983eef02d681987bf6d8cc87c887149366cce7b1288415e26dfd29a434766

Showing logs for build [32mentando-k8s-entando-k8s-databas-qrgjt-6[0m stage [32mfrom-build-pack[0m and container [32mstep-git-source-entando-k8s-entando-k8s-databas-qrgjt-5wfcr[0m
Unable to retrieve container logs for docker://4e191f76aed38f6aaae8b6768a6a7f3503169b607566806cc35a963876bac033

Showing logs for build [32mentando-k8s-entando-k8s-databas-qrgjt-6[0m stage [32mfrom-build-pack[0m and container [32mstep-setup-builder-home[0m
Unable to retrieve container logs for docker://f7b91356eb84f60770b26136e3009b524e4633d39b4ee8766d6f66a8cced6e32

Showing logs for build [32mentando-k8s-entando-k8s-databas-qrgjt-6[0m stage [32mfrom-build-pack[0m and container [32mstep-git-merge[0m
Unable to retrieve container logs for docker://20a100fb7d8b365ca1e7572f49b7ab740c8e8e81842519724274b9987a8ca577

Showing logs for build [32mentando-k8s-entando-k8s-databas-qrgjt-6[0m stage [32mfrom-build-pack[0m and container [32mstep-build-set-version[0m
Unable to retrieve container logs for docker://56a48a9f298a824b1e170e2a0a59f03cd9b6bf904542755aec7afd2be7473352

Showing logs for build [32mentando-k8s-entando-k8s-databas-qrgjt-6[0m stage [32mfrom-build-pack[0m and container [32mstep-build-fix-git-for-sonar[0m
Unable to retrieve container logs for docker://4465ed84b0808a4118f02e849731221c97564945de12fc61527e11e891ea9f0c

Showing logs for build [32mentando-k8s-entando-k8s-databas-qrgjt-6[0m stage [32mfrom-build-pack[0m and container [32mstep-build-mvn-verify-pr[0m
Unable to retrieve container logs for docker://c83f0d1bc0c8fa4e25b3ad0d84c0b521c4dd9a5977f7ba0f2f452573ced18379
[31m
Pipeline failed on stage 'from-build-pack' : container 'step-build-mvn-verify-pr'. The execution of the pipeline has stopped.[0m
