
Showing logs for build [32mentando-k8s-entando-k8s-service-tz4pr-1[0m stage [32mfrom-build-pack[0m and container [32mcredential-initializer[0m
Unable to retrieve container logs for docker://e70ca886d576c41abb9b1a39837d563c80ae6ee6c0eb634767d98a6d4396db3e

Showing logs for build [32mentando-k8s-entando-k8s-service-tz4pr-1[0m stage [32mfrom-build-pack[0m and container [32mworking-dir-initializer[0m
Unable to retrieve container logs for docker://e15b321297787d4054c2a77dafa6421bc3c07369174abd5fb2f153988ad5410f

Showing logs for build [32mentando-k8s-entando-k8s-service-tz4pr-1[0m stage [32mfrom-build-pack[0m and container [32mplace-tools[0m
Unable to retrieve container logs for docker://449a7cf0e7f4c00eb90082d33a720e4fb1a2942fe81ac70aab77aa6ef08db735

Showing logs for build [32mentando-k8s-entando-k8s-service-tz4pr-1[0m stage [32mfrom-build-pack[0m and container [32mstep-git-source-entando-k8s-entando-k8s-service-tz4pr-km4tr[0m
Unable to retrieve container logs for docker://ee62b312e89ae17035ba550b1832ee4e709263450e05765254a4313b51165377

Showing logs for build [32mentando-k8s-entando-k8s-service-tz4pr-1[0m stage [32mfrom-build-pack[0m and container [32mstep-setup-builder-home[0m
Unable to retrieve container logs for docker://407aee5e15b6dd290a25a97e86b71209c3a568d085c2ad78ba10ade60928820d

Showing logs for build [32mentando-k8s-entando-k8s-service-tz4pr-1[0m stage [32mfrom-build-pack[0m and container [32mstep-git-merge[0m
Unable to retrieve container logs for docker://a1a66d236ecb0438a26c1f95821c195fc07979d346d4f509dda693488d04c858

Showing logs for build [32mentando-k8s-entando-k8s-service-tz4pr-1[0m stage [32mfrom-build-pack[0m and container [32mstep-build-set-version[0m
Unable to retrieve container logs for docker://d3fd261e64cb4676fa7f26149aaf6b2110a55b9d4437e54a8e3ac2163b492335

Showing logs for build [32mentando-k8s-entando-k8s-service-tz4pr-1[0m stage [32mfrom-build-pack[0m and container [32mstep-build-fix-git-for-sonar[0m
Unable to retrieve container logs for docker://816d5d8ba26af2649e681837ecef565a59aee621a2bcf93b38a2162bdcf4a324

Showing logs for build [32mentando-k8s-entando-k8s-service-tz4pr-1[0m stage [32mfrom-build-pack[0m and container [32mstep-build-mvn-verify-pr[0m
Unable to retrieve container logs for docker://da45b6c060259a82790c53c8c46977c9b1394be19115771e6b05f4e4a085793b

Showing logs for build [32mentando-k8s-entando-k8s-service-tz4pr-1[0m stage [32mfrom-build-pack[0m and container [32mstep-build-container-build[0m
Unable to retrieve container logs for docker://d15a7972b06a50338ef0b0f95964a63c49af01454f90f62b446615f34498f138

Showing logs for build [32mentando-k8s-entando-k8s-service-tz4pr-1[0m stage [32mfrom-build-pack[0m and container [32mstep-postbuild-post-build[0m
Unable to retrieve container logs for docker://cfdf9ea530c8dc1bdad343486f33fb62d65880d27eac994d7ff0416af0d2a552
