
Showing logs for build [32mentando-k8s-entando-k8s-service-lt952-2[0m stage [32mfrom-build-pack[0m and container [32mcredential-initializer[0m
Unable to retrieve container logs for docker://1b9a9f8943da041274a98c9d1a7c1015b419ab0cd4f0ac7f1c2c5e83271be35a

Showing logs for build [32mentando-k8s-entando-k8s-service-lt952-2[0m stage [32mfrom-build-pack[0m and container [32mworking-dir-initializer[0m
Unable to retrieve container logs for docker://bee5100744529664151fe5fd29117c305febfc1711e4fc16e525085d0312915c

Showing logs for build [32mentando-k8s-entando-k8s-service-lt952-2[0m stage [32mfrom-build-pack[0m and container [32mplace-tools[0m
Unable to retrieve container logs for docker://65bb07aecab61c6f7e2b10d369e6130a0dd9b0ae62b1ba52a32db9c07f970743

Showing logs for build [32mentando-k8s-entando-k8s-service-lt952-2[0m stage [32mfrom-build-pack[0m and container [32mstep-git-source-entando-k8s-entando-k8s-service-lt952-tw2kx[0m
Unable to retrieve container logs for docker://5d2a21422e0ef6753931889b43ec8225f5dd49d21e06be7a83039576786c0b19

Showing logs for build [32mentando-k8s-entando-k8s-service-lt952-2[0m stage [32mfrom-build-pack[0m and container [32mstep-setup-builder-home[0m
Unable to retrieve container logs for docker://20b585469da6c56f50b0aabe09d6e316a102d2ddf2439d7c4b7150b6e66cc959

Showing logs for build [32mentando-k8s-entando-k8s-service-lt952-2[0m stage [32mfrom-build-pack[0m and container [32mstep-git-merge[0m
Unable to retrieve container logs for docker://b3fae5b48a09bc644d7335b8f37a712f19f5f486be539e4ea9300e28bd36741b

Showing logs for build [32mentando-k8s-entando-k8s-service-lt952-2[0m stage [32mfrom-build-pack[0m and container [32mstep-build-set-version[0m
Unable to retrieve container logs for docker://ca9e5b766e7a8801ace670895fb7eb626729c6040467420d7c87f67c67f83766

Showing logs for build [32mentando-k8s-entando-k8s-service-lt952-2[0m stage [32mfrom-build-pack[0m and container [32mstep-build-fix-git-for-sonar[0m
Unable to retrieve container logs for docker://e1a70194cc7c086bb48be37dec3bc142fdfc0c4a6ae6f648e1aff1c99758aa29

Showing logs for build [32mentando-k8s-entando-k8s-service-lt952-2[0m stage [32mfrom-build-pack[0m and container [32mstep-build-mvn-verify-pr[0m
Unable to retrieve container logs for docker://4958ce9e6672d706f9d64a4a4ad838545c83a44aefb5297cdb09b5fe5bc9574f

Showing logs for build [32mentando-k8s-entando-k8s-service-lt952-2[0m stage [32mfrom-build-pack[0m and container [32mstep-build-container-build[0m
Unable to retrieve container logs for docker://08693ac4355d7165f1c25d4cd29856181492d5684d20a7360094d0241eb35744

Showing logs for build [32mentando-k8s-entando-k8s-service-lt952-2[0m stage [32mfrom-build-pack[0m and container [32mstep-postbuild-post-build[0m
Unable to retrieve container logs for docker://a78c06ec66f07d6813943153f28bc84492b28be1ff92964759644a6fb098ff41
