
Showing logs for build [32mentando-k8s-entando-k8s-dbjob-p-hwmr5-1[0m stage [32mfrom-build-pack[0m and container [32mcredential-initializer[0m
Unable to retrieve container logs for docker://ca6e39f26748f82f9dac57055588051ed027ea8b0ad6dd3fdc2cd85ff0388a40

Showing logs for build [32mentando-k8s-entando-k8s-dbjob-p-hwmr5-1[0m stage [32mfrom-build-pack[0m and container [32mworking-dir-initializer[0m
Unable to retrieve container logs for docker://fcc7d0b59010042512cd0337b5e57834dd7a4b8bcae55e49b7e3decca517b019

Showing logs for build [32mentando-k8s-entando-k8s-dbjob-p-hwmr5-1[0m stage [32mfrom-build-pack[0m and container [32mplace-tools[0m
Unable to retrieve container logs for docker://8f634b2b698f07577490cdf592dd4a7bc775877b3ac8e73591862eaf5270d412

Showing logs for build [32mentando-k8s-entando-k8s-dbjob-p-hwmr5-1[0m stage [32mfrom-build-pack[0m and container [32mstep-git-source-entando-k8s-entando-k8s-dbjob-p-hwmr5-j4wv5[0m
Unable to retrieve container logs for docker://b587013f140d1e3ecda3e25f52db7c2fb16e013d6fb66c70a647fe1167320466

Showing logs for build [32mentando-k8s-entando-k8s-dbjob-p-hwmr5-1[0m stage [32mfrom-build-pack[0m and container [32mstep-setup-builder-home[0m
Unable to retrieve container logs for docker://9267912cd1ab13728716ef89434a0b7d0594e2c085097862712c02053e84dd3a

Showing logs for build [32mentando-k8s-entando-k8s-dbjob-p-hwmr5-1[0m stage [32mfrom-build-pack[0m and container [32mstep-git-merge[0m
Unable to retrieve container logs for docker://98fe4f8ab901e90e8e035ea9f7ed52641b5e1700c9ae2508d83d5629c18c7607

Showing logs for build [32mentando-k8s-entando-k8s-dbjob-p-hwmr5-1[0m stage [32mfrom-build-pack[0m and container [32mstep-build-set-version[0m
Unable to retrieve container logs for docker://9e468a0c39790a0dcd1a5d75434d4245b4e7bee3a62cc96ad633ae2612666c74

Showing logs for build [32mentando-k8s-entando-k8s-dbjob-p-hwmr5-1[0m stage [32mfrom-build-pack[0m and container [32mstep-build-fix-git-for-sonar[0m
Unable to retrieve container logs for docker://5794dbba01cc877fc0808fce37d3aa6aa5b1182f702b2847704c475ae5fcab60

Showing logs for build [32mentando-k8s-entando-k8s-dbjob-p-hwmr5-1[0m stage [32mfrom-build-pack[0m and container [32mstep-build-mvn-verify-pr[0m
Unable to retrieve container logs for docker://cd7251bd5fdaae259f4fb78fa65aa62222815f120a05794b7f54e968ae70c75b
[31m
Pipeline failed on stage 'from-build-pack' : container 'step-build-mvn-verify-pr'. The execution of the pipeline has stopped.[0m
