
Showing logs for build [32mentando-k8s-entando-k8s-dbjob-p-4f6pj-11[0m stage [32mfrom-build-pack[0m and container [32mcredential-initializer[0m
Unable to retrieve container logs for docker://aa3ef7eabc087b7b8c55bc251665f474d3b5ced8ddbd831bbff121f212b57531

Showing logs for build [32mentando-k8s-entando-k8s-dbjob-p-4f6pj-11[0m stage [32mfrom-build-pack[0m and container [32mworking-dir-initializer[0m
Unable to retrieve container logs for docker://09d2fa2b8faf340743b5e370d92f2b68f9b877e2e653826647ec99fbe165d16a

Showing logs for build [32mentando-k8s-entando-k8s-dbjob-p-4f6pj-11[0m stage [32mfrom-build-pack[0m and container [32mplace-tools[0m
Unable to retrieve container logs for docker://d86f06774b17067f42b95ed83072dd14d59706f0f932796b94c229929c98444b

Showing logs for build [32mentando-k8s-entando-k8s-dbjob-p-4f6pj-11[0m stage [32mfrom-build-pack[0m and container [32mstep-git-source-entando-k8s-entando-k8s-dbjob-p-4f6pj-q6hwx[0m
Unable to retrieve container logs for docker://381e8e7af321dc527087664e05c2a22af1328709df9e79443d96d6f2eb36ac42

Showing logs for build [32mentando-k8s-entando-k8s-dbjob-p-4f6pj-11[0m stage [32mfrom-build-pack[0m and container [32mstep-setup-builder-home[0m
Unable to retrieve container logs for docker://0a7884baff215244b189a45b8daa0e09a1d33688318a61741c0b29c71bf59936

Showing logs for build [32mentando-k8s-entando-k8s-dbjob-p-4f6pj-11[0m stage [32mfrom-build-pack[0m and container [32mstep-git-merge[0m
Unable to retrieve container logs for docker://1cd80e53424eab57574314164b13967b41a47c2b3420d4231b3232727a186772

Showing logs for build [32mentando-k8s-entando-k8s-dbjob-p-4f6pj-11[0m stage [32mfrom-build-pack[0m and container [32mstep-build-set-version[0m
Unable to retrieve container logs for docker://239b5a2570c909681bbcc8da8342d7137198307555d51e2915ad16ed6eae8d01

Showing logs for build [32mentando-k8s-entando-k8s-dbjob-p-4f6pj-11[0m stage [32mfrom-build-pack[0m and container [32mstep-build-fix-git-for-sonar[0m
Unable to retrieve container logs for docker://bf2cc9806c2e511cf5b9c928a7ec2161872aaf78d368cf7284d619e9c224c37e

Showing logs for build [32mentando-k8s-entando-k8s-dbjob-p-4f6pj-11[0m stage [32mfrom-build-pack[0m and container [32mstep-build-mvn-verify-pr[0m
Unable to retrieve container logs for docker://36deecfed493944fd6682b38dfdca189e05072a5edeb6bc7bae54b382d5e6776
[31m
Pipeline failed on stage 'from-build-pack' : container 'step-build-mvn-verify-pr'. The execution of the pipeline has stopped.[0m
