
Showing logs for build [32mentando-k8s-entando-k8s-dbjob-p-mh8mf-12[0m stage [32mfrom-build-pack[0m and container [32mcredential-initializer[0m
Unable to retrieve container logs for docker://0263d367519be83930c45e9a9f61de527818f6d319dae21f65bf9f645762ae38

Showing logs for build [32mentando-k8s-entando-k8s-dbjob-p-mh8mf-12[0m stage [32mfrom-build-pack[0m and container [32mworking-dir-initializer[0m
Unable to retrieve container logs for docker://bb5bb9b03fd2b22d9399cbc66b8a61399009dab3f5528e312387c4fdee987002

Showing logs for build [32mentando-k8s-entando-k8s-dbjob-p-mh8mf-12[0m stage [32mfrom-build-pack[0m and container [32mplace-tools[0m
Unable to retrieve container logs for docker://519c753d9384a01d25c48e3da2350755aa4fd062253565395b5971daa3c00d01

Showing logs for build [32mentando-k8s-entando-k8s-dbjob-p-mh8mf-12[0m stage [32mfrom-build-pack[0m and container [32mstep-git-source-entando-k8s-entando-k8s-dbjob-p-mh8mf-747wd[0m
Unable to retrieve container logs for docker://c2cf0d236b302514f94f4c356bdf5cc1695dbb545c1e5834d0c0154214837711

Showing logs for build [32mentando-k8s-entando-k8s-dbjob-p-mh8mf-12[0m stage [32mfrom-build-pack[0m and container [32mstep-setup-builder-home[0m
Unable to retrieve container logs for docker://6bcfd121eaccef3e5e8ea56cc62af41994a20e098141471b33e0b2313b61fc40

Showing logs for build [32mentando-k8s-entando-k8s-dbjob-p-mh8mf-12[0m stage [32mfrom-build-pack[0m and container [32mstep-git-merge[0m
Unable to retrieve container logs for docker://cf99385f6557ff04ea098612cac21b4ca386f5938ca2cc40fb47ef8f2a704f03

Showing logs for build [32mentando-k8s-entando-k8s-dbjob-p-mh8mf-12[0m stage [32mfrom-build-pack[0m and container [32mstep-build-set-version[0m
Unable to retrieve container logs for docker://1659ee77404fbc6d41f31cfc60657e74de33276f7b67124ddb292e6b6942852f

Showing logs for build [32mentando-k8s-entando-k8s-dbjob-p-mh8mf-12[0m stage [32mfrom-build-pack[0m and container [32mstep-build-fix-git-for-sonar[0m
Unable to retrieve container logs for docker://c24779574f4bcf1d96b4c078e822a82a2562db656487cd7afac9b5c88e4cc642

Showing logs for build [32mentando-k8s-entando-k8s-dbjob-p-mh8mf-12[0m stage [32mfrom-build-pack[0m and container [32mstep-build-mvn-verify-pr[0m
Unable to retrieve container logs for docker://c53ba902d080bf3f9440c948585d7271f1d087a16fbc1650634251e5724d470e
[31m
Pipeline failed on stage 'from-build-pack' : container 'step-build-mvn-verify-pr'. The execution of the pipeline has stopped.[0m
