
Showing logs for build [32mentando-k8s-entando-k8s-dbjob-p-nqm7r-13[0m stage [32mfrom-build-pack[0m and container [32mcredential-initializer[0m
Unable to retrieve container logs for docker://5c72ba4738192a3091e4d030a4c92f0e4a45c89bf6d0751afd5e9975e09d386e

Showing logs for build [32mentando-k8s-entando-k8s-dbjob-p-nqm7r-13[0m stage [32mfrom-build-pack[0m and container [32mworking-dir-initializer[0m
Unable to retrieve container logs for docker://f6e8761068eba41f6c1784a6aca4323ca7de53330cc28678d34959414826116e

Showing logs for build [32mentando-k8s-entando-k8s-dbjob-p-nqm7r-13[0m stage [32mfrom-build-pack[0m and container [32mplace-tools[0m
Unable to retrieve container logs for docker://85ca6293fe323d5cc33f287f10435c676611d8c8a762e53ad5d0ae5806a1c154

Showing logs for build [32mentando-k8s-entando-k8s-dbjob-p-nqm7r-13[0m stage [32mfrom-build-pack[0m and container [32mstep-git-source-entando-k8s-entando-k8s-dbjob-p-nqm7r-db6mp[0m
Unable to retrieve container logs for docker://689ee42b77b94e38d046c7c742ddb7284f3f33777d4c0e46b3856f5065a36236

Showing logs for build [32mentando-k8s-entando-k8s-dbjob-p-nqm7r-13[0m stage [32mfrom-build-pack[0m and container [32mstep-setup-builder-home[0m
Unable to retrieve container logs for docker://e56421ca562a5e0f75b84d018ff9ca60deb46ffaeaf1590f9fec71a8c64ffa36

Showing logs for build [32mentando-k8s-entando-k8s-dbjob-p-nqm7r-13[0m stage [32mfrom-build-pack[0m and container [32mstep-git-merge[0m
Unable to retrieve container logs for docker://d483f5df5f1aae6879ad36941c3d437def0e8ce316af602483785c7b3ce41452

Showing logs for build [32mentando-k8s-entando-k8s-dbjob-p-nqm7r-13[0m stage [32mfrom-build-pack[0m and container [32mstep-build-set-version[0m
Unable to retrieve container logs for docker://dcec60adff65e12fc073917f2beab70bb86838d4d2a6d635a7df475b52f49310

Showing logs for build [32mentando-k8s-entando-k8s-dbjob-p-nqm7r-13[0m stage [32mfrom-build-pack[0m and container [32mstep-build-fix-git-for-sonar[0m
Unable to retrieve container logs for docker://93da03f759ab080ecd17730b881bbc5faf20fb981ede196540b7d60915345b29

Showing logs for build [32mentando-k8s-entando-k8s-dbjob-p-nqm7r-13[0m stage [32mfrom-build-pack[0m and container [32mstep-build-mvn-verify-pr[0m
Unable to retrieve container logs for docker://0f2b3260038a2550d358501df62880366e80de68ff14ae6aeadcb7aec98c2065

Showing logs for build [32mentando-k8s-entando-k8s-dbjob-p-nqm7r-13[0m stage [32mfrom-build-pack[0m and container [32mstep-build-container-build[0m
Unable to retrieve container logs for docker://2f32dbc6e53d103fef36537f9416d305768dc825c0b4e87cc98d0e6fd2ac506d

Showing logs for build [32mentando-k8s-entando-k8s-dbjob-p-nqm7r-13[0m stage [32mfrom-build-pack[0m and container [32mstep-postbuild-post-build[0m
Unable to retrieve container logs for docker://3e76a8f8494aa4236cff3d24c5446d19926c216ff8d5ca62df96a338ec497568

Showing logs for build [32mentando-k8s-entando-k8s-dbjob-p-nqm7r-13[0m stage [32mfrom-build-pack[0m and container [32mstep-promote-make-preview[0m
Unable to retrieve container logs for docker://e5f48ffc4e25900e2d540ac94e8c50013c7143ccb4d1704159f6e521fdc5da4a
[31m
Pipeline failed on stage 'from-build-pack' : container 'step-promote-make-preview'. The execution of the pipeline has stopped.[0m
