
Showing logs for build [32mentando-k8s-entando-k8s-dbjob-p-6hkzs-14[0m stage [32mfrom-build-pack[0m and container [32mcredential-initializer[0m
Unable to retrieve container logs for docker://3598114ddb1a30101136b17980b176225226adc790bfec3881733c478c946b77

Showing logs for build [32mentando-k8s-entando-k8s-dbjob-p-6hkzs-14[0m stage [32mfrom-build-pack[0m and container [32mworking-dir-initializer[0m
Unable to retrieve container logs for docker://060b73fd35712956e017ec2428f73b23fa4dda27482f4759b781a696e858131b

Showing logs for build [32mentando-k8s-entando-k8s-dbjob-p-6hkzs-14[0m stage [32mfrom-build-pack[0m and container [32mplace-tools[0m
Unable to retrieve container logs for docker://ff7f5ba4f9451d13e3794916b61a2f08061e063716714c5bb7d9666f151bac4f

Showing logs for build [32mentando-k8s-entando-k8s-dbjob-p-6hkzs-14[0m stage [32mfrom-build-pack[0m and container [32mstep-git-source-entando-k8s-entando-k8s-dbjob-p-6hkzs-l7fxv[0m
Unable to retrieve container logs for docker://ea082fff066c6b311b25b7cbd3260912c1e8b4c79c1e6b7449f9ee02aa43ea09

Showing logs for build [32mentando-k8s-entando-k8s-dbjob-p-6hkzs-14[0m stage [32mfrom-build-pack[0m and container [32mstep-setup-builder-home[0m
Unable to retrieve container logs for docker://987064ced9633816499beeb7d9c648045de193dd880c5b458115821e430f5206

Showing logs for build [32mentando-k8s-entando-k8s-dbjob-p-6hkzs-14[0m stage [32mfrom-build-pack[0m and container [32mstep-git-merge[0m
Unable to retrieve container logs for docker://b33486091852a9154f634785edf2e96a5d1b6a5a4979fe57c3d685c1c0db4524

Showing logs for build [32mentando-k8s-entando-k8s-dbjob-p-6hkzs-14[0m stage [32mfrom-build-pack[0m and container [32mstep-build-set-version[0m
Unable to retrieve container logs for docker://188f8fd595931766714e54cb02e0415ad0810a31e9564d4524dfaaa154056536

Showing logs for build [32mentando-k8s-entando-k8s-dbjob-p-6hkzs-14[0m stage [32mfrom-build-pack[0m and container [32mstep-build-fix-git-for-sonar[0m
Unable to retrieve container logs for docker://ccfbc2b10128143d76e580e87ace051e93178371b84fbf33fad128fb770cf471

Showing logs for build [32mentando-k8s-entando-k8s-dbjob-p-6hkzs-14[0m stage [32mfrom-build-pack[0m and container [32mstep-build-mvn-verify-pr[0m
Unable to retrieve container logs for docker://2f72308bfafcd1215bc2e5c88c6d60236ab0c71cb488222ffa4934b35b653e02

Showing logs for build [32mentando-k8s-entando-k8s-dbjob-p-6hkzs-14[0m stage [32mfrom-build-pack[0m and container [32mstep-build-container-build[0m
Unable to retrieve container logs for docker://fc23e1b6b45db63689ce9d000f86b63d75e563aca95858475db41c4b1be63249

Showing logs for build [32mentando-k8s-entando-k8s-dbjob-p-6hkzs-14[0m stage [32mfrom-build-pack[0m and container [32mstep-postbuild-post-build[0m
Unable to retrieve container logs for docker://1aa3d57addc580769b399c12c58344713a5a3d857481316cb5d597e68d0b655c

Showing logs for build [32mentando-k8s-entando-k8s-dbjob-p-6hkzs-14[0m stage [32mfrom-build-pack[0m and container [32mstep-promote-make-preview[0m
Unable to retrieve container logs for docker://9df9f8769a04f62113dad38edf787903c5f064416548db430f95cb3b1363a21b
[31m
Pipeline failed on stage 'from-build-pack' : container 'step-promote-make-preview'. The execution of the pipeline has stopped.[0m
