
Showing logs for build [32mentando-k8s-entando-k8s-dbjob-p-g8st5-2[0m stage [32mfrom-build-pack[0m and container [32mcredential-initializer[0m
Unable to retrieve container logs for docker://b8de9cf1e6c9dc07311ff775fa07ee763bf69b34a064f94667eaabc5c240a006

Showing logs for build [32mentando-k8s-entando-k8s-dbjob-p-g8st5-2[0m stage [32mfrom-build-pack[0m and container [32mworking-dir-initializer[0m
Unable to retrieve container logs for docker://c8453be7a242dc361533e71986faed04c4e1d859eefe1651a6cea48a371e391f

Showing logs for build [32mentando-k8s-entando-k8s-dbjob-p-g8st5-2[0m stage [32mfrom-build-pack[0m and container [32mplace-tools[0m
Unable to retrieve container logs for docker://0fe2c49a666aac26aab163ceaea7af7010d1647e0684d1751ac1a8c77457a507

Showing logs for build [32mentando-k8s-entando-k8s-dbjob-p-g8st5-2[0m stage [32mfrom-build-pack[0m and container [32mstep-git-source-entando-k8s-entando-k8s-dbjob-p-g8st5-8c64h[0m
Unable to retrieve container logs for docker://29e91a001387a40cc5aae91608ee645222d389cd7866420e459a02b5b9c25e24

Showing logs for build [32mentando-k8s-entando-k8s-dbjob-p-g8st5-2[0m stage [32mfrom-build-pack[0m and container [32mstep-setup-builder-home[0m
Unable to retrieve container logs for docker://ff259c2267ffc661cfcf1fcc4fd1de26132ee920b6b8607c1664cdba764a956f

Showing logs for build [32mentando-k8s-entando-k8s-dbjob-p-g8st5-2[0m stage [32mfrom-build-pack[0m and container [32mstep-git-merge[0m
Unable to retrieve container logs for docker://762e1665580d2a3f460840224d26e347b0c71413cc01b813dbfe76ec0ec53259

Showing logs for build [32mentando-k8s-entando-k8s-dbjob-p-g8st5-2[0m stage [32mfrom-build-pack[0m and container [32mstep-build-set-version[0m
Unable to retrieve container logs for docker://d941107742bfb617cde13dbc21f38b05704772bc37989b3e3958c58dbf125606

Showing logs for build [32mentando-k8s-entando-k8s-dbjob-p-g8st5-2[0m stage [32mfrom-build-pack[0m and container [32mstep-build-fix-git-for-sonar[0m
Unable to retrieve container logs for docker://242700644bfdc3539788c9b8dd4579776667afff1068ec6772609974aba46969

Showing logs for build [32mentando-k8s-entando-k8s-dbjob-p-g8st5-2[0m stage [32mfrom-build-pack[0m and container [32mstep-build-mvn-verify-pr[0m
Unable to retrieve container logs for docker://03f722786e6df619ad41a7c6707af7134e2ca04643b0e83b0ffe8ab8c0ebe715
[31m
Pipeline failed on stage 'from-build-pack' : container 'step-build-mvn-verify-pr'. The execution of the pipeline has stopped.[0m
