
Showing logs for build [32mentando-k8s-entando-k8s-dbjob-p-9h67s-3[0m stage [32mfrom-build-pack[0m and container [32mcredential-initializer[0m
Unable to retrieve container logs for docker://37f97dac40901e14683b886eb935e47c620711d2413e190a4b477baa167d9a73

Showing logs for build [32mentando-k8s-entando-k8s-dbjob-p-9h67s-3[0m stage [32mfrom-build-pack[0m and container [32mworking-dir-initializer[0m
Unable to retrieve container logs for docker://9baca910e9801d7fa138c8989a12b1264c053423cb0c9036d6c5f58472bae601

Showing logs for build [32mentando-k8s-entando-k8s-dbjob-p-9h67s-3[0m stage [32mfrom-build-pack[0m and container [32mplace-tools[0m
Unable to retrieve container logs for docker://bc69f8014ad4824e2da00e1b7bf575629ceaa9b31a34634b360829b39b000616

Showing logs for build [32mentando-k8s-entando-k8s-dbjob-p-9h67s-3[0m stage [32mfrom-build-pack[0m and container [32mstep-git-source-entando-k8s-entando-k8s-dbjob-p-9h67s-bcq6z[0m
Unable to retrieve container logs for docker://2728255b1d77a540ad16dc96260be059f5f20f47cd038b179bd66e8adac69324

Showing logs for build [32mentando-k8s-entando-k8s-dbjob-p-9h67s-3[0m stage [32mfrom-build-pack[0m and container [32mstep-setup-builder-home[0m
Unable to retrieve container logs for docker://12066e44040fc278ce688559a71a82164e7e17b563ddc32139bb683711475527

Showing logs for build [32mentando-k8s-entando-k8s-dbjob-p-9h67s-3[0m stage [32mfrom-build-pack[0m and container [32mstep-git-merge[0m
Unable to retrieve container logs for docker://4b4ca034b86ae36dfc871bbdee64272356bdd2d50e1f6b4277e56fa204f1f178

Showing logs for build [32mentando-k8s-entando-k8s-dbjob-p-9h67s-3[0m stage [32mfrom-build-pack[0m and container [32mstep-build-set-version[0m
Unable to retrieve container logs for docker://45ccb8e51e06154533096c2dbc268b5f***5826f4a5c307bd4bb62a1f45baf17

Showing logs for build [32mentando-k8s-entando-k8s-dbjob-p-9h67s-3[0m stage [32mfrom-build-pack[0m and container [32mstep-build-fix-git-for-sonar[0m
Unable to retrieve container logs for docker://7fad349d8688850a074a1ab64928af67d81a61a16ea9***41d0fe49ff0563743

Showing logs for build [32mentando-k8s-entando-k8s-dbjob-p-9h67s-3[0m stage [32mfrom-build-pack[0m and container [32mstep-build-mvn-verify-pr[0m
Unable to retrieve container logs for docker://76272dee09cd5c6d6627d400b3b0b4623c4e8944a70230489050fb0ad80bd929

Showing logs for build [32mentando-k8s-entando-k8s-dbjob-p-9h67s-3[0m stage [32mfrom-build-pack[0m and container [32mstep-build-container-build[0m
Unable to retrieve container logs for docker://d874a081c83f924e6d5c3e176265e0208b061c287247d11aa1a7f3818abcb376

Showing logs for build [32mentando-k8s-entando-k8s-dbjob-p-9h67s-3[0m stage [32mfrom-build-pack[0m and container [32mstep-postbuild-post-build[0m
Unable to retrieve container logs for docker://1f853c93733ef54d681df9ca418b722c64b13dc22913***97bfb75d265d3314d

Showing logs for build [32mentando-k8s-entando-k8s-dbjob-p-9h67s-3[0m stage [32mfrom-build-pack[0m and container [32mstep-promote-make-preview[0m
Unable to retrieve container logs for docker://dcdb7527f9909b5147408f05e23d933e925ef344290ca0300780c182295fbd3c
[31m
Pipeline failed on stage 'from-build-pack' : container 'step-promote-make-preview'. The execution of the pipeline has stopped.[0m
