
Showing logs for build [32mentando-k8s-entando-k8s-dbjob-p-brmp9-4[0m stage [32mfrom-build-pack[0m and container [32mcredential-initializer[0m
Unable to retrieve container logs for docker://073ae2d5545959164f5f8def68ac97187f715ee9cad02e57599b183e788d274c

Showing logs for build [32mentando-k8s-entando-k8s-dbjob-p-brmp9-4[0m stage [32mfrom-build-pack[0m and container [32mworking-dir-initializer[0m
Unable to retrieve container logs for docker://b2589eb0b89c8649ef06cde9ba32654818f0f9fea83e7855a630bc11b8c11a7a

Showing logs for build [32mentando-k8s-entando-k8s-dbjob-p-brmp9-4[0m stage [32mfrom-build-pack[0m and container [32mplace-tools[0m
Unable to retrieve container logs for docker://be8e11408faad13166fd81bedb5b862b5e04cb15a5963f495206669678eb9768

Showing logs for build [32mentando-k8s-entando-k8s-dbjob-p-brmp9-4[0m stage [32mfrom-build-pack[0m and container [32mstep-git-source-entando-k8s-entando-k8s-dbjob-p-brmp9-4tl62[0m
Unable to retrieve container logs for docker://d8dcd418bdc02ee337820033fb4575b14dba645cc7215e99c571b1c0565b64cf

Showing logs for build [32mentando-k8s-entando-k8s-dbjob-p-brmp9-4[0m stage [32mfrom-build-pack[0m and container [32mstep-setup-builder-home[0m
Unable to retrieve container logs for docker://d1aa0cc696982e2ce7ccf745bec6cc3b0546f730a3e42926eda2468537785a06

Showing logs for build [32mentando-k8s-entando-k8s-dbjob-p-brmp9-4[0m stage [32mfrom-build-pack[0m and container [32mstep-git-merge[0m
Unable to retrieve container logs for docker://0f8d87d620a8652a67119a3a09855b2ccb81debbc5606c75f2f6d4608c071801

Showing logs for build [32mentando-k8s-entando-k8s-dbjob-p-brmp9-4[0m stage [32mfrom-build-pack[0m and container [32mstep-build-set-version[0m
Unable to retrieve container logs for docker://44a49cae29ec5558a53627dad744e64d5c3d661ee277f377a0a94dca04d5d63c

Showing logs for build [32mentando-k8s-entando-k8s-dbjob-p-brmp9-4[0m stage [32mfrom-build-pack[0m and container [32mstep-build-fix-git-for-sonar[0m
Unable to retrieve container logs for docker://cf8db3a8f9be5d5b291ebe917d506a50206f0451a2efae72e1dec205c8f58a60

Showing logs for build [32mentando-k8s-entando-k8s-dbjob-p-brmp9-4[0m stage [32mfrom-build-pack[0m and container [32mstep-build-mvn-verify-pr[0m
Unable to retrieve container logs for docker://7d773ecd33934f01f486fa398767266edbcf6d530603722be81a96d05d14f66f

Showing logs for build [32mentando-k8s-entando-k8s-dbjob-p-brmp9-4[0m stage [32mfrom-build-pack[0m and container [32mstep-build-container-build[0m
Unable to retrieve container logs for docker://8ca659edbeda6d4beefb030f82ae353a64ed9863f3007e40e512956dba42645c

Showing logs for build [32mentando-k8s-entando-k8s-dbjob-p-brmp9-4[0m stage [32mfrom-build-pack[0m and container [32mstep-postbuild-post-build[0m
Unable to retrieve container logs for docker://f8e8fcc8b44885193069abfec0da7e0e69f22efc285611287e963222555d2014

Showing logs for build [32mentando-k8s-entando-k8s-dbjob-p-brmp9-4[0m stage [32mfrom-build-pack[0m and container [32mstep-promote-make-preview[0m
Unable to retrieve container logs for docker://25193e7a80784747a6d243c6b835224bb99d1d093f9bb05f9948323bcccede32
[31m
Pipeline failed on stage 'from-build-pack' : container 'step-promote-make-preview'. The execution of the pipeline has stopped.[0m
