
Showing logs for build [32mentando-k8s-entando-k8s-dbjob-p-r5xm4-5[0m stage [32mfrom-build-pack[0m and container [32mcredential-initializer[0m
Unable to retrieve container logs for docker://c20de9146929467db2d4998c90b56009c18f12fe91ebab6b0c99c9f5ff78f721

Showing logs for build [32mentando-k8s-entando-k8s-dbjob-p-r5xm4-5[0m stage [32mfrom-build-pack[0m and container [32mworking-dir-initializer[0m
Unable to retrieve container logs for docker://64a1dd284ac721511b349cd539100a7ba797917f8508de36502011fffa88f30c

Showing logs for build [32mentando-k8s-entando-k8s-dbjob-p-r5xm4-5[0m stage [32mfrom-build-pack[0m and container [32mplace-tools[0m
Unable to retrieve container logs for docker://ae9df1e336c6303288dfa24d2877756c74588386901cc361d8c7e2a725009d78

Showing logs for build [32mentando-k8s-entando-k8s-dbjob-p-r5xm4-5[0m stage [32mfrom-build-pack[0m and container [32mstep-git-source-entando-k8s-entando-k8s-dbjob-p-r5xm4-9vnqd[0m
Unable to retrieve container logs for docker://bd3ab9ec82fabe02cd40d186c7b2b0452dd125c7d0083e6effd6d11a8044986e

Showing logs for build [32mentando-k8s-entando-k8s-dbjob-p-r5xm4-5[0m stage [32mfrom-build-pack[0m and container [32mstep-setup-builder-home[0m
Unable to retrieve container logs for docker://4cbafa86569ff4384ed3fb7622832554bcd7e0a18539cc487cf2bb144fbddc3e

Showing logs for build [32mentando-k8s-entando-k8s-dbjob-p-r5xm4-5[0m stage [32mfrom-build-pack[0m and container [32mstep-git-merge[0m
Unable to retrieve container logs for docker://c483663c46e96436da0377ba1169a80fbedf5e358275e327488a21ab1a4d4d19

Showing logs for build [32mentando-k8s-entando-k8s-dbjob-p-r5xm4-5[0m stage [32mfrom-build-pack[0m and container [32mstep-build-set-version[0m
Unable to retrieve container logs for docker://9b7bfcfb89f53b6c08157278917da07373b45740fe3ead581464ce57467fd464

Showing logs for build [32mentando-k8s-entando-k8s-dbjob-p-r5xm4-5[0m stage [32mfrom-build-pack[0m and container [32mstep-build-fix-git-for-sonar[0m
Unable to retrieve container logs for docker://efacca8c72be5d676f8ba264b5c57b0ea6d09cdb1fef913e07875038c2f89373

Showing logs for build [32mentando-k8s-entando-k8s-dbjob-p-r5xm4-5[0m stage [32mfrom-build-pack[0m and container [32mstep-build-mvn-verify-pr[0m
Unable to retrieve container logs for docker://60d0ec7a79a5e00a44590c631b73313542c311845b861344263ac64b6096fb12

Showing logs for build [32mentando-k8s-entando-k8s-dbjob-p-r5xm4-5[0m stage [32mfrom-build-pack[0m and container [32mstep-build-container-build[0m
Unable to retrieve container logs for docker://11bf6babf7c5ad554a0fff0ff439e31e450593ceddeb3b443c57f77dfe19923a

Showing logs for build [32mentando-k8s-entando-k8s-dbjob-p-r5xm4-5[0m stage [32mfrom-build-pack[0m and container [32mstep-postbuild-post-build[0m
Unable to retrieve container logs for docker://5810281d90bd996e9dd6bf13a90efc4079725f35fa67cc1da26686cb6270ab5d

Showing logs for build [32mentando-k8s-entando-k8s-dbjob-p-r5xm4-5[0m stage [32mfrom-build-pack[0m and container [32mstep-promote-make-preview[0m
Unable to retrieve container logs for docker://d328fc4c51d910608b14752f5a9c966feaa5b19cda500c1f51d4b460f79e0c2a
[31m
Pipeline failed on stage 'from-build-pack' : container 'step-promote-make-preview'. The execution of the pipeline has stopped.[0m
