
Showing logs for build [32mentando-k8s-entando-k8s-dbjob-p-n6r5x-6[0m stage [32mfrom-build-pack[0m and container [32mcredential-initializer[0m
Unable to retrieve container logs for docker://fc661e21d9baa65eab94400f634e4368ab2b70112401ac3c169668075a3d265e

Showing logs for build [32mentando-k8s-entando-k8s-dbjob-p-n6r5x-6[0m stage [32mfrom-build-pack[0m and container [32mworking-dir-initializer[0m
Unable to retrieve container logs for docker://2909595645b0cf769e52d800c05db37c1f49aa7244c627700ec5ec26af49e40c

Showing logs for build [32mentando-k8s-entando-k8s-dbjob-p-n6r5x-6[0m stage [32mfrom-build-pack[0m and container [32mplace-tools[0m
Unable to retrieve container logs for docker://7703c31e57ac3b7c8ac3e3801c3a2a7f23b8e8cd0a48cf147c67881aa4a7b261

Showing logs for build [32mentando-k8s-entando-k8s-dbjob-p-n6r5x-6[0m stage [32mfrom-build-pack[0m and container [32mstep-git-source-entando-k8s-entando-k8s-dbjob-p-n6r5x-lbtl6[0m
Unable to retrieve container logs for docker://d842485716be5624b4f8ede68f64ae526abecb8bbc442c7744c30d5ec43dc927

Showing logs for build [32mentando-k8s-entando-k8s-dbjob-p-n6r5x-6[0m stage [32mfrom-build-pack[0m and container [32mstep-setup-builder-home[0m
Unable to retrieve container logs for docker://0c52c98b2a37271cd8e402f7d6dc917318931dda5822376469f06213ca7c0805

Showing logs for build [32mentando-k8s-entando-k8s-dbjob-p-n6r5x-6[0m stage [32mfrom-build-pack[0m and container [32mstep-git-merge[0m
Unable to retrieve container logs for docker://87fdb5db700ae91d4f04b0699269d814e2a6a9d38cdfaf16b5fea62dcb642955

Showing logs for build [32mentando-k8s-entando-k8s-dbjob-p-n6r5x-6[0m stage [32mfrom-build-pack[0m and container [32mstep-build-set-version[0m
Unable to retrieve container logs for docker://280add6273f87014550b666bc8a8ae07cb48e133c3f34467dc336ceff75ba53d

Showing logs for build [32mentando-k8s-entando-k8s-dbjob-p-n6r5x-6[0m stage [32mfrom-build-pack[0m and container [32mstep-build-fix-git-for-sonar[0m
Unable to retrieve container logs for docker://51d5d50f484e8a3b613cc5ccbe32df517621f99148e2ea386178acbd2212411d

Showing logs for build [32mentando-k8s-entando-k8s-dbjob-p-n6r5x-6[0m stage [32mfrom-build-pack[0m and container [32mstep-build-mvn-verify-pr[0m
Unable to retrieve container logs for docker://b07cab26c443f5432d5c35fc22226d214a2696cf9d757156fb61c66bedd45314
[31m
Pipeline failed on stage 'from-build-pack' : container 'step-build-mvn-verify-pr'. The execution of the pipeline has stopped.[0m
