
Showing logs for build [32mentando-k8s-entando-k8s-dbjob-p-2859t-7[0m stage [32mfrom-build-pack[0m and container [32mcredential-initializer[0m
Unable to retrieve container logs for docker://e8ea4ea7293eee1627e40de8fae29222e5a0a6abe3a0184b0ca169abb1d13879

Showing logs for build [32mentando-k8s-entando-k8s-dbjob-p-2859t-7[0m stage [32mfrom-build-pack[0m and container [32mworking-dir-initializer[0m
Unable to retrieve container logs for docker://67e06beb6fabde30590eb3a5b104975fd552810b04097e304771e7b3cbb5b231

Showing logs for build [32mentando-k8s-entando-k8s-dbjob-p-2859t-7[0m stage [32mfrom-build-pack[0m and container [32mplace-tools[0m
Unable to retrieve container logs for docker://128328be53bf69611049095e481585449fc117580585122f8f30ace04868e501

Showing logs for build [32mentando-k8s-entando-k8s-dbjob-p-2859t-7[0m stage [32mfrom-build-pack[0m and container [32mstep-git-source-entando-k8s-entando-k8s-dbjob-p-2859t-zlxkz[0m
Unable to retrieve container logs for docker://5a21e78687583c3e309b4e1cc9d1562a9f2891123e385a4789e1d280***e254f

Showing logs for build [32mentando-k8s-entando-k8s-dbjob-p-2859t-7[0m stage [32mfrom-build-pack[0m and container [32mstep-setup-builder-home[0m
Unable to retrieve container logs for docker://ffc493627c7b5629ff2f8c759c5e1e086a3faf36fe206346301d51782a60fe3b

Showing logs for build [32mentando-k8s-entando-k8s-dbjob-p-2859t-7[0m stage [32mfrom-build-pack[0m and container [32mstep-git-merge[0m
Unable to retrieve container logs for docker://0998b5eae4491b3e60f42dc8176af5111057719f813d5c475c83eca137ef297b

Showing logs for build [32mentando-k8s-entando-k8s-dbjob-p-2859t-7[0m stage [32mfrom-build-pack[0m and container [32mstep-build-set-version[0m
Unable to retrieve container logs for docker://c5f31c545095887e9f6f7962ea53ff68a9cc0894748b6f5bbeef2471527fba76

Showing logs for build [32mentando-k8s-entando-k8s-dbjob-p-2859t-7[0m stage [32mfrom-build-pack[0m and container [32mstep-build-fix-git-for-sonar[0m
Unable to retrieve container logs for docker://4cee50065c77963b121c6489ee11d22c4d553dcf76240f04e314f693f3fe9f5e

Showing logs for build [32mentando-k8s-entando-k8s-dbjob-p-2859t-7[0m stage [32mfrom-build-pack[0m and container [32mstep-build-mvn-verify-pr[0m
Unable to retrieve container logs for docker://66ea22485afd1474bf76df3d2b12b72e29b83c75e85b245eee52b531e339471f
[31m
Pipeline failed on stage 'from-build-pack' : container 'step-build-mvn-verify-pr'. The execution of the pipeline has stopped.[0m
