
Showing logs for build [32mentando-k8s-entando-k8s-dbjob-p-thljz-8[0m stage [32mfrom-build-pack[0m and container [32mcredential-initializer[0m
Unable to retrieve container logs for docker://ea7bb301650f54572543bd8ff601fc20931287dda78b64531a1a71aa8f372301

Showing logs for build [32mentando-k8s-entando-k8s-dbjob-p-thljz-8[0m stage [32mfrom-build-pack[0m and container [32mworking-dir-initializer[0m
Unable to retrieve container logs for docker://c5fbe45d31fef363904d32ff13994741f28beac21fcbab571d58646fe69ddf42

Showing logs for build [32mentando-k8s-entando-k8s-dbjob-p-thljz-8[0m stage [32mfrom-build-pack[0m and container [32mplace-tools[0m
Unable to retrieve container logs for docker://1617325d5fa48a406754a1cd3b7d5242dd0bd65e2fd4013817cb7dfab0054958

Showing logs for build [32mentando-k8s-entando-k8s-dbjob-p-thljz-8[0m stage [32mfrom-build-pack[0m and container [32mstep-git-source-entando-k8s-entando-k8s-dbjob-p-thljz-s5dsk[0m
Unable to retrieve container logs for docker://ba608fbf5db0e31fee873a95927e2e24fe27f209addc7f5c87ac7cbe91100b3a

Showing logs for build [32mentando-k8s-entando-k8s-dbjob-p-thljz-8[0m stage [32mfrom-build-pack[0m and container [32mstep-setup-builder-home[0m
Unable to retrieve container logs for docker://186ff2a27f0500477822c22c5846651b4aee6c35468c915f94b3b49723aeb81b

Showing logs for build [32mentando-k8s-entando-k8s-dbjob-p-thljz-8[0m stage [32mfrom-build-pack[0m and container [32mstep-git-merge[0m
Unable to retrieve container logs for docker://099ec5024ac09976f5e769ca46bffd7df9e9d4999d956b3de98ee61dbc27f436

Showing logs for build [32mentando-k8s-entando-k8s-dbjob-p-thljz-8[0m stage [32mfrom-build-pack[0m and container [32mstep-build-set-version[0m
Unable to retrieve container logs for docker://b27464bffd777771eb63a0e6fcdf9f13898063b7dd378e6f3d3cbc0f4bec465f

Showing logs for build [32mentando-k8s-entando-k8s-dbjob-p-thljz-8[0m stage [32mfrom-build-pack[0m and container [32mstep-build-fix-git-for-sonar[0m
Unable to retrieve container logs for docker://a3523b2637d15ebf248dc4581de95cadc7aead21099419513d0350b465a06484

Showing logs for build [32mentando-k8s-entando-k8s-dbjob-p-thljz-8[0m stage [32mfrom-build-pack[0m and container [32mstep-build-mvn-verify-pr[0m
Unable to retrieve container logs for docker://15a4690c84f8320dc4134b6cd63d020cce05cf80c2fe9673a0a4440590a4ed73
[31m
Pipeline failed on stage 'from-build-pack' : container 'step-build-mvn-verify-pr'. The execution of the pipeline has stopped.[0m
