
Showing logs for build [32mentando-k8s-entando-k8s-dbjob-p-9gnbm-9[0m stage [32mfrom-build-pack[0m and container [32mcredential-initializer[0m
Unable to retrieve container logs for docker://6edfcfd1330b656977f32d097352456831901981bdcc165d1a982cc96d6ff242

Showing logs for build [32mentando-k8s-entando-k8s-dbjob-p-9gnbm-9[0m stage [32mfrom-build-pack[0m and container [32mworking-dir-initializer[0m
Unable to retrieve container logs for docker://dfb11d29a8f00f570d40d09f5298e262dc2486f135ac0a43f33aaec5921cea1d

Showing logs for build [32mentando-k8s-entando-k8s-dbjob-p-9gnbm-9[0m stage [32mfrom-build-pack[0m and container [32mplace-tools[0m
Unable to retrieve container logs for docker://ad9f8ff295a9472230e4c5cebb4a6061f27165756610c374198164da93ff2d48

Showing logs for build [32mentando-k8s-entando-k8s-dbjob-p-9gnbm-9[0m stage [32mfrom-build-pack[0m and container [32mstep-git-source-entando-k8s-entando-k8s-dbjob-p-9gnbm-7hhtg[0m
Unable to retrieve container logs for docker://bca929d5d016013c5187e398b02c392aea32de27ca3c985cf99a342fe8e96e39

Showing logs for build [32mentando-k8s-entando-k8s-dbjob-p-9gnbm-9[0m stage [32mfrom-build-pack[0m and container [32mstep-setup-builder-home[0m
Unable to retrieve container logs for docker://bd5dde6da9dac6480069adaf5dab2f1d13b65ba835e0d605d6ccefdaecaf317f

Showing logs for build [32mentando-k8s-entando-k8s-dbjob-p-9gnbm-9[0m stage [32mfrom-build-pack[0m and container [32mstep-git-merge[0m
Unable to retrieve container logs for docker://b0e29bc9102be524fe701aa0987931445d3131245a7e5d2ffb814e2f9a7fda6d

Showing logs for build [32mentando-k8s-entando-k8s-dbjob-p-9gnbm-9[0m stage [32mfrom-build-pack[0m and container [32mstep-build-set-version[0m
Unable to retrieve container logs for docker://a1d9cf3bec0df41f4ad8a49f83b8ab3a40a79a519cceb512067124fd5d23800e

Showing logs for build [32mentando-k8s-entando-k8s-dbjob-p-9gnbm-9[0m stage [32mfrom-build-pack[0m and container [32mstep-build-fix-git-for-sonar[0m
Unable to retrieve container logs for docker://03029c473b90f944e1b4f889126f5d329b7a8bde2420e55a5238dfb5447ba713

Showing logs for build [32mentando-k8s-entando-k8s-dbjob-p-9gnbm-9[0m stage [32mfrom-build-pack[0m and container [32mstep-build-mvn-verify-pr[0m
Unable to retrieve container logs for docker://f8473dc3f560b2096161aa606bcc47528e7b304c7f8ac377f114a0ef000b0a10
[31m
Pipeline failed on stage 'from-build-pack' : container 'step-build-mvn-verify-pr'. The execution of the pipeline has stopped.[0m
