
Showing logs for build [32mentando-k8s-entando-k8s-service-w856w-1[0m stage [32mfrom-build-pack[0m and container [32mcredential-initializer[0m
Unable to retrieve container logs for docker://d3ad22b23758cc52020ddf45141b773c2b413cfcd5a28c38e675c80c0d317d0c

Showing logs for build [32mentando-k8s-entando-k8s-service-w856w-1[0m stage [32mfrom-build-pack[0m and container [32mworking-dir-initializer[0m
Unable to retrieve container logs for docker://99425dbef6ed4a24124957c85b9a7e491579fe9366b9463e057b7f0e29b5ee43

Showing logs for build [32mentando-k8s-entando-k8s-service-w856w-1[0m stage [32mfrom-build-pack[0m and container [32mplace-tools[0m
Unable to retrieve container logs for docker://ccba3e00a8e4e74d7aa1afd7e9e2aa0ace57b6050871136e2a24f1db6f669128

Showing logs for build [32mentando-k8s-entando-k8s-service-w856w-1[0m stage [32mfrom-build-pack[0m and container [32mstep-git-source-entando-k8s-entando-k8s-service-w856w-xrhwt[0m
Unable to retrieve container logs for docker://0db00eb5ffdb7a76212aae6e93ef497c014dac3e0e6513712be5fe80d652771b

Showing logs for build [32mentando-k8s-entando-k8s-service-w856w-1[0m stage [32mfrom-build-pack[0m and container [32mstep-setup-builder-home[0m
Unable to retrieve container logs for docker://99ef8f1e80876367810c793075572c541d5b9331a6a7b23318d0b52f0ad1cb7d

Showing logs for build [32mentando-k8s-entando-k8s-service-w856w-1[0m stage [32mfrom-build-pack[0m and container [32mstep-git-merge[0m
Unable to retrieve container logs for docker://2285facecc6fe61ea41c1833be5bec4e8cdc33dccfc69c51c37d76d14dc24e4b

Showing logs for build [32mentando-k8s-entando-k8s-service-w856w-1[0m stage [32mfrom-build-pack[0m and container [32mstep-build-set-version[0m
Unable to retrieve container logs for docker://1010b1926e362c33e125e0f48b8ee55ad03bbaf09b47817f7daf56d0e85eb369

Showing logs for build [32mentando-k8s-entando-k8s-service-w856w-1[0m stage [32mfrom-build-pack[0m and container [32mstep-build-fix-git-for-sonar[0m
Unable to retrieve container logs for docker://be021e197190d97c92e30f7febd2a661df4d2c855e598a040a24fc5aa6ddf702

Showing logs for build [32mentando-k8s-entando-k8s-service-w856w-1[0m stage [32mfrom-build-pack[0m and container [32mstep-build-mvn-verify-pr[0m
Unable to retrieve container logs for docker://c1d669b74626be472a1b306934751b67765afd35ac261c3db7df0b42d27e9060

Showing logs for build [32mentando-k8s-entando-k8s-service-w856w-1[0m stage [32mfrom-build-pack[0m and container [32mstep-build-container-build[0m
Unable to retrieve container logs for docker://d456985a79a33b762b2a7eb9f635fc021376966110b46a31658cf0e90e875425

Showing logs for build [32mentando-k8s-entando-k8s-service-w856w-1[0m stage [32mfrom-build-pack[0m and container [32mstep-postbuild-post-build[0m
Unable to retrieve container logs for docker://504906f427f74360a2b623651452145c06b22f8eca5626669f7d76c58f2c4f48
