
Showing logs for build [32mentando-entando-keycloak-pr-21-hj6vb-1[0m stage [32mfrom-build-pack[0m and container [32mcredential-initializer[0m
{"level":"info","ts":1639731127.2232325,"caller":"creds-init/main.go:44","msg":"Credentials initialized."}

Showing logs for build [32mentando-entando-keycloak-pr-21-hj6vb-1[0m stage [32mfrom-build-pack[0m and container [32mworking-dir-initializer[0m

Showing logs for build [32mentando-entando-keycloak-pr-21-hj6vb-1[0m stage [32mfrom-build-pack[0m and container [32mplace-tools[0m

Showing logs for build [32mentando-entando-keycloak-pr-21-hj6vb-1[0m stage [32mfrom-build-pack[0m and container [32mstep-git-source-entando-entando-keycloak-pr-21-hj6vb-j9xjc[0m
{"level":"info","ts":1639731313.0531313,"caller":"git/git.go:105","msg":"Successfully cloned https://github.com/entando/entando-keycloak.git @ master in path /workspace/source"}
{"level":"warn","ts":1639731313.0533717,"caller":"git/git.go:152","msg":"Unexpected error: creating symlink: symlink /tekton/home/.ssh /****/.ssh: file exists"}
{"level":"info","ts":1639731313.1361346,"caller":"git/git.go:133","msg":"Successfully initialized and updated submodules in path /workspace/source"}

Showing logs for build [32mentando-entando-keycloak-pr-21-hj6vb-1[0m stage [32mfrom-build-pack[0m and container [32mstep-setup-builder-home[0m

Showing logs for build [32mentando-entando-keycloak-pr-21-hj6vb-1[0m stage [32mfrom-build-pack[0m and container [32mstep-git-merge[0m
Using SHAs from PULL_REFS=master:ce1700dd027ba815fe2ae22cc9df4f949c4313a0,21:b0cf19d1afbcb29e27b06b70014281d1b5366237
DEBUG: JX_LOG_LEVEL=error LC_ALL=C git fetch origin --unshallow b0cf19d1afbcb29e27b06b70014281d1b5366237: ce1700dd027ba815fe2ae22cc9df4f949c4313a0:
DEBUG: ran git fetch --unshallow origin b0cf19d1afbcb29e27b06b70014281d1b5366237: ce1700dd027ba815fe2ae22cc9df4f949c4313a0: in 
DEBUG: LC_ALL=C JX_LOG_LEVEL=error git branch
DEBUG: LC_ALL=C JX_LOG_LEVEL=error git checkout master
DEBUG: ran git checkout master in 
DEBUG: LC_ALL=C JX_LOG_LEVEL=error git reset --hard ce1700dd027ba815fe2ae22cc9df4f949c4313a0
DEBUG: ran git reset --hard ce1700dd027ba815fe2ae22cc9df4f949c4313a0 in 
DEBUG: LC_ALL=C JX_LOG_LEVEL=error git clean -fd .
DEBUG: ran clean --force -d . in 
DEBUG: LC_ALL=C JX_LOG_LEVEL=error git merge b0cf19d1afbcb29e27b06b70014281d1b5366237
DEBUG: ran git merge b0cf19d1afbcb29e27b06b70014281d1b5366237 in 
DEBUG: LC_ALL=C JX_LOG_LEVEL=error git log --format=%H%x1f%an%x1f%ae%x1f%cn%x1f%ce%x1f%s%n%b%x1e ce1700dd027ba815fe2ae22cc9df4f949c4313a0..HEAD
Merged SHA b0cf19d1afbcb29e27b06b70014281d1b5366237 with commit message 'Updated redhat sso to latest' into base branch master
Merged SHA d9bac24b0ba841c404443b6288db57b94a271186 with commit message 'Updated images' into base branch master

Showing logs for build [32mentando-entando-keycloak-pr-21-hj6vb-1[0m stage [32mfrom-build-pack[0m and container [32mstep-container-build1[0m
This avoids unwanted kaniko command substitution
Generating tags...
 - entando/entando-keycloak -> *********/entando/entando-keycloak:0.0.0-SNAPSHOT-PR-21-1
Checking cache...
 - entando/entando-keycloak: Not found. Building
Building [entando/entando-keycloak]...
Sending build context to Docker daemon  546.3kBSending build context to Docker daemon  8.743MB
Step 1/11 : FROM jboss/keycloak:15.1.0
Trying to pull repository *********/jboss/keycloak ... 
15.1.0: Pulling from *********/jboss/keycloak
ac10f00499d5: Pulling fs layer
96d53117c12e: Pulling fs layer
4c6ea935e9e9: Pulling fs layer
051b5d482f83: Pulling fs layer
a89a58edb680: Pulling fs layer
051b5d482f83: Waiting
a89a58edb680: Waiting
96d53117c12e: Verifying Checksum
96d53117c12e: Download complete
ac10f00499d5: Verifying Checksum
ac10f00499d5: Download complete
051b5d482f83: Verifying Checksum
051b5d482f83: Download complete
4c6ea935e9e9: Verifying Checksum
4c6ea935e9e9: Download complete
a89a58edb680: Verifying Checksum
a89a58edb680: Download complete
ac10f00499d5: Pull complete
96d53117c12e: Pull complete
4c6ea935e9e9: Pull complete
051b5d482f83: Pull complete
a89a58edb680: Pull complete
Digest: sha256:39c54ca809f54a0427a087fa1d9699bfc41aa8bf6c56114ab56c926b7c809860
Status: Downloaded newer image for *********/jboss/keycloak:15.1.0
 ---> 7c29fed78db3
Step 2/11 : LABEL MAINTAINER "Entando <dev@entando.com>"
 ---> Running in fed16cfb305e
 ---> 337c3bac97b0
Step 3/11 : ARG VERSION
 ---> Running in f4a047b4dab4
 ---> 475c782dc100
Step 4/11 : LABEL name "Entando Keycloak" vendor "Entando" version "v${VERSION}" release "7" summary "Keycloak with Entando's themes and extensions." description "This is container hosts Keycloak along with themes created for Entando."
 ---> Running in 9e669c3ddafa
 ---> a846aad9fc08
Step 5/11 : COPY LICENSE /licences/entando-lgpl.txt
 ---> 66571b1434fa
Step 6/11 : COPY themes /opt/jboss/keycloak/themes
 ---> 6d8041c2c300
Step 7/11 : COPY cli /opt/jboss/tools/cli
 ---> af711c269c11
Step 8/11 : RUN export KEYCLOAK_HTTP_PORT=8080 &&       cd  /opt/jboss/keycloak/modules/******/layers/base/com/******/jdbc/main/ &&       mkdir driver &&       curl https://repo1.maven.org/maven2/com/******/ojdbc/ojdbc8/19.3.0.0/ojdbc8-19.3.0.0.jar -o driver/ojdbc.jar
 ---> Running in 9e663cc8da45

[91m[0m[91m  % Total    % Received % Xferd  Average Speed   Time    Time     Time  Current
                                 Dload  Upload   Total   Spent    Left  Speed
  0     0    0     0    0     0      0      0 --:--:-- --:--:-- --:--:--     0[0m[91m100 4111k  100 4111k    0     0  20.0M      0 --:--:-- --:--:--[0m[91m --:--:-- 20.0M
[0m ---> 43d867919dd3
Step 9/11 : ENV KEYCLOAK_DEFAULT_THEME "entando" KEYCLOAK_HOME "/opt/jboss/keycloak"
 ---> Running in b47f0e45d459
 ---> 5ad6090c4919
Step 10/11 : EXPOSE 8080
 ---> Running in 02d0ccf9f450
 ---> f7f2b8298889
Step 11/11 : CMD -b 0.0.0.0
 ---> Running in 6dcb1a2c9ae5
 ---> 30351b702e2c
Successfully built 30351b702e2c
The push refers to a repository [*********/entando/entando-keycloak]
a75eadac8190: Preparing
0afb04a71370: Preparing
1d2c158e56e1: Preparing
075d2e907062: Preparing
d865114f9fd3: Preparing
2779ecd82bf3: Preparing
64eb120991eb: Preparing
a65a1b01a4d2: Preparing
af092941766c: Preparing
2779ecd82bf3: Waiting
a65a1b01a4d2: Waiting
af092941766c: Waiting
64eb120991eb: Waiting
d865114f9fd3: Mounted from jboss/keycloak
0afb04a71370: Pushed
2779ecd82bf3: Mounted from jboss/keycloak
075d2e907062: Pushed
a75eadac8190: Pushed
1d2c158e56e1: Pushed
a65a1b01a4d2: Mounted from jboss/keycloak
64eb120991eb: Mounted from jboss/keycloak
af092941766c: Mounted from jboss/keycloak
0.0.0-SNAPSHOT-PR-21-1: digest: sha256:9052cf3fb41f18b88f57efda64c7bf5f875ae00fb50ed9fa2402f6c65ad658dc size: 2209
There is a new version (1.35.1) of Skaffold available. Download it at https://storage.googleapis.com/skaffold/releases/latest/skaffold-linux-amd64


Showing logs for build [32mentando-entando-keycloak-pr-21-hj6vb-1[0m stage [32mfrom-build-pack[0m and container [32mstep-container-build2[0m
This avoids unwanted kaniko command substitution
Generating tags...
 - entando/entando-redhat-sso -> *********/entando/entando-redhat-sso:0.0.0-SNAPSHOT-PR-21-1
Checking cache...
time="2021-12-17T08:55:59Z" level=warning msg="error checking cache, caching may not work as expected: getting hash for artifact entando/entando-redhat-sso: getting dependencies for entando/entando-redhat-sso: expanding ONBUILD instructions: parsing ONBUILD instructions: processing base image (registry.redhat.io/rh-sso-7/sso75-openshift-rhel8:7.5) for ONBUILD triggers: getting remote config: getting image: UNAUTHORIZED: Please login to the Red Hat Registry using your Customer Portal credentials. Further instructions can be found here: https://access.redhat.com/RegistryAuthentication"
 - entando/entando-redhat-sso: Error checking cache. Rebuilding.
Building [entando/entando-redhat-sso]...
Sending build context to Docker daemon 

time="2021-12-17T08:55:59Z" level=fatal msg="build failed: build failed: building [entando/entando-redhat-sso]: build artifact: docker build: error during connect: Post http://%2Fvar%2Frun%2Fdocker.sock/v1.26/build?buildargs=%7B%22VERSION%22%3A%220.0.0-SNAPSHOT-PR-21-1%22%7D&cachefrom=null&cgroupparent=&cpuperiod=0&cpuquota=0&cpusetcpus=&cpusetmems=&cpushares=0&dockerfile=Dockerfile.redhat-sso&labels=null&memory=0&memswap=0&networkmode=&rm=0&shmsize=0&t=*********%2Fentando%2Fentando-redhat-sso%3A0.0.0-SNAPSHOT-PR-21-1&target=&ulimits=null&version=: creating docker context: getting relative tar paths: expanding ONBUILD instructions: parsing ONBUILD instructions: processing base image (registry.redhat.io/rh-sso-7/sso75-openshift-rhel8:7.5) for ONBUILD triggers: getting remote config: getting image: UNAUTHORIZED: Please login to the Red Hat Registry using your Customer Portal credentials. Further instructions can be found here: https://access.redhat.com/RegistryAuthentication"
[31m
Pipeline failed on stage 'from-build-pack' : container 'step-container-build2'. The execution of the pipeline has stopped.[0m
