
Showing logs for build [32mentando-k8s-entando-k8s-plugin-vq9ds-1[0m stage [32mfrom-build-pack[0m and container [32mcredential-initializer[0m
Unable to retrieve container logs for docker://a32b294d217ca15e9630f6997fa90f07e17f883f282d0e58ae065052c5fc0d4b

Showing logs for build [32mentando-k8s-entando-k8s-plugin-vq9ds-1[0m stage [32mfrom-build-pack[0m and container [32mworking-dir-initializer[0m
Unable to retrieve container logs for docker://bac57d7de0dcac57332c2aba9068142dd081f025785032***0ac1d1b7d7df964

Showing logs for build [32mentando-k8s-entando-k8s-plugin-vq9ds-1[0m stage [32mfrom-build-pack[0m and container [32mplace-tools[0m
Unable to retrieve container logs for docker://eef98571ecf0301aa562a049220e844869ec76a4465f216c74d1f4a71cefc777

Showing logs for build [32mentando-k8s-entando-k8s-plugin-vq9ds-1[0m stage [32mfrom-build-pack[0m and container [32mstep-git-source-entando-k8s-entando-k8s-plugin-vq9ds-fqt8l[0m
Unable to retrieve container logs for docker://48d1bc93f043140bcdc2d8e238aa217c1b470ff6c5fe866f5499735a802dfc15

Showing logs for build [32mentando-k8s-entando-k8s-plugin-vq9ds-1[0m stage [32mfrom-build-pack[0m and container [32mstep-setup-builder-home[0m
Unable to retrieve container logs for docker://c839174d44308017bb8e6711bfab7a759373271831ecc03d203ec96d8e66ae21

Showing logs for build [32mentando-k8s-entando-k8s-plugin-vq9ds-1[0m stage [32mfrom-build-pack[0m and container [32mstep-git-merge[0m
Unable to retrieve container logs for docker://ec0a947933ca9e788c4776b70df9a97f48626de23b1a0425b431cf80eba18824

Showing logs for build [32mentando-k8s-entando-k8s-plugin-vq9ds-1[0m stage [32mfrom-build-pack[0m and container [32mstep-build-set-version[0m
Unable to retrieve container logs for docker://d9871e5873e2af4406522bb74045a66c909f680dd8fbba247e84c31b045dc572

Showing logs for build [32mentando-k8s-entando-k8s-plugin-vq9ds-1[0m stage [32mfrom-build-pack[0m and container [32mstep-build-fix-git-for-sonar[0m
Unable to retrieve container logs for docker://303c469b62b0490ef9cc0fbcea6ad4591d36731e865bcf40331926f71dce8426

Showing logs for build [32mentando-k8s-entando-k8s-plugin-vq9ds-1[0m stage [32mfrom-build-pack[0m and container [32mstep-build-mvn-verify-pr[0m
Unable to retrieve container logs for docker://2451ba70f467e2243398c46bfd3a9b1fd86deea5f0beb468d56806ca23b1263f
[31m
Pipeline failed on stage 'from-build-pack' : container 'step-build-mvn-verify-pr'. The execution of the pipeline has stopped.[0m
