
Showing logs for build [32mentando-k8s-entando-k8s-plugin-tn7nx-2[0m stage [32mfrom-build-pack[0m and container [32mcredential-initializer[0m
Unable to retrieve container logs for docker://7673c840fbda4926be4a0683fdded51f7f53b2b715d29212e38b16e1ae2e696e

Showing logs for build [32mentando-k8s-entando-k8s-plugin-tn7nx-2[0m stage [32mfrom-build-pack[0m and container [32mworking-dir-initializer[0m
Unable to retrieve container logs for docker://1dd2c0bbfdff9e4ac67897ba94bd1b2e3502b1ca1a1b0d68da8f99b506d14f38

Showing logs for build [32mentando-k8s-entando-k8s-plugin-tn7nx-2[0m stage [32mfrom-build-pack[0m and container [32mplace-tools[0m
Unable to retrieve container logs for docker://3b6101057eba847724647024664674719438547ed888941b6b88851b56bbd705

Showing logs for build [32mentando-k8s-entando-k8s-plugin-tn7nx-2[0m stage [32mfrom-build-pack[0m and container [32mstep-git-source-entando-k8s-entando-k8s-plugin-tn7nx-r299p[0m
Unable to retrieve container logs for docker://989e3487282de11091fcc41c6da636422e7dcc02eb0cd8053c22de7adeb5a23e

Showing logs for build [32mentando-k8s-entando-k8s-plugin-tn7nx-2[0m stage [32mfrom-build-pack[0m and container [32mstep-setup-builder-home[0m
Unable to retrieve container logs for docker://35e82ae879637c15278c13d6410ca36ca851d00801d0b50d1add38749a127e73

Showing logs for build [32mentando-k8s-entando-k8s-plugin-tn7nx-2[0m stage [32mfrom-build-pack[0m and container [32mstep-git-merge[0m
Unable to retrieve container logs for docker://0837fffdf543ef5ab6acff12004c9d67574d013c27a994258f31c41ef6644132

Showing logs for build [32mentando-k8s-entando-k8s-plugin-tn7nx-2[0m stage [32mfrom-build-pack[0m and container [32mstep-build-set-version[0m
Unable to retrieve container logs for docker://d3484cadefe08a48512d2d6f7141e241916e16d814d2693a09c481bc82b23a68

Showing logs for build [32mentando-k8s-entando-k8s-plugin-tn7nx-2[0m stage [32mfrom-build-pack[0m and container [32mstep-build-fix-git-for-sonar[0m
Unable to retrieve container logs for docker://87a676329fa79a0abb70dba89f0b4b1de148949a427558719c6c93a74c456204

Showing logs for build [32mentando-k8s-entando-k8s-plugin-tn7nx-2[0m stage [32mfrom-build-pack[0m and container [32mstep-build-mvn-verify-pr[0m
Unable to retrieve container logs for docker://b2beb1ab938dcc2ebaa72b9f6fae886ef021314fa392ca2c28dfdd4f34251a73

Showing logs for build [32mentando-k8s-entando-k8s-plugin-tn7nx-2[0m stage [32mfrom-build-pack[0m and container [32mstep-build-container-build[0m
Unable to retrieve container logs for docker://3537a0b1184b555713e5b6f3559ea5556e8e7f3af2be152488653065d77ce046

Showing logs for build [32mentando-k8s-entando-k8s-plugin-tn7nx-2[0m stage [32mfrom-build-pack[0m and container [32mstep-postbuild-post-build[0m
Unable to retrieve container logs for docker://8e099c997aaacf37ab93bef2589d1169be2b57e72fdae00db1f27f2925837c7a

Showing logs for build [32mentando-k8s-entando-k8s-plugin-tn7nx-2[0m stage [32mfrom-build-pack[0m and container [32mstep-promote-make-preview[0m
Unable to retrieve container logs for docker://9a22281d39f2565694c023a9d0ff0352753b87a8b715c674f47bdf7dafe05324
[31m
Pipeline failed on stage 'from-build-pack' : container 'step-promote-make-preview'. The execution of the pipeline has stopped.[0m
