
Showing logs for build [32mentando-entando-process-driven-5mn6h-1[0m stage [32mfrom-build-pack[0m and container [32mcredential-initializer[0m
Unable to retrieve container logs for docker://72c31ebd83366d0288a9a49f819c9d2a905a92df8fad386ebcbb516837f5ce1a

Showing logs for build [32mentando-entando-process-driven-5mn6h-1[0m stage [32mfrom-build-pack[0m and container [32mworking-dir-initializer[0m
Unable to retrieve container logs for docker://4f39731999ae57548e1a63cc7207ac54e73907d6785c0f5404354e0d745eef5e

Showing logs for build [32mentando-entando-process-driven-5mn6h-1[0m stage [32mfrom-build-pack[0m and container [32mplace-tools[0m
Unable to retrieve container logs for docker://55ce64c3d45a6a01536ef2358ea74f6caa4256940c245352541a2f609c884f72

Showing logs for build [32mentando-entando-process-driven-5mn6h-1[0m stage [32mfrom-build-pack[0m and container [32mstep-git-source-entando-entando-process-driven-5mn6h-7kr57[0m
Unable to retrieve container logs for docker://2f82fa414413eb154ecff4a1d1dc8d7abd7c3dbaeddfee4ee713ff10fa94e16c

Showing logs for build [32mentando-entando-process-driven-5mn6h-1[0m stage [32mfrom-build-pack[0m and container [32mstep-setup-builder-home[0m
Unable to retrieve container logs for docker://710657651dd93c0f702de5ff6b0af83ae5b03659ce3fe826cda5afbc54cb321d

Showing logs for build [32mentando-entando-process-driven-5mn6h-1[0m stage [32mfrom-build-pack[0m and container [32mstep-git-merge[0m
Unable to retrieve container logs for docker://1dcdd1d69b0a021678d94bb39ac59847e42f6ff111ea94766ecbe6e0b95f6931

Showing logs for build [32mentando-entando-process-driven-5mn6h-1[0m stage [32mfrom-build-pack[0m and container [32mstep-build-set-version[0m
Unable to retrieve container logs for docker://7963939ae1516262f8718c9cdb2b54191e02da8c20d4ba215b6fab5d6f800275

Showing logs for build [32mentando-entando-process-driven-5mn6h-1[0m stage [32mfrom-build-pack[0m and container [32mstep-build-fix-git-for-sonar[0m
Unable to retrieve container logs for docker://664a14d9a49dcd66894406b85b9e38772f8987dcaa74c5371d53d2287cd31f1b

Showing logs for build [32mentando-entando-process-driven-5mn6h-1[0m stage [32mfrom-build-pack[0m and container [32mstep-build-mvn-verify-pr[0m
Unable to retrieve container logs for docker://99cfc019afa31f2f5baecd4eb0241e602eb3c384888f6c1ee0929f2fd3c14a0e
[31m
Pipeline failed on stage 'from-build-pack' : container 'step-build-mvn-verify-pr'. The execution of the pipeline has stopped.[0m
