
Showing logs for build [32mentando-k8s-entando-k8s-databas-2vx98-1[0m stage [32mfrom-build-pack[0m and container [32mcredential-initializer[0m
Unable to retrieve container logs for docker://8758fa0982bbf23fe092be34c6c88e37f3a30c2c68c053377245afc66c792c74

Showing logs for build [32mentando-k8s-entando-k8s-databas-2vx98-1[0m stage [32mfrom-build-pack[0m and container [32mworking-dir-initializer[0m
Unable to retrieve container logs for docker://26e735e3b2c4b01785c36e548d42f569f163b202fd9783368f24c46036c68b21

Showing logs for build [32mentando-k8s-entando-k8s-databas-2vx98-1[0m stage [32mfrom-build-pack[0m and container [32mplace-tools[0m
Unable to retrieve container logs for docker://3bf0965f0e41b34ffb8eaa3cb67725296d7672b2c2e7521bd75026b16f08956e

Showing logs for build [32mentando-k8s-entando-k8s-databas-2vx98-1[0m stage [32mfrom-build-pack[0m and container [32mstep-git-source-entando-k8s-entando-k8s-databas-2vx98-976kd[0m
Unable to retrieve container logs for docker://eb365ed9d2888c42d229a67811aa184e74931ec2f8cf600a96c06dd1e8315a4b

Showing logs for build [32mentando-k8s-entando-k8s-databas-2vx98-1[0m stage [32mfrom-build-pack[0m and container [32mstep-setup-builder-home[0m
Unable to retrieve container logs for docker://41e2e830e1bcc14aee569065ae9d2b0c464a14e598e5fb133964f9b88379f565

Showing logs for build [32mentando-k8s-entando-k8s-databas-2vx98-1[0m stage [32mfrom-build-pack[0m and container [32mstep-git-merge[0m
Unable to retrieve container logs for docker://047690113a0f025558f0f502f2b372***41967928d314a5175292762925b5e01

Showing logs for build [32mentando-k8s-entando-k8s-databas-2vx98-1[0m stage [32mfrom-build-pack[0m and container [32mstep-build-set-version[0m
Unable to retrieve container logs for docker://9e1343c551738838f2c03bfef67b7***76de0cae8b75ec6d6faf5d70a0bbff01

Showing logs for build [32mentando-k8s-entando-k8s-databas-2vx98-1[0m stage [32mfrom-build-pack[0m and container [32mstep-build-fix-git-for-sonar[0m
Unable to retrieve container logs for docker://21d95cce6d5b203b1f73927fd71c400fed7a70f020b998521dc35ec107dab30a

Showing logs for build [32mentando-k8s-entando-k8s-databas-2vx98-1[0m stage [32mfrom-build-pack[0m and container [32mstep-build-mvn-verify-pr[0m
Unable to retrieve container logs for docker://ce0e4d0e3d949c3cbff60d67d43ec324dbf885a1c92c8b36d69bee16e944eb08

Showing logs for build [32mentando-k8s-entando-k8s-databas-2vx98-1[0m stage [32mfrom-build-pack[0m and container [32mstep-build-container-build[0m
Unable to retrieve container logs for docker://0c43494ea0a8cd6ad7b92239fcf2f92afc34978baf3bc12323863ec960fbb014

Showing logs for build [32mentando-k8s-entando-k8s-databas-2vx98-1[0m stage [32mfrom-build-pack[0m and container [32mstep-postbuild-post-build[0m
Unable to retrieve container logs for docker://9941a8ad22be79690ac0f412570a5c47558a2e62fb3ac87cc2cb80d0b012ef3a

Showing logs for build [32mentando-k8s-entando-k8s-databas-2vx98-1[0m stage [32mfrom-build-pack[0m and container [32mstep-promote-make-preview[0m
Unable to retrieve container logs for docker://fe51413a4dbc7b69c7f5fff5b6f98313a13bf9de3518da41c7c85b80b93ba64e

Showing logs for build [32mentando-k8s-entando-k8s-databas-2vx98-1[0m stage [32mfrom-build-pack[0m and container [32mstep-promote-jx-preview[0m
Unable to retrieve container logs for docker://cc9108b4208c7f47ca12ef02597fbc7ac33c207fdd0fef3df6428e361661c72a

Showing logs for build [32mentando-k8s-entando-k8s-databas-2vx98-1[0m stage [32mfrom-build-pack[0m and container [32mstep-promote-run-post-deployment-tests[0m
Unable to retrieve container logs for docker://a2eb9d786db92c793c1b85769620aa2c4e57113a4f1751569fe3bc600df55c7e
[31m
Pipeline failed on stage 'from-build-pack' : container 'step-promote-run-post-deployment-tests'. The execution of the pipeline has stopped.[0m
