
Showing logs for build [32mentando-k8s-entando-k8s-databas-5qb7j-2[0m stage [32mfrom-build-pack[0m and container [32mcredential-initializer[0m
Unable to retrieve container logs for docker://e9fe0236712c90511cbcb56dcdc7b920964484c34d6012218df9d8e6bf2d6169

Showing logs for build [32mentando-k8s-entando-k8s-databas-5qb7j-2[0m stage [32mfrom-build-pack[0m and container [32mworking-dir-initializer[0m
Unable to retrieve container logs for docker://1965ca8287702b5cb3170a310df1413611fcfedc5177cb2a7348cfe678fb4f2f

Showing logs for build [32mentando-k8s-entando-k8s-databas-5qb7j-2[0m stage [32mfrom-build-pack[0m and container [32mplace-tools[0m
Unable to retrieve container logs for docker://fb88d22aa1efe565e98cadc537bfeb17e7c8a8f58632742865f5f6d3cc16e04c

Showing logs for build [32mentando-k8s-entando-k8s-databas-5qb7j-2[0m stage [32mfrom-build-pack[0m and container [32mstep-git-source-entando-k8s-entando-k8s-databas-5qb7j-gjt4p[0m
Unable to retrieve container logs for docker://5ee0090940e6585a353a4fa7f317753318016ddaef4fc552dc6871548efd7c4b

Showing logs for build [32mentando-k8s-entando-k8s-databas-5qb7j-2[0m stage [32mfrom-build-pack[0m and container [32mstep-setup-builder-home[0m
Unable to retrieve container logs for docker://ed9f40dbf91b984488275c1f42810069c8b170cf385cef39748767600fc39347

Showing logs for build [32mentando-k8s-entando-k8s-databas-5qb7j-2[0m stage [32mfrom-build-pack[0m and container [32mstep-git-merge[0m
Unable to retrieve container logs for docker://48ae6aaf***9437dc0a6f9ca531e0130802df057a4f74c6cfdd594147b26e42a

Showing logs for build [32mentando-k8s-entando-k8s-databas-5qb7j-2[0m stage [32mfrom-build-pack[0m and container [32mstep-build-set-version[0m
Unable to retrieve container logs for docker://7f8ccb143781386ddbf6cb8e8d638a6dfd0a5e014bd48d42a9b0231e99584e30

Showing logs for build [32mentando-k8s-entando-k8s-databas-5qb7j-2[0m stage [32mfrom-build-pack[0m and container [32mstep-build-fix-git-for-sonar[0m
Unable to retrieve container logs for docker://60598b1ac21e7340343470d4c1cfd14817dd104954f8ec40c80c0bbdb0110873

Showing logs for build [32mentando-k8s-entando-k8s-databas-5qb7j-2[0m stage [32mfrom-build-pack[0m and container [32mstep-build-mvn-verify-pr[0m
Unable to retrieve container logs for docker://54d4e5de01aa3e37a77e470d3278c975ce1f08654dcc99282ef7305b7e2d980b

Showing logs for build [32mentando-k8s-entando-k8s-databas-5qb7j-2[0m stage [32mfrom-build-pack[0m and container [32mstep-build-container-build[0m
Unable to retrieve container logs for docker://89c159cc7f16212588ec18907483d975e6a1e3dacf23e138679fc045079b364c

Showing logs for build [32mentando-k8s-entando-k8s-databas-5qb7j-2[0m stage [32mfrom-build-pack[0m and container [32mstep-postbuild-post-build[0m
Unable to retrieve container logs for docker://d8361f4f8d377f2add9e84e127608a77ea9808c65957a250a080cc13aace5c47

Showing logs for build [32mentando-k8s-entando-k8s-databas-5qb7j-2[0m stage [32mfrom-build-pack[0m and container [32mstep-promote-make-preview[0m
Unable to retrieve container logs for docker://30c26c03c4f9c24754b2e8c4d9ed0211a42852d60d449674dfe8f868dfe01***

Showing logs for build [32mentando-k8s-entando-k8s-databas-5qb7j-2[0m stage [32mfrom-build-pack[0m and container [32mstep-promote-jx-preview[0m
Unable to retrieve container logs for docker://585fa24de76f267844f513cceffc0943fedb37306d36754badde3e5a98af2646

Showing logs for build [32mentando-k8s-entando-k8s-databas-5qb7j-2[0m stage [32mfrom-build-pack[0m and container [32mstep-promote-run-post-deployment-tests[0m
Unable to retrieve container logs for docker://7baa8e4bf681f673c40deaf01d426d3f22f18b95b13cf95e86ebd0615e25b51d
[31m
Pipeline failed on stage 'from-build-pack' : container 'step-promote-run-post-deployment-tests'. The execution of the pipeline has stopped.[0m
