
Showing logs for build [32mentando-k8s-entando-k8s-databas-9jxnm-4[0m stage [32mfrom-build-pack[0m and container [32mcredential-initializer[0m
Unable to retrieve container logs for docker://cd80fecf455b3d3f405f40c5a721eb5c356431c5639a8060ed750ff24372b707

Showing logs for build [32mentando-k8s-entando-k8s-databas-9jxnm-4[0m stage [32mfrom-build-pack[0m and container [32mworking-dir-initializer[0m
Unable to retrieve container logs for docker://82c44ac1ec107f64e10da40095636d2926fcca9fb07a737cf8124a97259d8c1c

Showing logs for build [32mentando-k8s-entando-k8s-databas-9jxnm-4[0m stage [32mfrom-build-pack[0m and container [32mplace-tools[0m
Unable to retrieve container logs for docker://298ee4f1ab5f565e7e2951f6af107575e352e5f604356f048142b63b4078187f

Showing logs for build [32mentando-k8s-entando-k8s-databas-9jxnm-4[0m stage [32mfrom-build-pack[0m and container [32mstep-git-source-entando-k8s-entando-k8s-databas-9jxnm-hxt77[0m
Unable to retrieve container logs for docker://62e48fad6eeab372***924884c93bc57aa62b0c3f49d8d4437c833b7e3fcf417

Showing logs for build [32mentando-k8s-entando-k8s-databas-9jxnm-4[0m stage [32mfrom-build-pack[0m and container [32mstep-setup-builder-home[0m
Unable to retrieve container logs for docker://b19630e145365c2921d539571d1c822918e6a0bbe58c180cd8d3cf98b5519f60

Showing logs for build [32mentando-k8s-entando-k8s-databas-9jxnm-4[0m stage [32mfrom-build-pack[0m and container [32mstep-git-merge[0m
Unable to retrieve container logs for docker://b4b188c095ebb678c274995b7530b30e1436b33bf51007217c0fe95f30db4e45

Showing logs for build [32mentando-k8s-entando-k8s-databas-9jxnm-4[0m stage [32mfrom-build-pack[0m and container [32mstep-build-set-version[0m
Unable to retrieve container logs for docker://825822bb58727337563f622b2eb36a4864095f473dfcd41b60b99d3e1ae11470

Showing logs for build [32mentando-k8s-entando-k8s-databas-9jxnm-4[0m stage [32mfrom-build-pack[0m and container [32mstep-build-fix-git-for-sonar[0m
Unable to retrieve container logs for docker://4e48772099844b14399ecb7a97b777136d1cd198fe39c628c6816f7d6b352b11

Showing logs for build [32mentando-k8s-entando-k8s-databas-9jxnm-4[0m stage [32mfrom-build-pack[0m and container [32mstep-build-mvn-verify-pr[0m
Unable to retrieve container logs for docker://d3df91776af006117bc31ade87d0d83376f4c0d82328153e44943c8324e51079

Showing logs for build [32mentando-k8s-entando-k8s-databas-9jxnm-4[0m stage [32mfrom-build-pack[0m and container [32mstep-build-container-build[0m
Unable to retrieve container logs for docker://eeae2fc6411747588fb5501c8ab32658a97353bdea9bf05985e47b28b9f4672d

Showing logs for build [32mentando-k8s-entando-k8s-databas-9jxnm-4[0m stage [32mfrom-build-pack[0m and container [32mstep-postbuild-post-build[0m
Unable to retrieve container logs for docker://8d6e3d977d61a812f209e4b2c6962d4127968ea619e28a39e527419d305e890a

Showing logs for build [32mentando-k8s-entando-k8s-databas-9jxnm-4[0m stage [32mfrom-build-pack[0m and container [32mstep-promote-make-preview[0m
Unable to retrieve container logs for docker://a9dd44faf1a24c3b1f9e7e468f56e31db8e2caee2ad26a5b8374990e5ef5c23b

Showing logs for build [32mentando-k8s-entando-k8s-databas-9jxnm-4[0m stage [32mfrom-build-pack[0m and container [32mstep-promote-jx-preview[0m
Unable to retrieve container logs for docker://08289131c43c8d5b3b680edaa3f72916af844168059fba11dd1291ab03f1d26d
[31m
Pipeline failed on stage 'from-build-pack' : container 'step-promote-jx-preview'. The execution of the pipeline has stopped.[0m
