
Showing logs for build [32mentando-k8s-entando-k8s-databas-866bw-5[0m stage [32mfrom-build-pack[0m and container [32mcredential-initializer[0m
Unable to retrieve container logs for docker://4fdd2df8f9ec9e6b00efde30769a6f3dcce5bf9709e41b0a895679d3b51f632a

Showing logs for build [32mentando-k8s-entando-k8s-databas-866bw-5[0m stage [32mfrom-build-pack[0m and container [32mworking-dir-initializer[0m
Unable to retrieve container logs for docker://67171f0c6bef493eb0dedb13b9608118286791e5ae991f353aa7e16c2c522b3f

Showing logs for build [32mentando-k8s-entando-k8s-databas-866bw-5[0m stage [32mfrom-build-pack[0m and container [32mplace-tools[0m
Unable to retrieve container logs for docker://8538079f05026d42b960472dbfee9913f0147e6ed181252815449d9260eda323

Showing logs for build [32mentando-k8s-entando-k8s-databas-866bw-5[0m stage [32mfrom-build-pack[0m and container [32mstep-git-source-entando-k8s-entando-k8s-databas-866bw-lccj9[0m
Unable to retrieve container logs for docker://f2b8a6464805c372a6fe64f3f0cce36d545fb573fa7bdf5f02e69f2bfbe3d944

Showing logs for build [32mentando-k8s-entando-k8s-databas-866bw-5[0m stage [32mfrom-build-pack[0m and container [32mstep-setup-builder-home[0m
Unable to retrieve container logs for docker://890046cc2e060b052b98d00400fbd173528b72579003103cebb62264e5ec3d51

Showing logs for build [32mentando-k8s-entando-k8s-databas-866bw-5[0m stage [32mfrom-build-pack[0m and container [32mstep-git-merge[0m
Unable to retrieve container logs for docker://097387ed88450f56072184b53bd72e3fe9d5ae6f90bd5b1c7c690b8ff6741056

Showing logs for build [32mentando-k8s-entando-k8s-databas-866bw-5[0m stage [32mfrom-build-pack[0m and container [32mstep-build-set-version[0m
Unable to retrieve container logs for docker://d839e100b1c61a273c32644854cb266b7989ac3eaeb713675aba5381dda7937a

Showing logs for build [32mentando-k8s-entando-k8s-databas-866bw-5[0m stage [32mfrom-build-pack[0m and container [32mstep-build-fix-git-for-sonar[0m
Unable to retrieve container logs for docker://8f1d60442ff78c25709920900550ca0100ec49723e131a0180ec7f5e9c51fb40

Showing logs for build [32mentando-k8s-entando-k8s-databas-866bw-5[0m stage [32mfrom-build-pack[0m and container [32mstep-build-mvn-verify-pr[0m
Unable to retrieve container logs for docker://291c5cc32f975b03caa610bf8d76a8242c9472d5e8d9ee29125d02cb82f0895a

Showing logs for build [32mentando-k8s-entando-k8s-databas-866bw-5[0m stage [32mfrom-build-pack[0m and container [32mstep-build-container-build[0m
Unable to retrieve container logs for docker://79e86fdf7c011e39b37c88c9eae1101506ff2068bd315c2f689f155a60f7a527

Showing logs for build [32mentando-k8s-entando-k8s-databas-866bw-5[0m stage [32mfrom-build-pack[0m and container [32mstep-postbuild-post-build[0m
Unable to retrieve container logs for docker://3313f2fbabcbf4453c12a3522b65612ef984c7845240d83cad447825e5fd3502

Showing logs for build [32mentando-k8s-entando-k8s-databas-866bw-5[0m stage [32mfrom-build-pack[0m and container [32mstep-promote-make-preview[0m
Unable to retrieve container logs for docker://eb023caa6119de5a6330186062fc1f08e42fae4c8abbf805bbb8cf84236af064

Showing logs for build [32mentando-k8s-entando-k8s-databas-866bw-5[0m stage [32mfrom-build-pack[0m and container [32mstep-promote-jx-preview[0m
Unable to retrieve container logs for docker://00320557530e164df26b8d7f6add6c72d9c61a0e3bfc0e69815842c6d37ccd69

Showing logs for build [32mentando-k8s-entando-k8s-databas-866bw-5[0m stage [32mfrom-build-pack[0m and container [32mstep-promote-run-post-deployment-tests[0m
Unable to retrieve container logs for docker://2c76078c243e4670ff6d1a5067e1614e273564734665eb70f9c0f2b635aefb57
