
Showing logs for build [32mentando-k8s-entando-de-app-pr-2-hnndc-1[0m stage [32mfrom-build-pack[0m and container [32mcredential-initializer[0m
Unable to retrieve container logs for docker://b3e5378008879042432a09d277b3062041eb6f305b94614cde3e0f34964fd611

Showing logs for build [32mentando-k8s-entando-de-app-pr-2-hnndc-1[0m stage [32mfrom-build-pack[0m and container [32mworking-dir-initializer[0m
Unable to retrieve container logs for docker://ba7f624deb2bc203b527eb1a1ed0f61f593fceab5d207f73fa4b3daf92948313

Showing logs for build [32mentando-k8s-entando-de-app-pr-2-hnndc-1[0m stage [32mfrom-build-pack[0m and container [32mplace-tools[0m
Unable to retrieve container logs for docker://fedf03f80dac556d94068c242ed63e3e4706140222a70d578a6bd28cd3165271

Showing logs for build [32mentando-k8s-entando-de-app-pr-2-hnndc-1[0m stage [32mfrom-build-pack[0m and container [32mstep-git-source-entando-k8s-entando-de-app-pr-2-hnndc-cp2c4[0m
Unable to retrieve container logs for docker://a3822b31ac54b434026644a2a128f1620ef30d2576c4dd04708465fc8cc0d40b

Showing logs for build [32mentando-k8s-entando-de-app-pr-2-hnndc-1[0m stage [32mfrom-build-pack[0m and container [32mstep-setup-builder-home[0m
Unable to retrieve container logs for docker://b85e38fca5b7af48fccd4e0e728daf5f530c5a4ed411256096d38903473a4f5b

Showing logs for build [32mentando-k8s-entando-de-app-pr-2-hnndc-1[0m stage [32mfrom-build-pack[0m and container [32mstep-git-merge[0m
Unable to retrieve container logs for docker://c493dd3ce127fa20255f29b8bd3d0470ce70a2805f4b4b0f5b60fa273cb81732

Showing logs for build [32mentando-k8s-entando-de-app-pr-2-hnndc-1[0m stage [32mfrom-build-pack[0m and container [32mstep-build-set-version[0m
Unable to retrieve container logs for docker://6e8db7c9ad0c51742160036dd95a4d5f2a7a6558e8e309790ffbf82ca36c2915

Showing logs for build [32mentando-k8s-entando-de-app-pr-2-hnndc-1[0m stage [32mfrom-build-pack[0m and container [32mstep-build-mvn-verify[0m
Unable to retrieve container logs for docker://16992bbbd0ae80578ff385da5e01a03097a0afb36c60d0122fb69e68fc496b5d

Showing logs for build [32mentando-k8s-entando-de-app-pr-2-hnndc-1[0m stage [32mfrom-build-pack[0m and container [32mstep-build-container-build[0m
Unable to retrieve container logs for docker://f42476d8cfeaba0f16ac133b93b4d627f36785e0be5a2d54a06d2872dfc19563

Showing logs for build [32mentando-k8s-entando-de-app-pr-2-hnndc-1[0m stage [32mfrom-build-pack[0m and container [32mstep-postbuild-post-build[0m
Unable to retrieve container logs for docker://a0fdea53d53d6f763429088a1164741199cbd1a3fa85675269b7ea0c164b2715
