
Showing logs for build [32mentando-k8s-entando-de-app-pr-2-tltn7-2[0m stage [32mfrom-build-pack[0m and container [32mcredential-initializer[0m
Unable to retrieve container logs for docker://2a6f9e18d135bb42b1d46ed2e8a2b61e2528c13588f75332dbcde9c46504a45d

Showing logs for build [32mentando-k8s-entando-de-app-pr-2-tltn7-2[0m stage [32mfrom-build-pack[0m and container [32mworking-dir-initializer[0m
Unable to retrieve container logs for docker://3bbac08940964e55b9ae05be7499a50e76e2fc57949770433cf78440486e594e

Showing logs for build [32mentando-k8s-entando-de-app-pr-2-tltn7-2[0m stage [32mfrom-build-pack[0m and container [32mplace-tools[0m
Unable to retrieve container logs for docker://cd3107e7de0c7c798fd2070c8288c80c4f3fcf074456f73866c338c4ac586651

Showing logs for build [32mentando-k8s-entando-de-app-pr-2-tltn7-2[0m stage [32mfrom-build-pack[0m and container [32mstep-git-source-entando-k8s-entando-de-app-pr-2-tltn7-xrg6n[0m
Unable to retrieve container logs for docker://407614f80e9c1001de396f1413b310439f718c29d794ce7c7a6dc9ad51b15252

Showing logs for build [32mentando-k8s-entando-de-app-pr-2-tltn7-2[0m stage [32mfrom-build-pack[0m and container [32mstep-setup-builder-home[0m
Unable to retrieve container logs for docker://9d941baf1aae3622a773b76284b4cb3c0b1f1ed4aab88517c371398adf116c51

Showing logs for build [32mentando-k8s-entando-de-app-pr-2-tltn7-2[0m stage [32mfrom-build-pack[0m and container [32mstep-git-merge[0m
Unable to retrieve container logs for docker://f6eee9321330e93b9baacd91009beb5225bed3cc0143b7380385bf58ef443f77

Showing logs for build [32mentando-k8s-entando-de-app-pr-2-tltn7-2[0m stage [32mfrom-build-pack[0m and container [32mstep-build-set-version[0m
Unable to retrieve container logs for docker://dcf04f68d390774029fb33c1b48b5659139f82708a800337d17889a0d8e27407

Showing logs for build [32mentando-k8s-entando-de-app-pr-2-tltn7-2[0m stage [32mfrom-build-pack[0m and container [32mstep-build-mvn-verify[0m
Unable to retrieve container logs for docker://0a93d1732613e703c41d39dae39ad474ab6336456bd7316af082ab70850f803b

Showing logs for build [32mentando-k8s-entando-de-app-pr-2-tltn7-2[0m stage [32mfrom-build-pack[0m and container [32mstep-build-container-build[0m
Unable to retrieve container logs for docker://2247f1df670f3a7a29b3c1336f006d63aac668d91921ee69f7c29e8254263315

Showing logs for build [32mentando-k8s-entando-de-app-pr-2-tltn7-2[0m stage [32mfrom-build-pack[0m and container [32mstep-postbuild-post-build[0m
Unable to retrieve container logs for docker://a9da6ca49995cb58328420e68b88c2553426d7bbdc9513599b7fc596fd8e712b
