
Showing logs for build [32mentando-entando-engine-pr-162-p-qztsr-2[0m stage [32mfrom-build-pack[0m and container [32mcredential-initializer[0m
{"level":"info","ts":1626086805.1842802,"caller":"creds-init/main.go:44","msg":"Credentials initialized."}

Showing logs for build [32mentando-entando-engine-pr-162-p-qztsr-2[0m stage [32mfrom-build-pack[0m and container [32mworking-dir-initializer[0m

Showing logs for build [32mentando-entando-engine-pr-162-p-qztsr-2[0m stage [32mfrom-build-pack[0m and container [32mplace-tools[0m

Showing logs for build [32mentando-entando-engine-pr-162-p-qztsr-2[0m stage [32mfrom-build-pack[0m and container [32mstep-git-source-entando-entando-engine-pr-162-p-qztsr-266z4[0m
{"level":"info","ts":1626086833.4031162,"caller":"git/git.go:105","msg":"Successfully cloned https://github.com/entando/entando-engine.git @ master in path /workspace/source"}
{"level":"warn","ts":1626086833.4033668,"caller":"git/git.go:152","msg":"Unexpected error: creating symlink: symlink /tekton/home/.ssh /****/.ssh: file exists"}
{"level":"info","ts":1626086833.490551,"caller":"git/git.go:133","msg":"Successfully initialized and updated submodules in path /workspace/source"}

Showing logs for build [32mentando-entando-engine-pr-162-p-qztsr-2[0m stage [32mfrom-build-pack[0m and container [32mstep-setup-builder-home[0m

Showing logs for build [32mentando-entando-engine-pr-162-p-qztsr-2[0m stage [32mfrom-build-pack[0m and container [32mstep-git-merge[0m
Using SHAs from PULL_REFS=develop:318f77260b72f99f186860b289472ab7f0c46309,162:826d5e125a8f3ea9abfe6e0525a6b47e59a34ed9
DEBUG: LC_ALL=C JX_LOG_LEVEL=error git fetch origin --unshallow 826d5e125a8f3ea9abfe6e0525a6b47e59a34ed9: 318f77260b72f99f186860b289472ab7f0c46309:
DEBUG: ran git fetch --unshallow origin 826d5e125a8f3ea9abfe6e0525a6b47e59a34ed9: 318f77260b72f99f186860b289472ab7f0c46309: in 
DEBUG: LC_ALL=C JX_LOG_LEVEL=error git branch
DEBUG: LC_ALL=C JX_LOG_LEVEL=error git branch develop
DEBUG: JX_LOG_LEVEL=error LC_ALL=C git checkout develop
DEBUG: ran git checkout develop in 
DEBUG: LC_ALL=C JX_LOG_LEVEL=error git reset --hard 318f77260b72f99f186860b289472ab7f0c46309
DEBUG: ran git reset --hard 318f77260b72f99f186860b289472ab7f0c46309 in 
DEBUG: LC_ALL=C JX_LOG_LEVEL=error git clean -fd .
DEBUG: ran clean --force -d . in 
DEBUG: JX_LOG_LEVEL=error LC_ALL=C git merge 826d5e125a8f3ea9abfe6e0525a6b47e59a34ed9
DEBUG: ran git merge 826d5e125a8f3ea9abfe6e0525a6b47e59a34ed9 in 
DEBUG: LC_ALL=C JX_LOG_LEVEL=error git log --format=%H%x1f%an%x1f%ae%x1f%cn%x1f%ce%x1f%s%n%b%x1e 318f77260b72f99f186860b289472ab7f0c46309..HEAD
Merged SHA 826d5e125a8f3ea9abfe6e0525a6b47e59a34ed9 with commit message 'ENG-2471 github actions workflows' into base branch develop

Showing logs for build [32mentando-entando-engine-pr-162-p-qztsr-2[0m stage [32mfrom-build-pack[0m and container [32mstep-build-set-version[0m
Picked up _JAVA_OPTIONS: -XX:+UnlockExperimentalVMOptions -XX:+UseCGroupMemoryLimitForHeap -Dsun.zip.disableMemoryMapping=**** -XX:+UseParallelGC -XX:MinHeapFreeRatio=5 -XX:MaxHeapFreeRatio=10 -XX:GCTimeRatio=4 -XX:AdaptiveSizePolicyWeight=90 -Xms10m -Xmx192m
OpenJDK 64-Bit Server VM warning: If the number of processors is expected to increase from one, then you should configure the number of parallel GC threads appropriately using -XX:ParallelGCThreads=N
[INFO] Scanning for projects...
[WARNING] 
[WARNING] Some problems were encountered while building the effective model for org.entando.entando:entando-engine:jar:6.4.0-SNAPSHOT
[WARNING] 'dependencyManagement.dependencies.dependency.(groupId:artifactId:type:classifier)' must be unique: org.springframework:spring-tx:jar -> version (?) vs ${spring.version} @ org.entando:entando-core-parent:6.4.4, /home/jenkins/.mvnrepository/org/entando/entando-core-parent/6.4.4/entando-core-parent-6.4.4.pom, line 625, column 25
[WARNING] 
[WARNING] It is highly recommended to fix these problems because they threaten the stability of your build.
[WARNING] 
[WARNING] For this reason, future Maven versions might no longer support building such malformed projects.
[WARNING] 
[WARNING] The POM for org.eclipse.m2e:lifecycle-mapping:jar:1.0.0 is missing, no dependency information available
[WARNING] Failed to retrieve plugin descriptor for org.eclipse.m2e:lifecycle-mapping:1.0.0: Plugin org.eclipse.m2e:lifecycle-mapping:1.0.0 or one of its dependencies could not be resolved: Could not find artifact org.eclipse.m2e:lifecycle-mapping:jar:1.0.0 in nexus (http://nexus/repository/maven-group/)
[INFO] 
[INFO] -----------------< org.entando.entando:entando-engine >-----------------
[INFO] Building Entando Core: Engine 6.4.0-SNAPSHOT
[INFO] --------------------------------[ jar ]---------------------------------
[WARNING] The POM for org.eclipse.m2e:lifecycle-mapping:jar:1.0.0 is missing, no dependency information available
[WARNING] Failed to retrieve plugin descriptor for org.eclipse.m2e:lifecycle-mapping:1.0.0: Plugin org.eclipse.m2e:lifecycle-mapping:1.0.0 or one of its dependencies could not be resolved: Failure to find org.eclipse.m2e:lifecycle-mapping:jar:1.0.0 in http://nexus/repository/maven-group/ was cached in the local repository, resolution will not be reattempted until the update interval of nexus has elapsed or updates are forced
[INFO] 
[INFO] --- versions-maven-plugin:2.8.1:set (default-cli) @ entando-engine ---
[INFO] Local aggregation ****: /workspace/source
[INFO] Processing change of org.entando.entando:entando-engine:6.4.0-SNAPSHOT -> 0.0.0-SNAPSHOT-PR-162-2
[INFO] Processing org.entando.entando:entando-engine
[INFO]     Updating project org.entando.entando:entando-engine
[INFO]         from version 6.4.0-SNAPSHOT to 0.0.0-SNAPSHOT-PR-162-2
[INFO] 
[INFO] ------------------------------------------------------------------------
[INFO] BUILD SUCCESS
[INFO] ------------------------------------------------------------------------
[INFO] Total time:  20.786 s
[INFO] Finished at: 2021-07-12T10:47:42Z
[INFO] ------------------------------------------------------------------------

Showing logs for build [32mentando-entando-engine-pr-162-p-qztsr-2[0m stage [32mfrom-build-pack[0m and container [32mstep-build-mvn-install[0m
Picked up _JAVA_OPTIONS: -XX:+UnlockExperimentalVMOptions -XX:+UseCGroupMemoryLimitForHeap -Dsun.zip.disableMemoryMapping=**** -XX:+UseParallelGC -XX:MinHeapFreeRatio=5 -XX:MaxHeapFreeRatio=10 -XX:GCTimeRatio=4 -XX:AdaptiveSizePolicyWeight=90 -Xms10m -Xmx192m
OpenJDK 64-Bit Server VM warning: If the number of processors is expected to increase from one, then you should configure the number of parallel GC threads appropriately using -XX:ParallelGCThreads=N
[INFO] Scanning for projects...
[WARNING] 
[WARNING] Some problems were encountered while building the effective model for org.entando.entando:entando-engine:jar:0.0.0-SNAPSHOT-PR-162-2
[WARNING] 'dependencyManagement.dependencies.dependency.(groupId:artifactId:type:classifier)' must be unique: org.springframework:spring-tx:jar -> version (?) vs ${spring.version} @ org.entando:entando-core-parent:6.4.4, /home/jenkins/.mvnrepository/org/entando/entando-core-parent/6.4.4/entando-core-parent-6.4.4.pom, line 625, column 25
[WARNING] 
[WARNING] It is highly recommended to fix these problems because they threaten the stability of your build.
[WARNING] 
[WARNING] For this reason, future Maven versions might no longer support building such malformed projects.
[WARNING] 
[INFO] 
[INFO] -----------------< org.entando.entando:entando-engine >-----------------
[INFO] Building Entando Core: Engine 0.0.0-SNAPSHOT-PR-162-2
[INFO] --------------------------------[ jar ]---------------------------------
[WARNING] The artifact org.hibernate:hibernate-validator:jar:6.0.20.Final has been relocated to org.hibernate.validator:hibernate-validator:jar:6.0.20.Final
[INFO] 
[INFO] --- maven-enforcer-plugin:3.0.0-M3:enforce (enforce-versions) @ entando-engine ---
[INFO] 
[INFO] --- maven-resources-plugin:2.5:resources (default-resources) @ entando-engine ---
[debug] e**cute contextualize
[INFO] Using 'UTF-8' encoding to copy filtered resources.
[INFO] Copying 27 resources
[INFO] Copying 7 resources
[INFO] Copying 67 resources
[INFO] Copying 2 resources to META-INF
[INFO] 
[INFO] --- jrebel-maven-plugin:1.1.3:generate-liverebel-xml (generate-liverebel-xml) @ entando-engine ---
[INFO] Generating liverebel.xml
[INFO] 
[INFO] --- maven-compiler-plugin:3.8.1:compile (default-compile) @ entando-engine ---
[INFO] Changes detected - recompiling the module!
[INFO] Compiling 871 source files to /workspace/source/target/classes
[WARNING] /workspace/source/src/main/java/com/agiletec/aps/******/common/FieldSearchFilter.java:[100,33] unchecked method invocation: method addAll in interface java.util.List is applied to given types
  required: java.util.Collection<? extends E>
  found: java.util.Collection
[WARNING] /workspace/source/src/main/java/com/agiletec/aps/******/common/FieldSearchFilter.java:[100,34] unchecked conversion
  required: java.util.Collection<? extends E>
  found:    java.util.Collection
[WARNING] /workspace/source/src/main/java/org/entando/entando/aps/******/init/model/DataSourceDumpReport.java:[77,96] unchecked conversion
  required: java.util.List<org.jdom.Element>
  found:    java.util.List
[WARNING] /workspace/source/src/main/java/org/entando/entando/aps/******/init/model/DataSourceDumpReport.java:[84,73] unchecked conversion
  required: java.util.List<org.jdom.Element>
  found:    java.util.List
[WARNING] /workspace/source/src/main/java/org/entando/entando/aps/******/init/model/DataSourceDumpReport.java:[88,92] unchecked conversion
  required: java.util.List<org.jdom.Element>
  found:    java.util.List
[WARNING] /workspace/source/src/main/java/org/entando/entando/aps/******/init/model/DataSourceDumpReport.java:[125,49] unchecked method invocation: method sort in class java.util.Collections is applied to given types
  required: java.util.List<T>,java.util.Comparator<? super T>
  found: java.util.List<org.entando.entando.aps.******.init.model.TableDumpReport>,org.apache.commons.beanutils.BeanComparator
[WARNING] /workspace/source/src/main/java/org/entando/entando/aps/******/init/model/DataSourceDumpReport.java:[125,64] unchecked conversion
  required: java.util.Comparator<? super T>
  found:    org.apache.commons.beanutils.BeanComparator
[WARNING] /workspace/source/src/main/java/org/entando/entando/aps/******/init/model/DataSourceDumpReport.java:[194,33] unchecked method invocation: method sort in class java.util.Collections is applied to given types
  required: java.util.List<T>,java.util.Comparator<? super T>
  found: java.util.List<org.entando.entando.aps.******.init.model.ComponentInstallationReport>,org.apache.commons.beanutils.BeanComparator
[WARNING] /workspace/source/src/main/java/org/entando/entando/aps/******/init/model/DataSourceDumpReport.java:[194,59] unchecked conversion
  required: java.util.Comparator<? super T>
  found:    org.apache.commons.beanutils.BeanComparator
[WARNING] /workspace/source/src/main/java/org/entando/entando/aps/******/init/model/SystemInstallationReport.java:[101,67] unchecked conversion
  required: java.util.List<org.jdom.Element>
  found:    java.util.List
[WARNING] /workspace/source/src/main/java/org/entando/entando/aps/******/init/model/Component.java:[53,85] unchecked conversion
  required: java.util.List<org.jdom.Element>
  found:    java.util.List
[WARNING] /workspace/source/src/main/java/org/entando/entando/aps/******/init/model/Component.java:[63,83] unchecked conversion
  required: java.util.List<org.jdom.Element>
  found:    java.util.List
[WARNING] /workspace/source/src/main/java/org/entando/entando/aps/******/init/model/Component.java:[86,79] unchecked conversion
  required: java.util.List<org.jdom.Element>
  found:    java.util.List
[WARNING] /workspace/source/src/main/java/org/entando/entando/aps/******/init/model/Component.java:[91,75] unchecked conversion
  required: java.util.List<org.jdom.Element>
  found:    java.util.List
[WARNING] /workspace/source/src/main/java/org/entando/entando/aps/******/init/model/DataSourceInstallationReport.java:[33,69] unchecked conversion
  required: java.util.List<org.jdom.Element>
  found:    java.util.List
[WARNING] /workspace/source/src/main/java/org/entando/entando/aps/******/init/model/DataSourceInstallationReport.java:[41,90] unchecked conversion
  required: java.util.List<org.jdom.Element>
  found:    java.util.List
[WARNING] /workspace/source/src/main/java/org/entando/entando/aps/******/init/model/DataInstallationReport.java:[29,69] unchecked conversion
  required: java.util.List<org.jdom.Element>
  found:    java.util.List
[WARNING] /workspace/source/src/main/java/org/entando/entando/aps/******/init/model/AbstractComponentModule.java:[39,79] unchecked conversion
  required: java.util.List<org.jdom.Element>
  found:    java.util.List
[WARNING] /workspace/source/src/main/java/org/entando/entando/aps/******/init/model/AbstractComponentModule.java:[51,81] unchecked conversion
  required: java.util.List<org.jdom.Element>
  found:    java.util.List
[WARNING] /workspace/source/src/main/java/org/entando/entando/aps/******/init/model/ComponentUninstallerInfo.java:[50,86] unchecked conversion
  required: java.util.List<org.jdom.Element>
  found:    java.util.List
[WARNING] /workspace/source/src/main/java/com/agiletec/aps/******/common/entity/parse/AttributeDisablingCodesDOM.java:[44,83] unchecked conversion
  required: java.util.List<org.jdom.Element>
  found:    java.util.List
[WARNING] /workspace/source/src/main/java/org/entando/entando/aps/******/services/guifragment/model/GuiFragmentDtoBuilder.java:[56,92] unchecked conversion
  required: java.util.List<java.lang.Object>
  found:    java.util.List
[WARNING] /workspace/source/src/main/java/org/entando/entando/web/common/model/Filter.java:[126,22] unchecked call to EntitySearchFilter(java.lang.String,boolean,T,T) as a member of the raw type com.agiletec.aps.******.common.entity.model.EntitySearchFilter
[WARNING] /workspace/source/src/main/java/org/entando/entando/web/common/model/Filter.java:[128,22] unchecked call to EntitySearchFilter(java.lang.String,boolean,T,T) as a member of the raw type com.agiletec.aps.******.common.entity.model.EntitySearchFilter
[WARNING] /workspace/source/src/main/java/org/entando/entando/web/common/model/Filter.java:[130,22] unchecked call to EntitySearchFilter(java.lang.String,boolean,T,boolean) as a member of the raw type com.agiletec.aps.******.common.entity.model.EntitySearchFilter
[WARNING] /workspace/source/src/main/java/org/entando/entando/web/common/model/Filter.java:[133,22] unchecked call to EntitySearchFilter(java.lang.String,boolean,T,boolean,com.agiletec.aps.******.common.FieldSearchFilter.LikeOptionType) as a member of the raw type com.agiletec.aps.******.common.entity.model.EntitySearchFilter
[WARNING] /workspace/source/src/main/java/com/agiletec/aps/******/common/entity/model/EntitySearchFilter.java:[84,45] unchecked method invocation: method addAll in interface java.util.List is applied to given types
  required: java.util.Collection<? extends E>
  found: java.util.Collection
[WARNING] /workspace/source/src/main/java/com/agiletec/aps/******/common/entity/model/EntitySearchFilter.java:[84,46] unchecked conversion
  required: java.util.Collection<? extends E>
  found:    java.util.Collection
[WARNING] /workspace/source/src/main/java/com/agiletec/aps/******/common/entity/model/EntitySearchFilter.java:[85,46] unchecked call to setAllowedValues(java.util.List<T>) as a member of the raw type com.agiletec.aps.******.common.FieldSearchFilter
[WARNING] /workspace/source/src/main/java/com/agiletec/aps/******/common/entity/model/EntitySearchFilter.java:[90,38] unchecked call to setValue(T) as a member of the raw type com.agiletec.aps.******.common.FieldSearchFilter
[WARNING] /workspace/source/src/main/java/com/agiletec/aps/******/common/entity/model/EntitySearchFilter.java:[122,30] unchecked call to setStart(T) as a member of the raw type com.agiletec.aps.******.common.FieldSearchFilter
[WARNING] /workspace/source/src/main/java/com/agiletec/aps/******/common/entity/model/EntitySearchFilter.java:[123,28] unchecked call to setEnd(T) as a member of the raw type com.agiletec.aps.******.common.FieldSearchFilter
[WARNING] /workspace/source/src/main/java/com/agiletec/aps/******/common/entity/model/EntitySearchFilter.java:[142,38] unchecked call to setAllowedValues(java.util.List<T>) as a member of the raw type com.agiletec.aps.******.common.FieldSearchFilter
[WARNING] /workspace/source/src/main/java/com/agiletec/aps/******/common/entity/model/EntitySearchFilter.java:[166,45] unchecked method invocation: method addAll in interface java.util.List is applied to given types
  required: java.util.Collection<? extends E>
  found: java.util.Collection
[WARNING] /workspace/source/src/main/java/com/agiletec/aps/******/common/entity/model/EntitySearchFilter.java:[166,46] unchecked conversion
  required: java.util.Collection<? extends E>
  found:    java.util.Collection
[WARNING] /workspace/source/src/main/java/com/agiletec/aps/******/common/entity/model/EntitySearchFilter.java:[167,48] unchecked call to setAllowedValues(java.util.List<T>) as a member of the raw type com.agiletec.aps.******.common.FieldSearchFilter
[WARNING] /workspace/source/src/main/java/com/agiletec/aps/******/common/entity/model/EntitySearchFilter.java:[172,40] unchecked call to setValue(T) as a member of the raw type com.agiletec.aps.******.common.FieldSearchFilter
[WARNING] /workspace/source/src/main/java/com/agiletec/aps/******/common/entity/model/EntitySearchFilter.java:[195,32] unchecked call to setStart(T) as a member of the raw type com.agiletec.aps.******.common.FieldSearchFilter
[WARNING] /workspace/source/src/main/java/com/agiletec/aps/******/common/entity/model/EntitySearchFilter.java:[196,30] unchecked call to setEnd(T) as a member of the raw type com.agiletec.aps.******.common.FieldSearchFilter
[WARNING] /workspace/source/src/main/java/com/agiletec/aps/******/common/entity/model/EntitySearchFilter.java:[204,40] unchecked call to setAllowedValues(java.util.List<T>) as a member of the raw type com.agiletec.aps.******.common.FieldSearchFilter
[WARNING] /workspace/source/src/main/java/com/agiletec/aps/******/common/entity/model/EntitySearchFilter.java:[303,70] unchecked cast
  required: java.util.List<java.lang.Object>
  found:    java.lang.Object
[WARNING] /workspace/source/src/main/java/com/agiletec/aps/******/common/entity/model/EntitySearchFilter.java:[433,40] unchecked call to setValue(T) as a member of the raw type com.agiletec.aps.******.common.FieldSearchFilter
[WARNING] /workspace/source/src/main/java/com/agiletec/aps/******/common/entity/model/EntitySearchFilter.java:[439,48] unchecked call to setAllowedValues(java.util.List<T>) as a member of the raw type com.agiletec.aps.******.common.FieldSearchFilter
[WARNING] /workspace/source/src/main/java/com/agiletec/aps/******/common/entity/model/EntitySearchFilter.java:[445,40] unchecked call to setStart(T) as a member of the raw type com.agiletec.aps.******.common.FieldSearchFilter
[WARNING] /workspace/source/src/main/java/com/agiletec/aps/******/common/entity/model/EntitySearchFilter.java:[446,38] unchecked call to setEnd(T) as a member of the raw type com.agiletec.aps.******.common.FieldSearchFilter
[WARNING] /workspace/source/src/main/java/com/agiletec/aps/******/common/entity/model/attribute/AbstractAttribute.java:[314,57] unchecked conversion
  required: java.util.List<org.jdom.Element>
  found:    java.util.List
[WARNING] /workspace/source/src/main/java/org/entando/entando/aps/******/services/entity/model/EntityAttributeDto.java:[66,49] unchecked cast
  required: java.util.Map<java.lang.String,java.lang.Object>
  found:    java.lang.Object
[WARNING] /workspace/source/src/main/java/org/entando/entando/aps/******/init/AbstractDatabaseUtils.java:[49,113] unchecked cast
  required: java.util.List<java.lang.String>
  found:    java.lang.Object
[WARNING] /workspace/source/src/main/java/org/entando/entando/aps/******/services/api/model/ApiMethod.java:[82,97] unchecked conversion
  required: java.util.List<org.jdom.Element>
  found:    java.util.List
[WARNING] /workspace/source/src/main/java/org/entando/entando/aps/******/services/api/model/ApiMethodRelatedWidget.java:[34,69] unchecked conversion
  required: java.util.List<org.jdom.Element>
  found:    java.util.List
[WARNING] /workspace/source/src/main/java/org/entando/entando/aps/******/services/api/model/StringListApiResponseResult.java:[32,67] unchecked cast
  required: java.util.Collection<java.lang.String>
  found:    java.lang.Object
[WARNING] /workspace/source/src/main/java/com/agiletec/aps/******/common/AbstractCacheWrapper.java:[57,20] unchecked cast
  required: T
  found:    java.lang.Object
[WARNING] /workspace/source/src/main/java/com/agiletec/aps/******/services/baseconfig/cache/ConfigManagerCacheWrapper.java:[58,53] unchecked cast
  required: java.util.List<java.lang.String>
  found:    java.util.List
[WARNING] /workspace/source/src/main/java/com/agiletec/aps/******/services/baseconfig/cache/ConfigManagerCacheWrapper.java:[72,56] unchecked cast
  required: java.util.List<java.lang.String>
  found:    java.util.List
[WARNING] /workspace/source/src/main/java/com/agiletec/aps/******/services/group/GroupManager.java:[130,25] unchecked method invocation: method sort in class java.util.Collections is applied to given types
  required: java.util.List<T>,java.util.Comparator<? super T>
  found: java.util.List<com.agiletec.aps.******.services.group.Group>,org.apache.commons.beanutils.BeanComparator
[WARNING] /workspace/source/src/main/java/com/agiletec/aps/******/services/group/GroupManager.java:[130,34] unchecked conversion
  required: java.util.Comparator<? super T>
  found:    org.apache.commons.beanutils.BeanComparator
[WARNING] /workspace/source/src/main/java/org/entando/entando/aps/******/services/api/UnmarshalUtils.java:[82,51] unchecked call to readFrom(java.lang.Class<T>,java.lang.reflect.Type,java.lang.annotation.Annotation[],javax.ws.rs.core.MediaType,javax.ws.rs.core.MultivaluedMap<java.lang.String,java.lang.String>,java.io.InputStream) as a member of the raw type org.apache.cxf.jaxrs.provider.json.JSONProvider
[WARNING] /workspace/source/src/main/java/com/agiletec/aps/******/services/authorization/AuthorizationService.java:[79,91] unchecked cast
  required: com.agiletec.aps.******.services.group.GroupUtilizer<java.lang.String>
  found:    com.agiletec.aps.******.services.authorization.IAuthorizationManager
[WARNING] /workspace/source/src/main/java/org/entando/entando/aps/******/services/category/CategoryService.java:[154,53] unchecked call to SearcherDaoPaginatedResult(java.lang.Integer,java.util.List<T>) as a member of the raw type com.agiletec.aps.******.common.model.dao.SearcherDaoPaginatedResult
[WARNING] /workspace/source/src/main/java/org/entando/entando/aps/******/services/category/CategoryService.java:[156,46] unchecked cast
  required: java.util.List<java.lang.Object>
  found:    java.util.List<capture#1 of ?>
[WARNING] /workspace/source/src/main/java/com/agiletec/aps/******/common/entity/model/attribute/AbstractListAttribute.java:[47,86] unchecked conversion
  required: java.util.List<org.jdom.Element>
  found:    java.util.List
[WARNING] /workspace/source/src/main/java/org/entando/entando/aps/******/services/page/PageService.java:[764,46] unchecked cast
  required: java.util.List<java.lang.Object>
  found:    java.util.List<capture#2 of ?>
[WARNING] /workspace/source/src/main/java/org/entando/entando/aps/******/services/page/PageService.java:[812,29] unchecked method invocation: method sort in class java.util.Collections is applied to given types
  required: java.util.List<T>,java.util.Comparator<? super T>
  found: java.util.List<org.entando.entando.aps.******.services.page.model.PageDto>,java.util.Comparator
[WARNING] /workspace/source/src/main/java/org/entando/entando/aps/******/services/page/PageService.java:[812,56] unchecked conversion
  required: java.util.Comparator<? super T>
  found:    java.util.Comparator
[WARNING] /workspace/source/src/main/java/org/entando/entando/aps/******/services/page/PageService.java:[814,29] unchecked method invocation: method sort in class java.util.Collections is applied to given types
  required: java.util.List<T>,java.util.Comparator<? super T>
  found: java.util.List<org.entando.entando.aps.******.services.page.model.PageDto>,org.apache.commons.beanutils.BeanComparator
[WARNING] /workspace/source/src/main/java/org/entando/entando/aps/******/services/page/PageService.java:[814,37] unchecked conversion
  required: java.util.Comparator<? super T>
  found:    org.apache.commons.beanutils.BeanComparator
[WARNING] /workspace/source/src/main/java/com/agiletec/aps/******/services/authorization/AuthorizationManager.java:[133,64] unchecked cast
  required: java.util.List<com.agiletec.aps.******.services.authorization.IApsAuthority>
  found:    java.util.List
[WARNING] /workspace/source/src/main/java/com/agiletec/aps/******/services/authorization/AuthorizationManager.java:[161,32] unchecked call to add(E) as a member of the raw type java.util.List
[WARNING] /workspace/source/src/main/java/com/agiletec/aps/******/services/authorization/AuthorizationManager.java:[167,36] unchecked call to add(E) as a member of the raw type java.util.List
[WARNING] /workspace/source/src/main/java/com/agiletec/aps/******/services/authorization/AuthorizationManager.java:[186,42] unchecked conversion
  required: java.util.List<com.agiletec.aps.******.services.role.Role>
  found:    java.util.List
[WARNING] /workspace/source/src/main/java/com/agiletec/aps/******/services/authorization/AuthorizationManager.java:[233,51] unchecked conversion
  required: java.util.List<com.agiletec.aps.******.services.authorization.IApsAuthority>
  found:    java.util.List
[WARNING] /workspace/source/src/main/java/com/agiletec/aps/******/services/authorization/AuthorizationManager.java:[250,72] unchecked conversion
  required: java.util.List<com.agiletec.aps.******.services.authorization.IApsAuthority>
  found:    java.util.List
[WARNING] /workspace/source/src/main/java/com/agiletec/aps/******/services/authorization/AuthorizationManager.java:[286,29] unchecked call to addAll(java.util.Collection<? extends E>) as a member of the raw type java.util.List
[WARNING] /workspace/source/src/main/java/com/agiletec/aps/******/services/authorization/AuthorizationManager.java:[335,42] unchecked conversion
  required: java.util.List<com.agiletec.aps.******.services.authorization.IApsAuthority>
  found:    java.util.List
[WARNING] /workspace/source/src/main/java/com/agiletec/aps/******/services/authorization/AuthorizationManager.java:[340,42] unchecked conversion
  required: java.util.List<com.agiletec.aps.******.services.role.Role>
  found:    java.util.List
[WARNING] /workspace/source/src/main/java/com/agiletec/aps/******/services/authorization/AuthorizationManager.java:[350,42] unchecked conversion
  required: java.util.List<com.agiletec.aps.******.services.authorization.IApsAuthority>
  found:    java.util.List
[WARNING] /workspace/source/src/main/java/com/agiletec/aps/******/services/authorization/AuthorizationManager.java:[355,42] unchecked conversion
  required: java.util.List<com.agiletec.aps.******.services.group.Group>
  found:    java.util.List
[WARNING] /workspace/source/src/main/java/com/agiletec/aps/******/services/authorization/AuthorizationManager.java:[477,82] unchecked cast
  required: java.util.Map<java.lang.String,com.agiletec.aps.******.services.group.Group>
  found:    java.util.Map
[WARNING] /workspace/source/src/main/java/com/agiletec/aps/******/services/authorization/AuthorizationManager.java:[478,79] unchecked cast
  required: java.util.Map<java.lang.String,com.agiletec.aps.******.services.role.Role>
  found:    java.util.Map
[WARNING] /workspace/source/src/main/java/org/entando/entando/aps/******/services/api/response/ServicesResponseResult.java:[37,73] unchecked cast
  required: java.util.Collection<org.entando.entando.aps.******.services.api.model.ServiceInfo>
  found:    java.lang.Object
[WARNING] /workspace/source/src/main/java/org/entando/entando/aps/******/services/api/response/ServicesResponseResult.java:[38,68] unchecked call to ListResponse(java.util.List<T>) as a member of the raw type org.entando.entando.aps.******.services.api.model.ListResponse
[WARNING] /workspace/source/src/main/java/org/entando/entando/aps/******/services/api/ServiceExtraConfigDOM.java:[53,85] unchecked conversion
  required: java.util.List<org.jdom.Element>
  found:    java.util.List
[WARNING] /workspace/source/src/main/java/org/entando/entando/aps/******/services/entity/AbstractEntityTypeService.java:[157,64] unchecked cast
  required: I
  found:    com.agiletec.aps.******.common.entity.model.IApsEntity
[WARNING] /workspace/source/src/main/java/org/entando/entando/aps/******/services/entity/AbstractEntityTypeService.java:[172,60] unchecked cast
  required: I
  found:    com.agiletec.aps.******.common.entity.model.IApsEntity
[WARNING] /workspace/source/src/main/java/org/entando/entando/aps/******/services/entity/AbstractEntityTypeService.java:[199,62] unchecked cast
  required: I
  found:    com.agiletec.aps.******.common.entity.model.IApsEntity
[WARNING] /workspace/source/src/main/java/org/entando/entando/aps/******/services/entity/AbstractEntityTypeService.java:[243,70] unchecked cast
  required: I
  found:    com.agiletec.aps.******.common.entity.model.IApsEntity
[WARNING] /workspace/source/src/main/java/org/entando/entando/aps/******/services/entity/AbstractEntityTypeService.java:[272,24] unchecked cast
  required: I
  found:    com.agiletec.aps.******.common.entity.model.ApsEntity
[WARNING] /workspace/source/src/main/java/org/entando/entando/aps/******/services/entity/AbstractEntityTypeService.java:[288,20] unchecked cast
  required: I
  found:    com.agiletec.aps.******.common.entity.model.ApsEntity
[WARNING] /workspace/source/src/main/java/com/agiletec/aps/******/services/url/PageURL.java:[105,41] unchecked call to put(K,V) as a member of the raw type java.util.Map
[WARNING] /workspace/source/src/main/java/org/entando/entando/aps/******/services/api/model/LinkedListApiResponseResult.java:[32,73] unchecked cast
  required: java.util.Collection<org.entando.entando.aps.******.services.api.model.LinkedListItem>
  found:    java.lang.Object
[WARNING] /workspace/source/src/main/java/org/entando/entando/aps/******/common/entity/model/attribute/EnumeratorMapAttribute.java:[103,25] unchecked method invocation: method sort in class java.util.Collections is applied to given types
  required: java.util.List<T>,java.util.Comparator<? super T>
  found: java.util.List<com.agiletec.aps.util.SelectItem>,org.apache.commons.beanutils.BeanComparator
[WARNING] /workspace/source/src/main/java/org/entando/entando/aps/******/common/entity/model/attribute/EnumeratorMapAttribute.java:[103,33] unchecked conversion
  required: java.util.Comparator<? super T>
  found:    org.apache.commons.beanutils.BeanComparator
[WARNING] /workspace/source/src/main/java/com/agiletec/aps/******/common/AbstractGenericCacheWrapper.java:[41,53] unchecked cast
  required: java.util.List<java.lang.String>
  found:    java.util.List
[WARNING] /workspace/source/src/main/java/com/agiletec/aps/******/common/AbstractGenericCacheWrapper.java:[64,56] unchecked cast
  required: java.util.List<java.lang.String>
  found:    java.util.List
[WARNING] /workspace/source/src/main/java/com/agiletec/aps/******/common/AbstractGenericCacheWrapper.java:[90,53] unchecked cast
  required: java.util.List<java.lang.String>
  found:    java.util.List
[WARNING] /workspace/source/src/main/java/com/agiletec/aps/******/common/AbstractGenericCacheWrapper.java:[93,43] unchecked cast
  required: O
  found:    java.lang.Object
[WARNING] /workspace/source/src/main/java/com/agiletec/aps/******/common/AbstractGenericCacheWrapper.java:[116,53] unchecked cast
  required: java.util.List<java.lang.String>
  found:    java.util.List
[WARNING] /workspace/source/src/main/java/org/entando/entando/web/pagemodel/model/DefaultWidgetReq.java:[37,27] unchecked conversion
  required: java.util.Map<java.lang.String,java.lang.String>
  found:    java.util.Map
[WARNING] /workspace/source/src/main/java/com/agiletec/aps/******/common/AbstractSearcherDAO.java:[148,65] unchecked conversion
  required: java.util.List<java.lang.Object>
  found:    java.util.List
[WARNING] /workspace/source/src/main/java/com/agiletec/aps/******/common/AbstractSearcherDAO.java:[305,65] unchecked conversion
  required: java.util.List<java.lang.Object>
  found:    java.util.List
[INFO] /workspace/source/src/main/java/org/entando/entando/web/filebrowser/model/FileBrowserFileRequest.java: Some input files use or override a deprecated API.
[INFO] /workspace/source/src/main/java/org/entando/entando/web/filebrowser/model/FileBrowserFileRequest.java: Recompile with -Xlint:deprecation for details.
[INFO] /workspace/source/src/main/java/org/entando/entando/aps/******/init/model/SelfRestCallPostProcess.java: Some input files additionally use unchecked or unsafe operations.
[INFO] 
[INFO] --- maven-resources-plugin:2.5:copy-resources (copy-resources-test) @ entando-engine ---
[debug] e**cute contextualize
[INFO] Using 'UTF-8' encoding to copy filtered resources.
[INFO] Copying 4 resources
[INFO] 
[INFO] --- maven-resources-plugin:2.5:copy-resources (copy-resources-file-test-) @ entando-engine ---
[debug] e**cute contextualize
[INFO] Using 'UTF-8' encoding to copy filtered resources.
[INFO] Copying 4 resources
[INFO] 
[INFO] --- maven-resources-plugin:2.5:testResources (default-testResources) @ entando-engine ---
[debug] e**cute contextualize
[INFO] Using 'UTF-8' encoding to copy filtered resources.
[INFO] Copying 8 resources
[INFO] 
[INFO] --- maven-compiler-plugin:3.8.1:testCompile (default-testCompile) @ entando-engine ---
[INFO] Changes detected - recompiling the module!
[INFO] Compiling 206 source files to /workspace/source/target/test-classes
[WARNING] /workspace/source/src/test/java/org/entando/entando/web/AbstractControllerTest.java:[121,41] unchecked method invocation: method readValue in class com.fasterxml.jackson.databind.ObjectMapper is applied to given types
  required: java.lang.String,java.lang.Class<T>
  found: java.lang.String,java.lang.Class
[WARNING] /workspace/source/src/test/java/org/entando/entando/web/AbstractControllerTest.java:[121,48] unchecked conversion
  required: java.lang.Class<T>
  found:    java.lang.Class
[WARNING] /workspace/source/src/test/java/org/entando/entando/web/widget/WidgetControllerIntegrationTest.java:[598,26] unchecked method invocation: method setTitles in class org.entando.entando.web.widget.model.WidgetRequest is applied to given types
  required: java.util.Map<java.lang.String,java.lang.String>
  found: java.util.Map
[WARNING] /workspace/source/src/test/java/org/entando/entando/web/widget/WidgetControllerIntegrationTest.java:[598,27] unchecked conversion
  required: java.util.Map<java.lang.String,java.lang.String>
  found:    java.util.Map
[WARNING] /workspace/source/src/test/java/org/entando/entando/web/widget/WidgetControllerIntegrationTest.java:[701,45] unchecked conversion
  required: java.util.Map<java.lang.String,java.lang.String>
  found:    java.util.Map
[WARNING] /workspace/source/src/test/java/org/entando/entando/aps/******/services/api/ApiBaseTestCase.java:[60,45] unchecked call to writeTo(T,java.lang.reflect.Type,java.lang.annotation.Annotation[],javax.ws.rs.core.MediaType,javax.ws.rs.core.MultivaluedMap<java.lang.String,java.lang.Object>,java.io.OutputStream) as a member of the raw type org.apache.cxf.jaxrs.provider.AbstractJAXBProvider
[WARNING] /workspace/source/src/test/java/org/entando/entando/aps/******/services/widgettype/WidgetServiceTest.java:[486,43] unchecked call to PagedMetadata(org.entando.entando.web.common.model.RestListRequest,java.util.List<T>,int) as a member of the raw type org.entando.entando.web.common.model.PagedMetadata
[WARNING] /workspace/source/src/test/java/org/entando/entando/aps/******/services/widgettype/WidgetServiceTest.java:[490,96] unchecked method invocation: method thenReturn in interface org.mockito.stubbing.OngoingStubbing is applied to given types
  required: T
  found: org.entando.entando.web.common.model.PagedMetadata
[WARNING] /workspace/source/src/test/java/org/entando/entando/aps/******/services/widgettype/WidgetServiceTest.java:[490,97] unchecked conversion
  required: T
  found:    org.entando.entando.web.common.model.PagedMetadata
[WARNING] /workspace/source/src/test/java/org/entando/entando/aps/******/services/pagemodel/PageModelTestUtil.java:[97,55] unchecked call to put(K,V) as a member of the raw type java.util.Map
[WARNING] /workspace/source/src/test/java/org/entando/entando/web/pagemodel/PageModelControllerIntegrationTest.java:[327,61] unchecked call to put(K,V) as a member of the raw type java.util.Map
[WARNING] /workspace/source/src/test/java/org/entando/entando/aps/******/services/oauth2/OAuthConsumerManagerIntegrationTest.java:[114,36] unchecked call to FieldSearchFilter(java.lang.String,T,boolean) as a member of the raw type com.agiletec.aps.******.common.FieldSearchFilter
[WARNING] /workspace/source/src/test/java/org/entando/entando/web/MockMvcHelper.java:[236,54] Possible heap pollution from parameterized vararg type String
[WARNING] /workspace/source/src/test/java/org/entando/entando/aps/******/services/userprofile/UserProfileManagerIntegrationTest.java:[184,46] unchecked call to EntitySearchFilter(java.lang.String,boolean,T,boolean) as a member of the raw type com.agiletec.aps.******.common.entity.model.EntitySearchFilter
[WARNING] /workspace/source/src/test/java/org/entando/entando/aps/******/services/userprofile/UserProfileManagerIntegrationTest.java:[241,46] unchecked call to EntitySearchFilter(java.lang.String,boolean,T,boolean) as a member of the raw type com.agiletec.aps.******.common.entity.model.EntitySearchFilter
[WARNING] /workspace/source/src/test/java/org/entando/entando/aps/******/services/guifragment/GuiFragmentServiceTest.java:[217,43] unchecked call to PagedMetadata(org.entando.entando.web.common.model.RestListRequest,java.util.List<T>,int) as a member of the raw type org.entando.entando.web.common.model.PagedMetadata
[WARNING] /workspace/source/src/test/java/org/entando/entando/aps/******/services/guifragment/GuiFragmentServiceTest.java:[221,78] unchecked method invocation: method thenReturn in interface org.mockito.stubbing.OngoingStubbing is applied to given types
  required: T
  found: org.entando.entando.web.common.model.PagedMetadata
[WARNING] /workspace/source/src/test/java/org/entando/entando/aps/******/services/guifragment/GuiFragmentServiceTest.java:[221,79] unchecked conversion
  required: T
  found:    org.entando.entando.web.common.model.PagedMetadata
[WARNING] /workspace/source/src/test/java/org/entando/entando/aps/******/services/pagemodel/PageModelServiceTest.java:[123,39] unchecked call to PagedMetadata(org.entando.entando.web.common.model.RestListRequest,java.util.List<T>,int) as a member of the raw type org.entando.entando.web.common.model.PagedMetadata
[WARNING] /workspace/source/src/test/java/org/entando/entando/aps/******/services/pagemodel/PageModelServiceTest.java:[127,74] unchecked method invocation: method thenReturn in interface org.mockito.stubbing.OngoingStubbing is applied to given types
  required: T
  found: org.entando.entando.web.common.model.PagedMetadata
[WARNING] /workspace/source/src/test/java/org/entando/entando/aps/******/services/pagemodel/PageModelServiceTest.java:[127,75] unchecked conversion
  required: T
  found:    org.entando.entando.web.common.model.PagedMetadata
[WARNING] /workspace/source/src/test/java/org/entando/entando/web/user/UserControllerUnitTest.java:[271,90] unchecked cast
  required: java.util.List<org.entando.entando.aps.******.services.user.model.UserAuthorityDto>
  found:    java.lang.Object
[WARNING] /workspace/source/src/test/java/org/entando/entando/aps/******/services/page/PageServiceTest.java:[427,43] unchecked call to PagedMetadata(org.entando.entando.web.common.model.RestListRequest,java.util.List<T>,int) as a member of the raw type org.entando.entando.web.common.model.PagedMetadata
[WARNING] /workspace/source/src/test/java/org/entando/entando/aps/******/services/page/PageServiceTest.java:[431,78] unchecked method invocation: method thenReturn in interface org.mockito.stubbing.OngoingStubbing is applied to given types
  required: T
  found: org.entando.entando.web.common.model.PagedMetadata
[WARNING] /workspace/source/src/test/java/org/entando/entando/aps/******/services/page/PageServiceTest.java:[431,79] unchecked conversion
  required: T
  found:    org.entando.entando.web.common.model.PagedMetadata
[WARNING] /workspace/source/src/test/java/org/entando/entando/aps/******/services/entity/AbstractEntityTypeServiceTest.java:[40,34] unchecked call to setEntityManagers(java.util.List<com.agiletec.aps.******.common.entity.IEntityManager>) as a member of the raw type org.entando.entando.aps.******.services.entity.AbstractEntityTypeService
[WARNING] /workspace/source/src/test/java/org/entando/entando/aps/******/services/entity/AbstractEntityTypeServiceTest.java:[134,19] unchecked method invocation: method assertThat in class org.assertj.core.api.Assertions is applied to given types
  required: java.util.List<? extends ELEMENT>
  found: java.util.List
[WARNING] /workspace/source/src/test/java/org/entando/entando/aps/******/services/entity/AbstractEntityTypeServiceTest.java:[134,36] unchecked conversion
  required: java.util.List<? extends ELEMENT>
  found:    java.util.List
[WARNING] /workspace/source/src/test/java/org/entando/entando/aps/******/services/entity/AbstractEntityTypeServiceTest.java:[134,55] unchecked call to containsExactly(ELEMENT...) as a member of the raw type org.assertj.core.api.ListAssert
[WARNING] /workspace/source/src/test/java/org/entando/entando/aps/******/services/label/LabelServiceTest.java:[246,58] unchecked conversion
  required: java.util.HashMap<java.lang.String,com.agiletec.aps.util.ApsProperties>
  found:    java.util.HashMap
[INFO] /workspace/source/src/test/java/com/agiletec/ConfigTestUtils.java: Some input files use or override a deprecated API.
[INFO] /workspace/source/src/test/java/com/agiletec/ConfigTestUtils.java: Recompile with -Xlint:deprecation for details.
[INFO] 
[INFO] --- maven-surefire-plugin:3.0.0-M4:test (default-test) @ entando-engine ---
[INFO] Tests are skipped.
[INFO] 
[INFO] --- maven-jar-plugin:3.2.0:jar (default-jar) @ entando-engine ---
[INFO] Building jar: /workspace/source/target/entando-engine-0.0.0-SNAPSHOT-PR-162-2.jar
[INFO] 
[INFO] --- maven-jar-plugin:3.2.0:test-jar (build-test-jar) @ entando-engine ---
[INFO] Building jar: /workspace/source/target/entando-engine-0.0.0-SNAPSHOT-PR-162-2-tests.jar
[INFO] 
[INFO] --- maven-surefire-report-plugin:3.0.0-M4:failsafe-report-only (integration-tests) @ entando-engine ---
[INFO] 
[INFO] --- maven-surefire-report-plugin:3.0.0-M4:report-only (unit-tests) @ entando-engine ---
[WARNING] Unable to locate Test Source XRef to link to - DISABLED
[INFO] 
[INFO] --- maven-install-plugin:2.4:install (default-install) @ entando-engine ---
[INFO] Installing /workspace/source/target/entando-engine-0.0.0-SNAPSHOT-PR-162-2.jar to /home/jenkins/.mvnrepository/org/entando/entando/entando-engine/0.0.0-SNAPSHOT-PR-162-2/entando-engine-0.0.0-SNAPSHOT-PR-162-2.jar
[INFO] Installing /workspace/source/pom.xml to /home/jenkins/.mvnrepository/org/entando/entando/entando-engine/0.0.0-SNAPSHOT-PR-162-2/entando-engine-0.0.0-SNAPSHOT-PR-162-2.pom
[INFO] Installing /workspace/source/target/entando-engine-0.0.0-SNAPSHOT-PR-162-2-tests.jar to /home/jenkins/.mvnrepository/org/entando/entando/entando-engine/0.0.0-SNAPSHOT-PR-162-2/entando-engine-0.0.0-SNAPSHOT-PR-162-2-tests.jar
[INFO] ------------------------------------------------------------------------
[INFO] BUILD SUCCESS
[INFO] ------------------------------------------------------------------------
[INFO] Total time:  01:04 min
[INFO] Finished at: 2021-07-12T10:48:50Z
[INFO] ------------------------------------------------------------------------

Showing logs for build [32mentando-entando-engine-pr-162-p-qztsr-2[0m stage [32mfrom-build-pack[0m and container [32mstep-build-skaffold-version[0m
v1.0.1

Showing logs for build [32mentando-entando-engine-pr-162-p-qztsr-2[0m stage [32mfrom-build-pack[0m and container [32mstep-build-container-build[0m
Error: error resolving dockerfile path: please provide a valid path to a Dockerfile within the build context with --dockerfile
Usage:
  e**cutor [flags]
  e**cutor [command]

Available Commands:
  help        Help about any command
  version     Print the version number of kaniko

Flags:
      --build-arg multi-arg type                  This flag allows you to pass in ARG values at build time. Set it repeatedly for multiple values.
      --cache                                     Use cache when building image
      --cache-dir string                          Specify a local directory to use as a cache. (default "/cache")
      --cache-repo string                         Specify a repository to use as a cache, otherwise one will be inferred from the destination provided
      --cache-ttl duration                        Cache timeout in hours. Defaults to two weeks. (default 336h0m0s)
      --cleanup                                   Clean the file****** at the end
  -c, --context string                            Path to the dockerfile build context. (default "/workspace/")
      --context-sub-path string                   Sub path within the given context.
  -d, --destination multi-arg type                Registry the final image should be pushed to. Set it repeatedly for multiple destinations. (default )
      --digest-file string                        Specify a file to save the digest of the built image to.
  -f, --dockerfile string                         Path to the dockerfile to be built. (default "Dockerfile")
      --force                                     Force building outside of a container
  -h, --help                                      help for e**cutor
      --image-name-with-digest-file string        Specify a file to save the image name w/ digest of the built image to.
      --insecure                                  Push to insecure registry using plain HTTP
      --insecure-pull                             Pull from insecure registry using plain HTTP
      --insecure-registry multi-arg type          Insecure registry using plain HTTP to push and pull. Set it repeatedly for multiple registries.
      --label multi-arg type                      Set metadata for an image. Set it repeatedly for multiple labels.
      --log-format string                         Log format (text, color, json) (default "color")
      --log-timestamp                             Timestamp in log output
      --no-push                                   Do not push the image to the registry
      --oci-layout-path string                    Path to save the OCI image layout of the built image.
      --registry-certificate key-value-arg type   Use the provided certificate for TLS communication with the given registry. Expected format is 'my.registry.url=/path/to/the/server/certificate'.
      --registry-mirror string                    Registry mirror to use has pull-through cache instead of *********.
      --reproducible                              Strip timestamps out of the image to make it reproducible
      --single-snapshot                           Take a single snapshot at the end of the build.
      --skip-tls-verify                           Push to insecure registry ignoring TLS verify
      --skip-tls-verify-pull                      Pull from insecure registry ignoring TLS verify
      --skip-tls-verify-registry multi-arg type   Insecure registry ignoring TLS verify to push and pull. Set it repeatedly for multiple registries. (default )
      --skip-unused-stages                        Build only used stages if defined to ****. Otherwise it builds by default all stages, even the unnecessaries ones until it reaches the target stage / end of Dockerfile
      --snapshotMode string                       Change the file attributes inspected during snapshotting (default "full")
      --tarPath string                            Path to save the image in as a tarball instead of pushing
      --target string                             Set the target build stage to build
  -v, --verbosity string                          Log level (trace, debug, info, warn, error, fatal, panic) (default "info")
      --whitelist-var-run                         Ignore /var/run directory when taking image snapshot. Set it to false to preserve /var/run/ in destination image. (Default ****). (default ****)

Use "e**cutor [command] --help" for more information about a command.

[31m
Pipeline failed on stage 'from-build-pack' : container 'step-build-container-build'. The execution of the pipeline has stopped.[0m
