
Showing logs for build [32mentando-k8s-entando-k8s-dbjob-p-w5h68-1[0m stage [32mfrom-build-pack[0m and container [32mcredential-initializer[0m
Unable to retrieve container logs for docker://5e14e2a8ebdbef2886913be1adad923e47ee8edfc5f3af047dcd0c0bf076427c

Showing logs for build [32mentando-k8s-entando-k8s-dbjob-p-w5h68-1[0m stage [32mfrom-build-pack[0m and container [32mworking-dir-initializer[0m
Unable to retrieve container logs for docker://4c70309d22b0114362fd30b638845546c998ee210455d5220753028232e56027

Showing logs for build [32mentando-k8s-entando-k8s-dbjob-p-w5h68-1[0m stage [32mfrom-build-pack[0m and container [32mplace-tools[0m
Unable to retrieve container logs for docker://641a83604fce9933dd85ca3bd96e115f356be1f6471832384749f0c1abc01836

Showing logs for build [32mentando-k8s-entando-k8s-dbjob-p-w5h68-1[0m stage [32mfrom-build-pack[0m and container [32mstep-git-source-entando-k8s-entando-k8s-dbjob-p-w5h68-nxt98[0m
Unable to retrieve container logs for docker://5e30ad373892274c56df5ecf21989d23795a064b7da0a70e2f87d36825e5ef28

Showing logs for build [32mentando-k8s-entando-k8s-dbjob-p-w5h68-1[0m stage [32mfrom-build-pack[0m and container [32mstep-setup-builder-home[0m
Unable to retrieve container logs for docker://4e2542a85add6e2419d3dcfc188838765ded70766ea225079c29d74256723563

Showing logs for build [32mentando-k8s-entando-k8s-dbjob-p-w5h68-1[0m stage [32mfrom-build-pack[0m and container [32mstep-git-merge[0m
Unable to retrieve container logs for docker://49f4904cf544912f792d10285637332adda3512754aefa26ff9ee8e37b833f58

Showing logs for build [32mentando-k8s-entando-k8s-dbjob-p-w5h68-1[0m stage [32mfrom-build-pack[0m and container [32mstep-build-set-version[0m
Unable to retrieve container logs for docker://4fb2726b987a0a39689d4cba4377e462baa0f79bea1be315f47cd72605261863

Showing logs for build [32mentando-k8s-entando-k8s-dbjob-p-w5h68-1[0m stage [32mfrom-build-pack[0m and container [32mstep-build-fix-git-for-sonar[0m
Unable to retrieve container logs for docker://38c2c65c1c3a6b22385b200a00c65520cc9eee6a22c8b14a75afee6b8fd13444

Showing logs for build [32mentando-k8s-entando-k8s-dbjob-p-w5h68-1[0m stage [32mfrom-build-pack[0m and container [32mstep-build-mvn-verify-pr[0m
Unable to retrieve container logs for docker://60ec4de21b458e13a13476c5ebae9830ecc59c202ccf285f5bd979f5dfc7af76
[31m
Pipeline failed on stage 'from-build-pack' : container 'step-build-mvn-verify-pr'. The execution of the pipeline has stopped.[0m
