
Showing logs for build [32mentando-k8s-entando-k8s-plugin-b9g88-1[0m stage [32mfrom-build-pack[0m and container [32mcredential-initializer[0m
Unable to retrieve container logs for docker://ec42f6045124a27734fbff176a1f934dd67f08d3704b564e6cb4f674eae02630

Showing logs for build [32mentando-k8s-entando-k8s-plugin-b9g88-1[0m stage [32mfrom-build-pack[0m and container [32mworking-dir-initializer[0m
Unable to retrieve container logs for docker://118f2904e98ab368c2b7c737c5e9c70d2b66f9bac6652d2f27685fa70937ed37

Showing logs for build [32mentando-k8s-entando-k8s-plugin-b9g88-1[0m stage [32mfrom-build-pack[0m and container [32mplace-tools[0m
Unable to retrieve container logs for docker://c3ee6436f2c02466f0b1f7148e4fa317f784a46bb136343d3c4cefa3886a993d

Showing logs for build [32mentando-k8s-entando-k8s-plugin-b9g88-1[0m stage [32mfrom-build-pack[0m and container [32mstep-git-source-entando-k8s-entando-k8s-plugin-b9g88-fbjwc[0m
Unable to retrieve container logs for docker://e7fc801720705e126d30f1590d1b345383bf1b0ca8a2e21df496af243cfa9358

Showing logs for build [32mentando-k8s-entando-k8s-plugin-b9g88-1[0m stage [32mfrom-build-pack[0m and container [32mstep-setup-builder-home[0m
Unable to retrieve container logs for docker://ce05c4579fa756553f95acc0bd002c5f2232ae0b3914bc4c467240f0c0a0657c

Showing logs for build [32mentando-k8s-entando-k8s-plugin-b9g88-1[0m stage [32mfrom-build-pack[0m and container [32mstep-git-merge[0m
Unable to retrieve container logs for docker://b7dcbed8d4e98717a7fd8b092bd95635c665149dfe0eb84933f8700943150f4a

Showing logs for build [32mentando-k8s-entando-k8s-plugin-b9g88-1[0m stage [32mfrom-build-pack[0m and container [32mstep-build-set-version[0m
Unable to retrieve container logs for docker://6ab830a56702ba108afa0aede5d7ac19d8dbc32c70fb3860a87a4fe8c15d5916

Showing logs for build [32mentando-k8s-entando-k8s-plugin-b9g88-1[0m stage [32mfrom-build-pack[0m and container [32mstep-build-fix-git-for-sonar[0m
Unable to retrieve container logs for docker://85ed7b14cc5dd051f17fe139b5967a43e83d90ec7891306e103e149af3ce7554

Showing logs for build [32mentando-k8s-entando-k8s-plugin-b9g88-1[0m stage [32mfrom-build-pack[0m and container [32mstep-build-mvn-verify-pr[0m
Unable to retrieve container logs for docker://71bc3a7098d6e95f27cecb4cc949f34633fc82b5b368ca6bc3fc1beeac96ef67
[31m
Pipeline failed on stage 'from-build-pack' : container 'step-build-mvn-verify-pr'. The execution of the pipeline has stopped.[0m
