
Showing logs for build [32mentando-k8s-entando-k8s-plugin-82tgc-10[0m stage [32mfrom-build-pack[0m and container [32mcredential-initializer[0m
Unable to retrieve container logs for docker://f06967b2edb79f04491251ff2c8b7036c1359f0ab41c5d33ea0492d983ccec30

Showing logs for build [32mentando-k8s-entando-k8s-plugin-82tgc-10[0m stage [32mfrom-build-pack[0m and container [32mworking-dir-initializer[0m
Unable to retrieve container logs for docker://c192069d661fc73ffc3d3bd344c73e52d5499c3eb2a60458d79a20d045a1d03f

Showing logs for build [32mentando-k8s-entando-k8s-plugin-82tgc-10[0m stage [32mfrom-build-pack[0m and container [32mplace-tools[0m
Unable to retrieve container logs for docker://1c2ede8555c87c3836f4f8297e3cc948724a5c3fb2fc336d4973de256de2370f

Showing logs for build [32mentando-k8s-entando-k8s-plugin-82tgc-10[0m stage [32mfrom-build-pack[0m and container [32mstep-git-source-entando-k8s-entando-k8s-plugin-82tgc-hvrs6[0m
Unable to retrieve container logs for docker://3d84f50fce28c722fe5ed73a4367cd2c7d820925a4472746645277628cfc5249

Showing logs for build [32mentando-k8s-entando-k8s-plugin-82tgc-10[0m stage [32mfrom-build-pack[0m and container [32mstep-setup-builder-home[0m
Unable to retrieve container logs for docker://2658be08213da74a0ffb46442d32a5346c9c1b0421fd63bc7b14f1bac2bc451a

Showing logs for build [32mentando-k8s-entando-k8s-plugin-82tgc-10[0m stage [32mfrom-build-pack[0m and container [32mstep-git-merge[0m
Unable to retrieve container logs for docker://81e531ed8d872613abbd1eda6ae0f77b5136d8d2ba087a13ad6c7133ff405a31

Showing logs for build [32mentando-k8s-entando-k8s-plugin-82tgc-10[0m stage [32mfrom-build-pack[0m and container [32mstep-build-set-version[0m
Unable to retrieve container logs for docker://ab6db83f797cc77f4d91331413c80855c19aa943383764385094831f8e294262

Showing logs for build [32mentando-k8s-entando-k8s-plugin-82tgc-10[0m stage [32mfrom-build-pack[0m and container [32mstep-build-fix-git-for-sonar[0m
Unable to retrieve container logs for docker://623ff18853dcfd2f045c3a692841df7c679e594e09c3f71499b0382fb1f72d2f

Showing logs for build [32mentando-k8s-entando-k8s-plugin-82tgc-10[0m stage [32mfrom-build-pack[0m and container [32mstep-build-mvn-verify-pr[0m
Unable to retrieve container logs for docker://a3929ab471b3b10ce0529766916e7f04293141d4d1e4a158db69e978d67fe619

Showing logs for build [32mentando-k8s-entando-k8s-plugin-82tgc-10[0m stage [32mfrom-build-pack[0m and container [32mstep-build-container-build[0m
Unable to retrieve container logs for docker://41531b190aef18766048209670c7cc5f5a806db738ca67153e7890b349f3906d

Showing logs for build [32mentando-k8s-entando-k8s-plugin-82tgc-10[0m stage [32mfrom-build-pack[0m and container [32mstep-postbuild-post-build[0m
Unable to retrieve container logs for docker://31dd5f92414be47b3619d3087b49a522ed6d505edc71ca738aff0a73ef954d1e

Showing logs for build [32mentando-k8s-entando-k8s-plugin-82tgc-10[0m stage [32mfrom-build-pack[0m and container [32mstep-promote-make-preview[0m
Unable to retrieve container logs for docker://26ac7083287c206d231b899b08ddd00ec0210d6b78f2511ae30dbcb029066e25
[31m
Pipeline failed on stage 'from-build-pack' : container 'step-promote-make-preview'. The execution of the pipeline has stopped.[0m
