
Showing logs for build [32mentando-k8s-entando-k8s-plugin-c4x57-11[0m stage [32mfrom-build-pack[0m and container [32mcredential-initializer[0m
Unable to retrieve container logs for docker://fce48b9ad47d01018bdaa95fcb3dcb4ccdeeac5b8dff8b50a80747f920ba2f32

Showing logs for build [32mentando-k8s-entando-k8s-plugin-c4x57-11[0m stage [32mfrom-build-pack[0m and container [32mworking-dir-initializer[0m
Unable to retrieve container logs for docker://1ccc95587ccea64876b4c3ca8196eb7f2194d9ce403fe70be8fdc95a0d812444

Showing logs for build [32mentando-k8s-entando-k8s-plugin-c4x57-11[0m stage [32mfrom-build-pack[0m and container [32mplace-tools[0m
Unable to retrieve container logs for docker://8cc6f5505bd1f3787bf2536bfefd8731951fc674f7480207ae5d13c392840053

Showing logs for build [32mentando-k8s-entando-k8s-plugin-c4x57-11[0m stage [32mfrom-build-pack[0m and container [32mstep-git-source-entando-k8s-entando-k8s-plugin-c4x57-6d4md[0m
Unable to retrieve container logs for docker://6baed4b164c6f550b861c25551ed01098e59c82a1e3140743d55a50b826a6841

Showing logs for build [32mentando-k8s-entando-k8s-plugin-c4x57-11[0m stage [32mfrom-build-pack[0m and container [32mstep-setup-builder-home[0m
Unable to retrieve container logs for docker://bf4aa51c8b3b061473c2163d35c8607551a59f5589f1e1170dc711f88f5fa00d

Showing logs for build [32mentando-k8s-entando-k8s-plugin-c4x57-11[0m stage [32mfrom-build-pack[0m and container [32mstep-git-merge[0m
Unable to retrieve container logs for docker://975f00de6f86f63140bdf1b69762d9359041fb0e2ce8453dcf8c80e83b924053

Showing logs for build [32mentando-k8s-entando-k8s-plugin-c4x57-11[0m stage [32mfrom-build-pack[0m and container [32mstep-build-set-version[0m
Unable to retrieve container logs for docker://fc9cd7d9e62374315192aa0062d07f19621cd8e2ddeb1b406416b517e871e326

Showing logs for build [32mentando-k8s-entando-k8s-plugin-c4x57-11[0m stage [32mfrom-build-pack[0m and container [32mstep-build-fix-git-for-sonar[0m
Unable to retrieve container logs for docker://db2bd7e51d7d2108b3e78f0141027d0de8ec4c90d30d1002982a3a1ba0983b0f

Showing logs for build [32mentando-k8s-entando-k8s-plugin-c4x57-11[0m stage [32mfrom-build-pack[0m and container [32mstep-build-mvn-verify-pr[0m
Unable to retrieve container logs for docker://45fe999748928a3193d2d6beea407a57971586b4fd04d7093003b977c9149954

Showing logs for build [32mentando-k8s-entando-k8s-plugin-c4x57-11[0m stage [32mfrom-build-pack[0m and container [32mstep-build-container-build[0m
Unable to retrieve container logs for docker://31983d87a2436929343226ca34216f4d2e972ba0c4791d0b4cd6ec7a43642431

Showing logs for build [32mentando-k8s-entando-k8s-plugin-c4x57-11[0m stage [32mfrom-build-pack[0m and container [32mstep-postbuild-post-build[0m
Unable to retrieve container logs for docker://ff1c589aeadc0260a5c4b2cd15f1f0261688dcbe10873702f50c461cecca141b

Showing logs for build [32mentando-k8s-entando-k8s-plugin-c4x57-11[0m stage [32mfrom-build-pack[0m and container [32mstep-promote-make-preview[0m
Unable to retrieve container logs for docker://b0938b0180ed6813ee1a153c1a3927011fc086d0777b5e0ff5f46da31f724c6a
[31m
Pipeline failed on stage 'from-build-pack' : container 'step-promote-make-preview'. The execution of the pipeline has stopped.[0m
