
Showing logs for build [32mentando-k8s-entando-k8s-plugin-dwg8h-12[0m stage [32mfrom-build-pack[0m and container [32mcredential-initializer[0m
Unable to retrieve container logs for docker://ce48db421c7e7d1211315ab7eb3ab3195ccd78070b79e15efe147a3d3035aa6d

Showing logs for build [32mentando-k8s-entando-k8s-plugin-dwg8h-12[0m stage [32mfrom-build-pack[0m and container [32mworking-dir-initializer[0m
Unable to retrieve container logs for docker://06c7ecfd1339312a13f8b4d7f970a27d853f413323cfc369450ebdc04c734339

Showing logs for build [32mentando-k8s-entando-k8s-plugin-dwg8h-12[0m stage [32mfrom-build-pack[0m and container [32mplace-tools[0m
Unable to retrieve container logs for docker://6818a754a98a4764942c617247ffff3a093f7ae2bb955a26fbec1423f2bb4927

Showing logs for build [32mentando-k8s-entando-k8s-plugin-dwg8h-12[0m stage [32mfrom-build-pack[0m and container [32mstep-git-source-entando-k8s-entando-k8s-plugin-dwg8h-7msxg[0m
Unable to retrieve container logs for docker://3f89e8ea5a4523261f75ce8278f14ee3ae52edec5ffb0855857af209c71e3ae0

Showing logs for build [32mentando-k8s-entando-k8s-plugin-dwg8h-12[0m stage [32mfrom-build-pack[0m and container [32mstep-setup-builder-home[0m
Unable to retrieve container logs for docker://a9118ce7392dd057d38a6e5e0cea7a780776afe9b96ce7389651eb146274627e

Showing logs for build [32mentando-k8s-entando-k8s-plugin-dwg8h-12[0m stage [32mfrom-build-pack[0m and container [32mstep-git-merge[0m
Unable to retrieve container logs for docker://d3eeff88b811196759ddcb6cef8fb145bf82160dda84a3501b2678e88fd05c0b

Showing logs for build [32mentando-k8s-entando-k8s-plugin-dwg8h-12[0m stage [32mfrom-build-pack[0m and container [32mstep-build-set-version[0m
Unable to retrieve container logs for docker://e40030574ec1a00d3c362a4105abe07b988f885529ef975242a1f0925f92815e

Showing logs for build [32mentando-k8s-entando-k8s-plugin-dwg8h-12[0m stage [32mfrom-build-pack[0m and container [32mstep-build-fix-git-for-sonar[0m
Unable to retrieve container logs for docker://2879b1700ca3350f9d21da0a0554a70f7bb54b3a536ec05e54f5526b7a87532d

Showing logs for build [32mentando-k8s-entando-k8s-plugin-dwg8h-12[0m stage [32mfrom-build-pack[0m and container [32mstep-build-mvn-verify-pr[0m
Unable to retrieve container logs for docker://7f8787204effc30c64a38f0332af044e70d9976d30e28f1fdd810a5fb6b5b27e

Showing logs for build [32mentando-k8s-entando-k8s-plugin-dwg8h-12[0m stage [32mfrom-build-pack[0m and container [32mstep-build-container-build[0m
Unable to retrieve container logs for docker://e38146ccfce8b235bff4c691863f306e9c21361114e6f0079cc56d2556bdb450

Showing logs for build [32mentando-k8s-entando-k8s-plugin-dwg8h-12[0m stage [32mfrom-build-pack[0m and container [32mstep-postbuild-post-build[0m
Unable to retrieve container logs for docker://82bd90e94cb29a309b61814285c42d6a771864a02d7aa77185e985577a4b2220

Showing logs for build [32mentando-k8s-entando-k8s-plugin-dwg8h-12[0m stage [32mfrom-build-pack[0m and container [32mstep-promote-make-preview[0m
Unable to retrieve container logs for docker://04d0f4c8637d1161ac5119d794707035f62a07a16b95e728f8ba5201a8ad0822
[31m
Pipeline failed on stage 'from-build-pack' : container 'step-promote-make-preview'. The execution of the pipeline has stopped.[0m
