
Showing logs for build [32mentando-k8s-entando-k8s-plugin-hdq5b-13[0m stage [32mfrom-build-pack[0m and container [32mcredential-initializer[0m
Unable to retrieve container logs for docker://e51f8f681da00e0dc9172c3a9d5c6c4cca4acafa904a366b25a3c1f21a4cd50e

Showing logs for build [32mentando-k8s-entando-k8s-plugin-hdq5b-13[0m stage [32mfrom-build-pack[0m and container [32mworking-dir-initializer[0m
Unable to retrieve container logs for docker://146d54f0dc071e740650ed6bce78fc173d78648a4622752f12fd156b3dead13d

Showing logs for build [32mentando-k8s-entando-k8s-plugin-hdq5b-13[0m stage [32mfrom-build-pack[0m and container [32mplace-tools[0m
Unable to retrieve container logs for docker://3d2f45fb304a727ef5c3e4e66554b226cf50884d6c015054c2cb0c660b35ef37

Showing logs for build [32mentando-k8s-entando-k8s-plugin-hdq5b-13[0m stage [32mfrom-build-pack[0m and container [32mstep-git-source-entando-k8s-entando-k8s-plugin-hdq5b-fb5td[0m
Unable to retrieve container logs for docker://fad90e3e043e9704891371e2ccf35a0d26fcc308e30e244fa794ee72036cbc5b

Showing logs for build [32mentando-k8s-entando-k8s-plugin-hdq5b-13[0m stage [32mfrom-build-pack[0m and container [32mstep-setup-builder-home[0m
Unable to retrieve container logs for docker://db590662c074944196c9a229e709560908641d8632225604ae050c001643553b

Showing logs for build [32mentando-k8s-entando-k8s-plugin-hdq5b-13[0m stage [32mfrom-build-pack[0m and container [32mstep-git-merge[0m
Unable to retrieve container logs for docker://4cafc9103b692526774233c6be6c3029999193e90e6025054560cf628b1c8b3b

Showing logs for build [32mentando-k8s-entando-k8s-plugin-hdq5b-13[0m stage [32mfrom-build-pack[0m and container [32mstep-build-set-version[0m
Unable to retrieve container logs for docker://b16c73b4a7d709082d68fd6a861cb405b294af56f742396e5a3e3390fa735137

Showing logs for build [32mentando-k8s-entando-k8s-plugin-hdq5b-13[0m stage [32mfrom-build-pack[0m and container [32mstep-build-fix-git-for-sonar[0m
Unable to retrieve container logs for docker://85f536012f17ee70184d0ab662e7502bef57a305f3490b764260ac7d62921277

Showing logs for build [32mentando-k8s-entando-k8s-plugin-hdq5b-13[0m stage [32mfrom-build-pack[0m and container [32mstep-build-mvn-verify-pr[0m
Unable to retrieve container logs for docker://2cc21e333f24d826ded615b8c2f69a705ef89b1af1a10674b756ad4501909650

Showing logs for build [32mentando-k8s-entando-k8s-plugin-hdq5b-13[0m stage [32mfrom-build-pack[0m and container [32mstep-build-container-build[0m
Unable to retrieve container logs for docker://eccda9e5bb82ae29718c650c0d344034c2ce32fa95e2625942d25a1a596e0e0d

Showing logs for build [32mentando-k8s-entando-k8s-plugin-hdq5b-13[0m stage [32mfrom-build-pack[0m and container [32mstep-postbuild-post-build[0m
Unable to retrieve container logs for docker://d4ac3046b9e4da7c60051c0acf59c616916948421986312ca051fd4c4faf7966

Showing logs for build [32mentando-k8s-entando-k8s-plugin-hdq5b-13[0m stage [32mfrom-build-pack[0m and container [32mstep-promote-make-preview[0m
Unable to retrieve container logs for docker://ffe1eb75a6b83c4cefa9be030d968847f70d9e5dc92b971a1c33ec73a7a0a554
[31m
Pipeline failed on stage 'from-build-pack' : container 'step-promote-make-preview'. The execution of the pipeline has stopped.[0m
