
Showing logs for build [32mentando-k8s-entando-k8s-plugin-thvsq-14[0m stage [32mfrom-build-pack[0m and container [32mcredential-initializer[0m
Unable to retrieve container logs for docker://a4d03885d56ebc3020294db2f36f7629238d9153cb364314d7a8edbc4274e014

Showing logs for build [32mentando-k8s-entando-k8s-plugin-thvsq-14[0m stage [32mfrom-build-pack[0m and container [32mworking-dir-initializer[0m
Unable to retrieve container logs for docker://4ee6c39d534b4222448d3227b0ca4f1a632afe1dc0e1592e5a4004aee3f5dc1b

Showing logs for build [32mentando-k8s-entando-k8s-plugin-thvsq-14[0m stage [32mfrom-build-pack[0m and container [32mplace-tools[0m
Unable to retrieve container logs for docker://5d634b59f134c261344eb47a0e95637b83b446f9d6a4c46c227a68e7a3de2b69

Showing logs for build [32mentando-k8s-entando-k8s-plugin-thvsq-14[0m stage [32mfrom-build-pack[0m and container [32mstep-git-source-entando-k8s-entando-k8s-plugin-thvsq-dqgch[0m
Unable to retrieve container logs for docker://94c29d2803e0160b8e4c9d14e26f8553be044f0f6f7edd49fa8738844380d63f

Showing logs for build [32mentando-k8s-entando-k8s-plugin-thvsq-14[0m stage [32mfrom-build-pack[0m and container [32mstep-setup-builder-home[0m
Unable to retrieve container logs for docker://5f1a3bdd3599fd35138fa9d9c0d8b11f952f3a08c2373e058d8e993cdd95cc27

Showing logs for build [32mentando-k8s-entando-k8s-plugin-thvsq-14[0m stage [32mfrom-build-pack[0m and container [32mstep-git-merge[0m
Unable to retrieve container logs for docker://84561c4fffaa0f7bd111453c196f23019e9baaac25efec1b49b4704d83161733

Showing logs for build [32mentando-k8s-entando-k8s-plugin-thvsq-14[0m stage [32mfrom-build-pack[0m and container [32mstep-build-set-version[0m
Unable to retrieve container logs for docker://10ce0cd3c7bb346381d90e74e52ef35caf3a2a4f11bb6125595c9547df88eb5c

Showing logs for build [32mentando-k8s-entando-k8s-plugin-thvsq-14[0m stage [32mfrom-build-pack[0m and container [32mstep-build-fix-git-for-sonar[0m
Unable to retrieve container logs for docker://969d5ee50965f74709926f92ce328c2a8c5efa26ef1bb809e2eb97f76129b519

Showing logs for build [32mentando-k8s-entando-k8s-plugin-thvsq-14[0m stage [32mfrom-build-pack[0m and container [32mstep-build-mvn-verify-pr[0m
Unable to retrieve container logs for docker://52fd2e1207fb235a1d3f1dd3015cff055866fafb96d49e32ce0b7927a793331a

Showing logs for build [32mentando-k8s-entando-k8s-plugin-thvsq-14[0m stage [32mfrom-build-pack[0m and container [32mstep-build-container-build[0m
Unable to retrieve container logs for docker://4c4013425b19ac3ba1843406490ba35b092034f512d7d22a5d4ba2225d7de85e

Showing logs for build [32mentando-k8s-entando-k8s-plugin-thvsq-14[0m stage [32mfrom-build-pack[0m and container [32mstep-postbuild-post-build[0m
Unable to retrieve container logs for docker://20ce5788c8374336584619e6f3397410228bf205aedce174f241e593f633a658

Showing logs for build [32mentando-k8s-entando-k8s-plugin-thvsq-14[0m stage [32mfrom-build-pack[0m and container [32mstep-promote-make-preview[0m
Unable to retrieve container logs for docker://d192191afaa4245d7e7385c06c2ef43b057560d6d096142028e9c796c2d7c13a
[31m
Pipeline failed on stage 'from-build-pack' : container 'step-promote-make-preview'. The execution of the pipeline has stopped.[0m
