
Showing logs for build [32mentando-k8s-entando-k8s-plugin-9njpz-17[0m stage [32mfrom-build-pack[0m and container [32mcredential-initializer[0m
Unable to retrieve container logs for docker://d191668dc7705168b45b489cef9dfb7bbc1de6f868b80a025f0ed9a8194c7d6a

Showing logs for build [32mentando-k8s-entando-k8s-plugin-9njpz-17[0m stage [32mfrom-build-pack[0m and container [32mworking-dir-initializer[0m
Unable to retrieve container logs for docker://1876cea26c954a161d1212467ca5cb69db4701d053b0c1082876aaeba940227f

Showing logs for build [32mentando-k8s-entando-k8s-plugin-9njpz-17[0m stage [32mfrom-build-pack[0m and container [32mplace-tools[0m
Unable to retrieve container logs for docker://c173e68a13f64e6ab1729061a7eea11a659fdf86cb3ca76915b8f2830f144b25

Showing logs for build [32mentando-k8s-entando-k8s-plugin-9njpz-17[0m stage [32mfrom-build-pack[0m and container [32mstep-git-source-entando-k8s-entando-k8s-plugin-9njpz-cx674[0m
Unable to retrieve container logs for docker://ce9c5c3bb415901835028291b196742aaaa15b4118b787026d817950cb0d7f0f

Showing logs for build [32mentando-k8s-entando-k8s-plugin-9njpz-17[0m stage [32mfrom-build-pack[0m and container [32mstep-setup-builder-home[0m
Unable to retrieve container logs for docker://bc9812dc2307a7260150d39005df22221d2903fe18bad702f3af764dbd3b0a09

Showing logs for build [32mentando-k8s-entando-k8s-plugin-9njpz-17[0m stage [32mfrom-build-pack[0m and container [32mstep-git-merge[0m
Unable to retrieve container logs for docker://fd40f251221a01605b3d58a25fd9db0dad67fae86b955b4de60f96428a7c421a

Showing logs for build [32mentando-k8s-entando-k8s-plugin-9njpz-17[0m stage [32mfrom-build-pack[0m and container [32mstep-build-set-version[0m
Unable to retrieve container logs for docker://9517591f3b5a1e53af70546eaa221a705ff6a315c173e75a42629dcee9757e6d

Showing logs for build [32mentando-k8s-entando-k8s-plugin-9njpz-17[0m stage [32mfrom-build-pack[0m and container [32mstep-build-fix-git-for-sonar[0m
Unable to retrieve container logs for docker://009ace5b279b7d54e7f4b86a3db9d03d4baebe18007f762d731407feb67cdd40

Showing logs for build [32mentando-k8s-entando-k8s-plugin-9njpz-17[0m stage [32mfrom-build-pack[0m and container [32mstep-build-mvn-verify-pr[0m
Unable to retrieve container logs for docker://9e406dcc497406570ca99d10db48a16c4db783efd7cf536210e66288d65f9b79

Showing logs for build [32mentando-k8s-entando-k8s-plugin-9njpz-17[0m stage [32mfrom-build-pack[0m and container [32mstep-build-container-build[0m
Unable to retrieve container logs for docker://b04d7a3725fb1f458f3f55ca63173b4cb46ec63a9c84***7fdcc7f52d729e002

Showing logs for build [32mentando-k8s-entando-k8s-plugin-9njpz-17[0m stage [32mfrom-build-pack[0m and container [32mstep-postbuild-post-build[0m
Unable to retrieve container logs for docker://6ba1db1b643943219ddea9d63472390b531dacf060c95e675d34d18b73b7f10f

Showing logs for build [32mentando-k8s-entando-k8s-plugin-9njpz-17[0m stage [32mfrom-build-pack[0m and container [32mstep-promote-make-preview[0m
Unable to retrieve container logs for docker://3985319b8413ff0a21655b4a1f7dad76be06d0fd0f05300757ec279f3365f654
[31m
Pipeline failed on stage 'from-build-pack' : container 'step-promote-make-preview'. The execution of the pipeline has stopped.[0m
