
Showing logs for build [32mentando-k8s-entando-k8s-plugin-q8t5f-18[0m stage [32mfrom-build-pack[0m and container [32mcredential-initializer[0m
Unable to retrieve container logs for docker://8fa55b9fd8367d2bd8707204d96ae2583c28d2317ceef0489ffa977717ca8f29

Showing logs for build [32mentando-k8s-entando-k8s-plugin-q8t5f-18[0m stage [32mfrom-build-pack[0m and container [32mworking-dir-initializer[0m
Unable to retrieve container logs for docker://47c58d7979a8142dd90842cab692be5b9c7d1c57364e76661444ea116266f848

Showing logs for build [32mentando-k8s-entando-k8s-plugin-q8t5f-18[0m stage [32mfrom-build-pack[0m and container [32mplace-tools[0m
Unable to retrieve container logs for docker://11c538648ff73a047313a6f1c7a0e4243eb90643a23d041dd130fdc190b78c63

Showing logs for build [32mentando-k8s-entando-k8s-plugin-q8t5f-18[0m stage [32mfrom-build-pack[0m and container [32mstep-git-source-entando-k8s-entando-k8s-plugin-q8t5f-jdb68[0m
Unable to retrieve container logs for docker://0a156bab51e15b1c4a6e22599d29fb1c5ef3ba85b78e6f5e870be6ad5e77951d

Showing logs for build [32mentando-k8s-entando-k8s-plugin-q8t5f-18[0m stage [32mfrom-build-pack[0m and container [32mstep-setup-builder-home[0m
Unable to retrieve container logs for docker://c9bf4e49e67ad67a4f346b852a48eb4c23cee6e077eccb54cc69ef4875a7890d

Showing logs for build [32mentando-k8s-entando-k8s-plugin-q8t5f-18[0m stage [32mfrom-build-pack[0m and container [32mstep-git-merge[0m
Unable to retrieve container logs for docker://24249819b6572b269a6ff5bb6c1f58537c90e12b3c915544b2e5beb44f84890c

Showing logs for build [32mentando-k8s-entando-k8s-plugin-q8t5f-18[0m stage [32mfrom-build-pack[0m and container [32mstep-build-set-version[0m
Unable to retrieve container logs for docker://fc254edc8051e43b11414a6ae3a3dd5904fc4899210ba74671b199f65fbd8e6d

Showing logs for build [32mentando-k8s-entando-k8s-plugin-q8t5f-18[0m stage [32mfrom-build-pack[0m and container [32mstep-build-fix-git-for-sonar[0m
Unable to retrieve container logs for docker://5c73401c2968a64cd7e2b070ac09fa3f4b886b71b15f91295443df1078010648

Showing logs for build [32mentando-k8s-entando-k8s-plugin-q8t5f-18[0m stage [32mfrom-build-pack[0m and container [32mstep-build-mvn-verify-pr[0m
Unable to retrieve container logs for docker://3f66863449eeb21578e6f2fa3f232e3d74697b96b91d1a0fecab01541928bb18

Showing logs for build [32mentando-k8s-entando-k8s-plugin-q8t5f-18[0m stage [32mfrom-build-pack[0m and container [32mstep-build-container-build[0m
Unable to retrieve container logs for docker://bf3ecedb212a522aba4b22af4f784bec18c8268b884041100f99ff356b581ecb

Showing logs for build [32mentando-k8s-entando-k8s-plugin-q8t5f-18[0m stage [32mfrom-build-pack[0m and container [32mstep-postbuild-post-build[0m
Unable to retrieve container logs for docker://e64fc3c1a845fa27e66eabf48e212634c0f19d60ace58507017446e33bd06129

Showing logs for build [32mentando-k8s-entando-k8s-plugin-q8t5f-18[0m stage [32mfrom-build-pack[0m and container [32mstep-promote-make-preview[0m
Unable to retrieve container logs for docker://36ec7e090f930b0bf6de9d406de5bb76986252f0676b8040915aa1663530e72a
[31m
Pipeline failed on stage 'from-build-pack' : container 'step-promote-make-preview'. The execution of the pipeline has stopped.[0m
