
Showing logs for build [32mentando-k8s-entando-k8s-plugin-c7grz-2[0m stage [32mfrom-build-pack[0m and container [32mcredential-initializer[0m
Unable to retrieve container logs for docker://ced78d9b7d7bdd09fc3204346ec3c7505d522fdf6b8d8f2e3e188681e49fac32

Showing logs for build [32mentando-k8s-entando-k8s-plugin-c7grz-2[0m stage [32mfrom-build-pack[0m and container [32mworking-dir-initializer[0m
Unable to retrieve container logs for docker://7bb225d1ed2b9833ce34e146f5556956fb97acce64fcca49148cbc409c4f1a53

Showing logs for build [32mentando-k8s-entando-k8s-plugin-c7grz-2[0m stage [32mfrom-build-pack[0m and container [32mplace-tools[0m
Unable to retrieve container logs for docker://cff52c075078a57112a18cf5daf60e445375c1277c400b2e3a4a1998e44e7664

Showing logs for build [32mentando-k8s-entando-k8s-plugin-c7grz-2[0m stage [32mfrom-build-pack[0m and container [32mstep-git-source-entando-k8s-entando-k8s-plugin-c7grz-7sfnf[0m
Unable to retrieve container logs for docker://135651d0f761cf4a591db705887d1d2b37540e60a5e8d7623b7de8627fa66e79

Showing logs for build [32mentando-k8s-entando-k8s-plugin-c7grz-2[0m stage [32mfrom-build-pack[0m and container [32mstep-setup-builder-home[0m
Unable to retrieve container logs for docker://c8b72179e99bd454d4b19b0ad517eb073caca869f67e53166458ae7454522407

Showing logs for build [32mentando-k8s-entando-k8s-plugin-c7grz-2[0m stage [32mfrom-build-pack[0m and container [32mstep-git-merge[0m
Unable to retrieve container logs for docker://73acfb7633184685d443cf1c18577bc662051ff7d0b15636211da4e564c44095

Showing logs for build [32mentando-k8s-entando-k8s-plugin-c7grz-2[0m stage [32mfrom-build-pack[0m and container [32mstep-build-set-version[0m
Unable to retrieve container logs for docker://39b5d1868e51cf0c8eb8c259a2c96a3028325a0306cb38215d845e16e8b20f25

Showing logs for build [32mentando-k8s-entando-k8s-plugin-c7grz-2[0m stage [32mfrom-build-pack[0m and container [32mstep-build-fix-git-for-sonar[0m
Unable to retrieve container logs for docker://6b52dda0fc955e1cab6ab8ac647e884cc620286c46e075743d3f18a6a52d015e

Showing logs for build [32mentando-k8s-entando-k8s-plugin-c7grz-2[0m stage [32mfrom-build-pack[0m and container [32mstep-build-mvn-verify-pr[0m
Unable to retrieve container logs for docker://aeb5bdabcdd0783825638fe2a29f9365c531207191b72557bb889a1b08c43529
[31m
Pipeline failed on stage 'from-build-pack' : container 'step-build-mvn-verify-pr'. The execution of the pipeline has stopped.[0m
