
Showing logs for build [32mentando-k8s-entando-k8s-plugin-sgdf5-20[0m stage [32mfrom-build-pack[0m and container [32mcredential-initializer[0m
Unable to retrieve container logs for docker://48b550a9ea9b6132a1cdd1510eef8218d8eedab191d9bd1057675753076b1e20

Showing logs for build [32mentando-k8s-entando-k8s-plugin-sgdf5-20[0m stage [32mfrom-build-pack[0m and container [32mworking-dir-initializer[0m
Unable to retrieve container logs for docker://332f4ad55157cf08ab1cd045d5d58f53fec240711c111a72b37793e203b38b5d

Showing logs for build [32mentando-k8s-entando-k8s-plugin-sgdf5-20[0m stage [32mfrom-build-pack[0m and container [32mplace-tools[0m
Unable to retrieve container logs for docker://81683a8ae4ac697838451aaed8d3e6761a1ce3f969adb26610a92bca8a3ae877

Showing logs for build [32mentando-k8s-entando-k8s-plugin-sgdf5-20[0m stage [32mfrom-build-pack[0m and container [32mstep-git-source-entando-k8s-entando-k8s-plugin-sgdf5-59jx5[0m
Unable to retrieve container logs for docker://e3e8b9ee32b85c656ef7f26d292c99083dc2f808e5074e66660f2b526e0eae44

Showing logs for build [32mentando-k8s-entando-k8s-plugin-sgdf5-20[0m stage [32mfrom-build-pack[0m and container [32mstep-setup-builder-home[0m
Unable to retrieve container logs for docker://cfb3df8dbf97bf636e2cb9c6f21f090384e4352700998255affd9cb975b8ae1d

Showing logs for build [32mentando-k8s-entando-k8s-plugin-sgdf5-20[0m stage [32mfrom-build-pack[0m and container [32mstep-git-merge[0m
Unable to retrieve container logs for docker://9701dfab242d3b4c2f1de8e4861ac02f97f6634417aaac2d233d5f5346e7a670

Showing logs for build [32mentando-k8s-entando-k8s-plugin-sgdf5-20[0m stage [32mfrom-build-pack[0m and container [32mstep-build-set-version[0m
Unable to retrieve container logs for docker://1a7bf41a05463930e53768b7b44c0f26da02b2443cda6b0397ebdd2b1f1a574e

Showing logs for build [32mentando-k8s-entando-k8s-plugin-sgdf5-20[0m stage [32mfrom-build-pack[0m and container [32mstep-build-fix-git-for-sonar[0m
Unable to retrieve container logs for docker://ec557c35a07d370dcab663620f318616e29b6ebb9d27bf5b7009a9d1c4205410

Showing logs for build [32mentando-k8s-entando-k8s-plugin-sgdf5-20[0m stage [32mfrom-build-pack[0m and container [32mstep-build-mvn-verify-pr[0m
Unable to retrieve container logs for docker://b4b398b0233b7c320975a082793ec5599e477fa20396212c9c4ec03cde763904

Showing logs for build [32mentando-k8s-entando-k8s-plugin-sgdf5-20[0m stage [32mfrom-build-pack[0m and container [32mstep-build-container-build[0m
Unable to retrieve container logs for docker://703e525fac073c31138cc9a8b762097177b4d004a7f24f2d9a20dee8fff8f671

Showing logs for build [32mentando-k8s-entando-k8s-plugin-sgdf5-20[0m stage [32mfrom-build-pack[0m and container [32mstep-postbuild-post-build[0m
Unable to retrieve container logs for docker://6f7e7d38ad77e058c7b890617967496189b4b0af20aeee1341c8f3b84f367a4f

Showing logs for build [32mentando-k8s-entando-k8s-plugin-sgdf5-20[0m stage [32mfrom-build-pack[0m and container [32mstep-promote-make-preview[0m
Unable to retrieve container logs for docker://6659f639242aec5b4bf99c988174773b5b4118ab136ffc0ab86c07bc1af99e1d
[31m
Pipeline failed on stage 'from-build-pack' : container 'step-promote-make-preview'. The execution of the pipeline has stopped.[0m
