
Showing logs for build [32mentando-k8s-entando-k8s-plugin-cpqvp-21[0m stage [32mfrom-build-pack[0m and container [32mcredential-initializer[0m
Unable to retrieve container logs for docker://bb79e8d989691d3ffcb858bd96d86458d31769bb888e715eb12fb2b3cd9c0e27

Showing logs for build [32mentando-k8s-entando-k8s-plugin-cpqvp-21[0m stage [32mfrom-build-pack[0m and container [32mworking-dir-initializer[0m
Unable to retrieve container logs for docker://f9a1687b0a58156f389ccf079f35bb6efcbf4a0a04b79712abb2d7627a4d0631

Showing logs for build [32mentando-k8s-entando-k8s-plugin-cpqvp-21[0m stage [32mfrom-build-pack[0m and container [32mplace-tools[0m
Unable to retrieve container logs for docker://25f86320e80f3a6a59faac2d07a7da7e044adac086b67a333b5f1858a531743f

Showing logs for build [32mentando-k8s-entando-k8s-plugin-cpqvp-21[0m stage [32mfrom-build-pack[0m and container [32mstep-git-source-entando-k8s-entando-k8s-plugin-cpqvp-jljsx[0m
Unable to retrieve container logs for docker://c8ee62b00bc3776379907706fbe5061b3445c0fe08dcff26a86204757a31f30a

Showing logs for build [32mentando-k8s-entando-k8s-plugin-cpqvp-21[0m stage [32mfrom-build-pack[0m and container [32mstep-setup-builder-home[0m
Unable to retrieve container logs for docker://51da23fb94e87a653af3fa2414c0712e9921e7ea28db7a513928ee1f1b596c77

Showing logs for build [32mentando-k8s-entando-k8s-plugin-cpqvp-21[0m stage [32mfrom-build-pack[0m and container [32mstep-git-merge[0m
Unable to retrieve container logs for docker://f8dad98583fd5360cde4f7c709428e11d50e27a14cbb3c7758a5065d0116897f

Showing logs for build [32mentando-k8s-entando-k8s-plugin-cpqvp-21[0m stage [32mfrom-build-pack[0m and container [32mstep-build-set-version[0m
Unable to retrieve container logs for docker://e7b547e8e5bceb22bfceb3e1aee5b66ff75637b0a9fca25967cd1b4978ce857b

Showing logs for build [32mentando-k8s-entando-k8s-plugin-cpqvp-21[0m stage [32mfrom-build-pack[0m and container [32mstep-build-fix-git-for-sonar[0m
Unable to retrieve container logs for docker://19def2da0e51ac5af905f9b7cb40c636df71931859e03b0bac0240ca26fbda17

Showing logs for build [32mentando-k8s-entando-k8s-plugin-cpqvp-21[0m stage [32mfrom-build-pack[0m and container [32mstep-build-mvn-verify-pr[0m
Unable to retrieve container logs for docker://7365bdcb85ea9d4c866408352549c40706874411d7a2003c39dce0c5b3fa932d

Showing logs for build [32mentando-k8s-entando-k8s-plugin-cpqvp-21[0m stage [32mfrom-build-pack[0m and container [32mstep-build-container-build[0m
Unable to retrieve container logs for docker://d55738ccda55c03544405f97d7ddb70b3186c16e3a6cea11bdcdd0deea6a5f72

Showing logs for build [32mentando-k8s-entando-k8s-plugin-cpqvp-21[0m stage [32mfrom-build-pack[0m and container [32mstep-postbuild-post-build[0m
Unable to retrieve container logs for docker://bc09f10a173bc80133f437904b9b40227fa8ddf56656ad55ae64049a288a3c5d

Showing logs for build [32mentando-k8s-entando-k8s-plugin-cpqvp-21[0m stage [32mfrom-build-pack[0m and container [32mstep-promote-make-preview[0m
Unable to retrieve container logs for docker://b9e59e881ea8d1789b3cac92c073a814e80723093186b922b1edf97ddf3a2d6f
[31m
Pipeline failed on stage 'from-build-pack' : container 'step-promote-make-preview'. The execution of the pipeline has stopped.[0m
