
Showing logs for build [32mentando-k8s-entando-k8s-plugin-8ccs8-23[0m stage [32mfrom-build-pack[0m and container [32mcredential-initializer[0m
Unable to retrieve container logs for docker://f016cafd9e984731c4602a0d3a073077de06916af72d546c582e626151641869

Showing logs for build [32mentando-k8s-entando-k8s-plugin-8ccs8-23[0m stage [32mfrom-build-pack[0m and container [32mworking-dir-initializer[0m
Unable to retrieve container logs for docker://6e57fb26565e8c6caf55af845dfab55e472103cda916b80e63a54ad073496162

Showing logs for build [32mentando-k8s-entando-k8s-plugin-8ccs8-23[0m stage [32mfrom-build-pack[0m and container [32mplace-tools[0m
Unable to retrieve container logs for docker://d0ff5dd7f0db11698a73eb1b8f20464359ef13721a0cad57b3124c890edafa2b

Showing logs for build [32mentando-k8s-entando-k8s-plugin-8ccs8-23[0m stage [32mfrom-build-pack[0m and container [32mstep-git-source-entando-k8s-entando-k8s-plugin-8ccs8-xkhtr[0m
Unable to retrieve container logs for docker://41f63d36ac79cd35579f0b2e23c83d61a94a3b5ebb941a33809ad320554fea43

Showing logs for build [32mentando-k8s-entando-k8s-plugin-8ccs8-23[0m stage [32mfrom-build-pack[0m and container [32mstep-setup-builder-home[0m
Unable to retrieve container logs for docker://91f9b6aed00c550e4f51110dd6f5304cc4c0542c6d9618782c51291b3478447e

Showing logs for build [32mentando-k8s-entando-k8s-plugin-8ccs8-23[0m stage [32mfrom-build-pack[0m and container [32mstep-git-merge[0m
Unable to retrieve container logs for docker://98a7ec14c846656cb0b8a1e9c74d5b1d6d8e3d774121a264d31abdd8741fdf1a

Showing logs for build [32mentando-k8s-entando-k8s-plugin-8ccs8-23[0m stage [32mfrom-build-pack[0m and container [32mstep-build-set-version[0m
Unable to retrieve container logs for docker://03bd024d59b078057706e16f4060aa49da363f329df9c52aa026344b3f0c3777

Showing logs for build [32mentando-k8s-entando-k8s-plugin-8ccs8-23[0m stage [32mfrom-build-pack[0m and container [32mstep-build-fix-git-for-sonar[0m
Unable to retrieve container logs for docker://1024cefc38547216fdc92badb03eb22c322e4ccbdf4a6e6130dd76ad46ef4e3c

Showing logs for build [32mentando-k8s-entando-k8s-plugin-8ccs8-23[0m stage [32mfrom-build-pack[0m and container [32mstep-build-mvn-verify-pr[0m
Unable to retrieve container logs for docker://2aafe5126e1d5a46e8b5a2273cfc346f3bf597eae18334438be22c84c3652471

Showing logs for build [32mentando-k8s-entando-k8s-plugin-8ccs8-23[0m stage [32mfrom-build-pack[0m and container [32mstep-build-container-build[0m
Unable to retrieve container logs for docker://f1cb7f21ae5f4a64b3d5ab1a3142cc73924887e67fb919137865b6a38fdc1360

Showing logs for build [32mentando-k8s-entando-k8s-plugin-8ccs8-23[0m stage [32mfrom-build-pack[0m and container [32mstep-postbuild-post-build[0m
Unable to retrieve container logs for docker://a7c8794ae4d0834afaeb0e130acdf737dfa8b2b605dc9079b17851df106b5122

Showing logs for build [32mentando-k8s-entando-k8s-plugin-8ccs8-23[0m stage [32mfrom-build-pack[0m and container [32mstep-promote-make-preview[0m
Unable to retrieve container logs for docker://2616f23e8778c11ed2b8dc8c486e2c651465ad55b532ea7420451fca77c3aa33
[31m
Pipeline failed on stage 'from-build-pack' : container 'step-promote-make-preview'. The execution of the pipeline has stopped.[0m
