
Showing logs for build [32mentando-k8s-entando-k8s-plugin-ch9nc-24[0m stage [32mfrom-build-pack[0m and container [32mcredential-initializer[0m
Unable to retrieve container logs for docker://924f3066084a317ca0c4609bbbe0ac42dc30adc0115adc3dd5a07388825fa34a

Showing logs for build [32mentando-k8s-entando-k8s-plugin-ch9nc-24[0m stage [32mfrom-build-pack[0m and container [32mworking-dir-initializer[0m
Unable to retrieve container logs for docker://582a27c4077a4e1016141847e7cab1107ef6a35c1ea2ec497f8c72dbb2a3ff65

Showing logs for build [32mentando-k8s-entando-k8s-plugin-ch9nc-24[0m stage [32mfrom-build-pack[0m and container [32mplace-tools[0m
Unable to retrieve container logs for docker://5ad3545db421f701f93326c215a1d3324504fa15733b142cd14d6bf401735703

Showing logs for build [32mentando-k8s-entando-k8s-plugin-ch9nc-24[0m stage [32mfrom-build-pack[0m and container [32mstep-git-source-entando-k8s-entando-k8s-plugin-ch9nc-mcs62[0m
Unable to retrieve container logs for docker://d73415fd01b70a3759a982d5fa0568711cefbe41b8c1bc24b3a7f608defb1b15

Showing logs for build [32mentando-k8s-entando-k8s-plugin-ch9nc-24[0m stage [32mfrom-build-pack[0m and container [32mstep-setup-builder-home[0m
Unable to retrieve container logs for docker://fb6fe4bd8a2e9666fb7c5d7937bea611a99837e58c68675328e9b373bfc1ab28

Showing logs for build [32mentando-k8s-entando-k8s-plugin-ch9nc-24[0m stage [32mfrom-build-pack[0m and container [32mstep-git-merge[0m
Unable to retrieve container logs for docker://a87b1d0952e3996d3865c6b60af9a34376d62a35e6b9f4285909c9e9c96a6a28

Showing logs for build [32mentando-k8s-entando-k8s-plugin-ch9nc-24[0m stage [32mfrom-build-pack[0m and container [32mstep-build-set-version[0m
Unable to retrieve container logs for docker://db5dec426f32d536f8603ec8e0012861b151aa9eb06dcd6129d12ee709a8b244

Showing logs for build [32mentando-k8s-entando-k8s-plugin-ch9nc-24[0m stage [32mfrom-build-pack[0m and container [32mstep-build-fix-git-for-sonar[0m
Unable to retrieve container logs for docker://3204f08f59be6e137fb750913ce12a7acd831d8bda0c694a91731cf854b6dc7e

Showing logs for build [32mentando-k8s-entando-k8s-plugin-ch9nc-24[0m stage [32mfrom-build-pack[0m and container [32mstep-build-mvn-verify-pr[0m
Unable to retrieve container logs for docker://966e010e5962eb72de133a83c539e824c3c266cddbd7bc1ebaf20f8c34492629

Showing logs for build [32mentando-k8s-entando-k8s-plugin-ch9nc-24[0m stage [32mfrom-build-pack[0m and container [32mstep-build-container-build[0m
Unable to retrieve container logs for docker://37f548aca9321b523bd9ca6811fe3a61af4772e46d47d0785d4b7fec5d845054

Showing logs for build [32mentando-k8s-entando-k8s-plugin-ch9nc-24[0m stage [32mfrom-build-pack[0m and container [32mstep-postbuild-post-build[0m
Unable to retrieve container logs for docker://7605a232ffb8e245cbf06c195ca82d0d0ff573b955de2862453412bd63ebf629

Showing logs for build [32mentando-k8s-entando-k8s-plugin-ch9nc-24[0m stage [32mfrom-build-pack[0m and container [32mstep-promote-make-preview[0m
Unable to retrieve container logs for docker://43a991ed2398da78cffa87f18fefdd6abf820796536224112d4959703a62df0b
[31m
Pipeline failed on stage 'from-build-pack' : container 'step-promote-make-preview'. The execution of the pipeline has stopped.[0m
