
Showing logs for build [32mentando-k8s-entando-k8s-plugin-zhssj-3[0m stage [32mfrom-build-pack[0m and container [32mcredential-initializer[0m
Unable to retrieve container logs for docker://ccc6eaa8dec9a17598630b8909fb890231728ae45fc65e0e3bbc75a4d4fcbd33

Showing logs for build [32mentando-k8s-entando-k8s-plugin-zhssj-3[0m stage [32mfrom-build-pack[0m and container [32mworking-dir-initializer[0m
Unable to retrieve container logs for docker://fd34a956a131502a241e04938e223e4d07d07a5c2b196c32414bceafa365922c

Showing logs for build [32mentando-k8s-entando-k8s-plugin-zhssj-3[0m stage [32mfrom-build-pack[0m and container [32mplace-tools[0m
Unable to retrieve container logs for docker://5d2e1bd6df4ca67b8f3d8e0448b3587b8708507c7b457908b089504649a26f66

Showing logs for build [32mentando-k8s-entando-k8s-plugin-zhssj-3[0m stage [32mfrom-build-pack[0m and container [32mstep-git-source-entando-k8s-entando-k8s-plugin-zhssj-fm9dl[0m
Unable to retrieve container logs for docker://e21c2ab6d0df010a1360efb45360540fd2a6765c9cfb143b520fa20ea9d9c474

Showing logs for build [32mentando-k8s-entando-k8s-plugin-zhssj-3[0m stage [32mfrom-build-pack[0m and container [32mstep-setup-builder-home[0m
Unable to retrieve container logs for docker://c5ec711cf5e62f7b039d6932a37b4a6ea7b5eae12a7fce1e1dc7c645484e0041

Showing logs for build [32mentando-k8s-entando-k8s-plugin-zhssj-3[0m stage [32mfrom-build-pack[0m and container [32mstep-git-merge[0m
Unable to retrieve container logs for docker://372c9071592b6469264cf02e64351e2898f7eb1f1d5b4e39b43d9635b5d0565c

Showing logs for build [32mentando-k8s-entando-k8s-plugin-zhssj-3[0m stage [32mfrom-build-pack[0m and container [32mstep-build-set-version[0m
Unable to retrieve container logs for docker://0e67009b7ed8c964e52b885b53aced3a68e4eb87429669382dc7934d9bad2e26

Showing logs for build [32mentando-k8s-entando-k8s-plugin-zhssj-3[0m stage [32mfrom-build-pack[0m and container [32mstep-build-fix-git-for-sonar[0m
Unable to retrieve container logs for docker://d4fbd36de52426639132a38188c5eb5c91f7a2b51612f07ff8782de816eaf545

Showing logs for build [32mentando-k8s-entando-k8s-plugin-zhssj-3[0m stage [32mfrom-build-pack[0m and container [32mstep-build-mvn-verify-pr[0m
Unable to retrieve container logs for docker://f7890e2778bda44d6f2c72195b8c627c8787bc7839683261464099a8aec7870d
[31m
Pipeline failed on stage 'from-build-pack' : container 'step-build-mvn-verify-pr'. The execution of the pipeline has stopped.[0m
