
Showing logs for build [32mentando-k8s-entando-k8s-plugin-7pfqg-30[0m stage [32mfrom-build-pack[0m and container [32mcredential-initializer[0m
Unable to retrieve container logs for docker://8b344199d1817936d872d0e09c24102fd8406082af69296978488ca94b82cd5b

Showing logs for build [32mentando-k8s-entando-k8s-plugin-7pfqg-30[0m stage [32mfrom-build-pack[0m and container [32mworking-dir-initializer[0m
Unable to retrieve container logs for docker://5f467c8785680f7e34d37171379c0b6a937db1adb5f59d2cb77537957339af02

Showing logs for build [32mentando-k8s-entando-k8s-plugin-7pfqg-30[0m stage [32mfrom-build-pack[0m and container [32mplace-tools[0m
Unable to retrieve container logs for docker://b86da8c54801312dd1e64f0b7b0abc0816fe66b9138e6f5458d2d70f925ec13b

Showing logs for build [32mentando-k8s-entando-k8s-plugin-7pfqg-30[0m stage [32mfrom-build-pack[0m and container [32mstep-git-source-entando-k8s-entando-k8s-plugin-7pfqg-lglrt[0m
Unable to retrieve container logs for docker://e149842aac17f34b2a03e6ebd027236ae763e5ad4c9f8974477d6d98d3f6ac15

Showing logs for build [32mentando-k8s-entando-k8s-plugin-7pfqg-30[0m stage [32mfrom-build-pack[0m and container [32mstep-setup-builder-home[0m
Unable to retrieve container logs for docker://147ca948ff7cc037dfcd229d1373e123d0422d663f246b5ec913a8d312db6c5a

Showing logs for build [32mentando-k8s-entando-k8s-plugin-7pfqg-30[0m stage [32mfrom-build-pack[0m and container [32mstep-git-merge[0m
Unable to retrieve container logs for docker://ca3ee3dfbcfe9f419318eafedac3fb70693676acdc070a6055f101ad18c2dd47

Showing logs for build [32mentando-k8s-entando-k8s-plugin-7pfqg-30[0m stage [32mfrom-build-pack[0m and container [32mstep-build-set-version[0m
Unable to retrieve container logs for docker://21c25e7d97e328026eee79b0f834fa032b55674d448605660a61e968ca70575a

Showing logs for build [32mentando-k8s-entando-k8s-plugin-7pfqg-30[0m stage [32mfrom-build-pack[0m and container [32mstep-build-fix-git-for-sonar[0m
Unable to retrieve container logs for docker://f576bc83df76ed54fbed0c734500c5eb4f592aabc0ee7e1a19c4db24a45310a8

Showing logs for build [32mentando-k8s-entando-k8s-plugin-7pfqg-30[0m stage [32mfrom-build-pack[0m and container [32mstep-build-mvn-verify-pr[0m
Unable to retrieve container logs for docker://1fa747b4a2fc8818730c1c1e4332092e3adb0988ff4277648cd9147d0a3bf644

Showing logs for build [32mentando-k8s-entando-k8s-plugin-7pfqg-30[0m stage [32mfrom-build-pack[0m and container [32mstep-build-container-build[0m
Unable to retrieve container logs for docker://6c31ec1188eb902aafeec76f16064258b***b76c5fff9676982edf319ace4361

Showing logs for build [32mentando-k8s-entando-k8s-plugin-7pfqg-30[0m stage [32mfrom-build-pack[0m and container [32mstep-postbuild-post-build[0m
Unable to retrieve container logs for docker://6ad0335d215ade23ef3170b4a755631bf7b4eeb6f0a03e299262ebc51ce5141b

Showing logs for build [32mentando-k8s-entando-k8s-plugin-7pfqg-30[0m stage [32mfrom-build-pack[0m and container [32mstep-promote-make-preview[0m
Unable to retrieve container logs for docker://92fa7a52aa97f9677d7b827a1526f33d1658906a1fa77c5d2eb1f4e5f2052e16
[31m
Pipeline failed on stage 'from-build-pack' : container 'step-promote-make-preview'. The execution of the pipeline has stopped.[0m
