
Showing logs for build [32mentando-k8s-entando-k8s-plugin-dflq8-31[0m stage [32mfrom-build-pack[0m and container [32mcredential-initializer[0m
Unable to retrieve container logs for docker://2ffbdea9208c084a958579be65a25555420d112405006f11fbe2c9b9505f851c

Showing logs for build [32mentando-k8s-entando-k8s-plugin-dflq8-31[0m stage [32mfrom-build-pack[0m and container [32mworking-dir-initializer[0m
Unable to retrieve container logs for docker://61547022b487e1540a77500820669a191b6c657f4553ab3c5c1b9ba63c7a0453

Showing logs for build [32mentando-k8s-entando-k8s-plugin-dflq8-31[0m stage [32mfrom-build-pack[0m and container [32mplace-tools[0m
Unable to retrieve container logs for docker://ee89b546263b782965dfaea87fc01820c82753335b859e446ce0c9c18430d91b

Showing logs for build [32mentando-k8s-entando-k8s-plugin-dflq8-31[0m stage [32mfrom-build-pack[0m and container [32mstep-git-source-entando-k8s-entando-k8s-plugin-dflq8-zrrwv[0m
Unable to retrieve container logs for docker://542436d8e2a8475b47bc3588694e87106de8fc0423d3d148cb62c1ec8ae21f7f

Showing logs for build [32mentando-k8s-entando-k8s-plugin-dflq8-31[0m stage [32mfrom-build-pack[0m and container [32mstep-setup-builder-home[0m
Unable to retrieve container logs for docker://ee058ccd1d59ff70ad44bff9d53d8d2897d7c0cbc4a1c76f42ef0109c745ba27

Showing logs for build [32mentando-k8s-entando-k8s-plugin-dflq8-31[0m stage [32mfrom-build-pack[0m and container [32mstep-git-merge[0m
Unable to retrieve container logs for docker://a1567b11a35a392ca38357116648a4191e5e868f0d1f743490589b439a791e76

Showing logs for build [32mentando-k8s-entando-k8s-plugin-dflq8-31[0m stage [32mfrom-build-pack[0m and container [32mstep-build-set-version[0m
Unable to retrieve container logs for docker://d28e2b3a5078fd2f158649034105637a5c33770b2b5c0118b49552567058f954

Showing logs for build [32mentando-k8s-entando-k8s-plugin-dflq8-31[0m stage [32mfrom-build-pack[0m and container [32mstep-build-fix-git-for-sonar[0m
Unable to retrieve container logs for docker://11e6426b1d13b778b698ac9e444e2625da4aa8d2a332bb421606c27aefa9bf13

Showing logs for build [32mentando-k8s-entando-k8s-plugin-dflq8-31[0m stage [32mfrom-build-pack[0m and container [32mstep-build-mvn-verify-pr[0m
Unable to retrieve container logs for docker://4a75f9701504ea6ce318b28089e4e759f7a4a8bca7db902988bfd2b9ea2bc513

Showing logs for build [32mentando-k8s-entando-k8s-plugin-dflq8-31[0m stage [32mfrom-build-pack[0m and container [32mstep-build-container-build[0m
Unable to retrieve container logs for docker://14d5eb28eedc4b6ad035c157026ce06c186ad26d628a1378cda1ff83e7bc4320

Showing logs for build [32mentando-k8s-entando-k8s-plugin-dflq8-31[0m stage [32mfrom-build-pack[0m and container [32mstep-postbuild-post-build[0m
Unable to retrieve container logs for docker://768bc9bd5dd2471df56da69750263676b7d251f8352a2f1eff5cfba6e2e23b70

Showing logs for build [32mentando-k8s-entando-k8s-plugin-dflq8-31[0m stage [32mfrom-build-pack[0m and container [32mstep-promote-make-preview[0m
Unable to retrieve container logs for docker://a7a192bea3bc8d0735643bc3ae392b47bd48db06549cc1077104a7032beea938
[31m
Pipeline failed on stage 'from-build-pack' : container 'step-promote-make-preview'. The execution of the pipeline has stopped.[0m
