
Showing logs for build [32mentando-k8s-entando-k8s-plugin-lb6qr-32[0m stage [32mfrom-build-pack[0m and container [32mcredential-initializer[0m
Unable to retrieve container logs for docker://46a7770cc78bae5222e51b03a6ff680bb61001c7daea293acc4885a7ac51c048

Showing logs for build [32mentando-k8s-entando-k8s-plugin-lb6qr-32[0m stage [32mfrom-build-pack[0m and container [32mworking-dir-initializer[0m
Unable to retrieve container logs for docker://344d223ebf3566583b4580b20e6f97175af38d53f9f756123894328b7fdd8b40

Showing logs for build [32mentando-k8s-entando-k8s-plugin-lb6qr-32[0m stage [32mfrom-build-pack[0m and container [32mplace-tools[0m
Unable to retrieve container logs for docker://72d5db05e564196ab5931350258ace4bd1ca94ccf6fc36496723d8583e12ee36

Showing logs for build [32mentando-k8s-entando-k8s-plugin-lb6qr-32[0m stage [32mfrom-build-pack[0m and container [32mstep-git-source-entando-k8s-entando-k8s-plugin-lb6qr-wr4jz[0m
Unable to retrieve container logs for docker://fc0574b1fcc0d762e38b0b349abb7b410df55a2d8a1fc1196a54aea23840cb3b

Showing logs for build [32mentando-k8s-entando-k8s-plugin-lb6qr-32[0m stage [32mfrom-build-pack[0m and container [32mstep-setup-builder-home[0m
Unable to retrieve container logs for docker://b68b0c61da3e7c397ecedd67a5d6865e5afd5e3a4d5d8e2ec15a2f74492fc674

Showing logs for build [32mentando-k8s-entando-k8s-plugin-lb6qr-32[0m stage [32mfrom-build-pack[0m and container [32mstep-git-merge[0m
Unable to retrieve container logs for docker://4fb6***3e6805539c572c9c8e628be52447e14d81216b2357e515e3b0ff52e7a

Showing logs for build [32mentando-k8s-entando-k8s-plugin-lb6qr-32[0m stage [32mfrom-build-pack[0m and container [32mstep-build-set-version[0m
Unable to retrieve container logs for docker://b19c3fc92692be2d053704222a13aa2175324b05e27eea5ae0c9b84e42fcfd49

Showing logs for build [32mentando-k8s-entando-k8s-plugin-lb6qr-32[0m stage [32mfrom-build-pack[0m and container [32mstep-build-fix-git-for-sonar[0m
Unable to retrieve container logs for docker://7b94165af190410a8db5bc216e7183491fa7ad6af628306c3d7ca51759a32876

Showing logs for build [32mentando-k8s-entando-k8s-plugin-lb6qr-32[0m stage [32mfrom-build-pack[0m and container [32mstep-build-mvn-verify-pr[0m
Unable to retrieve container logs for docker://3899e81870fb4855e4b421d2f0ea246a762891a6492d4c58f45d0c3974d4ae1a

Showing logs for build [32mentando-k8s-entando-k8s-plugin-lb6qr-32[0m stage [32mfrom-build-pack[0m and container [32mstep-build-container-build[0m
Unable to retrieve container logs for docker://47bf8156478df0431d70e4887ca810195b09354d6b762b3cdea7cdd9f0dfe442

Showing logs for build [32mentando-k8s-entando-k8s-plugin-lb6qr-32[0m stage [32mfrom-build-pack[0m and container [32mstep-postbuild-post-build[0m
Unable to retrieve container logs for docker://cbef9d05f259e45ef5cec1455fecb9181f0c88b8d791b32cc6811fa7f9335973

Showing logs for build [32mentando-k8s-entando-k8s-plugin-lb6qr-32[0m stage [32mfrom-build-pack[0m and container [32mstep-promote-make-preview[0m
Unable to retrieve container logs for docker://720789ff61bba92822cbf02052caee24165c3b807ce9c968cdfdcd59f9311041
[31m
Pipeline failed on stage 'from-build-pack' : container 'step-promote-make-preview'. The execution of the pipeline has stopped.[0m
