
Showing logs for build [32mentando-k8s-entando-k8s-plugin-5nhtt-4[0m stage [32mfrom-build-pack[0m and container [32mcredential-initializer[0m
Unable to retrieve container logs for docker://ba7fb6d9da23db63190d8c688d6d3c04c4c349983c4b1c4fc440604fe0faa804

Showing logs for build [32mentando-k8s-entando-k8s-plugin-5nhtt-4[0m stage [32mfrom-build-pack[0m and container [32mworking-dir-initializer[0m
Unable to retrieve container logs for docker://663ce19d3d0e1a51931775bddef541716bdc3dd4bfe738671a2b256665ba735a

Showing logs for build [32mentando-k8s-entando-k8s-plugin-5nhtt-4[0m stage [32mfrom-build-pack[0m and container [32mplace-tools[0m
Unable to retrieve container logs for docker://58eebf259afa860a222abd7c5d1a0b2370967f2a45efb210f0b17e7d07c8107b

Showing logs for build [32mentando-k8s-entando-k8s-plugin-5nhtt-4[0m stage [32mfrom-build-pack[0m and container [32mstep-git-source-entando-k8s-entando-k8s-plugin-5nhtt-rdctp[0m
Unable to retrieve container logs for docker://601a9096b7f4bb2a8e719b22190d6e0d151c937dd9bc26676290bf57f674c12d

Showing logs for build [32mentando-k8s-entando-k8s-plugin-5nhtt-4[0m stage [32mfrom-build-pack[0m and container [32mstep-setup-builder-home[0m
Unable to retrieve container logs for docker://12a43b7fc0b1be7839ba2cdf1616b0022ef413496c1a534644b6c667722e9605

Showing logs for build [32mentando-k8s-entando-k8s-plugin-5nhtt-4[0m stage [32mfrom-build-pack[0m and container [32mstep-git-merge[0m
Unable to retrieve container logs for docker://82a896ed2c8abe70c1cfbf7fc45d26298bc221703b53be46d7e2edfeb736a14a

Showing logs for build [32mentando-k8s-entando-k8s-plugin-5nhtt-4[0m stage [32mfrom-build-pack[0m and container [32mstep-build-set-version[0m
Unable to retrieve container logs for docker://a06d830dba3e3c6f0665558d7013f72d556d548487232f7f7f1fff970ff50b5e

Showing logs for build [32mentando-k8s-entando-k8s-plugin-5nhtt-4[0m stage [32mfrom-build-pack[0m and container [32mstep-build-fix-git-for-sonar[0m
Unable to retrieve container logs for docker://3b272188851b6f6b54e6fe163820ef4fa96f065e71fe559f558fd55835297da8

Showing logs for build [32mentando-k8s-entando-k8s-plugin-5nhtt-4[0m stage [32mfrom-build-pack[0m and container [32mstep-build-mvn-verify-pr[0m
Unable to retrieve container logs for docker://6e8480cbfa11c351345aa21ba68bdf6917144a88d0de6f0ea346d962e9141509

Showing logs for build [32mentando-k8s-entando-k8s-plugin-5nhtt-4[0m stage [32mfrom-build-pack[0m and container [32mstep-build-container-build[0m
Unable to retrieve container logs for docker://fe0b4dd5d52fa2405b6921c555c3880ccef972c6a0dc2b133b720ed61ddda016

Showing logs for build [32mentando-k8s-entando-k8s-plugin-5nhtt-4[0m stage [32mfrom-build-pack[0m and container [32mstep-postbuild-post-build[0m
Unable to retrieve container logs for docker://1ce9e179787ee1788a188e0f7dc2d6666ee3bf7c4d979b42e2aa810a01e46553

Showing logs for build [32mentando-k8s-entando-k8s-plugin-5nhtt-4[0m stage [32mfrom-build-pack[0m and container [32mstep-promote-make-preview[0m
Unable to retrieve container logs for docker://6761abc825e38e4a9d7d9444f6578e20094cc91724b7675b5f0bec65e3b8a770
[31m
Pipeline failed on stage 'from-build-pack' : container 'step-promote-make-preview'. The execution of the pipeline has stopped.[0m
