
Showing logs for build [32mentando-k8s-entando-k8s-plugin-txgk9-41[0m stage [32mfrom-build-pack[0m and container [32mcredential-initializer[0m
{"level":"info","ts":1636617203.2458596,"caller":"creds-init/main.go:44","msg":"Credentials initialized."}

Showing logs for build [32mentando-k8s-entando-k8s-plugin-txgk9-41[0m stage [32mfrom-build-pack[0m and container [32mworking-dir-initializer[0m

Showing logs for build [32mentando-k8s-entando-k8s-plugin-txgk9-41[0m stage [32mfrom-build-pack[0m and container [32mplace-tools[0m

Showing logs for build [32mentando-k8s-entando-k8s-plugin-txgk9-41[0m stage [32mfrom-build-pack[0m and container [32mstep-git-source-entando-k8s-entando-k8s-plugin-txgk9-l4785[0m
{"level":"info","ts":1636617316.089809,"caller":"git/git.go:105","msg":"Successfully cloned https://github.com/entando-k8s/entando-k8s-plugin-controller.git @ master in path /workspace/source"}
{"level":"warn","ts":1636617316.0901525,"caller":"git/git.go:152","msg":"Unexpected error: creating symlink: symlink /tekton/home/.ssh /****/.ssh: file exists"}
{"level":"info","ts":1636617316.1736276,"caller":"git/git.go:133","msg":"Successfully initialized and updated submodules in path /workspace/source"}

Showing logs for build [32mentando-k8s-entando-k8s-plugin-txgk9-41[0m stage [32mfrom-build-pack[0m and container [32mstep-setup-builder-home[0m

Showing logs for build [32mentando-k8s-entando-k8s-plugin-txgk9-41[0m stage [32mfrom-build-pack[0m and container [32mstep-git-merge[0m
Using SHAs from PULL_REFS=master:abcbdda4ef724a2f46003f7acbba0673999c7c31,31:a6e32c1d5d4d3629cb986af388d9550ee61906b6
DEBUG: LC_ALL=C JX_LOG_LEVEL=error git fetch origin --unshallow a6e32c1d5d4d3629cb986af388d9550ee61906b6: abcbdda4ef724a2f46003f7acbba0673999c7c31:
DEBUG: ran git fetch --unshallow origin a6e32c1d5d4d3629cb986af388d9550ee61906b6: abcbdda4ef724a2f46003f7acbba0673999c7c31: in 
DEBUG: LC_ALL=C JX_LOG_LEVEL=error git branch
DEBUG: LC_ALL=C JX_LOG_LEVEL=error git checkout master
DEBUG: ran git checkout master in 
DEBUG: LC_ALL=C JX_LOG_LEVEL=error git reset --hard abcbdda4ef724a2f46003f7acbba0673999c7c31
DEBUG: ran git reset --hard abcbdda4ef724a2f46003f7acbba0673999c7c31 in 
DEBUG: LC_ALL=C JX_LOG_LEVEL=error git clean -fd .
DEBUG: ran clean --force -d . in 
DEBUG: LC_ALL=C JX_LOG_LEVEL=error git merge a6e32c1d5d4d3629cb986af388d9550ee61906b6
DEBUG: ran git merge a6e32c1d5d4d3629cb986af388d9550ee61906b6 in 
DEBUG: LC_ALL=C JX_LOG_LEVEL=error git log --format=%H%x1f%an%x1f%ae%x1f%cn%x1f%ce%x1f%s%n%b%x1e abcbdda4ef724a2f46003f7acbba0673999c7c31..HEAD
Merged SHA a6e32c1d5d4d3629cb986af388d9550ee61906b6 with commit message 'experiment: force agent image' into base branch master
Merged SHA 34089d5c716d729939d249b6c22e5fdfcbe782be with commit message 'experiment: force agent image' into base branch master
Merged SHA 785aaffc5b37a6082ccd82e302f35a2cede4f221 with commit message 'experiment: force agent image' into base branch master
Merged SHA 135fbbfe7f431e1f21769ccd47b3f814d9a22ea9 with commit message 'Chart fix experiment' into base branch master

Showing logs for build [32mentando-k8s-entando-k8s-plugin-txgk9-41[0m stage [32mfrom-build-pack[0m and container [32mstep-build-set-version[0m
/bin/sh: mvn: command not found
[31m
Pipeline failed on stage 'from-build-pack' : container 'step-build-set-version'. The execution of the pipeline has stopped.[0m
