
Showing logs for build [32mentando-k8s-entando-k8s-plugin-v6wrf-5[0m stage [32mfrom-build-pack[0m and container [32mcredential-initializer[0m
Unable to retrieve container logs for docker://f24252498d3aac6d7fbe9f35f926851849c954aa3e9787688e4f0b6f3e365b70

Showing logs for build [32mentando-k8s-entando-k8s-plugin-v6wrf-5[0m stage [32mfrom-build-pack[0m and container [32mworking-dir-initializer[0m
Unable to retrieve container logs for docker://a69865150c781721c027e631776516606effe99e2fb1f255b1c6819585d9b124

Showing logs for build [32mentando-k8s-entando-k8s-plugin-v6wrf-5[0m stage [32mfrom-build-pack[0m and container [32mplace-tools[0m
Unable to retrieve container logs for docker://71782496feb8cb502b8b38a50c08872499da2a8d639c92143a304c5dc8a6a229

Showing logs for build [32mentando-k8s-entando-k8s-plugin-v6wrf-5[0m stage [32mfrom-build-pack[0m and container [32mstep-git-source-entando-k8s-entando-k8s-plugin-v6wrf-vzmnc[0m
Unable to retrieve container logs for docker://9988adad7d7daef155c146214be838560079018cf2e16b5573606a9223196911

Showing logs for build [32mentando-k8s-entando-k8s-plugin-v6wrf-5[0m stage [32mfrom-build-pack[0m and container [32mstep-setup-builder-home[0m
Unable to retrieve container logs for docker://ed90ae0804feda268a32e895af27de71233cb2a96a24520572be42f74713ef3d

Showing logs for build [32mentando-k8s-entando-k8s-plugin-v6wrf-5[0m stage [32mfrom-build-pack[0m and container [32mstep-git-merge[0m
Unable to retrieve container logs for docker://55302bb680eb09202a46e818f0b34f200929ce7e3c4f906e7346b13ea0513415

Showing logs for build [32mentando-k8s-entando-k8s-plugin-v6wrf-5[0m stage [32mfrom-build-pack[0m and container [32mstep-build-set-version[0m
Unable to retrieve container logs for docker://c9b358fe3f423c5451df8f680420896b4bfff52cce5ddf69da49417c7a275950

Showing logs for build [32mentando-k8s-entando-k8s-plugin-v6wrf-5[0m stage [32mfrom-build-pack[0m and container [32mstep-build-fix-git-for-sonar[0m
Unable to retrieve container logs for docker://c06fd4e43129b70172a8522afb2ff344b06f1f6b30f34f4d899825988e9b480f

Showing logs for build [32mentando-k8s-entando-k8s-plugin-v6wrf-5[0m stage [32mfrom-build-pack[0m and container [32mstep-build-mvn-verify-pr[0m
Unable to retrieve container logs for docker://7ee6f8a8566e302b6b3ea5267933766ee3ed594b0ee29c593e110c792f2aa92a

Showing logs for build [32mentando-k8s-entando-k8s-plugin-v6wrf-5[0m stage [32mfrom-build-pack[0m and container [32mstep-build-container-build[0m
Unable to retrieve container logs for docker://095e979497c48037accb5fb919c0e36e7a43a1c763c6c41e4ec508850b64f352

Showing logs for build [32mentando-k8s-entando-k8s-plugin-v6wrf-5[0m stage [32mfrom-build-pack[0m and container [32mstep-postbuild-post-build[0m
Unable to retrieve container logs for docker://325188dc44f7876afa1025433d57c402d8804f7f2e0a4cbf511d6a1985741c2c

Showing logs for build [32mentando-k8s-entando-k8s-plugin-v6wrf-5[0m stage [32mfrom-build-pack[0m and container [32mstep-promote-make-preview[0m
Unable to retrieve container logs for docker://ea13f3fcd0b3df3102a694933a55b90456442c2918c18b17e4b0c7f3ef171623
[31m
Pipeline failed on stage 'from-build-pack' : container 'step-promote-make-preview'. The execution of the pipeline has stopped.[0m
