
Showing logs for build [32mentando-k8s-entando-k8s-plugin-d9mns-7[0m stage [32mfrom-build-pack[0m and container [32mcredential-initializer[0m
Unable to retrieve container logs for docker://16af2c72ad068906c1a5c449c7be69363a7658350e150f29da9989a30acec75e

Showing logs for build [32mentando-k8s-entando-k8s-plugin-d9mns-7[0m stage [32mfrom-build-pack[0m and container [32mworking-dir-initializer[0m
Unable to retrieve container logs for docker://20d8e67d0bbbb2113ed8311134ae2c54c82cb0296897d0304bca4eac1bcf0166

Showing logs for build [32mentando-k8s-entando-k8s-plugin-d9mns-7[0m stage [32mfrom-build-pack[0m and container [32mplace-tools[0m
Unable to retrieve container logs for docker://f15aabc104b81857161cbec96a481e0b35994a7518e1c74af53fc3afe0880b11

Showing logs for build [32mentando-k8s-entando-k8s-plugin-d9mns-7[0m stage [32mfrom-build-pack[0m and container [32mstep-git-source-entando-k8s-entando-k8s-plugin-d9mns-42dnv[0m
Unable to retrieve container logs for docker://1f552bab04a4fe4286973e773053f12863bc89d3c78a9c0781369859a346c97f

Showing logs for build [32mentando-k8s-entando-k8s-plugin-d9mns-7[0m stage [32mfrom-build-pack[0m and container [32mstep-setup-builder-home[0m
Unable to retrieve container logs for docker://99cfdf9f68734e3309724cd2858c78740cfeaf34e89de752d4d779579a256d6f

Showing logs for build [32mentando-k8s-entando-k8s-plugin-d9mns-7[0m stage [32mfrom-build-pack[0m and container [32mstep-git-merge[0m
Unable to retrieve container logs for docker://5d570e3895c49275fa6354bb218f9f6b989293e5afaa371d8e1d62905ba56a05

Showing logs for build [32mentando-k8s-entando-k8s-plugin-d9mns-7[0m stage [32mfrom-build-pack[0m and container [32mstep-build-set-version[0m
Unable to retrieve container logs for docker://8489e32307fbf152cde675b5d109ae5ff793434ee5af661e8e20a05543044346

Showing logs for build [32mentando-k8s-entando-k8s-plugin-d9mns-7[0m stage [32mfrom-build-pack[0m and container [32mstep-build-fix-git-for-sonar[0m
Unable to retrieve container logs for docker://6be0ae0d3d24bc778b0fb7e725630d4ec3f6d4d0908696275e46a3ddac141868

Showing logs for build [32mentando-k8s-entando-k8s-plugin-d9mns-7[0m stage [32mfrom-build-pack[0m and container [32mstep-build-mvn-verify-pr[0m
Unable to retrieve container logs for docker://4fd5299095e4375619e630ac03b3692cde9c53ffa46bea1068dd401323fc6f13

Showing logs for build [32mentando-k8s-entando-k8s-plugin-d9mns-7[0m stage [32mfrom-build-pack[0m and container [32mstep-build-container-build[0m
Unable to retrieve container logs for docker://17c055afa931c77af8261c84c4c5cf1ee23e8155984e7312b94c7d3fbeafd208

Showing logs for build [32mentando-k8s-entando-k8s-plugin-d9mns-7[0m stage [32mfrom-build-pack[0m and container [32mstep-postbuild-post-build[0m
Unable to retrieve container logs for docker://c8f0956e4ff9b1187b589592e6833927b01b1be76182425ab0114b4386279b51

Showing logs for build [32mentando-k8s-entando-k8s-plugin-d9mns-7[0m stage [32mfrom-build-pack[0m and container [32mstep-promote-make-preview[0m
Unable to retrieve container logs for docker://1fbdde5847233771c583414a5def9514ee39***a5be5600f8bd6d7960bc18003
[31m
Pipeline failed on stage 'from-build-pack' : container 'step-promote-make-preview'. The execution of the pipeline has stopped.[0m
