
Showing logs for build [32mentando-k8s-entando-de-app-pr-2-gl8rl-1[0m stage [32mfrom-build-pack[0m and container [32mcredential-initializer[0m
Unable to retrieve container logs for docker://ecb26a3f647dde0ec16c9abc8744681afb0790ea203efa1d89b49150869fcf61

Showing logs for build [32mentando-k8s-entando-de-app-pr-2-gl8rl-1[0m stage [32mfrom-build-pack[0m and container [32mworking-dir-initializer[0m
Unable to retrieve container logs for docker://79938e0462cbdd0d677d21723815782dceb349af3f23c7703c3cc5e83328fc7f

Showing logs for build [32mentando-k8s-entando-de-app-pr-2-gl8rl-1[0m stage [32mfrom-build-pack[0m and container [32mplace-tools[0m
Unable to retrieve container logs for docker://b836790a61bf1e405741aeaf7a48da36eac909c8d00656178f2c247da010034b

Showing logs for build [32mentando-k8s-entando-de-app-pr-2-gl8rl-1[0m stage [32mfrom-build-pack[0m and container [32mstep-git-source-entando-k8s-entando-de-app-pr-2-gl8rl-4j6sj[0m
Unable to retrieve container logs for docker://bf61d88779555e5b5f0a5436b2c3663d443f7095efeb853a57beb7fe2014a876

Showing logs for build [32mentando-k8s-entando-de-app-pr-2-gl8rl-1[0m stage [32mfrom-build-pack[0m and container [32mstep-setup-builder-home[0m
Unable to retrieve container logs for docker://281931ccd328a84a147042a36254cb78ebf073e4c6dfd265128200881f714545

Showing logs for build [32mentando-k8s-entando-de-app-pr-2-gl8rl-1[0m stage [32mfrom-build-pack[0m and container [32mstep-git-merge[0m
Unable to retrieve container logs for docker://214ed192dccf632c59d75f7356cc344***0e6dde6e579f5a58dd16fd3c242e57

Showing logs for build [32mentando-k8s-entando-de-app-pr-2-gl8rl-1[0m stage [32mfrom-build-pack[0m and container [32mstep-build-set-version[0m
Unable to retrieve container logs for docker://a957b96296b71b771787bd8b643e546a626069ff6574ee7099ad2831839a2c7e

Showing logs for build [32mentando-k8s-entando-de-app-pr-2-gl8rl-1[0m stage [32mfrom-build-pack[0m and container [32mstep-build-mvn-verify[0m
Unable to retrieve container logs for docker://617100371dfa042032195a4061c75443c913b30d4c45b55f96e38358636bb742

Showing logs for build [32mentando-k8s-entando-de-app-pr-2-gl8rl-1[0m stage [32mfrom-build-pack[0m and container [32mstep-build-container-build[0m
Unable to retrieve container logs for docker://cbce38d2d16f915c32c9cab568c27b238f4223fbb9d3b226120d17598394033a

Showing logs for build [32mentando-k8s-entando-de-app-pr-2-gl8rl-1[0m stage [32mfrom-build-pack[0m and container [32mstep-postbuild-post-build[0m
Unable to retrieve container logs for docker://c8c4094cadaa00758b9ea9d66f61c751ab42f198542ceb77d169fc3088348635
