
Showing logs for build [32mentando-k8s-entando-de-app-pr-2-4trbq-2[0m stage [32mfrom-build-pack[0m and container [32mcredential-initializer[0m
Unable to retrieve container logs for docker://24ea9c2d29cb3e1d77647d468d402963067222feef77ed59a7c4ee0dce585530

Showing logs for build [32mentando-k8s-entando-de-app-pr-2-4trbq-2[0m stage [32mfrom-build-pack[0m and container [32mworking-dir-initializer[0m
Unable to retrieve container logs for docker://53e320ce307d0a6e00363c2121a0fb60b69d64be12d09249dcd1b3cb77401***

Showing logs for build [32mentando-k8s-entando-de-app-pr-2-4trbq-2[0m stage [32mfrom-build-pack[0m and container [32mplace-tools[0m
Unable to retrieve container logs for docker://11ea24b41a89f47d479241f4966fd31396f2cc0db779d1475c787b9960e4844a

Showing logs for build [32mentando-k8s-entando-de-app-pr-2-4trbq-2[0m stage [32mfrom-build-pack[0m and container [32mstep-git-source-entando-k8s-entando-de-app-pr-2-4trbq-p7pdr[0m
Unable to retrieve container logs for docker://43b0feec3c73db551f02c1c871325c2a5446a049599f8b5bddf8ecf6ef665a42

Showing logs for build [32mentando-k8s-entando-de-app-pr-2-4trbq-2[0m stage [32mfrom-build-pack[0m and container [32mstep-setup-builder-home[0m
Unable to retrieve container logs for docker://17c18e22505e6745502831130e82d21e95360a31f877df7af44cabdbfd39c51f

Showing logs for build [32mentando-k8s-entando-de-app-pr-2-4trbq-2[0m stage [32mfrom-build-pack[0m and container [32mstep-git-merge[0m
Unable to retrieve container logs for docker://14717de1e4b3133e3c3fbf2795835475c4aa0e70a7a4250f25a08f553bb4fc52

Showing logs for build [32mentando-k8s-entando-de-app-pr-2-4trbq-2[0m stage [32mfrom-build-pack[0m and container [32mstep-build-set-version[0m
Unable to retrieve container logs for docker://2a557a548d8ba63271ccc5c096bea85bbfaae43d4c6efe6f8e5803963124d255

Showing logs for build [32mentando-k8s-entando-de-app-pr-2-4trbq-2[0m stage [32mfrom-build-pack[0m and container [32mstep-build-mvn-verify[0m
Unable to retrieve container logs for docker://591d5f46a79fa85cc13c2eff14ee49325ef77248247c7a74fa0b8de77e4c8e04

Showing logs for build [32mentando-k8s-entando-de-app-pr-2-4trbq-2[0m stage [32mfrom-build-pack[0m and container [32mstep-build-container-build[0m
Unable to retrieve container logs for docker://f2976a0027ad7a73c78feeb1893cf440a384256c09ea670435d16999c77c0d79

Showing logs for build [32mentando-k8s-entando-de-app-pr-2-4trbq-2[0m stage [32mfrom-build-pack[0m and container [32mstep-postbuild-post-build[0m
Unable to retrieve container logs for docker://c0991a***181044cd6652a29c7a414467bd003cff74eec6f683b6f706d28707b
