
Showing logs for build [32mentando-k8s-entando-de-app-pr-2-rr2cv-3[0m stage [32mfrom-build-pack[0m and container [32mcredential-initializer[0m
Unable to retrieve container logs for docker://b9e26f022cc56909422e7b9e00de3149f112290492a85e0361b54a40c4551929

Showing logs for build [32mentando-k8s-entando-de-app-pr-2-rr2cv-3[0m stage [32mfrom-build-pack[0m and container [32mworking-dir-initializer[0m
Unable to retrieve container logs for docker://bca53c1be8c74e04dba9b9ada4f986023289291f0b684f2a812fa24260992d6c

Showing logs for build [32mentando-k8s-entando-de-app-pr-2-rr2cv-3[0m stage [32mfrom-build-pack[0m and container [32mplace-tools[0m
Unable to retrieve container logs for docker://6e53fe48fe14cc411daff24105780037f2dde916d1f6ce0c96bf849c98d73534

Showing logs for build [32mentando-k8s-entando-de-app-pr-2-rr2cv-3[0m stage [32mfrom-build-pack[0m and container [32mstep-git-source-entando-k8s-entando-de-app-pr-2-rr2cv-4c4bp[0m
Unable to retrieve container logs for docker://b3e6ee8625ecfe550bbdd4f8168b7c5fb99289b30e750a38d696176dcf771d4c

Showing logs for build [32mentando-k8s-entando-de-app-pr-2-rr2cv-3[0m stage [32mfrom-build-pack[0m and container [32mstep-setup-builder-home[0m
Unable to retrieve container logs for docker://ae52e2500574f651e8ddde2c82bff9404f6b0caeef2cc057e2c7ebd286fc0507

Showing logs for build [32mentando-k8s-entando-de-app-pr-2-rr2cv-3[0m stage [32mfrom-build-pack[0m and container [32mstep-git-merge[0m
Unable to retrieve container logs for docker://4521a0b8e472f17436a6b3363b1f32590c9007d40985327facddff87438ba15e

Showing logs for build [32mentando-k8s-entando-de-app-pr-2-rr2cv-3[0m stage [32mfrom-build-pack[0m and container [32mstep-build-set-version[0m
Unable to retrieve container logs for docker://96af3de46576af3d87962813ca7c18768c23c480fcd8593cbcd907a936bb0f60

Showing logs for build [32mentando-k8s-entando-de-app-pr-2-rr2cv-3[0m stage [32mfrom-build-pack[0m and container [32mstep-build-mvn-verify[0m
Unable to retrieve container logs for docker://a3438cb3890d2251346589357529d35257f6e9b5a624932362be9c05f62a6269

Showing logs for build [32mentando-k8s-entando-de-app-pr-2-rr2cv-3[0m stage [32mfrom-build-pack[0m and container [32mstep-build-container-build[0m
Unable to retrieve container logs for docker://f55cd6a51e787e6b6a42584e6ed6137419be1327db37c4292fbcd7566386b961

Showing logs for build [32mentando-k8s-entando-de-app-pr-2-rr2cv-3[0m stage [32mfrom-build-pack[0m and container [32mstep-postbuild-post-build[0m
Unable to retrieve container logs for docker://e8091fdbafc87f46f0fc7e81262ee72b8dc57c593794c9698263f52ba6c1b917
