
Showing logs for build [32mentando-k8s-entando-de-app-pr-2-clt6x-4[0m stage [32mfrom-build-pack[0m and container [32mcredential-initializer[0m
Unable to retrieve container logs for docker://4249aa6c6aa2013fc6afa25f6ccf030270339efdf9b5346028a60dbb276a0177

Showing logs for build [32mentando-k8s-entando-de-app-pr-2-clt6x-4[0m stage [32mfrom-build-pack[0m and container [32mworking-dir-initializer[0m
Unable to retrieve container logs for docker://2d6d7e570e7496152baaeef0cafdb3425d7cddad8731dc6c6677c28d5fd9fb49

Showing logs for build [32mentando-k8s-entando-de-app-pr-2-clt6x-4[0m stage [32mfrom-build-pack[0m and container [32mplace-tools[0m
Unable to retrieve container logs for docker://4c3e20f38cd3d10254c3540822dc1f200e03e6ce70b0372510d566ebff21845d

Showing logs for build [32mentando-k8s-entando-de-app-pr-2-clt6x-4[0m stage [32mfrom-build-pack[0m and container [32mstep-git-source-entando-k8s-entando-de-app-pr-2-clt6x-9cjr5[0m
Unable to retrieve container logs for docker://eb82b8bfaee0c92e7b687b2b3d05366396e7118581330f7057a860b744ae596d

Showing logs for build [32mentando-k8s-entando-de-app-pr-2-clt6x-4[0m stage [32mfrom-build-pack[0m and container [32mstep-setup-builder-home[0m
Unable to retrieve container logs for docker://71cc8f9715816f0f1bbdfea4b081b31695cd5ce50b12695f9f20b1731880aa4a

Showing logs for build [32mentando-k8s-entando-de-app-pr-2-clt6x-4[0m stage [32mfrom-build-pack[0m and container [32mstep-git-merge[0m
Unable to retrieve container logs for docker://d491d2446e022142be01750706a79b6460a97479a185697696b42201b4534b2d

Showing logs for build [32mentando-k8s-entando-de-app-pr-2-clt6x-4[0m stage [32mfrom-build-pack[0m and container [32mstep-build-set-version[0m
Unable to retrieve container logs for docker://c932875a01a0f43060fecda522f4666644844e36c15130541a3fa952569cf403

Showing logs for build [32mentando-k8s-entando-de-app-pr-2-clt6x-4[0m stage [32mfrom-build-pack[0m and container [32mstep-build-mvn-verify[0m
Unable to retrieve container logs for docker://9068d0955df9f309cdc817de4411b90b15ccac581362cd2a89f37f237f10b058

Showing logs for build [32mentando-k8s-entando-de-app-pr-2-clt6x-4[0m stage [32mfrom-build-pack[0m and container [32mstep-build-container-build[0m
Unable to retrieve container logs for docker://ff36cd824de8e33a3bc23682a1c6677f0f42df5f0f257a10a3a950469898ef66

Showing logs for build [32mentando-k8s-entando-de-app-pr-2-clt6x-4[0m stage [32mfrom-build-pack[0m and container [32mstep-postbuild-post-build[0m
Unable to retrieve container logs for docker://b1af2f39dc20ae7ea8261ec748fe6a39100888353374e21e06214711bfb4291d
