
Showing logs for build [32mentando-k8s-entando-de-app-pr-2-v6qfr-5[0m stage [32mfrom-build-pack[0m and container [32mcredential-initializer[0m
Unable to retrieve container logs for docker://d9904211348fc60f1323b512395d190329e0831f33d26259779d2f363222ea2b

Showing logs for build [32mentando-k8s-entando-de-app-pr-2-v6qfr-5[0m stage [32mfrom-build-pack[0m and container [32mworking-dir-initializer[0m
Unable to retrieve container logs for docker://971207a82ca4d45a300bad389c49c878ecf12148521d041bda1aa0026ec1f927

Showing logs for build [32mentando-k8s-entando-de-app-pr-2-v6qfr-5[0m stage [32mfrom-build-pack[0m and container [32mplace-tools[0m
Unable to retrieve container logs for docker://cce8abbbd35dab7411221f2028c8a6603de8d230683786637b1886b2758df24d

Showing logs for build [32mentando-k8s-entando-de-app-pr-2-v6qfr-5[0m stage [32mfrom-build-pack[0m and container [32mstep-git-source-entando-k8s-entando-de-app-pr-2-v6qfr-zbb6m[0m
Unable to retrieve container logs for docker://eeb786b8d1f8a22058b7fcb4a64b642256a115d155e52f4e128eb4547bf5b631

Showing logs for build [32mentando-k8s-entando-de-app-pr-2-v6qfr-5[0m stage [32mfrom-build-pack[0m and container [32mstep-setup-builder-home[0m
Unable to retrieve container logs for docker://6b5e53cee623b46ad121e21d1cae9e6eca7fb0b730752853f177becfbf5d9c46

Showing logs for build [32mentando-k8s-entando-de-app-pr-2-v6qfr-5[0m stage [32mfrom-build-pack[0m and container [32mstep-git-merge[0m
Unable to retrieve container logs for docker://bda42a3b73c92a67eec04b2268cdd627987b5cff73c5f3404b3067e37b4c7943

Showing logs for build [32mentando-k8s-entando-de-app-pr-2-v6qfr-5[0m stage [32mfrom-build-pack[0m and container [32mstep-build-set-version[0m
Unable to retrieve container logs for docker://f3dd296e7bab0249855fe754c9a2826fee832c72ca41b87141a2c5f540a7576b

Showing logs for build [32mentando-k8s-entando-de-app-pr-2-v6qfr-5[0m stage [32mfrom-build-pack[0m and container [32mstep-build-mvn-verify[0m
Unable to retrieve container logs for docker://a5c27855cc19c111c0bdd50d5008ee3f6a162e67241f5d2937ea9a0f87fcb61f

Showing logs for build [32mentando-k8s-entando-de-app-pr-2-v6qfr-5[0m stage [32mfrom-build-pack[0m and container [32mstep-build-container-build[0m
Unable to retrieve container logs for docker://583432d72445de45dd46d7f54e3cab14b964e09c6eb56904b779cd27abf29250

Showing logs for build [32mentando-k8s-entando-de-app-pr-2-v6qfr-5[0m stage [32mfrom-build-pack[0m and container [32mstep-postbuild-post-build[0m
Unable to retrieve container logs for docker://4f0447baf1503b3a008cb2***8083b5b085fc45a74958b597024deb40e27ca73
