
Showing logs for build [32mentando-k8s-entando-de-app-pr-2-vlhq2-6[0m stage [32mfrom-build-pack[0m and container [32mcredential-initializer[0m
Unable to retrieve container logs for docker://28a3d118eb09fa78895d6f3ee9c68c7de9835176c36e050e88aef973afb3f02c

Showing logs for build [32mentando-k8s-entando-de-app-pr-2-vlhq2-6[0m stage [32mfrom-build-pack[0m and container [32mworking-dir-initializer[0m
Unable to retrieve container logs for docker://361e9ec6c309146b32ded807ba5f4e4d413013ebc5f1dc6d32d3dcd7c0336368

Showing logs for build [32mentando-k8s-entando-de-app-pr-2-vlhq2-6[0m stage [32mfrom-build-pack[0m and container [32mplace-tools[0m
Unable to retrieve container logs for docker://1819c783ed18047e541c183d60fd1a5245bd7a7f881dc50f0e***11a457ada49

Showing logs for build [32mentando-k8s-entando-de-app-pr-2-vlhq2-6[0m stage [32mfrom-build-pack[0m and container [32mstep-git-source-entando-k8s-entando-de-app-pr-2-vlhq2-jrf8p[0m
Unable to retrieve container logs for docker://ea33dde99f139e6d51a8fde4b9c4ab2710c5989e4f11605b43cbcd1d4f420e2b

Showing logs for build [32mentando-k8s-entando-de-app-pr-2-vlhq2-6[0m stage [32mfrom-build-pack[0m and container [32mstep-setup-builder-home[0m
Unable to retrieve container logs for docker://a50acdcc3be47d529fbc09f3fc8e5f1b7b3b645aa4f5335c99aa928fde852f2b

Showing logs for build [32mentando-k8s-entando-de-app-pr-2-vlhq2-6[0m stage [32mfrom-build-pack[0m and container [32mstep-git-merge[0m
Unable to retrieve container logs for docker://e654e49f69addb645ca02a3fc4e10f7de949d0cbb711fc1cabe2a4278bcabc79

Showing logs for build [32mentando-k8s-entando-de-app-pr-2-vlhq2-6[0m stage [32mfrom-build-pack[0m and container [32mstep-build-set-version[0m
Unable to retrieve container logs for docker://03e304750baf7f0279922939638a5320ced257c7fe8c2b16a69b19dc1aa5a004

Showing logs for build [32mentando-k8s-entando-de-app-pr-2-vlhq2-6[0m stage [32mfrom-build-pack[0m and container [32mstep-build-mvn-verify[0m
Unable to retrieve container logs for docker://f092c39f1932e659e76aaa64a4e85735959b54da950e510523e7fbcfe0068337

Showing logs for build [32mentando-k8s-entando-de-app-pr-2-vlhq2-6[0m stage [32mfrom-build-pack[0m and container [32mstep-build-container-build[0m
Unable to retrieve container logs for docker://da9235421d71e17c34fb7bf2e3d34a0fc0f8fa5e7d0bbd673b10cc9f1eb9be4a

Showing logs for build [32mentando-k8s-entando-de-app-pr-2-vlhq2-6[0m stage [32mfrom-build-pack[0m and container [32mstep-postbuild-post-build[0m
Unable to retrieve container logs for docker://d657775e21e30c7580b571475b71636a0cdfc16947101678c43aeb566425cb51
