
Showing logs for build [32mentando-k8s-entando-de-app-pr-2-z4pqr-7[0m stage [32mfrom-build-pack[0m and container [32mcredential-initializer[0m
Unable to retrieve container logs for docker://da1c4bafe99a9d529627e23fc1f5f067d9be632b78d02119d983c4e0d1bccc70

Showing logs for build [32mentando-k8s-entando-de-app-pr-2-z4pqr-7[0m stage [32mfrom-build-pack[0m and container [32mworking-dir-initializer[0m
Unable to retrieve container logs for docker://bdd056fb4609521f8247f3fb95c0d8629b24b3f88301060ca54710e7006c0f40

Showing logs for build [32mentando-k8s-entando-de-app-pr-2-z4pqr-7[0m stage [32mfrom-build-pack[0m and container [32mplace-tools[0m
Unable to retrieve container logs for docker://868ea3b5b28597325ae692fae60f1059990f6e1e29f3565ca23acef259500274

Showing logs for build [32mentando-k8s-entando-de-app-pr-2-z4pqr-7[0m stage [32mfrom-build-pack[0m and container [32mstep-git-source-entando-k8s-entando-de-app-pr-2-z4pqr-f2rpr[0m
Unable to retrieve container logs for docker://3d6b0c5de69d3a6c22fddee9c5915b403280a14594d6b73a74d204a7f100f708

Showing logs for build [32mentando-k8s-entando-de-app-pr-2-z4pqr-7[0m stage [32mfrom-build-pack[0m and container [32mstep-setup-builder-home[0m
Unable to retrieve container logs for docker://f399b34e0124934bc4930cfabd397b1db8a661ac6db2147122a85eaa9dbfaf47

Showing logs for build [32mentando-k8s-entando-de-app-pr-2-z4pqr-7[0m stage [32mfrom-build-pack[0m and container [32mstep-git-merge[0m
Unable to retrieve container logs for docker://9b294f3d53734e5d5930abfc12482f64d6c02e001502787ee8e55d8689612b6c

Showing logs for build [32mentando-k8s-entando-de-app-pr-2-z4pqr-7[0m stage [32mfrom-build-pack[0m and container [32mstep-build-set-version[0m
Unable to retrieve container logs for docker://5ede1e4ea71e450fdd73048c7fe6ac3728f6964c261769795e3d1de1c04a6230

Showing logs for build [32mentando-k8s-entando-de-app-pr-2-z4pqr-7[0m stage [32mfrom-build-pack[0m and container [32mstep-build-mvn-verify[0m
Unable to retrieve container logs for docker://8fefc4596c633a13a25733b716f9a33066606812448fd63b2922439a81ceb321

Showing logs for build [32mentando-k8s-entando-de-app-pr-2-z4pqr-7[0m stage [32mfrom-build-pack[0m and container [32mstep-build-container-build[0m
Unable to retrieve container logs for docker://4e033a6b56cd8654a7aafca315bf1518a884fd5a8c825c6eceba4a293e1e791f

Showing logs for build [32mentando-k8s-entando-de-app-pr-2-z4pqr-7[0m stage [32mfrom-build-pack[0m and container [32mstep-postbuild-post-build[0m
Unable to retrieve container logs for docker://0af6e34fe9e08a68b61ef3c17af4a23b0066d7b89b1ffb763ddc61f095aa101a
