
Showing logs for build [32mentando-k8s-entando-de-app-pr-2-jkczn-8[0m stage [32mfrom-build-pack[0m and container [32mcredential-initializer[0m
Unable to retrieve container logs for docker://717060418f54b270d20e05dd0e7d5e42d9ab13031941d952a95c28c5ac12f451

Showing logs for build [32mentando-k8s-entando-de-app-pr-2-jkczn-8[0m stage [32mfrom-build-pack[0m and container [32mworking-dir-initializer[0m
Unable to retrieve container logs for docker://e617c8529b32ac7118372712b02d072a49c69ef2919b484eb1320ea5c15e4567

Showing logs for build [32mentando-k8s-entando-de-app-pr-2-jkczn-8[0m stage [32mfrom-build-pack[0m and container [32mplace-tools[0m
Unable to retrieve container logs for docker://708f058356f52e51a6e368f5bf58fc5c520f1cf933ef5a3de1e4552849b23605

Showing logs for build [32mentando-k8s-entando-de-app-pr-2-jkczn-8[0m stage [32mfrom-build-pack[0m and container [32mstep-git-source-entando-k8s-entando-de-app-pr-2-jkczn-vts7m[0m
Unable to retrieve container logs for docker://d5d757602ee4dd4dd377e092df5c4b2f03d9328614fa1351ed2a23cbaade9a78

Showing logs for build [32mentando-k8s-entando-de-app-pr-2-jkczn-8[0m stage [32mfrom-build-pack[0m and container [32mstep-setup-builder-home[0m
Unable to retrieve container logs for docker://4d0424c516940e29ac0a36b4074b950324fd040b004fcd6aadfa5e59f247877b

Showing logs for build [32mentando-k8s-entando-de-app-pr-2-jkczn-8[0m stage [32mfrom-build-pack[0m and container [32mstep-git-merge[0m
Unable to retrieve container logs for docker://62f02e66b3f14209d8125cb9c2d1c655e68ba510883eee3310c2f8d2720cca37

Showing logs for build [32mentando-k8s-entando-de-app-pr-2-jkczn-8[0m stage [32mfrom-build-pack[0m and container [32mstep-build-set-version[0m
Unable to retrieve container logs for docker://4706e4e7e9add4447b9c58879feb6a04a9deeaf9aa72d55c54e734eae352fb27

Showing logs for build [32mentando-k8s-entando-de-app-pr-2-jkczn-8[0m stage [32mfrom-build-pack[0m and container [32mstep-build-mvn-verify[0m
Unable to retrieve container logs for docker://9ad29743aa60ba43d9d87321562bde3f899ad4e6a812277dbc2fc453a433987f

Showing logs for build [32mentando-k8s-entando-de-app-pr-2-jkczn-8[0m stage [32mfrom-build-pack[0m and container [32mstep-build-container-build[0m
Unable to retrieve container logs for docker://49757a3ac70d1f601cca48bc287ce81ee11943108bf9b756b4f4ed3e5a542b64

Showing logs for build [32mentando-k8s-entando-de-app-pr-2-jkczn-8[0m stage [32mfrom-build-pack[0m and container [32mstep-postbuild-post-build[0m
Unable to retrieve container logs for docker://4579747bfac3015ddbd072d220d2ee39593a162a939619018c4cbc944e23b848
