
Showing logs for build [32mmeta-entando-entando-docker-bas-6ghfh-3[0m stage [32mmeta-pipeline[0m and container [32mcredential-initializer[0m
{"level":"info","ts":1642672602.1617486,"caller":"creds-init/main.go:44","msg":"Credentials initialized."}

Showing logs for build [32mmeta-entando-entando-docker-bas-6ghfh-3[0m stage [32mmeta-pipeline[0m and container [32mworking-dir-initializer[0m

Showing logs for build [32mmeta-entando-entando-docker-bas-6ghfh-3[0m stage [32mmeta-pipeline[0m and container [32mplace-tools[0m

Showing logs for build [32mmeta-entando-entando-docker-bas-6ghfh-3[0m stage [32mmeta-pipeline[0m and container [32mstep-git-source-meta-entando-entando-docker-bas-6ghfh-5rrkr[0m
{"level":"info","ts":1642672667.5840886,"caller":"git/git.go:105","msg":"Successfully cloned https://github.com/entando/entando-docker-base-images.git @ f5bf329038bbae389601a14c4f64a9395aae9050 in path /workspace/source"}
{"level":"warn","ts":1642672667.584394,"caller":"git/git.go:152","msg":"Unexpected error: creating symlink: symlink /tekton/home/.ssh /****/.ssh: file exists"}
{"level":"info","ts":1642672667.7071142,"caller":"git/git.go:133","msg":"Successfully initialized and updated submodules in path /workspace/source"}

Showing logs for build [32mmeta-entando-entando-docker-bas-6ghfh-3[0m stage [32mmeta-pipeline[0m and container [32mstep-setup-builder-home[0m

Showing logs for build [32mmeta-entando-entando-docker-bas-6ghfh-3[0m stage [32mmeta-pipeline[0m and container [32mstep-git-merge[0m
Using SHAs from PULL_REFS=master:f5bf329038bbae389601a14c4f64a9395aae9050
WARNING: no SHAs to merge, falling back to initial cloned commit

Showing logs for build [32mmeta-entando-entando-docker-bas-6ghfh-3[0m stage [32mmeta-pipeline[0m and container [32mstep-merge-pull-refs[0m
SKIP merge-pull-refs: Nothing to merge

Showing logs for build [32mmeta-entando-entando-docker-bas-6ghfh-3[0m stage [32mmeta-pipeline[0m and container [32mstep-create-effective-pipeline[0m
Effective pipeline written to jenkins-x-release-effective.yml

Showing logs for build [32mmeta-entando-entando-docker-bas-6ghfh-3[0m stage [32mmeta-pipeline[0m and container [32mstep-create-tekton-crds[0m
running command: ** step next-version --use-git-tag-only --tag
created new version: 6.3.10 and written to file: ./VERSION
error: Have you set up a git credential helper? See https://help.github.com/articles/caching-your-github-password-in-git/
: git output: remote: This repository was archived so it is read-only.
fatal: unable to access 'https://github.com/entando/entando-docker-base-images.git/': The requested URL returned error: 403: failed to run 'git push origin v6.3.10' command in directory '', output: 'remote: This repository was archived so it is read-only.
fatal: unable to access 'https://github.com/entando/entando-docker-base-images.git/': The requested URL returned error: 403'
error: failed to set the version on release pipelines: failed to run '/bin/sh -c ** step next-version --use-git-tag-only --tag' command in directory '/workspace/source', output: ''
[31m
Pipeline failed on stage 'meta-pipeline' : container 'step-create-tekton-crds'. The execution of the pipeline has stopped.[0m
