
Showing logs for build [32mentando-k8s-entando-de-app-pr-2-sntqm-1[0m stage [32mfrom-build-pack[0m and container [32mcredential-initializer[0m
Unable to retrieve container logs for docker://41e6976396349b30a748fb834f751f5fa6932cf1337e175f8d728d79222f6753

Showing logs for build [32mentando-k8s-entando-de-app-pr-2-sntqm-1[0m stage [32mfrom-build-pack[0m and container [32mworking-dir-initializer[0m
Unable to retrieve container logs for docker://24be52c9b78a0d25242462038e4bbd4819fc47005451614a29ab62339fca6237

Showing logs for build [32mentando-k8s-entando-de-app-pr-2-sntqm-1[0m stage [32mfrom-build-pack[0m and container [32mplace-tools[0m
Unable to retrieve container logs for docker://14c64a6917f6ab5eb2c2d7ace6bebc162a4a42270f311d2e14c617544544ca33

Showing logs for build [32mentando-k8s-entando-de-app-pr-2-sntqm-1[0m stage [32mfrom-build-pack[0m and container [32mstep-git-source-entando-k8s-entando-de-app-pr-2-sntqm-4jw5j[0m
Unable to retrieve container logs for docker://7b0eb11c797cc17a810f459840aee531c0859359bfe94d6d4eaa97d1783ead76

Showing logs for build [32mentando-k8s-entando-de-app-pr-2-sntqm-1[0m stage [32mfrom-build-pack[0m and container [32mstep-setup-builder-home[0m
Unable to retrieve container logs for docker://cfce6d5f92e0b377886ac220957f4f64272c167ba35ef32650cee8b0f9412551

Showing logs for build [32mentando-k8s-entando-de-app-pr-2-sntqm-1[0m stage [32mfrom-build-pack[0m and container [32mstep-git-merge[0m
Unable to retrieve container logs for docker://cb1a3e86b1d2604b6e7c6134fdb88024516fff0481a00848cddccf389d48720d

Showing logs for build [32mentando-k8s-entando-de-app-pr-2-sntqm-1[0m stage [32mfrom-build-pack[0m and container [32mstep-build-set-version[0m
Unable to retrieve container logs for docker://1d1270d8f5339f7f7715dea555110357b1cba4aded9af45f975173d98b77901a

Showing logs for build [32mentando-k8s-entando-de-app-pr-2-sntqm-1[0m stage [32mfrom-build-pack[0m and container [32mstep-build-mvn-verify[0m
Unable to retrieve container logs for docker://c97e2fc5a0127205dec42c8bba61d7168b5a32337f78e1356431de5d5ca95504

Showing logs for build [32mentando-k8s-entando-de-app-pr-2-sntqm-1[0m stage [32mfrom-build-pack[0m and container [32mstep-build-container-build[0m
Unable to retrieve container logs for docker://da9d44d0837de85f5fff2a04d1b58d4d6ed494e0c97a373341854f8fe95b305c

Showing logs for build [32mentando-k8s-entando-de-app-pr-2-sntqm-1[0m stage [32mfrom-build-pack[0m and container [32mstep-postbuild-post-build[0m
Unable to retrieve container logs for docker://a2c5ae1bc602035a193ab3e57193861c7e3945b127b396040e4709525ead4632
