
Showing logs for build [32mentando-k8s-entando-de-app-pr-2-gll5p-1[0m stage [32mfrom-build-pack[0m and container [32mcredential-initializer[0m
Unable to retrieve container logs for docker://d69ba44bddfa4c7f4f9d3deddf930971299e03b7433a2b629374e267ba746c70

Showing logs for build [32mentando-k8s-entando-de-app-pr-2-gll5p-1[0m stage [32mfrom-build-pack[0m and container [32mworking-dir-initializer[0m
Unable to retrieve container logs for docker://b0feb73f0627d30bc08665335df48f598ddbe0176619480d3a1eec39b1cb4458

Showing logs for build [32mentando-k8s-entando-de-app-pr-2-gll5p-1[0m stage [32mfrom-build-pack[0m and container [32mplace-tools[0m
Unable to retrieve container logs for docker://0f236bc53d7242690da669f49bc4747af365a1aff741357d5abf16d8504ed141

Showing logs for build [32mentando-k8s-entando-de-app-pr-2-gll5p-1[0m stage [32mfrom-build-pack[0m and container [32mstep-git-source-entando-k8s-entando-de-app-pr-2-gll5p-xslnx[0m
Unable to retrieve container logs for docker://921b92a56cbece5ac9206184dcffb65ec896298125ca2d02abac0a7e8d1a4d79

Showing logs for build [32mentando-k8s-entando-de-app-pr-2-gll5p-1[0m stage [32mfrom-build-pack[0m and container [32mstep-setup-builder-home[0m
Unable to retrieve container logs for docker://947898d7ff9f5a48e701bb1cb303a9208d84b388ca5f0b7ff681d0e86d5f3d16

Showing logs for build [32mentando-k8s-entando-de-app-pr-2-gll5p-1[0m stage [32mfrom-build-pack[0m and container [32mstep-git-merge[0m
Unable to retrieve container logs for docker://8580f623a4862715f91dcefff1310d60ec3a1027f2961077b39a8973030a161f

Showing logs for build [32mentando-k8s-entando-de-app-pr-2-gll5p-1[0m stage [32mfrom-build-pack[0m and container [32mstep-build-set-version[0m
Unable to retrieve container logs for docker://aa0b1824dfcca42b99d622fbd5c73c190b73bd3cf208cd3242949a32949f2528

Showing logs for build [32mentando-k8s-entando-de-app-pr-2-gll5p-1[0m stage [32mfrom-build-pack[0m and container [32mstep-build-mvn-verify[0m
Unable to retrieve container logs for docker://5be3089fa119333f822ef1bdcbbf5c4afae2eb684b1d89792a588953ca5f1a15

Showing logs for build [32mentando-k8s-entando-de-app-pr-2-gll5p-1[0m stage [32mfrom-build-pack[0m and container [32mstep-build-container-build[0m
Unable to retrieve container logs for docker://f2ce43f7d596cb21d97695e63b59992eb2cb9d620c19841cf26689c8e2af1c64

Showing logs for build [32mentando-k8s-entando-de-app-pr-2-gll5p-1[0m stage [32mfrom-build-pack[0m and container [32mstep-postbuild-post-build[0m
Unable to retrieve container logs for docker://042b237d4a0a080d0490b18cd18b4f10851b403554bef549e6569fe9423e7d63
