
Showing logs for build [32mentando-k8s-entando-k8s-control-bqcq8-1[0m stage [32mfrom-build-pack[0m and container [32mcredential-initializer[0m
Unable to retrieve container logs for docker://c4d6ac1f018a737fd6dcc8a7b788517877b62a3b132c90602dc1253bc0714c06

Showing logs for build [32mentando-k8s-entando-k8s-control-bqcq8-1[0m stage [32mfrom-build-pack[0m and container [32mworking-dir-initializer[0m
Unable to retrieve container logs for docker://ff383f0d548d584b71093872c7a882101d6ca9afb7528740221f48f566e8b46b

Showing logs for build [32mentando-k8s-entando-k8s-control-bqcq8-1[0m stage [32mfrom-build-pack[0m and container [32mplace-tools[0m
Unable to retrieve container logs for docker://984de8f377d4207031f4f437a0c6de5041d70afe0673f94ffc4fb59d371bc91e

Showing logs for build [32mentando-k8s-entando-k8s-control-bqcq8-1[0m stage [32mfrom-build-pack[0m and container [32mstep-git-source-entando-k8s-entando-k8s-control-bqcq8-lmznt[0m
Unable to retrieve container logs for docker://858566c8ce72601160f00d208e65d5594eb00a1c9189ac01b070057def50e14e

Showing logs for build [32mentando-k8s-entando-k8s-control-bqcq8-1[0m stage [32mfrom-build-pack[0m and container [32mstep-setup-builder-home[0m
Unable to retrieve container logs for docker://398272cc1fc2c3767eafc502b7b69f7a58aafb1d743f9777d1552d1c61085278

Showing logs for build [32mentando-k8s-entando-k8s-control-bqcq8-1[0m stage [32mfrom-build-pack[0m and container [32mstep-git-merge[0m
Unable to retrieve container logs for docker://21b49220a980cb169da5a66df9f7e738f3268c9c983da2353e7a477a202b7b5f

Showing logs for build [32mentando-k8s-entando-k8s-control-bqcq8-1[0m stage [32mfrom-build-pack[0m and container [32mstep-build-set-version[0m
Unable to retrieve container logs for docker://92d8747578a32a6ccc9afd5c82059417b8038338abbb715e651c463e2005b276

Showing logs for build [32mentando-k8s-entando-k8s-control-bqcq8-1[0m stage [32mfrom-build-pack[0m and container [32mstep-build-fix-git-for-sonar[0m
Unable to retrieve container logs for docker://91f2edd1dbae1e015ed35dc03446973484e471041d0f8f64fac219c487f9687c

Showing logs for build [32mentando-k8s-entando-k8s-control-bqcq8-1[0m stage [32mfrom-build-pack[0m and container [32mstep-build-mvn-verify-pr[0m
Unable to retrieve container logs for docker://268fd6e3e3fe893c6cbf70d565ad1312bcca4b4e15317432a139e4c93d6ae326

Showing logs for build [32mentando-k8s-entando-k8s-control-bqcq8-1[0m stage [32mfrom-build-pack[0m and container [32mstep-build-container-build[0m
Unable to retrieve container logs for docker://b5d79c005a1d5a199d794a51d536f750b217ead37edb572363e5aa0c48cc8a68

Showing logs for build [32mentando-k8s-entando-k8s-control-bqcq8-1[0m stage [32mfrom-build-pack[0m and container [32mstep-postbuild-post-build[0m
Unable to retrieve container logs for docker://5ffad8e324f3ce7b5071a3f0170bb15e569b24d2adb1490f7897a9904ce49b27

Showing logs for build [32mentando-k8s-entando-k8s-control-bqcq8-1[0m stage [32mfrom-build-pack[0m and container [32mstep-promote-make-preview[0m
Unable to retrieve container logs for docker://cca2988990a9de1bf466d6892ceeb20932b9c451dd624a3dff9091be8d53fc61

Showing logs for build [32mentando-k8s-entando-k8s-control-bqcq8-1[0m stage [32mfrom-build-pack[0m and container [32mstep-promote-jx-preview[0m
Unable to retrieve container logs for docker://1f99d91d556eff64f5c398ac4bcf830d7b190844d50e64568ab0a2a4509aa134

Showing logs for build [32mentando-k8s-entando-k8s-control-bqcq8-1[0m stage [32mfrom-build-pack[0m and container [32mstep-promote-run-post-deployment-tests[0m
Unable to retrieve container logs for docker://27dba16781f1980a3bdc14146d326f4ae03ac9aec7edb05665fd151033b38b4b
