
Showing logs for build [32mentando-k8s-entando-k8s-app-plu-m74tn-14[0m stage [32mfrom-build-pack[0m and container [32mcredential-initializer[0m
{"level":"info","ts":1625817481.839868,"caller":"creds-init/main.go:44","msg":"Credentials initialized."}

Showing logs for build [32mentando-k8s-entando-k8s-app-plu-m74tn-14[0m stage [32mfrom-build-pack[0m and container [32mworking-dir-initializer[0m

Showing logs for build [32mentando-k8s-entando-k8s-app-plu-m74tn-14[0m stage [32mfrom-build-pack[0m and container [32mplace-tools[0m

Showing logs for build [32mentando-k8s-entando-k8s-app-plu-m74tn-14[0m stage [32mfrom-build-pack[0m and container [32mstep-git-source-entando-k8s-entando-k8s-app-plu-m74tn-4tw6q[0m
{"level":"info","ts":1625817512.2237253,"caller":"git/git.go:105","msg":"Successfully cloned https://github.com/entando-k8s/entando-k8s-app-plugin-link-controller.git @ master in path /workspace/source"}
{"level":"warn","ts":1625817512.2239463,"caller":"git/git.go:152","msg":"Unexpected error: creating symlink: symlink /tekton/home/.ssh /****/.ssh: file exists"}
{"level":"info","ts":1625817512.3007302,"caller":"git/git.go:133","msg":"Successfully initialized and updated submodules in path /workspace/source"}

Showing logs for build [32mentando-k8s-entando-k8s-app-plu-m74tn-14[0m stage [32mfrom-build-pack[0m and container [32mstep-setup-builder-home[0m

Showing logs for build [32mentando-k8s-entando-k8s-app-plu-m74tn-14[0m stage [32mfrom-build-pack[0m and container [32mstep-git-merge[0m
Using SHAs from PULL_REFS=master:5395c86c1b792fa7569cce50fbd2781787ff6aeb,15:209c57708422246831424fcb59bae95c099dd916
DEBUG: LC_ALL=C JX_LOG_LEVEL=error git fetch origin --unshallow 209c57708422246831424fcb59bae95c099dd916: 5395c86c1b792fa7569cce50fbd2781787ff6aeb:
DEBUG: ran git fetch --unshallow origin 209c57708422246831424fcb59bae95c099dd916: 5395c86c1b792fa7569cce50fbd2781787ff6aeb: in 
DEBUG: LC_ALL=C JX_LOG_LEVEL=error git branch
DEBUG: JX_LOG_LEVEL=error LC_ALL=C git checkout master
DEBUG: ran git checkout master in 
DEBUG: LC_ALL=C JX_LOG_LEVEL=error git reset --hard 5395c86c1b792fa7569cce50fbd2781787ff6aeb
DEBUG: ran git reset --hard 5395c86c1b792fa7569cce50fbd2781787ff6aeb in 
DEBUG: LC_ALL=C JX_LOG_LEVEL=error git clean -fd .
DEBUG: ran clean --force -d . in 
DEBUG: JX_LOG_LEVEL=error LC_ALL=C git merge 209c57708422246831424fcb59bae95c099dd916
DEBUG: ran git merge 209c57708422246831424fcb59bae95c099dd916 in 
DEBUG: LC_ALL=C JX_LOG_LEVEL=error git log --format=%H%x1f%an%x1f%ae%x1f%cn%x1f%ce%x1f%s%n%b%x1e 5395c86c1b792fa7569cce50fbd2781787ff6aeb..HEAD
Merged SHA 209c57708422246831424fcb59bae95c099dd916 with commit message 'ENG-2092 now creating the entando-k8s-service in the smoketest' into base branch master
Merged SHA 99d625a5f38e3a4fc82e816df331f903c0055dfa with commit message 'ENG-2092 bumped to latest controllers' into base branch master
Merged SHA 1bde6b9556fa312007cbec4e89a57c9339d8c5a0 with commit message 'ENG-2092 bumped to latest operator-common' into base branch master
Merged SHA 4edfe17792d1d25096c878cd02de7e4bc908ecd1 with commit message 'ENG-2092 bumped to latest operator-common' into base branch master
Merged SHA 0a26716c5ea80dbb607c1360e61673e7d6442f50 with commit message 'ENG-2284 fi**d waitForCompletion logic' into base branch master
Merged SHA 73402e84dc52eb7243c592d2d8a934e6f6673ab4 with commit message 'ENG-2284 reloading apps and plugins now' into base branch master
Merged SHA a58ceac71d4131ce5bbd6c8807b618a71d21de3f with commit message 'ENG-2092 bumped to latest operator-common' into base branch master
Merged SHA bd1b24fe7c5de741f737aa85b7f10846a63b1576 with commit message 'ENG-2092 more robust lazy initialization of crdnamemap' into base branch master
Merged SHA 7c3af11973c187fd3fa5d55ea7ac0b30d417fa60 with commit message 'ENG-2284 bumped to operator-common' into base branch master
Merged SHA c9ecda1f34d7076b7d121a7865d829b701d0913c with commit message 'ENG-2092 bumped operator-common' into base branch master
Merged SHA 846544e942e9fea21e7ea810a95f99295b3413e4 with commit message 'ENG-2092 checkstyle' into base branch master
Merged SHA 0c24d6176340e62152f9fd43a6a78faec6b790dc with commit message 'ENG-2284 fi**d RBAC for smoke test' into base branch master
Merged SHA 868d2bef320a5ced78125d9425bab6f2b204e8ab with commit message 'ENG-2092 suppressing Owasp until we are able to merge custom-model' into base branch master
Merged SHA c97f3c085e603bd4cbca053afcd7d2a943b0a147 with commit message 'ENG-2284 fi**d test groups' into base branch master
Merged SHA f90e23f75e50223de4328c6ef72cd97dc55bbf82 with commit message 'ENG-2284 redesigned using the spi/support pattern' into base branch master
Merged SHA b1cdf6f45fefefc66032e7e94cf4801956aeb471 with commit message 'ENG-2284 smoketest working' into base branch master
Merged SHA 38cb1dc0333526fcdf5fba5e69d2aec5a758c1c4 with commit message '#ENG-2092 initial exploratory changes' into base branch master

Showing logs for build [32mentando-k8s-entando-k8s-app-plu-m74tn-14[0m stage [32mfrom-build-pack[0m and container [32mstep-build-set-version[0m
Picked up _JAVA_OPTIONS: -XX:+UnlockExperimentalVMOptions -Dsun.zip.disableMemoryMapping=**** -XX:+UseParallelGC -XX:MinHeapFreeRatio=5 -XX:MaxHeapFreeRatio=10 -XX:GCTimeRatio=4 -XX:AdaptiveSizePolicyWeight=90 -Xms1000m -Xmx12000m
[INFO] Scanning for projects...
[INFO] 
[INFO] ---------< org.entando:entando-k8s-app-plugin-link-controller >---------
[INFO] Building Entando K8S Controller for Entando App Plugin Links 6.3.0-SNAPSHOT
[INFO] --------------------------------[ jar ]---------------------------------
[INFO] 
[INFO] --- versions-maven-plugin:2.8.1:set (default-cli) @ entando-k8s-app-plugin-link-controller ---
[INFO] Local aggregation ****: /workspace/source
[INFO] Processing change of org.entando:entando-k8s-app-plugin-link-controller:6.3.0-SNAPSHOT -> 0.0.0-SNAPSHOT-PR-15-14
[INFO] Processing org.entando:entando-k8s-app-plugin-link-controller
[INFO]     Updating project org.entando:entando-k8s-app-plugin-link-controller
[INFO]         from version 6.3.0-SNAPSHOT to 0.0.0-SNAPSHOT-PR-15-14
[INFO] 
[INFO] ------------------------------------------------------------------------
[INFO] BUILD SUCCESS
[INFO] ------------------------------------------------------------------------
[INFO] Total time:  9.297 s
[INFO] Finished at: 2021-07-09T07:58:45Z
[INFO] ------------------------------------------------------------------------

Showing logs for build [32mentando-k8s-entando-k8s-app-plu-m74tn-14[0m stage [32mfrom-build-pack[0m and container [32mstep-build-fix-git-for-sonar[0m
Switched to a new branch 'PR-15'
M	pom.xml
Deleted branch master (was 209c577).
From https://github.com/entando-k8s/entando-k8s-app-plugin-link-controller
 * [new branch]      master     -> master
 * [new tag]         v6.1.2     -> v6.1.2

Showing logs for build [32mentando-k8s-entando-k8s-app-plu-m74tn-14[0m stage [32mfrom-build-pack[0m and container [32mstep-build-mvn-verify-pr[0m
Picked up _JAVA_OPTIONS: -XX:+UnlockExperimentalVMOptions -Dsun.zip.disableMemoryMapping=**** -XX:+UseParallelGC -XX:MinHeapFreeRatio=5 -XX:MaxHeapFreeRatio=10 -XX:GCTimeRatio=4 -XX:AdaptiveSizePolicyWeight=90 -Xms1000m -Xmx12000m
[INFO] Scanning for projects...
[INFO] 
[INFO] ---------< org.entando:entando-k8s-app-plugin-link-controller >---------
[INFO] Building Entando K8S Controller for Entando App Plugin Links 0.0.0-SNAPSHOT-PR-15-14
[INFO] --------------------------------[ jar ]---------------------------------
[INFO] 
[INFO] --- maven-checkstyle-plugin:3.1.1:check (validate) @ entando-k8s-app-plugin-link-controller ---
[INFO] Starting audit...
Audit done.
[INFO] You have 0 Checkstyle violations.
[INFO] 
[INFO] --- maven-checkstyle-plugin:3.1.1:checkstyle (validate) @ entando-k8s-app-plugin-link-controller ---
[INFO] Starting audit...
Audit done.
[INFO] 
[INFO] --- jacoco-maven-plugin:0.8.7:prepare-agent (prepare-agent) @ entando-k8s-app-plugin-link-controller ---
[INFO] argLine set to -javaagent:/home/jenkins/.mvnrepository/org/jacoco/org.jacoco.agent/0.8.7/org.jacoco.agent-0.8.7-runtime.jar=destfile=/workspace/source/target/jacoco.e**c
[INFO] 
[INFO] --- maven-resources-plugin:2.6:resources (default-resources) @ entando-k8s-app-plugin-link-controller ---
[INFO] Using 'UTF-8' encoding to copy filtered resources.
[INFO] Copying 3 resources
[INFO] 
[INFO] --- maven-compiler-plugin:3.8.1:compile (default-compile) @ entando-k8s-app-plugin-link-controller ---
[INFO] Changes detected - recompiling the module!
[INFO] Compiling 11 source files to /workspace/source/target/classes
[INFO] 
[INFO] --- maven-resources-plugin:2.6:testResources (default-testResources) @ entando-k8s-app-plugin-link-controller ---
[INFO] Using 'UTF-8' encoding to copy filtered resources.
[INFO] Copying 7 resources
[INFO] 
[INFO] --- maven-compiler-plugin:3.8.1:testCompile (default-testCompile) @ entando-k8s-app-plugin-link-controller ---
[INFO] Changes detected - recompiling the module!
[INFO] Compiling 3 source files to /workspace/source/target/test-classes
[INFO] 
[INFO] --- maven-surefire-plugin:3.0.0-M1:test (default-test) @ entando-k8s-app-plugin-link-controller ---
[INFO] 
[INFO] -------------------------------------------------------
[INFO]  T E S T S
[INFO] -------------------------------------------------------
[INFO] Running org.entando.kubernetes.controller.link.LinkControllerTest
[INFO] Tests run: 2, Failures: 0, Errors: 0, Skipped: 0, Time elapsed: 5.403 s - in org.entando.kubernetes.controller.link.LinkControllerTest
[INFO] 
[INFO] Results:
[INFO] 
[INFO] Tests run: 2, Failures: 0, Errors: 0, Skipped: 0
[INFO] 
[INFO] 
[INFO] --- maven-jar-plugin:3.2.0:jar (default-jar) @ entando-k8s-app-plugin-link-controller ---
[INFO] Building jar: /workspace/source/target/entando-k8s-app-plugin-link-controller-0.0.0-SNAPSHOT-PR-15-14.jar
[INFO] 
[INFO] --- maven-jar-plugin:3.2.0:test-jar (build-test-jar) @ entando-k8s-app-plugin-link-controller ---
[INFO] Building jar: /workspace/source/target/entando-k8s-app-plugin-link-controller-0.0.0-SNAPSHOT-PR-15-14-tests.jar
[INFO] 
[INFO] --- maven-javadoc-plugin:3.2.0:jar (attach-javadocs) @ entando-k8s-app-plugin-link-controller ---
[INFO] Skipping javadoc generation
[INFO] 
[INFO] --- license-maven-plugin:2.0.0:aggregate-download-licenses (download-licenses) @ entando-k8s-app-plugin-link-controller ---
[INFO] skip flag is on, will skip goal.
[INFO] 
[INFO] --- quarkus-maven-plugin:1.13.7.Final:build (default) @ entando-k8s-app-plugin-link-controller ---
[INFO] [org.jboss.threads] JBoss Threads version 3.2.0.Final
[WARNING] [io.quarkus.deployment.steps.ReflectiveHierarchyStep] Unable to properly register the hierarchy of the following classes for reflection as they are not in the Jandex index:
	- org.entando.kubernetes.model.common.EntandoCustomResourceStatus (source: JacksonProcessor > org.entando.kubernetes.controller.spi.client.SerializedEntandoResource)
	- org.entando.kubernetes.model.common.ExpectedRole (source: JacksonProcessor > org.entando.kubernetes.controller.spi.deployable.SsoClientConfig)
	- org.entando.kubernetes.model.common.Permission (source: JacksonProcessor > org.entando.kubernetes.controller.spi.deployable.SsoClientConfig)
Consider adding them to the index either by creating a Jandex index for your dependency via the Maven plugin, an empty META-INF/beans.xml or quarkus.index-dependency properties.
[INFO] [io.quarkus.deployment.QuarkusAugmentor] Quarkus augmentation completed in 1646ms
[INFO] 
[INFO] --- maven-surefire-report-plugin:3.0.0-M4:failsafe-report-only (integration-tests) @ entando-k8s-app-plugin-link-controller ---
[INFO] 
[INFO] --- dependency-check-maven:6.1.5:aggregate (default) @ entando-k8s-app-plugin-link-controller ---
[INFO] Skipping National Vulnerability Database Report
[INFO] 
[INFO] --- jacoco-maven-plugin:0.8.7:report (report) @ entando-k8s-app-plugin-link-controller ---
[INFO] Loading e**cution data file /workspace/source/target/jacoco.e**c
[INFO] Analyzed bundle 'Entando K8S Controller for Entando App Plugin Links' with 10 classes
[INFO] 
[INFO] --- maven-surefire-report-plugin:3.0.0-M4:report-only (unit-tests) @ entando-k8s-app-plugin-link-controller ---
[WARNING] Unable to locate Test Source XRef to link to - DISABLED
[INFO] 
[INFO] --- maven-install-plugin:2.4:install (default-install) @ entando-k8s-app-plugin-link-controller ---
[INFO] Installing /workspace/source/target/entando-k8s-app-plugin-link-controller-0.0.0-SNAPSHOT-PR-15-14.jar to /home/jenkins/.mvnrepository/org/entando/entando-k8s-app-plugin-link-controller/0.0.0-SNAPSHOT-PR-15-14/entando-k8s-app-plugin-link-controller-0.0.0-SNAPSHOT-PR-15-14.jar
[INFO] Installing /workspace/source/pom.xml to /home/jenkins/.mvnrepository/org/entando/entando-k8s-app-plugin-link-controller/0.0.0-SNAPSHOT-PR-15-14/entando-k8s-app-plugin-link-controller-0.0.0-SNAPSHOT-PR-15-14.pom
[INFO] Installing /workspace/source/target/entando-k8s-app-plugin-link-controller-0.0.0-SNAPSHOT-PR-15-14-tests.jar to /home/jenkins/.mvnrepository/org/entando/entando-k8s-app-plugin-link-controller/0.0.0-SNAPSHOT-PR-15-14/entando-k8s-app-plugin-link-controller-0.0.0-SNAPSHOT-PR-15-14-tests.jar
[INFO] 
[INFO] --- maven-deploy-plugin:2.8.2:deploy (default-deploy) @ entando-k8s-app-plugin-link-controller ---
[INFO] Using alternate deployment repository local-nexus::default::http://nexus/repository/maven-releases/
[INFO] 
[INFO] ---------< org.entando:entando-k8s-app-plugin-link-controller >---------
[INFO] Building Entando K8S Controller for Entando App Plugin Links 0.0.0-SNAPSHOT-PR-15-14
[INFO] --------------------------------[ jar ]---------------------------------
[INFO] 
[INFO] --- sonar-maven-plugin:3.9.0.2155:sonar (default-cli) @ entando-k8s-app-plugin-link-controller ---
[INFO] User cache: /****/.sonar/cache
[INFO] SonarQube version: 8.8.0
[INFO] Default locale: "en_US", source code encoding: "UTF-8"
[INFO] Load global settings
[INFO] Load global settings (done) | time=217ms
[INFO] Server id: 1BD809FA-AWHW8ct9-T_TB3XqouNu
[INFO] User cache: /****/.sonar/cache
[INFO] Load/download plugins
[INFO] Load plugins index
[INFO] Load plugins index (done) | time=67ms
[INFO] Load/download plugins (done) | time=24332ms
[INFO] Loaded core extensions: developer-scanner
[INFO] Load project settings for component key: 'entando-k8s_entando-k8s-app-plugin-link-controller'
[INFO] Load project settings for component key: 'entando-k8s_entando-k8s-app-plugin-link-controller' (done) | time=39ms
[INFO] Process project properties
[INFO] E**cute project builders
[INFO] E**cute project builders (done) | time=2ms
[INFO] Project key: entando-k8s_entando-k8s-app-plugin-link-controller
[INFO] Base dir: /workspace/source
[INFO] Working dir: /workspace/source/target/sonar
[INFO] Load project branches
[INFO] Load project branches (done) | time=29ms
[INFO] Check ALM binding of project 'entando-k8s_entando-k8s-app-plugin-link-controller'
[INFO] Detected project binding: BOUND
[INFO] Check ALM binding of project 'entando-k8s_entando-k8s-app-plugin-link-controller' (done) | time=28ms
[INFO] Load project pull requests
[INFO] Load project pull requests (done) | time=40ms
[INFO] Load branch configuration
[INFO] Load branch configuration (done) | time=547ms
[INFO] Load quality profiles
[INFO] Load quality profiles (done) | time=83ms
[INFO] Load active rules
[INFO] Load active rules (done) | time=1425ms
[INFO] Organization key: entando-k8s
[INFO] Pull request 15 for merge into master from ENG-2092_fixing_ingress_logic
[INFO] SCM collecting changed files in the branch
[WARNING] Exception caught during e**cution of command '[/usr/local/git/bin/git, config, --******, --edit]' in '/usr/local/git/bin', return code '128', error message 'fatal: Invalid path '/usr/local/git/etc': No such file or directory
'
[INFO] SCM collecting changed files in the branch (done) | time=649ms
[INFO] Indexing files...
[INFO] Project configuration:
[INFO] 15 files inde**d
[INFO] 0 files ignored because of scm ignore settings
[INFO] Quality profile for java: Entando Sonar Way Java
[INFO] Quality profile for xml: Sonar way
[INFO] ------------- Run sensors on module Entando K8S Controller for Entando App Plugin Links
[INFO] Load metrics repository
[INFO] Load metrics repository (done) | time=30ms
[INFO] Sensor JavaSensor [java]
[INFO] Configured Java source version (sonar.java.source): 11
[INFO] JavaClasspath initialization
[INFO] JavaClasspath initialization (done) | time=7ms
[INFO] JavaTestClasspath initialization
[INFO] JavaTestClasspath initialization (done) | time=2ms
[INFO] Java "Main" source files AST scan
[INFO] 11 source files to be analyzed
[INFO] 11/11 source files have been analyzed
[INFO] Java "Main" source files AST scan (done) | time=4418ms
[INFO] Java "Test" source files AST scan
[INFO] 3 source files to be analyzed
[INFO] 3/3 source files have been analyzed
[INFO] Java "Test" source files AST scan (done) | time=695ms
[INFO] No "Generated" source files to scan.
[INFO] Sensor JavaSensor [java] (done) | time=5513ms
[INFO] Sensor CSS Rules [cssfamily]
[INFO] No CSS, PHP, HTML or VueJS files are found in the project. CSS analysis is skipped.
[INFO] Sensor CSS Rules [cssfamily] (done) | time=1ms
[INFO] Sensor C# Project Type Information [csharp]
[INFO] Sensor C# Project Type Information [csharp] (done) | time=2ms
[INFO] Sensor C# Properties [csharp]
[INFO] Sensor C# Properties [csharp] (done) | time=1ms
[INFO] Sensor Import of Checkstyle issues [java]
[INFO] Importing /workspace/source/target/checkstyle-result.xml
[INFO] Sensor Import of Checkstyle issues [java] (done) | time=79ms
[INFO] Sensor SurefireSensor [java]
[INFO] parsing [/workspace/source/target/surefire-reports]
[INFO] Sensor SurefireSensor [java] (done) | time=32ms
[INFO] Sensor JavaXmlSensor [java]
[INFO] 1 source file to be analyzed
[INFO] 1/1 source file has been analyzed
[INFO] Sensor JavaXmlSensor [java] (done) | time=171ms
[INFO] Sensor HTML [web]
[INFO] Sensor HTML [web] (done) | time=3ms
[INFO] Sensor XML Sensor [xml]
[INFO] 1 source file to be analyzed
[INFO] 1/1 source file has been analyzed
[INFO] Sensor XML Sensor [xml] (done) | time=134ms
[INFO] Sensor VB.NET Project Type Information [vbnet]
[INFO] Sensor VB.NET Project Type Information [vbnet] (done) | time=1ms
[INFO] Sensor VB.NET Properties [vbnet]
[INFO] Sensor VB.NET Properties [vbnet] (done) | time=1ms
[INFO] Sensor JaCoCo XML Report Importer [jacoco]
[INFO] Importing 1 report(s). Turn your logs in debug mode in order to see the exhaustive list.
[INFO] Sensor JaCoCo XML Report Importer [jacoco] (done) | time=23ms
[INFO] Sensor ThymeLeaf template sensor [securityjavafrontend]
[INFO] Sensor ThymeLeaf template sensor [securityjavafrontend] (done) | time=2ms
[INFO] Sensor Serverless configuration file sensor [securityjsfrontend]
[INFO] 0 Serverless function entries were found in the project
[INFO] 0 Serverless function handlers were kept as entrypoints
[INFO] Sensor Serverless configuration file sensor [securityjsfrontend] (done) | time=71ms
[INFO] Sensor JavaSecuritySensor [security]
[INFO] Reading type hierarchy from: /workspace/source/target/sonar/ucfg2/java
[INFO] Read 75 type definitions
[INFO] Reading UCFGs from: /workspace/source/target/sonar/ucfg2/java
[INFO] 08:00:06.547049 Building Runtime Type propagation graph
[INFO] 08:00:06.564443 Running Tarjan on 345 nodes
[INFO] 08:00:06.568374 Tarjan found 345 components
[INFO] 08:00:06.574036 Variable type analysis: done
[INFO] 08:00:06.57917 Building Runtime Type propagation graph
[INFO] 08:00:06.588657 Running Tarjan on 345 nodes
[INFO] 08:00:06.591246 Tarjan found 345 components
[INFO] 08:00:06.593876 Variable type analysis: done
[INFO] Analyzing 59 ucfgs to detect vulnerabilities.
[INFO] All rules entrypoints : 0 Retained UCFGs : 0
[INFO] rule: S5131, entrypoints: 0
[INFO] rule: S5131 done
[INFO] rule: S3649, entrypoints: 0
[INFO] rule: S3649 done
[INFO] rule: S2076, entrypoints: 0
[INFO] rule: S2076 done
[INFO] rule: S2091, entrypoints: 0
[INFO] rule: S2091 done
[INFO] rule: S2078, entrypoints: 0
[INFO] rule: S2078 done
[INFO] rule: S2631, entrypoints: 0
[INFO] rule: S2631 done
[INFO] rule: S5135, entrypoints: 0
[INFO] rule: S5135 done
[INFO] rule: S2083, entrypoints: 0
[INFO] rule: S2083 done
[INFO] rule: S5167, entrypoints: 0
[INFO] rule: S5167 done
[INFO] rule: S5144, entrypoints: 0
[INFO] rule: S5144 done
[INFO] rule: S5145, entrypoints: 0
[INFO] rule: S5145 done
[INFO] rule: S5146, entrypoints: 0
[INFO] rule: S5146 done
[INFO] rule: S5334, entrypoints: 0
[INFO] rule: S5334 done
[INFO] rule: S6096, entrypoints: 0
[INFO] rule: S6096 done
[INFO] Sensor JavaSecuritySensor [security] (done) | time=1031ms
[INFO] Sensor CSharpSecuritySensor [security]
[INFO] Reading type hierarchy from: /workspace/source/target/ucfg_cs2
[INFO] Read 0 type definitions
[INFO] Reading UCFGs from: /workspace/source/target/ucfg_cs2
[INFO] No UCFGs have been included for analysis.
[INFO] Sensor CSharpSecuritySensor [security] (done) | time=1ms
[INFO] Sensor PhpSecuritySensor [security]
[INFO] Reading type hierarchy from: /workspace/source/target/sonar/ucfg2/php
[INFO] Read 0 type definitions
[INFO] Reading UCFGs from: /workspace/source/target/sonar/ucfg2/php
[INFO] No UCFGs have been included for analysis.
[INFO] Sensor PhpSecuritySensor [security] (done) | time=0ms
[INFO] Sensor PythonSecuritySensor [security]
[INFO] Reading type hierarchy from: /workspace/source/target/sonar/ucfg2/python
[INFO] Read 0 type definitions
[INFO] Reading UCFGs from: /workspace/source/target/sonar/ucfg2/python
[INFO] No UCFGs have been included for analysis.
[INFO] Sensor PythonSecuritySensor [security] (done) | time=1ms
[INFO] Sensor JsSecuritySensor [security]
[INFO] Reading type hierarchy from: /workspace/source/target/sonar/ucfg2/js
[INFO] Read 0 type definitions
[INFO] Reading UCFGs from: /workspace/source/target/sonar/ucfg2/js
[INFO] 08:00:06.921136 Building Runtime Type propagation graph
[INFO] 08:00:06.921483 Running Tarjan on 0 nodes
[INFO] 08:00:06.921744 Tarjan found 0 components
[INFO] 08:00:06.922111 Variable type analysis: done
[INFO] 08:00:06.92232 Building Runtime Type propagation graph
[INFO] 08:00:06.922616 Running Tarjan on 0 nodes
[INFO] 08:00:06.922796 Tarjan found 0 components
[INFO] 08:00:06.922967 Variable type analysis: done
[INFO] Analyzing 1 ucfgs to detect vulnerabilities.
[INFO] rule: S5696, entrypoints: 2
[INFO] Running symbolic analysis
[INFO] rule: S5696 done
[INFO] rule: S5131, entrypoints: 2
[INFO] Running symbolic analysis
[INFO] rule: S5131 done
[INFO] rule: S3649, entrypoints: 2
[INFO] Running symbolic analysis
[INFO] rule: S3649 done
[INFO] rule: S5334, entrypoints: 2
[INFO] Running symbolic analysis
[INFO] rule: S5334 done
[INFO] rule: S5146, entrypoints: 2
[INFO] Running symbolic analysis
[INFO] rule: S5146 done
[INFO] rule: S6105, entrypoints: 2
[INFO] Running symbolic analysis
[INFO] rule: S6105 done
[INFO] rule: S5147, entrypoints: 2
[INFO] Running symbolic analysis
[INFO] rule: S5147 done
[INFO] rule: S2076, entrypoints: 2
[INFO] Running symbolic analysis
[INFO] rule: S2076 done
[INFO] rule: S2631, entrypoints: 2
[INFO] Running symbolic analysis
[INFO] rule: S2631 done
[INFO] rule: S5883, entrypoints: 2
[INFO] Running symbolic analysis
[INFO] rule: S5883 done
[INFO] rule: S5144, entrypoints: 2
[INFO] Running symbolic analysis
[INFO] rule: S5144 done
[INFO] rule: S6096, entrypoints: 2
[INFO] Running symbolic analysis
[INFO] rule: S6096 done
[INFO] rule: S2083, entrypoints: 2
[INFO] Running symbolic analysis
[INFO] rule: S2083 done
[INFO] Sensor JsSecuritySensor [security] (done) | time=822ms
[INFO] ------------- Run sensors on project
[INFO] Sensor Zero Coverage Sensor
[INFO] Sensor Zero Coverage Sensor (done) | time=1ms
[INFO] Sensor Java CPD Block Inde**r
[INFO] Sensor Java CPD Block Inde**r (done) | time=48ms
[INFO] SCM Publisher SCM provider for this project is: git
[INFO] SCM Publisher 15 source files to be analyzed
[INFO] SCM Publisher 14/15 source files have been analyzed (done) | time=241ms
[WARNING] Missing blame information for the following files:
[WARNING]   * pom.xml
[WARNING] This may lead to missing/broken features in SonarCloud
[INFO] CPD E**cutor 5 files had no CPD blocks
[INFO] CPD E**cutor Calculating CPD for 6 files
[INFO] CPD E**cutor CPD calculation finished (done) | time=19ms
[INFO] SCM writing changed lines
[INFO] SCM writing changed lines (done) | time=101ms
[INFO] Analysis report generated in 309ms, dir size=281 KB
[INFO] Analysis report compressed in 44ms, zip size=85 KB
[INFO] Analysis report uploaded in 114ms
[INFO] ANALYSIS SUCCESSFUL, you can find the results at: https://sonarcloud.io/dashboard?id=entando-k8s_entando-k8s-app-plugin-link-controller&pullRequest=15
[INFO] Note that you will be able to access the updated dashboard once the server has processed the submitted analysis report
[INFO] More about the report processing at https://sonarcloud.io/api/ce/task?id=AXqKR_EtnGObQy0R91Eo
[INFO] Analysis total time: 15.109 s
[INFO] ------------------------------------------------------------------------
[INFO] BUILD SUCCESS
[INFO] ------------------------------------------------------------------------
[INFO] Total time:  01:17 min
[INFO] Finished at: 2021-07-09T08:00:08Z
[INFO] ------------------------------------------------------------------------
Picked up _JAVA_OPTIONS: -XX:+UnlockExperimentalVMOptions -Dsun.zip.disableMemoryMapping=**** -XX:+UseParallelGC -XX:MinHeapFreeRatio=5 -XX:MaxHeapFreeRatio=10 -XX:GCTimeRatio=4 -XX:AdaptiveSizePolicyWeight=90 -Xms1000m -Xmx12000m
[INFO] Scanning for projects...
[INFO] 
[INFO] ---------< org.entando:entando-k8s-app-plugin-link-controller >---------
[INFO] Building Entando K8S Controller for Entando App Plugin Links 0.0.0-SNAPSHOT-PR-15-14
[INFO] --------------------------------[ jar ]---------------------------------
[INFO] 
[INFO] --- maven-site-plugin:3.9.0:site (default-site) @ entando-k8s-app-plugin-link-controller ---
[INFO] configuring report plugin org.apache.maven.plugins:maven-project-info-reports-plugin:3.0.0
[INFO] 9 reports configured for maven-project-info-reports-plugin:3.0.0: dependency-info, distribution-management, index, ci-management, issue-management, licenses, plugins, scm, summary
[INFO] Rendering site with default locale English (en)
[WARNING] Unable to find a URL to the parent project. The parent menu will NOT be added.
[INFO] Relativizing decoration links with respect to localized project URL: https://central.entando.com
[INFO] Rendering content with org.apache.maven.skins:maven-default-skin:jar:1.3 skin.
[INFO] Generating "Dependency Information" report --- maven-project-info-reports-plugin:3.0.0:dependency-info
[INFO] Generating "About" report         --- maven-project-info-reports-plugin:3.0.0:index
[INFO] Generating "Issue Management" report --- maven-project-info-reports-plugin:3.0.0:issue-management
[INFO] Generating "Licenses" report      --- maven-project-info-reports-plugin:3.0.0:licenses
[INFO] Generating "Plugins" report       --- maven-project-info-reports-plugin:3.0.0:plugins
[INFO] Generating "Source Code Management" report --- maven-project-info-reports-plugin:3.0.0:scm
[INFO] Generating "Summary" report       --- maven-project-info-reports-plugin:3.0.0:summary
[INFO] 
[INFO] --- allure-maven:2.10.0:report (default) @ entando-k8s-app-plugin-link-controller ---
[INFO] Allure installation directory /workspace/source/.allure
[INFO] Try to finding out allure 2.14.0
[INFO] Downloading allure commandline...
[INFO] Proxy is not specified.
[INFO] Downloading allure commandline complete
[INFO] Generate Allure report (report) with version 2.14.0
[INFO] Generate Allure report to /workspace/source/target/site/allure-reports
[INFO] Found results directory /workspace/source/target/allure-results
[INFO] Can't find information about categories.
[INFO] Generate report to /workspace/source/target/site/allure-reports
Picked up _JAVA_OPTIONS: -XX:+UnlockExperimentalVMOptions -Dsun.zip.disableMemoryMapping=**** -XX:+UseParallelGC -XX:MinHeapFreeRatio=5 -XX:MaxHeapFreeRatio=10 -XX:GCTimeRatio=4 -XX:AdaptiveSizePolicyWeight=90 -Xms1000m -Xmx12000m
Report successfully generated to /workspace/source/target/site/allure-reports
[INFO] Report generated successfully.
[INFO] ------------------------------------------------------------------------
[INFO] BUILD SUCCESS
[INFO] ------------------------------------------------------------------------
[INFO] Total time:  19.266 s
[INFO] Finished at: 2021-07-09T08:00:29Z
[INFO] ------------------------------------------------------------------------
Congratulations! No build failures found for entando-k8s-app-plugin-link-controller-PR-15.

Showing logs for build [32mentando-k8s-entando-k8s-app-plu-m74tn-14[0m stage [32mfrom-build-pack[0m and container [32mstep-build-container-build[0m
Generating tags...
 - entando/entando-k8s-app-plugin-link-controller -> *********/entando/entando-k8s-app-plugin-link-controller:0.0.0-SNAPSHOT-PR-15-14
Checking cache...
 - entando/entando-k8s-app-plugin-link-controller: Not found. Building
Building [entando/entando-k8s-app-plugin-link-controller]...
Sending build context to Docker daemon    535kBSending build context to Docker daemon  785.4kB
Step 1/10 : FROM entando/entando-k8s-operator-common:0.0.0-SNAPSHOT-PR-61-4
 ---> 99811fb7b8db
Step 2/10 : ARG VERSION
 ---> Using cache
 ---> 6d3d3093e124
Step 3/10 : LABEL name "Entando K8S App Plugin Link Controller" vendor "Entando" version "v${VERSION}" release "6" summary "This container processes the EntandoAppPluginLink custom resource and linkes the specified EntandoPlugin to the EntandoApp." description "This is a run-to-completion container. It processes new EntandoAppPluginLink Custom                    Resources and creates an ingress path for  the specified EntandoPlugin service on the                    ingress of the EntandoApp specified. It then assigns the entandoApp Keycloak role to the                    EntandoApp on the Keycloak Client of the Entando Plugin.                    Subsequent e**cutions of this container against the same EntandoAppPluginLink will patch the existing                    deployment resources"
 ---> Using cache
 ---> 2a6dd9bfe7ff
Step 4/10 : ENV JAVA_OPTIONS "-Djava.util.logging.manager=org.jboss.logmanager.LogManager"
 ---> Using cache
 ---> adcc637e438a
Step 5/10 : ENV AB_ENABLED jmx_exporter
 ---> Using cache
 ---> bea7897ff61d
Step 6/10 : COPY target/quarkus-app/lib/main/org.entando.*.jar /deployments/lib/main/
 ---> Using cache
 ---> 0fd47414e334
Step 7/10 : COPY target/quarkus-app/*.* /deployments/
 ---> 74d8e513bf18
Step 8/10 : COPY target/quarkus-app/app/ /deployments/app/
 ---> ff18c53ea66d
Step 9/10 : COPY target/quarkus-app/quarkus/ /deployments/quarkus/
 ---> 90534b5718d7
Step 10/10 : ENTRYPOINT /deployments/run-java.sh
 ---> Running in 51d7141a131b
 ---> 1d12ea82ca3b
Successfully built 1d12ea82ca3b
The push refers to a repository [*********/entando/entando-k8s-app-plugin-link-controller]
fed144df450c: Preparing
fe69e7a2f1e2: Preparing
4e4f985517b6: Preparing
09806ce0905e: Preparing
9bc5f85dd367: Preparing
3ece04899a64: Preparing
17c039647ba9: Preparing
c090f7cd16e6: Preparing
b3b6627f7339: Preparing
c0df90db61d1: Preparing
c090f7cd16e6: Waiting
3ece04899a64: Waiting
17c039647ba9: Waiting
b3b6627f7339: Waiting
09806ce0905e: Layer already exists
9bc5f85dd367: Layer already exists
3ece04899a64: Layer already exists
17c039647ba9: Layer already exists
c090f7cd16e6: Layer already exists
b3b6627f7339: Layer already exists
c0df90db61d1: Layer already exists
4e4f985517b6: Pushed
fe69e7a2f1e2: Pushed
fed144df450c: Pushed
0.0.0-SNAPSHOT-PR-15-14: digest: sha256:e776a083d0b570696f483de90b1f17877db79b71cc29af504350d56d8e3fb7c8 size: 2421
There is a new version (1.27.0) of Skaffold available. Download it at https://storage.googleapis.com/skaffold/releases/latest/skaffold-linux-amd64


Showing logs for build [32mentando-k8s-entando-k8s-app-plu-m74tn-14[0m stage [32mfrom-build-pack[0m and container [32mstep-postbuild-post-build[0m
no CVE provider running in the current ** namespace so skip adding image to be analysed

Showing logs for build [32mentando-k8s-entando-k8s-app-plu-m74tn-14[0m stage [32mfrom-build-pack[0m and container [32mstep-promote-make-preview[0m
Creating /tekton/home/.helm 
Creating /tekton/home/.helm/repository 
Creating /tekton/home/.helm/repository/cache 
Creating /tekton/home/.helm/repository/local 
Creating /tekton/home/.helm/plugins 
Creating /tekton/home/.helm/starters 
Creating /tekton/home/.helm/cache/archive 
Creating /tekton/home/.helm/repository/repositories.yaml 
Adding stable repo with URL: https://charts.helm.sh/stable 
Adding local repo with URL: http://127.0.0.1:8879/charts 
$HELM_HOME has been configured at /tekton/home/.helm.
Not installing Tiller due to 'client-only' flag having been set
sed -i -e "s/version:.*/version: 0.0.0-SNAPSHOT-PR-15-14/" Chart.yaml
sed -i -e "s/version:.*/version: 0.0.0-SNAPSHOT-PR-15-14/" ../*/Chart.yaml
sed -i -e "s|repository:.*|repository: *********\/entando\/entando-k8s-keycloak-controller|" values.yaml
sed -i -e "s/tag:.*/tag: 0.0.0-SNAPSHOT-PR-15-14/" values.yaml
echo "  version: 0.0.0-SNAPSHOT-PR-15-14" >> requirements.yaml
** step helm build
WARNING: No $CHART_REPOSITORY defined so using the default value of: http://jenkins-x-chartmuseum:8080
Adding missing Helm repo: storage.googleapis.com https://storage.googleapis.com/chartmuseum.jenkins-x.io
Successfully added Helm repository storage.googleapis.com.
Adding missing Helm repo: jenkins-x-chartmuseum http://jenkins-x-chartmuseum:8080
Successfully added Helm repository jenkins-x-chartmuseum.
WARNING: No $CHART_REPOSITORY defined so using the default value of: http://jenkins-x-chartmuseum:8080

Showing logs for build [32mentando-k8s-entando-k8s-app-plu-m74tn-14[0m stage [32mfrom-build-pack[0m and container [32mstep-promote-jx-preview[0m
Creating a preview
Found commit author match for: ampie with email address: ampie.private@gmail.com
expose:
  Annotations:
    helm.sh/hook: post-install,post-upgrade
    helm.sh/hook-delete-policy: hook-succeeded
  config:
    domain: *************
    exposer: Ingress
    http: "****"
preview:
  image:
    repository: *********/entando/entando-k8s-app-plugin-link-controller
    tag: 0.0.0-SNAPSHOT-PR-15-14

WARNING: Could not find the service URL in namespace entando-k8s-app-plugin-link-controller-lcpr15 for names : Timed out after 1m0s, last error: %!s(<nil>)
Updating PipelineActivities entando-k8s-entando-k8s-app-plugin-link-controller-pr-15-14 which has status Running
WARNING: Failed to find the service entando-k8s-app-plugin-link-controller : failed to find service entando-k8s-app-plugin-link-controller in namespace entando-k8s-app-plugin-link-controller-lcpr15: services "entando-k8s-app-plugin-link-controller" not found

Showing logs for build [32mentando-k8s-entando-k8s-app-plu-m74tn-14[0m stage [32mfrom-build-pack[0m and container [32mstep-promote-run-post-deployment-tests[0m
Picked up _JAVA_OPTIONS: -XX:+UnlockExperimentalVMOptions -Dsun.zip.disableMemoryMapping=**** -XX:+UseParallelGC -XX:MinHeapFreeRatio=5 -XX:MaxHeapFreeRatio=10 -XX:GCTimeRatio=4 -XX:AdaptiveSizePolicyWeight=90 -Xms1000m -Xmx12000m
[INFO] Scanning for projects...
[INFO] 
[INFO] ---------< org.entando:entando-k8s-app-plugin-link-controller >---------
[INFO] Building Entando K8S Controller for Entando App Plugin Links 0.0.0-SNAPSHOT-PR-15-14
[INFO] --------------------------------[ jar ]---------------------------------
[INFO] 
[INFO] --- maven-resources-plugin:2.6:resources (default-resources) @ entando-k8s-app-plugin-link-controller ---
[INFO] Using 'UTF-8' encoding to copy filtered resources.
[INFO] Copying 3 resources
[INFO] 
[INFO] --- maven-compiler-plugin:3.8.1:compile (default-compile) @ entando-k8s-app-plugin-link-controller ---
[INFO] Nothing to compile - all classes are up to date
[INFO] 
[INFO] --- maven-resources-plugin:2.6:testResources (default-testResources) @ entando-k8s-app-plugin-link-controller ---
[INFO] Using 'UTF-8' encoding to copy filtered resources.
[INFO] Copying 7 resources
[INFO] 
[INFO] --- maven-compiler-plugin:3.8.1:testCompile (default-testCompile) @ entando-k8s-app-plugin-link-controller ---
[INFO] Nothing to compile - all classes are up to date
[INFO] 
[INFO] --- maven-surefire-plugin:3.0.0-M1:test (default-test) @ entando-k8s-app-plugin-link-controller ---
[INFO] Tests are skipped.
[INFO] 
[INFO] --- maven-jar-plugin:3.2.0:jar (default-jar) @ entando-k8s-app-plugin-link-controller ---
[INFO] 
[INFO] --- maven-jar-plugin:3.2.0:test-jar (build-test-jar) @ entando-k8s-app-plugin-link-controller ---
[INFO] 
[INFO] --- maven-failsafe-plugin:3.0.0-M4:integration-test (run-tests) @ entando-k8s-app-plugin-link-controller ---
[INFO] 
[INFO] -------------------------------------------------------
[INFO]  T E S T S
[INFO] -------------------------------------------------------
[INFO] Running org.entando.kubernetes.controller.link.LinkControllerSmokeTest
Jul 09, 2021 8:02:44 AM org.entando.kubernetes.controller.support.client.impl.integrationtesthelpers.DeletionWaiter lambda$deleteSingleItem$2
WARNING: Deleting deployments  entando-k8s-app-plugin-link-controller-lcpr15/my-plugin-lcpr15-deployment to zero
Jul 09, 2021 8:02:45 AM org.entando.kubernetes.controller.support.client.impl.integrationtesthelpers.DeletionWaiter lambda$deleteSingleItem$2
WARNING: Deleting deployments  entando-k8s-app-plugin-link-controller-lcpr15/my-plugin-lcpr15-deployment
Jul 09, 2021 8:02:45 AM org.entando.kubernetes.controller.support.client.impl.integrationtesthelpers.DeletionWaiter lambda$deleteSingleItem$2
WARNING: Deleting pods  entando-k8s-app-plugin-link-controller-lcpr15/my-plugin-lcpr15-deployer-4443
Jul 09, 2021 8:02:45 AM org.entando.kubernetes.controller.support.client.impl.integrationtesthelpers.DeletionWaiter lambda$deleteSingleItem$2
WARNING: Deleting pods  entando-k8s-app-plugin-link-controller-lcpr15/my-plugin-lcpr15-deployment-55665cbc6b-v6btx
Jul 09, 2021 8:02:46 AM org.entando.kubernetes.controller.support.client.impl.integrationtesthelpers.DeletionWaiter lambda$deleteSingleItem$2
WARNING: Deleting deployments  entando-k8s-app-plugin-link-controller-lcpr15/my-app-lcpr15-ab-deployment to zero
Jul 09, 2021 8:02:46 AM org.entando.kubernetes.controller.support.client.impl.integrationtesthelpers.DeletionWaiter lambda$deleteSingleItem$2
WARNING: Deleting deployments  entando-k8s-app-plugin-link-controller-lcpr15/my-app-lcpr15-ab-deployment
Jul 09, 2021 8:02:46 AM org.entando.kubernetes.controller.support.client.impl.integrationtesthelpers.DeletionWaiter lambda$deleteSingleItem$2
WARNING: Deleting deployments  entando-k8s-app-plugin-link-controller-lcpr15/my-app-lcpr15-deployment to zero
Jul 09, 2021 8:02:46 AM org.entando.kubernetes.controller.support.client.impl.integrationtesthelpers.DeletionWaiter lambda$deleteSingleItem$2
WARNING: Deleting deployments  entando-k8s-app-plugin-link-controller-lcpr15/my-app-lcpr15-deployment
Jul 09, 2021 8:02:47 AM org.entando.kubernetes.controller.support.client.impl.integrationtesthelpers.DeletionWaiter lambda$deleteSingleItem$2
WARNING: Deleting pods  entando-k8s-app-plugin-link-controller-lcpr15/my-app-lcpr15-ab-deployment-6c6f79f496-pf5rq
Jul 09, 2021 8:02:47 AM org.entando.kubernetes.controller.support.client.impl.integrationtesthelpers.DeletionWaiter lambda$deleteSingleItem$2
WARNING: Deleting pods  entando-k8s-app-plugin-link-controller-lcpr15/my-app-lcpr15-deployer-0029
Jul 09, 2021 8:02:47 AM org.entando.kubernetes.controller.support.client.impl.integrationtesthelpers.DeletionWaiter lambda$deleteSingleItem$2
WARNING: Deleting pods  entando-k8s-app-plugin-link-controller-lcpr15/my-app-lcpr15-deployment-5fc9c796f6-zrgvs
Jul 09, 2021 8:02:48 AM org.entando.kubernetes.controller.support.client.impl.integrationtesthelpers.DeletionWaiter lambda$deleteSingleItem$2
WARNING: Deleting pods  entando-k8s-app-plugin-link-controller-lcpr15/my-link-deployer-3765
Jul 09, 2021 8:02:48 AM org.entando.kubernetes.controller.support.client.ServiceClient createOrReplaceService
INFO: Entering method createOrReplaceService in class org.entando.kubernetes.controller.support.client.ServiceClient with TestResource: entando-k8s-app-plugin-link-controller-lcpr15/ingored and with Service: entando-k8s-app-plugin-link-controller-lcpr15/entando-k8s-service
Jul 09, 2021 8:02:48 AM org.entando.kubernetes.controller.support.client.ServiceClient createOrReplaceService
INFO: Exiting method createOrReplaceService in class org.entando.kubernetes.controller.support.client.ServiceClient
Jul 09, 2021 8:02:49 AM org.entando.kubernetes.controller.support.client.SecretClient createSecretIfAbsent
INFO: Entering method createSecretIfAbsent in class org.entando.kubernetes.controller.support.client.SecretClient with ProvidedCapability: entando-k8s-app-plugin-link-controller-lcpr15/default-sso-in-namespace and with Secret: entando-k8s-app-plugin-link-controller-lcpr15/default-sso-in-namespace-*****-secret
Jul 09, 2021 8:02:49 AM org.entando.kubernetes.controller.support.client.SecretClient createSecretIfAbsent
INFO: Exiting method createSecretIfAbsent in class org.entando.kubernetes.controller.support.client.SecretClient
Jul 09, 2021 8:02:49 AM org.entando.kubernetes.controller.spi.client.KubernetesClientForControllers createOrPatchEntandoResource
INFO: Entering method createOrPatchEntandoResource in class org.entando.kubernetes.controller.spi.client.KubernetesClientForControllers with ProvidedCapability: entando-k8s-app-plugin-link-controller-lcpr15/default-sso-in-namespace
Jul 09, 2021 8:02:49 AM org.entando.kubernetes.controller.spi.client.KubernetesClientForControllers createOrPatchEntandoResource
INFO: Exiting method createOrPatchEntandoResource in class org.entando.kubernetes.controller.spi.client.KubernetesClientForControllers
Jul 09, 2021 8:02:49 AM org.entando.kubernetes.controller.spi.client.KubernetesClientForControllers getNamespace
INFO: Entering method getNamespace in class org.entando.kubernetes.controller.spi.client.KubernetesClientForControllers
Jul 09, 2021 8:02:49 AM org.entando.kubernetes.controller.spi.client.KubernetesClientForControllers getNamespace
INFO: Exiting method getNamespace in class org.entando.kubernetes.controller.spi.client.KubernetesClientForControllers
Jul 09, 2021 8:02:49 AM org.entando.kubernetes.controller.spi.client.KubernetesClientForControllers updateStatus
INFO: Entering method updateStatus in class org.entando.kubernetes.controller.spi.client.KubernetesClientForControllers with ProvidedCapability: entando-k8s-app-plugin-link-controller-lcpr15/default-sso-in-namespace
Jul 09, 2021 8:02:49 AM org.entando.kubernetes.controller.spi.client.KubernetesClientForControllers updateStatus
INFO: Exiting method updateStatus in class org.entando.kubernetes.controller.spi.client.KubernetesClientForControllers
Jul 09, 2021 8:02:49 AM org.entando.kubernetes.controller.spi.client.KubernetesClientForControllers updatePhase
INFO: Entering method updatePhase in class org.entando.kubernetes.controller.spi.client.KubernetesClientForControllers with ProvidedCapability: entando-k8s-app-plugin-link-controller-lcpr15/default-sso-in-namespace
Jul 09, 2021 8:02:49 AM org.entando.kubernetes.controller.spi.client.KubernetesClientForControllers updatePhase
INFO: Exiting method updatePhase in class org.entando.kubernetes.controller.spi.client.KubernetesClientForControllers
Jul 09, 2021 8:02:49 AM org.entando.kubernetes.controller.spi.client.KubernetesClientForControllers createOrPatchEntandoResource
INFO: Entering method createOrPatchEntandoResource in class org.entando.kubernetes.controller.spi.client.KubernetesClientForControllers with EntandoApp: entando-k8s-app-plugin-link-controller-lcpr15/my-app-lcpr15
Jul 09, 2021 8:02:49 AM org.entando.kubernetes.controller.spi.client.KubernetesClientForControllers createOrPatchEntandoResource
INFO: Exiting method createOrPatchEntandoResource in class org.entando.kubernetes.controller.spi.client.KubernetesClientForControllers
Jul 09, 2021 8:02:49 AM org.entando.kubernetes.controller.spi.client.KubernetesClientForControllers loadCustomResource
INFO: Entering method loadCustomResource in class org.entando.kubernetes.controller.spi.client.KubernetesClientForControllers with entando.org/v1,EntandoApp,entando-k8s-app-plugin-link-controller-lcpr15,my-app-lcpr15
Jul 09, 2021 8:02:49 AM org.entando.kubernetes.controller.spi.client.KubernetesClientForControllers loadCustomResource
INFO: Exiting method loadCustomResource in class org.entando.kubernetes.controller.spi.client.KubernetesClientForControllers
Jul 09, 2021 8:02:49 AM org.entando.kubernetes.controller.support.client.EntandoResourceClient loadDockerImageInfoConfigMap
INFO: Entering method loadDockerImageInfoConfigMap in class org.entando.kubernetes.controller.support.client.EntandoResourceClient
Jul 09, 2021 8:02:49 AM org.entando.kubernetes.controller.support.client.EntandoResourceClient loadDockerImageInfoConfigMap
INFO: Exiting method loadDockerImageInfoConfigMap in class org.entando.kubernetes.controller.support.client.EntandoResourceClient
Jul 09, 2021 8:02:49 AM org.entando.kubernetes.controller.support.client.PodClient removeAndWait
INFO: Entering method removeAndWait in class org.entando.kubernetes.controller.support.client.PodClient with entando-k8s-app-plugin-link-controller-lcpr15,{entando.org/entando-resource-namespace=entando-k8s-app-plugin-link-controller-lcpr15, entando.org/entando-resource-kind=EntandoApp, EntandoApp=my-app-lcpr15},120
Jul 09, 2021 8:02:49 AM org.entando.kubernetes.controller.spi.client.KubernetesClientForControllers createOrPatchEntandoResource
INFO: Entering method createOrPatchEntandoResource in class org.entando.kubernetes.controller.spi.client.KubernetesClientForControllers with EntandoPlugin: entando-k8s-app-plugin-link-controller-lcpr15/my-plugin-lcpr15
Jul 09, 2021 8:02:49 AM org.entando.kubernetes.controller.support.client.PodClient removeAndWait
INFO: Exiting method removeAndWait in class org.entando.kubernetes.controller.support.client.PodClient
Jul 09, 2021 8:02:49 AM org.entando.kubernetes.controller.spi.client.KubernetesClientForControllers createOrPatchEntandoResource
INFO: Exiting method createOrPatchEntandoResource in class org.entando.kubernetes.controller.spi.client.KubernetesClientForControllers
Jul 09, 2021 8:02:49 AM org.entando.kubernetes.controller.support.client.EntandoResourceClient loadDockerImageInfoConfigMap
INFO: Entering method loadDockerImageInfoConfigMap in class org.entando.kubernetes.controller.support.client.EntandoResourceClient
Jul 09, 2021 8:02:49 AM org.entando.kubernetes.controller.support.client.EntandoResourceClient loadDockerImageInfoConfigMap
INFO: Exiting method loadDockerImageInfoConfigMap in class org.entando.kubernetes.controller.support.client.EntandoResourceClient
Jul 09, 2021 8:02:49 AM org.entando.kubernetes.controller.support.client.PodClient removeAndWait
INFO: Entering method removeAndWait in class org.entando.kubernetes.controller.support.client.PodClient with entando-k8s-app-plugin-link-controller-lcpr15,{entando.org/entando-resource-namespace=entando-k8s-app-plugin-link-controller-lcpr15, entando.org/entando-resource-kind=EntandoPlugin, EntandoPlugin=my-plugin-lcpr15},120
Jul 09, 2021 8:02:49 AM org.entando.kubernetes.controller.support.client.PodClient removeAndWait
INFO: Exiting method removeAndWait in class org.entando.kubernetes.controller.support.client.PodClient
Jul 09, 2021 8:02:49 AM org.entando.kubernetes.controller.spi.client.KubernetesClientForControllers createOrPatchEntandoResource
INFO: Entering method createOrPatchEntandoResource in class org.entando.kubernetes.controller.spi.client.KubernetesClientForControllers with EntandoAppPluginLink: entando-k8s-app-plugin-link-controller-lcpr15/my-link
Jul 09, 2021 8:02:49 AM org.entando.kubernetes.controller.spi.client.KubernetesClientForControllers createOrPatchEntandoResource
INFO: Exiting method createOrPatchEntandoResource in class org.entando.kubernetes.controller.spi.client.KubernetesClientForControllers
Jul 09, 2021 8:02:49 AM org.entando.kubernetes.controller.support.client.EntandoResourceClient loadDockerImageInfoConfigMap
INFO: Entering method loadDockerImageInfoConfigMap in class org.entando.kubernetes.controller.support.client.EntandoResourceClient
Jul 09, 2021 8:02:49 AM org.entando.kubernetes.controller.support.client.EntandoResourceClient loadDockerImageInfoConfigMap
INFO: Exiting method loadDockerImageInfoConfigMap in class org.entando.kubernetes.controller.support.client.EntandoResourceClient
waiting....
Jul 09, 2021 8:02:49 AM org.entando.kubernetes.controller.support.client.PodClient removeAndWait
INFO: Entering method removeAndWait in class org.entando.kubernetes.controller.support.client.PodClient with entando-k8s-app-plugin-link-controller-lcpr15,{EntandoAppPluginLink=my-link, entando.org/entando-resource-namespace=entando-k8s-app-plugin-link-controller-lcpr15, entando.org/entando-resource-kind=EntandoAppPluginLink},120
Jul 09, 2021 8:02:49 AM org.entando.kubernetes.controller.support.client.PodClient removeAndWait
INFO: Exiting method removeAndWait in class org.entando.kubernetes.controller.support.client.PodClient
Jul 09, 2021 8:02:50 AM org.entando.kubernetes.controller.support.client.PodClient runToCompletion
INFO: Entering method runToCompletion in class org.entando.kubernetes.controller.support.client.PodClient with Pod: entando-k8s-app-plugin-link-controller-lcpr15/my-app-lcpr15-deployer-6724
Jul 09, 2021 8:02:50 AM org.entando.kubernetes.controller.support.client.PodClient runToCompletion
INFO: Entering method runToCompletion in class org.entando.kubernetes.controller.support.client.PodClient with Pod: entando-k8s-app-plugin-link-controller-lcpr15/my-link-deployer-3961
Jul 09, 2021 8:02:50 AM org.entando.kubernetes.controller.support.client.PodClient runToCompletion
INFO: Entering method runToCompletion in class org.entando.kubernetes.controller.support.client.PodClient with Pod: entando-k8s-app-plugin-link-controller-lcpr15/my-plugin-lcpr15-deployer-6554
Jul 09, 2021 8:04:18 AM org.entando.kubernetes.controller.support.client.PodClient runToCompletion
INFO: Exiting method runToCompletion in class org.entando.kubernetes.controller.support.client.PodClient
Jul 09, 2021 8:05:19 AM org.entando.kubernetes.controller.support.client.PodClient runToCompletion
INFO: Exiting method runToCompletion in class org.entando.kubernetes.controller.support.client.PodClient
completed
Jul 09, 2021 8:05:20 AM org.entando.kubernetes.controller.support.client.PodClient runToCompletion
INFO: Exiting method runToCompletion in class org.entando.kubernetes.controller.support.client.PodClient
503:Service Unavailable
503:Service Unavailable
503:Service Unavailable
503:Service Unavailable
503:Service Unavailable
503:Service Unavailable
503:Service Unavailable
503:Service Unavailable
503:Service Unavailable
503:Service Unavailable
503:Service Unavailable
503:Service Unavailable
503:Service Unavailable
200:OK
200:OK
200:OK
200:OK
[INFO] Tests run: 1, Failures: 0, Errors: 0, Skipped: 0, Time elapsed: 160.15 s - in org.entando.kubernetes.controller.link.LinkControllerSmokeTest
[INFO] 
[INFO] Results:
[INFO] 
[INFO] Tests run: 1, Failures: 0, Errors: 0, Skipped: 0
[INFO] 
[INFO] 
[INFO] --- maven-surefire-report-plugin:3.0.0-M4:failsafe-report-only (integration-tests) @ entando-k8s-app-plugin-link-controller ---
[WARNING] Unable to locate Test Source XRef to link to - DISABLED
[INFO] 
[INFO] --- maven-surefire-report-plugin:3.0.0-M4:report-only (unit-tests) @ entando-k8s-app-plugin-link-controller ---
[WARNING] Unable to locate Test Source XRef to link to - DISABLED
[INFO] 
[INFO] --- maven-failsafe-plugin:3.0.0-M4:verify (run-tests) @ entando-k8s-app-plugin-link-controller ---
[INFO] 
[INFO] --- maven-site-plugin:3.9.0:site (default-site) @ entando-k8s-app-plugin-link-controller ---
[INFO] configuring report plugin org.apache.maven.plugins:maven-project-info-reports-plugin:3.0.0
[INFO] 9 reports configured for maven-project-info-reports-plugin:3.0.0: dependency-info, distribution-management, index, ci-management, issue-management, licenses, plugins, scm, summary
[INFO] Rendering site with default locale English (en)
[WARNING] Unable to find a URL to the parent project. The parent menu will NOT be added.
[INFO] Relativizing decoration links with respect to localized project URL: https://central.entando.com
[INFO] Rendering content with org.apache.maven.skins:maven-default-skin:jar:1.3 skin.
[INFO] Generating "Dependency Information" report --- maven-project-info-reports-plugin:3.0.0:dependency-info
[INFO] Generating "About" report         --- maven-project-info-reports-plugin:3.0.0:index
[INFO] Generating "Issue Management" report --- maven-project-info-reports-plugin:3.0.0:issue-management
[INFO] Generating "Licenses" report      --- maven-project-info-reports-plugin:3.0.0:licenses
[INFO] Generating "Plugins" report       --- maven-project-info-reports-plugin:3.0.0:plugins
[INFO] Generating "Source Code Management" report --- maven-project-info-reports-plugin:3.0.0:scm
[INFO] Generating "Summary" report       --- maven-project-info-reports-plugin:3.0.0:summary
[INFO] 
[INFO] --- allure-maven:2.10.0:report (default) @ entando-k8s-app-plugin-link-controller ---
[INFO] Allure installation directory /workspace/source/.allure
[INFO] Try to finding out allure 2.14.0
[INFO] Generate Allure report (report) with version 2.14.0
[INFO] Generate Allure report to /workspace/source/target/site/allure-smoke-reports
[INFO] Found results directory /workspace/source/target/allure-smoke-results
[INFO] Can't find information about categories.
[INFO] Generate report to /workspace/source/target/site/allure-smoke-reports
Picked up _JAVA_OPTIONS: -XX:+UnlockExperimentalVMOptions -Dsun.zip.disableMemoryMapping=**** -XX:+UseParallelGC -XX:MinHeapFreeRatio=5 -XX:MaxHeapFreeRatio=10 -XX:GCTimeRatio=4 -XX:AdaptiveSizePolicyWeight=90 -Xms1000m -Xmx12000m
Report successfully generated to /workspace/source/target/site/allure-smoke-reports
[INFO] Report generated successfully.
[INFO] ------------------------------------------------------------------------
[INFO] BUILD SUCCESS
[INFO] ------------------------------------------------------------------------
[INFO] Total time:  02:56 min
[INFO] Finished at: 2021-07-09T08:05:31Z
[INFO] ------------------------------------------------------------------------
