
Showing logs for build [32mentando-k8s-entando-k8s-plugin-24dcz-1[0m stage [32mfrom-build-pack[0m and container [32mcredential-initializer[0m
Unable to retrieve container logs for docker://e04b2ace2b91f773b56a7fd6c1e31e7f71a66ee0a83d0275bfdecca9481a5f53

Showing logs for build [32mentando-k8s-entando-k8s-plugin-24dcz-1[0m stage [32mfrom-build-pack[0m and container [32mworking-dir-initializer[0m
Unable to retrieve container logs for docker://1af7fe93d2bdf367a0142aa2d1dd76313a25f603a961ba66cfbc680aeb151e09

Showing logs for build [32mentando-k8s-entando-k8s-plugin-24dcz-1[0m stage [32mfrom-build-pack[0m and container [32mplace-tools[0m
Unable to retrieve container logs for docker://ae7dd818937fc317cf4ea04b476ae91a1cffa809fa31e641116771d758afcc7e

Showing logs for build [32mentando-k8s-entando-k8s-plugin-24dcz-1[0m stage [32mfrom-build-pack[0m and container [32mstep-git-source-entando-k8s-entando-k8s-plugin-24dcz-ndmz2[0m
Unable to retrieve container logs for docker://e47481130e4f477d89ed16b982c8320e7ec3c1b66267c829688a78f4bb313e74

Showing logs for build [32mentando-k8s-entando-k8s-plugin-24dcz-1[0m stage [32mfrom-build-pack[0m and container [32mstep-setup-builder-home[0m
Unable to retrieve container logs for docker://b7fe92a0543f6e54cf40aa82fe44ec2d75edcf1b3b52947bb61b3904de05943f

Showing logs for build [32mentando-k8s-entando-k8s-plugin-24dcz-1[0m stage [32mfrom-build-pack[0m and container [32mstep-git-merge[0m
Unable to retrieve container logs for docker://3283108cdd44c559d813c08d9079c13565a61ffe6ee78450038a8223db11c430

Showing logs for build [32mentando-k8s-entando-k8s-plugin-24dcz-1[0m stage [32mfrom-build-pack[0m and container [32mstep-build-set-version[0m
Unable to retrieve container logs for docker://8844254ec27a86144c8463982a4e380e158fa42b32a09f3505f3ed3d864d4438

Showing logs for build [32mentando-k8s-entando-k8s-plugin-24dcz-1[0m stage [32mfrom-build-pack[0m and container [32mstep-build-fix-git-for-sonar[0m
Unable to retrieve container logs for docker://2136979f97dc41427afb2ae84bbb5362cce8f22f68b448406999ae721fd8ce28

Showing logs for build [32mentando-k8s-entando-k8s-plugin-24dcz-1[0m stage [32mfrom-build-pack[0m and container [32mstep-build-mvn-verify-pr[0m
Unable to retrieve container logs for docker://308eb62c1b6fa003329709a4be98a71ecb538e982ed9bf02f4c3f178b220037f

Showing logs for build [32mentando-k8s-entando-k8s-plugin-24dcz-1[0m stage [32mfrom-build-pack[0m and container [32mstep-build-container-build[0m
Unable to retrieve container logs for docker://67552a681705c206847c1ecde3d929085551ee345d477f34b5bc73ef50e9d479

Showing logs for build [32mentando-k8s-entando-k8s-plugin-24dcz-1[0m stage [32mfrom-build-pack[0m and container [32mstep-postbuild-post-build[0m
Unable to retrieve container logs for docker://4098b597bf91de3bf20eb8664429b219fe66e49a6531b640ceb16ee4e95a6c60

Showing logs for build [32mentando-k8s-entando-k8s-plugin-24dcz-1[0m stage [32mfrom-build-pack[0m and container [32mstep-promote-make-preview[0m
Unable to retrieve container logs for docker://05d5a48cd8759d6856faa393f814143be86d7492c2073756b03bfcd4ce7e9b61

Showing logs for build [32mentando-k8s-entando-k8s-plugin-24dcz-1[0m stage [32mfrom-build-pack[0m and container [32mstep-promote-jx-preview[0m
Unable to retrieve container logs for docker://34f1e5253d452802a49fa63ebda2e402de5eff05bfea2d0240a79b08e343a614

Showing logs for build [32mentando-k8s-entando-k8s-plugin-24dcz-1[0m stage [32mfrom-build-pack[0m and container [32mstep-promote-run-post-deployment-tests[0m
Unable to retrieve container logs for docker://84c3a92fa6eabb495fd10b8022619446fcdfeb2ee928807720a47dce9290b256
