
Showing logs for build [32mmeta-entando-k8s-entando-k8s-se-8n2qn-1[0m stage [32mmeta-pipeline[0m and container [32mcredential-initializer[0m
{"level":"info","ts":1627896656.8047357,"caller":"creds-init/main.go:44","msg":"Credentials initialized."}

Showing logs for build [32mmeta-entando-k8s-entando-k8s-se-8n2qn-1[0m stage [32mmeta-pipeline[0m and container [32mworking-dir-initializer[0m

Showing logs for build [32mmeta-entando-k8s-entando-k8s-se-8n2qn-1[0m stage [32mmeta-pipeline[0m and container [32mplace-tools[0m

Showing logs for build [32mmeta-entando-k8s-entando-k8s-se-8n2qn-1[0m stage [32mmeta-pipeline[0m and container [32mstep-git-source-meta-entando-k8s-entando-k8s-se-8n2qn-4qg8f[0m
{"level":"info","ts":1627896685.8784978,"caller":"git/git.go:105","msg":"Successfully cloned https://github.com/entando-k8s/entando-k8s-service.git @ 9503bf296bedaffadbdece79a3da88bd7c867419 in path /workspace/source"}
{"level":"warn","ts":1627896685.8787515,"caller":"git/git.go:152","msg":"Unexpected error: creating symlink: symlink /tekton/home/.ssh /****/.ssh: file exists"}
{"level":"info","ts":1627896685.9613674,"caller":"git/git.go:133","msg":"Successfully initialized and updated submodules in path /workspace/source"}

Showing logs for build [32mmeta-entando-k8s-entando-k8s-se-8n2qn-1[0m stage [32mmeta-pipeline[0m and container [32mstep-git-merge[0m
Using SHAs from PULL_REFS=master:9503bf296bedaffadbdece79a3da88bd7c867419,26:ee6c5cd7c7badd86c30e7c619078dd01aebd71e8
DEBUG: LC_ALL=C JX_LOG_LEVEL=error git fetch origin --unshallow ee6c5cd7c7badd86c30e7c619078dd01aebd71e8: 9503bf296bedaffadbdece79a3da88bd7c867419:
DEBUG: ran git fetch --unshallow origin ee6c5cd7c7badd86c30e7c619078dd01aebd71e8: 9503bf296bedaffadbdece79a3da88bd7c867419: in 
DEBUG: LC_ALL=C JX_LOG_LEVEL=error git branch
DEBUG: LC_ALL=C JX_LOG_LEVEL=error git checkout master
DEBUG: ran git checkout master in 
DEBUG: LC_ALL=C JX_LOG_LEVEL=error git reset --hard 9503bf296bedaffadbdece79a3da88bd7c867419
DEBUG: ran git reset --hard 9503bf296bedaffadbdece79a3da88bd7c867419 in 
DEBUG: LC_ALL=C JX_LOG_LEVEL=error git clean -fd .
DEBUG: ran clean --force -d . in 
DEBUG: LC_ALL=C JX_LOG_LEVEL=error git merge ee6c5cd7c7badd86c30e7c619078dd01aebd71e8
DEBUG: ran git merge ee6c5cd7c7badd86c30e7c619078dd01aebd71e8 in 
DEBUG: LC_ALL=C JX_LOG_LEVEL=error git log --format=%H%x1f%an%x1f%ae%x1f%cn%x1f%ce%x1f%s%n%b%x1e 9503bf296bedaffadbdece79a3da88bd7c867419..HEAD
Merged SHA ee6c5cd7c7badd86c30e7c619078dd01aebd71e8 with commit message 'ENG-2284 removed validations for observed namespaces' into base branch master
Merged SHA d92798e56657116e4fd19e4126bbfeee7ebdc5a5 with commit message 'asdf' into base branch master

Showing logs for build [32mmeta-entando-k8s-entando-k8s-se-8n2qn-1[0m stage [32mmeta-pipeline[0m and container [32mstep-merge-pull-refs[0m
DEBUG: LC_ALL=C JX_LOG_LEVEL=error git fetch origin --unshallow ee6c5cd7c7badd86c30e7c619078dd01aebd71e8: 9503bf296bedaffadbdece79a3da88bd7c867419:
DEBUG: JX_LOG_LEVEL=error LC_ALL=C git fetch origin ee6c5cd7c7badd86c30e7c619078dd01aebd71e8: 9503bf296bedaffadbdece79a3da88bd7c867419:
DEBUG: ran git fetch origin ee6c5cd7c7badd86c30e7c619078dd01aebd71e8: 9503bf296bedaffadbdece79a3da88bd7c867419: in 
DEBUG: LC_ALL=C JX_LOG_LEVEL=error git rev-parse --is-shallow-repository
DEBUG: Unshallowed git repo in 
DEBUG: LC_ALL=C JX_LOG_LEVEL=error git branch
DEBUG: LC_ALL=C JX_LOG_LEVEL=error git checkout master
DEBUG: ran git checkout master in 
DEBUG: LC_ALL=C JX_LOG_LEVEL=error git reset --hard 9503bf296bedaffadbdece79a3da88bd7c867419
DEBUG: ran git reset --hard 9503bf296bedaffadbdece79a3da88bd7c867419 in 
DEBUG: LC_ALL=C JX_LOG_LEVEL=error git clean -fd .
DEBUG: ran clean --force -d . in 
DEBUG: LC_ALL=C JX_LOG_LEVEL=error git merge ee6c5cd7c7badd86c30e7c619078dd01aebd71e8
DEBUG: ran git merge ee6c5cd7c7badd86c30e7c619078dd01aebd71e8 in 
DEBUG: LC_ALL=C JX_LOG_LEVEL=error git log --format=%H%x1f%an%x1f%ae%x1f%cn%x1f%ce%x1f%s%n%b%x1e 9503bf296bedaffadbdece79a3da88bd7c867419..HEAD
Merged SHA ee6c5cd7c7badd86c30e7c619078dd01aebd71e8 with commit message 'ENG-2284 removed validations for observed namespaces' into base branch master
Merged SHA d92798e56657116e4fd19e4126bbfeee7ebdc5a5 with commit message 'asdf' into base branch master

Showing logs for build [32mmeta-entando-k8s-entando-k8s-se-8n2qn-1[0m stage [32mmeta-pipeline[0m and container [32mstep-create-effective-pipeline[0m
error: no build pack for entando-maven-docker exists at directory /tekton/home/.**/draft/packs/github.com/jenkins-x-buildpacks/jenkins-x-kubernetes/packs/entando-maven-docker
[31m
Pipeline failed on stage 'meta-pipeline' : container 'step-create-effective-pipeline'. The execution of the pipeline has stopped.[0m
