
Showing logs for build [32mentando-k8s-entando-k8s-app-plu-z9cx2-2[0m stage [32mfrom-build-pack[0m and container [32mcredential-initializer[0m
Unable to retrieve container logs for docker://a1d1db74af9f323d39ea59d97765b73197131607790f5b5dee319d7da5425748

Showing logs for build [32mentando-k8s-entando-k8s-app-plu-z9cx2-2[0m stage [32mfrom-build-pack[0m and container [32mworking-dir-initializer[0m
Unable to retrieve container logs for docker://544f122947a5b478607907033f1462504e06e66a042f947e8a0897d06294703b

Showing logs for build [32mentando-k8s-entando-k8s-app-plu-z9cx2-2[0m stage [32mfrom-build-pack[0m and container [32mplace-tools[0m
Unable to retrieve container logs for docker://b32a6a376e3e142b2075a99b5d0cb27eed905d62a2b622267a5f25593bf53b58

Showing logs for build [32mentando-k8s-entando-k8s-app-plu-z9cx2-2[0m stage [32mfrom-build-pack[0m and container [32mstep-git-source-entando-k8s-entando-k8s-app-plu-z9cx2-cvdcq[0m
Unable to retrieve container logs for docker://b4019da2b8ac814fc2f630803385bc590bfc1038c6f1986ac2484db44dda1409

Showing logs for build [32mentando-k8s-entando-k8s-app-plu-z9cx2-2[0m stage [32mfrom-build-pack[0m and container [32mstep-setup-builder-home[0m
Unable to retrieve container logs for docker://fe08e0eedf9e202c40e8fab5aa2d4c30b3439069925c193a9fa8b5c1444c3e5f

Showing logs for build [32mentando-k8s-entando-k8s-app-plu-z9cx2-2[0m stage [32mfrom-build-pack[0m and container [32mstep-git-merge[0m
Unable to retrieve container logs for docker://88840a15a3072b26925241b7cf2f2e23151b8a709df88322cc9424d5bd95c11c

Showing logs for build [32mentando-k8s-entando-k8s-app-plu-z9cx2-2[0m stage [32mfrom-build-pack[0m and container [32mstep-setup-jx-git-credentials[0m
Unable to retrieve container logs for docker://a89648022086fa4565f52db73648121cb6bc3881647eaa419cde6ec3d6185120

Showing logs for build [32mentando-k8s-entando-k8s-app-plu-z9cx2-2[0m stage [32mfrom-build-pack[0m and container [32mstep-build-fetch-history-for-sonar[0m
Unable to retrieve container logs for docker://5065f8a3f838b023da243086c1f30e0989bae94d79d2531102bf04f2eb652022

Showing logs for build [32mentando-k8s-entando-k8s-app-plu-z9cx2-2[0m stage [32mfrom-build-pack[0m and container [32mstep-build-mvn-deploy-release[0m
Unable to retrieve container logs for docker://37509d5cdea6d55dc8c617dff013f3ab846b966867d32ee73230934cc65c384f

Showing logs for build [32mentando-k8s-entando-k8s-app-plu-z9cx2-2[0m stage [32mfrom-build-pack[0m and container [32mstep-build-container-build[0m
Unable to retrieve container logs for docker://dc7795e48b3ef14adf63786d32a7122bd5c76d8c6ce89105e7560cbb1ee36c67

Showing logs for build [32mentando-k8s-entando-k8s-app-plu-z9cx2-2[0m stage [32mfrom-build-pack[0m and container [32mstep-postbuild-post-build[0m
Unable to retrieve container logs for docker://4ef01296004484731556e47904984a38d965c1b9f6ec756c2bc242afa5b0c261

Showing logs for build [32mentando-k8s-entando-k8s-app-plu-z9cx2-2[0m stage [32mfrom-build-pack[0m and container [32mstep-promote-changelog[0m
Unable to retrieve container logs for docker://3a09cf02cd1df503cc90037ed9d59d7591ad139d29316015197a8ce67ec9d47e

Showing logs for build [32mentando-k8s-entando-k8s-app-plu-z9cx2-2[0m stage [32mfrom-build-pack[0m and container [32mstep-promote-update-image-map[0m
Unable to retrieve container logs for docker://1900f082e544e076f8c4bdb00e28c7167cd0ab22e795b8217b6fe24e20b37c70
