
Showing logs for build [32mentando-k8s-entando-k8s-control-jqg5q-52[0m stage [32mfrom-build-pack[0m and container [32mcredential-initializer[0m
Unable to retrieve container logs for docker://f9770e004db67d0eab29a49417f2dc7fbed49ae3a8fe49c54dfaa066fc291e1f

Showing logs for build [32mentando-k8s-entando-k8s-control-jqg5q-52[0m stage [32mfrom-build-pack[0m and container [32mworking-dir-initializer[0m
Unable to retrieve container logs for docker://3b42906dd2eb485668b8d120ce9f0b42ac66a5f177912e2095772d0ad6918439

Showing logs for build [32mentando-k8s-entando-k8s-control-jqg5q-52[0m stage [32mfrom-build-pack[0m and container [32mplace-tools[0m
Unable to retrieve container logs for docker://02b1b32405773b24676992416675783b4d682fce0693880d2253f08df25fc02c

Showing logs for build [32mentando-k8s-entando-k8s-control-jqg5q-52[0m stage [32mfrom-build-pack[0m and container [32mstep-git-source-entando-k8s-entando-k8s-control-jqg5q-8wn9v[0m
Unable to retrieve container logs for docker://48e3b222ab69ee264e8be5311ee6532e28d568b70779e15c9536fff735eafd66

Showing logs for build [32mentando-k8s-entando-k8s-control-jqg5q-52[0m stage [32mfrom-build-pack[0m and container [32mstep-setup-builder-home[0m
Unable to retrieve container logs for docker://8e1d2bf4c1f4461f3276d911d459501225a2c344adce3c46d8f655d6e43af020

Showing logs for build [32mentando-k8s-entando-k8s-control-jqg5q-52[0m stage [32mfrom-build-pack[0m and container [32mstep-git-merge[0m
Unable to retrieve container logs for docker://e64858a055e9a565e35a5506f3f22c055dab554b48c1d756dea9f93abc564f70

Showing logs for build [32mentando-k8s-entando-k8s-control-jqg5q-52[0m stage [32mfrom-build-pack[0m and container [32mstep-build-set-version[0m
Unable to retrieve container logs for docker://01002483d0563325bf22ad477b978f4a703644353282e40ce45a7823ab74305d

Showing logs for build [32mentando-k8s-entando-k8s-control-jqg5q-52[0m stage [32mfrom-build-pack[0m and container [32mstep-build-fix-git-for-sonar[0m
Unable to retrieve container logs for docker://a9dc1ef6da056a3237f232a22b2c6460e3b4bd2c2df9a0062a74451f3562df62

Showing logs for build [32mentando-k8s-entando-k8s-control-jqg5q-52[0m stage [32mfrom-build-pack[0m and container [32mstep-build-mvn-verify-pr[0m
Unable to retrieve container logs for docker://fc4e27f2db2edd290374a48600294a72143bd72af3db4f5a3473dd03e2620c16

Showing logs for build [32mentando-k8s-entando-k8s-control-jqg5q-52[0m stage [32mfrom-build-pack[0m and container [32mstep-build-container-build[0m
Unable to retrieve container logs for docker://5508a605808685112d4e6aece3c5c06e34df5472321df04bfad110da74d24172

Showing logs for build [32mentando-k8s-entando-k8s-control-jqg5q-52[0m stage [32mfrom-build-pack[0m and container [32mstep-postbuild-post-build[0m
Unable to retrieve container logs for docker://09210b89b00fbd32dabeb07eaa97d27abd76d2c3d04a8c0253887dee2fa1e064

Showing logs for build [32mentando-k8s-entando-k8s-control-jqg5q-52[0m stage [32mfrom-build-pack[0m and container [32mstep-promote-make-preview[0m
Unable to retrieve container logs for docker://e9a58d92e8740507359c70543c56a5196a9e238c2f22ba2835f0d99f1eef2127

Showing logs for build [32mentando-k8s-entando-k8s-control-jqg5q-52[0m stage [32mfrom-build-pack[0m and container [32mstep-promote-jx-preview[0m
Unable to retrieve container logs for docker://582172f9c703ba583459b49b608eee68216304e466307e46655e4edfb0e4880b

Showing logs for build [32mentando-k8s-entando-k8s-control-jqg5q-52[0m stage [32mfrom-build-pack[0m and container [32mstep-promote-run-post-deployment-tests[0m
Unable to retrieve container logs for docker://2941b27706a8753763da28d39f225f11e84dad1c24e57d3c99ca0f9917a00c33
