
Showing logs for build [32mentando-k8s-entando-k8s-operato-gpzhc-1[0m stage [32mfrom-build-pack[0m and container [32mcredential-initializer[0m
Unable to retrieve container logs for docker://f68365d9bc28b3785a6fea92bd2c330bf7fb008fadad6a18dddeea11ff0c7d54

Showing logs for build [32mentando-k8s-entando-k8s-operato-gpzhc-1[0m stage [32mfrom-build-pack[0m and container [32mworking-dir-initializer[0m
Unable to retrieve container logs for docker://885a0abeb14b990ec13b3031786ce86bb7d5391a25fe627500096e672aa4c35a

Showing logs for build [32mentando-k8s-entando-k8s-operato-gpzhc-1[0m stage [32mfrom-build-pack[0m and container [32mplace-tools[0m
Unable to retrieve container logs for docker://a93d2aed1b0d897c106775b6f047d04bbe614023b21b8969c94dd2aa594ed622

Showing logs for build [32mentando-k8s-entando-k8s-operato-gpzhc-1[0m stage [32mfrom-build-pack[0m and container [32mstep-git-source-entando-k8s-entando-k8s-operato-gpzhc-6gf8d[0m
Unable to retrieve container logs for docker://3a955010c1c0644486652e9132bf056f1843fb417005992e6784a7b15f506b5f

Showing logs for build [32mentando-k8s-entando-k8s-operato-gpzhc-1[0m stage [32mfrom-build-pack[0m and container [32mstep-setup-builder-home[0m
Unable to retrieve container logs for docker://b26be32177652c0247879fbb5503173054f62947895e292a99d861d3f4b7bd09

Showing logs for build [32mentando-k8s-entando-k8s-operato-gpzhc-1[0m stage [32mfrom-build-pack[0m and container [32mstep-git-merge[0m
Unable to retrieve container logs for docker://3af0c65250802a23a914b100a30cda6e949a99c55583726bc217dd71735a2c14

Showing logs for build [32mentando-k8s-entando-k8s-operato-gpzhc-1[0m stage [32mfrom-build-pack[0m and container [32mstep-build-set-version[0m
Unable to retrieve container logs for docker://344efb23291a221fe326be95a9538a59416e65a1284f277d1573b44fe224a80e

Showing logs for build [32mentando-k8s-entando-k8s-operato-gpzhc-1[0m stage [32mfrom-build-pack[0m and container [32mstep-build-fix-git-for-sonar[0m
Unable to retrieve container logs for docker://1c1f3459d3903d161a473d5e915dfd05935e9c6dd4d65c7e57a1a3478eb23747

Showing logs for build [32mentando-k8s-entando-k8s-operato-gpzhc-1[0m stage [32mfrom-build-pack[0m and container [32mstep-build-mvn-verify-pr[0m
Unable to retrieve container logs for docker://122f60e0e49cdd0d00ea671cd532b352b17fecf661f1db462f8ebb17e549ee39
[31m
Pipeline failed on stage 'from-build-pack' : container 'step-build-mvn-verify-pr'. The execution of the pipeline has stopped.[0m
