
Showing logs for build [32mentando-k8s-entando-k8s-operato-vbn56-10[0m stage [32mfrom-build-pack[0m and container [32mcredential-initializer[0m
Unable to retrieve container logs for docker://c5abfddea5233165433444ace386ab03b030f437ce32e509760de87501e56452

Showing logs for build [32mentando-k8s-entando-k8s-operato-vbn56-10[0m stage [32mfrom-build-pack[0m and container [32mworking-dir-initializer[0m
Unable to retrieve container logs for docker://8fb7798a77b76e0da5d576670928ee385fc95fb1f42f5533011a46aa2ab1f735

Showing logs for build [32mentando-k8s-entando-k8s-operato-vbn56-10[0m stage [32mfrom-build-pack[0m and container [32mplace-tools[0m
Unable to retrieve container logs for docker://c32d24ba4ecbac36b67fcdca43272e5b08117e68d9bf02018ae07f05a62b7331

Showing logs for build [32mentando-k8s-entando-k8s-operato-vbn56-10[0m stage [32mfrom-build-pack[0m and container [32mstep-git-source-entando-k8s-entando-k8s-operato-vbn56-v4vxp[0m
Unable to retrieve container logs for docker://4d9cd54bae78865965ac4576dcfb614f17977f462b251b03f3f18950ba4aab4f

Showing logs for build [32mentando-k8s-entando-k8s-operato-vbn56-10[0m stage [32mfrom-build-pack[0m and container [32mstep-setup-builder-home[0m
Unable to retrieve container logs for docker://da9d55f405a83b0aec5d28ed1b0d253571f62e5f2ff4e471c34a35f4114c2a17

Showing logs for build [32mentando-k8s-entando-k8s-operato-vbn56-10[0m stage [32mfrom-build-pack[0m and container [32mstep-git-merge[0m
Unable to retrieve container logs for docker://fba20c96b273722da135a6c96f9857c1b5c48b98dc9d49a78308619d0da61081

Showing logs for build [32mentando-k8s-entando-k8s-operato-vbn56-10[0m stage [32mfrom-build-pack[0m and container [32mstep-build-set-version[0m
Unable to retrieve container logs for docker://09fa48faac900702821ced671dde8e7c506386a0f7adde132caa1ec5052ea86c

Showing logs for build [32mentando-k8s-entando-k8s-operato-vbn56-10[0m stage [32mfrom-build-pack[0m and container [32mstep-build-fix-git-for-sonar[0m
Unable to retrieve container logs for docker://bc871c1ed66e697e5073b7c4adb5d246794bd7401b9b4376fb9acda376a7b479

Showing logs for build [32mentando-k8s-entando-k8s-operato-vbn56-10[0m stage [32mfrom-build-pack[0m and container [32mstep-build-mvn-verify-pr[0m
Unable to retrieve container logs for docker://7edb0d5cea81b134e02aad003753dc02b56245a91748e628e150e8494ef2de05

Showing logs for build [32mentando-k8s-entando-k8s-operato-vbn56-10[0m stage [32mfrom-build-pack[0m and container [32mstep-build-container-build[0m
Unable to retrieve container logs for docker://265c380106b68b32e1dfbd50fd577d13fea5aa58bfca910e35bb1fd722a00038
