
Showing logs for build [32mentando-k8s-entando-k8s-operato-p8xnh-2[0m stage [32mfrom-build-pack[0m and container [32mcredential-initializer[0m
Unable to retrieve container logs for docker://e1510fdfa4080928f02d6dc8d2f71e0aca78e346a08ed637de131100c794593e

Showing logs for build [32mentando-k8s-entando-k8s-operato-p8xnh-2[0m stage [32mfrom-build-pack[0m and container [32mworking-dir-initializer[0m
Unable to retrieve container logs for docker://e90814628db408407768070f22da3b2002d89f85cd43ef77aa99c88849b2b47a

Showing logs for build [32mentando-k8s-entando-k8s-operato-p8xnh-2[0m stage [32mfrom-build-pack[0m and container [32mplace-tools[0m
Unable to retrieve container logs for docker://c9bb28fd137abb545b75db5a228b8d0f741bc02391e55a2a954e422eb89daf37

Showing logs for build [32mentando-k8s-entando-k8s-operato-p8xnh-2[0m stage [32mfrom-build-pack[0m and container [32mstep-git-source-entando-k8s-entando-k8s-operato-p8xnh-8msbs[0m
Unable to retrieve container logs for docker://5d87f6dab002a74d240554cc7cc49d4c3d7b7fd252dcb251f332a70e9625c650

Showing logs for build [32mentando-k8s-entando-k8s-operato-p8xnh-2[0m stage [32mfrom-build-pack[0m and container [32mstep-setup-builder-home[0m
Unable to retrieve container logs for docker://e2a9ac49a266096f5ef2c52d290e6e7d29b6fe4d4e095718b7fd032ce33cdb49

Showing logs for build [32mentando-k8s-entando-k8s-operato-p8xnh-2[0m stage [32mfrom-build-pack[0m and container [32mstep-git-merge[0m
Unable to retrieve container logs for docker://25c1efab5632fc0705b43cee29b7bf0f5cd69d970a9554380d14190a10f50443

Showing logs for build [32mentando-k8s-entando-k8s-operato-p8xnh-2[0m stage [32mfrom-build-pack[0m and container [32mstep-build-set-version[0m
Unable to retrieve container logs for docker://ac80af0abba14d0***1b445115e5b74d2b9ebb22201ced229f609981db76d94d

Showing logs for build [32mentando-k8s-entando-k8s-operato-p8xnh-2[0m stage [32mfrom-build-pack[0m and container [32mstep-build-fix-git-for-sonar[0m
Unable to retrieve container logs for docker://1ca047cc660e5051412efdc7a36c4e72e7cd2413a4416d3799fdcdd13ea41f7e

Showing logs for build [32mentando-k8s-entando-k8s-operato-p8xnh-2[0m stage [32mfrom-build-pack[0m and container [32mstep-build-mvn-verify-pr[0m
Unable to retrieve container logs for docker://529d2d0e6b353f6c36e2ec16d5d9337514392ac73e84ef06875670f944ca9a18
[31m
Pipeline failed on stage 'from-build-pack' : container 'step-build-mvn-verify-pr'. The execution of the pipeline has stopped.[0m
