
Showing logs for build [32mentando-k8s-entando-k8s-operato-nkwx2-3[0m stage [32mfrom-build-pack[0m and container [32mcredential-initializer[0m
Unable to retrieve container logs for docker://8195d83f3d4d154b65b986fab4d89602c1e477f0cf02ac0ff7ccecd7bc99e964

Showing logs for build [32mentando-k8s-entando-k8s-operato-nkwx2-3[0m stage [32mfrom-build-pack[0m and container [32mworking-dir-initializer[0m
Unable to retrieve container logs for docker://e206f3af92129c68c90cb92604a6db5a897b07c91345ea49d7a8b7f02c677519

Showing logs for build [32mentando-k8s-entando-k8s-operato-nkwx2-3[0m stage [32mfrom-build-pack[0m and container [32mplace-tools[0m
Unable to retrieve container logs for docker://f4e2097ef6a6763dd8575505fc0ec05be616068ef36d2026b697e5e824ffa63a

Showing logs for build [32mentando-k8s-entando-k8s-operato-nkwx2-3[0m stage [32mfrom-build-pack[0m and container [32mstep-git-source-entando-k8s-entando-k8s-operato-nkwx2-zk7lk[0m
Unable to retrieve container logs for docker://f4c1207efa30001227102fbba6b6391a3de6b012b67c3b6f6243d417b49d780a

Showing logs for build [32mentando-k8s-entando-k8s-operato-nkwx2-3[0m stage [32mfrom-build-pack[0m and container [32mstep-setup-builder-home[0m
Unable to retrieve container logs for docker://6a036158a0cc1a547e500b535c634329c0265e6ba3fc537743fd6690ec1a7904

Showing logs for build [32mentando-k8s-entando-k8s-operato-nkwx2-3[0m stage [32mfrom-build-pack[0m and container [32mstep-git-merge[0m
Unable to retrieve container logs for docker://e9b2dcadfb2b165c3645d477f780d92b95654716ec9a6e5d71433f4c02228d5f

Showing logs for build [32mentando-k8s-entando-k8s-operato-nkwx2-3[0m stage [32mfrom-build-pack[0m and container [32mstep-build-set-version[0m
Unable to retrieve container logs for docker://66a648e2c2358540af0c51960e773352423747dd1a7d0d61a4c5589f9c34873b

Showing logs for build [32mentando-k8s-entando-k8s-operato-nkwx2-3[0m stage [32mfrom-build-pack[0m and container [32mstep-build-fix-git-for-sonar[0m
Unable to retrieve container logs for docker://6a409ad2354ef13553ce9fe569f33f3a084e5269707eb966eed2247c62eb636b

Showing logs for build [32mentando-k8s-entando-k8s-operato-nkwx2-3[0m stage [32mfrom-build-pack[0m and container [32mstep-build-mvn-verify-pr[0m
Unable to retrieve container logs for docker://3801eebfedcd8e66da8cf37f32e5e42217aeed9a0ac593337996fc1d136c711a
[31m
Pipeline failed on stage 'from-build-pack' : container 'step-build-mvn-verify-pr'. The execution of the pipeline has stopped.[0m
