
Showing logs for build [32mentando-k8s-entando-k8s-operato-2nlq4-5[0m stage [32mfrom-build-pack[0m and container [32mcredential-initializer[0m
Unable to retrieve container logs for docker://c6e89a478e8ada701639747dcdb92655d2ca6f7123faa5765ede655dbb68d76c

Showing logs for build [32mentando-k8s-entando-k8s-operato-2nlq4-5[0m stage [32mfrom-build-pack[0m and container [32mworking-dir-initializer[0m
Unable to retrieve container logs for docker://1a6291908afa4b5d2d5441d4d0f3371a4e17bd7544e6df5b393bf95dfd35a10f

Showing logs for build [32mentando-k8s-entando-k8s-operato-2nlq4-5[0m stage [32mfrom-build-pack[0m and container [32mplace-tools[0m
Unable to retrieve container logs for docker://24250cbb84f3777043914bfccc713115b8910d7ca353ef4a834c1fbf2390e82c

Showing logs for build [32mentando-k8s-entando-k8s-operato-2nlq4-5[0m stage [32mfrom-build-pack[0m and container [32mstep-git-source-entando-k8s-entando-k8s-operato-2nlq4-sw2rn[0m
Unable to retrieve container logs for docker://1b7d48dd6aad751a3d3fa7f3a59d224d2b3e32838f4588636edecb9cebab5747

Showing logs for build [32mentando-k8s-entando-k8s-operato-2nlq4-5[0m stage [32mfrom-build-pack[0m and container [32mstep-setup-builder-home[0m
Unable to retrieve container logs for docker://906d1f7c1fbb126108672c87489b190ffb0953d5003b3f3800079b23ce66a516

Showing logs for build [32mentando-k8s-entando-k8s-operato-2nlq4-5[0m stage [32mfrom-build-pack[0m and container [32mstep-git-merge[0m
Unable to retrieve container logs for docker://10af7d71a0b4fe734dc25d773f70520b5afb2cd31ce0b50f95d0409ddc546430

Showing logs for build [32mentando-k8s-entando-k8s-operato-2nlq4-5[0m stage [32mfrom-build-pack[0m and container [32mstep-build-set-version[0m
Unable to retrieve container logs for docker://9b19d664e0758a1009ea5f0efbcc1834ce57f8083b207503319d153d8cd8b31e

Showing logs for build [32mentando-k8s-entando-k8s-operato-2nlq4-5[0m stage [32mfrom-build-pack[0m and container [32mstep-build-fix-git-for-sonar[0m
Unable to retrieve container logs for docker://56900b722297f810089f3b06948f58707433f96cb42ad635ea79c59e1ffcf844

Showing logs for build [32mentando-k8s-entando-k8s-operato-2nlq4-5[0m stage [32mfrom-build-pack[0m and container [32mstep-build-mvn-verify-pr[0m
Unable to retrieve container logs for docker://dd256e92fa96e715e15177e41b499c1f78f359f37bd08e67202a3585264d8556

Showing logs for build [32mentando-k8s-entando-k8s-operato-2nlq4-5[0m stage [32mfrom-build-pack[0m and container [32mstep-build-container-build[0m
Unable to retrieve container logs for docker://625148653efecc6bfb8c9e25856ee847e0317bac206d8b1e32767b54671b0e0e
