
Showing logs for build [32mentando-k8s-entando-k8s-operato-dq8j9-6[0m stage [32mfrom-build-pack[0m and container [32mcredential-initializer[0m
Unable to retrieve container logs for docker://b375e5ab9edf5b1f776a5272dddbf53508692604c48ae461f17e379743ebfe13

Showing logs for build [32mentando-k8s-entando-k8s-operato-dq8j9-6[0m stage [32mfrom-build-pack[0m and container [32mworking-dir-initializer[0m
Unable to retrieve container logs for docker://22889728d43d3957946c94a5c42ff10adf6d07f6a73aa8647bd3de439ba07f31

Showing logs for build [32mentando-k8s-entando-k8s-operato-dq8j9-6[0m stage [32mfrom-build-pack[0m and container [32mplace-tools[0m
Unable to retrieve container logs for docker://0dd3062c48997531f92d427195d72c21c064f40f323a467f2e78aad943dd5146

Showing logs for build [32mentando-k8s-entando-k8s-operato-dq8j9-6[0m stage [32mfrom-build-pack[0m and container [32mstep-git-source-entando-k8s-entando-k8s-operato-dq8j9-nvlqb[0m
Unable to retrieve container logs for docker://c6304929cb34ec5413486a99e75d644675aad34f84b0874ef0d8d9cc6a8c2256

Showing logs for build [32mentando-k8s-entando-k8s-operato-dq8j9-6[0m stage [32mfrom-build-pack[0m and container [32mstep-setup-builder-home[0m
Unable to retrieve container logs for docker://d52967664bd0d411980f81fc6ac519694ebdc3d8728ea51ddd0ca01a17bfdb57

Showing logs for build [32mentando-k8s-entando-k8s-operato-dq8j9-6[0m stage [32mfrom-build-pack[0m and container [32mstep-git-merge[0m
Unable to retrieve container logs for docker://a084639046591177722753ebd5ffe96110984057ad1ba1035b0960725b0a1b0c

Showing logs for build [32mentando-k8s-entando-k8s-operato-dq8j9-6[0m stage [32mfrom-build-pack[0m and container [32mstep-build-set-version[0m
Unable to retrieve container logs for docker://99fa2b37f62f8a3bce0bce8e9a1f057b8c9c4396f7e17b57a0d4839358d13e50

Showing logs for build [32mentando-k8s-entando-k8s-operato-dq8j9-6[0m stage [32mfrom-build-pack[0m and container [32mstep-build-fix-git-for-sonar[0m
Unable to retrieve container logs for docker://ccb04eb0b3be75067edf263c5258af4b2dfff08f39fa5c3e06bff434d5910133

Showing logs for build [32mentando-k8s-entando-k8s-operato-dq8j9-6[0m stage [32mfrom-build-pack[0m and container [32mstep-build-mvn-verify-pr[0m
Unable to retrieve container logs for docker://1e0b1584c873ef75c897139b7c592c65ea1ca2ef01a2177b9f765be55b56310e
[31m
Pipeline failed on stage 'from-build-pack' : container 'step-build-mvn-verify-pr'. The execution of the pipeline has stopped.[0m
