
Showing logs for build [32mentando-k8s-entando-k8s-operato-hrwrg-8[0m stage [32mfrom-build-pack[0m and container [32mcredential-initializer[0m
Unable to retrieve container logs for docker://8609a7c20d3cc239c3863e7fabeeb055596c8e9a588891754dc8634a96045141

Showing logs for build [32mentando-k8s-entando-k8s-operato-hrwrg-8[0m stage [32mfrom-build-pack[0m and container [32mworking-dir-initializer[0m
Unable to retrieve container logs for docker://53a409989ff18d652432e7079d11186576fc2d97304440393c34ff51004cfa74

Showing logs for build [32mentando-k8s-entando-k8s-operato-hrwrg-8[0m stage [32mfrom-build-pack[0m and container [32mplace-tools[0m
Unable to retrieve container logs for docker://bd4f5d44ee28a01ba68e173819ad87774947229ea4bbb12b9fce763487639756

Showing logs for build [32mentando-k8s-entando-k8s-operato-hrwrg-8[0m stage [32mfrom-build-pack[0m and container [32mstep-git-source-entando-k8s-entando-k8s-operato-hrwrg-kswt2[0m
Unable to retrieve container logs for docker://3c5747389932380aba08ddf52b4cf80a6d68f2db214ecd0f32542b47627e8128

Showing logs for build [32mentando-k8s-entando-k8s-operato-hrwrg-8[0m stage [32mfrom-build-pack[0m and container [32mstep-setup-builder-home[0m
Unable to retrieve container logs for docker://23e5b299283c660f5e968c882d10b10f4c744f71e56c0b030cf8da832efb7a10

Showing logs for build [32mentando-k8s-entando-k8s-operato-hrwrg-8[0m stage [32mfrom-build-pack[0m and container [32mstep-git-merge[0m
Unable to retrieve container logs for docker://3d032e4b5edfbf4b4cef9f788b14492800a6b5b160e0832847c3de435912974f

Showing logs for build [32mentando-k8s-entando-k8s-operato-hrwrg-8[0m stage [32mfrom-build-pack[0m and container [32mstep-build-set-version[0m
Unable to retrieve container logs for docker://aca60c4008c9d16e6071df60a0b27690c311d303bf6525cb8a0fdfff77065dad

Showing logs for build [32mentando-k8s-entando-k8s-operato-hrwrg-8[0m stage [32mfrom-build-pack[0m and container [32mstep-build-fix-git-for-sonar[0m
Unable to retrieve container logs for docker://1955f81e3215e21f0556b8a7a8191e08038c60bef037ff0fb1e4cb8921b2c253

Showing logs for build [32mentando-k8s-entando-k8s-operato-hrwrg-8[0m stage [32mfrom-build-pack[0m and container [32mstep-build-mvn-verify-pr[0m
Unable to retrieve container logs for docker://b64c41f4d250e5130f2a4e9984d9763a6d6bff5b2cd0273eff5cdec53338e42b

Showing logs for build [32mentando-k8s-entando-k8s-operato-hrwrg-8[0m stage [32mfrom-build-pack[0m and container [32mstep-build-container-build[0m
Unable to retrieve container logs for docker://5ca5bded5e69bc081cda276a506e5a3f1ca84d8488b5e63661761f9704172520
