
Showing logs for build [32mentando-k8s-entando-k8s-operato-8mjwj-9[0m stage [32mfrom-build-pack[0m and container [32mcredential-initializer[0m
Unable to retrieve container logs for docker://2a278a1338f06f323629e79923f7af576f9bdfe14c60283382ec314e97680a75

Showing logs for build [32mentando-k8s-entando-k8s-operato-8mjwj-9[0m stage [32mfrom-build-pack[0m and container [32mworking-dir-initializer[0m
Unable to retrieve container logs for docker://4d1bef65997edb035f6aaa717a43a32fe7dddee531cf6132fae8275e7d038044

Showing logs for build [32mentando-k8s-entando-k8s-operato-8mjwj-9[0m stage [32mfrom-build-pack[0m and container [32mplace-tools[0m
Unable to retrieve container logs for docker://4c3d7089a124e61e78070a295049145af1e645a074623f0d22623906967ef939

Showing logs for build [32mentando-k8s-entando-k8s-operato-8mjwj-9[0m stage [32mfrom-build-pack[0m and container [32mstep-git-source-entando-k8s-entando-k8s-operato-8mjwj-vd9q2[0m
Unable to retrieve container logs for docker://150728732f8d437afd28435f7a2c491eafc19dbd90f1d64df0c363cdd8247164

Showing logs for build [32mentando-k8s-entando-k8s-operato-8mjwj-9[0m stage [32mfrom-build-pack[0m and container [32mstep-setup-builder-home[0m
Unable to retrieve container logs for docker://5742459b76cc9677311f802d5c235635f2a7bc8516f0ce52253f8dc1a1e2e415

Showing logs for build [32mentando-k8s-entando-k8s-operato-8mjwj-9[0m stage [32mfrom-build-pack[0m and container [32mstep-git-merge[0m
Unable to retrieve container logs for docker://15f869c59e9d1244f081afeafdfada30e739b7c93acc0e716f5644efaed14153

Showing logs for build [32mentando-k8s-entando-k8s-operato-8mjwj-9[0m stage [32mfrom-build-pack[0m and container [32mstep-build-set-version[0m
Unable to retrieve container logs for docker://af40388335f5a11bafea2bc47c27c631b4d40e1cf46eda04c687482a454a2470

Showing logs for build [32mentando-k8s-entando-k8s-operato-8mjwj-9[0m stage [32mfrom-build-pack[0m and container [32mstep-build-fix-git-for-sonar[0m
Unable to retrieve container logs for docker://46d1caa17decf30f6513fc854179cc4413c1948080d7cb0207b24caf3190b433

Showing logs for build [32mentando-k8s-entando-k8s-operato-8mjwj-9[0m stage [32mfrom-build-pack[0m and container [32mstep-build-mvn-verify-pr[0m
Unable to retrieve container logs for docker://acb9394aefa4826d85081cb1660db26a9fe80597a6547c13e9581ea461b10a18

Showing logs for build [32mentando-k8s-entando-k8s-operato-8mjwj-9[0m stage [32mfrom-build-pack[0m and container [32mstep-build-container-build[0m
Unable to retrieve container logs for docker://f3bdfec805d99013ed8fedae716146089d6a315aa819116f2fbff422560e2d47
