
Showing logs for build [32mentando-k8s-entando-k8s-databas-w49mw-1[0m stage [32mfrom-build-pack[0m and container [32mcredential-initializer[0m
Unable to retrieve container logs for docker://0144609eff650e73e6b464125be0506b77239ab712796d56dc1b556efc31b158

Showing logs for build [32mentando-k8s-entando-k8s-databas-w49mw-1[0m stage [32mfrom-build-pack[0m and container [32mworking-dir-initializer[0m
Unable to retrieve container logs for docker://5fd7e33f7fcfa06c596bae5441e0fb6b0e6f3988fe7d9e35de3b6b2573e21c08

Showing logs for build [32mentando-k8s-entando-k8s-databas-w49mw-1[0m stage [32mfrom-build-pack[0m and container [32mplace-tools[0m
Unable to retrieve container logs for docker://a86bb90102d3c84e224b393729f20c6c2c39734aa3f53e2e46b69765253aec32

Showing logs for build [32mentando-k8s-entando-k8s-databas-w49mw-1[0m stage [32mfrom-build-pack[0m and container [32mstep-git-source-entando-k8s-entando-k8s-databas-w49mw-gwmmp[0m
Unable to retrieve container logs for docker://008542c76228f24c50794eadac3a550af67b5dfcea8b22573c21552fae24872c

Showing logs for build [32mentando-k8s-entando-k8s-databas-w49mw-1[0m stage [32mfrom-build-pack[0m and container [32mstep-setup-builder-home[0m
Unable to retrieve container logs for docker://80a5531922232d28a1753a98d3148919587733bd1762e4510af41e8fda6cfc08

Showing logs for build [32mentando-k8s-entando-k8s-databas-w49mw-1[0m stage [32mfrom-build-pack[0m and container [32mstep-git-merge[0m
Unable to retrieve container logs for docker://769c64b17ccfcb1cf0b039c302ea2166421f733c9d10cc129d0a9fafe4fc8c2f

Showing logs for build [32mentando-k8s-entando-k8s-databas-w49mw-1[0m stage [32mfrom-build-pack[0m and container [32mstep-build-set-version[0m
Unable to retrieve container logs for docker://cbff10649ec92155373a9f12b89f443b6ec74bd9f28ce904e79933b255f5f341

Showing logs for build [32mentando-k8s-entando-k8s-databas-w49mw-1[0m stage [32mfrom-build-pack[0m and container [32mstep-build-fix-git-for-sonar[0m
Unable to retrieve container logs for docker://bbc3a4b129f6867121f9fbece4bab416775a5473f233d21c54afeeeebca2e662

Showing logs for build [32mentando-k8s-entando-k8s-databas-w49mw-1[0m stage [32mfrom-build-pack[0m and container [32mstep-build-mvn-verify-pr[0m
Unable to retrieve container logs for docker://496926f98d56df1259c62e94fffd2030753c01a416224c6a66e37f5152babe4b
[31m
Pipeline failed on stage 'from-build-pack' : container 'step-build-mvn-verify-pr'. The execution of the pipeline has stopped.[0m
