
Showing logs for build [32mentando-k8s-entando-k8s-databas-ww5cs-2[0m stage [32mfrom-build-pack[0m and container [32mcredential-initializer[0m
Unable to retrieve container logs for docker://c62e479a7399a670daa0ae8802559c2c94c1de694227e648bd027a6fa01da858

Showing logs for build [32mentando-k8s-entando-k8s-databas-ww5cs-2[0m stage [32mfrom-build-pack[0m and container [32mworking-dir-initializer[0m
Unable to retrieve container logs for docker://11ee9bd0216cc2222adf6a16a8cd820a332319e4929fc1308898ef8963719774

Showing logs for build [32mentando-k8s-entando-k8s-databas-ww5cs-2[0m stage [32mfrom-build-pack[0m and container [32mplace-tools[0m
Unable to retrieve container logs for docker://b6a05d5cb6c9f631160015edbe45910c71b68a144a57a41c52f367b8a41e4b56

Showing logs for build [32mentando-k8s-entando-k8s-databas-ww5cs-2[0m stage [32mfrom-build-pack[0m and container [32mstep-git-source-entando-k8s-entando-k8s-databas-ww5cs-m99h2[0m
Unable to retrieve container logs for docker://7825d992aa9cbc246d1c8b54829fca57d310f7af6d4c4d5c4f793ee2a412e373

Showing logs for build [32mentando-k8s-entando-k8s-databas-ww5cs-2[0m stage [32mfrom-build-pack[0m and container [32mstep-setup-builder-home[0m
Unable to retrieve container logs for docker://baea08b0b0d2e63f5849d5d73c7e2654ae1cbdbf9fcf7d44e1e209d165ee3e5f

Showing logs for build [32mentando-k8s-entando-k8s-databas-ww5cs-2[0m stage [32mfrom-build-pack[0m and container [32mstep-git-merge[0m
Unable to retrieve container logs for docker://07dd8ecffe25775fbc27b7a072819e3c0cbb279517c27d6079ab0f784ae97356

Showing logs for build [32mentando-k8s-entando-k8s-databas-ww5cs-2[0m stage [32mfrom-build-pack[0m and container [32mstep-build-set-version[0m
Unable to retrieve container logs for docker://da88c986fa9a2863ed4ba0215d2efc0a1299b4f3e193456bbdbae26e0f0cea7b

Showing logs for build [32mentando-k8s-entando-k8s-databas-ww5cs-2[0m stage [32mfrom-build-pack[0m and container [32mstep-build-fix-git-for-sonar[0m
Unable to retrieve container logs for docker://fcaf5516e1c1901e4c4a4c009c21064f32ffd95ef0dfc52f57c30b4e46cbdb01

Showing logs for build [32mentando-k8s-entando-k8s-databas-ww5cs-2[0m stage [32mfrom-build-pack[0m and container [32mstep-build-mvn-verify-pr[0m
Unable to retrieve container logs for docker://a9b274d3716e232554ca66cb4803d32ca16055bb0821fc0fed3ce5b94d28b665

Showing logs for build [32mentando-k8s-entando-k8s-databas-ww5cs-2[0m stage [32mfrom-build-pack[0m and container [32mstep-build-container-build[0m
Unable to retrieve container logs for docker://8627f389acc3457030ffa8142b689427c8c011c8556b3e3bd2a4c48d85f3a001

Showing logs for build [32mentando-k8s-entando-k8s-databas-ww5cs-2[0m stage [32mfrom-build-pack[0m and container [32mstep-postbuild-post-build[0m
Unable to retrieve container logs for docker://8d7d040eb7000a6ac7837a79e3556d1d5925220edcb3af62a898b3382530b528

Showing logs for build [32mentando-k8s-entando-k8s-databas-ww5cs-2[0m stage [32mfrom-build-pack[0m and container [32mstep-promote-make-preview[0m
Unable to retrieve container logs for docker://400c7c51d33c7d7c854f4feff639fa53f29fe3286db73d7e8de5fecd776ffc65
[31m
Pipeline failed on stage 'from-build-pack' : container 'step-promote-make-preview'. The execution of the pipeline has stopped.[0m
