
Showing logs for build [32mentando-k8s-entando-k8s-databas-crr4n-3[0m stage [32mfrom-build-pack[0m and container [32mcredential-initializer[0m
Unable to retrieve container logs for docker://ec365e9be3fd0f716736bf62c7efce05570189074562c0179cdd4c45c5141d1f

Showing logs for build [32mentando-k8s-entando-k8s-databas-crr4n-3[0m stage [32mfrom-build-pack[0m and container [32mworking-dir-initializer[0m
Unable to retrieve container logs for docker://0c0f7353a8bf2d152434425a1dced948b66a2084710b164608ecb47f5e6a537a

Showing logs for build [32mentando-k8s-entando-k8s-databas-crr4n-3[0m stage [32mfrom-build-pack[0m and container [32mplace-tools[0m
Unable to retrieve container logs for docker://2833f95b6419ae0bf1fb9c6e7ab2fa3701104c3e66efc23919f86a717752491a

Showing logs for build [32mentando-k8s-entando-k8s-databas-crr4n-3[0m stage [32mfrom-build-pack[0m and container [32mstep-git-source-entando-k8s-entando-k8s-databas-crr4n-gpstz[0m
Unable to retrieve container logs for docker://08b66b9e297e7951f44d193d3e73d72881c632d870e736674852e2f86ed73d51

Showing logs for build [32mentando-k8s-entando-k8s-databas-crr4n-3[0m stage [32mfrom-build-pack[0m and container [32mstep-setup-builder-home[0m
Unable to retrieve container logs for docker://d00c95c29679a80c11ad4f1d57269135c4cddce659fb3117dd8052d6ae919a34

Showing logs for build [32mentando-k8s-entando-k8s-databas-crr4n-3[0m stage [32mfrom-build-pack[0m and container [32mstep-git-merge[0m
Unable to retrieve container logs for docker://eabfc22c3b337c58d8f580066626e477c2786252aba68c1fd2dd49ebc5a93916

Showing logs for build [32mentando-k8s-entando-k8s-databas-crr4n-3[0m stage [32mfrom-build-pack[0m and container [32mstep-build-set-version[0m
Unable to retrieve container logs for docker://c29797fe6a57184d24495abc1423910f833e791815b8ac3ed67834b02fbb2227

Showing logs for build [32mentando-k8s-entando-k8s-databas-crr4n-3[0m stage [32mfrom-build-pack[0m and container [32mstep-build-fix-git-for-sonar[0m
Unable to retrieve container logs for docker://2e0db84c74e3477f584a7d9c56433b7cc26aefb04ead714682f21f7446e0d34a

Showing logs for build [32mentando-k8s-entando-k8s-databas-crr4n-3[0m stage [32mfrom-build-pack[0m and container [32mstep-build-mvn-verify-pr[0m
Unable to retrieve container logs for docker://3745550f52ceca6a6e452cd667275545bfb6d548a5c9bb536cf68f2bb2b40112
[31m
Pipeline failed on stage 'from-build-pack' : container 'step-build-mvn-verify-pr'. The execution of the pipeline has stopped.[0m
