
Showing logs for build [32mentando-k8s-entando-k8s-databas-ddtts-1[0m stage [32mfrom-build-pack[0m and container [32mcredential-initializer[0m
Unable to retrieve container logs for docker://b350ae5c05a29a5cf63aefb75618db29cd6f24d532d0ad03f263301ee49bdb7d

Showing logs for build [32mentando-k8s-entando-k8s-databas-ddtts-1[0m stage [32mfrom-build-pack[0m and container [32mworking-dir-initializer[0m
Unable to retrieve container logs for docker://7ad376c818502d0ddf825faf63a9010c755c8856382dc94f554f4407fa951260

Showing logs for build [32mentando-k8s-entando-k8s-databas-ddtts-1[0m stage [32mfrom-build-pack[0m and container [32mplace-tools[0m
Unable to retrieve container logs for docker://5645496b35949d0a9f9c1618fe43886df95f74d0a57c9f66996a5c930c9c2c08

Showing logs for build [32mentando-k8s-entando-k8s-databas-ddtts-1[0m stage [32mfrom-build-pack[0m and container [32mstep-git-source-entando-k8s-entando-k8s-databas-ddtts-7qcv9[0m
Unable to retrieve container logs for docker://5c4d2ffa71c8753def9533df43754368dad66ba818e9216989477509ca1eb20d

Showing logs for build [32mentando-k8s-entando-k8s-databas-ddtts-1[0m stage [32mfrom-build-pack[0m and container [32mstep-setup-builder-home[0m
Unable to retrieve container logs for docker://67d7efb343eed510f2c269fe5aaaff40834afb077549947cca426ade286e1653

Showing logs for build [32mentando-k8s-entando-k8s-databas-ddtts-1[0m stage [32mfrom-build-pack[0m and container [32mstep-git-merge[0m
Unable to retrieve container logs for docker://8e022b21e958230e719ab2859b0bb826631ac3c13132bf13a584c15d908ef075

Showing logs for build [32mentando-k8s-entando-k8s-databas-ddtts-1[0m stage [32mfrom-build-pack[0m and container [32mstep-build-set-version[0m
Unable to retrieve container logs for docker://a8ef2e73f6f6922955dd758783d7494ec786f8b2ef6dbc6a4bccb23f03ef316f

Showing logs for build [32mentando-k8s-entando-k8s-databas-ddtts-1[0m stage [32mfrom-build-pack[0m and container [32mstep-build-fix-git-for-sonar[0m
Unable to retrieve container logs for docker://1bc5432606f3e139c23573603ed42439815cf681c5073834660bde0c09b3e175

Showing logs for build [32mentando-k8s-entando-k8s-databas-ddtts-1[0m stage [32mfrom-build-pack[0m and container [32mstep-build-mvn-verify-pr[0m
Unable to retrieve container logs for docker://ce7c3d8de55d031b5e0975c4d18c4c0491bc5a2bfcf39634abcb32147738341b
[31m
Pipeline failed on stage 'from-build-pack' : container 'step-build-mvn-verify-pr'. The execution of the pipeline has stopped.[0m
