
Showing logs for build [32mentando-k8s-entando-k8s-keycloa-bmrpd-1[0m stage [32mfrom-build-pack[0m and container [32mcredential-initializer[0m
Unable to retrieve container logs for docker://d8f8743ed70b9d376f739df659f2f42972829b80f4a5d259b09300d60b266c2f

Showing logs for build [32mentando-k8s-entando-k8s-keycloa-bmrpd-1[0m stage [32mfrom-build-pack[0m and container [32mworking-dir-initializer[0m
Unable to retrieve container logs for docker://54367422405df411317edb9088e6ba75f6f085176156ee0744ced140521ab625

Showing logs for build [32mentando-k8s-entando-k8s-keycloa-bmrpd-1[0m stage [32mfrom-build-pack[0m and container [32mplace-tools[0m
Unable to retrieve container logs for docker://829abc3b50e99c79874e63a506efa52da4206012c70bda3c20268ad3682c4620

Showing logs for build [32mentando-k8s-entando-k8s-keycloa-bmrpd-1[0m stage [32mfrom-build-pack[0m and container [32mstep-git-source-entando-k8s-entando-k8s-keycloa-bmrpd-l4zl6[0m
Unable to retrieve container logs for docker://8c5574406760736aebcad77c912c141cdc9ec932190f38482c30033b33135548

Showing logs for build [32mentando-k8s-entando-k8s-keycloa-bmrpd-1[0m stage [32mfrom-build-pack[0m and container [32mstep-setup-builder-home[0m
Unable to retrieve container logs for docker://bff35e7861c6e06b697348767f27b722ff2b015b16c5232f4cc4b9ff6d73da3b

Showing logs for build [32mentando-k8s-entando-k8s-keycloa-bmrpd-1[0m stage [32mfrom-build-pack[0m and container [32mstep-git-merge[0m
Unable to retrieve container logs for docker://de41db0f26d2ae6ee8fd03fd245ca8542a73274b14e55d583d6eb0a24578e733

Showing logs for build [32mentando-k8s-entando-k8s-keycloa-bmrpd-1[0m stage [32mfrom-build-pack[0m and container [32mstep-build-set-version[0m
Unable to retrieve container logs for docker://f0e1bfdad2caf26f400386b9e8972e44b1e51c369d2f6746072efca970bb4173

Showing logs for build [32mentando-k8s-entando-k8s-keycloa-bmrpd-1[0m stage [32mfrom-build-pack[0m and container [32mstep-build-fix-git-for-sonar[0m
Unable to retrieve container logs for docker://0609f0b315d4fb25aa3fe960dde25563912d2d3375a94a4f06302acdf60d5965

Showing logs for build [32mentando-k8s-entando-k8s-keycloa-bmrpd-1[0m stage [32mfrom-build-pack[0m and container [32mstep-build-mvn-verify-pr[0m
Unable to retrieve container logs for docker://d7dde2ae934f0f36a85f62298a88aa463a3d2a96487a583e666e0b67c5b46b50

Showing logs for build [32mentando-k8s-entando-k8s-keycloa-bmrpd-1[0m stage [32mfrom-build-pack[0m and container [32mstep-build-container-build[0m
Unable to retrieve container logs for docker://4c2b786254e0dd6ade6487e9dcab424714d63c9638f5335fcfd094c1bc552a33

Showing logs for build [32mentando-k8s-entando-k8s-keycloa-bmrpd-1[0m stage [32mfrom-build-pack[0m and container [32mstep-postbuild-post-build[0m
Unable to retrieve container logs for docker://79b180b101200734279fa3251b3e9d083acd37c1a87f995753448f61cc34df31

Showing logs for build [32mentando-k8s-entando-k8s-keycloa-bmrpd-1[0m stage [32mfrom-build-pack[0m and container [32mstep-promote-make-preview[0m
Unable to retrieve container logs for docker://817b8ebaf1ff831b1e667f137b75261143fb528c631207339539e056962eca23

Showing logs for build [32mentando-k8s-entando-k8s-keycloa-bmrpd-1[0m stage [32mfrom-build-pack[0m and container [32mstep-promote-jx-preview[0m
Unable to retrieve container logs for docker://7833d4acda73827a6d99ccf6a8b95950b55eb1668e4aed5774effd4b3cf8b442

Showing logs for build [32mentando-k8s-entando-k8s-keycloa-bmrpd-1[0m stage [32mfrom-build-pack[0m and container [32mstep-promote-run-post-deployment-tests[0m
Unable to retrieve container logs for docker://cf8c2735281e4e4ffcf86507273761555b98eb7449d99635d56106e5c299f93b
