
Showing logs for build [32mentando-k8s-entando-k8s-custom-8wqtn-1[0m stage [32mfrom-build-pack[0m and container [32mcredential-initializer[0m
Unable to retrieve container logs for docker://203f429a1f19663ce469088b64a93f713d1221945a97172c9605995343580669

Showing logs for build [32mentando-k8s-entando-k8s-custom-8wqtn-1[0m stage [32mfrom-build-pack[0m and container [32mworking-dir-initializer[0m
Unable to retrieve container logs for docker://ca16bcfd5930d10931124dc391fb2d48f94482e624225a3bdd3f20b4222a873b

Showing logs for build [32mentando-k8s-entando-k8s-custom-8wqtn-1[0m stage [32mfrom-build-pack[0m and container [32mplace-tools[0m
Unable to retrieve container logs for docker://25241392bfda75d69b185d47853e232528d4b7ab78784f4cd127e432f9811323

Showing logs for build [32mentando-k8s-entando-k8s-custom-8wqtn-1[0m stage [32mfrom-build-pack[0m and container [32mstep-git-source-entando-k8s-entando-k8s-custom-8wqtn-hwz5v[0m
Unable to retrieve container logs for docker://e2822da934b4e24c9efd6901e4bd387b8c4d2448b5de971e5c50293cd8fa1e31

Showing logs for build [32mentando-k8s-entando-k8s-custom-8wqtn-1[0m stage [32mfrom-build-pack[0m and container [32mstep-setup-builder-home[0m
Unable to retrieve container logs for docker://a77303b9a99dbf6e79d12ec89b7f136674c109414dfbad2fb9436be1ef9e8556

Showing logs for build [32mentando-k8s-entando-k8s-custom-8wqtn-1[0m stage [32mfrom-build-pack[0m and container [32mstep-git-merge[0m
Unable to retrieve container logs for docker://e2c59bb6cfc1e45ae8cea1267b96723a18a6658bfd938e5a2d5c6001335d3268

Showing logs for build [32mentando-k8s-entando-k8s-custom-8wqtn-1[0m stage [32mfrom-build-pack[0m and container [32mstep-build-set-version[0m
Unable to retrieve container logs for docker://841d4cbc71d81849e85c0290dc0ed61547a1a36bbfa05b27dadd914e7354ad68

Showing logs for build [32mentando-k8s-entando-k8s-custom-8wqtn-1[0m stage [32mfrom-build-pack[0m and container [32mstep-build-fix-git-for-sonar[0m
Unable to retrieve container logs for docker://05beec024b3986659d23e5bb4519cc59e2cf0522f0357128e9344e1155026704

Showing logs for build [32mentando-k8s-entando-k8s-custom-8wqtn-1[0m stage [32mfrom-build-pack[0m and container [32mstep-build-mvn-verify-pr[0m
Unable to retrieve container logs for docker://b53d56f6581ae415d9bc2e5009ea483d29b043b364db41428c82f192e6377005
[31m
Pipeline failed on stage 'from-build-pack' : container 'step-build-mvn-verify-pr'. The execution of the pipeline has stopped.[0m
