
Showing logs for build [32mentando-k8s-entando-k8s-custom-tmpzt-2[0m stage [32mfrom-build-pack[0m and container [32mcredential-initializer[0m
Unable to retrieve container logs for docker://76190737f1557011b64dbb57a6314f3d5410e07e663ec85d24c0f68f6015917a

Showing logs for build [32mentando-k8s-entando-k8s-custom-tmpzt-2[0m stage [32mfrom-build-pack[0m and container [32mworking-dir-initializer[0m
Unable to retrieve container logs for docker://72cc84e5829d05341dbd2e01daf6fc763642f79b0d7cba4b06ef71364d29ac33

Showing logs for build [32mentando-k8s-entando-k8s-custom-tmpzt-2[0m stage [32mfrom-build-pack[0m and container [32mplace-tools[0m
Unable to retrieve container logs for docker://272fa647cf2e87747fde910c65c3562be3f8cf656edd002af9d45408072cab4a

Showing logs for build [32mentando-k8s-entando-k8s-custom-tmpzt-2[0m stage [32mfrom-build-pack[0m and container [32mstep-git-source-entando-k8s-entando-k8s-custom-tmpzt-r5r4j[0m
Unable to retrieve container logs for docker://37ba2ef0118e5b57eed7e373d1bbf1238f5561b0ceccf865ca87177900ca703c

Showing logs for build [32mentando-k8s-entando-k8s-custom-tmpzt-2[0m stage [32mfrom-build-pack[0m and container [32mstep-setup-builder-home[0m
Unable to retrieve container logs for docker://e0ded35749a03a38084ece4ee589af6f58bc8d85dddaff20724cbe15aff05408

Showing logs for build [32mentando-k8s-entando-k8s-custom-tmpzt-2[0m stage [32mfrom-build-pack[0m and container [32mstep-git-merge[0m
Unable to retrieve container logs for docker://4390e8a7797e5f6413edceca22276f20271f01aa3bf3421deed6edbc758df91d

Showing logs for build [32mentando-k8s-entando-k8s-custom-tmpzt-2[0m stage [32mfrom-build-pack[0m and container [32mstep-build-set-version[0m
Unable to retrieve container logs for docker://8d772cc325a2bc050dc70a43dbc5db53aa4b66fea16ee12507c355a02992f742

Showing logs for build [32mentando-k8s-entando-k8s-custom-tmpzt-2[0m stage [32mfrom-build-pack[0m and container [32mstep-build-fix-git-for-sonar[0m
Unable to retrieve container logs for docker://d80894944b18ab41bca09886bc293f250a9e8f6f1ab22b5306e387a3b29a231e

Showing logs for build [32mentando-k8s-entando-k8s-custom-tmpzt-2[0m stage [32mfrom-build-pack[0m and container [32mstep-build-mvn-verify-pr[0m
Unable to retrieve container logs for docker://6718a1aee45f426fedd4ec42b54b8f5fdae4efe0a35b9825217973c88f9ce00f
[31m
Pipeline failed on stage 'from-build-pack' : container 'step-build-mvn-verify-pr'. The execution of the pipeline has stopped.[0m
