
Showing logs for build [32mentando-k8s-entando-k8s-custom-7vw7x-3[0m stage [32mfrom-build-pack[0m and container [32mcredential-initializer[0m
Unable to retrieve container logs for docker://4a243e18c2a91515d580e4059287ad305eb02f7808afbf2bd57fb624360beb66

Showing logs for build [32mentando-k8s-entando-k8s-custom-7vw7x-3[0m stage [32mfrom-build-pack[0m and container [32mworking-dir-initializer[0m
Unable to retrieve container logs for docker://a19357a4e9b92718730022b23e8e7e79e27f50229478bf4ea91dc736e350cf41

Showing logs for build [32mentando-k8s-entando-k8s-custom-7vw7x-3[0m stage [32mfrom-build-pack[0m and container [32mplace-tools[0m
Unable to retrieve container logs for docker://5e449084ced3fb19138172c56cfb7c3722d235b8615b07383b8f1f1e931a4057

Showing logs for build [32mentando-k8s-entando-k8s-custom-7vw7x-3[0m stage [32mfrom-build-pack[0m and container [32mstep-git-source-entando-k8s-entando-k8s-custom-7vw7x-5w2j9[0m
Unable to retrieve container logs for docker://c02897cece97ce3a0343d2bc4ffe943f26ac26d6a15dff722a330654aa8ef263

Showing logs for build [32mentando-k8s-entando-k8s-custom-7vw7x-3[0m stage [32mfrom-build-pack[0m and container [32mstep-setup-builder-home[0m
Unable to retrieve container logs for docker://27c7e11d53951a25a9671c164f77fe6b3bef73c94655da66d09deed676793613

Showing logs for build [32mentando-k8s-entando-k8s-custom-7vw7x-3[0m stage [32mfrom-build-pack[0m and container [32mstep-git-merge[0m
Unable to retrieve container logs for docker://cb8041b3f375243c255563c67ca7d266924b0d9d4eb90b2cbbb92fa8bc64462c

Showing logs for build [32mentando-k8s-entando-k8s-custom-7vw7x-3[0m stage [32mfrom-build-pack[0m and container [32mstep-build-set-version[0m
Unable to retrieve container logs for docker://194fb99103d69021605f293c7a831462c7d2fecdfa5f2267a4748daba532094f

Showing logs for build [32mentando-k8s-entando-k8s-custom-7vw7x-3[0m stage [32mfrom-build-pack[0m and container [32mstep-build-fix-git-for-sonar[0m
Unable to retrieve container logs for docker://64cd2b6505af083db4bab8ed9ecee5375d1f01ab3c02462ba0b2b4a71a35bb1d

Showing logs for build [32mentando-k8s-entando-k8s-custom-7vw7x-3[0m stage [32mfrom-build-pack[0m and container [32mstep-build-mvn-verify-pr[0m
Unable to retrieve container logs for docker://b3676d7e4f15827ee5ba6c9b419ac01c44c4d4057acc5b3e519948630749dd4b
[31m
Pipeline failed on stage 'from-build-pack' : container 'step-build-mvn-verify-pr'. The execution of the pipeline has stopped.[0m
