
Showing logs for build [32mentando-k8s-entando-k8s-control-9txq2-1[0m stage [32mfrom-build-pack[0m and container [32mcredential-initializer[0m
Unable to retrieve container logs for docker://31e8a51277e51e18dd61294ccb883f089e400bde74acf526323e846a76d8ca39

Showing logs for build [32mentando-k8s-entando-k8s-control-9txq2-1[0m stage [32mfrom-build-pack[0m and container [32mworking-dir-initializer[0m
Unable to retrieve container logs for docker://19d19760fb2a2c11a3a963fd426cde07aa2b64fcf34fb8422cc5f2881219bb1b

Showing logs for build [32mentando-k8s-entando-k8s-control-9txq2-1[0m stage [32mfrom-build-pack[0m and container [32mplace-tools[0m
Unable to retrieve container logs for docker://8af48e3451da1e0648df3907848e387f005a2a8269859f14a044fdec30980446

Showing logs for build [32mentando-k8s-entando-k8s-control-9txq2-1[0m stage [32mfrom-build-pack[0m and container [32mstep-git-source-entando-k8s-entando-k8s-control-9txq2-h5hq7[0m
Unable to retrieve container logs for docker://b9bb71325f552e2e24bc537575b5960b9bc16098aff3474fa4066a47317675bc

Showing logs for build [32mentando-k8s-entando-k8s-control-9txq2-1[0m stage [32mfrom-build-pack[0m and container [32mstep-setup-builder-home[0m
Unable to retrieve container logs for docker://7d69686ac244b551a84ea60f519452201f148f3e1488777ef965cbc74f84ab50

Showing logs for build [32mentando-k8s-entando-k8s-control-9txq2-1[0m stage [32mfrom-build-pack[0m and container [32mstep-git-merge[0m
Unable to retrieve container logs for docker://de5eb172ba09ee1d5a28615896e4e42eac0b0ede53207253c74fe60660d3c350

Showing logs for build [32mentando-k8s-entando-k8s-control-9txq2-1[0m stage [32mfrom-build-pack[0m and container [32mstep-build-set-version[0m
Unable to retrieve container logs for docker://a04e918850513702ede0b188c8c7b708c9d24ad144e4cd66a860b1d689950c5d

Showing logs for build [32mentando-k8s-entando-k8s-control-9txq2-1[0m stage [32mfrom-build-pack[0m and container [32mstep-build-fix-git-for-sonar[0m
Unable to retrieve container logs for docker://f689a8c937c8696d702421dbbe9fd6526add7fb8e8fd410963e3b58dac21b53e

Showing logs for build [32mentando-k8s-entando-k8s-control-9txq2-1[0m stage [32mfrom-build-pack[0m and container [32mstep-build-mvn-verify-pr[0m
Unable to retrieve container logs for docker://69d03fcaa466842509b92bba3c195c29b41e086805796427df42838ae8b7dc64

Showing logs for build [32mentando-k8s-entando-k8s-control-9txq2-1[0m stage [32mfrom-build-pack[0m and container [32mstep-build-container-build[0m
Unable to retrieve container logs for docker://69d3e82f4daa0a39cc6ff92974a9b75afd874232d7bfd01b4790802f3efb6514

Showing logs for build [32mentando-k8s-entando-k8s-control-9txq2-1[0m stage [32mfrom-build-pack[0m and container [32mstep-postbuild-post-build[0m
Unable to retrieve container logs for docker://17502de3bae58b5880a57a844b1d9a0b20947d23cb7cf45d859244d42fc4b515

Showing logs for build [32mentando-k8s-entando-k8s-control-9txq2-1[0m stage [32mfrom-build-pack[0m and container [32mstep-promote-make-preview[0m
Unable to retrieve container logs for docker://2f8cbff6759fe042e75a0b98b39e9e2c0b58ef8225602e0cad15911650886472

Showing logs for build [32mentando-k8s-entando-k8s-control-9txq2-1[0m stage [32mfrom-build-pack[0m and container [32mstep-promote-jx-preview[0m
Unable to retrieve container logs for docker://d2d01d3c190d854f44c1427012f80466621c001d7665560411ae006e6b2ff62e

Showing logs for build [32mentando-k8s-entando-k8s-control-9txq2-1[0m stage [32mfrom-build-pack[0m and container [32mstep-promote-run-post-deployment-tests[0m
Unable to retrieve container logs for docker://31d99aae63e9fe541467b5f420d7b80e92f3e6f769e2e46f16712aa80b4ae70a
