
Showing logs for build [32mentando-k8s-entando-k8s-control-zlwbb-3[0m stage [32mfrom-build-pack[0m and container [32mcredential-initializer[0m
Unable to retrieve container logs for docker://55281f257fda6a6322f85b0f6f9ca55da4b8aea791128a1ad19f9d37974e0819

Showing logs for build [32mentando-k8s-entando-k8s-control-zlwbb-3[0m stage [32mfrom-build-pack[0m and container [32mworking-dir-initializer[0m
Unable to retrieve container logs for docker://253b0b22bcf6dc6ac7a073661dc55f417b7e573772f2843dfadedfe594082a11

Showing logs for build [32mentando-k8s-entando-k8s-control-zlwbb-3[0m stage [32mfrom-build-pack[0m and container [32mplace-tools[0m
Unable to retrieve container logs for docker://7e825a1f34dc246b2d1e72850fe4b53f5354578937b0e8061830bfac49034548

Showing logs for build [32mentando-k8s-entando-k8s-control-zlwbb-3[0m stage [32mfrom-build-pack[0m and container [32mstep-git-source-entando-k8s-entando-k8s-control-zlwbb-5gzbf[0m
Unable to retrieve container logs for docker://eab6482a1c51484fb86dc8a86a25e304109832498b78e753ec37a746d5804967

Showing logs for build [32mentando-k8s-entando-k8s-control-zlwbb-3[0m stage [32mfrom-build-pack[0m and container [32mstep-setup-builder-home[0m
Unable to retrieve container logs for docker://5d0169f28e9a7a737affb3cc10a5f75f364eafee3b603962ae794910a6697d55

Showing logs for build [32mentando-k8s-entando-k8s-control-zlwbb-3[0m stage [32mfrom-build-pack[0m and container [32mstep-git-merge[0m
Unable to retrieve container logs for docker://dc191947cbc51178444b0a304381290bed2ac65bb0452953436e5e9001028e12

Showing logs for build [32mentando-k8s-entando-k8s-control-zlwbb-3[0m stage [32mfrom-build-pack[0m and container [32mstep-build-set-version[0m
Unable to retrieve container logs for docker://b47eacae52baf01732b0c074bf99ce18b2be2310a6be66125dacc436ffefa275

Showing logs for build [32mentando-k8s-entando-k8s-control-zlwbb-3[0m stage [32mfrom-build-pack[0m and container [32mstep-build-fix-git-for-sonar[0m
Unable to retrieve container logs for docker://d4f57024857e7356d25250c794c1176a898afa34e1502f595e58e9155e7***5d

Showing logs for build [32mentando-k8s-entando-k8s-control-zlwbb-3[0m stage [32mfrom-build-pack[0m and container [32mstep-build-mvn-verify-pr[0m
Unable to retrieve container logs for docker://1ee7ace4df6fe90e5c6b8523c3033055fcfe501117655c0b1b90bd46bd0f9c3d

Showing logs for build [32mentando-k8s-entando-k8s-control-zlwbb-3[0m stage [32mfrom-build-pack[0m and container [32mstep-build-container-build[0m
Unable to retrieve container logs for docker://1b0598327bc9a71b46d4ae71fe52e07479b1ac1688324c4811b54056c951f26f

Showing logs for build [32mentando-k8s-entando-k8s-control-zlwbb-3[0m stage [32mfrom-build-pack[0m and container [32mstep-postbuild-post-build[0m
Unable to retrieve container logs for docker://d47f83d09494362f3b3680939424d5f3cfd57bccba7d515dcf8d22e9366a62cd

Showing logs for build [32mentando-k8s-entando-k8s-control-zlwbb-3[0m stage [32mfrom-build-pack[0m and container [32mstep-promote-make-preview[0m
Unable to retrieve container logs for docker://47d25182af23c520ec782f97682e81475d1c341b1cae3d221dca534bc6622920

Showing logs for build [32mentando-k8s-entando-k8s-control-zlwbb-3[0m stage [32mfrom-build-pack[0m and container [32mstep-promote-jx-preview[0m
Unable to retrieve container logs for docker://75e3aacefe4e4a638d97de2a44cc504777411d41803149281aeac7c8d6641d04

Showing logs for build [32mentando-k8s-entando-k8s-control-zlwbb-3[0m stage [32mfrom-build-pack[0m and container [32mstep-promote-run-post-deployment-tests[0m
Unable to retrieve container logs for docker://c4f0c1652d08521bca3169889511974b44fdfa098da1c7318212ee18223f6c6e
