
Showing logs for build [32mentando-k8s-entando-k8s-control-h8c8w-4[0m stage [32mfrom-build-pack[0m and container [32mcredential-initializer[0m
Unable to retrieve container logs for docker://4897a8cf3fad054c81fac4a7c2ba59596adee7d76672226299466fa13226784b

Showing logs for build [32mentando-k8s-entando-k8s-control-h8c8w-4[0m stage [32mfrom-build-pack[0m and container [32mworking-dir-initializer[0m
Unable to retrieve container logs for docker://fb2aac327279b7061da04aeeaefa0c5a62ec0de976483d0dbb46c8522789600a

Showing logs for build [32mentando-k8s-entando-k8s-control-h8c8w-4[0m stage [32mfrom-build-pack[0m and container [32mplace-tools[0m
Unable to retrieve container logs for docker://617cf2418aeefc1a358ea3ed1e80fd24f0eaf46819a8575ed6a3a78f5d1beb2e

Showing logs for build [32mentando-k8s-entando-k8s-control-h8c8w-4[0m stage [32mfrom-build-pack[0m and container [32mstep-git-source-entando-k8s-entando-k8s-control-h8c8w-ws77w[0m
Unable to retrieve container logs for docker://04de0ccca517314128b29c67fd8ce71211fe1f3e33712677620bbfb44c61fb62

Showing logs for build [32mentando-k8s-entando-k8s-control-h8c8w-4[0m stage [32mfrom-build-pack[0m and container [32mstep-setup-builder-home[0m
Unable to retrieve container logs for docker://3e13edd4211edc4083a655499344051b9f1f29e2989cb33e11b5df59ae36c97d

Showing logs for build [32mentando-k8s-entando-k8s-control-h8c8w-4[0m stage [32mfrom-build-pack[0m and container [32mstep-git-merge[0m
Unable to retrieve container logs for docker://8c09ca6f9dc6b01f0958adb809a0e27068f5865b790e993a086d761dd5149e6d

Showing logs for build [32mentando-k8s-entando-k8s-control-h8c8w-4[0m stage [32mfrom-build-pack[0m and container [32mstep-build-set-version[0m
Unable to retrieve container logs for docker://62244dc6188e963041dfb2aa5a98354b8473833954bc1c246f61914387303275

Showing logs for build [32mentando-k8s-entando-k8s-control-h8c8w-4[0m stage [32mfrom-build-pack[0m and container [32mstep-build-fix-git-for-sonar[0m
Unable to retrieve container logs for docker://806e289e75fe267050a63cef27dee9548896190dc0a483474ec50d278833be47

Showing logs for build [32mentando-k8s-entando-k8s-control-h8c8w-4[0m stage [32mfrom-build-pack[0m and container [32mstep-build-mvn-verify-pr[0m
Unable to retrieve container logs for docker://87775e2599d4466baeed3108456fb60e062f94f4e2fc71415cb4ddbb6c92160e

Showing logs for build [32mentando-k8s-entando-k8s-control-h8c8w-4[0m stage [32mfrom-build-pack[0m and container [32mstep-build-container-build[0m
Unable to retrieve container logs for docker://7e0701286b797b61de70fc2b6d761544c0a0ae60c4042d3d959dbda5ff5bbb14

Showing logs for build [32mentando-k8s-entando-k8s-control-h8c8w-4[0m stage [32mfrom-build-pack[0m and container [32mstep-postbuild-post-build[0m
Unable to retrieve container logs for docker://8f38226a5c68fd6bed1dbade4c0dc8656342aba7cdbea63d132e5b50d07b7805

Showing logs for build [32mentando-k8s-entando-k8s-control-h8c8w-4[0m stage [32mfrom-build-pack[0m and container [32mstep-promote-make-preview[0m
Unable to retrieve container logs for docker://f6cce5419ecdb0452b5ef97a180d27609f07f8dfb7d6240b8141e86e82627876

Showing logs for build [32mentando-k8s-entando-k8s-control-h8c8w-4[0m stage [32mfrom-build-pack[0m and container [32mstep-promote-jx-preview[0m
Unable to retrieve container logs for docker://269db7bb308945098edbe37ad9376d792834d7db1ad14b4277076c513e80ca30

Showing logs for build [32mentando-k8s-entando-k8s-control-h8c8w-4[0m stage [32mfrom-build-pack[0m and container [32mstep-promote-run-post-deployment-tests[0m
Unable to retrieve container logs for docker://a84d7902163ad778cec5761f884b3d2a7b003ca4c7af663c4c3658d0cf824563
