
Showing logs for build [32mentando-k8s-entando-k8s-control-qlvrw-2[0m stage [32mfrom-build-pack[0m and container [32mcredential-initializer[0m
Unable to retrieve container logs for docker://fe36d523b2c4ad62257066f1952cd969a6e04fb37b90962eded1ae1c58661a3e

Showing logs for build [32mentando-k8s-entando-k8s-control-qlvrw-2[0m stage [32mfrom-build-pack[0m and container [32mworking-dir-initializer[0m
Unable to retrieve container logs for docker://d11f9bfc9c97f57ba15f1dc3ff98d67934bc30fc57713b4e2e1d5e44630ba40e

Showing logs for build [32mentando-k8s-entando-k8s-control-qlvrw-2[0m stage [32mfrom-build-pack[0m and container [32mplace-tools[0m
Unable to retrieve container logs for docker://3c29ce90b593cd191407bc74c550b7336b53e3ae0b16a05b51d2afe54f25b839

Showing logs for build [32mentando-k8s-entando-k8s-control-qlvrw-2[0m stage [32mfrom-build-pack[0m and container [32mstep-git-source-entando-k8s-entando-k8s-control-qlvrw-8k6bm[0m
Unable to retrieve container logs for docker://1a8762c144ef832f8a224218e8b40c421e275a14fa9a1539c55098e783464163

Showing logs for build [32mentando-k8s-entando-k8s-control-qlvrw-2[0m stage [32mfrom-build-pack[0m and container [32mstep-setup-builder-home[0m
Unable to retrieve container logs for docker://87489239091ab465f9503af9e5a5087faa001be448ce8f035050bfa99faf875f

Showing logs for build [32mentando-k8s-entando-k8s-control-qlvrw-2[0m stage [32mfrom-build-pack[0m and container [32mstep-git-merge[0m
Unable to retrieve container logs for docker://654b76c046dc5864efdf762f09ae1350c4a3323f288f540ca5e69befb39ff845

Showing logs for build [32mentando-k8s-entando-k8s-control-qlvrw-2[0m stage [32mfrom-build-pack[0m and container [32mstep-setup-jx-git-credentials[0m
Unable to retrieve container logs for docker://ac5e7e9703b2a9294ed892aa4a5a127a5c91cf70bfe3ac7ed9370894351ed65e

Showing logs for build [32mentando-k8s-entando-k8s-control-qlvrw-2[0m stage [32mfrom-build-pack[0m and container [32mstep-build-fetch-history-for-sonar[0m
Unable to retrieve container logs for docker://e6741440aa5cf37ff7524d5dffbcae05c344568f28bbf72e0b876566c913680f

Showing logs for build [32mentando-k8s-entando-k8s-control-qlvrw-2[0m stage [32mfrom-build-pack[0m and container [32mstep-build-mvn-deploy-release[0m
Unable to retrieve container logs for docker://69adabe87695573f454c71b1a29dc0031c46ae9ac4f42e62c94eebfa97d32a48

Showing logs for build [32mentando-k8s-entando-k8s-control-qlvrw-2[0m stage [32mfrom-build-pack[0m and container [32mstep-build-container-build[0m
Unable to retrieve container logs for docker://7651949af3fd9103f65178fa16dcaf3ad45767d87ac0fe49522901339aa10650

Showing logs for build [32mentando-k8s-entando-k8s-control-qlvrw-2[0m stage [32mfrom-build-pack[0m and container [32mstep-postbuild-post-build[0m
Unable to retrieve container logs for docker://4640b29a248b5d3c33f882400669d74d0a0815a6b788415a7cfae80b0fb1a31a

Showing logs for build [32mentando-k8s-entando-k8s-control-qlvrw-2[0m stage [32mfrom-build-pack[0m and container [32mstep-promote-changelog[0m
Unable to retrieve container logs for docker://ae7823040881076668d7f6a457fb070a2ed82e28ed06b1188c8ccc46a1becc06

Showing logs for build [32mentando-k8s-entando-k8s-control-qlvrw-2[0m stage [32mfrom-build-pack[0m and container [32mstep-promote-helm-release[0m
Unable to retrieve container logs for docker://f71045fc37c337191ab8df385a786c386a83abd3c705c57807b003d4059d4d15

Showing logs for build [32mentando-k8s-entando-k8s-control-qlvrw-2[0m stage [32mfrom-build-pack[0m and container [32mstep-promote-jx-promote[0m
Unable to retrieve container logs for docker://7b674eebba5e98014b737958869ddc6fa4621a55bd1b64027c23907b1da7a511

Showing logs for build [32mentando-k8s-entando-k8s-control-qlvrw-2[0m stage [32mfrom-build-pack[0m and container [32mstep-promote-update-image-map[0m
Unable to retrieve container logs for docker://c1aefdb9c029af0cfe9d383e153099417c5ad2bfb9226b1fd0da7c9e03317c77
