
Showing logs for build [32mentando-k8s-entando-k8s-control-r5dhq-3[0m stage [32mfrom-build-pack[0m and container [32mcredential-initializer[0m
Unable to retrieve container logs for docker://1e7f1cfa488fc6353f3d3ffa91a4c74c1a347d93d8a77918489805c6b9b1b054

Showing logs for build [32mentando-k8s-entando-k8s-control-r5dhq-3[0m stage [32mfrom-build-pack[0m and container [32mworking-dir-initializer[0m
Unable to retrieve container logs for docker://b32a906558524b0dfd614563ffbb5974fc65edcfc0ca2b4a60c89da744961c64

Showing logs for build [32mentando-k8s-entando-k8s-control-r5dhq-3[0m stage [32mfrom-build-pack[0m and container [32mplace-tools[0m
Unable to retrieve container logs for docker://305602e32c929f093fa614cafc979c060d7809e64f883a5b722283480b688703

Showing logs for build [32mentando-k8s-entando-k8s-control-r5dhq-3[0m stage [32mfrom-build-pack[0m and container [32mstep-git-source-entando-k8s-entando-k8s-control-r5dhq-lslbq[0m
Unable to retrieve container logs for docker://e2b5f255001cdc7364fb252d9ae1f67fd6a830e409505c69e5af70eae9c8c50a

Showing logs for build [32mentando-k8s-entando-k8s-control-r5dhq-3[0m stage [32mfrom-build-pack[0m and container [32mstep-setup-builder-home[0m
Unable to retrieve container logs for docker://8d078c33b884037ebe77568e0f7a9a03a48f339342826e25c3f8fd7ec696f624

Showing logs for build [32mentando-k8s-entando-k8s-control-r5dhq-3[0m stage [32mfrom-build-pack[0m and container [32mstep-git-merge[0m
Unable to retrieve container logs for docker://5c1509db98abc714fb335267ec4fe2773d3a71cbadac3879fd8837f408d1b337

Showing logs for build [32mentando-k8s-entando-k8s-control-r5dhq-3[0m stage [32mfrom-build-pack[0m and container [32mstep-setup-jx-git-credentials[0m
Unable to retrieve container logs for docker://c40b3ecd84d2270db553b4f9c071fd43ca6e852c43226a57200d41a98358ff58

Showing logs for build [32mentando-k8s-entando-k8s-control-r5dhq-3[0m stage [32mfrom-build-pack[0m and container [32mstep-build-fetch-history-for-sonar[0m
Unable to retrieve container logs for docker://f0f16403d481c17ebd5b1ac1b8980406103c92eea3d8e4633265cdffe5e63941

Showing logs for build [32mentando-k8s-entando-k8s-control-r5dhq-3[0m stage [32mfrom-build-pack[0m and container [32mstep-build-mvn-deploy-release[0m
Unable to retrieve container logs for docker://ecebb27e7c910a13e51cc7adebc82f25c94f19b67d9bd366821371d631960254

Showing logs for build [32mentando-k8s-entando-k8s-control-r5dhq-3[0m stage [32mfrom-build-pack[0m and container [32mstep-build-container-build[0m
Unable to retrieve container logs for docker://483da472b784d36d29dae112c61edd5d7a373637b310440538d2c101faa8b225

Showing logs for build [32mentando-k8s-entando-k8s-control-r5dhq-3[0m stage [32mfrom-build-pack[0m and container [32mstep-postbuild-post-build[0m
Unable to retrieve container logs for docker://8f7b36058ff34b1eead63fbdbdbafa26208e768ff32edf40539f3774c678cb48

Showing logs for build [32mentando-k8s-entando-k8s-control-r5dhq-3[0m stage [32mfrom-build-pack[0m and container [32mstep-promote-changelog[0m
Unable to retrieve container logs for docker://23ed7fb10c9cdc6d19e05ee078afdf252123bba22781050a2ad9c89dc76c4420

Showing logs for build [32mentando-k8s-entando-k8s-control-r5dhq-3[0m stage [32mfrom-build-pack[0m and container [32mstep-promote-helm-release[0m
Unable to retrieve container logs for docker://8ac3463ca41325664ebae28f271c4905e33cbc468003bf0945aac0725f74ed2a

Showing logs for build [32mentando-k8s-entando-k8s-control-r5dhq-3[0m stage [32mfrom-build-pack[0m and container [32mstep-promote-jx-promote[0m
Unable to retrieve container logs for docker://cfb3af946ffd9e7aa2cde2ee558bcf39eaff109bdf951d3ff835caa78030c154

Showing logs for build [32mentando-k8s-entando-k8s-control-r5dhq-3[0m stage [32mfrom-build-pack[0m and container [32mstep-promote-update-image-map[0m
Unable to retrieve container logs for docker://576b0c36ec838c33d0913ac85deec10b645af2af3a6d6b12c355da6f804f5025
