
Showing logs for build [32mentando-k8s-entando-k8s-control-l4hgm-4[0m stage [32mfrom-build-pack[0m and container [32mcredential-initializer[0m
Unable to retrieve container logs for docker://4d460c1c8794d2639ec539b87f68f41b76b4464c6cf571741bdc1aa9c802a905

Showing logs for build [32mentando-k8s-entando-k8s-control-l4hgm-4[0m stage [32mfrom-build-pack[0m and container [32mworking-dir-initializer[0m
Unable to retrieve container logs for docker://e7537bb5917477707813f4f8e762265631eb2915c54c403701dbfc5e54a1e605

Showing logs for build [32mentando-k8s-entando-k8s-control-l4hgm-4[0m stage [32mfrom-build-pack[0m and container [32mplace-tools[0m
Unable to retrieve container logs for docker://bb723af19444132a056cb7c42f8af052a96489e6484bd7379783772d1c474d7d

Showing logs for build [32mentando-k8s-entando-k8s-control-l4hgm-4[0m stage [32mfrom-build-pack[0m and container [32mstep-git-source-entando-k8s-entando-k8s-control-l4hgm-btvqc[0m
Unable to retrieve container logs for docker://ca16fab8ad1d36469ef703f1d5211b302acc153da3222772bcc5c226255970ab

Showing logs for build [32mentando-k8s-entando-k8s-control-l4hgm-4[0m stage [32mfrom-build-pack[0m and container [32mstep-setup-builder-home[0m
Unable to retrieve container logs for docker://95663ff3c76abd1d4e85736eb92b0979bb374a061638d65812e4a67fb2d4dd1a

Showing logs for build [32mentando-k8s-entando-k8s-control-l4hgm-4[0m stage [32mfrom-build-pack[0m and container [32mstep-git-merge[0m
Unable to retrieve container logs for docker://04503c355d40f86cf91bf1d0946d2617eb67bc63a8a8cb6663165435a1c6b401

Showing logs for build [32mentando-k8s-entando-k8s-control-l4hgm-4[0m stage [32mfrom-build-pack[0m and container [32mstep-setup-jx-git-credentials[0m
Unable to retrieve container logs for docker://db12dbab1e73375c6fd5d47585b79a4a32c1474b9dbb1b19a01cf30945fec85a

Showing logs for build [32mentando-k8s-entando-k8s-control-l4hgm-4[0m stage [32mfrom-build-pack[0m and container [32mstep-build-fetch-history-for-sonar[0m
Unable to retrieve container logs for docker://1a4d1cc18f37c560ab39f9e0d188b31d75178d03db8a74123164767abbe31d0a

Showing logs for build [32mentando-k8s-entando-k8s-control-l4hgm-4[0m stage [32mfrom-build-pack[0m and container [32mstep-build-mvn-deploy-release[0m
Unable to retrieve container logs for docker://25fb4ad7c47a5d5b5784bf60e1ee3e601709fb165dbfa8322a7faae436bd9d73
[31m
Pipeline failed on stage 'from-build-pack' : container 'step-build-mvn-deploy-release'. The execution of the pipeline has stopped.[0m
