
Showing logs for build [32mentando-k8s-entando-k8s-control-4wzwj-5[0m stage [32mfrom-build-pack[0m and container [32mcredential-initializer[0m
Unable to retrieve container logs for docker://f2690fd09755214ecbd0dd1c3ac81b298285aac9cd1ee7023d7db427963b6716

Showing logs for build [32mentando-k8s-entando-k8s-control-4wzwj-5[0m stage [32mfrom-build-pack[0m and container [32mworking-dir-initializer[0m
Unable to retrieve container logs for docker://a1e73274efd939320f87fbff805a413b8f9abe26fd87503b02999fa18a220e4f

Showing logs for build [32mentando-k8s-entando-k8s-control-4wzwj-5[0m stage [32mfrom-build-pack[0m and container [32mplace-tools[0m
Unable to retrieve container logs for docker://fce9ee0f48353a0c7712da723c5a531b930fddb953a3a42924b1264201ec611f

Showing logs for build [32mentando-k8s-entando-k8s-control-4wzwj-5[0m stage [32mfrom-build-pack[0m and container [32mstep-git-source-entando-k8s-entando-k8s-control-4wzwj-vzjst[0m
Unable to retrieve container logs for docker://21d32d1eff16693d4021249b79b40d2c68c0927873552153a7c98029ead96e18

Showing logs for build [32mentando-k8s-entando-k8s-control-4wzwj-5[0m stage [32mfrom-build-pack[0m and container [32mstep-setup-builder-home[0m
Unable to retrieve container logs for docker://c673570239d1a672b1cd836415ed7d13e0a9627e60c080283883be0f34c0af64

Showing logs for build [32mentando-k8s-entando-k8s-control-4wzwj-5[0m stage [32mfrom-build-pack[0m and container [32mstep-git-merge[0m
Unable to retrieve container logs for docker://0139a318630cbe370adf38bce55de216459a8a163f63736f***d45f2d63a7637

Showing logs for build [32mentando-k8s-entando-k8s-control-4wzwj-5[0m stage [32mfrom-build-pack[0m and container [32mstep-setup-jx-git-credentials[0m
Unable to retrieve container logs for docker://c04f02e4f5707977ada16b2a646a375f727ba3d501479a4d789a2b4a09898448

Showing logs for build [32mentando-k8s-entando-k8s-control-4wzwj-5[0m stage [32mfrom-build-pack[0m and container [32mstep-build-fetch-history-for-sonar[0m
Unable to retrieve container logs for docker://d75edc99d6e66b3addd18d35ef847e16bb4fbe0a6cb0231ffa41e724cdb49246

Showing logs for build [32mentando-k8s-entando-k8s-control-4wzwj-5[0m stage [32mfrom-build-pack[0m and container [32mstep-build-mvn-deploy-release[0m
Unable to retrieve container logs for docker://e1014fbd3125e5256c55e2768aa4be293d94d2ec649055683faf30d5746bbe3c

Showing logs for build [32mentando-k8s-entando-k8s-control-4wzwj-5[0m stage [32mfrom-build-pack[0m and container [32mstep-build-container-build[0m
Unable to retrieve container logs for docker://014f480de698f2422c460610b4c349117ffe4905de7f3a131dff53123e966079

Showing logs for build [32mentando-k8s-entando-k8s-control-4wzwj-5[0m stage [32mfrom-build-pack[0m and container [32mstep-postbuild-post-build[0m
Unable to retrieve container logs for docker://39bfbf0539a9f90cf75433cb3b0c156ee0465319b6110e283d9463d729ce1906

Showing logs for build [32mentando-k8s-entando-k8s-control-4wzwj-5[0m stage [32mfrom-build-pack[0m and container [32mstep-promote-changelog[0m
Unable to retrieve container logs for docker://0297b4793d459c6966224535274c86171c117faade6ca60a13aaa97d39e70a25

Showing logs for build [32mentando-k8s-entando-k8s-control-4wzwj-5[0m stage [32mfrom-build-pack[0m and container [32mstep-promote-helm-release[0m
Unable to retrieve container logs for docker://386585e076163562b020e7486605021dda3f188ac15cd56afbd8418449bc3d64

Showing logs for build [32mentando-k8s-entando-k8s-control-4wzwj-5[0m stage [32mfrom-build-pack[0m and container [32mstep-promote-jx-promote[0m
Unable to retrieve container logs for docker://aba90c5213fddf0c9f1194dca6484d34a004136f6089e4467cb1eb8b2f8fa55a

Showing logs for build [32mentando-k8s-entando-k8s-control-4wzwj-5[0m stage [32mfrom-build-pack[0m and container [32mstep-promote-update-image-map[0m
Unable to retrieve container logs for docker://76750aef8a7149126548e564097ebf3a7f389bae10a7261960781d717eac5e73
