
Showing logs for build [32mentando-k8s-entando-k8s-control-hbnfm-6[0m stage [32mfrom-build-pack[0m and container [32mcredential-initializer[0m
Unable to retrieve container logs for docker://cbfbfe2edad6080d4466b81bd5f1522ca512d71849f2d444644938e776c12f74

Showing logs for build [32mentando-k8s-entando-k8s-control-hbnfm-6[0m stage [32mfrom-build-pack[0m and container [32mworking-dir-initializer[0m
Unable to retrieve container logs for docker://64f25b0a3372587af33afeb380776f27dcc22fd3f8d3d44fa31915ea0582b13c

Showing logs for build [32mentando-k8s-entando-k8s-control-hbnfm-6[0m stage [32mfrom-build-pack[0m and container [32mplace-tools[0m
Unable to retrieve container logs for docker://92dd60a074ec8b4f7263cfd0b564fc63da5e93d2f8efae0d57cbae6430204a31

Showing logs for build [32mentando-k8s-entando-k8s-control-hbnfm-6[0m stage [32mfrom-build-pack[0m and container [32mstep-git-source-entando-k8s-entando-k8s-control-hbnfm-zjct5[0m
Unable to retrieve container logs for docker://50f7d1ca1d18b14f6ff41a8750e93b629d51bebe5820b451409a737149a75314

Showing logs for build [32mentando-k8s-entando-k8s-control-hbnfm-6[0m stage [32mfrom-build-pack[0m and container [32mstep-setup-builder-home[0m
Unable to retrieve container logs for docker://9fc253757469d10c64ffebb249df211bf9353b3ae02d0529476aac242529de17

Showing logs for build [32mentando-k8s-entando-k8s-control-hbnfm-6[0m stage [32mfrom-build-pack[0m and container [32mstep-git-merge[0m
Unable to retrieve container logs for docker://2515580fa451245ab4d538ca7f161c18a9b27a29839f492f67ffa2dfc77cc51a

Showing logs for build [32mentando-k8s-entando-k8s-control-hbnfm-6[0m stage [32mfrom-build-pack[0m and container [32mstep-setup-jx-git-credentials[0m
Unable to retrieve container logs for docker://b17541ddd4fb805a8f4c996224377637ca0ced51617e53406cc0786714163a39

Showing logs for build [32mentando-k8s-entando-k8s-control-hbnfm-6[0m stage [32mfrom-build-pack[0m and container [32mstep-build-fetch-history-for-sonar[0m
Unable to retrieve container logs for docker://7d0f21a83ed1b4363a0a3524c326ce26f6266beb98153b443a7e96c598c09e65

Showing logs for build [32mentando-k8s-entando-k8s-control-hbnfm-6[0m stage [32mfrom-build-pack[0m and container [32mstep-build-mvn-deploy-release[0m
Unable to retrieve container logs for docker://d9beaf788e61f227688573c40c64093ac84ece9c4349fe79cb4b426193ab0cf4
[31m
Pipeline failed on stage 'from-build-pack' : container 'step-build-mvn-deploy-release'. The execution of the pipeline has stopped.[0m
