
Showing logs for build [32mentando-k8s-entando-k8s-keycloa-szkbn-1[0m stage [32mfrom-build-pack[0m and container [32mcredential-initializer[0m
Unable to retrieve container logs for docker://bceb2417909d9c45016d7c998279025799925dbf95a383619b61dedc05b10503

Showing logs for build [32mentando-k8s-entando-k8s-keycloa-szkbn-1[0m stage [32mfrom-build-pack[0m and container [32mworking-dir-initializer[0m
Unable to retrieve container logs for docker://c612d1604592a202676f60a04acc3c6dc780122d6e1a574563fdd7176601cb72

Showing logs for build [32mentando-k8s-entando-k8s-keycloa-szkbn-1[0m stage [32mfrom-build-pack[0m and container [32mplace-tools[0m
Unable to retrieve container logs for docker://7b05141dda0bdb3a157ccad596312f5983fa4c01d636242ca425cbf78783997a

Showing logs for build [32mentando-k8s-entando-k8s-keycloa-szkbn-1[0m stage [32mfrom-build-pack[0m and container [32mstep-git-source-entando-k8s-entando-k8s-keycloa-szkbn-76qhr[0m
Unable to retrieve container logs for docker://56fd32397096662aaaf815b180b6651b5d76115c88ca48332064c83533979229

Showing logs for build [32mentando-k8s-entando-k8s-keycloa-szkbn-1[0m stage [32mfrom-build-pack[0m and container [32mstep-setup-builder-home[0m
Unable to retrieve container logs for docker://1a31563ea08fec7daae095747c8a820d6c3e9f5db36ca7663caefc4c97aad021

Showing logs for build [32mentando-k8s-entando-k8s-keycloa-szkbn-1[0m stage [32mfrom-build-pack[0m and container [32mstep-git-merge[0m
Unable to retrieve container logs for docker://a8ddf8749b38521da3953fa0f9216f3dced9a93e028b9d68b568c6af3d4ecc1a

Showing logs for build [32mentando-k8s-entando-k8s-keycloa-szkbn-1[0m stage [32mfrom-build-pack[0m and container [32mstep-build-set-version[0m
Unable to retrieve container logs for docker://1bfd36a227373e65271837f807c4ec36014bbbbb7a93bc4266d1aa6f7ea73706

Showing logs for build [32mentando-k8s-entando-k8s-keycloa-szkbn-1[0m stage [32mfrom-build-pack[0m and container [32mstep-build-fix-git-for-sonar[0m
Unable to retrieve container logs for docker://70e51ed161a3687d6d1764e985deb96dd52e23c5fb1f494a4b4c478aa6afc30a

Showing logs for build [32mentando-k8s-entando-k8s-keycloa-szkbn-1[0m stage [32mfrom-build-pack[0m and container [32mstep-build-mvn-verify-pr[0m
Unable to retrieve container logs for docker://f6284f87d7f3844261a3e8265de3f9027b6d8e1e5dfcea7e4160a4cd3d5ebf59
[31m
Pipeline failed on stage 'from-build-pack' : container 'step-build-mvn-verify-pr'. The execution of the pipeline has stopped.[0m
