
Showing logs for build [32mentando-k8s-entando-k8s-keycloa-k82cx-2[0m stage [32mfrom-build-pack[0m and container [32mcredential-initializer[0m
Unable to retrieve container logs for docker://a889f9c42982bf7deea3eafd200b1a2c9b95ea10546cf316dba5531a2fb70901

Showing logs for build [32mentando-k8s-entando-k8s-keycloa-k82cx-2[0m stage [32mfrom-build-pack[0m and container [32mworking-dir-initializer[0m
Unable to retrieve container logs for docker://b675d390322b30308956e31ac1e98e1bcdd2b852d31870646c692047f971bf58

Showing logs for build [32mentando-k8s-entando-k8s-keycloa-k82cx-2[0m stage [32mfrom-build-pack[0m and container [32mplace-tools[0m
Unable to retrieve container logs for docker://f8462114da39cb44df3ed4bd79c57658a529720dfa82de72fd886a3bf39b3910

Showing logs for build [32mentando-k8s-entando-k8s-keycloa-k82cx-2[0m stage [32mfrom-build-pack[0m and container [32mstep-git-source-entando-k8s-entando-k8s-keycloa-k82cx-t82j7[0m
Unable to retrieve container logs for docker://20a6261a4864f67406e7281ff7e5481d8fe85d88a815f47bfe0a2070fcad0d18

Showing logs for build [32mentando-k8s-entando-k8s-keycloa-k82cx-2[0m stage [32mfrom-build-pack[0m and container [32mstep-setup-builder-home[0m
Unable to retrieve container logs for docker://c59741836c7c7219cadbf93840f4d37476fa2338f8967a2ccddb6f1e885eaf68

Showing logs for build [32mentando-k8s-entando-k8s-keycloa-k82cx-2[0m stage [32mfrom-build-pack[0m and container [32mstep-git-merge[0m
Unable to retrieve container logs for docker://df53d81c818ed93b65575dcc62fc557dfb47a0ba7ec2fe7677bc4daeadb5c717

Showing logs for build [32mentando-k8s-entando-k8s-keycloa-k82cx-2[0m stage [32mfrom-build-pack[0m and container [32mstep-build-set-version[0m
Unable to retrieve container logs for docker://8325142b97cdc548ad8f09222bd70e371583cc40f654791202b63c79c46e7e6a

Showing logs for build [32mentando-k8s-entando-k8s-keycloa-k82cx-2[0m stage [32mfrom-build-pack[0m and container [32mstep-build-fix-git-for-sonar[0m
Unable to retrieve container logs for docker://33c8df0bbc91320e0e9c2ae8c05858040eef844920eab64575b8ba977b7b564f

Showing logs for build [32mentando-k8s-entando-k8s-keycloa-k82cx-2[0m stage [32mfrom-build-pack[0m and container [32mstep-build-mvn-verify-pr[0m
Unable to retrieve container logs for docker://f10fe84ad61b6c3e44cdd11f2da224533b685755e5ce80198ab5ecb4243b9063

Showing logs for build [32mentando-k8s-entando-k8s-keycloa-k82cx-2[0m stage [32mfrom-build-pack[0m and container [32mstep-build-container-build[0m
Unable to retrieve container logs for docker://dcbf8b62d3d82125127020dccaeb7066b0f6c1eba376b81de1fc53385e3b692e

Showing logs for build [32mentando-k8s-entando-k8s-keycloa-k82cx-2[0m stage [32mfrom-build-pack[0m and container [32mstep-postbuild-post-build[0m
Unable to retrieve container logs for docker://e7e6abb6ae945042c500b8408e93331f962eeee6e6acec6faa16779172c3dc4a

Showing logs for build [32mentando-k8s-entando-k8s-keycloa-k82cx-2[0m stage [32mfrom-build-pack[0m and container [32mstep-promote-make-preview[0m
Unable to retrieve container logs for docker://325b410d0463225f8285ea0f10fb1e5b781e05b7986d4a6e5c60765f0cc8733a
[31m
Pipeline failed on stage 'from-build-pack' : container 'step-promote-make-preview'. The execution of the pipeline has stopped.[0m
