
Showing logs for build [32mentando-k8s-entando-k8s-keycloa-8wx7g-3[0m stage [32mfrom-build-pack[0m and container [32mcredential-initializer[0m
Unable to retrieve container logs for docker://d24127861bd4e4613e4ac6e8cd0fb11aa9d3f9989e2301442add0f8001b86066

Showing logs for build [32mentando-k8s-entando-k8s-keycloa-8wx7g-3[0m stage [32mfrom-build-pack[0m and container [32mworking-dir-initializer[0m
Unable to retrieve container logs for docker://fe467ca4db95030f4841895eb9d05a10df12aa69ccbb7f2b758b31313b220039

Showing logs for build [32mentando-k8s-entando-k8s-keycloa-8wx7g-3[0m stage [32mfrom-build-pack[0m and container [32mplace-tools[0m
Unable to retrieve container logs for docker://3d24383451cef509a6835df12b63fc1e95ae5f15fab80551d8819d7b2186f15f

Showing logs for build [32mentando-k8s-entando-k8s-keycloa-8wx7g-3[0m stage [32mfrom-build-pack[0m and container [32mstep-git-source-entando-k8s-entando-k8s-keycloa-8wx7g-pk8dm[0m
Unable to retrieve container logs for docker://9f4222059dadb62766c826ac6e5bdf6577ea758102f75e05aab780514cc0d848

Showing logs for build [32mentando-k8s-entando-k8s-keycloa-8wx7g-3[0m stage [32mfrom-build-pack[0m and container [32mstep-setup-builder-home[0m
Unable to retrieve container logs for docker://79d5163f5e8a7f72b2232dcfcf34de3788f5f97c6b14d3755e95aba8872e565f

Showing logs for build [32mentando-k8s-entando-k8s-keycloa-8wx7g-3[0m stage [32mfrom-build-pack[0m and container [32mstep-git-merge[0m
Unable to retrieve container logs for docker://8155a1367d55785c532c58ad6ae2656ef9a3d45be69ead6f10481d5ce486ca70

Showing logs for build [32mentando-k8s-entando-k8s-keycloa-8wx7g-3[0m stage [32mfrom-build-pack[0m and container [32mstep-build-set-version[0m
Unable to retrieve container logs for docker://caccf13d7167f131747b7eba7be673245a118ce759becd6a58780dbe6ece3121

Showing logs for build [32mentando-k8s-entando-k8s-keycloa-8wx7g-3[0m stage [32mfrom-build-pack[0m and container [32mstep-build-fix-git-for-sonar[0m
Unable to retrieve container logs for docker://632cedc9d69dbe417e26f5af638b8933059ab9ccfed00135178abcfbd852de3e

Showing logs for build [32mentando-k8s-entando-k8s-keycloa-8wx7g-3[0m stage [32mfrom-build-pack[0m and container [32mstep-build-mvn-verify-pr[0m
Unable to retrieve container logs for docker://b70c7a3eaadc1f7d8738dcf91c11b829f28404e61bc2434347f338e35f152705
[31m
Pipeline failed on stage 'from-build-pack' : container 'step-build-mvn-verify-pr'. The execution of the pipeline has stopped.[0m
