
Showing logs for build [32mentando-k8s-entando-quarkus-par-zclw2-12[0m stage [32mfrom-build-pack[0m and container [32mcredential-initializer[0m
{"level":"info","ts":1639733671.9273927,"caller":"creds-init/main.go:44","msg":"Credentials initialized."}

Showing logs for build [32mentando-k8s-entando-quarkus-par-zclw2-12[0m stage [32mfrom-build-pack[0m and container [32mworking-dir-initializer[0m

Showing logs for build [32mentando-k8s-entando-quarkus-par-zclw2-12[0m stage [32mfrom-build-pack[0m and container [32mplace-tools[0m

Showing logs for build [32mentando-k8s-entando-quarkus-par-zclw2-12[0m stage [32mfrom-build-pack[0m and container [32mstep-git-source-entando-k8s-entando-quarkus-par-zclw2-575b5[0m
{"level":"info","ts":1639733703.5447402,"caller":"git/git.go:105","msg":"Successfully cloned https://github.com/entando-k8s/entando-quarkus-parent.git @ v7.0.4 in path /workspace/source"}
{"level":"warn","ts":1639733703.5449288,"caller":"git/git.go:152","msg":"Unexpected error: creating symlink: symlink /tekton/home/.ssh /****/.ssh: file exists"}
{"level":"info","ts":1639733703.6261349,"caller":"git/git.go:133","msg":"Successfully initialized and updated submodules in path /workspace/source"}

Showing logs for build [32mentando-k8s-entando-quarkus-par-zclw2-12[0m stage [32mfrom-build-pack[0m and container [32mstep-setup-builder-home[0m

Showing logs for build [32mentando-k8s-entando-quarkus-par-zclw2-12[0m stage [32mfrom-build-pack[0m and container [32mstep-git-merge[0m
Using SHAs from PULL_REFS=master:4ddc3c8584e0467e135a64ae15d0c6a12b48271e
WARNING: no SHAs to merge, falling back to initial cloned commit

Showing logs for build [32mentando-k8s-entando-quarkus-par-zclw2-12[0m stage [32mfrom-build-pack[0m and container [32mstep-setup-jx-git-credentials[0m
Generated Git credentials file /workspace/xdg_config/git/credentials

Showing logs for build [32mentando-k8s-entando-quarkus-par-zclw2-12[0m stage [32mfrom-build-pack[0m and container [32mstep-build-mvn-deploy[0m
Picked up _JAVA_OPTIONS: -XX:+UnlockExperimentalVMOptions -Dsun.zip.disableMemoryMapping=**** -XX:+UseParallelGC -XX:MinHeapFreeRatio=5 -XX:MaxHeapFreeRatio=10 -XX:GCTimeRatio=4 -XX:AdaptiveSizePolicyWeight=90 -Xms10m -Xmx8000m
[INFO] Scanning for projects...
[WARNING] 
[WARNING] Some problems were encountered while building the effective model for org.entando:entando-quarkus-parent:pom:7.0.4
[WARNING] 'dependencies.dependency.scope' for com.fasterxml.jackson:jackson-bom:pom must be one of [provided, compile, runtime, test, ******] but is 'import'. @ line 415, column 20
[WARNING] 'dependencies.dependency.scope' for org.jboss.resteasy:resteasy-bom:pom must be one of [provided, compile, runtime, test, ******] but is 'import'. @ line 422, column 20
[WARNING] 'dependencies.dependency.scope' for org.junit:junit-bom:pom must be one of [provided, compile, runtime, test, ******] but is 'import'. @ line 429, column 20
[WARNING] 'dependencies.dependency.scope' for io.quarkus:quarkus-bom:pom must be one of [provided, compile, runtime, test, ******] but is 'import'. @ line 436, column 20
[WARNING] 
[WARNING] It is highly recommended to fix these problems because they threaten the stability of your build.
[WARNING] 
[WARNING] For this reason, future Maven versions might no longer support building such malformed projects.
[WARNING] 
[INFO] 
[INFO] -----------------< org.entando:entando-quarkus-parent >-----------------
[INFO] Building Entando Quarkus Parent POM 7.0.4
[INFO] --------------------------------[ pom ]---------------------------------
[INFO] 
[INFO] --- maven-clean-plugin:2.5:clean (default-clean) @ entando-quarkus-parent ---
[INFO] 
[INFO] --- maven-surefire-report-plugin:3.0.0-M4:failsafe-report-only (integration-tests) @ entando-quarkus-parent ---
[INFO] 
[INFO] --- maven-surefire-report-plugin:3.0.0-M4:report-only (unit-tests) @ entando-quarkus-parent ---
[WARNING] Unable to locate Test Source XRef to link to - DISABLED
[INFO] 
[INFO] --- maven-install-plugin:2.4:install (default-install) @ entando-quarkus-parent ---
[INFO] Installing /workspace/source/pom.xml to /home/jenkins/.mvnrepository/org/entando/entando-quarkus-parent/7.0.4/entando-quarkus-parent-7.0.4.pom
[INFO] 
[INFO] --- maven-deploy-plugin:2.8.2:deploy (default-deploy) @ entando-quarkus-parent ---
[INFO] Using alternate deployment repository local-nexus::default::http://nexus/repository/maven-releases/
[INFO] ------------------------------------------------------------------------
[INFO] BUILD SUCCESS
[INFO] ------------------------------------------------------------------------
[INFO] Total time:  7.290 s
[INFO] Finished at: 2021-12-17T09:35:16Z
[INFO] ------------------------------------------------------------------------

Showing logs for build [32mentando-k8s-entando-quarkus-par-zclw2-12[0m stage [32mfrom-build-pack[0m and container [32mstep-promote-changelog[0m
Converted /workspace/source to an unshallow repository
Generating change log from git ref a87a9de6047e74395ee1ddbcd8469266c53f0a56 => c933815af2ca67d0dbcdde9f8d5e7e2ba0ccfe68
Associating user w-caffiero-entando-0 in users.jenkins.io with email w.caffiero@entando.com to git GitProvider user with login walter-caffiero-0 as emails match
Adding label jenkins.io/git-github-userid=walter-caffiero-0 to user w-caffiero-entando-0 in users.jenkins.io
Associating user w-caffiero-entando-0 in users.jenkins.io with email w.caffiero@entando.com to git GitProvider user with login walter-caffiero-0 as emails match
Adding label jenkins.io/git-github-userid=walter-caffiero-0 to user w-caffiero-entando-0 in users.jenkins.io
Finding issues in commit messages using git format
Associating user w-caffiero-entando-0 in users.jenkins.io with email w.caffiero@entando.com to git GitProvider user with login walter-caffiero-0 as emails match
Adding label jenkins.io/git-github-userid=walter-caffiero-0 to user w-caffiero-entando-0 in users.jenkins.io
Associating user w-caffiero-entando-0 in users.jenkins.io with email w.caffiero@entando.com to git GitProvider user with login walter-caffiero-0 as emails match
Adding label jenkins.io/git-github-userid=walter-caffiero-0 to user w-caffiero-entando-0 in users.jenkins.io
WARNING: No release found for entando-k8s/entando-quarkus-parent and tag v7.0.4 so creating a new release
Updated the release information at https://github.com/entando-k8s/entando-quarkus-parent/releases/tag/v7.0.4
generated: /workspace/source/templates/release.yaml
Created Release entando-quarkus-parent-7-0-4 resource in namespace **
Updating PipelineActivity entando-k8s-entando-quarkus-parent-master-12 with version 7.0.4
Updated PipelineActivities entando-k8s-entando-quarkus-parent-master-12 with release notes URL: https://github.com/entando-k8s/entando-quarkus-parent/releases/tag/v7.0.4
