
Showing logs for build [32mentando-k8s-entando-de-app-pr-2-xl5gt-1[0m stage [32mfrom-build-pack[0m and container [32mcredential-initializer[0m
Unable to retrieve container logs for docker://13c3982fa16d0d5d7286cd46f1285f3691fa15f3c6ae995fd917cb5e9ef8c178

Showing logs for build [32mentando-k8s-entando-de-app-pr-2-xl5gt-1[0m stage [32mfrom-build-pack[0m and container [32mworking-dir-initializer[0m
Unable to retrieve container logs for docker://6764cd525ac3e97594dee2d8328cd4140001c559ef4c264bd10c8409ca80c31e

Showing logs for build [32mentando-k8s-entando-de-app-pr-2-xl5gt-1[0m stage [32mfrom-build-pack[0m and container [32mplace-tools[0m
Unable to retrieve container logs for docker://70970758d28c3475c4f302dbd2ea0c0629e2fb2032b93919855fc8b83d94dd7c

Showing logs for build [32mentando-k8s-entando-de-app-pr-2-xl5gt-1[0m stage [32mfrom-build-pack[0m and container [32mstep-git-source-entando-k8s-entando-de-app-pr-2-xl5gt-k5f5f[0m
Unable to retrieve container logs for docker://454171e0d4e7b838e76ddd1ffa60715bece459551122d73784e472d921f8e809

Showing logs for build [32mentando-k8s-entando-de-app-pr-2-xl5gt-1[0m stage [32mfrom-build-pack[0m and container [32mstep-setup-builder-home[0m
Unable to retrieve container logs for docker://eb602532dcae924d546a63ec3127e841df4feb254cfdd10560bc83f81fbc4915

Showing logs for build [32mentando-k8s-entando-de-app-pr-2-xl5gt-1[0m stage [32mfrom-build-pack[0m and container [32mstep-git-merge[0m
Unable to retrieve container logs for docker://2abbb3349b26077ff21af448f926cb0bd1ceb452b4a4127b98dae2964babcd0e

Showing logs for build [32mentando-k8s-entando-de-app-pr-2-xl5gt-1[0m stage [32mfrom-build-pack[0m and container [32mstep-build-set-version[0m
Unable to retrieve container logs for docker://0f81364eabc0f460359918a2ba5c9a5c3813102fa4eda94718a6380e27e78921

Showing logs for build [32mentando-k8s-entando-de-app-pr-2-xl5gt-1[0m stage [32mfrom-build-pack[0m and container [32mstep-build-mvn-verify[0m
Unable to retrieve container logs for docker://df76d664a72f33208d69ed118d69d204a2b36448b1c2e30d96470c2ff870***7

Showing logs for build [32mentando-k8s-entando-de-app-pr-2-xl5gt-1[0m stage [32mfrom-build-pack[0m and container [32mstep-build-container-build[0m
Unable to retrieve container logs for docker://122e7229f1cea07e7247328a7353c64a87b68d028b0c58267db7a161d4a4082b

Showing logs for build [32mentando-k8s-entando-de-app-pr-2-xl5gt-1[0m stage [32mfrom-build-pack[0m and container [32mstep-postbuild-post-build[0m
Unable to retrieve container logs for docker://ee22877ee2ecf97555569c59c68c35748a62f34ba18dca11e8459e65b39f5865
