
Showing logs for build [32mentando-k8s-entando-k8s-composi-mcwkz-1[0m stage [32mfrom-build-pack[0m and container [32mcredential-initializer[0m
Unable to retrieve container logs for docker://3b0386fc32d13b5ea02ca4786b7c464ffcec4b554f3a31020f5d1b94339d4246

Showing logs for build [32mentando-k8s-entando-k8s-composi-mcwkz-1[0m stage [32mfrom-build-pack[0m and container [32mworking-dir-initializer[0m
Unable to retrieve container logs for docker://27ddc8c242432e7985ff82e2bedc890f3b20789c7e42513febf95fc9940c2937

Showing logs for build [32mentando-k8s-entando-k8s-composi-mcwkz-1[0m stage [32mfrom-build-pack[0m and container [32mplace-tools[0m
Unable to retrieve container logs for docker://3682f366de1d385a094086073351105c9f0b8777ccdc666e3f5a78e8135e1b6a

Showing logs for build [32mentando-k8s-entando-k8s-composi-mcwkz-1[0m stage [32mfrom-build-pack[0m and container [32mstep-git-source-entando-k8s-entando-k8s-composi-mcwkz-5rvdc[0m
Unable to retrieve container logs for docker://d4a69c422cfdb01680e8281b2013166c1c2df75af9a9821e2a532e07dce23125

Showing logs for build [32mentando-k8s-entando-k8s-composi-mcwkz-1[0m stage [32mfrom-build-pack[0m and container [32mstep-setup-builder-home[0m
Unable to retrieve container logs for docker://18a1dfe2ae067a101d06f6b90353ef1e40244c0934fc431c40de7908f5260c10

Showing logs for build [32mentando-k8s-entando-k8s-composi-mcwkz-1[0m stage [32mfrom-build-pack[0m and container [32mstep-git-merge[0m
Unable to retrieve container logs for docker://1e0585f5aaa49805a973d1dbca48a473218e6d6f524a7e4821f834e858c2e35e

Showing logs for build [32mentando-k8s-entando-k8s-composi-mcwkz-1[0m stage [32mfrom-build-pack[0m and container [32mstep-build-set-version[0m
Unable to retrieve container logs for docker://fdc99e171064bd441bc71dce065255700fedc730ca8def3b2a87fd1dac82d534

Showing logs for build [32mentando-k8s-entando-k8s-composi-mcwkz-1[0m stage [32mfrom-build-pack[0m and container [32mstep-build-fix-git-for-sonar[0m
Unable to retrieve container logs for docker://dac9f062dc1f19339efecf39a75d6a23c9634c737d2b8f1daf5a8c09285ace65

Showing logs for build [32mentando-k8s-entando-k8s-composi-mcwkz-1[0m stage [32mfrom-build-pack[0m and container [32mstep-build-mvn-verify-pr[0m
Unable to retrieve container logs for docker://8b0b228eb185c4641fe8b559edf0d7648d14976e7308d026b9691dc4cad5377e
[31m
Pipeline failed on stage 'from-build-pack' : container 'step-build-mvn-verify-pr'. The execution of the pipeline has stopped.[0m
