
Showing logs for build [32mentando-k8s-entando-k8s-composi-t66gw-2[0m stage [32mfrom-build-pack[0m and container [32mcredential-initializer[0m
Unable to retrieve container logs for docker://24c06a655570da7338ef13c033e2cb63755c268f5b061f04af55a3a65c98e86e

Showing logs for build [32mentando-k8s-entando-k8s-composi-t66gw-2[0m stage [32mfrom-build-pack[0m and container [32mworking-dir-initializer[0m
Unable to retrieve container logs for docker://691e9ac0c43d784f7743fcff7d1eca2cd924de29afd27207ee63b60efa67d858

Showing logs for build [32mentando-k8s-entando-k8s-composi-t66gw-2[0m stage [32mfrom-build-pack[0m and container [32mplace-tools[0m
Unable to retrieve container logs for docker://a4ac21a1fdab9338cad6be0adfd7e42052aa4c8fa5d9b91843797c0bee34d430

Showing logs for build [32mentando-k8s-entando-k8s-composi-t66gw-2[0m stage [32mfrom-build-pack[0m and container [32mstep-git-source-entando-k8s-entando-k8s-composi-t66gw-s4p2b[0m
Unable to retrieve container logs for docker://8b4350f2e092a329ac6c8bed636ca7041738dc61cf87b647066611ad56ce4921

Showing logs for build [32mentando-k8s-entando-k8s-composi-t66gw-2[0m stage [32mfrom-build-pack[0m and container [32mstep-setup-builder-home[0m
Unable to retrieve container logs for docker://f9507dd92e5b0d55db0140ffa6506a7ba3310d81309c8f3f708119924b0bfd14

Showing logs for build [32mentando-k8s-entando-k8s-composi-t66gw-2[0m stage [32mfrom-build-pack[0m and container [32mstep-git-merge[0m
Unable to retrieve container logs for docker://cdf8c597fded8f2a1ee6012f1870613301e7e53f6a590812379a35b17de2ca54

Showing logs for build [32mentando-k8s-entando-k8s-composi-t66gw-2[0m stage [32mfrom-build-pack[0m and container [32mstep-build-set-version[0m
Unable to retrieve container logs for docker://fe5fe907876c22713320d7bb3075cc39f75b40445d01612847c58150bd88c83d

Showing logs for build [32mentando-k8s-entando-k8s-composi-t66gw-2[0m stage [32mfrom-build-pack[0m and container [32mstep-build-fix-git-for-sonar[0m
Unable to retrieve container logs for docker://4ecd65b49def0221be6c988302389a09b938067c58bb353b4c29bac7b4d82f7b

Showing logs for build [32mentando-k8s-entando-k8s-composi-t66gw-2[0m stage [32mfrom-build-pack[0m and container [32mstep-build-mvn-verify-pr[0m
Unable to retrieve container logs for docker://ca7ed07302abcb38c8b8ae7b9343f37e63d83a9f91cfa61ce090665f5a02874b
[31m
Pipeline failed on stage 'from-build-pack' : container 'step-build-mvn-verify-pr'. The execution of the pipeline has stopped.[0m
