
Showing logs for build [32mentando-k8s-entando-k8s-composi-hszpk-3[0m stage [32mfrom-build-pack[0m and container [32mcredential-initializer[0m
Unable to retrieve container logs for docker://47af176af561de235225c9f4dca725162f0cb7f2ec843a67c7bd14a104f5ea42

Showing logs for build [32mentando-k8s-entando-k8s-composi-hszpk-3[0m stage [32mfrom-build-pack[0m and container [32mworking-dir-initializer[0m
Unable to retrieve container logs for docker://61cb6f618f36ed1118850c44e9977931dc2f5b72187b432a9b77de14f0ce3c1e

Showing logs for build [32mentando-k8s-entando-k8s-composi-hszpk-3[0m stage [32mfrom-build-pack[0m and container [32mplace-tools[0m
Unable to retrieve container logs for docker://0e73926c015b337444968e9d05e5c179d13de3b7eeee5e78894e07c6ed57141a

Showing logs for build [32mentando-k8s-entando-k8s-composi-hszpk-3[0m stage [32mfrom-build-pack[0m and container [32mstep-git-source-entando-k8s-entando-k8s-composi-hszpk-fz2nm[0m
Unable to retrieve container logs for docker://e898344343a5b11a5800ab5f1d21b51a0e2b5269ebab9511672110e357684e7d

Showing logs for build [32mentando-k8s-entando-k8s-composi-hszpk-3[0m stage [32mfrom-build-pack[0m and container [32mstep-setup-builder-home[0m
Unable to retrieve container logs for docker://c66cc4275ddcda377e626ea8af603d239110c1ba9e3d504c60a4cacf9aa73c3e

Showing logs for build [32mentando-k8s-entando-k8s-composi-hszpk-3[0m stage [32mfrom-build-pack[0m and container [32mstep-git-merge[0m
Unable to retrieve container logs for docker://97c5ae7341181f557ad52377c3fede450a57fbdd4fb7583381b95d6c89ea5b08

Showing logs for build [32mentando-k8s-entando-k8s-composi-hszpk-3[0m stage [32mfrom-build-pack[0m and container [32mstep-build-set-version[0m
Unable to retrieve container logs for docker://3d7c407c221c7d2d2ce4ed47773d816e5602b086b98f5b1cbffc5bd7e1cb1651

Showing logs for build [32mentando-k8s-entando-k8s-composi-hszpk-3[0m stage [32mfrom-build-pack[0m and container [32mstep-build-fix-git-for-sonar[0m
Unable to retrieve container logs for docker://a05429c6e3fe3709fb8144c8b7dccf3d2a93adf04f5c9251e6ee08e0d2becf37

Showing logs for build [32mentando-k8s-entando-k8s-composi-hszpk-3[0m stage [32mfrom-build-pack[0m and container [32mstep-build-mvn-verify-pr[0m
Unable to retrieve container logs for docker://441671f11101df7867bc59c73e86640679614cd166ea0b229ae0098063ef283d
[31m
Pipeline failed on stage 'from-build-pack' : container 'step-build-mvn-verify-pr'. The execution of the pipeline has stopped.[0m
