
Showing logs for build [32mentando-k8s-entando-k8s-composi-7rhlk-4[0m stage [32mfrom-build-pack[0m and container [32mcredential-initializer[0m
Unable to retrieve container logs for docker://9b958a131cc30004d7331f380c43580e73d0e42bd43551b29e4e2fdb8d37307b

Showing logs for build [32mentando-k8s-entando-k8s-composi-7rhlk-4[0m stage [32mfrom-build-pack[0m and container [32mworking-dir-initializer[0m
Unable to retrieve container logs for docker://1b567e1751a64665c128974e0f9eaf6201ad2f6c0f0c2e68da646e6f6f2f3f2d

Showing logs for build [32mentando-k8s-entando-k8s-composi-7rhlk-4[0m stage [32mfrom-build-pack[0m and container [32mplace-tools[0m
Unable to retrieve container logs for docker://b44de1b93aa26346d98075e305b5c562c39d206ae2ed387e899769649df9032b

Showing logs for build [32mentando-k8s-entando-k8s-composi-7rhlk-4[0m stage [32mfrom-build-pack[0m and container [32mstep-git-source-entando-k8s-entando-k8s-composi-7rhlk-j76fh[0m
Unable to retrieve container logs for docker://b528fb8856d3cf441f669033058158397c8fdaceb1b5e329337***c16eea2a55

Showing logs for build [32mentando-k8s-entando-k8s-composi-7rhlk-4[0m stage [32mfrom-build-pack[0m and container [32mstep-setup-builder-home[0m
Unable to retrieve container logs for docker://7c64e1a1ffa27c4c0329acd2d4ff5807fdeae821b8a53d210875e6c60bef8b37

Showing logs for build [32mentando-k8s-entando-k8s-composi-7rhlk-4[0m stage [32mfrom-build-pack[0m and container [32mstep-git-merge[0m
Unable to retrieve container logs for docker://09076515eb7f4524652f1c8afd84da2f78c8a6e27aff9320786f5ab4dfc41a4b

Showing logs for build [32mentando-k8s-entando-k8s-composi-7rhlk-4[0m stage [32mfrom-build-pack[0m and container [32mstep-build-set-version[0m
Unable to retrieve container logs for docker://34d2e6fb8342e0715da9b36115f8b8748839782dd8f1b86cdc2a5ed2bc9ee338

Showing logs for build [32mentando-k8s-entando-k8s-composi-7rhlk-4[0m stage [32mfrom-build-pack[0m and container [32mstep-build-fix-git-for-sonar[0m
Unable to retrieve container logs for docker://c40e6b66e241441785d23238b84fe163e9f6ac29fb830926ddc89cebd06a9f4b

Showing logs for build [32mentando-k8s-entando-k8s-composi-7rhlk-4[0m stage [32mfrom-build-pack[0m and container [32mstep-build-mvn-verify-pr[0m
Unable to retrieve container logs for docker://b9a3a606ca5c2f67747beef58bdf161292bdf734f2deae19b8413a08f25f7843
[31m
Pipeline failed on stage 'from-build-pack' : container 'step-build-mvn-verify-pr'. The execution of the pipeline has stopped.[0m
