
Showing logs for build [32mentando-k8s-entando-k8s-composi-rt4tz-6[0m stage [32mfrom-build-pack[0m and container [32mcredential-initializer[0m
Unable to retrieve container logs for docker://375fca6fa9a65563f957a4429e247033409233c93e71c71dd4ccab702bde9f0c

Showing logs for build [32mentando-k8s-entando-k8s-composi-rt4tz-6[0m stage [32mfrom-build-pack[0m and container [32mworking-dir-initializer[0m
Unable to retrieve container logs for docker://2e9e1235481cf54522bbb26ff0582c4fbfbf9918e9414443bf4744b6c31d605f

Showing logs for build [32mentando-k8s-entando-k8s-composi-rt4tz-6[0m stage [32mfrom-build-pack[0m and container [32mplace-tools[0m
Unable to retrieve container logs for docker://0c1e1b6f576b8f1746b9f20c97a10f4055351d135f2e00149b7e704ef279a33b

Showing logs for build [32mentando-k8s-entando-k8s-composi-rt4tz-6[0m stage [32mfrom-build-pack[0m and container [32mstep-git-source-entando-k8s-entando-k8s-composi-rt4tz-mgk4b[0m
Unable to retrieve container logs for docker://393f92facf48c257d30104adfc02d004f535697138d5c639f01997d1e78b1528

Showing logs for build [32mentando-k8s-entando-k8s-composi-rt4tz-6[0m stage [32mfrom-build-pack[0m and container [32mstep-setup-builder-home[0m
Unable to retrieve container logs for docker://f2620e8c0f36f62cecab66d5b8aded33d79b381fce6e32635ddfd6b78eede511

Showing logs for build [32mentando-k8s-entando-k8s-composi-rt4tz-6[0m stage [32mfrom-build-pack[0m and container [32mstep-git-merge[0m
Unable to retrieve container logs for docker://a7b450d4691f260b7c74e57014571c0210fb7a140c0b0458b5267be95f39f272

Showing logs for build [32mentando-k8s-entando-k8s-composi-rt4tz-6[0m stage [32mfrom-build-pack[0m and container [32mstep-build-set-version[0m
Unable to retrieve container logs for docker://43395dd514cfda16afe527ef41b2b842af137adcde1ab56c2834cb73efe85212

Showing logs for build [32mentando-k8s-entando-k8s-composi-rt4tz-6[0m stage [32mfrom-build-pack[0m and container [32mstep-build-fix-git-for-sonar[0m
Unable to retrieve container logs for docker://da737f3a8f7038155ed9c2c22596eb04cfa11630cd2d0a22f8491e998074f272

Showing logs for build [32mentando-k8s-entando-k8s-composi-rt4tz-6[0m stage [32mfrom-build-pack[0m and container [32mstep-build-mvn-verify-pr[0m
Unable to retrieve container logs for docker://307d0a4ea082f06571603aba32336064a037f2291a9f740dec7982b1fa12771c
[31m
Pipeline failed on stage 'from-build-pack' : container 'step-build-mvn-verify-pr'. The execution of the pipeline has stopped.[0m
