
Showing logs for build [32mentando-k8s-entando-k8s-keycloa-fq9n2-1[0m stage [32mfrom-build-pack[0m and container [32mcredential-initializer[0m
Unable to retrieve container logs for docker://44a512877c54662b75e0f7faccd18f2b46c6e77a20059d7c3af26a7efee6cd0d

Showing logs for build [32mentando-k8s-entando-k8s-keycloa-fq9n2-1[0m stage [32mfrom-build-pack[0m and container [32mworking-dir-initializer[0m
Unable to retrieve container logs for docker://80857b9c91f46748574d1a648f3b04642cc295cc6c6d1358448bb95aed9a5362

Showing logs for build [32mentando-k8s-entando-k8s-keycloa-fq9n2-1[0m stage [32mfrom-build-pack[0m and container [32mplace-tools[0m
Unable to retrieve container logs for docker://578bb6535500de3c4923e410f6693b1a2b41e93b0fdc974ace1e683a0e326410

Showing logs for build [32mentando-k8s-entando-k8s-keycloa-fq9n2-1[0m stage [32mfrom-build-pack[0m and container [32mstep-git-source-entando-k8s-entando-k8s-keycloa-fq9n2-xlgdq[0m
Unable to retrieve container logs for docker://145038e78fb0f14a3623dc56ae67d138cdbfe441e03b14463d88af9709b1022e

Showing logs for build [32mentando-k8s-entando-k8s-keycloa-fq9n2-1[0m stage [32mfrom-build-pack[0m and container [32mstep-setup-builder-home[0m
Unable to retrieve container logs for docker://1546c7f65396d273c442733f17193f1d1bff3d2025d012123e032a6a10267233

Showing logs for build [32mentando-k8s-entando-k8s-keycloa-fq9n2-1[0m stage [32mfrom-build-pack[0m and container [32mstep-git-merge[0m
Unable to retrieve container logs for docker://ab57d41e98c3037256c18a1c6c2edc4b08d222c4db4a3c7066d0b59986b79677

Showing logs for build [32mentando-k8s-entando-k8s-keycloa-fq9n2-1[0m stage [32mfrom-build-pack[0m and container [32mstep-build-set-version[0m
Unable to retrieve container logs for docker://8b396d2fae615c5727b260c8095d963f0122fede1206997a4096024427642d53

Showing logs for build [32mentando-k8s-entando-k8s-keycloa-fq9n2-1[0m stage [32mfrom-build-pack[0m and container [32mstep-build-fix-git-for-sonar[0m
Unable to retrieve container logs for docker://77883777c2de8507fe6c53b6784c7132c60bc7dc76d9fe14cc0cf82dd8649a12

Showing logs for build [32mentando-k8s-entando-k8s-keycloa-fq9n2-1[0m stage [32mfrom-build-pack[0m and container [32mstep-build-mvn-verify-pr[0m
Unable to retrieve container logs for docker://e99060a0fb70ca4ab0f08cbfc6c3fb4959643251df229268b070daf5a9ecbfaa
[31m
Pipeline failed on stage 'from-build-pack' : container 'step-build-mvn-verify-pr'. The execution of the pipeline has stopped.[0m
