
Showing logs for build [32mentando-k8s-entando-k8s-keycloa-bzcxb-2[0m stage [32mfrom-build-pack[0m and container [32mcredential-initializer[0m
Unable to retrieve container logs for docker://ec0b8fdfe873f4424cd9033419b5e50fc9cac54c44966172c0557f8c893ca072

Showing logs for build [32mentando-k8s-entando-k8s-keycloa-bzcxb-2[0m stage [32mfrom-build-pack[0m and container [32mworking-dir-initializer[0m
Unable to retrieve container logs for docker://11c28c4a8b0e570287bf46bb454ead047178893960171c1e059711ffe2df7d1d

Showing logs for build [32mentando-k8s-entando-k8s-keycloa-bzcxb-2[0m stage [32mfrom-build-pack[0m and container [32mplace-tools[0m
Unable to retrieve container logs for docker://16f1379492d90d1afbd0ec7cca989cac8a88114b0fe916e7cf30624347353a93

Showing logs for build [32mentando-k8s-entando-k8s-keycloa-bzcxb-2[0m stage [32mfrom-build-pack[0m and container [32mstep-git-source-entando-k8s-entando-k8s-keycloa-bzcxb-8nzvt[0m
Unable to retrieve container logs for docker://61a86005131fb43c33d3b60584d58667cdf31620c0130e1f26ffdfde746aaa43

Showing logs for build [32mentando-k8s-entando-k8s-keycloa-bzcxb-2[0m stage [32mfrom-build-pack[0m and container [32mstep-setup-builder-home[0m
Unable to retrieve container logs for docker://03fdb7d61016d447c6511a9edfdeb76a86cbdb1e8dd75a44f9ac962bf8cbba3e

Showing logs for build [32mentando-k8s-entando-k8s-keycloa-bzcxb-2[0m stage [32mfrom-build-pack[0m and container [32mstep-git-merge[0m
Unable to retrieve container logs for docker://6a00d5f466483b052a174b719709fd5c052fbfc3ac8a8422508abf03a33b6a5c

Showing logs for build [32mentando-k8s-entando-k8s-keycloa-bzcxb-2[0m stage [32mfrom-build-pack[0m and container [32mstep-build-set-version[0m
Unable to retrieve container logs for docker://898cd3d4de56d6093a2fe8264445511b35afb9ee92305d0e211d43bc70528a06

Showing logs for build [32mentando-k8s-entando-k8s-keycloa-bzcxb-2[0m stage [32mfrom-build-pack[0m and container [32mstep-build-fix-git-for-sonar[0m
Unable to retrieve container logs for docker://30db11ae76943047d58c10ebd70f6466e48156a03966e4595518d0288e54d60f

Showing logs for build [32mentando-k8s-entando-k8s-keycloa-bzcxb-2[0m stage [32mfrom-build-pack[0m and container [32mstep-build-mvn-verify-pr[0m
Unable to retrieve container logs for docker://ecc40b212090bf6d4f41f8c5cdf4c875aeacfadea780630f1987becf106bff47
[31m
Pipeline failed on stage 'from-build-pack' : container 'step-build-mvn-verify-pr'. The execution of the pipeline has stopped.[0m
