
Showing logs for build [32mentando-k8s-entando-k8s-keycloa-j8pfm-3[0m stage [32mfrom-build-pack[0m and container [32mcredential-initializer[0m
Unable to retrieve container logs for docker://72fab1ba7e0aa906454405cca97fa71bb7fc9cb35ad8416d29672ea77f3a0635

Showing logs for build [32mentando-k8s-entando-k8s-keycloa-j8pfm-3[0m stage [32mfrom-build-pack[0m and container [32mworking-dir-initializer[0m
Unable to retrieve container logs for docker://fd58ca8b16b8362f0964a78ad46ce032eaf93f4ac181f668b8f6776950957b73

Showing logs for build [32mentando-k8s-entando-k8s-keycloa-j8pfm-3[0m stage [32mfrom-build-pack[0m and container [32mplace-tools[0m
Unable to retrieve container logs for docker://bc67a5bb375d3a5692e596c31d3d065c9a2cdbd9c488965b1d681fb1f26f1143

Showing logs for build [32mentando-k8s-entando-k8s-keycloa-j8pfm-3[0m stage [32mfrom-build-pack[0m and container [32mstep-git-source-entando-k8s-entando-k8s-keycloa-j8pfm-d7f9w[0m
Unable to retrieve container logs for docker://8617f992a36a4152853a692e36808d2c5276c01242410022753360b1a678747c

Showing logs for build [32mentando-k8s-entando-k8s-keycloa-j8pfm-3[0m stage [32mfrom-build-pack[0m and container [32mstep-setup-builder-home[0m
Unable to retrieve container logs for docker://d7ac8e6eddde197351d88fdf08a25d27e2c18f655796a26d11ac53069be5ee60

Showing logs for build [32mentando-k8s-entando-k8s-keycloa-j8pfm-3[0m stage [32mfrom-build-pack[0m and container [32mstep-git-merge[0m
Unable to retrieve container logs for docker://2e2c2ae31f91f84d5e789c5f814c4b3b2d795ff0e83c0214d36a8c0d3ec2fe16

Showing logs for build [32mentando-k8s-entando-k8s-keycloa-j8pfm-3[0m stage [32mfrom-build-pack[0m and container [32mstep-build-set-version[0m
Unable to retrieve container logs for docker://069d696be5be5b0d3da92cb61bbb5b347c815a8048aef2720367763a06874606

Showing logs for build [32mentando-k8s-entando-k8s-keycloa-j8pfm-3[0m stage [32mfrom-build-pack[0m and container [32mstep-build-fix-git-for-sonar[0m
Unable to retrieve container logs for docker://791b2624c8ca2d2c7bf8527a0115c46c9c21e008dd1c846bcce652cb463fef59

Showing logs for build [32mentando-k8s-entando-k8s-keycloa-j8pfm-3[0m stage [32mfrom-build-pack[0m and container [32mstep-build-mvn-verify-pr[0m
Unable to retrieve container logs for docker://3e23b11eb26d3f1d4a931178a7b34c21b28e9a93d8580c687c15edd589b3955d
[31m
Pipeline failed on stage 'from-build-pack' : container 'step-build-mvn-verify-pr'. The execution of the pipeline has stopped.[0m
