
Showing logs for build [32mentando-k8s-entando-k8s-keycloa-ppwsh-4[0m stage [32mfrom-build-pack[0m and container [32mcredential-initializer[0m
Unable to retrieve container logs for docker://956dc7c0d40d6155be768a493b55f853b25e3ba7a367564fc2c592f0aa5cea19

Showing logs for build [32mentando-k8s-entando-k8s-keycloa-ppwsh-4[0m stage [32mfrom-build-pack[0m and container [32mworking-dir-initializer[0m
Unable to retrieve container logs for docker://960a0b9e64260f219f8166ee7d567537abe9fcac7b09a3571ad32784facd2f3c

Showing logs for build [32mentando-k8s-entando-k8s-keycloa-ppwsh-4[0m stage [32mfrom-build-pack[0m and container [32mplace-tools[0m
Unable to retrieve container logs for docker://34c8c99bdda27123ee37b2b52aaa521e9cb3fbdc113e8e18adf6ff73a9e0627c

Showing logs for build [32mentando-k8s-entando-k8s-keycloa-ppwsh-4[0m stage [32mfrom-build-pack[0m and container [32mstep-git-source-entando-k8s-entando-k8s-keycloa-ppwsh-v2bnk[0m
Unable to retrieve container logs for docker://69d89b095b1cd640ef12bd2eeb7a674584e9ae7b35f6cb7052d64fd243bf9a78

Showing logs for build [32mentando-k8s-entando-k8s-keycloa-ppwsh-4[0m stage [32mfrom-build-pack[0m and container [32mstep-setup-builder-home[0m
Unable to retrieve container logs for docker://c410f567d96e393a47e5ec71098100246923d63a6577ee677eabd9bc5406b43b

Showing logs for build [32mentando-k8s-entando-k8s-keycloa-ppwsh-4[0m stage [32mfrom-build-pack[0m and container [32mstep-git-merge[0m
Unable to retrieve container logs for docker://073f03d1b5a7be6f97deeffe07c7482dce2876dc6736c77e9fbb3516e19a8c48

Showing logs for build [32mentando-k8s-entando-k8s-keycloa-ppwsh-4[0m stage [32mfrom-build-pack[0m and container [32mstep-build-set-version[0m
Unable to retrieve container logs for docker://753274f43bd84b21b5958784650f240859f7782c89a0f01c16c0580a204fa57f

Showing logs for build [32mentando-k8s-entando-k8s-keycloa-ppwsh-4[0m stage [32mfrom-build-pack[0m and container [32mstep-build-fix-git-for-sonar[0m
Unable to retrieve container logs for docker://6d973e2cc7d1de22815a1631c2f6c52b13e2014215a8ce56f2c591c2d7d4ed4d

Showing logs for build [32mentando-k8s-entando-k8s-keycloa-ppwsh-4[0m stage [32mfrom-build-pack[0m and container [32mstep-build-mvn-verify-pr[0m
Unable to retrieve container logs for docker://ba42b6b7fd1e36013515b4391b10c94c1576b1ca0725a00dc8e5783d5b671555
[31m
Pipeline failed on stage 'from-build-pack' : container 'step-build-mvn-verify-pr'. The execution of the pipeline has stopped.[0m
