
Showing logs for build [32mentando-k8s-entando-k8s-keycloa-lv9fq-5[0m stage [32mfrom-build-pack[0m and container [32mcredential-initializer[0m
Unable to retrieve container logs for docker://d89951211bc9462292258f29eac81b49948ce2a37192fb778c3d095ae12f473d

Showing logs for build [32mentando-k8s-entando-k8s-keycloa-lv9fq-5[0m stage [32mfrom-build-pack[0m and container [32mworking-dir-initializer[0m
Unable to retrieve container logs for docker://2d42ad3d4fd64b288c13931a7bd820313bcd8b586c01fa49b42ff57832e2af0c

Showing logs for build [32mentando-k8s-entando-k8s-keycloa-lv9fq-5[0m stage [32mfrom-build-pack[0m and container [32mplace-tools[0m
Unable to retrieve container logs for docker://b02829d64e88c35c495e71530d467e46206e7d65ad0c5f18a312cf1e80d9a061

Showing logs for build [32mentando-k8s-entando-k8s-keycloa-lv9fq-5[0m stage [32mfrom-build-pack[0m and container [32mstep-git-source-entando-k8s-entando-k8s-keycloa-lv9fq-9sknr[0m
Unable to retrieve container logs for docker://0c086b2102bb0529269ba7c86cc2691d2a24874341c03d45a031dd165d04a301

Showing logs for build [32mentando-k8s-entando-k8s-keycloa-lv9fq-5[0m stage [32mfrom-build-pack[0m and container [32mstep-setup-builder-home[0m
Unable to retrieve container logs for docker://74b7bea56890fa01a4635ba4d003f708918cc15a29e9d90e49022c1c0927274f

Showing logs for build [32mentando-k8s-entando-k8s-keycloa-lv9fq-5[0m stage [32mfrom-build-pack[0m and container [32mstep-git-merge[0m
Unable to retrieve container logs for docker://52b06c14c622dc6faf8a6e91243d1f31105e86b77bb5174b6979b7d59a82205d

Showing logs for build [32mentando-k8s-entando-k8s-keycloa-lv9fq-5[0m stage [32mfrom-build-pack[0m and container [32mstep-build-set-version[0m
Unable to retrieve container logs for docker://abffd2335a465276f3893cade2444c765b5409a2adf4b4264b7fcae448e0022c

Showing logs for build [32mentando-k8s-entando-k8s-keycloa-lv9fq-5[0m stage [32mfrom-build-pack[0m and container [32mstep-build-fix-git-for-sonar[0m
Unable to retrieve container logs for docker://9855783f72b20e3afc132b291d6c71599b2b15d667e2725869ce60db2b77712c

Showing logs for build [32mentando-k8s-entando-k8s-keycloa-lv9fq-5[0m stage [32mfrom-build-pack[0m and container [32mstep-build-mvn-verify-pr[0m
Unable to retrieve container logs for docker://b59798431890920d03053cd6fb08b324abbefff7889b4e0d664e2abc6c379a3a
[31m
Pipeline failed on stage 'from-build-pack' : container 'step-build-mvn-verify-pr'. The execution of the pipeline has stopped.[0m
