
Showing logs for build [32mentando-k8s-entando-k8s-keycloa-mzx6l-6[0m stage [32mfrom-build-pack[0m and container [32mcredential-initializer[0m
Unable to retrieve container logs for docker://1770feab03bd4b46b98ccb066460f05473580d8374616d13fedf01259c348649

Showing logs for build [32mentando-k8s-entando-k8s-keycloa-mzx6l-6[0m stage [32mfrom-build-pack[0m and container [32mworking-dir-initializer[0m
Unable to retrieve container logs for docker://3a0eac8ba6feee22de343024fc869c240d92e94e6d9df0537edca4052e845516

Showing logs for build [32mentando-k8s-entando-k8s-keycloa-mzx6l-6[0m stage [32mfrom-build-pack[0m and container [32mplace-tools[0m
Unable to retrieve container logs for docker://6f3803fc36829a56831c4cc7dbe1c94570d4ede9648cdc56be62f27d7a562e7b

Showing logs for build [32mentando-k8s-entando-k8s-keycloa-mzx6l-6[0m stage [32mfrom-build-pack[0m and container [32mstep-git-source-entando-k8s-entando-k8s-keycloa-mzx6l-h6dp5[0m
Unable to retrieve container logs for docker://b9bc7e00383d2d37de10bc0aa2169138e69f7f0251e42638b8d5184685af9124

Showing logs for build [32mentando-k8s-entando-k8s-keycloa-mzx6l-6[0m stage [32mfrom-build-pack[0m and container [32mstep-setup-builder-home[0m
Unable to retrieve container logs for docker://5fda3e99dc2a36534c4faf51ed4ccd1cae70c681101b4674ebaeade09c12eb33

Showing logs for build [32mentando-k8s-entando-k8s-keycloa-mzx6l-6[0m stage [32mfrom-build-pack[0m and container [32mstep-git-merge[0m
Unable to retrieve container logs for docker://842bc4ce187b04386548ab08ac9e6e7d964ee921349eae4db2aa94cbee3e1e47

Showing logs for build [32mentando-k8s-entando-k8s-keycloa-mzx6l-6[0m stage [32mfrom-build-pack[0m and container [32mstep-build-set-version[0m
Unable to retrieve container logs for docker://03e2df4178d38e0c8402fbbbf75e8c6ccbe89a8da925d25eb33c9f8ba5a3de1e

Showing logs for build [32mentando-k8s-entando-k8s-keycloa-mzx6l-6[0m stage [32mfrom-build-pack[0m and container [32mstep-build-fix-git-for-sonar[0m
Unable to retrieve container logs for docker://767207e45834d26e20fa3831139e5156ff67755a91c684585bd3c1f32a2be86d

Showing logs for build [32mentando-k8s-entando-k8s-keycloa-mzx6l-6[0m stage [32mfrom-build-pack[0m and container [32mstep-build-mvn-verify-pr[0m
Unable to retrieve container logs for docker://12047e724eee9977f98de685aab4d24ef5af35e322649c0940fb9d246138f62a

Showing logs for build [32mentando-k8s-entando-k8s-keycloa-mzx6l-6[0m stage [32mfrom-build-pack[0m and container [32mstep-build-container-build[0m
Unable to retrieve container logs for docker://96644aad062af672f63e416f2aa4a41599294c9a23260b2a2eccda5d44cc4f18

Showing logs for build [32mentando-k8s-entando-k8s-keycloa-mzx6l-6[0m stage [32mfrom-build-pack[0m and container [32mstep-postbuild-post-build[0m
Unable to retrieve container logs for docker://4a342592e2eafa01a28f96f96997420e77f78235868eb02cbfc2b00003d3f10f

Showing logs for build [32mentando-k8s-entando-k8s-keycloa-mzx6l-6[0m stage [32mfrom-build-pack[0m and container [32mstep-promote-make-preview[0m
Unable to retrieve container logs for docker://e9753c1ff0849b647521ac9798be2115a9430a852a020b3927667414d7661d07
[31m
Pipeline failed on stage 'from-build-pack' : container 'step-promote-make-preview'. The execution of the pipeline has stopped.[0m
