
Showing logs for build [32mentando-k8s-entando-k8s-keycloa-96mmm-7[0m stage [32mfrom-build-pack[0m and container [32mcredential-initializer[0m
Unable to retrieve container logs for docker://82c8dbc14ad3345989db5ca80572ae5b379654bd57713208d8545d0571b3a043

Showing logs for build [32mentando-k8s-entando-k8s-keycloa-96mmm-7[0m stage [32mfrom-build-pack[0m and container [32mworking-dir-initializer[0m
Unable to retrieve container logs for docker://b6f7a2e0d9866d76e013dfbfa9193446ece924eb2991e4059d8426fd6dcf0868

Showing logs for build [32mentando-k8s-entando-k8s-keycloa-96mmm-7[0m stage [32mfrom-build-pack[0m and container [32mplace-tools[0m
Unable to retrieve container logs for docker://bd1c06e1244e27016c72d4c161e21505a495bf1ba6d8e01b7bf7104fedaf9e6f

Showing logs for build [32mentando-k8s-entando-k8s-keycloa-96mmm-7[0m stage [32mfrom-build-pack[0m and container [32mstep-git-source-entando-k8s-entando-k8s-keycloa-96mmm-8mjs4[0m
Unable to retrieve container logs for docker://a35d2ac006d2cb3a84a2147a7ca2fb311be601f4b2b073678da8bd3b45633d16

Showing logs for build [32mentando-k8s-entando-k8s-keycloa-96mmm-7[0m stage [32mfrom-build-pack[0m and container [32mstep-setup-builder-home[0m
Unable to retrieve container logs for docker://2572ed402a04d75c4a45369d8218a07676e3bdf7b089e0365460569d7be48e38

Showing logs for build [32mentando-k8s-entando-k8s-keycloa-96mmm-7[0m stage [32mfrom-build-pack[0m and container [32mstep-git-merge[0m
Unable to retrieve container logs for docker://8bd33c420c3f6c646907fa397551db110027fdd9d3acb0583e60836419152e77

Showing logs for build [32mentando-k8s-entando-k8s-keycloa-96mmm-7[0m stage [32mfrom-build-pack[0m and container [32mstep-build-set-version[0m
Unable to retrieve container logs for docker://76d50cd4491b856214204715324f2372c87d8560221bb421258c74a47e36796e

Showing logs for build [32mentando-k8s-entando-k8s-keycloa-96mmm-7[0m stage [32mfrom-build-pack[0m and container [32mstep-build-fix-git-for-sonar[0m
Unable to retrieve container logs for docker://a04b6b6e87b05e22ee968fcf7f41813b75466d3dc371a3560836981565905003

Showing logs for build [32mentando-k8s-entando-k8s-keycloa-96mmm-7[0m stage [32mfrom-build-pack[0m and container [32mstep-build-mvn-verify-pr[0m
Unable to retrieve container logs for docker://e8c89b0ea85d4d3a7c0bc0894aa7e07cff4726f50d4bb26c4969c06dedfaf73e

Showing logs for build [32mentando-k8s-entando-k8s-keycloa-96mmm-7[0m stage [32mfrom-build-pack[0m and container [32mstep-build-container-build[0m
Unable to retrieve container logs for docker://71e38ed454e9851b0543f7be7e66eb21bf8eac9015ffc418d3b351e9be3d2211

Showing logs for build [32mentando-k8s-entando-k8s-keycloa-96mmm-7[0m stage [32mfrom-build-pack[0m and container [32mstep-postbuild-post-build[0m
Unable to retrieve container logs for docker://2ddf452115247a10eea4a07e2835924ce62f99a850fcf67a7e8bc533c635f941

Showing logs for build [32mentando-k8s-entando-k8s-keycloa-96mmm-7[0m stage [32mfrom-build-pack[0m and container [32mstep-promote-make-preview[0m
Unable to retrieve container logs for docker://7de2d7b7bfd30e1d73ae2de7ae870307b019f12f147ed1363738d41480a17f34
[31m
Pipeline failed on stage 'from-build-pack' : container 'step-promote-make-preview'. The execution of the pipeline has stopped.[0m
