
Showing logs for build [32mentando-k8s-entando-k8s-custom-vgfhv-1[0m stage [32mfrom-build-pack[0m and container [32mcredential-initializer[0m
Unable to retrieve container logs for docker://1f7875a9d8514b6a89d8fa912b249d399f5b8b278c923b2095ba8d0e54ceef05

Showing logs for build [32mentando-k8s-entando-k8s-custom-vgfhv-1[0m stage [32mfrom-build-pack[0m and container [32mworking-dir-initializer[0m
Unable to retrieve container logs for docker://66566c2d60f2210e2b14950ecdd09908abfed84d6d23ec1ba5d195f1a4af2679

Showing logs for build [32mentando-k8s-entando-k8s-custom-vgfhv-1[0m stage [32mfrom-build-pack[0m and container [32mplace-tools[0m
Unable to retrieve container logs for docker://a78c7d8e8660692804e7bbf8e4a01f28e56afa8f9213c612c8ff15e42d005a3c

Showing logs for build [32mentando-k8s-entando-k8s-custom-vgfhv-1[0m stage [32mfrom-build-pack[0m and container [32mstep-git-source-entando-k8s-entando-k8s-custom-vgfhv-vnwm5[0m
Unable to retrieve container logs for docker://3816d5da047c7202bd9ae7efe69b65452843d39958a7324dcb4e607c2781bb70

Showing logs for build [32mentando-k8s-entando-k8s-custom-vgfhv-1[0m stage [32mfrom-build-pack[0m and container [32mstep-setup-builder-home[0m
Unable to retrieve container logs for docker://ddb104b21c137326250d5f12c9748b7dfa0843113d6dbc6b349096288b62a513

Showing logs for build [32mentando-k8s-entando-k8s-custom-vgfhv-1[0m stage [32mfrom-build-pack[0m and container [32mstep-git-merge[0m
Unable to retrieve container logs for docker://46a63b49ab0a4e17d3dbb9a10efd2c1239a1d301f78abd599babf1af1a5d2920

Showing logs for build [32mentando-k8s-entando-k8s-custom-vgfhv-1[0m stage [32mfrom-build-pack[0m and container [32mstep-build-set-version[0m
Unable to retrieve container logs for docker://8560be2121d328302626becf8410953b26f6bc61c8411405eddb929dc365c951

Showing logs for build [32mentando-k8s-entando-k8s-custom-vgfhv-1[0m stage [32mfrom-build-pack[0m and container [32mstep-build-fix-git-for-sonar[0m
Unable to retrieve container logs for docker://38e17436ea44787fb7a3f2b6f9364b1aded19c4657a9815163d45f1ebff9cc35

Showing logs for build [32mentando-k8s-entando-k8s-custom-vgfhv-1[0m stage [32mfrom-build-pack[0m and container [32mstep-build-mvn-verify-pr[0m
Unable to retrieve container logs for docker://8abdf697b83feb451798d0cc11725d121159ed0d797058138b63480a7f4bf834
[31m
Pipeline failed on stage 'from-build-pack' : container 'step-build-mvn-verify-pr'. The execution of the pipeline has stopped.[0m
