
Showing logs for build [32mentando-k8s-entando-k8s-app-con-hkrmw-3[0m stage [32mfrom-build-pack[0m and container [32mcredential-initializer[0m
Unable to retrieve container logs for docker://645d7dbb2daf6652e6da9458341be26b0df44017eb587d7b79b18a5223fa7c32

Showing logs for build [32mentando-k8s-entando-k8s-app-con-hkrmw-3[0m stage [32mfrom-build-pack[0m and container [32mworking-dir-initializer[0m
Unable to retrieve container logs for docker://fc7a669a822c2976d9b74b4d7b25155c396829530ec0056249492d4231431d72

Showing logs for build [32mentando-k8s-entando-k8s-app-con-hkrmw-3[0m stage [32mfrom-build-pack[0m and container [32mplace-tools[0m
Unable to retrieve container logs for docker://95add9dfb3aeb7124ac9dd2f383bf01b5d762f5bcc41d930150dcd4035ba5932

Showing logs for build [32mentando-k8s-entando-k8s-app-con-hkrmw-3[0m stage [32mfrom-build-pack[0m and container [32mstep-git-source-entando-k8s-entando-k8s-app-con-hkrmw-m7c66[0m
Unable to retrieve container logs for docker://85520b151703ea10b249a6c2d3a08378027bed30f7f42f5402837e6c0998e802

Showing logs for build [32mentando-k8s-entando-k8s-app-con-hkrmw-3[0m stage [32mfrom-build-pack[0m and container [32mstep-setup-builder-home[0m
Unable to retrieve container logs for docker://6b43948406890f5f7523b24ae73d030d2efaff39c0f6b46c95946e28e7378809

Showing logs for build [32mentando-k8s-entando-k8s-app-con-hkrmw-3[0m stage [32mfrom-build-pack[0m and container [32mstep-git-merge[0m
Unable to retrieve container logs for docker://230b6b687d7b497e3c958b4a84e66848b639f3ac670e8f0bd615fc321bee2e13

Showing logs for build [32mentando-k8s-entando-k8s-app-con-hkrmw-3[0m stage [32mfrom-build-pack[0m and container [32mstep-setup-jx-git-credentials[0m
Unable to retrieve container logs for docker://0e09674fcae3796ab0f9e2b725431f37185ab3e937cb372c33d035df2336f31c

Showing logs for build [32mentando-k8s-entando-k8s-app-con-hkrmw-3[0m stage [32mfrom-build-pack[0m and container [32mstep-build-fetch-history-for-sonar[0m
Unable to retrieve container logs for docker://80d0205c9d6c515fc06e65b520fc65723dc37e05ad04e57ac2c6d5ae09686b55

Showing logs for build [32mentando-k8s-entando-k8s-app-con-hkrmw-3[0m stage [32mfrom-build-pack[0m and container [32mstep-build-mvn-deploy-release[0m
Unable to retrieve container logs for docker://f38e249e50faf17040a32663d631322d3be17c52de4ba1669aee05fdaf5cc814

Showing logs for build [32mentando-k8s-entando-k8s-app-con-hkrmw-3[0m stage [32mfrom-build-pack[0m and container [32mstep-build-container-build[0m
Unable to retrieve container logs for docker://ef1acbbee012fc1df2eca2cc8db11c514ed306817eec8f741f9db02239e5784f

Showing logs for build [32mentando-k8s-entando-k8s-app-con-hkrmw-3[0m stage [32mfrom-build-pack[0m and container [32mstep-postbuild-post-build[0m
Unable to retrieve container logs for docker://0713e66ac6216e6355ce8ead94adaf46ade0dd02eabb2a3caf7491d9e0aaaf1d

Showing logs for build [32mentando-k8s-entando-k8s-app-con-hkrmw-3[0m stage [32mfrom-build-pack[0m and container [32mstep-promote-changelog[0m
Unable to retrieve container logs for docker://c18d2f1f79703124670e9864c1ccbf437a4bda192d8dcd3ac2e6b44765c5713c

Showing logs for build [32mentando-k8s-entando-k8s-app-con-hkrmw-3[0m stage [32mfrom-build-pack[0m and container [32mstep-promote-update-image-map[0m
Unable to retrieve container logs for docker://018358da0b5be81a03f4ecd983df994dd1792d132f1a4b57541abe823c16e426
