
Showing logs for build [32mentando-k8s-entando-de-app-pr-2-2wr86-2[0m stage [32mfrom-build-pack[0m and container [32mcredential-initializer[0m
Unable to retrieve container logs for docker://b8438224d7947058670177763932421f5d56c9f6b08033508fb79b68bd794c24

Showing logs for build [32mentando-k8s-entando-de-app-pr-2-2wr86-2[0m stage [32mfrom-build-pack[0m and container [32mworking-dir-initializer[0m
Unable to retrieve container logs for docker://e2132db7b9da8340f1687fe1a88ec3097531f2df39d1764dff267c91bd9a7820

Showing logs for build [32mentando-k8s-entando-de-app-pr-2-2wr86-2[0m stage [32mfrom-build-pack[0m and container [32mplace-tools[0m
Unable to retrieve container logs for docker://bc1cbb45d272395fcb80a2e5d6df796adcfe733d36c2791d8b11c32553148571

Showing logs for build [32mentando-k8s-entando-de-app-pr-2-2wr86-2[0m stage [32mfrom-build-pack[0m and container [32mstep-git-source-entando-k8s-entando-de-app-pr-2-2wr86-xtpsq[0m
Unable to retrieve container logs for docker://f05eba5db800f867aff6dce0065c9f6260bb1c0fd368ec0da61038904a463b13

Showing logs for build [32mentando-k8s-entando-de-app-pr-2-2wr86-2[0m stage [32mfrom-build-pack[0m and container [32mstep-setup-builder-home[0m
Unable to retrieve container logs for docker://cd50e04877375d251376f99e4855b20aafd14860da0b9a16b11a2c15c8ccb452

Showing logs for build [32mentando-k8s-entando-de-app-pr-2-2wr86-2[0m stage [32mfrom-build-pack[0m and container [32mstep-git-merge[0m
Unable to retrieve container logs for docker://5800b7054466506c3ac19fa54b9fa93abdfc3c8755b55b76fc7bb6e473739a4c

Showing logs for build [32mentando-k8s-entando-de-app-pr-2-2wr86-2[0m stage [32mfrom-build-pack[0m and container [32mstep-build-set-version[0m
Unable to retrieve container logs for docker://d0b9b87cbcf24447eab7bda543df874f70b5062c31cdc71f9a6be97eb6ceeb67

Showing logs for build [32mentando-k8s-entando-de-app-pr-2-2wr86-2[0m stage [32mfrom-build-pack[0m and container [32mstep-build-mvn-verify[0m
Unable to retrieve container logs for docker://5278280b20c73e4de8400b020f0cf636dd51c30404092c718d7e4314ccc22b0d

Showing logs for build [32mentando-k8s-entando-de-app-pr-2-2wr86-2[0m stage [32mfrom-build-pack[0m and container [32mstep-build-container-build[0m
Unable to retrieve container logs for docker://630485302b66897424a9a015cda0ed66648a98ec3bdd442817cf07ce49f4153f

Showing logs for build [32mentando-k8s-entando-de-app-pr-2-2wr86-2[0m stage [32mfrom-build-pack[0m and container [32mstep-postbuild-post-build[0m
Unable to retrieve container logs for docker://ee52655144eb8a73e2919b2de7382607c890fdd412385f5a99bc1f9097b94867
